  {
    "input": {
      "type": "log"
    },
    "agent": {
      "ip": "172.21.4.242",
      "name": "BH0101",
      "id": "031"
    },
    "manager": {
      "name": "wazuh.manager"
    },
    "data": {
      "sca": {
        "score": "30",
        "total_checks": "394",
        "file": "cis_win10_enterprise.yml",
        "policy_id": "cis_win10_enterprise",
        "invalid": "4",
        "description": "This document provides prescriptive guidance for establishing a secure configuration posture for Microsoft Windows 10 Enterprise.",
        "scan_id": "1442922743",
        "passed": "120",
        "failed": "270",
        "type": "summary",
        "policy": "CIS Microsoft Windows 10 Enterprise Benchmark v1.12.0"
      }
    },
    "rule": {
      "firedtimes": 1,
      "mail": false,
      "level": 7,
      "pci_dss": [
        "2.2"
      ],
      "tsc": [
        "CC7.1",
        "CC7.2"
      ],
      "description": "SCA summary: CIS Microsoft Windows 10 Enterprise Benchmark v1.12.0: Score less than 50% (30)",
      "groups": [
        "sca"
      ],
      "id": "19004",
      "nist_800_53": [
        "CM.1"
      ],
      "gdpr": [
        "IV_35.7.d"
      ]
    },
    "location": "sca",
    "decoder": {
      "name": "sca"
    },
    "id": "1779791431.22119025",
    "timestamp": "2026-05-26T10:30:31.238+0000"
  },
  {
    "input": {
      "type": "log"
    },
    "agent": {
      "ip": "172.21.4.242",
      "name": "BH0101",
      "id": "031"
    },
    "manager": {
      "name": "wazuh.manager"
    },
    "data": {
      "win": {
        "eventdata": {
          "data": "2126-05-02T10:30:27Z, RulesEngine"
        },
        "system": {
          "eventID": "16384",
          "eventSourceName": "Software Protection Platform Service",
          "keywords": "0x80000000000000",
          "providerGuid": "{E23B33B0-C8C9-472C-A5F9-F2BDFEA0F156}",
          "level": "4",
          "channel": "Application",
          "opcode": "0",
          "message": "\"Der Softwareschutzdienst wurde erfolgreich für den erneuten Start bei 2126-05-02T10:30:27Z geplant. Grund: RulesEngine.\"",
          "version": "0",
          "systemTime": "2026-05-26T10:30:27.7486124Z",
          "eventRecordID": "171527",
          "threadID": "0",
          "computer": "BH0101.arzw.local",
          "task": "0",
          "processID": "0",
          "severityValue": "INFORMATION",
          "providerName": "Microsoft-Windows-Security-SPP"
        }
      }
    },
    "rule": {
      "firedtimes": 81,
      "mail": false,
      "level": 3,
      "description": "Software protection service scheduled successfully.",
      "groups": [
        "windows",
        "windows_application"
      ],
      "id": "60642"
    },
    "location": "EventChannel",
    "decoder": {
      "name": "windows_eventchannel"
    },
    "id": "1779791430.22117408",
    "timestamp": "2026-05-26T10:30:30.716+0000"
  },
  {
    "input": {
      "type": "log"
    },
    "agent": {
      "ip": "172.21.4.242",
      "name": "BH0101",
      "id": "031"
    },
    "manager": {
      "name": "wazuh.manager"
    },
    "data": {
      "sca": {
        "scan_id": "1442922743",
        "check": {
          "result": "failed",
          "remediation": "To establish the recommended configuration via GP, configure the following UI path: Computer Configuration\\Policies\\Windows Settings\\Security Settings\\Local Policies\\Security Options\\Accounts: Rename guest account",
          "previous_result": "passed",
          "compliance": {
            "cis_csc": "4.7",
            "cis": "2.3.1.6"
          },
          "description": "The built-in local guest account is another well-known name to attackers. It is recommended to rename this account to something that does not indicate its purpose. Even if you disable this account, which is recommended, ensure that you rename it for added security.",
          "id": "15514",
          "title": "Configure 'Accounts: Rename guest account'.",
          "rationale": "The Guest account exists on all computers that run the Windows 2000 or newer operating systems. If you rename this account, it is slightly more difficult for unauthorized persons to guess this privileged user name and password combination.",
          "command": [
            "net user"
          ]
        },
        "type": "check",
        "policy": "CIS Microsoft Windows 10 Enterprise Benchmark v1.12.0"
      }
    },
    "rule": {
      "firedtimes": 2,
      "mail": false,
      "level": 9,
      "pci_dss": [
        "2.2"
      ],
      "tsc": [
        "CC7.1",
        "CC7.2"
      ],
      "cis_csc": [
        "4.7"
      ],
      "description": "CIS Microsoft Windows 10 Enterprise Benchmark v1.12.0: Configure 'Accounts: Rename guest account'.: Status changed from passed to failed",
      "groups": [
        "sca"
      ],
      "id": "19011",
      "cis": [
        "2.3.1.6"
      ],
      "nist_800_53": [
        "CM.1"
      ],
      "gdpr": [
        "IV_35.7.d"
      ]
    },
    "location": "sca",
    "decoder": {
      "name": "sca"
    },
    "id": "1779791416.22114614",
    "timestamp": "2026-05-26T10:30:16.241+0000"
  },
  {
    "input": {
      "type": "log"
    },
    "agent": {
      "ip": "172.21.4.242",
      "name": "BH0101",
      "id": "031"
    },
    "manager": {
      "name": "wazuh.manager"
    },
    "data": {
      "sca": {
        "scan_id": "1442922743",
        "check": {
          "result": "failed",
          "remediation": "To establish the recommended configuration via GP, configure the following UI path: Computer Configuration\\Policies\\Windows Settings\\Security Settings\\Local Policies\\Security Options\\Accounts: Rename administrator account",
          "previous_result": "passed",
          "compliance": {
            "cis_csc": "4.7",
            "cis": "2.3.1.5"
          },
          "description": "The built-in local administrator account is a well-known account name that attackers will target. It is recommended to choose another name for this account, and to avoid names that denote administrative or elevated access accounts. Be sure to also change the default description for the local administrator (through the Computer Management console).",
          "id": "15513",
          "title": "Configure 'Accounts: Rename administrator account'.",
          "rationale": "The Administrator account exists on all computers that run the Windows 2000 or newer operating systems. If you rename this account, it is slightly more difficult for unauthorized persons to guess this privileged user name and password combination. The built-in Administrator account cannot be locked out, regardless of how many times an attacker might use a bad password. This capability makes the Administrator account a popular target for brute force attacks that attempt to guess passwords. The value of this countermeasure is lessened because this account has a well-known SID, and there are third-party tools that allow authentication by using the SID rather than the account name. Therefore, even if you rename the Administrator account, an attacker could launch a brute force attack by using the SID to log on.",
          "command": [
            "net user"
          ]
        },
        "type": "check",
        "policy": "CIS Microsoft Windows 10 Enterprise Benchmark v1.12.0"
      }
    },
    "rule": {
      "firedtimes": 1,
      "mail": false,
      "level": 9,
      "pci_dss": [
        "2.2"
      ],
      "tsc": [
        "CC7.1",
        "CC7.2"
      ],
      "cis_csc": [
        "4.7"
      ],
      "description": "CIS Microsoft Windows 10 Enterprise Benchmark v1.12.0: Configure 'Accounts: Rename administrator account'.: Status changed from passed to failed",
      "groups": [
        "sca"
      ],
      "id": "19011",
      "cis": [
        "2.3.1.5"
      ],
      "nist_800_53": [
        "CM.1"
      ],
      "gdpr": [
        "IV_35.7.d"
      ]
    },
    "location": "sca",
    "decoder": {
      "name": "sca"
    },
    "id": "1779791416.22110454",
    "timestamp": "2026-05-26T10:30:16.226+0000"
  },
  {
    "input": {
      "type": "log"
    },
    "agent": {
      "ip": "172.21.4.242",
      "name": "BH0101",
      "id": "031"
    },
    "manager": {
      "name": "wazuh.manager"
    },
    "data": {
      "sca": {
        "scan_id": "1442922743",
        "check": {
          "result": "passed",
          "remediation": "To establish the recommended configuration via GP, set the following UI path to Disabled: Computer Configuration\\Policies\\Windows Settings\\Security Settings\\Local Policies\\Security Options\\Accounts: Guest account status",
          "previous_result": "failed",
          "compliance": {
            "cis_csc": "4.7",
            "cis": "2.3.1.3"
          },
          "description": "This policy setting determines whether the Guest account is enabled or disabled. The Guest account allows unauthenticated network users to gain access to the system. The recommended state for this setting is: Disabled. Note: This setting will have no impact when applied to the Domain Controllers organizational unit via group policy because Domain Controllers have no local account database. It can be configured at the domain level via group policy, similar to account lockout and password policy settings.",
          "id": "15511",
          "title": "Ensure 'Accounts: Guest account status' is set to 'Disabled'.",
          "rationale": "The default Guest account allows unauthenticated network users to log on as Guest with no password. These unauthorized users could access any resources that are accessible to the Guest account over the network. This capability means that any network shares with permissions that allow access to the Guest account, the Guests group, or the Everyone group will be accessible over the network, which could lead to the exposure or corruption of data.",
          "command": [
            "wmic useraccount where (sid like \"s-1-5-21-%-501\") get Disabled"
          ]
        },
        "type": "check",
        "policy": "CIS Microsoft Windows 10 Enterprise Benchmark v1.12.0"
      }
    },
    "rule": {
      "firedtimes": 5,
      "mail": false,
      "level": 3,
      "pci_dss": [
        "2.2"
      ],
      "tsc": [
        "CC7.1",
        "CC7.2"
      ],
      "cis_csc": [
        "4.7"
      ],
      "description": "CIS Microsoft Windows 10 Enterprise Benchmark v1.12.0: Ensure 'Accounts: Guest account status' is set to 'Disabled'.: Status changed from failed to passed",
      "groups": [
        "sca"
      ],
      "id": "19010",
      "cis": [
        "2.3.1.3"
      ],
      "nist_800_53": [
        "CM.1"
      ],
      "gdpr": [
        "IV_35.7.d"
      ]
    },
    "location": "sca",
    "decoder": {
      "name": "sca"
    },
    "id": "1779791416.22106657",
    "timestamp": "2026-05-26T10:30:16.195+0000"
  },
  {
    "input": {
      "type": "log"
    },
    "agent": {
      "ip": "172.21.4.242",
      "name": "BH0101",
      "id": "031"
    },
    "manager": {
      "name": "wazuh.manager"
    },
    "data": {
      "sca": {
        "scan_id": "1442922743",
        "check": {
          "result": "passed",
          "remediation": "To establish the recommended configuration via GP, set the following UI path to Disabled: Computer Configuration\\Policies\\Windows Settings\\Security Settings\\Local Policies\\Security Options\\Accounts: Administrator account status",
          "previous_result": "failed",
          "compliance": {
            "cis_csc": "4.7",
            "cis": "2.3.1.1"
          },
          "description": "This policy setting enables or disables the Administrator account during normal operation. When a computer is booted into safe mode, the Administrator account is always enabled, regardless of how this setting is configured. Note that this setting will have no impact when applied to the Domain Controllers organizational unit via group policy because Domain Controllers have no local account database. It can be configured at the domain level via group policy, similar to account lockout and password policy settings. The recommended state for this setting is: Disabled.",
          "id": "15509",
          "title": "Ensure 'Accounts: Administrator account status' is set to 'Disabled'.",
          "rationale": "In some organizations, it can be a daunting management challenge to maintain a regular schedule for periodic password changes for local accounts. Therefore, you may want to disable the built-in Administrator account instead of relying on regular password changes to protect it from attack. Another reason to disable this built-in account is that it cannot be locked out no matter how many failed logons it accrues, which makes it a prime target for brute force attacks that attempt to guess passwords. Also, this account has a well-known security identifier (SID) and there are third-party tools that allow authentication by using the SID rather than the account name. This capability means that even if you rename the Administrator account, an attacker could launch a brute force attack by using the SID to log on.",
          "command": [
            "wmic useraccount where (sid like \"s-1-5-21-%-500\") get Disabled"
          ]
        },
        "type": "check",
        "policy": "CIS Microsoft Windows 10 Enterprise Benchmark v1.12.0"
      }
    },
    "rule": {
      "firedtimes": 4,
      "mail": false,
      "level": 3,
      "pci_dss": [
        "2.2"
      ],
      "tsc": [
        "CC7.1",
        "CC7.2"
      ],
      "cis_csc": [
        "4.7"
      ],
      "description": "CIS Microsoft Windows 10 Enterprise Benchmark v1.12.0: Ensure 'Accounts: Administrator account status' is set to 'Disabled'.: Status changed from failed to passed",
      "groups": [
        "sca"
      ],
      "id": "19010",
      "cis": [
        "2.3.1.1"
      ],
      "nist_800_53": [
        "CM.1"
      ],
      "gdpr": [
        "IV_35.7.d"
      ]
    },
    "location": "sca",
    "decoder": {
      "name": "sca"
    },
    "id": "1779791416.22101958",
    "timestamp": "2026-05-26T10:30:16.117+0000"
  },
  {
    "input": {
      "type": "log"
    },
    "agent": {
      "ip": "172.21.4.242",
      "name": "BH0101",
      "id": "031"
    },
    "manager": {
      "name": "wazuh.manager"
    },
    "data": {
      "sca": {
        "scan_id": "1442922743",
        "check": {
          "result": "passed",
          "remediation": "To establish the recommended configuration via GP, set the following UI path to 1 or more day(s): Computer Configuration\\Policies\\Windows Settings\\Security Settings\\Account Policies\\Password Policy\\Minimum password age",
          "previous_result": "failed",
          "compliance": {
            "cis_csc": "5.2",
            "cis": "1.1.3"
          },
          "description": "This policy setting determines the number of days that you must use a password before you can change it. The range of values for this policy setting is between 1 and 999 days. (You may also set the value to 0 to allow immediate password changes.) The default value for this setting is 0 days. The recommended state for this setting is: 1 or more day(s)). Note: Password Policy settings (section 1.1) and Account Lockout Policy settings (section 1.2) must be applied via the Default Domain Policy GPO in order to be globally in effect on domain user accounts as their default behavior. If these settings are configured in another GPO, they will only affect local user accounts on the computers that receive the GPO. However, custom exceptions to the default password policy and account lockout policy rules for specific domain users and/or groups can be defined using Password Settings Objects (PSOs), which are completely separate from Group Policy and most easily configured using Active Directory Administrative Center.",
          "id": "15502",
          "title": "Ensure 'Minimum password age' is set to '1 or more day(s)'.",
          "rationale": "Users may have favorite passwords that they like to use because they are easy to remember and they believe that their password choice is secure from compromise. Unfortunately, passwords are compromised and if an attacker is targeting a specific individual's user account, with foreknowledge of data about that user, reuse of old passwords can cause a security breach. To address password reuse a combination of security settings is required. Using this policy setting with the Enforce password history setting prevents the easy reuse of old passwords. For example, if you configure the Enforce password history setting to ensure that users cannot reuse any of their last 12 passwords, they could change their password 13 times in a few minutes and reuse the password they started with, unless you also configure the Minimum password age setting to a number that is greater than 0. You must configure this policy setting to a number that is greater than 0 for the Enforce password history setting to be effective.",
          "command": [
            "powershell secedit /export /cfg $env:TEMP\\secpol.cfg; Get-Content $env:TEMP\\secpol.cfg | Select-String \"MinimumPasswordAge\"; Remove-Item $env:TEMP\\secpol.cfg"
          ]
        },
        "type": "check",
        "policy": "CIS Microsoft Windows 10 Enterprise Benchmark v1.12.0"
      }
    },
    "rule": {
      "firedtimes": 3,
      "mail": false,
      "level": 3,
      "pci_dss": [
        "2.2"
      ],
      "tsc": [
        "CC7.1",
        "CC7.2"
      ],
      "cis_csc": [
        "5.2"
      ],
      "description": "CIS Microsoft Windows 10 Enterprise Benchmark v1.12.0: Ensure 'Minimum password age' is set to '1 or more day(s)'.: Status changed from failed to passed",
      "groups": [
        "sca"
      ],
      "id": "19010",
      "cis": [
        "1.1.3"
      ],
      "nist_800_53": [
        "CM.1"
      ],
      "gdpr": [
        "IV_35.7.d"
      ]
    },
    "location": "sca",
    "decoder": {
      "name": "sca"
    },
    "id": "1779791415.22095793",
    "timestamp": "2026-05-26T10:30:15.992+0000"
  },
  {
    "input": {
      "type": "log"
    },
    "agent": {
      "ip": "172.21.4.242",
      "name": "BH0101",
      "id": "031"
    },
    "manager": {
      "name": "wazuh.manager"
    },
    "data": {
      "sca": {
        "scan_id": "1442922743",
        "check": {
          "result": "passed",
          "remediation": "To establish the recommended configuration via GP, set the following UI path to 365 or fewer days, but not 0: Computer Configuration\\Policies\\Windows Settings\\Security Settings\\Account Policies\\Password Policy\\Maximum password age",
          "previous_result": "failed",
          "compliance": {
            "cis_csc": "5.2",
            "cis": "1.1.2"
          },
          "description": "This policy setting defines how long a user can use their password before it expires. Values for this policy setting range from 0 to 999 days. If you set the value to 0, the password will never expire. Because attackers can crack passwords, the more frequently you change the password the less opportunity an attacker has to use a cracked password. However, the lower this value is set, the higher the potential for an increase in calls to help desk support due to users having to change their password or forgetting which password is current. The recommended state for this setting is 365 or fewer days, but not 0. Note: Password Policy settings (section 1.1) and Account Lockout Policy settings (section 1.2) must be applied via the Default Domain Policy GPO in order to be globally in effect on domain user accounts as their default behavior. If these settings are configured in another GPO, they will only affect local user accounts on the computers that receive the GPO. However, custom exceptions to the default password policy and account lockout policy rules for specific domain users and/or groups can be defined using Password Settings Objects (PSOs), which are completely separate from Group Policy and most easily configured using Active Directory Administrative Center.",
          "id": "15501",
          "title": "Ensure 'Maximum password age' is set to '365 or fewer days, but not 0'.",
          "rationale": "The longer a password exists the higher the likelihood that it will be compromised by a brute force attack, by an attacker gaining general knowledge about the user, or by the user sharing the password. Configuring the Maximum password age setting to 0 so that users are never required to change their passwords is a major security risk because that allows a compromised password to be used by the malicious user for as long as the valid user has authorized access.",
          "command": [
            "powershell secedit /export /cfg $env:TEMP\\secpol.cfg; Get-Content $env:TEMP\\secpol.cfg | Select-String \"MaximumPasswordAge\"; Remove-Item $env:TEMP\\secpol.cfg"
          ]
        },
        "type": "check",
        "policy": "CIS Microsoft Windows 10 Enterprise Benchmark v1.12.0"
      }
    },
    "rule": {
      "firedtimes": 2,
      "mail": false,
      "level": 3,
      "pci_dss": [
        "2.2"
      ],
      "tsc": [
        "CC7.1",
        "CC7.2"
      ],
      "cis_csc": [
        "5.2"
      ],
      "description": "CIS Microsoft Windows 10 Enterprise Benchmark v1.12.0: Ensure 'Maximum password age' is set to '365 or fewer days, but not 0'.: Status changed from failed to passed",
      "groups": [
        "sca"
      ],
      "id": "19010",
      "cis": [
        "1.1.2"
      ],
      "nist_800_53": [
        "CM.1"
      ],
      "gdpr": [
        "IV_35.7.d"
      ]
    },
    "location": "sca",
    "decoder": {
      "name": "sca"
    },
    "id": "1779791415.22089928",
    "timestamp": "2026-05-26T10:30:15.960+0000"
  },
  {
    "input": {
      "type": "log"
    },
    "agent": {
      "ip": "172.21.4.242",
      "name": "BH0101",
      "id": "031"
    },
    "manager": {
      "name": "wazuh.manager"
    },
    "data": {
      "sca": {
        "scan_id": "1442922743",
        "check": {
          "result": "passed",
          "remediation": "To establish the recommended configuration via GP, set the following UI path to 24 or more password(s): Computer Configuration\\Policies\\Windows Settings\\Security Settings\\Account Policies\\Password Policy\\Enforce password history",
          "previous_result": "failed",
          "compliance": {
            "cis_csc": "5.2",
            "cis": "1.1.1"
          },
          "description": "This policy setting determines the number of renewed, unique passwords that have to be associated with a user account before you can reuse an old password. The value for this policy setting must be between 0 and 24 passwords. The default value for Windows Vista is 0 passwords, but the default setting in a domain is 24 passwords. To maintain the effectiveness of this policy setting, use the Minimum password age setting to prevent users from repeatedly changing their password. The recommended state for this setting is: 24 or more password(s). Note: Password Policy settings (section 1.1) and Account Lockout Policy settings (section 1.2) must be applied via the Default Domain Policy GPO in order to be globally in effect on domain user accounts as their default behavior. If these settings are configured in another GPO, they will only affect local user accounts on the computers that receive the GPO. However, custom exceptions to the default password policy and account lockout policy rules for specific domain users and/or groups can be defined using Password Settings Objects (PSOs), which are completely separate from Group Policy and most easily configured using Active Directory Administrative Center. Note #2: As of the publication of this benchmark, Microsoft currently has a maximum limit of 24 saved passwords. For more information, please visit Enforce password history (Windows 10) - Windows security | Microsoft Docs",
          "id": "15500",
          "title": "Ensure 'Enforce password history' is set to '24 or more password(s)'.",
          "rationale": "The longer a user uses the same password, the greater the chance that an attacker can determine the password through brute force attacks. Also, any accounts that may have been compromised will remain exploitable for as long as the password is left unchanged. If password changes are required but password reuse is not prevented, or if users continually reuse a small number of passwords, the effectiveness of a good password policy is greatly reduced. If you specify a low number for this policy setting, users will be able to use the same small number of passwords repeatedly. If you do not also configure the Minimum password age setting, users might repeatedly change their passwords until they can reuse their original password.",
          "command": [
            "powershell secedit /export /cfg $env:TEMP\\secpol.cfg; Get-Content $env:TEMP\\secpol.cfg | Select-String \"PasswordHistorySize\"; Remove-Item $env:TEMP\\secpol.cfg"
          ]
        },
        "type": "check",
        "policy": "CIS Microsoft Windows 10 Enterprise Benchmark v1.12.0"
      }
    },
    "rule": {
      "firedtimes": 1,
      "mail": false,
      "level": 3,
      "pci_dss": [
        "2.2"
      ],
      "tsc": [
        "CC7.1",
        "CC7.2"
      ],
      "cis_csc": [
        "5.2"
      ],
      "description": "CIS Microsoft Windows 10 Enterprise Benchmark v1.12.0: Ensure 'Enforce password history' is set to '24 or more password(s)'.: Status changed from failed to passed",
      "groups": [
        "sca"
      ],
      "id": "19010",
      "cis": [
        "1.1.1"
      ],
      "nist_800_53": [
        "CM.1"
      ],
      "gdpr": [
        "IV_35.7.d"
      ]
    },
    "location": "sca",
    "decoder": {
      "name": "sca"
    },
    "id": "1779791415.22083440",
    "timestamp": "2026-05-26T10:30:15.929+0000"
  },
  {
    "input": {
      "type": "log"
    },
    "agent": {
      "ip": "172.21.4.242",
      "name": "BH0101",
      "id": "031"
    },
    "manager": {
      "name": "wazuh.manager"
    },
    "data": {
      "win": {
        "eventdata": {
          "targetLogonId": "0xfd578",
          "targetUserName": "BH0101$",
          "targetDomainName": "ARZW",
          "targetUserSid": "S-1-5-18",
          "logonType": "3"
        },
        "system": {
          "eventID": "4634",
          "keywords": "0x8020000000000000",
          "providerGuid": "{54849625-5478-4994-a5ba-3e3b0328c30d}",
          "level": "0",
          "channel": "Security",
          "opcode": "0",
          "message": "\"Ein Konto wurde abgemeldet.\r\n\r\nAntragsteller:\r\n\tSicherheits-ID:\t\tS-1-5-18\r\n\tKontoname:\t\tBH0101$\r\n\tKontodomäne:\t\tARZW\r\n\tAnmelde-ID:\t\t0xFD578\r\n\r\nAnmeldetyp:\t\t\t3\r\n\r\nDieses Ereignis wird generiert, wenn eine Anmeldesitzung zerstört wird. Es kann anhand des Wertes der Anmelde-ID positiv mit einem Anmeldeereignis korreliert werden. Anmelde-IDs sind nur zwischen Neustarts auf demselben Computer eindeutig.\"",
          "version": "0",
          "systemTime": "2026-05-26T10:29:53.4373048Z",
          "eventRecordID": "3222182",
          "threadID": "8400",
          "computer": "BH0101.arzw.local",
          "task": "12545",
          "processID": "752",
          "severityValue": "AUDIT_SUCCESS",
          "providerName": "Microsoft-Windows-Security-Auditing"
        }
      }
    },
    "rule": {
      "firedtimes": 19,
      "mail": false,
      "level": 3,
      "pci_dss": [
        "10.2.5"
      ],
      "hipaa": [
        "164.312.b"
      ],
      "tsc": [
        "CC6.8",
        "CC7.2",
        "CC7.3"
      ],
      "description": "Windows User Logoff",
      "groups": [
        "windows",
        "windows_security"
      ],
      "id": "60137",
      "nist_800_53": [
        "AU.14",
        "AC.7"
      ],
      "gdpr": [
        "IV_32.2"
      ]
    },
    "location": "EventChannel",
    "decoder": {
      "name": "windows_eventchannel"
    },
    "id": "1779791404.22062722",
    "timestamp": "2026-05-26T10:30:04.760+0000"
  },
  {
    "input": {
      "type": "log"
    },
    "agent": {
      "ip": "172.21.4.242",
      "name": "BH0101",
      "id": "031"
    },
    "manager": {
      "name": "wazuh.manager"
    },
    "data": {
      "win": {
        "eventdata": {
          "subjectLogonId": "0x0",
          "targetLinkedLogonId": "0x0",
          "impersonationLevel": "%%1833",
          "authenticationPackageName": "Kerberos",
          "targetLogonId": "0xfd578",
          "logonProcessName": "Kerberos",
          "logonGuid": "{bd7e815c-1be6-022f-fea8-c16c1a2e752b}",
          "targetUserName": "BH0101$",
          "keyLength": "0",
          "elevatedToken": "%%1842",
          "subjectUserSid": "S-1-0-0",
          "processId": "0x0",
          "targetDomainName": "ARZW.LOCAL",
          "targetUserSid": "S-1-5-18",
          "virtualAccount": "%%1843",
          "logonType": "3"
        },
        "system": {
          "eventID": "4624",
          "keywords": "0x8020000000000000",
          "providerGuid": "{54849625-5478-4994-a5ba-3e3b0328c30d}",
          "level": "0",
          "channel": "Security",
          "opcode": "0",
          "message": "\"Ein Konto wurde erfolgreich angemeldet.\r\n\r\nAntragsteller:\r\n\tSicherheits-ID:\t\tS-1-0-0\r\n\tKontoname:\t\t-\r\n\tKontodomäne:\t\t-\r\n\tAnmelde-ID:\t\t0x0\r\n\r\nAnmeldeinformationen:\r\n\tAnmeldetyp:\t\t3\r\n\tEingeschränkter Administratormodus:\t-\r\n\tVirtuelles Konto:\t\tNein\r\n\tToken mit erhöhten Rechten:\t\tJa\r\n\r\nIdentitätswechselebene:\t\tIdentitätswechsel\r\n\r\nNeue Anmeldung:\r\n\tSicherheits-ID:\t\tS-1-5-18\r\n\tKontoname:\t\tBH0101$\r\n\tKontodomäne:\t\tARZW.LOCAL\r\n\tAnmelde-ID:\t\t0xFD578\r\n\tVerknüpfte Anmelde-ID:\t\t0x0\r\n\tNetzwerk-Kontoname:\t-\r\n\tNetzwerk-Kontodomäne:\t-\r\n\tAnmelde-GUID:\t\t{bd7e815c-1be6-022f-fea8-c16c1a2e752b}\r\n\r\nProzessinformationen:\r\n\tProzess-ID:\t\t0x0\r\n\tProzessname:\t\t-\r\n\r\nNetzwerkinformationen:\r\n\tArbeitsstationsname:\t-\r\n\tQuellnetzwerkadresse:\t-\r\n\tQuellport:\t\t-\r\n\r\nDetaillierte Authentifizierungsinformationen:\r\n\tAnmeldeprozess:\t\tKerberos\r\n\tAuthentifizierungspaket:\tKerberos\r\n\tÜbertragene Dienste:\t-\r\n\tPaketname (nur NTLM):\t-\r\n\tSchlüssellänge:\t\t0\r\n\r\nDieses Ereignis wird beim Erstellen einer Anmeldesitzung generiert. Es wird auf dem Computer generiert, auf den zugegriffen wurde.\r\n\r\nDie Antragstellerfelder geben das Konto auf dem lokalen System an, von dem die Anmeldung angefordert wurde. Dies ist meistens ein Dienst wie der Serverdienst oder ein lokaler Prozess wie \"Winlogon.exe\" oder \"Services.exe\".\r\n\r\nDas Anmeldetypfeld gibt den jeweiligen Anmeldetyp an. Die häufigsten Typen sind 2 (interaktiv) und 3 (Netzwerk).\r\n\r\nDie Felder für die neue Anmeldung geben das Konto an, für das die neue Anmeldung erstellt wurde, d. h. das angemeldete Konto.\r\n\r\nDie Netzwerkfelder geben die Quelle einer Remoteanmeldeanforderung an. Der Arbeitsstationsname ist nicht immer verfügbar und kann in manchen Fällen leer bleiben.\r\n\r\nDas Feld für die Identitätswechselebene gibt an, in welchem Umfang ein Prozess in der Anmeldesitzung einen Identitätswechsel vornehmen kann.\r\n\r\nDie Felder für die Authentifizierungsinformationen enthalten detaillierte Informationen zu dieser speziellen Anmeldeanforderung.\r\n\t- Die Anmelde-GUID ist ein eindeutiger Bezeichner, der verwendet werden kann, um dieses Ereignis mit einem KDC-Ereignis zu korrelieren.\r\n\t- Die übertragenen Dienste geben an, welche Zwischendienste an der Anmeldeanforderung beteiligt waren.\r\n\t- Der Paketname gibt das in den NTLM-Protokollen verwendete Unterprotokoll an.\r\n\t- Die Schlüssellänge gibt die Länge des generierten Sitzungsschlüssels an. Wenn kein Sitzungsschlüssel angefordert wurde, ist dieser Wert 0.\"",
          "version": "2",
          "systemTime": "2026-05-26T10:29:53.4230969Z",
          "eventRecordID": "3222181",
          "threadID": "896",
          "computer": "BH0101.arzw.local",
          "task": "12544",
          "processID": "752",
          "severityValue": "AUDIT_SUCCESS",
          "providerName": "Microsoft-Windows-Security-Auditing"
        }
      }
    },
    "rule": {
      "mail": false,
      "level": 3,
      "pci_dss": [
        "10.2.5"
      ],
      "hipaa": [
        "164.312.b"
      ],
      "tsc": [
        "CC6.8",
        "CC7.2",
        "CC7.3"
      ],
      "description": "Windows Logon Success",
      "groups": [
        "windows",
        "windows_security",
        "authentication_success"
      ],
      "nist_800_53": [
        "AU.14",
        "AC.9"
      ],
      "gdpr": [
        "IV_32.2"
      ],
      "firedtimes": 17,
      "mitre": {
        "technique": [
          "Valid Accounts"
        ],
        "id": [
          "T1078"
        ],
        "tactic": [
          "Defense Evasion",
          "Persistence",
          "Privilege Escalation",
          "Initial Access"
        ]
      },
      "id": "60106",
      "gpg13": [
        "7.1",
        "7.2"
      ]
    },
    "location": "EventChannel",
    "decoder": {
      "name": "windows_eventchannel"
    },
    "id": "1779791404.22055239",
    "timestamp": "2026-05-26T10:30:04.744+0000"
  },
  {
    "input": {
      "type": "log"
    },
    "agent": {
      "ip": "172.21.4.242",
      "name": "BH0101",
      "id": "031"
    },
    "manager": {
      "name": "wazuh.manager"
    },
    "data": {
      "win": {
        "eventdata": {
          "targetLogonId": "0xfa179",
          "targetUserName": "BH0101$",
          "targetDomainName": "ARZW",
          "targetUserSid": "S-1-5-18",
          "logonType": "3"
        },
        "system": {
          "eventID": "4634",
          "keywords": "0x8020000000000000",
          "providerGuid": "{54849625-5478-4994-a5ba-3e3b0328c30d}",
          "level": "0",
          "channel": "Security",
          "opcode": "0",
          "message": "\"Ein Konto wurde abgemeldet.\r\n\r\nAntragsteller:\r\n\tSicherheits-ID:\t\tS-1-5-18\r\n\tKontoname:\t\tBH0101$\r\n\tKontodomäne:\t\tARZW\r\n\tAnmelde-ID:\t\t0xFA179\r\n\r\nAnmeldetyp:\t\t\t3\r\n\r\nDieses Ereignis wird generiert, wenn eine Anmeldesitzung zerstört wird. Es kann anhand des Wertes der Anmelde-ID positiv mit einem Anmeldeereignis korreliert werden. Anmelde-IDs sind nur zwischen Neustarts auf demselben Computer eindeutig.\"",
          "version": "0",
          "systemTime": "2026-05-26T10:29:53.1507054Z",
          "eventRecordID": "3222178",
          "threadID": "8400",
          "computer": "BH0101.arzw.local",
          "task": "12545",
          "processID": "752",
          "severityValue": "AUDIT_SUCCESS",
          "providerName": "Microsoft-Windows-Security-Auditing"
        }
      }
    },
    "rule": {
      "firedtimes": 18,
      "mail": false,
      "level": 3,
      "pci_dss": [
        "10.2.5"
      ],
      "hipaa": [
        "164.312.b"
      ],
      "tsc": [
        "CC6.8",
        "CC7.2",
        "CC7.3"
      ],
      "description": "Windows User Logoff",
      "groups": [
        "windows",
        "windows_security"
      ],
      "id": "60137",
      "nist_800_53": [
        "AU.14",
        "AC.7"
      ],
      "gdpr": [
        "IV_32.2"
      ]
    },
    "location": "EventChannel",
    "decoder": {
      "name": "windows_eventchannel"
    },
    "id": "1779791404.22052837",
    "timestamp": "2026-05-26T10:30:04.713+0000"
  },
  {
    "input": {
      "type": "log"
    },
    "agent": {
      "ip": "172.21.4.242",
      "name": "BH0101",
      "id": "031"
    },
    "manager": {
      "name": "wazuh.manager"
    },
    "data": {
      "win": {
        "eventdata": {
          "subjectLogonId": "0x0",
          "targetLinkedLogonId": "0x0",
          "impersonationLevel": "%%1833",
          "authenticationPackageName": "Kerberos",
          "targetLogonId": "0xfa179",
          "logonProcessName": "Kerberos",
          "logonGuid": "{bd7e815c-1be6-022f-fea8-c16c1a2e752b}",
          "targetUserName": "BH0101$",
          "keyLength": "0",
          "elevatedToken": "%%1842",
          "subjectUserSid": "S-1-0-0",
          "processId": "0x0",
          "targetDomainName": "ARZW.LOCAL",
          "targetUserSid": "S-1-5-18",
          "virtualAccount": "%%1843",
          "logonType": "3"
        },
        "system": {
          "eventID": "4624",
          "keywords": "0x8020000000000000",
          "providerGuid": "{54849625-5478-4994-a5ba-3e3b0328c30d}",
          "level": "0",
          "channel": "Security",
          "opcode": "0",
          "message": "\"Ein Konto wurde erfolgreich angemeldet.\r\n\r\nAntragsteller:\r\n\tSicherheits-ID:\t\tS-1-0-0\r\n\tKontoname:\t\t-\r\n\tKontodomäne:\t\t-\r\n\tAnmelde-ID:\t\t0x0\r\n\r\nAnmeldeinformationen:\r\n\tAnmeldetyp:\t\t3\r\n\tEingeschränkter Administratormodus:\t-\r\n\tVirtuelles Konto:\t\tNein\r\n\tToken mit erhöhten Rechten:\t\tJa\r\n\r\nIdentitätswechselebene:\t\tIdentitätswechsel\r\n\r\nNeue Anmeldung:\r\n\tSicherheits-ID:\t\tS-1-5-18\r\n\tKontoname:\t\tBH0101$\r\n\tKontodomäne:\t\tARZW.LOCAL\r\n\tAnmelde-ID:\t\t0xFA179\r\n\tVerknüpfte Anmelde-ID:\t\t0x0\r\n\tNetzwerk-Kontoname:\t-\r\n\tNetzwerk-Kontodomäne:\t-\r\n\tAnmelde-GUID:\t\t{bd7e815c-1be6-022f-fea8-c16c1a2e752b}\r\n\r\nProzessinformationen:\r\n\tProzess-ID:\t\t0x0\r\n\tProzessname:\t\t-\r\n\r\nNetzwerkinformationen:\r\n\tArbeitsstationsname:\t-\r\n\tQuellnetzwerkadresse:\t-\r\n\tQuellport:\t\t-\r\n\r\nDetaillierte Authentifizierungsinformationen:\r\n\tAnmeldeprozess:\t\tKerberos\r\n\tAuthentifizierungspaket:\tKerberos\r\n\tÜbertragene Dienste:\t-\r\n\tPaketname (nur NTLM):\t-\r\n\tSchlüssellänge:\t\t0\r\n\r\nDieses Ereignis wird beim Erstellen einer Anmeldesitzung generiert. Es wird auf dem Computer generiert, auf den zugegriffen wurde.\r\n\r\nDie Antragstellerfelder geben das Konto auf dem lokalen System an, von dem die Anmeldung angefordert wurde. Dies ist meistens ein Dienst wie der Serverdienst oder ein lokaler Prozess wie \"Winlogon.exe\" oder \"Services.exe\".\r\n\r\nDas Anmeldetypfeld gibt den jeweiligen Anmeldetyp an. Die häufigsten Typen sind 2 (interaktiv) und 3 (Netzwerk).\r\n\r\nDie Felder für die neue Anmeldung geben das Konto an, für das die neue Anmeldung erstellt wurde, d. h. das angemeldete Konto.\r\n\r\nDie Netzwerkfelder geben die Quelle einer Remoteanmeldeanforderung an. Der Arbeitsstationsname ist nicht immer verfügbar und kann in manchen Fällen leer bleiben.\r\n\r\nDas Feld für die Identitätswechselebene gibt an, in welchem Umfang ein Prozess in der Anmeldesitzung einen Identitätswechsel vornehmen kann.\r\n\r\nDie Felder für die Authentifizierungsinformationen enthalten detaillierte Informationen zu dieser speziellen Anmeldeanforderung.\r\n\t- Die Anmelde-GUID ist ein eindeutiger Bezeichner, der verwendet werden kann, um dieses Ereignis mit einem KDC-Ereignis zu korrelieren.\r\n\t- Die übertragenen Dienste geben an, welche Zwischendienste an der Anmeldeanforderung beteiligt waren.\r\n\t- Der Paketname gibt das in den NTLM-Protokollen verwendete Unterprotokoll an.\r\n\t- Die Schlüssellänge gibt die Länge des generierten Sitzungsschlüssels an. Wenn kein Sitzungsschlüssel angefordert wurde, ist dieser Wert 0.\"",
          "version": "2",
          "systemTime": "2026-05-26T10:29:53.1359631Z",
          "eventRecordID": "3222177",
          "threadID": "8288",
          "computer": "BH0101.arzw.local",
          "task": "12544",
          "processID": "752",
          "severityValue": "AUDIT_SUCCESS",
          "providerName": "Microsoft-Windows-Security-Auditing"
        }
      }
    },
    "rule": {
      "mail": false,
      "level": 3,
      "pci_dss": [
        "10.2.5"
      ],
      "hipaa": [
        "164.312.b"
      ],
      "tsc": [
        "CC6.8",
        "CC7.2",
        "CC7.3"
      ],
      "description": "Windows Logon Success",
      "groups": [
        "windows",
        "windows_security",
        "authentication_success"
      ],
      "nist_800_53": [
        "AU.14",
        "AC.9"
      ],
      "gdpr": [
        "IV_32.2"
      ],
      "firedtimes": 16,
      "mitre": {
        "technique": [
          "Valid Accounts"
        ],
        "id": [
          "T1078"
        ],
        "tactic": [
          "Defense Evasion",
          "Persistence",
          "Privilege Escalation",
          "Initial Access"
        ]
      },
      "id": "60106",
      "gpg13": [
        "7.1",
        "7.2"
      ]
    },
    "location": "EventChannel",
    "decoder": {
      "name": "windows_eventchannel"
    },
    "id": "1779791404.22045352",
    "timestamp": "2026-05-26T10:30:04.682+0000"
  },
  {
    "input": {
      "type": "log"
    },
    "agent": {
      "ip": "172.21.4.242",
      "name": "BH0101",
      "id": "031"
    },
    "manager": {
      "name": "wazuh.manager"
    },
    "data": {
      "win": {
        "eventdata": {
          "targetLogonId": "0x16e37",
          "targetUserName": "DWM-1",
          "targetDomainName": "Window Manager",
          "targetUserSid": "S-1-5-90-0-1",
          "logonType": "2"
        },
        "system": {
          "eventID": "4634",
          "keywords": "0x8020000000000000",
          "providerGuid": "{54849625-5478-4994-a5ba-3e3b0328c30d}",
          "level": "0",
          "channel": "Security",
          "opcode": "0",
          "message": "\"Ein Konto wurde abgemeldet.\r\n\r\nAntragsteller:\r\n\tSicherheits-ID:\t\tS-1-5-90-0-1\r\n\tKontoname:\t\tDWM-1\r\n\tKontodomäne:\t\tWindow Manager\r\n\tAnmelde-ID:\t\t0x16E37\r\n\r\nAnmeldetyp:\t\t\t2\r\n\r\nDieses Ereignis wird generiert, wenn eine Anmeldesitzung zerstört wird. Es kann anhand des Wertes der Anmelde-ID positiv mit einem Anmeldeereignis korreliert werden. Anmelde-IDs sind nur zwischen Neustarts auf demselben Computer eindeutig.\"",
          "version": "0",
          "systemTime": "2026-05-26T08:36:06.5539375Z",
          "eventRecordID": "3221856",
          "threadID": "960",
          "computer": "BH0101.arzw.local",
          "task": "12545",
          "processID": "752",
          "severityValue": "AUDIT_SUCCESS",
          "providerName": "Microsoft-Windows-Security-Auditing"
        }
      }
    },
    "rule": {
      "firedtimes": 9,
      "mail": false,
      "level": 3,
      "description": "Non service account logged off.",
      "groups": [
        "windows",
        " WEF"
      ],
      "id": "67023"
    },
    "location": "EventChannel",
    "decoder": {
      "name": "windows_eventchannel"
    },
    "id": "1779791399.22043014",
    "timestamp": "2026-05-26T10:29:59.449+0000"
  },
  {
    "input": {
      "type": "log"
    },
    "agent": {
      "ip": "172.21.4.242",
      "name": "BH0101",
      "id": "031"
    },
    "manager": {
      "name": "wazuh.manager"
    },
    "data": {
      "win": {
        "eventdata": {
          "targetLogonId": "0x16e6a",
          "targetUserName": "DWM-1",
          "targetDomainName": "Window Manager",
          "targetUserSid": "S-1-5-90-0-1",
          "logonType": "2"
        },
        "system": {
          "eventID": "4634",
          "keywords": "0x8020000000000000",
          "providerGuid": "{54849625-5478-4994-a5ba-3e3b0328c30d}",
          "level": "0",
          "channel": "Security",
          "opcode": "0",
          "message": "\"Ein Konto wurde abgemeldet.\r\n\r\nAntragsteller:\r\n\tSicherheits-ID:\t\tS-1-5-90-0-1\r\n\tKontoname:\t\tDWM-1\r\n\tKontodomäne:\t\tWindow Manager\r\n\tAnmelde-ID:\t\t0x16E6A\r\n\r\nAnmeldetyp:\t\t\t2\r\n\r\nDieses Ereignis wird generiert, wenn eine Anmeldesitzung zerstört wird. Es kann anhand des Wertes der Anmelde-ID positiv mit einem Anmeldeereignis korreliert werden. Anmelde-IDs sind nur zwischen Neustarts auf demselben Computer eindeutig.\"",
          "version": "0",
          "systemTime": "2026-05-26T08:36:06.5538779Z",
          "eventRecordID": "3221855",
          "threadID": "960",
          "computer": "BH0101.arzw.local",
          "task": "12545",
          "processID": "752",
          "severityValue": "AUDIT_SUCCESS",
          "providerName": "Microsoft-Windows-Security-Auditing"
        }
      }
    },
    "rule": {
      "firedtimes": 8,
      "mail": false,
      "level": 3,
      "description": "Non service account logged off.",
      "groups": [
        "windows",
        " WEF"
      ],
      "id": "67023"
    },
    "location": "EventChannel",
    "decoder": {
      "name": "windows_eventchannel"
    },
    "id": "1779791399.22040676",
    "timestamp": "2026-05-26T10:29:59.417+0000"
  },
  {
    "input": {
      "type": "log"
    },
    "agent": {
      "ip": "172.21.4.242",
      "name": "BH0101",
      "id": "031"
    },
    "manager": {
      "name": "wazuh.manager"
    },
    "data": {
      "win": {
        "eventdata": {
          "subjectLogonId": "0x7f8c2",
          "subjectUserSid": "S-1-5-90-0-2",
          "subjectDomainName": "Window Manager",
          "privilegeList": "SeAssignPrimaryTokenPrivilege     SeAuditPrivilege     SeImpersonatePrivilege",
          "subjectUserName": "DWM-2"
        },
        "system": {
          "eventID": "4672",
          "keywords": "0x8020000000000000",
          "providerGuid": "{54849625-5478-4994-a5ba-3e3b0328c30d}",
          "level": "0",
          "channel": "Security",
          "opcode": "0",
          "message": "\"Einer neuen Anmeldung wurden besondere Rechte zugewiesen.\r\n\r\nAntragsteller:\r\n\tSicherheits-ID:\t\tS-1-5-90-0-2\r\n\tKontoname:\t\tDWM-2\r\n\tKontodomäne:\t\tWindow Manager\r\n\tAnmelde-ID:\t\t0x7F8C2\r\n\r\nBerechtigungen:\t\tSeAssignPrimaryTokenPrivilege\r\n\t\t\tSeAuditPrivilege\r\n\t\t\tSeImpersonatePrivilege\"",
          "version": "0",
          "systemTime": "2026-05-26T08:36:05.8161728Z",
          "eventRecordID": "3221853",
          "threadID": "960",
          "computer": "BH0101.arzw.local",
          "task": "12548",
          "processID": "752",
          "severityValue": "AUDIT_SUCCESS",
          "providerName": "Microsoft-Windows-Security-Auditing"
        }
      }
    },
    "rule": {
      "firedtimes": 6,
      "mail": false,
      "level": 3,
      "description": "Special privileges assigned to new logon.",
      "groups": [
        "windows",
        " WEF"
      ],
      "mitre": {
        "technique": [
          "Domain Policy Modification"
        ],
        "id": [
          "T1484"
        ],
        "tactic": [
          "Defense Evasion",
          "Privilege Escalation"
        ]
      },
      "id": "67028"
    },
    "location": "EventChannel",
    "decoder": {
      "name": "windows_eventchannel"
    },
    "id": "1779791399.22036287",
    "timestamp": "2026-05-26T10:29:59.402+0000"
  },
  {
    "input": {
      "type": "log"
    },
    "agent": {
      "ip": "172.21.4.242",
      "name": "BH0101",
      "id": "031"
    },
    "manager": {
      "name": "wazuh.manager"
    },
    "data": {
      "win": {
        "eventdata": {
          "subjectLogonId": "0x7f8e5",
          "subjectUserSid": "S-1-5-90-0-2",
          "subjectDomainName": "Window Manager",
          "privilegeList": "SeAssignPrimaryTokenPrivilege     SeAuditPrivilege",
          "subjectUserName": "DWM-2"
        },
        "system": {
          "eventID": "4672",
          "keywords": "0x8020000000000000",
          "providerGuid": "{54849625-5478-4994-a5ba-3e3b0328c30d}",
          "level": "0",
          "channel": "Security",
          "opcode": "0",
          "message": "\"Einer neuen Anmeldung wurden besondere Rechte zugewiesen.\r\n\r\nAntragsteller:\r\n\tSicherheits-ID:\t\tS-1-5-90-0-2\r\n\tKontoname:\t\tDWM-2\r\n\tKontodomäne:\t\tWindow Manager\r\n\tAnmelde-ID:\t\t0x7F8E5\r\n\r\nBerechtigungen:\t\tSeAssignPrimaryTokenPrivilege\r\n\t\t\tSeAuditPrivilege\"",
          "version": "0",
          "systemTime": "2026-05-26T08:36:05.8161750Z",
          "eventRecordID": "3221854",
          "threadID": "960",
          "computer": "BH0101.arzw.local",
          "task": "12548",
          "processID": "752",
          "severityValue": "AUDIT_SUCCESS",
          "providerName": "Microsoft-Windows-Security-Auditing"
        }
      }
    },
    "rule": {
      "firedtimes": 5,
      "mail": false,
      "level": 3,
      "description": "Special privileges assigned to new logon.",
      "groups": [
        "windows",
        " WEF"
      ],
      "mitre": {
        "technique": [
          "Domain Policy Modification"
        ],
        "id": [
          "T1484"
        ],
        "tactic": [
          "Defense Evasion",
          "Privilege Escalation"
        ]
      },
      "id": "67028"
    },
    "location": "EventChannel",
    "decoder": {
      "name": "windows_eventchannel"
    },
    "id": "1779791399.22038538",
    "timestamp": "2026-05-26T10:29:59.402+0000"
  },
