  {
    "input": {
      "type": "log"
    },
    "agent": {
      "ip": "10.0.139.178",
      "name": "christian",
      "id": "112"
    },
    "manager": {
      "name": "wazuh.manager"
    },
    "data": {
      "win": {
        "eventdata": {
          "data": "\\\\Device\\\\VBoxNetLwf",
          "binary": "0000200001000000000000000C0004C008000000000000000000000000000000000000000000000000FF9E4E36F200FF409CEA7444A3BB57298544A3BB572984B025AA7892870000"
        },
        "system": {
          "eventID": "12",
          "keywords": "0x80000000000000",
          "level": "2",
          "channel": "System",
          "opcode": "0",
          "message": "\"Der Treiber hat einen internen Treiberfehler auf \\Device\\VBoxNetLwf gefunden.\"",
          "version": "0",
          "systemTime": "2026-05-26T04:50:22.7400237Z",
          "eventRecordID": "50551",
          "threadID": "9288",
          "computer": "SWE_2025_012.arzw.local",
          "task": "0",
          "processID": "4",
          "severityValue": "ERROR",
          "providerName": "VBoxNetLwf"
        }
      }
    },
    "rule": {
      "firedtimes": 56,
      "mail": false,
      "level": 5,
      "description": "Windows System error event",
      "groups": [
        "windows",
        "windows_system",
        "system_error"
      ],
      "id": "61102",
      "gpg13": [
        "4.3"
      ],
      "gdpr": [
        "IV_35.7.d"
      ]
    },
    "location": "EventChannel",
    "decoder": {
      "name": "windows_eventchannel"
    },
    "id": "1779771056.5354914",
    "timestamp": "2026-05-26T04:50:56.154+0000"
  },
  {
    "input": {
      "type": "log"
    },
    "agent": {
      "ip": "10.0.139.178",
      "name": "christian",
      "id": "112"
    },
    "manager": {
      "name": "wazuh.manager"
    },
    "data": {
      "win": {
        "eventdata": {
          "data": "\\\\Device\\\\VBoxNetLwf",
          "binary": "0000180001000000000000000C0004C008000000000000000000000000000000000000000000000000FF409CEA7444A3BB57298544A3BB572984B025AA789287"
        },
        "system": {
          "eventID": "12",
          "keywords": "0x80000000000000",
          "level": "2",
          "channel": "System",
          "opcode": "0",
          "message": "\"Der Treiber hat einen internen Treiberfehler auf \\Device\\VBoxNetLwf gefunden.\"",
          "version": "0",
          "systemTime": "2026-05-26T04:50:22.7262066Z",
          "eventRecordID": "50550",
          "threadID": "19012",
          "computer": "SWE_2025_012.arzw.local",
          "task": "0",
          "processID": "4",
          "severityValue": "ERROR",
          "providerName": "VBoxNetLwf"
        }
      }
    },
    "rule": {
      "firedtimes": 57,
      "mail": false,
      "level": 5,
      "description": "Windows System error event",
      "groups": [
        "windows",
        "windows_system",
        "system_error"
      ],
      "id": "61102",
      "gpg13": [
        "4.3"
      ],
      "gdpr": [
        "IV_35.7.d"
      ]
    },
    "location": "EventChannel",
    "decoder": {
      "name": "windows_eventchannel"
    },
    "id": "1779771056.5356464",
    "timestamp": "2026-05-26T04:50:56.154+0000"
  },
  {
    "input": {
      "type": "log"
    },
    "agent": {
      "ip": "10.0.139.178",
      "name": "christian",
      "id": "112"
    },
    "manager": {
      "name": "wazuh.manager"
    },
    "data": {
      "win": {
        "eventdata": {
          "data": "\\\\Device\\\\VBoxNetLwf",
          "binary": "0000140001000000000000000C0004C008000000000000000000000000000000000000000000000044A3BB57298544A3BB572984B025AA7892870000"
        },
        "system": {
          "eventID": "12",
          "keywords": "0x80000000000000",
          "level": "2",
          "channel": "System",
          "opcode": "0",
          "message": "\"Der Treiber hat einen internen Treiberfehler auf \\Device\\VBoxNetLwf gefunden.\"",
          "version": "0",
          "systemTime": "2026-05-26T04:50:22.7207190Z",
          "eventRecordID": "50549",
          "threadID": "18864",
          "computer": "SWE_2025_012.arzw.local",
          "task": "0",
          "processID": "4",
          "severityValue": "ERROR",
          "providerName": "VBoxNetLwf"
        }
      }
    },
    "rule": {
      "firedtimes": 55,
      "mail": false,
      "level": 5,
      "description": "Windows System error event",
      "groups": [
        "windows",
        "windows_system",
        "system_error"
      ],
      "id": "61102",
      "gpg13": [
        "4.3"
      ],
      "gdpr": [
        "IV_35.7.d"
      ]
    },
    "location": "EventChannel",
    "decoder": {
      "name": "windows_eventchannel"
    },
    "id": "1779771056.5353410",
    "timestamp": "2026-05-26T04:50:56.089+0000"
  },
  {
    "input": {
      "type": "log"
    },
    "agent": {
      "ip": "10.0.139.178",
      "name": "christian",
      "id": "112"
    },
    "manager": {
      "name": "wazuh.manager"
    },
    "data": {
      "win": {
        "eventdata": {
          "ifIndex": "17",
          "miniportEventEnum": "74",
          "ifGuid": "{6558d3d0-78c8-4e57-9ded-c8ef569597df}",
          "adapterName": "Microsoft Wi-Fi Direct Virtual Adapter #2",
          "ifLuid": "19985273202933760"
        },
        "system": {
          "eventID": "10317",
          "keywords": "0x2000000000004016",
          "providerGuid": "{cdead503-17f5-4a3e-b7ae-df8cc2902eb9}",
          "level": "2",
          "channel": "System",
          "opcode": "0",
          "message": "\"Für den Miniport \"Microsoft Wi-Fi Direct Virtual Adapter #2, {6558d3d0-78c8-4e57-9ded-c8ef569597df}\" ist das Ereignis \"Fatal error: The miniport has failed a power transition to operational power\" aufgetreten.\"",
          "version": "0",
          "systemTime": "2026-05-26T04:50:21.8334745Z",
          "eventRecordID": "50537",
          "threadID": "18864",
          "computer": "SWE_2025_012.arzw.local",
          "task": "2",
          "processID": "4",
          "severityValue": "ERROR",
          "providerName": "Microsoft-Windows-NDIS"
        }
      }
    },
    "rule": {
      "firedtimes": 54,
      "mail": false,
      "level": 5,
      "description": "Windows System error event",
      "groups": [
        "windows",
        "windows_system",
        "system_error"
      ],
      "id": "61102",
      "gpg13": [
        "4.3"
      ],
      "gdpr": [
        "IV_35.7.d"
      ]
    },
    "location": "EventChannel",
    "decoder": {
      "name": "windows_eventchannel"
    },
    "id": "1779771056.5351425",
    "timestamp": "2026-05-26T04:50:56.022+0000"
  }
]