  {
    "input": {
      "type": "log"
    },
    "agent": {
      "ip": "10.0.139.178",
      "name": "christian",
      "id": "112"
    },
    "manager": {
      "name": "wazuh.manager"
    },
    "data": {
      "win": {
        "eventdata": {
          "subjectLogonId": "0x0",
          "targetLinkedLogonId": "0x0",
          "impersonationLevel": "%%1833",
          "ipAddress": "::1",
          "authenticationPackageName": "Kerberos",
          "targetLogonId": "0x1bcd295b",
          "logonProcessName": "Kerberos",
          "logonGuid": "{a5fa8e9c-7ffd-ab0b-4930-8eaf076fa686}",
          "targetUserName": "SWE_2025_012$",
          "keyLength": "0",
          "elevatedToken": "%%1842",
          "subjectUserSid": "S-1-0-0",
          "processId": "0x0",
          "ipPort": "0",
          "targetDomainName": "ARZW.LOCAL",
          "targetUserSid": "S-1-5-18",
          "virtualAccount": "%%1843",
          "logonType": "3"
        },
        "system": {
          "eventID": "4624",
          "keywords": "0x8020000000000000",
          "providerGuid": "{54849625-5478-4994-a5ba-3e3b0328c30d}",
          "level": "0",
          "channel": "Security",
          "opcode": "0",
          "message": "\"Ein Konto wurde erfolgreich angemeldet.\r\n\r\nAntragsteller:\r\n\tSicherheits-ID:\t\tS-1-0-0\r\n\tKontoname:\t\t-\r\n\tKontodomäne:\t\t-\r\n\tAnmelde-ID:\t\t0x0\r\n\r\nAnmeldeinformationen:\r\n\tAnmeldetyp:\t\t3\r\n\tEingeschränkter Administratormodus:\t-\r\n\tRemote Credential Guard:\t-\r\n\tVirtuelles Konto:\t\tNein\r\n\tToken mit erhöhten Rechten:\t\tJa\r\n\r\nIdentitätswechselebene:\t\tIdentitätswechsel\r\n\r\nNeue Anmeldung:\r\n\tSicherheits-ID:\t\tS-1-5-18\r\n\tKontoname:\t\tSWE_2025_012$\r\n\tKontodomäne:\t\tARZW.LOCAL\r\n\tAnmelde-ID:\t\t0x1BCD295B\r\n\tVerknüpfte Anmelde-ID:\t\t0x0\r\n\tNetzwerk-Kontoname:\t-\r\n\tNetzwerk-Kontodomäne:\t-\r\n\tAnmelde-GUID:\t\t{a5fa8e9c-7ffd-ab0b-4930-8eaf076fa686}\r\n\r\nProzessinformationen:\r\n\tProzess-ID:\t\t0x0\r\n\tProzessname:\t\t-\r\n\r\nNetzwerkinformationen:\r\n\tArbeitsstationsname:\t-\r\n\tQuellnetzwerkadresse:\t::1\r\n\tQuellport:\t\t0\r\n\r\nDetaillierte Authentifizierungsinformationen:\r\n\tAnmeldeprozess:\t\tKerberos\r\n\tAuthentifizierungspaket:\tKerberos\r\n\tÜbertragene Dienste:\t-\r\n\tPaketname (nur NTLM):\t-\r\n\tSchlüssellänge:\t\t0\r\n\r\nDieses Ereignis wird beim Erstellen einer Anmeldesitzung generiert. Es wird auf dem Computer generiert, auf den zugegriffen wurde.\r\n\r\nDie Antragstellerfelder geben das Konto auf dem lokalen System an, von dem die Anmeldung angefordert wurde. Dies ist meistens ein Dienst wie der Serverdienst oder ein lokaler Prozess wie Winlogon.exe oder Services.exe.\r\n\r\nDas Anmeldetypfeld gibt den jeweiligen Anmeldetyp an. Die häufigsten Typen sind 2 (interaktiv) und 3 (Netzwerk).\r\n\r\nDie Felder für die neue Anmeldung geben das Konto an, für das die neue Anmeldung erstellt wurde, d. h. das angemeldete Konto.\r\n\r\nDie Netzwerkfelder geben den Ursprung einer Remoteanmeldeanforderung an. Der Arbeitsstationsname ist nicht immer verfügbar und kann in manchen Fällen leer bleiben.\r\n\r\nDas Feld für die Identitätswechselebene gibt an, in welchem Umfang ein Prozess in der Anmeldesitzung einen Identitätswechsel vornehmen kann.\r\n\r\nDie Felder für die Authentifizierungsinformationen enthalten detaillierte Informationen zu dieser spezifische Anmeldeanforderung.\r\n\t– Die Anmelde-GUID ist ein eindeutiger Bezeichner, der verwendet werden kann, um dieses Ereignis mit einem KDC-Ereignis zu korrelieren.\r\n\t– Die übertragenen Dienste geben an, welche Zwischendienste an der Anmeldeanforderung beteiligt waren.\r\n\t– Der Paketname gibt das in den NTLM-Protokollen verwendete Unterprotokoll an.\r\n\t– Die Schlüssellänge gibt die Länge des generierten Sitzungsschlüssels an. Wenn kein Sitzungsschlüssel angefordert wurde, ist dieser Wert 0.\"",
          "version": "3",
          "systemTime": "2026-05-26T06:05:23.5120399Z",
          "eventRecordID": "504133",
          "threadID": "13192",
          "computer": "SWE_2025_012.arzw.local",
          "task": "12544",
          "processID": "1212",
          "severityValue": "AUDIT_SUCCESS",
          "providerName": "Microsoft-Windows-Security-Auditing"
        }
      }
    },
    "rule": {
      "mail": false,
      "level": 3,
      "pci_dss": [
        "10.2.5"
      ],
      "hipaa": [
        "164.312.b"
      ],
      "tsc": [
        "CC6.8",
        "CC7.2",
        "CC7.3"
      ],
      "description": "Windows Logon Success",
      "groups": [
        "windows",
        "windows_security",
        "authentication_success"
      ],
      "nist_800_53": [
        "AU.14",
        "AC.9"
      ],
      "gdpr": [
        "IV_32.2"
      ],
      "firedtimes": 4,
      "mitre": {
        "technique": [
          "Valid Accounts"
        ],
        "id": [
          "T1078"
        ],
        "tactic": [
          "Defense Evasion",
          "Persistence",
          "Privilege Escalation",
          "Initial Access"
        ]
      },
      "id": "60106",
      "gpg13": [
        "7.1",
        "7.2"
      ]
    },
    "location": "EventChannel",
    "decoder": {
      "name": "windows_eventchannel"
    },
    "id": "1779775524.11239478",
    "timestamp": "2026-05-26T06:05:24.544+0000"
  },
  {
    "input": {
      "type": "log"
    },
    "agent": {
      "ip": "10.0.139.178",
      "name": "christian",
      "id": "112"
    },
    "manager": {
      "name": "wazuh.manager"
    },
    "data": {
      "win": {
        "eventdata": {
          "targetLogonId": "0x1bcd0897",
          "targetUserName": "SWE_2025_012$",
          "targetDomainName": "ARZW",
          "targetUserSid": "S-1-5-18",
          "logonType": "3"
        },
        "system": {
          "eventID": "4634",
          "keywords": "0x8020000000000000",
          "providerGuid": "{54849625-5478-4994-a5ba-3e3b0328c30d}",
          "level": "0",
          "channel": "Security",
          "opcode": "0",
          "message": "\"Ein Konto wurde abgemeldet.\r\n\r\nAntragsteller:\r\n\tSicherheits-ID:\t\tS-1-5-18\r\n\tKontoname:\t\tSWE_2025_012$\r\n\tKontodomäne:\t\tARZW\r\n\tAnmelde-ID:\t\t0x1BCD0897\r\n\r\nAnmeldetyp:\t\t\t3\r\n\r\nDieses Ereignis wird generiert, wenn eine Anmeldesitzung zerstört wird. Es kann anhand des Wertes der Anmelde-ID positiv mit einem Anmeldeereignis korreliert werden. Anmelde-IDs sind nur zwischen Neustarts auf demselben Computer eindeutig.\"",
          "version": "0",
          "systemTime": "2026-05-26T06:05:23.5093277Z",
          "eventRecordID": "504131",
          "threadID": "3048",
          "computer": "SWE_2025_012.arzw.local",
          "task": "12545",
          "processID": "1212",
          "severityValue": "AUDIT_SUCCESS",
          "providerName": "Microsoft-Windows-Security-Auditing"
        }
      }
    },
    "rule": {
      "firedtimes": 3,
      "mail": false,
      "level": 3,
      "pci_dss": [
        "10.2.5"
      ],
      "hipaa": [
        "164.312.b"
      ],
      "tsc": [
        "CC6.8",
        "CC7.2",
        "CC7.3"
      ],
      "description": "Windows User Logoff",
      "groups": [
        "windows",
        "windows_security"
      ],
      "id": "60137",
      "nist_800_53": [
        "AU.14",
        "AC.7"
      ],
      "gdpr": [
        "IV_32.2"
      ]
    },
    "location": "EventChannel",
    "decoder": {
      "name": "windows_eventchannel"
    },
    "id": "1779775524.11237025",
    "timestamp": "2026-05-26T06:05:24.541+0000"
  },
  {
    "input": {
      "type": "log"
    },
    "agent": {
      "ip": "10.0.139.178",
      "name": "christian",
      "id": "112"
    },
    "manager": {
      "name": "wazuh.manager"
    },
    "data": {
      "win": {
        "eventdata": {
          "subjectLogonId": "0x0",
          "targetLinkedLogonId": "0x0",
          "impersonationLevel": "%%1833",
          "ipAddress": "::1",
          "authenticationPackageName": "Kerberos",
          "targetLogonId": "0x1bcd0897",
          "logonProcessName": "Kerberos",
          "logonGuid": "{a5fa8e9c-7ffd-ab0b-4930-8eaf076fa686}",
          "targetUserName": "SWE_2025_012$",
          "keyLength": "0",
          "elevatedToken": "%%1842",
          "subjectUserSid": "S-1-0-0",
          "processId": "0x0",
          "ipPort": "0",
          "targetDomainName": "ARZW.LOCAL",
          "targetUserSid": "S-1-5-18",
          "virtualAccount": "%%1843",
          "logonType": "3"
        },
        "system": {
          "eventID": "4624",
          "keywords": "0x8020000000000000",
          "providerGuid": "{54849625-5478-4994-a5ba-3e3b0328c30d}",
          "level": "0",
          "channel": "Security",
          "opcode": "0",
          "message": "\"Ein Konto wurde erfolgreich angemeldet.\r\n\r\nAntragsteller:\r\n\tSicherheits-ID:\t\tS-1-0-0\r\n\tKontoname:\t\t-\r\n\tKontodomäne:\t\t-\r\n\tAnmelde-ID:\t\t0x0\r\n\r\nAnmeldeinformationen:\r\n\tAnmeldetyp:\t\t3\r\n\tEingeschränkter Administratormodus:\t-\r\n\tRemote Credential Guard:\t-\r\n\tVirtuelles Konto:\t\tNein\r\n\tToken mit erhöhten Rechten:\t\tJa\r\n\r\nIdentitätswechselebene:\t\tIdentitätswechsel\r\n\r\nNeue Anmeldung:\r\n\tSicherheits-ID:\t\tS-1-5-18\r\n\tKontoname:\t\tSWE_2025_012$\r\n\tKontodomäne:\t\tARZW.LOCAL\r\n\tAnmelde-ID:\t\t0x1BCD0897\r\n\tVerknüpfte Anmelde-ID:\t\t0x0\r\n\tNetzwerk-Kontoname:\t-\r\n\tNetzwerk-Kontodomäne:\t-\r\n\tAnmelde-GUID:\t\t{a5fa8e9c-7ffd-ab0b-4930-8eaf076fa686}\r\n\r\nProzessinformationen:\r\n\tProzess-ID:\t\t0x0\r\n\tProzessname:\t\t-\r\n\r\nNetzwerkinformationen:\r\n\tArbeitsstationsname:\t-\r\n\tQuellnetzwerkadresse:\t::1\r\n\tQuellport:\t\t0\r\n\r\nDetaillierte Authentifizierungsinformationen:\r\n\tAnmeldeprozess:\t\tKerberos\r\n\tAuthentifizierungspaket:\tKerberos\r\n\tÜbertragene Dienste:\t-\r\n\tPaketname (nur NTLM):\t-\r\n\tSchlüssellänge:\t\t0\r\n\r\nDieses Ereignis wird beim Erstellen einer Anmeldesitzung generiert. Es wird auf dem Computer generiert, auf den zugegriffen wurde.\r\n\r\nDie Antragstellerfelder geben das Konto auf dem lokalen System an, von dem die Anmeldung angefordert wurde. Dies ist meistens ein Dienst wie der Serverdienst oder ein lokaler Prozess wie Winlogon.exe oder Services.exe.\r\n\r\nDas Anmeldetypfeld gibt den jeweiligen Anmeldetyp an. Die häufigsten Typen sind 2 (interaktiv) und 3 (Netzwerk).\r\n\r\nDie Felder für die neue Anmeldung geben das Konto an, für das die neue Anmeldung erstellt wurde, d. h. das angemeldete Konto.\r\n\r\nDie Netzwerkfelder geben den Ursprung einer Remoteanmeldeanforderung an. Der Arbeitsstationsname ist nicht immer verfügbar und kann in manchen Fällen leer bleiben.\r\n\r\nDas Feld für die Identitätswechselebene gibt an, in welchem Umfang ein Prozess in der Anmeldesitzung einen Identitätswechsel vornehmen kann.\r\n\r\nDie Felder für die Authentifizierungsinformationen enthalten detaillierte Informationen zu dieser spezifische Anmeldeanforderung.\r\n\t– Die Anmelde-GUID ist ein eindeutiger Bezeichner, der verwendet werden kann, um dieses Ereignis mit einem KDC-Ereignis zu korrelieren.\r\n\t– Die übertragenen Dienste geben an, welche Zwischendienste an der Anmeldeanforderung beteiligt waren.\r\n\t– Der Paketname gibt das in den NTLM-Protokollen verwendete Unterprotokoll an.\r\n\t– Die Schlüssellänge gibt die Länge des generierten Sitzungsschlüssels an. Wenn kein Sitzungsschlüssel angefordert wurde, ist dieser Wert 0.\"",
          "version": "3",
          "systemTime": "2026-05-26T06:05:20.5511405Z",
          "eventRecordID": "504130",
          "threadID": "13192",
          "computer": "SWE_2025_012.arzw.local",
          "task": "12544",
          "processID": "1212",
          "severityValue": "AUDIT_SUCCESS",
          "providerName": "Microsoft-Windows-Security-Auditing"
        }
      }
    },
    "rule": {
      "mail": false,
      "level": 3,
      "pci_dss": [
        "10.2.5"
      ],
      "hipaa": [
        "164.312.b"
      ],
      "tsc": [
        "CC6.8",
        "CC7.2",
        "CC7.3"
      ],
      "description": "Windows Logon Success",
      "groups": [
        "windows",
        "windows_security",
        "authentication_success"
      ],
      "nist_800_53": [
        "AU.14",
        "AC.9"
      ],
      "gdpr": [
        "IV_32.2"
      ],
      "firedtimes": 3,
      "mitre": {
        "technique": [
          "Valid Accounts"
        ],
        "id": [
          "T1078"
        ],
        "tactic": [
          "Defense Evasion",
          "Persistence",
          "Privilege Escalation",
          "Initial Access"
        ]
      },
      "id": "60106",
      "gpg13": [
        "7.1",
        "7.2"
      ]
    },
    "location": "EventChannel",
    "decoder": {
      "name": "windows_eventchannel"
    },
    "id": "1779775521.11227298",
    "timestamp": "2026-05-26T06:05:21.582+0000"
  },
  {
    "input": {
      "type": "log"
    },
    "agent": {
      "ip": "10.0.139.178",
      "name": "christian",
      "id": "112"
    },
    "manager": {
      "name": "wazuh.manager"
    },
    "data": {
      "win": {
        "eventdata": {
          "param3": "Manuell starten",
          "param4": "BITS",
          "param1": "Background Intelligent Transfer Service",
          "param2": "Automatisch starten"
        },
        "system": {
          "eventID": "7040",
          "eventSourceName": "Service Control Manager",
          "keywords": "0x8080000000000000",
          "providerGuid": "{555908d1-a6d7-4695-8e1e-26931d2012f4}",
          "level": "4",
          "channel": "System",
          "opcode": "0",
          "message": "\"Der Starttyp des Diensts \"Background Intelligent Transfer Service\" wurde von Automatisch starten in Manuell starten geändert.\"",
          "version": "0",
          "systemTime": "2026-05-26T05:58:52.3334379Z",
          "eventRecordID": "50647",
          "threadID": "25228",
          "computer": "SWE_2025_012.arzw.local",
          "task": "0",
          "processID": "1184",
          "severityValue": "INFORMATION",
          "providerName": "Service Control Manager"
        }
      }
    },
    "rule": {
      "firedtimes": 85,
      "mail": false,
      "level": 3,
      "pci_dss": [
        "10.6"
      ],
      "hipaa": [
        "164.312.b"
      ],
      "tsc": [
        "CC6.1",
        "CC6.8",
        "CC7.2",
        "CC7.3"
      ],
      "description": "Service startup type was changed",
      "groups": [
        "windows",
        "windows_system",
        "policy_changed"
      ],
      "id": "61104",
      "nist_800_53": [
        "AU.6"
      ],
      "info": "This does not appear to be logged on Windows 2000",
      "gdpr": [
        "IV_35.7.d"
      ]
    },
    "location": "EventChannel",
    "decoder": {
      "name": "windows_eventchannel"
    },
    "id": "1779775133.10966957",
    "timestamp": "2026-05-26T05:58:53.367+0000"
  },
  {
    "input": {
      "type": "log"
    },
    "agent": {
      "ip": "10.0.139.178",
      "name": "christian",
      "id": "112"
    },
    "manager": {
      "name": "wazuh.manager"
    },
    "data": {
      "win": {
        "eventdata": {
          "data": "2126-05-02T05:58:33Z, RulesEngine"
        },
        "system": {
          "eventID": "16384",
          "eventSourceName": "Software Protection Platform Service",
          "keywords": "0x80000000000000",
          "providerGuid": "{E23B33B0-C8C9-472C-A5F9-F2BDFEA0F156}",
          "level": "4",
          "channel": "Application",
          "opcode": "0",
          "message": "\"Der Softwareschutzdienst wurde erfolgreich für den erneuten Start bei 2126-05-02T05:58:33Z geplant. Grund: RulesEngine.\"",
          "version": "0",
          "systemTime": "2026-05-26T05:58:33.4312754Z",
          "eventRecordID": "49882",
          "threadID": "0",
          "computer": "SWE_2025_012.arzw.local",
          "task": "0",
          "processID": "12856",
          "severityValue": "INFORMATION",
          "providerName": "Microsoft-Windows-Security-SPP"
        }
      }
    },
    "rule": {
      "firedtimes": 130,
      "mail": false,
      "level": 3,
      "description": "Software protection service scheduled successfully.",
      "groups": [
        "windows",
        "windows_application"
      ],
      "id": "60642"
    },
    "location": "EventChannel",
    "decoder": {
      "name": "windows_eventchannel"
    },
    "id": "1779775113.10960565",
    "timestamp": "2026-05-26T05:58:33.463+0000"
  },
  {
    "input": {
      "type": "log"
    },
    "agent": {
      "ip": "10.0.139.178",
      "name": "christian",
      "id": "112"
    },
    "manager": {
      "name": "wazuh.manager"
    },
    "data": {
      "win": {
        "eventdata": {
          "data": "2126-05-02T05:57:05Z, RulesEngine"
        },
        "system": {
          "eventID": "16384",
          "eventSourceName": "Software Protection Platform Service",
          "keywords": "0x80000000000000",
          "providerGuid": "{E23B33B0-C8C9-472C-A5F9-F2BDFEA0F156}",
          "level": "4",
          "channel": "Application",
          "opcode": "0",
          "message": "\"Der Softwareschutzdienst wurde erfolgreich für den erneuten Start bei 2126-05-02T05:57:05Z geplant. Grund: RulesEngine.\"",
          "version": "0",
          "systemTime": "2026-05-26T05:57:05.1518453Z",
          "eventRecordID": "49880",
          "threadID": "0",
          "computer": "SWE_2025_012.arzw.local",
          "task": "0",
          "processID": "9444",
          "severityValue": "INFORMATION",
          "providerName": "Microsoft-Windows-Security-SPP"
        }
      }
    },
    "rule": {
      "firedtimes": 126,
      "mail": false,
      "level": 3,
      "description": "Software protection service scheduled successfully.",
      "groups": [
        "windows",
        "windows_application"
      ],
      "id": "60642"
    },
    "location": "EventChannel",
    "decoder": {
      "name": "windows_eventchannel"
    },
    "id": "1779775025.10923203",
    "timestamp": "2026-05-26T05:57:05.184+0000"
  },
  {
    "input": {
      "type": "log"
    },
    "agent": {
      "ip": "10.0.139.178",
      "name": "christian",
      "id": "112"
    },
    "manager": {
      "name": "wazuh.manager"
    },
    "data": {
      "win": {
        "eventdata": {
          "param3": "Automatisch starten",
          "param4": "BITS",
          "param1": "Background Intelligent Transfer Service",
          "param2": "Manuell starten"
        },
        "system": {
          "eventID": "7040",
          "eventSourceName": "Service Control Manager",
          "keywords": "0x8080000000000000",
          "providerGuid": "{555908d1-a6d7-4695-8e1e-26931d2012f4}",
          "level": "4",
          "channel": "System",
          "opcode": "0",
          "message": "\"Der Starttyp des Diensts \"Background Intelligent Transfer Service\" wurde von Manuell starten in Automatisch starten geändert.\"",
          "version": "0",
          "systemTime": "2026-05-26T05:56:47.6758949Z",
          "eventRecordID": "50646",
          "threadID": "25228",
          "computer": "SWE_2025_012.arzw.local",
          "task": "0",
          "processID": "1184",
          "severityValue": "INFORMATION",
          "providerName": "Service Control Manager"
        }
      }
    },
    "rule": {
      "firedtimes": 81,
      "mail": false,
      "level": 3,
      "pci_dss": [
        "10.6"
      ],
      "hipaa": [
        "164.312.b"
      ],
      "tsc": [
        "CC6.1",
        "CC6.8",
        "CC7.2",
        "CC7.3"
      ],
      "description": "Service startup type was changed",
      "groups": [
        "windows",
        "windows_system",
        "policy_changed"
      ],
      "id": "61104",
      "nist_800_53": [
        "AU.6"
      ],
      "info": "This does not appear to be logged on Windows 2000",
      "gdpr": [
        "IV_35.7.d"
      ]
    },
    "location": "EventChannel",
    "decoder": {
      "name": "windows_eventchannel"
    },
    "id": "1779775008.10911002",
    "timestamp": "2026-05-26T05:56:48.711+0000"
  },
  {
    "input": {
      "type": "log"
    },
    "agent": {
      "ip": "10.0.139.178",
      "name": "christian",
      "id": "112"
    },
    "manager": {
      "name": "wazuh.manager"
    },
    "data": {
      "win": {
        "eventdata": {
          "param3": "Manuell starten",
          "param4": "BITS",
          "param1": "Background Intelligent Transfer Service",
          "param2": "Automatisch starten"
        },
        "system": {
          "eventID": "7040",
          "eventSourceName": "Service Control Manager",
          "keywords": "0x8080000000000000",
          "providerGuid": "{555908d1-a6d7-4695-8e1e-26931d2012f4}",
          "level": "4",
          "channel": "System",
          "opcode": "0",
          "message": "\"Der Starttyp des Diensts \"Background Intelligent Transfer Service\" wurde von Automatisch starten in Manuell starten geändert.\"",
          "version": "0",
          "systemTime": "2026-05-26T05:44:41.5716120Z",
          "eventRecordID": "50644",
          "threadID": "13428",
          "computer": "SWE_2025_012.arzw.local",
          "task": "0",
          "processID": "1184",
          "severityValue": "INFORMATION",
          "providerName": "Service Control Manager"
        }
      }
    },
    "rule": {
      "firedtimes": 66,
      "mail": false,
      "level": 3,
      "pci_dss": [
        "10.6"
      ],
      "hipaa": [
        "164.312.b"
      ],
      "tsc": [
        "CC6.1",
        "CC6.8",
        "CC7.2",
        "CC7.3"
      ],
      "description": "Service startup type was changed",
      "groups": [
        "windows",
        "windows_system",
        "policy_changed"
      ],
      "id": "61104",
      "nist_800_53": [
        "AU.6"
      ],
      "info": "This does not appear to be logged on Windows 2000",
      "gdpr": [
        "IV_35.7.d"
      ]
    },
    "location": "EventChannel",
    "decoder": {
      "name": "windows_eventchannel"
    },
    "id": "1779774282.10531231",
    "timestamp": "2026-05-26T05:44:42.636+0000"
  },
  {
    "input": {
      "type": "log"
    },
    "agent": {
      "ip": "10.0.139.178",
      "name": "christian",
      "id": "112"
    },
    "manager": {
      "name": "wazuh.manager"
    },
    "data": {
      "win": {
        "eventdata": {
          "param3": "Automatisch starten",
          "param4": "BITS",
          "param1": "Background Intelligent Transfer Service",
          "param2": "Manuell starten"
        },
        "system": {
          "eventID": "7040",
          "eventSourceName": "Service Control Manager",
          "keywords": "0x8080000000000000",
          "providerGuid": "{555908d1-a6d7-4695-8e1e-26931d2012f4}",
          "level": "4",
          "channel": "System",
          "opcode": "0",
          "message": "\"Der Starttyp des Diensts \"Background Intelligent Transfer Service\" wurde von Manuell starten in Automatisch starten geändert.\"",
          "version": "0",
          "systemTime": "2026-05-26T05:42:18.1082631Z",
          "eventRecordID": "50640",
          "threadID": "28492",
          "computer": "SWE_2025_012.arzw.local",
          "task": "0",
          "processID": "1184",
          "severityValue": "INFORMATION",
          "providerName": "Service Control Manager"
        }
      }
    },
    "rule": {
      "firedtimes": 64,
      "mail": false,
      "level": 3,
      "pci_dss": [
        "10.6"
      ],
      "hipaa": [
        "164.312.b"
      ],
      "tsc": [
        "CC6.1",
        "CC6.8",
        "CC7.2",
        "CC7.3"
      ],
      "description": "Service startup type was changed",
      "groups": [
        "windows",
        "windows_system",
        "policy_changed"
      ],
      "id": "61104",
      "nist_800_53": [
        "AU.6"
      ],
      "info": "This does not appear to be logged on Windows 2000",
      "gdpr": [
        "IV_35.7.d"
      ]
    },
    "location": "EventChannel",
    "decoder": {
      "name": "windows_eventchannel"
    },
    "id": "1779774139.10416659",
    "timestamp": "2026-05-26T05:42:19.271+0000"
  },
  {
    "input": {
      "type": "log"
    },
    "agent": {
      "ip": "10.0.139.178",
      "name": "christian",
      "id": "112"
    },
    "manager": {
      "name": "wazuh.manager"
    },
    "data": {
      "win": {
        "eventdata": {
          "data": "2126-05-02T05:40:13Z, RulesEngine"
        },
        "system": {
          "eventID": "16384",
          "eventSourceName": "Software Protection Platform Service",
          "keywords": "0x80000000000000",
          "providerGuid": "{E23B33B0-C8C9-472C-A5F9-F2BDFEA0F156}",
          "level": "4",
          "channel": "Application",
          "opcode": "0",
          "message": "\"Der Softwareschutzdienst wurde erfolgreich für den erneuten Start bei 2126-05-02T05:40:13Z geplant. Grund: RulesEngine.\"",
          "version": "0",
          "systemTime": "2026-05-26T05:40:13.0939350Z",
          "eventRecordID": "49878",
          "threadID": "0",
          "computer": "SWE_2025_012.arzw.local",
          "task": "0",
          "processID": "27580",
          "severityValue": "INFORMATION",
          "providerName": "Microsoft-Windows-Security-SPP"
        }
      }
    },
    "rule": {
      "firedtimes": 92,
      "mail": false,
      "level": 3,
      "description": "Software protection service scheduled successfully.",
      "groups": [
        "windows",
        "windows_application"
      ],
      "id": "60642"
    },
    "location": "EventChannel",
    "decoder": {
      "name": "windows_eventchannel"
    },
    "id": "1779774013.10318359",
    "timestamp": "2026-05-26T05:40:13.192+0000"
  },
  {
    "input": {
      "type": "log"
    },
    "agent": {
      "ip": "10.0.139.178",
      "name": "christian",
      "id": "112"
    },
    "manager": {
      "name": "wazuh.manager"
    },
    "data": {
      "vulnerability": {
        "severity": "Medium",
        "package": {
          "name": "Google Chrome",
          "version": "148.0.7778.178",
          "architecture": "i686"
        },
        "published": "2026-05-20T20:16:45Z",
        "classification": "CVSS",
        "title": "CVE-2026-9124 affecting Google Chrome was solved",
        "type": "Packages",
        "reference": "https://issues.chromium.org/issues/496375695, https://chromereleases.googleblog.com/2026/05/stable-channel-update-for-desktop_0841193308.html",
        "score": {
          "version": "3.1",
          "base": "5.300000"
        },
        "cve": "CVE-2026-9124",
        "scanner": {
          "reference": "https://cti.wazuh.com/vulnerabilities/cves/CVE-2026-9124"
        },
        "enumeration": "CVE",
        "cvss": {
          "cvss3": {
            "base_score": "5.300000"
          }
        },
        "updated": "2026-05-21T16:25:53Z",
        "status": "Solved"
      }
    },
    "rule": {
      "firedtimes": 51,
      "mail": false,
      "level": 3,
      "pci_dss": [
        "11.2.1",
        "11.2.3"
      ],
      "tsc": [
        "CC7.1",
        "CC7.2"
      ],
      "description": "The CVE-2026-9124 that affected Google Chrome was solved due to an update in the agent or feed.",
      "groups": [
        "vulnerability-detector"
      ],
      "id": "23502",
      "gdpr": [
        "IV_35.7.d"
      ]
    },
    "location": "vulnerability-detector",
    "decoder": {
      "name": "json"
    },
    "id": "1779773750.10114248",
    "timestamp": "2026-05-26T05:35:50.490+0000"
  },
  {
    "input": {
      "type": "log"
    },
    "agent": {
      "ip": "10.0.139.178",
      "name": "christian",
      "id": "112"
    },
    "manager": {
      "name": "wazuh.manager"
    },
    "data": {
      "vulnerability": {
        "severity": "Medium",
        "package": {
          "name": "Google Chrome",
          "version": "148.0.7778.178",
          "architecture": "i686"
        },
        "published": "2026-05-20T20:16:42Z",
        "classification": "CVSS",
        "title": "CVE-2026-9115 affecting Google Chrome was solved",
        "type": "Packages",
        "reference": "https://issues.chromium.org/issues/495999481, https://chromereleases.googleblog.com/2026/05/stable-channel-update-for-desktop_0841193308.html",
        "score": {
          "version": "3.1",
          "base": "4.300000"
        },
        "cve": "CVE-2026-9115",
        "scanner": {
          "reference": "https://cti.wazuh.com/vulnerabilities/cves/CVE-2026-9115"
        },
        "enumeration": "CVE",
        "cvss": {
          "cvss3": {
            "base_score": "4.300000"
          }
        },
        "updated": "2026-05-21T16:56:21Z",
        "status": "Solved"
      }
    },
    "rule": {
      "firedtimes": 50,
      "mail": false,
      "level": 3,
      "pci_dss": [
        "11.2.1",
        "11.2.3"
      ],
      "tsc": [
        "CC7.1",
        "CC7.2"
      ],
      "description": "The CVE-2026-9115 that affected Google Chrome was solved due to an update in the agent or feed.",
      "groups": [
        "vulnerability-detector"
      ],
      "id": "23502",
      "gdpr": [
        "IV_35.7.d"
      ]
    },
    "location": "vulnerability-detector",
    "decoder": {
      "name": "json"
    },
    "id": "1779773750.10112429",
    "timestamp": "2026-05-26T05:35:50.480+0000"
  },
  {
    "input": {
      "type": "log"
    },
    "agent": {
      "ip": "10.0.139.178",
      "name": "christian",
      "id": "112"
    },
    "manager": {
      "name": "wazuh.manager"
    },
    "data": {
      "vulnerability": {
        "severity": "High",
        "package": {
          "name": "Google Chrome",
          "version": "148.0.7778.178",
          "architecture": "i686"
        },
        "published": "2026-05-20T20:16:41Z",
        "classification": "CVSS",
        "title": "CVE-2026-9111 affecting Google Chrome was solved",
        "type": "Packages",
        "reference": "https://issues.chromium.org/issues/504551032, https://chromereleases.googleblog.com/2026/05/stable-channel-update-for-desktop_0841193308.html",
        "score": {
          "version": "3.1",
          "base": "8.800000"
        },
        "cve": "CVE-2026-9111",
        "scanner": {
          "reference": "https://cti.wazuh.com/vulnerabilities/cves/CVE-2026-9111"
        },
        "enumeration": "CVE",
        "cvss": {
          "cvss3": {
            "base_score": "8.800000"
          }
        },
        "updated": "2026-05-21T16:56:46Z",
        "status": "Solved"
      }
    },
    "rule": {
      "firedtimes": 49,
      "mail": false,
      "level": 3,
      "pci_dss": [
        "11.2.1",
        "11.2.3"
      ],
      "tsc": [
        "CC7.1",
        "CC7.2"
      ],
      "description": "The CVE-2026-9111 that affected Google Chrome was solved due to an update in the agent or feed.",
      "groups": [
        "vulnerability-detector"
      ],
      "id": "23502",
      "gdpr": [
        "IV_35.7.d"
      ]
    },
    "location": "vulnerability-detector",
    "decoder": {
      "name": "json"
    },
    "id": "1779773750.10110614",
    "timestamp": "2026-05-26T05:35:50.468+0000"
  },
  {
    "input": {
      "type": "log"
    },
    "agent": {
      "ip": "10.0.139.178",
      "name": "christian",
      "id": "112"
    },
    "manager": {
      "name": "wazuh.manager"
    },
    "data": {
      "vulnerability": {
        "severity": "Medium",
        "package": {
          "name": "Google Chrome",
          "version": "148.0.7778.178",
          "architecture": "i686"
        },
        "published": "2026-05-20T20:16:42Z",
        "classification": "CVSS",
        "title": "CVE-2026-9113 affecting Google Chrome was solved",
        "type": "Packages",
        "reference": "https://issues.chromium.org/issues/489585044, https://chromereleases.googleblog.com/2026/05/stable-channel-update-for-desktop_0841193308.html",
        "score": {
          "version": "3.1",
          "base": "4.300000"
        },
        "cve": "CVE-2026-9113",
        "scanner": {
          "reference": "https://cti.wazuh.com/vulnerabilities/cves/CVE-2026-9113"
        },
        "enumeration": "CVE",
        "cvss": {
          "cvss3": {
            "base_score": "4.300000"
          }
        },
        "updated": "2026-05-21T16:56:38Z",
        "status": "Solved"
      }
    },
    "rule": {
      "firedtimes": 48,
      "mail": false,
      "level": 3,
      "pci_dss": [
        "11.2.1",
        "11.2.3"
      ],
      "tsc": [
        "CC7.1",
        "CC7.2"
      ],
      "description": "The CVE-2026-9113 that affected Google Chrome was solved due to an update in the agent or feed.",
      "groups": [
        "vulnerability-detector"
      ],
      "id": "23502",
      "gdpr": [
        "IV_35.7.d"
      ]
    },
    "location": "vulnerability-detector",
    "decoder": {
      "name": "json"
    },
    "id": "1779773750.10108795",
    "timestamp": "2026-05-26T05:35:50.458+0000"
  },
  {
    "input": {
      "type": "log"
    },
    "agent": {
      "ip": "10.0.139.178",
      "name": "christian",
      "id": "112"
    },
    "manager": {
      "name": "wazuh.manager"
    },
    "data": {
      "vulnerability": {
        "severity": "High",
        "package": {
          "name": "Google Chrome",
          "version": "148.0.7778.178",
          "architecture": "i686"
        },
        "published": "2026-05-20T20:16:42Z",
        "classification": "CVSS",
        "title": "CVE-2026-9114 affecting Google Chrome was solved",
        "type": "Packages",
        "reference": "https://issues.chromium.org/issues/495798630, https://chromereleases.googleblog.com/2026/05/stable-channel-update-for-desktop_0841193308.html",
        "score": {
          "version": "3.1",
          "base": "8.800000"
        },
        "cve": "CVE-2026-9114",
        "scanner": {
          "reference": "https://cti.wazuh.com/vulnerabilities/cves/CVE-2026-9114"
        },
        "enumeration": "CVE",
        "cvss": {
          "cvss3": {
            "base_score": "8.800000"
          }
        },
        "updated": "2026-05-21T16:56:26Z",
        "status": "Solved"
      }
    },
    "rule": {
      "firedtimes": 47,
      "mail": false,
      "level": 3,
      "pci_dss": [
        "11.2.1",
        "11.2.3"
      ],
      "tsc": [
        "CC7.1",
        "CC7.2"
      ],
      "description": "The CVE-2026-9114 that affected Google Chrome was solved due to an update in the agent or feed.",
      "groups": [
        "vulnerability-detector"
      ],
      "id": "23502",
      "gdpr": [
        "IV_35.7.d"
      ]
    },
    "location": "vulnerability-detector",
    "decoder": {
      "name": "json"
    },
    "id": "1779773750.10106980",
    "timestamp": "2026-05-26T05:35:50.448+0000"
  },
  {
    "input": {
      "type": "log"
    },
    "agent": {
      "ip": "10.0.139.178",
      "name": "christian",
      "id": "112"
    },
    "manager": {
      "name": "wazuh.manager"
    },
    "data": {
      "vulnerability": {
        "severity": "High",
        "package": {
          "name": "Google Chrome",
          "version": "148.0.7778.178",
          "architecture": "i686"
        },
        "published": "2026-05-20T20:16:45Z",
        "classification": "CVSS",
        "title": "CVE-2026-9126 affecting Google Chrome was solved",
        "type": "Packages",
        "reference": "https://issues.chromium.org/issues/496280532, https://chromereleases.googleblog.com/2026/05/stable-channel-update-for-desktop_0841193308.html",
        "score": {
          "version": "3.1",
          "base": "8.800000"
        },
        "cve": "CVE-2026-9126",
        "scanner": {
          "reference": "https://cti.wazuh.com/vulnerabilities/cves/CVE-2026-9126"
        },
        "enumeration": "CVE",
        "cvss": {
          "cvss3": {
            "base_score": "8.800000"
          }
        },
        "updated": "2026-05-21T16:23:01Z",
        "status": "Solved"
      }
    },
    "rule": {
      "firedtimes": 46,
      "mail": false,
      "level": 3,
      "pci_dss": [
        "11.2.1",
        "11.2.3"
      ],
      "tsc": [
        "CC7.1",
        "CC7.2"
      ],
      "description": "The CVE-2026-9126 that affected Google Chrome was solved due to an update in the agent or feed.",
      "groups": [
        "vulnerability-detector"
      ],
      "id": "23502",
      "gdpr": [
        "IV_35.7.d"
      ]
    },
    "location": "vulnerability-detector",
    "decoder": {
      "name": "json"
    },
    "id": "1779773750.10105165",
    "timestamp": "2026-05-26T05:35:50.438+0000"
  },
  {
    "input": {
      "type": "log"
    },
    "agent": {
      "ip": "10.0.139.178",
      "name": "christian",
      "id": "112"
    },
    "manager": {
      "name": "wazuh.manager"
    },
    "data": {
      "vulnerability": {
        "severity": "Medium",
        "package": {
          "name": "Google Chrome",
          "version": "148.0.7778.178",
          "architecture": "i686"
        },
        "published": "2026-05-20T20:16:41Z",
        "classification": "CVSS",
        "title": "CVE-2026-9110 affecting Google Chrome was solved",
        "type": "Packages",
        "reference": "https://issues.chromium.org/issues/503551154, https://chromereleases.googleblog.com/2026/05/stable-channel-update-for-desktop_0841193308.html",
        "score": {
          "version": "3.1",
          "base": "4.200000"
        },
        "cve": "CVE-2026-9110",
        "scanner": {
          "reference": "https://cti.wazuh.com/vulnerabilities/cves/CVE-2026-9110"
        },
        "enumeration": "CVE",
        "cvss": {
          "cvss3": {
            "base_score": "4.200000"
          }
        },
        "updated": "2026-05-21T16:56:51Z",
        "status": "Solved"
      }
    },
    "rule": {
      "firedtimes": 45,
      "mail": false,
      "level": 3,
      "pci_dss": [
        "11.2.1",
        "11.2.3"
      ],
      "tsc": [
        "CC7.1",
        "CC7.2"
      ],
      "description": "The CVE-2026-9110 that affected Google Chrome was solved due to an update in the agent or feed.",
      "groups": [
        "vulnerability-detector"
      ],
      "id": "23502",
      "gdpr": [
        "IV_35.7.d"
      ]
    },
    "location": "vulnerability-detector",
    "decoder": {
      "name": "json"
    },
    "id": "1779773750.10103346",
    "timestamp": "2026-05-26T05:35:50.428+0000"
  },
  {
    "input": {
      "type": "log"
    },
    "agent": {
      "ip": "10.0.139.178",
      "name": "christian",
      "id": "112"
    },
    "manager": {
      "name": "wazuh.manager"
    },
    "data": {
      "vulnerability": {
        "severity": "High",
        "package": {
          "name": "Google Chrome",
          "version": "148.0.7778.178",
          "architecture": "i686"
        },
        "published": "2026-05-20T20:16:42Z",
        "classification": "CVSS",
        "title": "CVE-2026-9112 affecting Google Chrome was solved",
        "type": "Packages",
        "reference": "https://issues.chromium.org/issues/489791425, https://chromereleases.googleblog.com/2026/05/stable-channel-update-for-desktop_0841193308.html",
        "score": {
          "version": "3.1",
          "base": "8.800000"
        },
        "cve": "CVE-2026-9112",
        "scanner": {
          "reference": "https://cti.wazuh.com/vulnerabilities/cves/CVE-2026-9112"
        },
        "enumeration": "CVE",
        "cvss": {
          "cvss3": {
            "base_score": "8.800000"
          }
        },
        "updated": "2026-05-21T16:56:43Z",
        "status": "Solved"
      }
    },
    "rule": {
      "firedtimes": 44,
      "mail": false,
      "level": 3,
      "pci_dss": [
        "11.2.1",
        "11.2.3"
      ],
      "tsc": [
        "CC7.1",
        "CC7.2"
      ],
      "description": "The CVE-2026-9112 that affected Google Chrome was solved due to an update in the agent or feed.",
      "groups": [
        "vulnerability-detector"
      ],
      "id": "23502",
      "gdpr": [
        "IV_35.7.d"
      ]
    },
    "location": "vulnerability-detector",
    "decoder": {
      "name": "json"
    },
    "id": "1779773750.10101531",
    "timestamp": "2026-05-26T05:35:50.418+0000"
  },
  {
    "input": {
      "type": "log"
    },
    "agent": {
      "ip": "10.0.139.178",
      "name": "christian",
      "id": "112"
    },
    "manager": {
      "name": "wazuh.manager"
    },
    "data": {
      "vulnerability": {
        "severity": "Medium",
        "package": {
          "name": "Google Chrome",
          "version": "148.0.7778.178",
          "architecture": "i686"
        },
        "published": "2026-05-20T20:16:42Z",
        "classification": "CVSS",
        "title": "CVE-2026-9116 affecting Google Chrome was solved",
        "type": "Packages",
        "reference": "https://issues.chromium.org/issues/497436273, https://chromereleases.googleblog.com/2026/05/stable-channel-update-for-desktop_0841193308.html",
        "score": {
          "version": "3.1",
          "base": "4.300000"
        },
        "cve": "CVE-2026-9116",
        "scanner": {
          "reference": "https://cti.wazuh.com/vulnerabilities/cves/CVE-2026-9116"
        },
        "enumeration": "CVE",
        "cvss": {
          "cvss3": {
            "base_score": "4.300000"
          }
        },
        "updated": "2026-05-21T16:56:15Z",
        "status": "Solved"
      }
    },
    "rule": {
      "firedtimes": 43,
      "mail": false,
      "level": 3,
      "pci_dss": [
        "11.2.1",
        "11.2.3"
      ],
      "tsc": [
        "CC7.1",
        "CC7.2"
      ],
      "description": "The CVE-2026-9116 that affected Google Chrome was solved due to an update in the agent or feed.",
      "groups": [
        "vulnerability-detector"
      ],
      "id": "23502",
      "gdpr": [
        "IV_35.7.d"
      ]
    },
    "location": "vulnerability-detector",
    "decoder": {
      "name": "json"
    },
    "id": "1779773750.10099712",
    "timestamp": "2026-05-26T05:35:50.408+0000"
  },
  {
    "input": {
      "type": "log"
    },
    "agent": {
      "ip": "10.0.139.178",
      "name": "christian",
      "id": "112"
    },
    "manager": {
      "name": "wazuh.manager"
    },
    "data": {
      "win": {
        "eventdata": {
          "data": "2126-05-02T05:10:12Z, RulesEngine"
        },
        "system": {
          "eventID": "16384",
          "eventSourceName": "Software Protection Platform Service",
          "keywords": "0x80000000000000",
          "providerGuid": "{E23B33B0-C8C9-472C-A5F9-F2BDFEA0F156}",
          "level": "4",
          "channel": "Application",
          "opcode": "0",
          "message": "\"Der Softwareschutzdienst wurde erfolgreich für den erneuten Start bei 2126-05-02T05:10:12Z geplant. Grund: RulesEngine.\"",
          "version": "0",
          "systemTime": "2026-05-26T05:10:12.6891057Z",
          "eventRecordID": "49874",
          "threadID": "0",
          "computer": "SWE_2025_012.arzw.local",
          "task": "0",
          "processID": "27504",
          "severityValue": "INFORMATION",
          "providerName": "Microsoft-Windows-Security-SPP"
        }
      }
    },
    "rule": {
      "firedtimes": 21,
      "mail": false,
      "level": 3,
      "description": "Software protection service scheduled successfully.",
      "groups": [
        "windows",
        "windows_application"
      ],
      "id": "60642"
    },
    "location": "EventChannel",
    "decoder": {
      "name": "windows_eventchannel"
    },
    "id": "1779772212.7120985",
    "timestamp": "2026-05-26T05:10:12.769+0000"
  },
  {
    "input": {
      "type": "log"
    },
    "agent": {
      "ip": "10.0.139.178",
      "name": "christian",
      "id": "112"
    },
    "manager": {
      "name": "wazuh.manager"
    },
    "data": {
      "win": {
        "eventdata": {
          "binary": "2D20436F64653A2020434F525356434330303030303737322D2043616C6C3A2020434F525356434330303030303735342D205049443A202030303030353039322D205449443A202030303031373033362D20434D443A2020433A5C57494E444F57535C73797374656D33325C76737376632E6578652020202D20557365723A204E616D653A204E542D4155544F524954C4545C53595354454D2C205349443A532D312D352D313820"
        },
        "system": {
          "eventID": "8224",
          "keywords": "0x80000000000000",
          "level": "4",
          "channel": "Application",
          "opcode": "0",
          "message": "\"Der VSS-Dienst wird aufgrund eines Leerlaufzeitlimits heruntergefahren. \"",
          "version": "0",
          "systemTime": "2026-05-26T05:07:15.7005150Z",
          "eventRecordID": "49872",
          "threadID": "0",
          "computer": "SWE_2025_012.arzw.local",
          "task": "0",
          "processID": "5092",
          "severityValue": "INFORMATION",
          "providerName": "VSS"
        }
      }
    },
    "rule": {
      "firedtimes": 1,
      "mail": false,
      "level": 5,
      "description": "The VSS service is shutting down due to idle timeout.",
      "groups": [
        "windows",
        "windows_application"
      ],
      "id": "60702"
    },
    "location": "EventChannel",
    "decoder": {
      "name": "windows_eventchannel"
    },
    "id": "1779772035.7042736",
    "timestamp": "2026-05-26T05:07:15.823+0000"
  },
  {
    "input": {
      "type": "log"
    },
    "agent": {
      "ip": "10.0.139.178",
      "name": "christian",
      "id": "112"
    },
    "manager": {
      "name": "wazuh.manager"
    },
    "data": {
      "win": {
        "eventdata": {
          "data": "2126-05-02T05:06:19Z, RulesEngine"
        },
        "system": {
          "eventID": "16384",
          "eventSourceName": "Software Protection Platform Service",
          "keywords": "0x80000000000000",
          "providerGuid": "{E23B33B0-C8C9-472C-A5F9-F2BDFEA0F156}",
          "level": "4",
          "channel": "Application",
          "opcode": "0",
          "message": "\"Der Softwareschutzdienst wurde erfolgreich für den erneuten Start bei 2126-05-02T05:06:19Z geplant. Grund: RulesEngine.\"",
          "version": "0",
          "systemTime": "2026-05-26T05:06:19.0462199Z",
          "eventRecordID": "49871",
          "threadID": "0",
          "computer": "SWE_2025_012.arzw.local",
          "task": "0",
          "processID": "1408",
          "severityValue": "INFORMATION",
          "providerName": "Microsoft-Windows-Security-SPP"
        }
      }
    },
    "rule": {
      "firedtimes": 13,
      "mail": false,
      "level": 3,
      "description": "Software protection service scheduled successfully.",
      "groups": [
        "windows",
        "windows_application"
      ],
      "id": "60642"
    },
    "location": "EventChannel",
    "decoder": {
      "name": "windows_eventchannel"
    },
    "id": "1779771979.6991366",
    "timestamp": "2026-05-26T05:06:19.130+0000"
  },
  {
    "input": {
      "type": "log"
    },
    "agent": {
      "ip": "10.0.139.178",
      "name": "christian",
      "id": "112"
    },
    "manager": {
      "name": "wazuh.manager"
    },
    "data": {
      "win": {
        "eventdata": {
          "param3": "Manuell starten",
          "param4": "TrustedInstaller",
          "param1": "Windows Modules Installer",
          "param2": "Automatisch starten"
        },
        "system": {
          "eventID": "7040",
          "eventSourceName": "Service Control Manager",
          "keywords": "0x8080000000000000",
          "providerGuid": "{555908d1-a6d7-4695-8e1e-26931d2012f4}",
          "level": "4",
          "channel": "System",
          "opcode": "0",
          "message": "\"Der Starttyp des Diensts \"Windows Modules Installer\" wurde von Automatisch starten in Manuell starten geändert.\"",
          "version": "0",
          "systemTime": "2026-05-26T05:04:07.3813058Z",
          "eventRecordID": "50634",
          "threadID": "16572",
          "computer": "SWE_2025_012.arzw.local",
          "task": "0",
          "processID": "1184",
          "severityValue": "INFORMATION",
          "providerName": "Service Control Manager"
        }
      }
    },
    "rule": {
      "firedtimes": 12,
      "mail": false,
      "level": 3,
      "pci_dss": [
        "10.6"
      ],
      "hipaa": [
        "164.312.b"
      ],
      "tsc": [
        "CC6.1",
        "CC6.8",
        "CC7.2",
        "CC7.3"
      ],
      "description": "Service startup type was changed",
      "groups": [
        "windows",
        "windows_system",
        "policy_changed"
      ],
      "id": "61104",
      "nist_800_53": [
        "AU.6"
      ],
      "info": "This does not appear to be logged on Windows 2000",
      "gdpr": [
        "IV_35.7.d"
      ]
    },
    "location": "EventChannel",
    "decoder": {
      "name": "windows_eventchannel"
    },
    "id": "1779771848.6963647",
    "timestamp": "2026-05-26T05:04:08.458+0000"
  },
