  {
    "input": {
      "type": "log"
    },
    "agent": {
      "ip": "172.21.6.5",
      "name": "SWE03",
      "id": "030"
    },
    "manager": {
      "name": "wazuh.manager"
    },
    "data": {
      "win": {
        "eventdata": {
          "subjectLogonId": "0x0",
          "targetLinkedLogonId": "0x0",
          "impersonationLevel": "%%1833",
          "authenticationPackageName": "Kerberos",
          "targetLogonId": "0xfd98d",
          "logonProcessName": "Kerberos",
          "logonGuid": "{9e372bbe-a4de-64d1-c46e-ef95f0b6d62f}",
          "targetUserName": "SWE03$",
          "keyLength": "0",
          "elevatedToken": "%%1842",
          "subjectUserSid": "S-1-0-0",
          "processId": "0x0",
          "targetDomainName": "ARZW.LOCAL",
          "targetUserSid": "S-1-5-18",
          "virtualAccount": "%%1843",
          "logonType": "3"
        },
        "system": {
          "eventID": "4624",
          "keywords": "0x8020000000000000",
          "providerGuid": "{54849625-5478-4994-a5ba-3e3b0328c30d}",
          "level": "0",
          "channel": "Security",
          "opcode": "0",
          "message": "\"Ein Konto wurde erfolgreich angemeldet.\r\n\r\nAntragsteller:\r\n\tSicherheits-ID:\t\tS-1-0-0\r\n\tKontoname:\t\t-\r\n\tKontodomäne:\t\t-\r\n\tAnmelde-ID:\t\t0x0\r\n\r\nAnmeldeinformationen:\r\n\tAnmeldetyp:\t\t3\r\n\tEingeschränkter Administratormodus:\t-\r\n\tVirtuelles Konto:\t\tNein\r\n\tToken mit erhöhten Rechten:\t\tJa\r\n\r\nIdentitätswechselebene:\t\tIdentitätswechsel\r\n\r\nNeue Anmeldung:\r\n\tSicherheits-ID:\t\tS-1-5-18\r\n\tKontoname:\t\tSWE03$\r\n\tKontodomäne:\t\tARZW.LOCAL\r\n\tAnmelde-ID:\t\t0xFD98D\r\n\tVerknüpfte Anmelde-ID:\t\t0x0\r\n\tNetzwerk-Kontoname:\t-\r\n\tNetzwerk-Kontodomäne:\t-\r\n\tAnmelde-GUID:\t\t{9e372bbe-a4de-64d1-c46e-ef95f0b6d62f}\r\n\r\nProzessinformationen:\r\n\tProzess-ID:\t\t0x0\r\n\tProzessname:\t\t-\r\n\r\nNetzwerkinformationen:\r\n\tArbeitsstationsname:\t-\r\n\tQuellnetzwerkadresse:\t-\r\n\tQuellport:\t\t-\r\n\r\nDetaillierte Authentifizierungsinformationen:\r\n\tAnmeldeprozess:\t\tKerberos\r\n\tAuthentifizierungspaket:\tKerberos\r\n\tÜbertragene Dienste:\t-\r\n\tPaketname (nur NTLM):\t-\r\n\tSchlüssellänge:\t\t0\r\n\r\nDieses Ereignis wird beim Erstellen einer Anmeldesitzung generiert. Es wird auf dem Computer generiert, auf den zugegriffen wurde.\r\n\r\nDie Antragstellerfelder geben das Konto auf dem lokalen System an, von dem die Anmeldung angefordert wurde. Dies ist meistens ein Dienst wie der Serverdienst oder ein lokaler Prozess wie \"Winlogon.exe\" oder \"Services.exe\".\r\n\r\nDas Anmeldetypfeld gibt den jeweiligen Anmeldetyp an. Die häufigsten Typen sind 2 (interaktiv) und 3 (Netzwerk).\r\n\r\nDie Felder für die neue Anmeldung geben das Konto an, für das die neue Anmeldung erstellt wurde, d. h. das angemeldete Konto.\r\n\r\nDie Netzwerkfelder geben die Quelle einer Remoteanmeldeanforderung an. Der Arbeitsstationsname ist nicht immer verfügbar und kann in manchen Fällen leer bleiben.\r\n\r\nDas Feld für die Identitätswechselebene gibt an, in welchem Umfang ein Prozess in der Anmeldesitzung einen Identitätswechsel vornehmen kann.\r\n\r\nDie Felder für die Authentifizierungsinformationen enthalten detaillierte Informationen zu dieser speziellen Anmeldeanforderung.\r\n\t- Die Anmelde-GUID ist ein eindeutiger Bezeichner, der verwendet werden kann, um dieses Ereignis mit einem KDC-Ereignis zu korrelieren.\r\n\t- Die übertragenen Dienste geben an, welche Zwischendienste an der Anmeldeanforderung beteiligt waren.\r\n\t- Der Paketname gibt das in den NTLM-Protokollen verwendete Unterprotokoll an.\r\n\t- Die Schlüssellänge gibt die Länge des generierten Sitzungsschlüssels an. Wenn kein Sitzungsschlüssel angefordert wurde, ist dieser Wert 0.\"",
          "version": "2",
          "systemTime": "2026-05-26T10:20:54.2690389Z",
          "eventRecordID": "5359096",
          "threadID": "512",
          "computer": "SWE03.arzw.local",
          "task": "12544",
          "processID": "876",
          "severityValue": "AUDIT_SUCCESS",
          "providerName": "Microsoft-Windows-Security-Auditing"
        }
      }
    },
    "rule": {
      "mail": false,
      "level": 3,
      "pci_dss": [
        "10.2.5"
      ],
      "hipaa": [
        "164.312.b"
      ],
      "tsc": [
        "CC6.8",
        "CC7.2",
        "CC7.3"
      ],
      "description": "Windows Logon Success",
      "groups": [
        "windows",
        "windows_security",
        "authentication_success"
      ],
      "nist_800_53": [
        "AU.14",
        "AC.9"
      ],
      "gdpr": [
        "IV_32.2"
      ],
      "firedtimes": 12,
      "mitre": {
        "technique": [
          "Valid Accounts"
        ],
        "id": [
          "T1078"
        ],
        "tactic": [
          "Defense Evasion",
          "Persistence",
          "Privilege Escalation",
          "Initial Access"
        ]
      },
      "id": "60106",
      "gpg13": [
        "7.1",
        "7.2"
      ]
    },
    "location": "EventChannel",
    "decoder": {
      "name": "windows_eventchannel"
    },
    "id": "1779790872.21712305",
    "timestamp": "2026-05-26T10:21:12.151+0000"
  },
  {
    "input": {
      "type": "log"
    },
    "agent": {
      "ip": "172.21.6.5",
      "name": "SWE03",
      "id": "030"
    },
    "manager": {
      "name": "wazuh.manager"
    },
    "data": {
      "win": {
        "eventdata": {
          "extraInfo": " "
        },
        "system": {
          "eventID": "1003",
          "eventSourceName": "Windows Search Service",
          "keywords": "0x80000000000000",
          "providerGuid": "{CA4E628D-8567-4896-AB6B-835B221F373F}",
          "level": "4",
          "channel": "Application",
          "opcode": "0",
          "message": "\"Windows Search wurde gestartet.\n\"",
          "version": "0",
          "systemTime": "2026-05-26T10:20:53.2225344Z",
          "eventRecordID": "251138",
          "threadID": "0",
          "computer": "SWE03.arzw.local",
          "task": "1",
          "processID": "0",
          "severityValue": "INFORMATION",
          "providerName": "Microsoft-Windows-Search"
        }
      }
    },
    "rule": {
      "firedtimes": 1,
      "mail": false,
      "level": 3,
      "description": "The Windows search service started.",
      "groups": [
        "windows",
        "windows_application"
      ],
      "id": "60668"
    },
    "location": "EventChannel",
    "decoder": {
      "name": "windows_eventchannel"
    },
    "id": "1779790869.21710978",
    "timestamp": "2026-05-26T10:21:09.385+0000"
  },
  {
    "input": {
      "type": "log"
    },
    "agent": {
      "ip": "172.21.6.5",
      "name": "SWE03",
      "id": "030"
    },
    "manager": {
      "name": "wazuh.manager"
    },
    "data": {
      "win": {
        "eventdata": {
          "data": "SearchIndexer, 5224,D,50, Windows:, 1, C:\\\\ProgramData\\\\Microsoft\\\\Search\\\\Data\\\\Applications\\\\Windows\\\\Windows.edb, 0,  [1] 0.000004 +J(0) +M(C:0K, Fs:1, WS:4K # 0K, PF:0K # 0K, P:0K) [2] 0.011202 -0.000262 (1) WT +J(0) +M(C:0K, Fs:26, WS:40K # 0K, PF:32K # 0K, P:32K) [3] 0.012365 -0.008184 (11) WT +J(CM:0, PgRf:0, Rd:0/0, Dy:0/0, Lg:3480/2) +M(C:0K, Fs:66, WS:220K # 0K, PF:236K # 0K, P:236K) [4] 0.001113 +J(0) +M(C:0K, Fs:1, WS:4K # 0K, PF:0K # 0K, P:0K) [5] - [6] - [7] - [8] 0.001414 -0.000900 (2) CM +J(CM:2, PgRf:2, Rd:14/2, Dy:0/0, Lg:54/1) +M(C:0K, Fs:47, WS:188K # 0K, PF:680K # 0K, P:680K) [9] 0.014360 -0.000818 (5) CM -0.013265 (1) WT +J(CM:5, PgRf:23, Rd:0/5, Dy:0/0, Lg:0/0) +M(C:0K, Fs:109, WS:432K # 244K, PF:292K # 288K, P:292K) [10] 0.000576 -0.000399 (1) CM +J(CM:1, PgRf:40, Rd:0/1, Dy:0/0, Lg:0/0) +M(C:0K, Fs:9, WS:36K # 36K, PF:96K # 96K, P:96K) [11] 0.000020 +J(CM:0, PgRf:1, Rd:0/0, Dy:0/0, Lg:0/0) +M(C:0K, Fs:2, WS:8K # 8K, PF:0K # 0K, P:0K) [12] 0.000066 +J(CM:0, PgRf:42, Rd:0/0, Dy:0/0, Lg:0/0) +M(C:0K, Fs:3, WS:12K # 12K, PF:0K # 0K, P:0K) [13] 0.000001 +J(0) [14] 0.0 +J(0) [15] 0.000009 +J(CM:0, PgRf:1, Rd:0/0, Dy:0/0, Lg:0/0)., 0 0, lgposAttach = 00004B8F:0031:0268, dbv = 1568.110.240"
        },
        "system": {
          "eventID": "326",
          "keywords": "0x80000000000000",
          "level": "4",
          "channel": "Application",
          "opcode": "0",
          "message": "\"SearchIndexer (5224,D,50) Windows: The database engine attached a database (1, C:\\ProgramData\\Microsoft\\Search\\Data\\Applications\\Windows\\Windows.edb). (Time=0 seconds) \r\n \r\nSaved Cache: 0 0 \r\nAdditional Data: lgposAttach = 00004B8F:0031:0268,\ndbv = 1568.110.240 \r\n \r\nInternal Timing Sequence: \n[1] 0.000004 +J(0) +M(C:0K, Fs:1, WS:4K # 0K, PF:0K # 0K, P:0K)\n[2] 0.011202 -0.000262 (1) WT +J(0) +M(C:0K, Fs:26, WS:40K # 0K, PF:32K # 0K, P:32K)\n[3] 0.012365 -0.008184 (11) WT +J(CM:0, PgRf:0, Rd:0/0, Dy:0/0, Lg:3480/2) +M(C:0K, Fs:66, WS:220K # 0K, PF:236K # 0K, P:236K)\n[4] 0.001113 +J(0) +M(C:0K, Fs:1, WS:4K # 0K, PF:0K # 0K, P:0K)\n[5] -\n[6] -\n[7] -\n[8] 0.001414 -0.000900 (2) CM +J(CM:2, PgRf:2, Rd:14/2, Dy:0/0, Lg:54/1) +M(C:0K, Fs:47, WS:188K # 0K, PF:680K # 0K, P:680K)\n[9] 0.014360 -0.000818 (5) CM -0.013265 (1) WT +J(CM:5, PgRf:23, Rd:0/5, Dy:0/0, Lg:0/0) +M(C:0K, Fs:109, WS:432K # 244K, PF:292K # 288K, P:292K)\n[10] 0.000576 -0.000399 (1) CM +J(CM:1, PgRf:40, Rd:0/1, Dy:0/0, Lg:0/0) +M(C:0K, Fs:9, WS:36K # 36K, PF:96K # 96K, P:96K)\n[11] 0.000020 +J(CM:0, PgRf:1, Rd:0/0, Dy:0/0, Lg:0/0) +M(C:0K, Fs:2, WS:8K # 8K, PF:0K # 0K, P:0K)\n[12] 0.000066 +J(CM:0, PgRf:42, Rd:0/0, Dy:0/0, Lg:0/0) +M(C:0K, Fs:3, WS:12K # 12K, PF:0K # 0K, P:0K)\n[13] 0.000001 +J(0)\n[14] 0.0 +J(0)\n[15] 0.000009 +J(CM:0, PgRf:1, Rd:0/0, Dy:0/0, Lg:0/0).\"",
          "version": "0",
          "systemTime": "2026-05-26T10:20:52.8006872Z",
          "eventRecordID": "251137",
          "threadID": "0",
          "computer": "SWE03.arzw.local",
          "task": "1",
          "processID": "0",
          "severityValue": "INFORMATION",
          "providerName": "ESENT"
        }
      }
    },
    "rule": {
      "firedtimes": 2,
      "mail": false,
      "level": 3,
      "description": "The database engine attached a database.",
      "groups": [
        "windows",
        "windows_application"
      ],
      "id": "60798"
    },
    "location": "EventChannel",
    "decoder": {
      "name": "windows_eventchannel"
    },
    "id": "1779790869.21704802",
    "timestamp": "2026-05-26T10:21:09.338+0000"
  },
  {
    "input": {
      "type": "log"
    },
    "agent": {
      "ip": "172.21.6.5",
      "name": "SWE03",
      "id": "030"
    },
    "manager": {
      "name": "wazuh.manager"
    },
    "data": {
      "win": {
        "eventdata": {
          "data": "SearchIndexer, 5224,P,98, Windows:, 0, 10, 00, 19045, 0000"
        },
        "system": {
          "eventID": "102",
          "keywords": "0x80000000000000",
          "level": "4",
          "channel": "Application",
          "opcode": "0",
          "message": "\"SearchIndexer (5224,P,98) Windows: Das Datenbankmodul (10.00.19045.0000) startet eine neue Instanz (0).\"",
          "version": "0",
          "systemTime": "2026-05-26T10:20:52.7381906Z",
          "eventRecordID": "251135",
          "threadID": "0",
          "computer": "SWE03.arzw.local",
          "task": "1",
          "processID": "0",
          "severityValue": "INFORMATION",
          "providerName": "ESENT"
        }
      }
    },
    "rule": {
      "firedtimes": 2,
      "mail": false,
      "level": 3,
      "description": "The database engine is starting a new instance.",
      "groups": [
        "windows",
        "windows_application"
      ],
      "id": "60805"
    },
    "location": "EventChannel",
    "decoder": {
      "name": "windows_eventchannel"
    },
    "id": "1779790869.21703472",
    "timestamp": "2026-05-26T10:21:09.275+0000"
  },
  {
    "input": {
      "type": "log"
    },
    "agent": {
      "ip": "172.21.6.5",
      "name": "SWE03",
      "id": "030"
    },
    "manager": {
      "name": "wazuh.manager"
    },
    "data": {
      "win": {
        "eventdata": {
          "targetLogonId": "0x58d0f",
          "targetUserName": "SWE03$",
          "targetDomainName": "ARZW",
          "targetUserSid": "S-1-5-18",
          "logonType": "3"
        },
        "system": {
          "eventID": "4634",
          "keywords": "0x8020000000000000",
          "providerGuid": "{54849625-5478-4994-a5ba-3e3b0328c30d}",
          "level": "0",
          "channel": "Security",
          "opcode": "0",
          "message": "\"Ein Konto wurde abgemeldet.\r\n\r\nAntragsteller:\r\n\tSicherheits-ID:\t\tS-1-5-18\r\n\tKontoname:\t\tSWE03$\r\n\tKontodomäne:\t\tARZW\r\n\tAnmelde-ID:\t\t0x58D0F\r\n\r\nAnmeldetyp:\t\t\t3\r\n\r\nDieses Ereignis wird generiert, wenn eine Anmeldesitzung zerstört wird. Es kann anhand des Wertes der Anmelde-ID positiv mit einem Anmeldeereignis korreliert werden. Anmelde-IDs sind nur zwischen Neustarts auf demselben Computer eindeutig.\"",
          "version": "0",
          "systemTime": "2026-05-26T10:20:45.4233282Z",
          "eventRecordID": "5358781",
          "threadID": "512",
          "computer": "SWE03.arzw.local",
          "task": "12545",
          "processID": "876",
          "severityValue": "AUDIT_SUCCESS",
          "providerName": "Microsoft-Windows-Security-Auditing"
        }
      }
    },
    "rule": {
      "firedtimes": 13,
      "mail": false,
      "level": 3,
      "pci_dss": [
        "10.2.5"
      ],
      "hipaa": [
        "164.312.b"
      ],
      "tsc": [
        "CC6.8",
        "CC7.2",
        "CC7.3"
      ],
      "description": "Windows User Logoff",
      "groups": [
        "windows",
        "windows_security"
      ],
      "id": "60137",
      "nist_800_53": [
        "AU.14",
        "AC.7"
      ],
      "gdpr": [
        "IV_32.2"
      ]
    },
    "location": "EventChannel",
    "decoder": {
      "name": "windows_eventchannel"
    },
    "id": "1779790866.21701079",
    "timestamp": "2026-05-26T10:21:06.452+0000"
  },
  {
    "input": {
      "type": "log"
    },
    "agent": {
      "ip": "172.21.6.5",
      "name": "SWE03",
      "id": "030"
    },
    "manager": {
      "name": "wazuh.manager"
    },
    "data": {
      "win": {
        "eventdata": {
          "subjectLogonId": "0x0",
          "targetLinkedLogonId": "0x0",
          "impersonationLevel": "%%1833",
          "ipAddress": "::1",
          "authenticationPackageName": "Kerberos",
          "targetLogonId": "0x58d0f",
          "logonProcessName": "Kerberos",
          "logonGuid": "{8d708ad1-e309-4702-8b12-3e271f870ffe}",
          "targetUserName": "SWE03$",
          "keyLength": "0",
          "elevatedToken": "%%1842",
          "subjectUserSid": "S-1-0-0",
          "processId": "0x0",
          "ipPort": "0",
          "targetDomainName": "ARZW.LOCAL",
          "targetUserSid": "S-1-5-18",
          "virtualAccount": "%%1843",
          "logonType": "3"
        },
        "system": {
          "eventID": "4624",
          "keywords": "0x8020000000000000",
          "providerGuid": "{54849625-5478-4994-a5ba-3e3b0328c30d}",
          "level": "0",
          "channel": "Security",
          "opcode": "0",
          "message": "\"Ein Konto wurde erfolgreich angemeldet.\r\n\r\nAntragsteller:\r\n\tSicherheits-ID:\t\tS-1-0-0\r\n\tKontoname:\t\t-\r\n\tKontodomäne:\t\t-\r\n\tAnmelde-ID:\t\t0x0\r\n\r\nAnmeldeinformationen:\r\n\tAnmeldetyp:\t\t3\r\n\tEingeschränkter Administratormodus:\t-\r\n\tVirtuelles Konto:\t\tNein\r\n\tToken mit erhöhten Rechten:\t\tJa\r\n\r\nIdentitätswechselebene:\t\tIdentitätswechsel\r\n\r\nNeue Anmeldung:\r\n\tSicherheits-ID:\t\tS-1-5-18\r\n\tKontoname:\t\tSWE03$\r\n\tKontodomäne:\t\tARZW.LOCAL\r\n\tAnmelde-ID:\t\t0x58D0F\r\n\tVerknüpfte Anmelde-ID:\t\t0x0\r\n\tNetzwerk-Kontoname:\t-\r\n\tNetzwerk-Kontodomäne:\t-\r\n\tAnmelde-GUID:\t\t{8d708ad1-e309-4702-8b12-3e271f870ffe}\r\n\r\nProzessinformationen:\r\n\tProzess-ID:\t\t0x0\r\n\tProzessname:\t\t-\r\n\r\nNetzwerkinformationen:\r\n\tArbeitsstationsname:\t-\r\n\tQuellnetzwerkadresse:\t::1\r\n\tQuellport:\t\t0\r\n\r\nDetaillierte Authentifizierungsinformationen:\r\n\tAnmeldeprozess:\t\tKerberos\r\n\tAuthentifizierungspaket:\tKerberos\r\n\tÜbertragene Dienste:\t-\r\n\tPaketname (nur NTLM):\t-\r\n\tSchlüssellänge:\t\t0\r\n\r\nDieses Ereignis wird beim Erstellen einer Anmeldesitzung generiert. Es wird auf dem Computer generiert, auf den zugegriffen wurde.\r\n\r\nDie Antragstellerfelder geben das Konto auf dem lokalen System an, von dem die Anmeldung angefordert wurde. Dies ist meistens ein Dienst wie der Serverdienst oder ein lokaler Prozess wie \"Winlogon.exe\" oder \"Services.exe\".\r\n\r\nDas Anmeldetypfeld gibt den jeweiligen Anmeldetyp an. Die häufigsten Typen sind 2 (interaktiv) und 3 (Netzwerk).\r\n\r\nDie Felder für die neue Anmeldung geben das Konto an, für das die neue Anmeldung erstellt wurde, d. h. das angemeldete Konto.\r\n\r\nDie Netzwerkfelder geben die Quelle einer Remoteanmeldeanforderung an. Der Arbeitsstationsname ist nicht immer verfügbar und kann in manchen Fällen leer bleiben.\r\n\r\nDas Feld für die Identitätswechselebene gibt an, in welchem Umfang ein Prozess in der Anmeldesitzung einen Identitätswechsel vornehmen kann.\r\n\r\nDie Felder für die Authentifizierungsinformationen enthalten detaillierte Informationen zu dieser speziellen Anmeldeanforderung.\r\n\t- Die Anmelde-GUID ist ein eindeutiger Bezeichner, der verwendet werden kann, um dieses Ereignis mit einem KDC-Ereignis zu korrelieren.\r\n\t- Die übertragenen Dienste geben an, welche Zwischendienste an der Anmeldeanforderung beteiligt waren.\r\n\t- Der Paketname gibt das in den NTLM-Protokollen verwendete Unterprotokoll an.\r\n\t- Die Schlüssellänge gibt die Länge des generierten Sitzungsschlüssels an. Wenn kein Sitzungsschlüssel angefordert wurde, ist dieser Wert 0.\"",
          "version": "2",
          "systemTime": "2026-05-26T10:20:45.4228093Z",
          "eventRecordID": "5358780",
          "threadID": "512",
          "computer": "SWE03.arzw.local",
          "task": "12544",
          "processID": "876",
          "severityValue": "AUDIT_SUCCESS",
          "providerName": "Microsoft-Windows-Security-Auditing"
        }
      }
    },
    "rule": {
      "mail": false,
      "level": 3,
      "pci_dss": [
        "10.2.5"
      ],
      "hipaa": [
        "164.312.b"
      ],
      "tsc": [
        "CC6.8",
        "CC7.2",
        "CC7.3"
      ],
      "description": "Windows Logon Success",
      "groups": [
        "windows",
        "windows_security",
        "authentication_success"
      ],
      "nist_800_53": [
        "AU.14",
        "AC.9"
      ],
      "gdpr": [
        "IV_32.2"
      ],
      "firedtimes": 11,
      "mitre": {
        "technique": [
          "Valid Accounts"
        ],
        "id": [
          "T1078"
        ],
        "tactic": [
          "Defense Evasion",
          "Persistence",
          "Privilege Escalation",
          "Initial Access"
        ]
      },
      "id": "60106",
      "gpg13": [
        "7.1",
        "7.2"
      ]
    },
    "location": "EventChannel",
    "decoder": {
      "name": "windows_eventchannel"
    },
    "id": "1779790866.21693515",
    "timestamp": "2026-05-26T10:21:06.451+0000"
  },
  {
    "input": {
      "type": "log"
    },
    "agent": {
      "ip": "172.21.6.5",
      "name": "SWE03",
      "id": "030"
    },
    "manager": {
      "name": "wazuh.manager"
    },
    "data": {
      "win": {
        "eventdata": {
          "targetLogonId": "0x4fa61",
          "targetUserName": "SWE03$",
          "targetDomainName": "ARZW",
          "targetUserSid": "S-1-5-18",
          "logonType": "3"
        },
        "system": {
          "eventID": "4634",
          "keywords": "0x8020000000000000",
          "providerGuid": "{54849625-5478-4994-a5ba-3e3b0328c30d}",
          "level": "0",
          "channel": "Security",
          "opcode": "0",
          "message": "\"Ein Konto wurde abgemeldet.\r\n\r\nAntragsteller:\r\n\tSicherheits-ID:\t\tS-1-5-18\r\n\tKontoname:\t\tSWE03$\r\n\tKontodomäne:\t\tARZW\r\n\tAnmelde-ID:\t\t0x4FA61\r\n\r\nAnmeldetyp:\t\t\t3\r\n\r\nDieses Ereignis wird generiert, wenn eine Anmeldesitzung zerstört wird. Es kann anhand des Wertes der Anmelde-ID positiv mit einem Anmeldeereignis korreliert werden. Anmelde-IDs sind nur zwischen Neustarts auf demselben Computer eindeutig.\"",
          "version": "0",
          "systemTime": "2026-05-26T10:20:45.4154583Z",
          "eventRecordID": "5358778",
          "threadID": "1016",
          "computer": "SWE03.arzw.local",
          "task": "12545",
          "processID": "876",
          "severityValue": "AUDIT_SUCCESS",
          "providerName": "Microsoft-Windows-Security-Auditing"
        }
      }
    },
    "rule": {
      "firedtimes": 12,
      "mail": false,
      "level": 3,
      "pci_dss": [
        "10.2.5"
      ],
      "hipaa": [
        "164.312.b"
      ],
      "tsc": [
        "CC6.8",
        "CC7.2",
        "CC7.3"
      ],
      "description": "Windows User Logoff",
      "groups": [
        "windows",
        "windows_security"
      ],
      "id": "60137",
      "nist_800_53": [
        "AU.14",
        "AC.7"
      ],
      "gdpr": [
        "IV_32.2"
      ]
    },
    "location": "EventChannel",
    "decoder": {
      "name": "windows_eventchannel"
    },
    "id": "1779790866.21691120",
    "timestamp": "2026-05-26T10:21:06.417+0000"
  },
  {
    "input": {
      "type": "log"
    },
    "agent": {
      "ip": "172.21.6.5",
      "name": "SWE03",
      "id": "030"
    },
    "manager": {
      "name": "wazuh.manager"
    },
    "data": {
      "extra_data": "SWE03->any"
    },
    "rule": {
      "firedtimes": 1,
      "mail": false,
      "level": 3,
      "pci_dss": [
        "10.6.1",
        "10.2.6"
      ],
      "hipaa": [
        "164.312.b"
      ],
      "tsc": [
        "CC7.2",
        "CC7.3",
        "CC6.8"
      ],
      "description": "Wazuh agent started.",
      "groups": [
        "ossec"
      ],
      "id": "503",
      "nist_800_53": [
        "AU.6",
        "AU.14",
        "AU.5"
      ],
      "gpg13": [
        "10.1"
      ],
      "gdpr": [
        "IV_35.7.d"
      ]
    },
    "location": "wazuh-agent",
    "decoder": {
      "parent": "ossec",
      "name": "ossec"
    },
    "id": "1779790865.21690798",
    "full_log": "ossec: Agent started: 'SWE03->any'.",
    "timestamp": "2026-05-26T10:21:05.745+0000"
  },
  {
    "input": {
      "type": "log"
    },
    "agent": {
      "ip": "172.21.5.132",
      "name": "MINI-PC-MINISFORUM",
      "id": "075"
    },
    "manager": {
      "name": "wazuh.manager"
    },
    "data": {
      "win": {
        "eventdata": {
          "param3": "Manuell starten",
          "param4": "BITS",
          "param1": "Background Intelligent Transfer Service",
          "param2": "Automatisch starten"
        },
        "system": {
          "eventID": "7040",
          "eventSourceName": "Service Control Manager",
          "keywords": "0x8080000000000000",
          "providerGuid": "{555908d1-a6d7-4695-8e1e-26931d2012f4}",
          "level": "4",
          "channel": "System",
          "opcode": "0",
          "message": "\"Der Starttyp des Diensts \"Background Intelligent Transfer Service\" wurde von Automatisch starten in Manuell starten geändert.\"",
          "version": "0",
          "systemTime": "2026-05-26T10:20:16.4472133Z",
          "eventRecordID": "62248",
          "threadID": "149424",
          "computer": "PROD-MINISFORUM.arzw.local",
          "task": "0",
          "processID": "1804",
          "severityValue": "INFORMATION",
          "providerName": "Service Control Manager"
        }
      }
    },
    "rule": {
      "firedtimes": 8,
      "mail": false,
      "level": 3,
      "pci_dss": [
        "10.6"
      ],
      "hipaa": [
        "164.312.b"
      ],
      "tsc": [
        "CC6.1",
        "CC6.8",
        "CC7.2",
        "CC7.3"
      ],
      "description": "Service startup type was changed",
      "groups": [
        "windows",
        "windows_system",
        "policy_changed"
      ],
      "id": "61104",
      "nist_800_53": [
        "AU.6"
      ],
      "info": "This does not appear to be logged on Windows 2000",
      "gdpr": [
        "IV_35.7.d"
      ]
    },
    "location": "EventChannel",
    "decoder": {
      "name": "windows_eventchannel"
    },
    "id": "1779790817.21688882",
    "timestamp": "2026-05-26T10:20:17.860+0000"
  },
  {
    "input": {
      "type": "log"
    },
    "agent": {
      "ip": "172.21.6.5",
      "name": "SWE03",
      "id": "030"
    },
    "manager": {
      "name": "wazuh.manager"
    },
    "data": {
      "win": {
        "eventdata": {
          "targetLogonId": "0x87cc084",
          "targetUserName": "RZUser",
          "targetDomainName": "ARZW",
          "targetUserSid": "S-1-5-21-228770904-35461013-1130905197-2125"
        },
        "system": {
          "eventID": "4647",
          "keywords": "0x8020000000000000",
          "providerGuid": "{54849625-5478-4994-a5ba-3e3b0328c30d}",
          "level": "0",
          "channel": "Security",
          "opcode": "0",
          "message": "\"Benutzerinitiierte Abmeldung:\r\n\r\nAntragsteller:\r\n\tSicherheits-ID:\t\tS-1-5-21-228770904-35461013-1130905197-2125\r\n\tKontoname:\t\tRZUser\r\n\tKontodomäne:\t\tARZW\r\n\tAnmelde-ID:\t\t0x87CC084\r\n\r\nDieses Ereignis wird generiert, wenn eine Abmeldung initiiert wird. Es kann keine weitere benutzerinitiierte Aktivität erfolgen. Dieses Ereignis kann als Abmeldeereignis interpretiert werden.\"",
          "version": "0",
          "systemTime": "2026-05-26T10:19:53.1037315Z",
          "eventRecordID": "5358676",
          "threadID": "11300",
          "computer": "SWE03.arzw.local",
          "task": "12545",
          "processID": "904",
          "severityValue": "AUDIT_SUCCESS",
          "providerName": "Microsoft-Windows-Security-Auditing"
        }
      }
    },
    "rule": {
      "firedtimes": 11,
      "mail": false,
      "level": 3,
      "pci_dss": [
        "10.2.5"
      ],
      "hipaa": [
        "164.312.b"
      ],
      "tsc": [
        "CC6.8",
        "CC7.2",
        "CC7.3"
      ],
      "description": "Windows User Logoff",
      "groups": [
        "windows",
        "windows_security"
      ],
      "id": "60137",
      "nist_800_53": [
        "AU.14",
        "AC.7"
      ],
      "gdpr": [
        "IV_32.2"
      ]
    },
    "location": "EventChannel",
    "decoder": {
      "name": "windows_eventchannel"
    },
    "id": "1779790794.21686517",
    "timestamp": "2026-05-26T10:19:54.108+0000"
  },
  {
    "input": {
      "type": "log"
    },
    "agent": {
      "ip": "172.21.6.5",
      "name": "SWE03",
      "id": "030"
    },
    "manager": {
      "name": "wazuh.manager"
    },
    "data": {
      "win": {
        "eventdata": {
          "data": "WSearch",
          "binary": "D9060000"
        },
        "system": {
          "eventID": "6000",
          "eventSourceName": "Wlclntfy",
          "keywords": "0x80000000000000",
          "providerGuid": "{DBE9B383-7CF3-4331-91CC-A3CB16A3B538}",
          "level": "4",
          "channel": "Application",
          "opcode": "0",
          "message": "\"Der Winlogon-Benachrichtigungsabonnent <WSearch> war nicht verfügbar, um das Benachrichtigungsereignis zu verarbeiten.\"",
          "version": "0",
          "systemTime": "2026-05-26T10:19:53.1691907Z",
          "eventRecordID": "251081",
          "threadID": "0",
          "computer": "SWE03.arzw.local",
          "task": "0",
          "processID": "0",
          "severityValue": "INFORMATION",
          "providerName": "Microsoft-Windows-Winlogon"
        }
      }
    },
    "rule": {
      "firedtimes": 1,
      "mail": false,
      "level": 5,
      "description": "WSearch was unavailable to handle a notification event.",
      "groups": [
        "windows",
        "windows_application"
      ],
      "id": "60775"
    },
    "location": "EventChannel",
    "decoder": {
      "name": "windows_eventchannel"
    },
    "id": "1779790793.21684968",
    "timestamp": "2026-05-26T10:19:53.232+0000"
  },
  {
    "input": {
      "type": "log"
    },
    "agent": {
      "ip": "172.21.5.119",
      "name": "KS_05_005",
      "id": "021"
    },
    "manager": {
      "name": "wazuh.manager"
    },
    "data": {
      "win": {
        "eventdata": {
          "data": "2126-05-02T10:19:51Z, RulesEngine"
        },
        "system": {
          "eventID": "16384",
          "eventSourceName": "Software Protection Platform Service",
          "keywords": "0x80000000000000",
          "providerGuid": "{E23B33B0-C8C9-472C-A5F9-F2BDFEA0F156}",
          "level": "4",
          "channel": "Application",
          "opcode": "0",
          "message": "\"Der Softwareschutzdienst wurde erfolgreich für den erneuten Start bei 2126-05-02T10:19:51Z geplant. Grund: RulesEngine.\"",
          "version": "0",
          "systemTime": "2026-05-26T10:19:51.1145431Z",
          "eventRecordID": "86069",
          "threadID": "0",
          "computer": "KS_05_005.arzw.local",
          "task": "0",
          "processID": "9504",
          "severityValue": "INFORMATION",
          "providerName": "Microsoft-Windows-Security-SPP"
        }
      }
    },
    "rule": {
      "firedtimes": 62,
      "mail": false,
      "level": 3,
      "description": "Software protection service scheduled successfully.",
      "groups": [
        "windows",
        "windows_application"
      ],
      "id": "60642"
    },
    "location": "EventChannel",
    "decoder": {
      "name": "windows_eventchannel"
    },
    "id": "1779790791.21683338",
    "timestamp": "2026-05-26T10:19:51.175+0000"
  },
  {
    "input": {
      "type": "log"
    },
    "agent": {
      "ip": "172.21.5.3",
      "name": "KSSabine",
      "id": "024"
    },
    "manager": {
      "name": "wazuh.manager"
    },
    "data": {
      "win": {
        "eventdata": {
          "data": "2126-05-02T10:19:48Z, RulesEngine"
        },
        "system": {
          "eventID": "16384",
          "eventSourceName": "Software Protection Platform Service",
          "keywords": "0x80000000000000",
          "providerGuid": "{E23B33B0-C8C9-472C-A5F9-F2BDFEA0F156}",
          "level": "4",
          "channel": "Application",
          "opcode": "0",
          "message": "\"Der Softwareschutzdienst wurde erfolgreich für den erneuten Start bei 2126-05-02T10:19:48Z geplant. Grund: RulesEngine.\"",
          "version": "0",
          "systemTime": "2026-05-26T10:19:48.6950874Z",
          "eventRecordID": "24220",
          "threadID": "0",
          "computer": "KSSabine.arzw.local",
          "task": "0",
          "processID": "10732",
          "severityValue": "INFORMATION",
          "providerName": "Microsoft-Windows-Security-SPP"
        }
      }
    },
    "rule": {
      "firedtimes": 61,
      "mail": false,
      "level": 3,
      "description": "Software protection service scheduled successfully.",
      "groups": [
        "windows",
        "windows_application"
      ],
      "id": "60642"
    },
    "location": "EventChannel",
    "decoder": {
      "name": "windows_eventchannel"
    },
    "id": "1779790788.21681709",
    "timestamp": "2026-05-26T10:19:48.832+0000"
  },
  {
    "input": {
      "type": "log"
    },
    "agent": {
      "ip": "172.21.6.5",
      "name": "SWE03",
      "id": "030"
    },
    "manager": {
      "name": "wazuh.manager"
    },
    "data": {
      "win": {
        "eventdata": {
          "param3": "Automatisch starten",
          "param4": "BITS",
          "param1": "Background Intelligent Transfer Service",
          "param2": "Manuell starten"
        },
        "system": {
          "eventID": "7040",
          "eventSourceName": "Service Control Manager",
          "keywords": "0x8080000000000000",
          "providerGuid": "{555908d1-a6d7-4695-8e1e-26931d2012f4}",
          "level": "4",
          "channel": "System",
          "opcode": "0",
          "message": "\"Der Starttyp des Diensts \"Background Intelligent Transfer Service\" wurde von Manuell starten in Automatisch starten geändert.\"",
          "version": "0",
          "systemTime": "2026-05-26T10:19:43.1141585Z",
          "eventRecordID": "155517",
          "threadID": "11780",
          "computer": "SWE03.arzw.local",
          "task": "0",
          "processID": "896",
          "severityValue": "INFORMATION",
          "providerName": "Service Control Manager"
        }
      }
    },
    "rule": {
      "firedtimes": 7,
      "mail": false,
      "level": 3,
      "pci_dss": [
        "10.6"
      ],
      "hipaa": [
        "164.312.b"
      ],
      "tsc": [
        "CC6.1",
        "CC6.8",
        "CC7.2",
        "CC7.3"
      ],
      "description": "Service startup type was changed",
      "groups": [
        "windows",
        "windows_system",
        "policy_changed"
      ],
      "id": "61104",
      "nist_800_53": [
        "AU.6"
      ],
      "info": "This does not appear to be logged on Windows 2000",
      "gdpr": [
        "IV_35.7.d"
      ]
    },
    "location": "EventChannel",
    "decoder": {
      "name": "windows_eventchannel"
    },
    "id": "1779790784.21679828",
    "timestamp": "2026-05-26T10:19:44.128+0000"
  },
  {
    "input": {
      "type": "log"
    },
    "agent": {
      "ip": "172.21.6.5",
      "name": "SWE03",
      "id": "030"
    },
    "manager": {
      "name": "wazuh.manager"
    },
    "data": {
      "win": {
        "eventdata": {
          "data": "1408900751838649224, 1, APPCRASH, Nicht verfügbar, 0, w3apoorg.exe, 0.9.0.0, 2a425e19, w3apoorg.exe, 0.9.0.0, 2a425e19, c0000005, 00004792,   \\\\\\\\?\\\\C:\\\\ProgramData\\\\Microsoft\\\\Windows\\\\WER\\\\Temp\\\\WERBDE2.tmp.WERInternalMetadata.xml, \\\\\\\\?\\\\C:\\\\ProgramData\\\\Microsoft\\\\Windows\\\\WER\\\\ReportArchive\\\\AppCrash_w3apoorg.exe_3215ea9746435d2531e6aab93cc8fd4c9f9663_2689f9aa_3c54544d-d69b-4f30-80fa-40eb9202208b, 0, 3388b0da-6a6b-41d8-8b13-344c895a8b0f, 268435456, 28581635a299e53dd38d6bc4e51f9b88, 0"
        },
        "system": {
          "eventID": "1001",
          "keywords": "0x80000000000000",
          "level": "4",
          "channel": "Application",
          "opcode": "0",
          "message": "\"Fehlerbucket 1408900751838649224, Typ 1\r\nEreignisname: APPCRASH\r\nAntwort: Nicht verfügbar\r\nCAB-Datei-ID: 0\r\n\r\nProblemsignatur:\r\nP1: w3apoorg.exe\r\nP2: 0.9.0.0\r\nP3: 2a425e19\r\nP4: w3apoorg.exe\r\nP5: 0.9.0.0\r\nP6: 2a425e19\r\nP7: c0000005\r\nP8: 00004792\r\nP9: \r\nP10: \r\n\r\nAngefügte Dateien:\r\n\\\\?\\C:\\ProgramData\\Microsoft\\Windows\\WER\\Temp\\WERBDE2.tmp.WERInternalMetadata.xml\r\n\r\nDiese Dateien befinden sich möglicherweise hier:\r\n\\\\?\\C:\\ProgramData\\Microsoft\\Windows\\WER\\ReportArchive\\AppCrash_w3apoorg.exe_3215ea9746435d2531e6aab93cc8fd4c9f9663_2689f9aa_3c54544d-d69b-4f30-80fa-40eb9202208b\r\n\r\nAnalysesymbol: \r\nEs wird erneut nach einer Lösung gesucht: 0\r\nBerichts-ID: 3388b0da-6a6b-41d8-8b13-344c895a8b0f\r\nBerichtstatus: 268435456\r\nBucket mit Hash: 28581635a299e53dd38d6bc4e51f9b88\r\nCAB-Datei-Guid: 0\"",
          "version": "0",
          "systemTime": "2026-05-26T10:19:41.5517610Z",
          "eventRecordID": "251078",
          "threadID": "0",
          "computer": "SWE03.arzw.local",
          "task": "0",
          "processID": "0",
          "severityValue": "INFORMATION",
          "providerName": "Windows Error Reporting"
        }
      }
    },
    "rule": {
      "firedtimes": 3,
      "mail": false,
      "level": 4,
      "description": "Summary event of the report's signatures.",
      "groups": [
        "windows",
        "windows_application"
      ],
      "id": "60608"
    },
    "location": "EventChannel",
    "decoder": {
      "name": "windows_eventchannel"
    },
    "id": "1779790781.21676106",
    "timestamp": "2026-05-26T10:19:41.561+0000"
  },
  {
    "input": {
      "type": "log"
    },
    "agent": {
      "ip": "172.21.6.5",
      "name": "SWE03",
      "id": "030"
    },
    "manager": {
      "name": "wazuh.manager"
    },
    "data": {
      "win": {
        "eventdata": {
          "data": "0, APPCRASH, Nicht verfügbar, 0, w3apoorg.exe, 0.9.0.0, 2a425e19, w3apoorg.exe, 0.9.0.0, 2a425e19, c0000005, 00004792, \\\\\\\\?\\\\C:\\\\ProgramData\\\\Microsoft\\\\Windows\\\\WER\\\\ReportQueue\\\\AppCrash_w3apoorg.exe_3215ea9746435d2531e6aab93cc8fd4c9f9663_2689f9aa_3c54544d-d69b-4f30-80fa-40eb9202208b, 0, 3388b0da-6a6b-41d8-8b13-344c895a8b0f, 4, 0"
        },
        "system": {
          "eventID": "1001",
          "keywords": "0x80000000000000",
          "level": "4",
          "channel": "Application",
          "opcode": "0",
          "message": "\"Fehlerbucket , Typ 0\r\nEreignisname: APPCRASH\r\nAntwort: Nicht verfügbar\r\nCAB-Datei-ID: 0\r\n\r\nProblemsignatur:\r\nP1: w3apoorg.exe\r\nP2: 0.9.0.0\r\nP3: 2a425e19\r\nP4: w3apoorg.exe\r\nP5: 0.9.0.0\r\nP6: 2a425e19\r\nP7: c0000005\r\nP8: 00004792\r\nP9: \r\nP10: \r\n\r\nAngefügte Dateien:\r\n\r\nDiese Dateien befinden sich möglicherweise hier:\r\n\\\\?\\C:\\ProgramData\\Microsoft\\Windows\\WER\\ReportQueue\\AppCrash_w3apoorg.exe_3215ea9746435d2531e6aab93cc8fd4c9f9663_2689f9aa_3c54544d-d69b-4f30-80fa-40eb9202208b\r\n\r\nAnalysesymbol: \r\nEs wird erneut nach einer Lösung gesucht: 0\r\nBerichts-ID: 3388b0da-6a6b-41d8-8b13-344c895a8b0f\r\nBerichtstatus: 4\r\nBucket mit Hash: \r\nCAB-Datei-Guid: 0\"",
          "version": "0",
          "systemTime": "2026-05-26T10:19:40.6299622Z",
          "eventRecordID": "251077",
          "threadID": "0",
          "computer": "SWE03.arzw.local",
          "task": "0",
          "processID": "0",
          "severityValue": "INFORMATION",
          "providerName": "Windows Error Reporting"
        }
      }
    },
    "rule": {
      "firedtimes": 2,
      "mail": false,
      "level": 4,
      "description": "Summary event of the report's signatures.",
      "groups": [
        "windows",
        "windows_application"
      ],
      "id": "60608"
    },
    "location": "EventChannel",
    "decoder": {
      "name": "windows_eventchannel"
    },
    "id": "1779790780.21673019",
    "timestamp": "2026-05-26T10:19:40.645+0000"
  },
  {
    "input": {
      "type": "log"
    },
    "agent": {
      "ip": "172.21.6.5",
      "name": "SWE03",
      "id": "030"
    },
    "manager": {
      "name": "wazuh.manager"
    },
    "data": {
      "win": {
        "eventdata": {
          "data": "w3apoorg.exe, 0.9.0.0, 2a425e19, w3apoorg.exe, 0.9.0.0, 2a425e19, c0000005, 00004792, 2ad8, 01dceccb522ff400, K:\\\\__PROGR_USER\\\\DELPHI_7\\\\W3APOPR\\\\w3apoorg.exe, K:\\\\__PROGR_USER\\\\DELPHI_7\\\\W3APOPR\\\\w3apoorg.exe, 3388b0da-6a6b-41d8-8b13-344c895a8b0f"
        },
        "system": {
          "eventID": "1000",
          "keywords": "0x80000000000000",
          "level": "2",
          "channel": "Application",
          "opcode": "0",
          "message": "\"Name der fehlerhaften Anwendung: w3apoorg.exe, Version: 0.9.0.0, Zeitstempel: 0x2a425e19\r\nName des fehlerhaften Moduls: w3apoorg.exe, Version: 0.9.0.0, Zeitstempel: 0x2a425e19\r\nAusnahmecode: 0xc0000005\r\nFehleroffset: 0x00004792\r\nID des fehlerhaften Prozesses: 0x2ad8\r\nStartzeit der fehlerhaften Anwendung: 0x01dceccb522ff400\r\nPfad der fehlerhaften Anwendung: K:\\__PROGR_USER\\DELPHI_7\\W3APOPR\\w3apoorg.exe\r\nPfad des fehlerhaften Moduls: K:\\__PROGR_USER\\DELPHI_7\\W3APOPR\\w3apoorg.exe\r\nBerichtskennung: 3388b0da-6a6b-41d8-8b13-344c895a8b0f\r\nVollständiger Name des fehlerhaften Pakets: \r\nAnwendungs-ID, die relativ zum fehlerhaften Paket ist: \"",
          "version": "0",
          "systemTime": "2026-05-26T10:19:39.2081981Z",
          "eventRecordID": "251076",
          "threadID": "0",
          "computer": "SWE03.arzw.local",
          "task": "100",
          "processID": "0",
          "severityValue": "ERROR",
          "providerName": "Application Error"
        }
      }
    },
    "rule": {
      "firedtimes": 2,
      "mail": false,
      "level": 9,
      "description": "Windows application error event.",
      "groups": [
        "windows",
        "windows_application",
        "system_error"
      ],
      "id": "60602",
      "gdpr": [
        "IV_35.7.d"
      ],
      "gpg13": [
        "4.3"
      ]
    },
    "location": "EventChannel",
    "decoder": {
      "name": "windows_eventchannel"
    },
    "id": "1779790779.21670150",
    "timestamp": "2026-05-26T10:19:39.266+0000"
  },
  {
    "input": {
      "type": "log"
    },
    "agent": {
      "ip": "172.21.5.45",
      "name": "KS-06-001",
      "id": "026"
    },
    "manager": {
      "name": "wazuh.manager"
    },
    "data": {
      "win": {
        "eventdata": {
          "data": "2126-05-02T10:19:28Z, RulesEngine"
        },
        "system": {
          "eventID": "16384",
          "eventSourceName": "Software Protection Platform Service",
          "keywords": "0x80000000000000",
          "providerGuid": "{E23B33B0-C8C9-472C-A5F9-F2BDFEA0F156}",
          "level": "4",
          "channel": "Application",
          "opcode": "0",
          "message": "\"Der Softwareschutzdienst wurde erfolgreich für den erneuten Start bei 2126-05-02T10:19:28Z geplant. Grund: RulesEngine.\"",
          "version": "0",
          "systemTime": "2026-05-26T10:19:28.4516059Z",
          "eventRecordID": "243347",
          "threadID": "0",
          "computer": "KS-06-001.arzw.local",
          "task": "0",
          "processID": "0",
          "severityValue": "INFORMATION",
          "providerName": "Microsoft-Windows-Security-SPP"
        }
      }
    },
    "rule": {
      "firedtimes": 60,
      "mail": false,
      "level": 3,
      "description": "Software protection service scheduled successfully.",
      "groups": [
        "windows",
        "windows_application"
      ],
      "id": "60642"
    },
    "location": "EventChannel",
    "decoder": {
      "name": "windows_eventchannel"
    },
    "id": "1779790768.21668524",
    "timestamp": "2026-05-26T10:19:28.456+0000"
  },
  {
    "input": {
      "type": "log"
    },
    "agent": {
      "ip": "172.21.5.103",
      "name": "XT12_Pro",
      "id": "076"
    },
    "manager": {
      "name": "wazuh.manager"
    },
    "data": {
      "win": {
        "eventdata": {
          "data": "2126-05-02T10:19:09Z, RulesEngine"
        },
        "system": {
          "eventID": "16384",
          "eventSourceName": "Software Protection Platform Service",
          "keywords": "0x80000000000000",
          "providerGuid": "{E23B33B0-C8C9-472C-A5F9-F2BDFEA0F156}",
          "level": "4",
          "channel": "Application",
          "opcode": "0",
          "message": "\"Der Softwareschutzdienst wurde erfolgreich für den erneuten Start bei 2126-05-02T10:19:09Z geplant. Grund: RulesEngine.\"",
          "version": "0",
          "systemTime": "2026-05-26T10:19:09.1673284Z",
          "eventRecordID": "36546",
          "threadID": "0",
          "computer": "XT12_Pro.arzw.local",
          "task": "0",
          "processID": "572",
          "severityValue": "INFORMATION",
          "providerName": "Microsoft-Windows-Security-SPP"
        }
      }
    },
    "rule": {
      "firedtimes": 59,
      "mail": false,
      "level": 3,
      "description": "Software protection service scheduled successfully.",
      "groups": [
        "windows",
        "windows_application"
      ],
      "id": "60642"
    },
    "location": "EventChannel",
    "decoder": {
      "name": "windows_eventchannel"
    },
    "id": "1779790749.21666899",
    "timestamp": "2026-05-26T10:19:09.294+0000"
  },
  {
    "input": {
      "type": "log"
    },
    "agent": {
      "ip": "172.21.5.20",
      "name": "RZ_MANU2",
      "id": "016"
    },
    "manager": {
      "name": "wazuh.manager"
    },
    "data": {
      "win": {
        "eventdata": {
          "data": "2126-05-02T10:18:50Z, RulesEngine"
        },
        "system": {
          "eventID": "16384",
          "eventSourceName": "Software Protection Platform Service",
          "keywords": "0x80000000000000",
          "providerGuid": "{E23B33B0-C8C9-472C-A5F9-F2BDFEA0F156}",
          "level": "4",
          "channel": "Application",
          "opcode": "0",
          "message": "\"Der Softwareschutzdienst wurde erfolgreich für den erneuten Start bei 2126-05-02T10:18:50Z geplant. Grund: RulesEngine.\"",
          "version": "0",
          "systemTime": "2026-05-26T10:18:50.7320888Z",
          "eventRecordID": "308528",
          "threadID": "0",
          "computer": "RZ_MANU2.arzw.local",
          "task": "0",
          "processID": "0",
          "severityValue": "INFORMATION",
          "providerName": "Microsoft-Windows-Security-SPP"
        }
      }
    },
    "rule": {
      "firedtimes": 58,
      "mail": false,
      "level": 3,
      "description": "Software protection service scheduled successfully.",
      "groups": [
        "windows",
        "windows_application"
      ],
      "id": "60642"
    },
    "location": "EventChannel",
    "decoder": {
      "name": "windows_eventchannel"
    },
    "id": "1779790730.21665276",
    "timestamp": "2026-05-26T10:18:50.906+0000"
  },
  {
    "input": {
      "type": "log"
    },
    "agent": {
      "ip": "172.21.5.53",
      "name": "Franky",
      "id": "017"
    },
    "manager": {
      "name": "wazuh.manager"
    },
    "data": {
      "win": {
        "eventdata": {
          "data": "2126-05-02T10:18:46Z, RulesEngine"
        },
        "system": {
          "eventID": "16384",
          "eventSourceName": "Software Protection Platform Service",
          "keywords": "0x80000000000000",
          "providerGuid": "{E23B33B0-C8C9-472C-A5F9-F2BDFEA0F156}",
          "level": "4",
          "channel": "Application",
          "opcode": "0",
          "message": "\"Der Softwareschutzdienst wurde erfolgreich für den erneuten Start bei 2126-05-02T10:18:46Z geplant. Grund: RulesEngine.\"",
          "version": "0",
          "systemTime": "2026-05-26T10:18:46.3876641Z",
          "eventRecordID": "42416",
          "threadID": "0",
          "computer": "Franky.arzw.local",
          "task": "0",
          "processID": "13880",
          "severityValue": "INFORMATION",
          "providerName": "Microsoft-Windows-Security-SPP"
        }
      }
    },
    "rule": {
      "firedtimes": 57,
      "mail": false,
      "level": 3,
      "description": "Software protection service scheduled successfully.",
      "groups": [
        "windows",
        "windows_application"
      ],
      "id": "60642"
    },
    "location": "EventChannel",
    "decoder": {
      "name": "windows_eventchannel"
    },
    "id": "1779790726.21663653",
    "timestamp": "2026-05-26T10:18:46.672+0000"
  },
  {
    "input": {
      "type": "log"
    },
    "agent": {
      "ip": "172.21.4.255",
      "name": "RZ_SCAN_03_001",
      "id": "081"
    },
    "manager": {
      "name": "wazuh.manager"
    },
    "data": {
      "win": {
        "eventdata": {
          "data": "2126-05-02T10:18:20Z, RulesEngine"
        },
        "system": {
          "eventID": "16384",
          "eventSourceName": "Software Protection Platform Service",
          "keywords": "0x80000000000000",
          "providerGuid": "{E23B33B0-C8C9-472C-A5F9-F2BDFEA0F156}",
          "level": "4",
          "channel": "Application",
          "opcode": "0",
          "message": "\"Der Softwareschutzdienst wurde erfolgreich für den erneuten Start bei 2126-05-02T10:18:20Z geplant. Grund: RulesEngine.\"",
          "version": "0",
          "systemTime": "2026-05-26T10:18:20.3328101Z",
          "eventRecordID": "126179",
          "threadID": "0",
          "computer": "RZ_SCAN_03_001.arzw.local",
          "task": "0",
          "processID": "0",
          "severityValue": "INFORMATION",
          "providerName": "Microsoft-Windows-Security-SPP"
        }
      }
    },
    "rule": {
      "firedtimes": 56,
      "mail": false,
      "level": 3,
      "description": "Software protection service scheduled successfully.",
      "groups": [
        "windows",
        "windows_application"
      ],
      "id": "60642"
    },
    "location": "EventChannel",
    "decoder": {
      "name": "windows_eventchannel"
    },
    "id": "1779790700.21662012",
    "timestamp": "2026-05-26T10:18:20.484+0000"
  },
