  {
    "input": {
      "type": "log"
    },
    "agent": {
      "ip": "172.21.4.243",
      "name": "Nicole_RZ",
      "id": "079"
    },
    "manager": {
      "name": "wazuh.manager"
    },
    "data": {
      "win": {
        "eventdata": {
          "binary": "4C0069006200720065004F00660066006900630065004D00610069006E00740065006E0061006E00630065000000",
          "param1": "LibreOffice Maintenance Service",
          "param2": "%%2"
        },
        "system": {
          "eventID": "7000",
          "eventSourceName": "Service Control Manager",
          "keywords": "0x8080000000000000",
          "providerGuid": "{555908d1-a6d7-4695-8e1e-26931d2012f4}",
          "level": "2",
          "channel": "System",
          "opcode": "0",
          "message": "\"Der Dienst \"LibreOffice Maintenance Service\" wurde aufgrund folgenden Fehlers nicht gestartet: \r\nDas System kann die angegebene Datei nicht finden.\"",
          "version": "0",
          "systemTime": "2026-05-26T09:23:40.2633528Z",
          "eventRecordID": "23089",
          "threadID": "380",
          "computer": "Nicole_RZ.arzw.local",
          "task": "0",
          "processID": "628",
          "severityValue": "ERROR",
          "providerName": "Service Control Manager"
        }
      }
    },
    "rule": {
      "firedtimes": 33,
      "mail": false,
      "level": 5,
      "description": "Windows System error event",
      "groups": [
        "windows",
        "windows_system",
        "system_error"
      ],
      "id": "61102",
      "gpg13": [
        "4.3"
      ],
      "gdpr": [
        "IV_35.7.d"
      ]
    },
    "location": "EventChannel",
    "decoder": {
      "name": "windows_eventchannel"
    },
    "id": "1779787420.20329691",
    "timestamp": "2026-05-26T09:23:40.534+0000"
  },
  {
    "input": {
      "type": "log"
    },
    "agent": {
      "ip": "172.21.4.243",
      "name": "Nicole_RZ",
      "id": "079"
    },
    "manager": {
      "name": "wazuh.manager"
    },
    "data": {
      "win": {
        "eventdata": {
          "binary": "4C0069006200720065004F00660066006900630065004D00610069006E00740065006E0061006E00630065000000",
          "param1": "LibreOffice Maintenance Service",
          "param2": "%%2"
        },
        "system": {
          "eventID": "7000",
          "eventSourceName": "Service Control Manager",
          "keywords": "0x8080000000000000",
          "providerGuid": "{555908d1-a6d7-4695-8e1e-26931d2012f4}",
          "level": "2",
          "channel": "System",
          "opcode": "0",
          "message": "\"Der Dienst \"LibreOffice Maintenance Service\" wurde aufgrund folgenden Fehlers nicht gestartet: \r\nDas System kann die angegebene Datei nicht finden.\"",
          "version": "0",
          "systemTime": "2026-05-26T09:23:40.1515757Z",
          "eventRecordID": "23088",
          "threadID": "380",
          "computer": "Nicole_RZ.arzw.local",
          "task": "0",
          "processID": "628",
          "severityValue": "ERROR",
          "providerName": "Service Control Manager"
        }
      }
    },
    "rule": {
      "firedtimes": 32,
      "mail": false,
      "level": 5,
      "description": "Windows System error event",
      "groups": [
        "windows",
        "windows_system",
        "system_error"
      ],
      "id": "61102",
      "gpg13": [
        "4.3"
      ],
      "gdpr": [
        "IV_35.7.d"
      ]
    },
    "location": "EventChannel",
    "decoder": {
      "name": "windows_eventchannel"
    },
    "id": "1779787420.20327793",
    "timestamp": "2026-05-26T09:23:40.518+0000"
  },
  {
    "input": {
      "type": "log"
    },
    "agent": {
      "ip": "172.21.4.243",
      "name": "Nicole_RZ",
      "id": "079"
    },
    "manager": {
      "name": "wazuh.manager"
    },
    "data": {
      "win": {
        "eventdata": {
          "binary": "4C0069006200720065004F00660066006900630065004D00610069006E00740065006E0061006E00630065000000",
          "param1": "LibreOffice Maintenance Service",
          "param2": "%%2"
        },
        "system": {
          "eventID": "7000",
          "eventSourceName": "Service Control Manager",
          "keywords": "0x8080000000000000",
          "providerGuid": "{555908d1-a6d7-4695-8e1e-26931d2012f4}",
          "level": "2",
          "channel": "System",
          "opcode": "0",
          "message": "\"Der Dienst \"LibreOffice Maintenance Service\" wurde aufgrund folgenden Fehlers nicht gestartet: \r\nDas System kann die angegebene Datei nicht finden.\"",
          "version": "0",
          "systemTime": "2026-05-26T09:23:40.0421214Z",
          "eventRecordID": "23087",
          "threadID": "380",
          "computer": "Nicole_RZ.arzw.local",
          "task": "0",
          "processID": "628",
          "severityValue": "ERROR",
          "providerName": "Service Control Manager"
        }
      }
    },
    "rule": {
      "firedtimes": 31,
      "mail": false,
      "level": 5,
      "description": "Windows System error event",
      "groups": [
        "windows",
        "windows_system",
        "system_error"
      ],
      "id": "61102",
      "gpg13": [
        "4.3"
      ],
      "gdpr": [
        "IV_35.7.d"
      ]
    },
    "location": "EventChannel",
    "decoder": {
      "name": "windows_eventchannel"
    },
    "id": "1779787420.20325895",
    "timestamp": "2026-05-26T09:23:40.502+0000"
  },
  {
    "input": {
      "type": "log"
    },
    "agent": {
      "ip": "172.21.4.243",
      "name": "Nicole_RZ",
      "id": "079"
    },
    "manager": {
      "name": "wazuh.manager"
    },
    "data": {
      "win": {
        "eventdata": {
          "binary": "4C0069006200720065004F00660066006900630065004D00610069006E00740065006E0061006E00630065000000",
          "param1": "LibreOffice Maintenance Service",
          "param2": "%%2"
        },
        "system": {
          "eventID": "7000",
          "eventSourceName": "Service Control Manager",
          "keywords": "0x8080000000000000",
          "providerGuid": "{555908d1-a6d7-4695-8e1e-26931d2012f4}",
          "level": "2",
          "channel": "System",
          "opcode": "0",
          "message": "\"Der Dienst \"LibreOffice Maintenance Service\" wurde aufgrund folgenden Fehlers nicht gestartet: \r\nDas System kann die angegebene Datei nicht finden.\"",
          "version": "0",
          "systemTime": "2026-05-26T09:23:39.9278088Z",
          "eventRecordID": "23086",
          "threadID": "380",
          "computer": "Nicole_RZ.arzw.local",
          "task": "0",
          "processID": "628",
          "severityValue": "ERROR",
          "providerName": "Service Control Manager"
        }
      }
    },
    "rule": {
      "firedtimes": 30,
      "mail": false,
      "level": 5,
      "description": "Windows System error event",
      "groups": [
        "windows",
        "windows_system",
        "system_error"
      ],
      "id": "61102",
      "gpg13": [
        "4.3"
      ],
      "gdpr": [
        "IV_35.7.d"
      ]
    },
    "location": "EventChannel",
    "decoder": {
      "name": "windows_eventchannel"
    },
    "id": "1779787420.20323997",
    "timestamp": "2026-05-26T09:23:40.486+0000"
  },
  {
    "input": {
      "type": "log"
    },
    "agent": {
      "ip": "172.21.4.243",
      "name": "Nicole_RZ",
      "id": "079"
    },
    "manager": {
      "name": "wazuh.manager"
    },
    "data": {
      "win": {
        "eventdata": {
          "binary": "4C0069006200720065004F00660066006900630065004D00610069006E00740065006E0061006E00630065000000",
          "param1": "LibreOffice Maintenance Service",
          "param2": "%%2"
        },
        "system": {
          "eventID": "7000",
          "eventSourceName": "Service Control Manager",
          "keywords": "0x8080000000000000",
          "providerGuid": "{555908d1-a6d7-4695-8e1e-26931d2012f4}",
          "level": "2",
          "channel": "System",
          "opcode": "0",
          "message": "\"Der Dienst \"LibreOffice Maintenance Service\" wurde aufgrund folgenden Fehlers nicht gestartet: \r\nDas System kann die angegebene Datei nicht finden.\"",
          "version": "0",
          "systemTime": "2026-05-26T09:23:39.8160699Z",
          "eventRecordID": "23085",
          "threadID": "380",
          "computer": "Nicole_RZ.arzw.local",
          "task": "0",
          "processID": "628",
          "severityValue": "ERROR",
          "providerName": "Service Control Manager"
        }
      }
    },
    "rule": {
      "firedtimes": 29,
      "mail": false,
      "level": 5,
      "description": "Windows System error event",
      "groups": [
        "windows",
        "windows_system",
        "system_error"
      ],
      "id": "61102",
      "gpg13": [
        "4.3"
      ],
      "gdpr": [
        "IV_35.7.d"
      ]
    },
    "location": "EventChannel",
    "decoder": {
      "name": "windows_eventchannel"
    },
    "id": "1779787420.20322099",
    "timestamp": "2026-05-26T09:23:40.470+0000"
  },
  {
    "input": {
      "type": "log"
    },
    "agent": {
      "ip": "172.21.4.243",
      "name": "Nicole_RZ",
      "id": "079"
    },
    "previous_output": "{\"win\":{\"system\":{\"providerName\":\"Service Control Manager\",\"providerGuid\":\"{555908d1-a6d7-4695-8e1e-26931d2012f4}\",\"eventSourceName\":\"Service Control Manager\",\"eventID\":\"7000\",\"version\":\"0\",\"level\":\"2\",\"task\":\"0\",\"opcode\":\"0\",\"keywords\":\"0x8080000000000000\",\"systemTime\":\"2026-05-26T09:23:39.5924838Z\",\"eventRecordID\":\"23083\",\"processID\":\"628\",\"threadID\":\"380\",\"channel\":\"System\",\"computer\":\"Nicole_RZ.arzw.local\",\"severityValue\":\"ERROR\",\"message\":\"\\\"Der Dienst \\\"LibreOffice Maintenance Service\\\" wurde aufgrund folgenden Fehlers nicht gestartet: \\r\\nDas System kann die angegebene Datei nicht finden.\\\"\"},\"eventdata\":{\"param1\":\"LibreOffice Maintenance Service\",\"param2\":\"%%2\",\"binary\":\"4C0069006200720065004F00660066006900630065004D00610069006E00740065006E0061006E00630065000000\"}}}\n{\"win\":{\"system\":{\"providerName\":\"Service Control Manager\",\"providerGuid\":\"{555908d1-a6d7-4695-8e1e-26931d2012f4}\",\"eventSourceName\":\"Service Control Manager\",\"eventID\":\"7000\",\"version\":\"0\",\"level\":\"2\",\"task\":\"0\",\"opcode\":\"0\",\"keywords\":\"0x8080000000000000\",\"systemTime\":\"2026-05-26T09:23:39.4816977Z\",\"eventRecordID\":\"23082\",\"processID\":\"628\",\"threadID\":\"380\",\"channel\":\"System\",\"computer\":\"Nicole_RZ.arzw.local\",\"severityValue\":\"ERROR\",\"message\":\"\\\"Der Dienst \\\"LibreOffice Maintenance Service\\\" wurde aufgrund folgenden Fehlers nicht gestartet: \\r\\nDas System kann die angegebene Datei nicht finden.\\\"\"},\"eventdata\":{\"param1\":\"LibreOffice Maintenance Service\",\"param2\":\"%%2\",\"binary\":\"4C0069006200720065004F00660066006900630065004D00610069006E00740065006E0061006E00630065000000\"}}}\n{\"win\":{\"system\":{\"providerName\":\"Service Control Manager\",\"providerGuid\":\"{555908d1-a6d7-4695-8e1e-26931d2012f4}\",\"eventSourceName\":\"Service Control Manager\",\"eventID\":\"7000\",\"version\":\"0\",\"level\":\"2\",\"task\":\"0\",\"opcode\":\"0\",\"keywords\":\"0x8080000000000000\",\"systemTime\":\"2026-05-26T09:23:39.3695277Z\",\"eventRecordID\":\"23081\",\"processID\":\"628\",\"threadID\":\"380\",\"channel\":\"System\",\"computer\":\"Nicole_RZ.arzw.local\",\"severityValue\":\"ERROR\",\"message\":\"\\\"Der Dienst \\\"LibreOffice Maintenance Service\\\" wurde aufgrund folgenden Fehlers nicht gestartet: \\r\\nDas System kann die angegebene Datei nicht finden.\\\"\"},\"eventdata\":{\"param1\":\"LibreOffice Maintenance Service\",\"param2\":\"%%2\",\"binary\":\"4C0069006200720065004F00660066006900630065004D00610069006E00740065006E0061006E00630065000000\"}}}\n{\"win\":{\"system\":{\"providerName\":\"Service Control Manager\",\"providerGuid\":\"{555908d1-a6d7-4695-8e1e-26931d2012f4}\",\"eventSourceName\":\"Service Control Manager\",\"eventID\":\"7000\",\"version\":\"0\",\"level\":\"2\",\"task\":\"0\",\"opcode\":\"0\",\"keywords\":\"0x8080000000000000\",\"systemTime\":\"2026-05-26T09:23:39.2580108Z\",\"eventRecordID\":\"23080\",\"processID\":\"628\",\"threadID\":\"380\",\"channel\":\"System\",\"computer\":\"Nicole_RZ.arzw.local\",\"severityValue\":\"ERROR\",\"message\":\"\\\"Der Dienst \\\"LibreOffice Maintenance Service\\\" wurde aufgrund folgenden Fehlers nicht gestartet: \\r\\nDas System kann die angegebene Datei nicht finden.\\\"\"},\"eventdata\":{\"param1\":\"LibreOffice Maintenance Service\",\"param2\":\"%%2\",\"binary\":\"4C0069006200720065004F00660066006900630065004D00610069006E00740065006E0061006E00630065000000\"}}}\n{\"win\":{\"system\":{\"providerName\":\"Service Control Manager\",\"providerGuid\":\"{555908d1-a6d7-4695-8e1e-26931d2012f4}\",\"eventSourceName\":\"Service Control Manager\",\"eventID\":\"7000\",\"version\":\"0\",\"level\":\"2\",\"task\":\"0\",\"opcode\":\"0\",\"keywords\":\"0x8080000000000000\",\"systemTime\":\"2026-05-26T09:23:39.1467619Z\",\"eventRecordID\":\"23079\",\"processID\":\"628\",\"threadID\":\"380\",\"channel\":\"System\",\"computer\":\"Nicole_RZ.arzw.local\",\"severityValue\":\"ERROR\",\"message\":\"\\\"Der Dienst \\\"LibreOffice Maintenance Service\\\" wurde aufgrund folgenden Fehlers nicht gestartet: \\r\\nDas System kann die angegebene Datei nicht finden.\\\"\"},\"eventdata\":{\"param1\":\"LibreOffice Maintenance Service\",\"param2\":\"%%2\",\"binary\":\"4C0069006200720065004F00660066006900630065004D00610069006E00740065006E0061006E00630065000000\"}}}\n{\"win\":{\"system\":{\"providerName\":\"Service Control Manager\",\"providerGuid\":\"{555908d1-a6d7-4695-8e1e-26931d2012f4}\",\"eventSourceName\":\"Service Control Manager\",\"eventID\":\"7000\",\"version\":\"0\",\"level\":\"2\",\"task\":\"0\",\"opcode\":\"0\",\"keywords\":\"0x8080000000000000\",\"systemTime\":\"2026-05-26T09:23:39.0354502Z\",\"eventRecordID\":\"23078\",\"processID\":\"628\",\"threadID\":\"380\",\"channel\":\"System\",\"computer\":\"Nicole_RZ.arzw.local\",\"severityValue\":\"ERROR\",\"message\":\"\\\"Der Dienst \\\"LibreOffice Maintenance Service\\\" wurde aufgrund folgenden Fehlers nicht gestartet: \\r\\nDas System kann die angegebene Datei nicht finden.\\\"\"},\"eventdata\":{\"param1\":\"LibreOffice Maintenance Service\",\"param2\":\"%%2\",\"binary\":\"4C0069006200720065004F00660066006900630065004D00610069006E00740065006E0061006E00630065000000\"}}}\n{\"win\":{\"system\":{\"providerName\":\"Service Control Manager\",\"providerGuid\":\"{555908d1-a6d7-4695-8e1e-26931d2012f4}\",\"eventSourceName\":\"Service Control Manager\",\"eventID\":\"7000\",\"version\":\"0\",\"level\":\"2\",\"task\":\"0\",\"opcode\":\"0\",\"keywords\":\"0x8080000000000000\",\"systemTime\":\"2026-05-26T09:23:38.9247245Z\",\"eventRecordID\":\"23077\",\"processID\":\"628\",\"threadID\":\"380\",\"channel\":\"System\",\"computer\":\"Nicole_RZ.arzw.local\",\"severityValue\":\"ERROR\",\"message\":\"\\\"Der Dienst \\\"LibreOffice Maintenance Service\\\" wurde aufgrund folgenden Fehlers nicht gestartet: \\r\\nDas System kann die angegebene Datei nicht finden.\\\"\"},\"eventdata\":{\"param1\":\"LibreOffice Maintenance Service\",\"param2\":\"%%2\",\"binary\":\"4C0069006200720065004F00660066006900630065004D00610069006E00740065006E0061006E00630065000000\"}}}",
    "manager": {
      "name": "wazuh.manager"
    },
    "data": {
      "win": {
        "eventdata": {
          "binary": "4C0069006200720065004F00660066006900630065004D00610069006E00740065006E0061006E00630065000000",
          "param1": "LibreOffice Maintenance Service",
          "param2": "%%2"
        },
        "system": {
          "eventID": "7000",
          "eventSourceName": "Service Control Manager",
          "keywords": "0x8080000000000000",
          "providerGuid": "{555908d1-a6d7-4695-8e1e-26931d2012f4}",
          "level": "2",
          "channel": "System",
          "opcode": "0",
          "message": "\"Der Dienst \"LibreOffice Maintenance Service\" wurde aufgrund folgenden Fehlers nicht gestartet: \r\nDas System kann die angegebene Datei nicht finden.\"",
          "version": "0",
          "systemTime": "2026-05-26T09:23:39.7046151Z",
          "eventRecordID": "23084",
          "threadID": "380",
          "computer": "Nicole_RZ.arzw.local",
          "task": "0",
          "processID": "628",
          "severityValue": "ERROR",
          "providerName": "Service Control Manager"
        }
      }
    },
    "rule": {
      "firedtimes": 4,
      "mail": false,
      "level": 10,
      "description": "Multiple System error events",
      "groups": [
        "windows",
        "windows_system"
      ],
      "id": "61110",
      "frequency": 8
    },
    "location": "EventChannel",
    "decoder": {
      "name": "windows_eventchannel"
    },
    "id": "1779787420.20314741",
    "timestamp": "2026-05-26T09:23:40.454+0000"
  },
  {
    "input": {
      "type": "log"
    },
    "agent": {
      "ip": "172.21.4.243",
      "name": "Nicole_RZ",
      "id": "079"
    },
    "manager": {
      "name": "wazuh.manager"
    },
    "data": {
      "win": {
        "eventdata": {
          "binary": "4C0069006200720065004F00660066006900630065004D00610069006E00740065006E0061006E00630065000000",
          "param1": "LibreOffice Maintenance Service",
          "param2": "%%2"
        },
        "system": {
          "eventID": "7000",
          "eventSourceName": "Service Control Manager",
          "keywords": "0x8080000000000000",
          "providerGuid": "{555908d1-a6d7-4695-8e1e-26931d2012f4}",
          "level": "2",
          "channel": "System",
          "opcode": "0",
          "message": "\"Der Dienst \"LibreOffice Maintenance Service\" wurde aufgrund folgenden Fehlers nicht gestartet: \r\nDas System kann die angegebene Datei nicht finden.\"",
          "version": "0",
          "systemTime": "2026-05-26T09:23:39.5924838Z",
          "eventRecordID": "23083",
          "threadID": "380",
          "computer": "Nicole_RZ.arzw.local",
          "task": "0",
          "processID": "628",
          "severityValue": "ERROR",
          "providerName": "Service Control Manager"
        }
      }
    },
    "rule": {
      "firedtimes": 28,
      "mail": false,
      "level": 5,
      "description": "Windows System error event",
      "groups": [
        "windows",
        "windows_system",
        "system_error"
      ],
      "id": "61102",
      "gpg13": [
        "4.3"
      ],
      "gdpr": [
        "IV_35.7.d"
      ]
    },
    "location": "EventChannel",
    "decoder": {
      "name": "windows_eventchannel"
    },
    "id": "1779787420.20312843",
    "timestamp": "2026-05-26T09:23:40.438+0000"
  },
  {
    "input": {
      "type": "log"
    },
    "agent": {
      "ip": "172.21.4.243",
      "name": "Nicole_RZ",
      "id": "079"
    },
    "manager": {
      "name": "wazuh.manager"
    },
    "data": {
      "win": {
        "eventdata": {
          "binary": "4C0069006200720065004F00660066006900630065004D00610069006E00740065006E0061006E00630065000000",
          "param1": "LibreOffice Maintenance Service",
          "param2": "%%2"
        },
        "system": {
          "eventID": "7000",
          "eventSourceName": "Service Control Manager",
          "keywords": "0x8080000000000000",
          "providerGuid": "{555908d1-a6d7-4695-8e1e-26931d2012f4}",
          "level": "2",
          "channel": "System",
          "opcode": "0",
          "message": "\"Der Dienst \"LibreOffice Maintenance Service\" wurde aufgrund folgenden Fehlers nicht gestartet: \r\nDas System kann die angegebene Datei nicht finden.\"",
          "version": "0",
          "systemTime": "2026-05-26T09:23:39.4816977Z",
          "eventRecordID": "23082",
          "threadID": "380",
          "computer": "Nicole_RZ.arzw.local",
          "task": "0",
          "processID": "628",
          "severityValue": "ERROR",
          "providerName": "Service Control Manager"
        }
      }
    },
    "rule": {
      "firedtimes": 27,
      "mail": false,
      "level": 5,
      "description": "Windows System error event",
      "groups": [
        "windows",
        "windows_system",
        "system_error"
      ],
      "id": "61102",
      "gpg13": [
        "4.3"
      ],
      "gdpr": [
        "IV_35.7.d"
      ]
    },
    "location": "EventChannel",
    "decoder": {
      "name": "windows_eventchannel"
    },
    "id": "1779787420.20310945",
    "timestamp": "2026-05-26T09:23:40.426+0000"
  },
  {
    "input": {
      "type": "log"
    },
    "agent": {
      "ip": "172.21.4.243",
      "name": "Nicole_RZ",
      "id": "079"
    },
    "manager": {
      "name": "wazuh.manager"
    },
    "data": {
      "win": {
        "eventdata": {
          "binary": "4C0069006200720065004F00660066006900630065004D00610069006E00740065006E0061006E00630065000000",
          "param1": "LibreOffice Maintenance Service",
          "param2": "%%2"
        },
        "system": {
          "eventID": "7000",
          "eventSourceName": "Service Control Manager",
          "keywords": "0x8080000000000000",
          "providerGuid": "{555908d1-a6d7-4695-8e1e-26931d2012f4}",
          "level": "2",
          "channel": "System",
          "opcode": "0",
          "message": "\"Der Dienst \"LibreOffice Maintenance Service\" wurde aufgrund folgenden Fehlers nicht gestartet: \r\nDas System kann die angegebene Datei nicht finden.\"",
          "version": "0",
          "systemTime": "2026-05-26T09:23:39.3695277Z",
          "eventRecordID": "23081",
          "threadID": "380",
          "computer": "Nicole_RZ.arzw.local",
          "task": "0",
          "processID": "628",
          "severityValue": "ERROR",
          "providerName": "Service Control Manager"
        }
      }
    },
    "rule": {
      "firedtimes": 26,
      "mail": false,
      "level": 5,
      "description": "Windows System error event",
      "groups": [
        "windows",
        "windows_system",
        "system_error"
      ],
      "id": "61102",
      "gpg13": [
        "4.3"
      ],
      "gdpr": [
        "IV_35.7.d"
      ]
    },
    "location": "EventChannel",
    "decoder": {
      "name": "windows_eventchannel"
    },
    "id": "1779787420.20309047",
    "timestamp": "2026-05-26T09:23:40.424+0000"
  },
  {
    "input": {
      "type": "log"
    },
    "agent": {
      "ip": "172.21.4.243",
      "name": "Nicole_RZ",
      "id": "079"
    },
    "manager": {
      "name": "wazuh.manager"
    },
    "data": {
      "win": {
        "eventdata": {
          "binary": "4C0069006200720065004F00660066006900630065004D00610069006E00740065006E0061006E00630065000000",
          "param1": "LibreOffice Maintenance Service",
          "param2": "%%2"
        },
        "system": {
          "eventID": "7000",
          "eventSourceName": "Service Control Manager",
          "keywords": "0x8080000000000000",
          "providerGuid": "{555908d1-a6d7-4695-8e1e-26931d2012f4}",
          "level": "2",
          "channel": "System",
          "opcode": "0",
          "message": "\"Der Dienst \"LibreOffice Maintenance Service\" wurde aufgrund folgenden Fehlers nicht gestartet: \r\nDas System kann die angegebene Datei nicht finden.\"",
          "version": "0",
          "systemTime": "2026-05-26T09:23:39.2580108Z",
          "eventRecordID": "23080",
          "threadID": "380",
          "computer": "Nicole_RZ.arzw.local",
          "task": "0",
          "processID": "628",
          "severityValue": "ERROR",
          "providerName": "Service Control Manager"
        }
      }
    },
    "rule": {
      "firedtimes": 25,
      "mail": false,
      "level": 5,
      "description": "Windows System error event",
      "groups": [
        "windows",
        "windows_system",
        "system_error"
      ],
      "id": "61102",
      "gpg13": [
        "4.3"
      ],
      "gdpr": [
        "IV_35.7.d"
      ]
    },
    "location": "EventChannel",
    "decoder": {
      "name": "windows_eventchannel"
    },
    "id": "1779787419.20307149",
    "timestamp": "2026-05-26T09:23:39.530+0000"
  },
  {
    "input": {
      "type": "log"
    },
    "agent": {
      "ip": "172.21.4.243",
      "name": "Nicole_RZ",
      "id": "079"
    },
    "manager": {
      "name": "wazuh.manager"
    },
    "data": {
      "win": {
        "eventdata": {
          "binary": "4C0069006200720065004F00660066006900630065004D00610069006E00740065006E0061006E00630065000000",
          "param1": "LibreOffice Maintenance Service",
          "param2": "%%2"
        },
        "system": {
          "eventID": "7000",
          "eventSourceName": "Service Control Manager",
          "keywords": "0x8080000000000000",
          "providerGuid": "{555908d1-a6d7-4695-8e1e-26931d2012f4}",
          "level": "2",
          "channel": "System",
          "opcode": "0",
          "message": "\"Der Dienst \"LibreOffice Maintenance Service\" wurde aufgrund folgenden Fehlers nicht gestartet: \r\nDas System kann die angegebene Datei nicht finden.\"",
          "version": "0",
          "systemTime": "2026-05-26T09:23:39.1467619Z",
          "eventRecordID": "23079",
          "threadID": "380",
          "computer": "Nicole_RZ.arzw.local",
          "task": "0",
          "processID": "628",
          "severityValue": "ERROR",
          "providerName": "Service Control Manager"
        }
      }
    },
    "rule": {
      "firedtimes": 24,
      "mail": false,
      "level": 5,
      "description": "Windows System error event",
      "groups": [
        "windows",
        "windows_system",
        "system_error"
      ],
      "id": "61102",
      "gpg13": [
        "4.3"
      ],
      "gdpr": [
        "IV_35.7.d"
      ]
    },
    "location": "EventChannel",
    "decoder": {
      "name": "windows_eventchannel"
    },
    "id": "1779787419.20305251",
    "timestamp": "2026-05-26T09:23:39.514+0000"
  },
  {
    "input": {
      "type": "log"
    },
    "agent": {
      "ip": "172.21.4.243",
      "name": "Nicole_RZ",
      "id": "079"
    },
    "manager": {
      "name": "wazuh.manager"
    },
    "data": {
      "win": {
        "eventdata": {
          "binary": "4C0069006200720065004F00660066006900630065004D00610069006E00740065006E0061006E00630065000000",
          "param1": "LibreOffice Maintenance Service",
          "param2": "%%2"
        },
        "system": {
          "eventID": "7000",
          "eventSourceName": "Service Control Manager",
          "keywords": "0x8080000000000000",
          "providerGuid": "{555908d1-a6d7-4695-8e1e-26931d2012f4}",
          "level": "2",
          "channel": "System",
          "opcode": "0",
          "message": "\"Der Dienst \"LibreOffice Maintenance Service\" wurde aufgrund folgenden Fehlers nicht gestartet: \r\nDas System kann die angegebene Datei nicht finden.\"",
          "version": "0",
          "systemTime": "2026-05-26T09:23:39.0354502Z",
          "eventRecordID": "23078",
          "threadID": "380",
          "computer": "Nicole_RZ.arzw.local",
          "task": "0",
          "processID": "628",
          "severityValue": "ERROR",
          "providerName": "Service Control Manager"
        }
      }
    },
    "rule": {
      "firedtimes": 23,
      "mail": false,
      "level": 5,
      "description": "Windows System error event",
      "groups": [
        "windows",
        "windows_system",
        "system_error"
      ],
      "id": "61102",
      "gpg13": [
        "4.3"
      ],
      "gdpr": [
        "IV_35.7.d"
      ]
    },
    "location": "EventChannel",
    "decoder": {
      "name": "windows_eventchannel"
    },
    "id": "1779787419.20303353",
    "timestamp": "2026-05-26T09:23:39.498+0000"
  },
  {
    "input": {
      "type": "log"
    },
    "agent": {
      "ip": "172.21.4.243",
      "name": "Nicole_RZ",
      "id": "079"
    },
    "manager": {
      "name": "wazuh.manager"
    },
    "data": {
      "win": {
        "eventdata": {
          "binary": "4C0069006200720065004F00660066006900630065004D00610069006E00740065006E0061006E00630065000000",
          "param1": "LibreOffice Maintenance Service",
          "param2": "%%2"
        },
        "system": {
          "eventID": "7000",
          "eventSourceName": "Service Control Manager",
          "keywords": "0x8080000000000000",
          "providerGuid": "{555908d1-a6d7-4695-8e1e-26931d2012f4}",
          "level": "2",
          "channel": "System",
          "opcode": "0",
          "message": "\"Der Dienst \"LibreOffice Maintenance Service\" wurde aufgrund folgenden Fehlers nicht gestartet: \r\nDas System kann die angegebene Datei nicht finden.\"",
          "version": "0",
          "systemTime": "2026-05-26T09:23:38.9247245Z",
          "eventRecordID": "23077",
          "threadID": "380",
          "computer": "Nicole_RZ.arzw.local",
          "task": "0",
          "processID": "628",
          "severityValue": "ERROR",
          "providerName": "Service Control Manager"
        }
      }
    },
    "rule": {
      "firedtimes": 22,
      "mail": false,
      "level": 5,
      "description": "Windows System error event",
      "groups": [
        "windows",
        "windows_system",
        "system_error"
      ],
      "id": "61102",
      "gpg13": [
        "4.3"
      ],
      "gdpr": [
        "IV_35.7.d"
      ]
    },
    "location": "EventChannel",
    "decoder": {
      "name": "windows_eventchannel"
    },
    "id": "1779787419.20301455",
    "timestamp": "2026-05-26T09:23:39.482+0000"
  },
  {
    "input": {
      "type": "log"
    },
    "agent": {
      "ip": "172.21.4.243",
      "name": "Nicole_RZ",
      "id": "079"
    },
    "previous_output": "{\"win\":{\"system\":{\"providerName\":\"Service Control Manager\",\"providerGuid\":\"{555908d1-a6d7-4695-8e1e-26931d2012f4}\",\"eventSourceName\":\"Service Control Manager\",\"eventID\":\"7000\",\"version\":\"0\",\"level\":\"2\",\"task\":\"0\",\"opcode\":\"0\",\"keywords\":\"0x8080000000000000\",\"systemTime\":\"2026-05-26T09:23:38.7024522Z\",\"eventRecordID\":\"23075\",\"processID\":\"628\",\"threadID\":\"380\",\"channel\":\"System\",\"computer\":\"Nicole_RZ.arzw.local\",\"severityValue\":\"ERROR\",\"message\":\"\\\"Der Dienst \\\"LibreOffice Maintenance Service\\\" wurde aufgrund folgenden Fehlers nicht gestartet: \\r\\nDas System kann die angegebene Datei nicht finden.\\\"\"},\"eventdata\":{\"param1\":\"LibreOffice Maintenance Service\",\"param2\":\"%%2\",\"binary\":\"4C0069006200720065004F00660066006900630065004D00610069006E00740065006E0061006E00630065000000\"}}}\n{\"win\":{\"system\":{\"providerName\":\"Service Control Manager\",\"providerGuid\":\"{555908d1-a6d7-4695-8e1e-26931d2012f4}\",\"eventSourceName\":\"Service Control Manager\",\"eventID\":\"7000\",\"version\":\"0\",\"level\":\"2\",\"task\":\"0\",\"opcode\":\"0\",\"keywords\":\"0x8080000000000000\",\"systemTime\":\"2026-05-26T09:23:38.5912336Z\",\"eventRecordID\":\"23074\",\"processID\":\"628\",\"threadID\":\"380\",\"channel\":\"System\",\"computer\":\"Nicole_RZ.arzw.local\",\"severityValue\":\"ERROR\",\"message\":\"\\\"Der Dienst \\\"LibreOffice Maintenance Service\\\" wurde aufgrund folgenden Fehlers nicht gestartet: \\r\\nDas System kann die angegebene Datei nicht finden.\\\"\"},\"eventdata\":{\"param1\":\"LibreOffice Maintenance Service\",\"param2\":\"%%2\",\"binary\":\"4C0069006200720065004F00660066006900630065004D00610069006E00740065006E0061006E00630065000000\"}}}\n{\"win\":{\"system\":{\"providerName\":\"Service Control Manager\",\"providerGuid\":\"{555908d1-a6d7-4695-8e1e-26931d2012f4}\",\"eventSourceName\":\"Service Control Manager\",\"eventID\":\"7000\",\"version\":\"0\",\"level\":\"2\",\"task\":\"0\",\"opcode\":\"0\",\"keywords\":\"0x8080000000000000\",\"systemTime\":\"2026-05-26T09:23:38.4798520Z\",\"eventRecordID\":\"23073\",\"processID\":\"628\",\"threadID\":\"380\",\"channel\":\"System\",\"computer\":\"Nicole_RZ.arzw.local\",\"severityValue\":\"ERROR\",\"message\":\"\\\"Der Dienst \\\"LibreOffice Maintenance Service\\\" wurde aufgrund folgenden Fehlers nicht gestartet: \\r\\nDas System kann die angegebene Datei nicht finden.\\\"\"},\"eventdata\":{\"param1\":\"LibreOffice Maintenance Service\",\"param2\":\"%%2\",\"binary\":\"4C0069006200720065004F00660066006900630065004D00610069006E00740065006E0061006E00630065000000\"}}}\n{\"win\":{\"system\":{\"providerName\":\"Service Control Manager\",\"providerGuid\":\"{555908d1-a6d7-4695-8e1e-26931d2012f4}\",\"eventSourceName\":\"Service Control Manager\",\"eventID\":\"7000\",\"version\":\"0\",\"level\":\"2\",\"task\":\"0\",\"opcode\":\"0\",\"keywords\":\"0x8080000000000000\",\"systemTime\":\"2026-05-26T09:23:38.3683630Z\",\"eventRecordID\":\"23072\",\"processID\":\"628\",\"threadID\":\"380\",\"channel\":\"System\",\"computer\":\"Nicole_RZ.arzw.local\",\"severityValue\":\"ERROR\",\"message\":\"\\\"Der Dienst \\\"LibreOffice Maintenance Service\\\" wurde aufgrund folgenden Fehlers nicht gestartet: \\r\\nDas System kann die angegebene Datei nicht finden.\\\"\"},\"eventdata\":{\"param1\":\"LibreOffice Maintenance Service\",\"param2\":\"%%2\",\"binary\":\"4C0069006200720065004F00660066006900630065004D00610069006E00740065006E0061006E00630065000000\"}}}\n{\"win\":{\"system\":{\"providerName\":\"Service Control Manager\",\"providerGuid\":\"{555908d1-a6d7-4695-8e1e-26931d2012f4}\",\"eventSourceName\":\"Service Control Manager\",\"eventID\":\"7000\",\"version\":\"0\",\"level\":\"2\",\"task\":\"0\",\"opcode\":\"0\",\"keywords\":\"0x8080000000000000\",\"systemTime\":\"2026-05-26T09:23:38.2572327Z\",\"eventRecordID\":\"23071\",\"processID\":\"628\",\"threadID\":\"380\",\"channel\":\"System\",\"computer\":\"Nicole_RZ.arzw.local\",\"severityValue\":\"ERROR\",\"message\":\"\\\"Der Dienst \\\"LibreOffice Maintenance Service\\\" wurde aufgrund folgenden Fehlers nicht gestartet: \\r\\nDas System kann die angegebene Datei nicht finden.\\\"\"},\"eventdata\":{\"param1\":\"LibreOffice Maintenance Service\",\"param2\":\"%%2\",\"binary\":\"4C0069006200720065004F00660066006900630065004D00610069006E00740065006E0061006E00630065000000\"}}}\n{\"win\":{\"system\":{\"providerName\":\"Service Control Manager\",\"providerGuid\":\"{555908d1-a6d7-4695-8e1e-26931d2012f4}\",\"eventSourceName\":\"Service Control Manager\",\"eventID\":\"7000\",\"version\":\"0\",\"level\":\"2\",\"task\":\"0\",\"opcode\":\"0\",\"keywords\":\"0x8080000000000000\",\"systemTime\":\"2026-05-26T09:23:38.1461176Z\",\"eventRecordID\":\"23070\",\"processID\":\"628\",\"threadID\":\"380\",\"channel\":\"System\",\"computer\":\"Nicole_RZ.arzw.local\",\"severityValue\":\"ERROR\",\"message\":\"\\\"Der Dienst \\\"LibreOffice Maintenance Service\\\" wurde aufgrund folgenden Fehlers nicht gestartet: \\r\\nDas System kann die angegebene Datei nicht finden.\\\"\"},\"eventdata\":{\"param1\":\"LibreOffice Maintenance Service\",\"param2\":\"%%2\",\"binary\":\"4C0069006200720065004F00660066006900630065004D00610069006E00740065006E0061006E00630065000000\"}}}\n{\"win\":{\"system\":{\"providerName\":\"Service Control Manager\",\"providerGuid\":\"{555908d1-a6d7-4695-8e1e-26931d2012f4}\",\"eventSourceName\":\"Service Control Manager\",\"eventID\":\"7000\",\"version\":\"0\",\"level\":\"2\",\"task\":\"0\",\"opcode\":\"0\",\"keywords\":\"0x8080000000000000\",\"systemTime\":\"2026-05-26T09:23:38.0368896Z\",\"eventRecordID\":\"23069\",\"processID\":\"628\",\"threadID\":\"380\",\"channel\":\"System\",\"computer\":\"Nicole_RZ.arzw.local\",\"severityValue\":\"ERROR\",\"message\":\"\\\"Der Dienst \\\"LibreOffice Maintenance Service\\\" wurde aufgrund folgenden Fehlers nicht gestartet: \\r\\nDas System kann die angegebene Datei nicht finden.\\\"\"},\"eventdata\":{\"param1\":\"LibreOffice Maintenance Service\",\"param2\":\"%%2\",\"binary\":\"4C0069006200720065004F00660066006900630065004D00610069006E00740065006E0061006E00630065000000\"}}}",
    "manager": {
      "name": "wazuh.manager"
    },
    "data": {
      "win": {
        "eventdata": {
          "binary": "4C0069006200720065004F00660066006900630065004D00610069006E00740065006E0061006E00630065000000",
          "param1": "LibreOffice Maintenance Service",
          "param2": "%%2"
        },
        "system": {
          "eventID": "7000",
          "eventSourceName": "Service Control Manager",
          "keywords": "0x8080000000000000",
          "providerGuid": "{555908d1-a6d7-4695-8e1e-26931d2012f4}",
          "level": "2",
          "channel": "System",
          "opcode": "0",
          "message": "\"Der Dienst \"LibreOffice Maintenance Service\" wurde aufgrund folgenden Fehlers nicht gestartet: \r\nDas System kann die angegebene Datei nicht finden.\"",
          "version": "0",
          "systemTime": "2026-05-26T09:23:38.8139650Z",
          "eventRecordID": "23076",
          "threadID": "380",
          "computer": "Nicole_RZ.arzw.local",
          "task": "0",
          "processID": "628",
          "severityValue": "ERROR",
          "providerName": "Service Control Manager"
        }
      }
    },
    "rule": {
      "firedtimes": 3,
      "mail": false,
      "level": 10,
      "description": "Multiple System error events",
      "groups": [
        "windows",
        "windows_system"
      ],
      "id": "61110",
      "frequency": 8
    },
    "location": "EventChannel",
    "decoder": {
      "name": "windows_eventchannel"
    },
    "id": "1779787419.20294097",
    "timestamp": "2026-05-26T09:23:39.465+0000"
  },
  {
    "input": {
      "type": "log"
    },
    "agent": {
      "ip": "172.21.4.243",
      "name": "Nicole_RZ",
      "id": "079"
    },
    "manager": {
      "name": "wazuh.manager"
    },
    "data": {
      "win": {
        "eventdata": {
          "binary": "4C0069006200720065004F00660066006900630065004D00610069006E00740065006E0061006E00630065000000",
          "param1": "LibreOffice Maintenance Service",
          "param2": "%%2"
        },
        "system": {
          "eventID": "7000",
          "eventSourceName": "Service Control Manager",
          "keywords": "0x8080000000000000",
          "providerGuid": "{555908d1-a6d7-4695-8e1e-26931d2012f4}",
          "level": "2",
          "channel": "System",
          "opcode": "0",
          "message": "\"Der Dienst \"LibreOffice Maintenance Service\" wurde aufgrund folgenden Fehlers nicht gestartet: \r\nDas System kann die angegebene Datei nicht finden.\"",
          "version": "0",
          "systemTime": "2026-05-26T09:23:38.7024522Z",
          "eventRecordID": "23075",
          "threadID": "380",
          "computer": "Nicole_RZ.arzw.local",
          "task": "0",
          "processID": "628",
          "severityValue": "ERROR",
          "providerName": "Service Control Manager"
        }
      }
    },
    "rule": {
      "firedtimes": 21,
      "mail": false,
      "level": 5,
      "description": "Windows System error event",
      "groups": [
        "windows",
        "windows_system",
        "system_error"
      ],
      "id": "61102",
      "gpg13": [
        "4.3"
      ],
      "gdpr": [
        "IV_35.7.d"
      ]
    },
    "location": "EventChannel",
    "decoder": {
      "name": "windows_eventchannel"
    },
    "id": "1779787419.20292199",
    "timestamp": "2026-05-26T09:23:39.449+0000"
  },
  {
    "input": {
      "type": "log"
    },
    "agent": {
      "ip": "172.21.4.243",
      "name": "Nicole_RZ",
      "id": "079"
    },
    "manager": {
      "name": "wazuh.manager"
    },
    "data": {
      "win": {
        "eventdata": {
          "binary": "4C0069006200720065004F00660066006900630065004D00610069006E00740065006E0061006E00630065000000",
          "param1": "LibreOffice Maintenance Service",
          "param2": "%%2"
        },
        "system": {
          "eventID": "7000",
          "eventSourceName": "Service Control Manager",
          "keywords": "0x8080000000000000",
          "providerGuid": "{555908d1-a6d7-4695-8e1e-26931d2012f4}",
          "level": "2",
          "channel": "System",
          "opcode": "0",
          "message": "\"Der Dienst \"LibreOffice Maintenance Service\" wurde aufgrund folgenden Fehlers nicht gestartet: \r\nDas System kann die angegebene Datei nicht finden.\"",
          "version": "0",
          "systemTime": "2026-05-26T09:23:38.5912336Z",
          "eventRecordID": "23074",
          "threadID": "380",
          "computer": "Nicole_RZ.arzw.local",
          "task": "0",
          "processID": "628",
          "severityValue": "ERROR",
          "providerName": "Service Control Manager"
        }
      }
    },
    "rule": {
      "firedtimes": 20,
      "mail": false,
      "level": 5,
      "description": "Windows System error event",
      "groups": [
        "windows",
        "windows_system",
        "system_error"
      ],
      "id": "61102",
      "gpg13": [
        "4.3"
      ],
      "gdpr": [
        "IV_35.7.d"
      ]
    },
    "location": "EventChannel",
    "decoder": {
      "name": "windows_eventchannel"
    },
    "id": "1779787419.20290301",
    "timestamp": "2026-05-26T09:23:39.433+0000"
  },
  {
    "input": {
      "type": "log"
    },
    "agent": {
      "ip": "172.21.4.243",
      "name": "Nicole_RZ",
      "id": "079"
    },
    "manager": {
      "name": "wazuh.manager"
    },
    "data": {
      "win": {
        "eventdata": {
          "binary": "4C0069006200720065004F00660066006900630065004D00610069006E00740065006E0061006E00630065000000",
          "param1": "LibreOffice Maintenance Service",
          "param2": "%%2"
        },
        "system": {
          "eventID": "7000",
          "eventSourceName": "Service Control Manager",
          "keywords": "0x8080000000000000",
          "providerGuid": "{555908d1-a6d7-4695-8e1e-26931d2012f4}",
          "level": "2",
          "channel": "System",
          "opcode": "0",
          "message": "\"Der Dienst \"LibreOffice Maintenance Service\" wurde aufgrund folgenden Fehlers nicht gestartet: \r\nDas System kann die angegebene Datei nicht finden.\"",
          "version": "0",
          "systemTime": "2026-05-26T09:23:38.4798520Z",
          "eventRecordID": "23073",
          "threadID": "380",
          "computer": "Nicole_RZ.arzw.local",
          "task": "0",
          "processID": "628",
          "severityValue": "ERROR",
          "providerName": "Service Control Manager"
        }
      }
    },
    "rule": {
      "firedtimes": 19,
      "mail": false,
      "level": 5,
      "description": "Windows System error event",
      "groups": [
        "windows",
        "windows_system",
        "system_error"
      ],
      "id": "61102",
      "gpg13": [
        "4.3"
      ],
      "gdpr": [
        "IV_35.7.d"
      ]
    },
    "location": "EventChannel",
    "decoder": {
      "name": "windows_eventchannel"
    },
    "id": "1779787419.20288403",
    "timestamp": "2026-05-26T09:23:39.424+0000"
  },
  {
    "input": {
      "type": "log"
    },
    "agent": {
      "ip": "172.21.4.243",
      "name": "Nicole_RZ",
      "id": "079"
    },
    "manager": {
      "name": "wazuh.manager"
    },
    "data": {
      "win": {
        "eventdata": {
          "binary": "4C0069006200720065004F00660066006900630065004D00610069006E00740065006E0061006E00630065000000",
          "param1": "LibreOffice Maintenance Service",
          "param2": "%%2"
        },
        "system": {
          "eventID": "7000",
          "eventSourceName": "Service Control Manager",
          "keywords": "0x8080000000000000",
          "providerGuid": "{555908d1-a6d7-4695-8e1e-26931d2012f4}",
          "level": "2",
          "channel": "System",
          "opcode": "0",
          "message": "\"Der Dienst \"LibreOffice Maintenance Service\" wurde aufgrund folgenden Fehlers nicht gestartet: \r\nDas System kann die angegebene Datei nicht finden.\"",
          "version": "0",
          "systemTime": "2026-05-26T09:23:38.3683630Z",
          "eventRecordID": "23072",
          "threadID": "380",
          "computer": "Nicole_RZ.arzw.local",
          "task": "0",
          "processID": "628",
          "severityValue": "ERROR",
          "providerName": "Service Control Manager"
        }
      }
    },
    "rule": {
      "firedtimes": 18,
      "mail": false,
      "level": 5,
      "description": "Windows System error event",
      "groups": [
        "windows",
        "windows_system",
        "system_error"
      ],
      "id": "61102",
      "gpg13": [
        "4.3"
      ],
      "gdpr": [
        "IV_35.7.d"
      ]
    },
    "location": "EventChannel",
    "decoder": {
      "name": "windows_eventchannel"
    },
    "id": "1779787419.20286505",
    "timestamp": "2026-05-26T09:23:39.423+0000"
  },
  {
    "input": {
      "type": "log"
    },
    "agent": {
      "ip": "172.21.4.243",
      "name": "Nicole_RZ",
      "id": "079"
    },
    "manager": {
      "name": "wazuh.manager"
    },
    "data": {
      "win": {
        "eventdata": {
          "binary": "4C0069006200720065004F00660066006900630065004D00610069006E00740065006E0061006E00630065000000",
          "param1": "LibreOffice Maintenance Service",
          "param2": "%%2"
        },
        "system": {
          "eventID": "7000",
          "eventSourceName": "Service Control Manager",
          "keywords": "0x8080000000000000",
          "providerGuid": "{555908d1-a6d7-4695-8e1e-26931d2012f4}",
          "level": "2",
          "channel": "System",
          "opcode": "0",
          "message": "\"Der Dienst \"LibreOffice Maintenance Service\" wurde aufgrund folgenden Fehlers nicht gestartet: \r\nDas System kann die angegebene Datei nicht finden.\"",
          "version": "0",
          "systemTime": "2026-05-26T09:23:38.2572327Z",
          "eventRecordID": "23071",
          "threadID": "380",
          "computer": "Nicole_RZ.arzw.local",
          "task": "0",
          "processID": "628",
          "severityValue": "ERROR",
          "providerName": "Service Control Manager"
        }
      }
    },
    "rule": {
      "firedtimes": 17,
      "mail": false,
      "level": 5,
      "description": "Windows System error event",
      "groups": [
        "windows",
        "windows_system",
        "system_error"
      ],
      "id": "61102",
      "gpg13": [
        "4.3"
      ],
      "gdpr": [
        "IV_35.7.d"
      ]
    },
    "location": "EventChannel",
    "decoder": {
      "name": "windows_eventchannel"
    },
    "id": "1779787418.20284607",
    "timestamp": "2026-05-26T09:23:38.449+0000"
  },
  {
    "input": {
      "type": "log"
    },
    "agent": {
      "ip": "172.21.4.243",
      "name": "Nicole_RZ",
      "id": "079"
    },
    "manager": {
      "name": "wazuh.manager"
    },
    "data": {
      "win": {
        "eventdata": {
          "binary": "4C0069006200720065004F00660066006900630065004D00610069006E00740065006E0061006E00630065000000",
          "param1": "LibreOffice Maintenance Service",
          "param2": "%%2"
        },
        "system": {
          "eventID": "7000",
          "eventSourceName": "Service Control Manager",
          "keywords": "0x8080000000000000",
          "providerGuid": "{555908d1-a6d7-4695-8e1e-26931d2012f4}",
          "level": "2",
          "channel": "System",
          "opcode": "0",
          "message": "\"Der Dienst \"LibreOffice Maintenance Service\" wurde aufgrund folgenden Fehlers nicht gestartet: \r\nDas System kann die angegebene Datei nicht finden.\"",
          "version": "0",
          "systemTime": "2026-05-26T09:23:38.1461176Z",
          "eventRecordID": "23070",
          "threadID": "380",
          "computer": "Nicole_RZ.arzw.local",
          "task": "0",
          "processID": "628",
          "severityValue": "ERROR",
          "providerName": "Service Control Manager"
        }
      }
    },
    "rule": {
      "firedtimes": 16,
      "mail": false,
      "level": 5,
      "description": "Windows System error event",
      "groups": [
        "windows",
        "windows_system",
        "system_error"
      ],
      "id": "61102",
      "gpg13": [
        "4.3"
      ],
      "gdpr": [
        "IV_35.7.d"
      ]
    },
    "location": "EventChannel",
    "decoder": {
      "name": "windows_eventchannel"
    },
    "id": "1779787418.20282709",
    "timestamp": "2026-05-26T09:23:38.444+0000"
  },
