  {
    "input": {
      "type": "log"
    },
    "agent": {
      "ip": "172.21.6.5",
      "name": "SWE03",
      "id": "030"
    },
    "manager": {
      "name": "wazuh.manager"
    },
    "data": {
      "win": {
        "eventdata": {
          "param3": "Manuell starten",
          "param4": "BITS",
          "param1": "Background Intelligent Transfer Service",
          "param2": "Automatisch starten"
        },
        "system": {
          "eventID": "7040",
          "eventSourceName": "Service Control Manager",
          "keywords": "0x8080000000000000",
          "providerGuid": "{555908d1-a6d7-4695-8e1e-26931d2012f4}",
          "level": "4",
          "channel": "System",
          "opcode": "0",
          "message": "\"Der Starttyp des Diensts \"Background Intelligent Transfer Service\" wurde von Automatisch starten in Manuell starten geändert.\"",
          "version": "0",
          "systemTime": "2026-05-26T10:24:57.2609481Z",
          "eventRecordID": "155597",
          "threadID": "8848",
          "computer": "SWE03.arzw.local",
          "task": "0",
          "processID": "868",
          "severityValue": "INFORMATION",
          "providerName": "Service Control Manager"
        }
      }
    },
    "rule": {
      "firedtimes": 10,
      "mail": false,
      "level": 3,
      "pci_dss": [
        "10.6"
      ],
      "hipaa": [
        "164.312.b"
      ],
      "tsc": [
        "CC6.1",
        "CC6.8",
        "CC7.2",
        "CC7.3"
      ],
      "description": "Service startup type was changed",
      "groups": [
        "windows",
        "windows_system",
        "policy_changed"
      ],
      "id": "61104",
      "nist_800_53": [
        "AU.6"
      ],
      "info": "This does not appear to be logged on Windows 2000",
      "gdpr": [
        "IV_35.7.d"
      ]
    },
    "location": "EventChannel",
    "decoder": {
      "name": "windows_eventchannel"
    },
    "id": "1779791098.21774401",
    "timestamp": "2026-05-26T10:24:58.226+0000"
  },
  {
    "input": {
      "type": "log"
    },
    "agent": {
      "ip": "10.0.139.214",
      "name": "SW-Norman",
      "id": "085"
    },
    "manager": {
      "name": "wazuh.manager"
    },
    "data": {
      "win": {
        "eventdata": {
          "data": "2126-05-02T10:23:57Z, RulesEngine"
        },
        "system": {
          "eventID": "16384",
          "eventSourceName": "Software Protection Platform Service",
          "keywords": "0x80000000000000",
          "providerGuid": "{E23B33B0-C8C9-472C-A5F9-F2BDFEA0F156}",
          "level": "4",
          "channel": "Application",
          "opcode": "0",
          "message": "\"Der Softwareschutzdienst wurde erfolgreich für den erneuten Start bei 2126-05-02T10:23:57Z geplant. Grund: RulesEngine.\"",
          "version": "0",
          "systemTime": "2026-05-26T10:23:57.9622949Z",
          "eventRecordID": "172777",
          "threadID": "0",
          "computer": "SW-Norman.arzw.local",
          "task": "0",
          "processID": "25912",
          "severityValue": "INFORMATION",
          "providerName": "Microsoft-Windows-Security-SPP"
        }
      }
    },
    "rule": {
      "firedtimes": 67,
      "mail": false,
      "level": 3,
      "description": "Software protection service scheduled successfully.",
      "groups": [
        "windows",
        "windows_application"
      ],
      "id": "60642"
    },
    "location": "EventChannel",
    "decoder": {
      "name": "windows_eventchannel"
    },
    "id": "1779791041.21772767",
    "timestamp": "2026-05-26T10:24:01.449+0000"
  },
  {
    "input": {
      "type": "log"
    },
    "agent": {
      "ip": "172.21.6.5",
      "name": "SWE03",
      "id": "030"
    },
    "manager": {
      "name": "wazuh.manager"
    },
    "data": {
      "win": {
        "eventdata": {
          "data": "2126-05-02T10:23:24Z, RulesEngine"
        },
        "system": {
          "eventID": "16384",
          "eventSourceName": "Software Protection Platform Service",
          "keywords": "0x80000000000000",
          "providerGuid": "{E23B33B0-C8C9-472C-A5F9-F2BDFEA0F156}",
          "level": "4",
          "channel": "Application",
          "opcode": "0",
          "message": "\"Der Softwareschutzdienst wurde erfolgreich für den erneuten Start bei 2126-05-02T10:23:24Z geplant. Grund: RulesEngine.\"",
          "version": "0",
          "systemTime": "2026-05-26T10:23:24.9344092Z",
          "eventRecordID": "251161",
          "threadID": "0",
          "computer": "SWE03.arzw.local",
          "task": "0",
          "processID": "0",
          "severityValue": "INFORMATION",
          "providerName": "Microsoft-Windows-Security-SPP"
        }
      }
    },
    "rule": {
      "firedtimes": 66,
      "mail": false,
      "level": 3,
      "description": "Software protection service scheduled successfully.",
      "groups": [
        "windows",
        "windows_application"
      ],
      "id": "60642"
    },
    "location": "EventChannel",
    "decoder": {
      "name": "windows_eventchannel"
    },
    "id": "1779791004.21771153",
    "timestamp": "2026-05-26T10:23:24.899+0000"
  },
  {
    "input": {
      "type": "log"
    },
    "agent": {
      "ip": "172.21.6.5",
      "name": "SWE03",
      "id": "030"
    },
    "manager": {
      "name": "wazuh.manager"
    },
    "data": {
      "win": {
        "eventdata": {
          "binary": "4B004B0053004600540041004D000000",
          "param1": "KKS FTAM Connector",
          "param2": "1"
        },
        "system": {
          "eventID": "7034",
          "eventSourceName": "Service Control Manager",
          "keywords": "0x8080000000000000",
          "providerGuid": "{555908d1-a6d7-4695-8e1e-26931d2012f4}",
          "level": "2",
          "channel": "System",
          "opcode": "0",
          "message": "\"Dienst \"KKS FTAM Connector\" wurde unerwartet beendet. Dies ist bereits 1 Mal passiert.\"",
          "version": "0",
          "systemTime": "2026-05-26T10:23:10.1469327Z",
          "eventRecordID": "155596",
          "threadID": "8268",
          "computer": "SWE03.arzw.local",
          "task": "0",
          "processID": "868",
          "severityValue": "ERROR",
          "providerName": "Service Control Manager"
        }
      }
    },
    "rule": {
      "firedtimes": 7,
      "mail": false,
      "level": 5,
      "description": "Windows System error event",
      "groups": [
        "windows",
        "windows_system",
        "system_error"
      ],
      "id": "61102",
      "gpg13": [
        "4.3"
      ],
      "gdpr": [
        "IV_35.7.d"
      ]
    },
    "location": "EventChannel",
    "decoder": {
      "name": "windows_eventchannel"
    },
    "id": "1779790991.21769537",
    "timestamp": "2026-05-26T10:23:11.154+0000"
  },
  {
    "input": {
      "type": "log"
    },
    "agent": {
      "ip": "172.21.6.5",
      "name": "SWE03",
      "id": "030"
    },
    "manager": {
      "name": "wazuh.manager"
    },
    "data": {
      "win": {
        "eventdata": {
          "data": "129000808185, 5, CLR20r3, Nicht verfügbar, 0, FTAMConnector.exe, 7.0.1.1, 5698d39c, FTAMConnector, 7.0.1.1, 5698d39c, 49, 52, KJFAUNRLOLBEFSUUXV23V4SFIXQUFQE1,   \\\\\\\\?\\\\C:\\\\ProgramData\\\\Microsoft\\\\Windows\\\\WER\\\\Temp\\\\WER6269.tmp.dmp  \\\\\\\\?\\\\C:\\\\ProgramData\\\\Microsoft\\\\Windows\\\\WER\\\\Temp\\\\WER6335.tmp.WERInternalMetadata.xml  \\\\\\\\?\\\\C:\\\\ProgramData\\\\Microsoft\\\\Windows\\\\WER\\\\Temp\\\\WER6346.tmp.xml  \\\\\\\\?\\\\C:\\\\ProgramData\\\\Microsoft\\\\Windows\\\\WER\\\\Temp\\\\WER6346.tmp.csv  \\\\\\\\?\\\\C:\\\\ProgramData\\\\Microsoft\\\\Windows\\\\WER\\\\Temp\\\\WER6357.tmp.txt, \\\\\\\\?\\\\C:\\\\ProgramData\\\\Microsoft\\\\Windows\\\\WER\\\\ReportArchive\\\\AppCrash_FTAMConnector.ex_671cc83b32164176d776ac8e59d8aeae9d7219f_73304ea2_f7e28690-ec18-44c2-93ba-58fc1e77e9fa, 0, 822b4084-ef29-4628-a9b2-3b66ebf06ba6, 268435456, f97f261c898ab88a3b6b01461ddcb28f, 0"
        },
        "system": {
          "eventID": "1001",
          "keywords": "0x80000000000000",
          "level": "4",
          "channel": "Application",
          "opcode": "0",
          "message": "\"Fehlerbucket 129000808185, Typ 5\r\nEreignisname: CLR20r3\r\nAntwort: Nicht verfügbar\r\nCAB-Datei-ID: 0\r\n\r\nProblemsignatur:\r\nP1: FTAMConnector.exe\r\nP2: 7.0.1.1\r\nP3: 5698d39c\r\nP4: FTAMConnector\r\nP5: 7.0.1.1\r\nP6: 5698d39c\r\nP7: 49\r\nP8: 52\r\nP9: KJFAUNRLOLBEFSUUXV23V4SFIXQUFQE1\r\nP10: \r\n\r\nAngefügte Dateien:\r\n\\\\?\\C:\\ProgramData\\Microsoft\\Windows\\WER\\Temp\\WER6269.tmp.dmp\r\n\\\\?\\C:\\ProgramData\\Microsoft\\Windows\\WER\\Temp\\WER6335.tmp.WERInternalMetadata.xml\r\n\\\\?\\C:\\ProgramData\\Microsoft\\Windows\\WER\\Temp\\WER6346.tmp.xml\r\n\\\\?\\C:\\ProgramData\\Microsoft\\Windows\\WER\\Temp\\WER6346.tmp.csv\r\n\\\\?\\C:\\ProgramData\\Microsoft\\Windows\\WER\\Temp\\WER6357.tmp.txt\r\n\r\nDiese Dateien befinden sich möglicherweise hier:\r\n\\\\?\\C:\\ProgramData\\Microsoft\\Windows\\WER\\ReportArchive\\AppCrash_FTAMConnector.ex_671cc83b32164176d776ac8e59d8aeae9d7219f_73304ea2_f7e28690-ec18-44c2-93ba-58fc1e77e9fa\r\n\r\nAnalysesymbol: \r\nEs wird erneut nach einer Lösung gesucht: 0\r\nBerichts-ID: 822b4084-ef29-4628-a9b2-3b66ebf06ba6\r\nBerichtstatus: 268435456\r\nBucket mit Hash: f97f261c898ab88a3b6b01461ddcb28f\r\nCAB-Datei-Guid: 0\"",
          "version": "0",
          "systemTime": "2026-05-26T10:23:09.9750694Z",
          "eventRecordID": "251160",
          "threadID": "0",
          "computer": "SWE03.arzw.local",
          "task": "0",
          "processID": "0",
          "severityValue": "INFORMATION",
          "providerName": "Windows Error Reporting"
        }
      }
    },
    "rule": {
      "firedtimes": 5,
      "mail": false,
      "level": 4,
      "description": "Summary event of the report's signatures.",
      "groups": [
        "windows",
        "windows_application"
      ],
      "id": "60608"
    },
    "location": "EventChannel",
    "decoder": {
      "name": "windows_eventchannel"
    },
    "id": "1779790989.21764523",
    "timestamp": "2026-05-26T10:23:09.952+0000"
  },
  {
    "input": {
      "type": "log"
    },
    "agent": {
      "ip": "172.21.6.5",
      "name": "SWE03",
      "id": "030"
    },
    "manager": {
      "name": "wazuh.manager"
    },
    "data": {
      "win": {
        "eventdata": {
          "data": "FTAMConnector.exe, 7.0.1.1, 5698d39c, KERNELBASE.dll, 10.0.19041.6093, 11227201, e0434352, 0013b552, 1f4, 01dcecf9a1a181a8, C:\\\\Program Files (x86)\\\\CoCoNet\\\\KKS Client 7.0\\\\FTAMConnector.exe, C:\\\\WINDOWS\\\\System32\\\\KERNELBASE.dll, 822b4084-ef29-4628-a9b2-3b66ebf06ba6"
        },
        "system": {
          "eventID": "1000",
          "keywords": "0x80000000000000",
          "level": "2",
          "channel": "Application",
          "opcode": "0",
          "message": "\"Name der fehlerhaften Anwendung: FTAMConnector.exe, Version: 7.0.1.1, Zeitstempel: 0x5698d39c\r\nName des fehlerhaften Moduls: KERNELBASE.dll, Version: 10.0.19041.6093, Zeitstempel: 0x11227201\r\nAusnahmecode: 0xe0434352\r\nFehleroffset: 0x0013b552\r\nID des fehlerhaften Prozesses: 0x1f4\r\nStartzeit der fehlerhaften Anwendung: 0x01dcecf9a1a181a8\r\nPfad der fehlerhaften Anwendung: C:\\Program Files (x86)\\CoCoNet\\KKS Client 7.0\\FTAMConnector.exe\r\nPfad des fehlerhaften Moduls: C:\\WINDOWS\\System32\\KERNELBASE.dll\r\nBerichtskennung: 822b4084-ef29-4628-a9b2-3b66ebf06ba6\r\nVollständiger Name des fehlerhaften Pakets: \r\nAnwendungs-ID, die relativ zum fehlerhaften Paket ist: \"",
          "version": "0",
          "systemTime": "2026-05-26T10:23:08.5064203Z",
          "eventRecordID": "251159",
          "threadID": "0",
          "computer": "SWE03.arzw.local",
          "task": "100",
          "processID": "0",
          "severityValue": "ERROR",
          "providerName": "Application Error"
        }
      }
    },
    "rule": {
      "firedtimes": 4,
      "mail": false,
      "level": 9,
      "description": "Windows application error event.",
      "groups": [
        "windows",
        "windows_application",
        "system_error"
      ],
      "id": "60602",
      "gdpr": [
        "IV_35.7.d"
      ],
      "gpg13": [
        "4.3"
      ]
    },
    "location": "EventChannel",
    "decoder": {
      "name": "windows_eventchannel"
    },
    "id": "1779790988.21761575",
    "timestamp": "2026-05-26T10:23:08.480+0000"
  },
  {
    "input": {
      "type": "log"
    },
    "agent": {
      "ip": "172.21.6.5",
      "name": "SWE03",
      "id": "030"
    },
    "manager": {
      "name": "wazuh.manager"
    },
    "data": {
      "win": {
        "eventdata": {
          "data": "Anwendung: FTAMConnector.exe Frameworkversion: v4.0.30319 Beschreibung: Der Prozess wurde aufgrund einer unbehandelten Ausnahme beendet. Ausnahmeinformationen: Coconet.Kks.Client.Shared.FtamResponderShutdownException    bei Coconet.Kks.Client.Connector.FTAM.FtamConnector.ResponderProcessExited(System.Object, System.EventArgs)    bei System.Diagnostics.Process.OnExited()    bei System.Diagnostics.Process.RaiseOnExited()    bei System.Diagnostics.Process.CompletionCallback(System.Object, Boolean)    bei System.Threading._ThreadPoolWaitOrTimerCallback.WaitOrTimerCallback_Context(System.Object, Boolean)    bei System.Threading._ThreadPoolWaitOrTimerCallback.WaitOrTimerCallback_Context_f(System.Object)    bei System.Threading.ExecutionContext.RunInternal(System.Threading.ExecutionContext, System.Threading.ContextCallback, System.Object, Boolean)    bei System.Threading.ExecutionContext.Run(System.Threading.ExecutionContext, System.Threading.ContextCallback, System.Object, Boolean)    bei System.Threading._ThreadPoolWaitOrTimerCallback.PerformWaitOrTimerCallback(System.Object, Boolean)"
        },
        "system": {
          "eventID": "1026",
          "keywords": "0x80000000000000",
          "level": "2",
          "channel": "Application",
          "opcode": "0",
          "message": "\"Anwendung: FTAMConnector.exe\nFrameworkversion: v4.0.30319\nBeschreibung: Der Prozess wurde aufgrund einer unbehandelten Ausnahme beendet.\nAusnahmeinformationen: Coconet.Kks.Client.Shared.FtamResponderShutdownException\n   bei Coconet.Kks.Client.Connector.FTAM.FtamConnector.ResponderProcessExited(System.Object, System.EventArgs)\n   bei System.Diagnostics.Process.OnExited()\n   bei System.Diagnostics.Process.RaiseOnExited()\n   bei System.Diagnostics.Process.CompletionCallback(System.Object, Boolean)\n   bei System.Threading._ThreadPoolWaitOrTimerCallback.WaitOrTimerCallback_Context(System.Object, Boolean)\n   bei System.Threading._ThreadPoolWaitOrTimerCallback.WaitOrTimerCallback_Context_f(System.Object)\n   bei System.Threading.ExecutionContext.RunInternal(System.Threading.ExecutionContext, System.Threading.ContextCallback, System.Object, Boolean)\n   bei System.Threading.ExecutionContext.Run(System.Threading.ExecutionContext, System.Threading.ContextCallback, System.Object, Boolean)\n   bei System.Threading._ThreadPoolWaitOrTimerCallback.PerformWaitOrTimerCallback(System.Object, Boolean)\n\n\"",
          "version": "0",
          "systemTime": "2026-05-26T10:23:08.3345738Z",
          "eventRecordID": "251158",
          "threadID": "0",
          "computer": "SWE03.arzw.local",
          "task": "0",
          "processID": "0",
          "severityValue": "ERROR",
          "providerName": ".NET Runtime"
        }
      }
    },
    "rule": {
      "firedtimes": 2,
      "mail": false,
      "level": 9,
      "description": "The process was terminated due to an unhandled exception.",
      "groups": [
        "windows",
        "windows_application"
      ],
      "mitre": {
        "technique": [
          "Service Stop"
        ],
        "id": [
          "T1489"
        ],
        "tactic": [
          "Impact"
        ]
      },
      "id": "61017"
    },
    "location": "EventChannel",
    "decoder": {
      "name": "windows_eventchannel"
    },
    "id": "1779790988.21756151",
    "timestamp": "2026-05-26T10:23:08.309+0000"
  },
  {
    "input": {
      "type": "log"
    },
    "agent": {
      "ip": "172.21.6.5",
      "name": "SWE03",
      "id": "030"
    },
    "manager": {
      "name": "wazuh.manager"
    },
    "data": {
      "win": {
        "eventdata": {
          "binary": "4B004B0053004D00610069006C000000",
          "param1": "KKS Mail Connector",
          "param2": "%%1053"
        },
        "system": {
          "eventID": "7000",
          "eventSourceName": "Service Control Manager",
          "keywords": "0x8080000000000000",
          "providerGuid": "{555908d1-a6d7-4695-8e1e-26931d2012f4}",
          "level": "2",
          "channel": "System",
          "opcode": "0",
          "message": "\"Der Dienst \"KKS Mail Connector\" wurde aufgrund folgenden Fehlers nicht gestartet: \r\nDer Dienst antwortete nicht rechtzeitig auf die Start- oder Steuerungsanforderung.\"",
          "version": "0",
          "systemTime": "2026-05-26T10:22:59.3716747Z",
          "eventRecordID": "155595",
          "threadID": "8268",
          "computer": "SWE03.arzw.local",
          "task": "0",
          "processID": "868",
          "severityValue": "ERROR",
          "providerName": "Service Control Manager"
        }
      }
    },
    "rule": {
      "firedtimes": 6,
      "mail": false,
      "level": 5,
      "description": "Windows System error event",
      "groups": [
        "windows",
        "windows_system",
        "system_error"
      ],
      "id": "61102",
      "gpg13": [
        "4.3"
      ],
      "gdpr": [
        "IV_35.7.d"
      ]
    },
    "location": "EventChannel",
    "decoder": {
      "name": "windows_eventchannel"
    },
    "id": "1779790979.21754363",
    "timestamp": "2026-05-26T10:22:59.765+0000"
  },
  {
    "input": {
      "type": "log"
    },
    "agent": {
      "ip": "172.21.6.5",
      "name": "SWE03",
      "id": "030"
    },
    "manager": {
      "name": "wazuh.manager"
    },
    "data": {
      "win": {
        "eventdata": {
          "binary": "4B004B0053004D00610069006C000000",
          "param1": "30000",
          "param2": "KKS Mail Connector"
        },
        "system": {
          "eventID": "7009",
          "eventSourceName": "Service Control Manager",
          "keywords": "0x8080000000000000",
          "providerGuid": "{555908d1-a6d7-4695-8e1e-26931d2012f4}",
          "level": "2",
          "channel": "System",
          "opcode": "0",
          "message": "\"Das Zeitlimit (30000 ms) wurde beim Verbindungsversuch mit dem Dienst KKS Mail Connector erreicht.\"",
          "version": "0",
          "systemTime": "2026-05-26T10:22:59.3716747Z",
          "eventRecordID": "155594",
          "threadID": "8268",
          "computer": "SWE03.arzw.local",
          "task": "0",
          "processID": "868",
          "severityValue": "ERROR",
          "providerName": "Service Control Manager"
        }
      }
    },
    "rule": {
      "firedtimes": 5,
      "mail": false,
      "level": 5,
      "description": "Windows System error event",
      "groups": [
        "windows",
        "windows_system",
        "system_error"
      ],
      "id": "61102",
      "gpg13": [
        "4.3"
      ],
      "gdpr": [
        "IV_35.7.d"
      ]
    },
    "location": "EventChannel",
    "decoder": {
      "name": "windows_eventchannel"
    },
    "id": "1779790979.21752717",
    "timestamp": "2026-05-26T10:22:59.723+0000"
  },
  {
    "input": {
      "type": "log"
    },
    "agent": {
      "ip": "172.21.6.5",
      "name": "SWE03",
      "id": "030"
    },
    "manager": {
      "name": "wazuh.manager"
    },
    "data": {
      "win": {
        "eventdata": {
          "data": "129003442761, 5, CLR20r3, Nicht verfügbar, 0, MailConnector.exe, 7.0.1.1, 5698d3a8, MailConnector, 7.0.1.1, 5698d3a8, 14, 263, S00KOGBO1WBRRKGQPIXO5AOUXGGHBQES,   \\\\\\\\?\\\\C:\\\\ProgramData\\\\Microsoft\\\\Windows\\\\WER\\\\Temp\\\\WER380D.tmp.dmp  \\\\\\\\?\\\\C:\\\\ProgramData\\\\Microsoft\\\\Windows\\\\WER\\\\Temp\\\\WER38E9.tmp.WERInternalMetadata.xml  \\\\\\\\?\\\\C:\\\\ProgramData\\\\Microsoft\\\\Windows\\\\WER\\\\Temp\\\\WER3909.tmp.xml  \\\\\\\\?\\\\C:\\\\ProgramData\\\\Microsoft\\\\Windows\\\\WER\\\\Temp\\\\WER3917.tmp.csv  \\\\\\\\?\\\\C:\\\\ProgramData\\\\Microsoft\\\\Windows\\\\WER\\\\Temp\\\\WER3928.tmp.txt, \\\\\\\\?\\\\C:\\\\ProgramData\\\\Microsoft\\\\Windows\\\\WER\\\\ReportArchive\\\\AppCrash_MailConnector.ex_63dc43c3252b57c7233873f647330aa1c4fd8a6_6dc3be3f_f779d22b-4109-42e0-907f-b01b861e38e5, 0, cc28e9e7-efba-4efd-a3f8-7e348d5450b7, 268435456, de1005d44f1ae34ab17494b4aadc957e, 0"
        },
        "system": {
          "eventID": "1001",
          "keywords": "0x80000000000000",
          "level": "4",
          "channel": "Application",
          "opcode": "0",
          "message": "\"Fehlerbucket 129003442761, Typ 5\r\nEreignisname: CLR20r3\r\nAntwort: Nicht verfügbar\r\nCAB-Datei-ID: 0\r\n\r\nProblemsignatur:\r\nP1: MailConnector.exe\r\nP2: 7.0.1.1\r\nP3: 5698d3a8\r\nP4: MailConnector\r\nP5: 7.0.1.1\r\nP6: 5698d3a8\r\nP7: 14\r\nP8: 263\r\nP9: S00KOGBO1WBRRKGQPIXO5AOUXGGHBQES\r\nP10: \r\n\r\nAngefügte Dateien:\r\n\\\\?\\C:\\ProgramData\\Microsoft\\Windows\\WER\\Temp\\WER380D.tmp.dmp\r\n\\\\?\\C:\\ProgramData\\Microsoft\\Windows\\WER\\Temp\\WER38E9.tmp.WERInternalMetadata.xml\r\n\\\\?\\C:\\ProgramData\\Microsoft\\Windows\\WER\\Temp\\WER3909.tmp.xml\r\n\\\\?\\C:\\ProgramData\\Microsoft\\Windows\\WER\\Temp\\WER3917.tmp.csv\r\n\\\\?\\C:\\ProgramData\\Microsoft\\Windows\\WER\\Temp\\WER3928.tmp.txt\r\n\r\nDiese Dateien befinden sich möglicherweise hier:\r\n\\\\?\\C:\\ProgramData\\Microsoft\\Windows\\WER\\ReportArchive\\AppCrash_MailConnector.ex_63dc43c3252b57c7233873f647330aa1c4fd8a6_6dc3be3f_f779d22b-4109-42e0-907f-b01b861e38e5\r\n\r\nAnalysesymbol: \r\nEs wird erneut nach einer Lösung gesucht: 0\r\nBerichts-ID: cc28e9e7-efba-4efd-a3f8-7e348d5450b7\r\nBerichtstatus: 268435456\r\nBucket mit Hash: de1005d44f1ae34ab17494b4aadc957e\r\nCAB-Datei-Guid: 0\"",
          "version": "0",
          "systemTime": "2026-05-26T10:22:59.1666990Z",
          "eventRecordID": "251154",
          "threadID": "0",
          "computer": "SWE03.arzw.local",
          "task": "0",
          "processID": "0",
          "severityValue": "INFORMATION",
          "providerName": "Windows Error Reporting"
        }
      }
    },
    "rule": {
      "firedtimes": 4,
      "mail": false,
      "level": 4,
      "description": "Summary event of the report's signatures.",
      "groups": [
        "windows",
        "windows_application"
      ],
      "id": "60608"
    },
    "location": "EventChannel",
    "decoder": {
      "name": "windows_eventchannel"
    },
    "id": "1779790979.21747699",
    "timestamp": "2026-05-26T10:22:59.156+0000"
  },
  {
    "input": {
      "type": "log"
    },
    "agent": {
      "ip": "172.21.6.5",
      "name": "SWE03",
      "id": "030"
    },
    "manager": {
      "name": "wazuh.manager"
    },
    "data": {
      "win": {
        "eventdata": {
          "data": "MailConnector.exe, 7.0.1.1, 5698d3a8, KERNELBASE.dll, 10.0.19041.6093, 11227201, e0434352, 0013b552, 2064, 01dcecf99dd28e46, C:\\\\Program Files (x86)\\\\CoCoNet\\\\KKS Client 7.0\\\\MailConnector.exe, C:\\\\WINDOWS\\\\System32\\\\KERNELBASE.dll, cc28e9e7-efba-4efd-a3f8-7e348d5450b7"
        },
        "system": {
          "eventID": "1000",
          "keywords": "0x80000000000000",
          "level": "2",
          "channel": "Application",
          "opcode": "0",
          "message": "\"Name der fehlerhaften Anwendung: MailConnector.exe, Version: 7.0.1.1, Zeitstempel: 0x5698d3a8\r\nName des fehlerhaften Moduls: KERNELBASE.dll, Version: 10.0.19041.6093, Zeitstempel: 0x11227201\r\nAusnahmecode: 0xe0434352\r\nFehleroffset: 0x0013b552\r\nID des fehlerhaften Prozesses: 0x2064\r\nStartzeit der fehlerhaften Anwendung: 0x01dcecf99dd28e46\r\nPfad der fehlerhaften Anwendung: C:\\Program Files (x86)\\CoCoNet\\KKS Client 7.0\\MailConnector.exe\r\nPfad des fehlerhaften Moduls: C:\\WINDOWS\\System32\\KERNELBASE.dll\r\nBerichtskennung: cc28e9e7-efba-4efd-a3f8-7e348d5450b7\r\nVollständiger Name des fehlerhaften Pakets: \r\nAnwendungs-ID, die relativ zum fehlerhaften Paket ist: \"",
          "version": "0",
          "systemTime": "2026-05-26T10:22:57.6275964Z",
          "eventRecordID": "251153",
          "threadID": "0",
          "computer": "SWE03.arzw.local",
          "task": "100",
          "processID": "0",
          "severityValue": "ERROR",
          "providerName": "Application Error"
        }
      }
    },
    "rule": {
      "firedtimes": 3,
      "mail": false,
      "level": 9,
      "description": "Windows application error event.",
      "groups": [
        "windows",
        "windows_application",
        "system_error"
      ],
      "id": "60602",
      "gdpr": [
        "IV_35.7.d"
      ],
      "gpg13": [
        "4.3"
      ]
    },
    "location": "EventChannel",
    "decoder": {
      "name": "windows_eventchannel"
    },
    "id": "1779790977.21744747",
    "timestamp": "2026-05-26T10:22:57.635+0000"
  },
  {
    "input": {
      "type": "log"
    },
    "agent": {
      "ip": "172.21.6.5",
      "name": "SWE03",
      "id": "030"
    },
    "manager": {
      "name": "wazuh.manager"
    },
    "data": {
      "win": {
        "eventdata": {
          "data": "Anwendung: MailConnector.exe Frameworkversion: v4.0.30319 Beschreibung: Der Prozess wurde aufgrund einer unbehandelten Ausnahme beendet. Ausnahmeinformationen: Coconet.Kks.Client.Shared.MailConnectorStartupException    bei Coconet.Kks.Client.Connector.Mail.MailConnector.Initialize()    bei Coconet.Kks.Client.Connector.Mail.MailConnectorService.Main()"
        },
        "system": {
          "eventID": "1026",
          "keywords": "0x80000000000000",
          "level": "2",
          "channel": "Application",
          "opcode": "0",
          "message": "\"Anwendung: MailConnector.exe\nFrameworkversion: v4.0.30319\nBeschreibung: Der Prozess wurde aufgrund einer unbehandelten Ausnahme beendet.\nAusnahmeinformationen: Coconet.Kks.Client.Shared.MailConnectorStartupException\n   bei Coconet.Kks.Client.Connector.Mail.MailConnector.Initialize()\n   bei Coconet.Kks.Client.Connector.Mail.MailConnectorService.Main()\n\n\"",
          "version": "0",
          "systemTime": "2026-05-26T10:22:57.4495073Z",
          "eventRecordID": "251152",
          "threadID": "0",
          "computer": "SWE03.arzw.local",
          "task": "0",
          "processID": "0",
          "severityValue": "ERROR",
          "providerName": ".NET Runtime"
        }
      }
    },
    "rule": {
      "firedtimes": 1,
      "mail": false,
      "level": 9,
      "description": "The process was terminated due to an unhandled exception.",
      "groups": [
        "windows",
        "windows_application"
      ],
      "mitre": {
        "technique": [
          "Service Stop"
        ],
        "id": [
          "T1489"
        ],
        "tactic": [
          "Impact"
        ]
      },
      "id": "61017"
    },
    "location": "EventChannel",
    "decoder": {
      "name": "windows_eventchannel"
    },
    "id": "1779790977.21742306",
    "timestamp": "2026-05-26T10:22:57.455+0000"
  },
  {
    "input": {
      "type": "log"
    },
    "agent": {
      "ip": "172.21.6.5",
      "name": "SWE03",
      "id": "030"
    },
    "manager": {
      "name": "wazuh.manager"
    },
    "data": {
      "win": {
        "eventdata": {
          "binary": "67007500700064006100740065000000",
          "param1": "Google Update-Dienst (gupdate)",
          "param2": "%%1053"
        },
        "system": {
          "eventID": "7000",
          "eventSourceName": "Service Control Manager",
          "keywords": "0x8080000000000000",
          "providerGuid": "{555908d1-a6d7-4695-8e1e-26931d2012f4}",
          "level": "2",
          "channel": "System",
          "opcode": "0",
          "message": "\"Der Dienst \"Google Update-Dienst (gupdate)\" wurde aufgrund folgenden Fehlers nicht gestartet: \r\nDer Dienst antwortete nicht rechtzeitig auf die Start- oder Steuerungsanforderung.\"",
          "version": "0",
          "systemTime": "2026-05-26T10:22:53.6359715Z",
          "eventRecordID": "155593",
          "threadID": "8268",
          "computer": "SWE03.arzw.local",
          "task": "0",
          "processID": "868",
          "severityValue": "ERROR",
          "providerName": "Service Control Manager"
        }
      }
    },
    "rule": {
      "firedtimes": 4,
      "mail": false,
      "level": 5,
      "description": "Windows System error event",
      "groups": [
        "windows",
        "windows_system",
        "system_error"
      ],
      "id": "61102",
      "gpg13": [
        "4.3"
      ],
      "gdpr": [
        "IV_35.7.d"
      ]
    },
    "location": "EventChannel",
    "decoder": {
      "name": "windows_eventchannel"
    },
    "id": "1779790974.21740470",
    "timestamp": "2026-05-26T10:22:54.089+0000"
  },
  {
    "input": {
      "type": "log"
    },
    "agent": {
      "ip": "172.21.6.5",
      "name": "SWE03",
      "id": "030"
    },
    "manager": {
      "name": "wazuh.manager"
    },
    "data": {
      "win": {
        "eventdata": {
          "binary": "67007500700064006100740065000000",
          "param1": "30000",
          "param2": "Google Update-Dienst (gupdate)"
        },
        "system": {
          "eventID": "7009",
          "eventSourceName": "Service Control Manager",
          "keywords": "0x8080000000000000",
          "providerGuid": "{555908d1-a6d7-4695-8e1e-26931d2012f4}",
          "level": "2",
          "channel": "System",
          "opcode": "0",
          "message": "\"Das Zeitlimit (30000 ms) wurde beim Verbindungsversuch mit dem Dienst Google Update-Dienst (gupdate) erreicht.\"",
          "version": "0",
          "systemTime": "2026-05-26T10:22:53.6359715Z",
          "eventRecordID": "155592",
          "threadID": "8268",
          "computer": "SWE03.arzw.local",
          "task": "0",
          "processID": "868",
          "severityValue": "ERROR",
          "providerName": "Service Control Manager"
        }
      }
    },
    "rule": {
      "firedtimes": 3,
      "mail": false,
      "level": 5,
      "description": "Windows System error event",
      "groups": [
        "windows",
        "windows_system",
        "system_error"
      ],
      "id": "61102",
      "gpg13": [
        "4.3"
      ],
      "gdpr": [
        "IV_35.7.d"
      ]
    },
    "location": "EventChannel",
    "decoder": {
      "name": "windows_eventchannel"
    },
    "id": "1779790974.21738776",
    "timestamp": "2026-05-26T10:22:54.088+0000"
  },
  {
    "input": {
      "type": "log"
    },
    "agent": {
      "ip": "172.21.5.96",
      "name": "vm-miniservices",
      "id": "113"
    },
    "manager": {
      "name": "wazuh.manager"
    },
    "data": {
      "win": {
        "eventdata": {
          "param3": "demand start",
          "param4": "BITS",
          "param1": "Background Intelligent Transfer Service",
          "param2": "auto start"
        },
        "system": {
          "eventID": "7040",
          "eventSourceName": "Service Control Manager",
          "keywords": "0x8080000000000000",
          "providerGuid": "{555908d1-a6d7-4695-8e1e-26931d2012f4}",
          "level": "4",
          "channel": "System",
          "opcode": "0",
          "message": "\"The start type of the Background Intelligent Transfer Service service was changed from auto start to demand start.\"",
          "version": "0",
          "systemTime": "2026-05-26T10:22:48.1603061Z",
          "eventRecordID": "79153",
          "threadID": "8272",
          "computer": "vm-miniservices.arzw.local",
          "task": "0",
          "processID": "1008",
          "severityValue": "INFORMATION",
          "providerName": "Service Control Manager"
        }
      }
    },
    "rule": {
      "firedtimes": 9,
      "mail": false,
      "level": 3,
      "pci_dss": [
        "10.6"
      ],
      "hipaa": [
        "164.312.b"
      ],
      "tsc": [
        "CC6.1",
        "CC6.8",
        "CC7.2",
        "CC7.3"
      ],
      "description": "Service startup type was changed",
      "groups": [
        "windows",
        "windows_system",
        "policy_changed"
      ],
      "id": "61104",
      "nist_800_53": [
        "AU.6"
      ],
      "info": "This does not appear to be logged on Windows 2000",
      "gdpr": [
        "IV_35.7.d"
      ]
    },
    "location": "EventChannel",
    "decoder": {
      "name": "windows_eventchannel"
    },
    "id": "1779790968.21736917",
    "timestamp": "2026-05-26T10:22:48.211+0000"
  },
  {
    "input": {
      "type": "log"
    },
    "agent": {
      "ip": "172.21.5.25",
      "name": "RZ_13_001",
      "id": "022"
    },
    "manager": {
      "name": "wazuh.manager"
    },
    "data": {
      "win": {
        "eventdata": {
          "data": "2126-05-02T10:22:35Z, RulesEngine"
        },
        "system": {
          "eventID": "16384",
          "eventSourceName": "Software Protection Platform Service",
          "keywords": "0x80000000000000",
          "providerGuid": "{E23B33B0-C8C9-472C-A5F9-F2BDFEA0F156}",
          "level": "4",
          "channel": "Application",
          "opcode": "0",
          "message": "\"Der Softwareschutzdienst wurde erfolgreich für den erneuten Start bei 2126-05-02T10:22:35Z geplant. Grund: RulesEngine.\"",
          "version": "0",
          "systemTime": "2026-05-26T10:22:35.3116702Z",
          "eventRecordID": "252916",
          "threadID": "0",
          "computer": "RZ_13_001.arzw.local",
          "task": "0",
          "processID": "0",
          "severityValue": "INFORMATION",
          "providerName": "Microsoft-Windows-Security-SPP"
        }
      }
    },
    "rule": {
      "firedtimes": 65,
      "mail": false,
      "level": 3,
      "description": "Software protection service scheduled successfully.",
      "groups": [
        "windows",
        "windows_application"
      ],
      "id": "60642"
    },
    "location": "EventChannel",
    "decoder": {
      "name": "windows_eventchannel"
    },
    "id": "1779790955.21735291",
    "timestamp": "2026-05-26T10:22:35.349+0000"
  },
  {
    "input": {
      "type": "log"
    },
    "agent": {
      "ip": "172.21.5.10",
      "name": "KS_06_002",
      "id": "025"
    },
    "manager": {
      "name": "wazuh.manager"
    },
    "data": {
      "win": {
        "eventdata": {
          "data": "2126-05-02T10:21:44Z, RulesEngine"
        },
        "system": {
          "eventID": "16384",
          "eventSourceName": "Software Protection Platform Service",
          "keywords": "0x80000000000000",
          "providerGuid": "{E23B33B0-C8C9-472C-A5F9-F2BDFEA0F156}",
          "level": "4",
          "channel": "Application",
          "opcode": "0",
          "message": "\"Der Softwareschutzdienst wurde erfolgreich für den erneuten Start bei 2126-05-02T10:21:44Z geplant. Grund: RulesEngine.\"",
          "version": "0",
          "systemTime": "2026-05-26T10:21:44.8380305Z",
          "eventRecordID": "258916",
          "threadID": "0",
          "computer": "KS_06_002.arzw.local",
          "task": "0",
          "processID": "0",
          "severityValue": "INFORMATION",
          "providerName": "Microsoft-Windows-Security-SPP"
        }
      }
    },
    "rule": {
      "firedtimes": 64,
      "mail": false,
      "level": 3,
      "description": "Software protection service scheduled successfully.",
      "groups": [
        "windows",
        "windows_application"
      ],
      "id": "60642"
    },
    "location": "EventChannel",
    "decoder": {
      "name": "windows_eventchannel"
    },
    "id": "1779790904.21733665",
    "timestamp": "2026-05-26T10:21:44.985+0000"
  },
  {
    "input": {
      "type": "log"
    },
    "agent": {
      "ip": "172.21.6.5",
      "name": "SWE03",
      "id": "030"
    },
    "manager": {
      "name": "wazuh.manager"
    },
    "data": {
      "win": {
        "eventdata": {
          "data": "2126-05-02T10:21:35Z, RulesEngine"
        },
        "system": {
          "eventID": "16384",
          "eventSourceName": "Software Protection Platform Service",
          "keywords": "0x80000000000000",
          "providerGuid": "{E23B33B0-C8C9-472C-A5F9-F2BDFEA0F156}",
          "level": "4",
          "channel": "Application",
          "opcode": "0",
          "message": "\"Der Softwareschutzdienst wurde erfolgreich für den erneuten Start bei 2126-05-02T10:21:35Z geplant. Grund: RulesEngine.\"",
          "version": "0",
          "systemTime": "2026-05-26T10:21:36.0012546Z",
          "eventRecordID": "251144",
          "threadID": "0",
          "computer": "SWE03.arzw.local",
          "task": "0",
          "processID": "0",
          "severityValue": "INFORMATION",
          "providerName": "Microsoft-Windows-Security-SPP"
        }
      }
    },
    "rule": {
      "firedtimes": 63,
      "mail": false,
      "level": 3,
      "description": "Software protection service scheduled successfully.",
      "groups": [
        "windows",
        "windows_application"
      ],
      "id": "60642"
    },
    "location": "EventChannel",
    "decoder": {
      "name": "windows_eventchannel"
    },
    "id": "1779790895.21732051",
    "timestamp": "2026-05-26T10:21:35.994+0000"
  },
  {
    "input": {
      "type": "log"
    },
    "agent": {
      "ip": "172.21.6.5",
      "name": "SWE03",
      "id": "030"
    },
    "manager": {
      "name": "wazuh.manager"
    },
    "data": {
      "win": {
        "eventdata": {
          "targetLogonId": "0x11986b",
          "targetUserName": "SWE03$",
          "targetDomainName": "ARZW",
          "targetUserSid": "S-1-5-18",
          "logonType": "3"
        },
        "system": {
          "eventID": "4634",
          "keywords": "0x8020000000000000",
          "providerGuid": "{54849625-5478-4994-a5ba-3e3b0328c30d}",
          "level": "0",
          "channel": "Security",
          "opcode": "0",
          "message": "\"Ein Konto wurde abgemeldet.\r\n\r\nAntragsteller:\r\n\tSicherheits-ID:\t\tS-1-5-18\r\n\tKontoname:\t\tSWE03$\r\n\tKontodomäne:\t\tARZW\r\n\tAnmelde-ID:\t\t0x11986B\r\n\r\nAnmeldetyp:\t\t\t3\r\n\r\nDieses Ereignis wird generiert, wenn eine Anmeldesitzung zerstört wird. Es kann anhand des Wertes der Anmelde-ID positiv mit einem Anmeldeereignis korreliert werden. Anmelde-IDs sind nur zwischen Neustarts auf demselben Computer eindeutig.\"",
          "version": "0",
          "systemTime": "2026-05-26T10:20:55.4945579Z",
          "eventRecordID": "5359101",
          "threadID": "512",
          "computer": "SWE03.arzw.local",
          "task": "12545",
          "processID": "876",
          "severityValue": "AUDIT_SUCCESS",
          "providerName": "Microsoft-Windows-Security-Auditing"
        }
      }
    },
    "rule": {
      "firedtimes": 15,
      "mail": false,
      "level": 3,
      "pci_dss": [
        "10.2.5"
      ],
      "hipaa": [
        "164.312.b"
      ],
      "tsc": [
        "CC6.8",
        "CC7.2",
        "CC7.3"
      ],
      "description": "Windows User Logoff",
      "groups": [
        "windows",
        "windows_security"
      ],
      "id": "60137",
      "nist_800_53": [
        "AU.14",
        "AC.7"
      ],
      "gdpr": [
        "IV_32.2"
      ]
    },
    "location": "EventChannel",
    "decoder": {
      "name": "windows_eventchannel"
    },
    "id": "1779790872.21729654",
    "timestamp": "2026-05-26T10:21:12.229+0000"
  },
  {
    "input": {
      "type": "log"
    },
    "agent": {
      "ip": "172.21.6.5",
      "name": "SWE03",
      "id": "030"
    },
    "manager": {
      "name": "wazuh.manager"
    },
    "data": {
      "win": {
        "eventdata": {
          "subjectLogonId": "0x0",
          "targetLinkedLogonId": "0x0",
          "impersonationLevel": "%%1833",
          "authenticationPackageName": "Kerberos",
          "targetLogonId": "0x11986b",
          "logonProcessName": "Kerberos",
          "logonGuid": "{50f608d2-f7a5-a6ae-4499-6182d3192004}",
          "targetUserName": "SWE03$",
          "keyLength": "0",
          "elevatedToken": "%%1842",
          "subjectUserSid": "S-1-0-0",
          "processId": "0x0",
          "targetDomainName": "ARZW.LOCAL",
          "targetUserSid": "S-1-5-18",
          "virtualAccount": "%%1843",
          "logonType": "3"
        },
        "system": {
          "eventID": "4624",
          "keywords": "0x8020000000000000",
          "providerGuid": "{54849625-5478-4994-a5ba-3e3b0328c30d}",
          "level": "0",
          "channel": "Security",
          "opcode": "0",
          "message": "\"Ein Konto wurde erfolgreich angemeldet.\r\n\r\nAntragsteller:\r\n\tSicherheits-ID:\t\tS-1-0-0\r\n\tKontoname:\t\t-\r\n\tKontodomäne:\t\t-\r\n\tAnmelde-ID:\t\t0x0\r\n\r\nAnmeldeinformationen:\r\n\tAnmeldetyp:\t\t3\r\n\tEingeschränkter Administratormodus:\t-\r\n\tVirtuelles Konto:\t\tNein\r\n\tToken mit erhöhten Rechten:\t\tJa\r\n\r\nIdentitätswechselebene:\t\tIdentitätswechsel\r\n\r\nNeue Anmeldung:\r\n\tSicherheits-ID:\t\tS-1-5-18\r\n\tKontoname:\t\tSWE03$\r\n\tKontodomäne:\t\tARZW.LOCAL\r\n\tAnmelde-ID:\t\t0x11986B\r\n\tVerknüpfte Anmelde-ID:\t\t0x0\r\n\tNetzwerk-Kontoname:\t-\r\n\tNetzwerk-Kontodomäne:\t-\r\n\tAnmelde-GUID:\t\t{50f608d2-f7a5-a6ae-4499-6182d3192004}\r\n\r\nProzessinformationen:\r\n\tProzess-ID:\t\t0x0\r\n\tProzessname:\t\t-\r\n\r\nNetzwerkinformationen:\r\n\tArbeitsstationsname:\t-\r\n\tQuellnetzwerkadresse:\t-\r\n\tQuellport:\t\t-\r\n\r\nDetaillierte Authentifizierungsinformationen:\r\n\tAnmeldeprozess:\t\tKerberos\r\n\tAuthentifizierungspaket:\tKerberos\r\n\tÜbertragene Dienste:\t-\r\n\tPaketname (nur NTLM):\t-\r\n\tSchlüssellänge:\t\t0\r\n\r\nDieses Ereignis wird beim Erstellen einer Anmeldesitzung generiert. Es wird auf dem Computer generiert, auf den zugegriffen wurde.\r\n\r\nDie Antragstellerfelder geben das Konto auf dem lokalen System an, von dem die Anmeldung angefordert wurde. Dies ist meistens ein Dienst wie der Serverdienst oder ein lokaler Prozess wie \"Winlogon.exe\" oder \"Services.exe\".\r\n\r\nDas Anmeldetypfeld gibt den jeweiligen Anmeldetyp an. Die häufigsten Typen sind 2 (interaktiv) und 3 (Netzwerk).\r\n\r\nDie Felder für die neue Anmeldung geben das Konto an, für das die neue Anmeldung erstellt wurde, d. h. das angemeldete Konto.\r\n\r\nDie Netzwerkfelder geben die Quelle einer Remoteanmeldeanforderung an. Der Arbeitsstationsname ist nicht immer verfügbar und kann in manchen Fällen leer bleiben.\r\n\r\nDas Feld für die Identitätswechselebene gibt an, in welchem Umfang ein Prozess in der Anmeldesitzung einen Identitätswechsel vornehmen kann.\r\n\r\nDie Felder für die Authentifizierungsinformationen enthalten detaillierte Informationen zu dieser speziellen Anmeldeanforderung.\r\n\t- Die Anmelde-GUID ist ein eindeutiger Bezeichner, der verwendet werden kann, um dieses Ereignis mit einem KDC-Ereignis zu korrelieren.\r\n\t- Die übertragenen Dienste geben an, welche Zwischendienste an der Anmeldeanforderung beteiligt waren.\r\n\t- Der Paketname gibt das in den NTLM-Protokollen verwendete Unterprotokoll an.\r\n\t- Die Schlüssellänge gibt die Länge des generierten Sitzungsschlüssels an. Wenn kein Sitzungsschlüssel angefordert wurde, ist dieser Wert 0.\"",
          "version": "2",
          "systemTime": "2026-05-26T10:20:55.4829412Z",
          "eventRecordID": "5359100",
          "threadID": "512",
          "computer": "SWE03.arzw.local",
          "task": "12544",
          "processID": "876",
          "severityValue": "AUDIT_SUCCESS",
          "providerName": "Microsoft-Windows-Security-Auditing"
        }
      }
    },
    "rule": {
      "mail": false,
      "level": 3,
      "pci_dss": [
        "10.2.5"
      ],
      "hipaa": [
        "164.312.b"
      ],
      "tsc": [
        "CC6.8",
        "CC7.2",
        "CC7.3"
      ],
      "description": "Windows Logon Success",
      "groups": [
        "windows",
        "windows_security",
        "authentication_success"
      ],
      "nist_800_53": [
        "AU.14",
        "AC.9"
      ],
      "gdpr": [
        "IV_32.2"
      ],
      "firedtimes": 13,
      "mitre": {
        "technique": [
          "Valid Accounts"
        ],
        "id": [
          "T1078"
        ],
        "tactic": [
          "Defense Evasion",
          "Persistence",
          "Privilege Escalation",
          "Initial Access"
        ]
      },
      "id": "60106",
      "gpg13": [
        "7.1",
        "7.2"
      ]
    },
    "location": "EventChannel",
    "decoder": {
      "name": "windows_eventchannel"
    },
    "id": "1779790872.21722174",
    "timestamp": "2026-05-26T10:21:12.214+0000"
  },
  {
    "input": {
      "type": "log"
    },
    "agent": {
      "ip": "172.21.6.5",
      "name": "SWE03",
      "id": "030"
    },
    "manager": {
      "name": "wazuh.manager"
    },
    "data": {
      "win": {
        "eventdata": {
          "targetLogonId": "0xfd98d",
          "targetUserName": "SWE03$",
          "targetDomainName": "ARZW",
          "targetUserSid": "S-1-5-18",
          "logonType": "3"
        },
        "system": {
          "eventID": "4634",
          "keywords": "0x8020000000000000",
          "providerGuid": "{54849625-5478-4994-a5ba-3e3b0328c30d}",
          "level": "0",
          "channel": "Security",
          "opcode": "0",
          "message": "\"Ein Konto wurde abgemeldet.\r\n\r\nAntragsteller:\r\n\tSicherheits-ID:\t\tS-1-5-18\r\n\tKontoname:\t\tSWE03$\r\n\tKontodomäne:\t\tARZW\r\n\tAnmelde-ID:\t\t0xFD98D\r\n\r\nAnmeldetyp:\t\t\t3\r\n\r\nDieses Ereignis wird generiert, wenn eine Anmeldesitzung zerstört wird. Es kann anhand des Wertes der Anmelde-ID positiv mit einem Anmeldeereignis korreliert werden. Anmelde-IDs sind nur zwischen Neustarts auf demselben Computer eindeutig.\"",
          "version": "0",
          "systemTime": "2026-05-26T10:20:54.3103946Z",
          "eventRecordID": "5359097",
          "threadID": "512",
          "computer": "SWE03.arzw.local",
          "task": "12545",
          "processID": "876",
          "severityValue": "AUDIT_SUCCESS",
          "providerName": "Microsoft-Windows-Security-Auditing"
        }
      }
    },
    "rule": {
      "firedtimes": 14,
      "mail": false,
      "level": 3,
      "pci_dss": [
        "10.2.5"
      ],
      "hipaa": [
        "164.312.b"
      ],
      "tsc": [
        "CC6.8",
        "CC7.2",
        "CC7.3"
      ],
      "description": "Windows User Logoff",
      "groups": [
        "windows",
        "windows_security"
      ],
      "id": "60137",
      "nist_800_53": [
        "AU.14",
        "AC.7"
      ],
      "gdpr": [
        "IV_32.2"
      ]
    },
    "location": "EventChannel",
    "decoder": {
      "name": "windows_eventchannel"
    },
    "id": "1779790872.21719781",
    "timestamp": "2026-05-26T10:21:12.166+0000"
  },
