  {
    "input": {
      "type": "log"
    },
    "agent": {
      "ip": "172.21.4.242",
      "name": "BH0101",
      "id": "031"
    },
    "manager": {
      "name": "wazuh.manager"
    },
    "data": {
      "win": {
        "eventdata": {
          "targetLogonId": "0x16e37",
          "targetUserName": "DWM-1",
          "targetDomainName": "Window Manager",
          "targetUserSid": "S-1-5-90-0-1",
          "logonType": "2"
        },
        "system": {
          "eventID": "4634",
          "keywords": "0x8020000000000000",
          "providerGuid": "{54849625-5478-4994-a5ba-3e3b0328c30d}",
          "level": "0",
          "channel": "Security",
          "opcode": "0",
          "message": "\"Ein Konto wurde abgemeldet.\r\n\r\nAntragsteller:\r\n\tSicherheits-ID:\t\tS-1-5-90-0-1\r\n\tKontoname:\t\tDWM-1\r\n\tKontodomäne:\t\tWindow Manager\r\n\tAnmelde-ID:\t\t0x16E37\r\n\r\nAnmeldetyp:\t\t\t2\r\n\r\nDieses Ereignis wird generiert, wenn eine Anmeldesitzung zerstört wird. Es kann anhand des Wertes der Anmelde-ID positiv mit einem Anmeldeereignis korreliert werden. Anmelde-IDs sind nur zwischen Neustarts auf demselben Computer eindeutig.\"",
          "version": "0",
          "systemTime": "2026-05-26T08:36:06.5539375Z",
          "eventRecordID": "3221856",
          "threadID": "960",
          "computer": "BH0101.arzw.local",
          "task": "12545",
          "processID": "752",
          "severityValue": "AUDIT_SUCCESS",
          "providerName": "Microsoft-Windows-Security-Auditing"
        }
      }
    },
    "rule": {
      "firedtimes": 9,
      "mail": false,
      "level": 3,
      "description": "Non service account logged off.",
      "groups": [
        "windows",
        " WEF"
      ],
      "id": "67023"
    },
    "location": "EventChannel",
    "decoder": {
      "name": "windows_eventchannel"
    },
    "id": "1779791399.22043014",
    "timestamp": "2026-05-26T10:29:59.449+0000"
  },
  {
    "input": {
      "type": "log"
    },
    "agent": {
      "ip": "172.21.4.242",
      "name": "BH0101",
      "id": "031"
    },
    "manager": {
      "name": "wazuh.manager"
    },
    "data": {
      "win": {
        "eventdata": {
          "targetLogonId": "0x16e6a",
          "targetUserName": "DWM-1",
          "targetDomainName": "Window Manager",
          "targetUserSid": "S-1-5-90-0-1",
          "logonType": "2"
        },
        "system": {
          "eventID": "4634",
          "keywords": "0x8020000000000000",
          "providerGuid": "{54849625-5478-4994-a5ba-3e3b0328c30d}",
          "level": "0",
          "channel": "Security",
          "opcode": "0",
          "message": "\"Ein Konto wurde abgemeldet.\r\n\r\nAntragsteller:\r\n\tSicherheits-ID:\t\tS-1-5-90-0-1\r\n\tKontoname:\t\tDWM-1\r\n\tKontodomäne:\t\tWindow Manager\r\n\tAnmelde-ID:\t\t0x16E6A\r\n\r\nAnmeldetyp:\t\t\t2\r\n\r\nDieses Ereignis wird generiert, wenn eine Anmeldesitzung zerstört wird. Es kann anhand des Wertes der Anmelde-ID positiv mit einem Anmeldeereignis korreliert werden. Anmelde-IDs sind nur zwischen Neustarts auf demselben Computer eindeutig.\"",
          "version": "0",
          "systemTime": "2026-05-26T08:36:06.5538779Z",
          "eventRecordID": "3221855",
          "threadID": "960",
          "computer": "BH0101.arzw.local",
          "task": "12545",
          "processID": "752",
          "severityValue": "AUDIT_SUCCESS",
          "providerName": "Microsoft-Windows-Security-Auditing"
        }
      }
    },
    "rule": {
      "firedtimes": 8,
      "mail": false,
      "level": 3,
      "description": "Non service account logged off.",
      "groups": [
        "windows",
        " WEF"
      ],
      "id": "67023"
    },
    "location": "EventChannel",
    "decoder": {
      "name": "windows_eventchannel"
    },
    "id": "1779791399.22040676",
    "timestamp": "2026-05-26T10:29:59.417+0000"
  },
  {
    "input": {
      "type": "log"
    },
    "agent": {
      "ip": "172.21.4.242",
      "name": "BH0101",
      "id": "031"
    },
    "manager": {
      "name": "wazuh.manager"
    },
    "data": {
      "win": {
        "eventdata": {
          "subjectLogonId": "0x7f8c2",
          "subjectUserSid": "S-1-5-90-0-2",
          "subjectDomainName": "Window Manager",
          "privilegeList": "SeAssignPrimaryTokenPrivilege     SeAuditPrivilege     SeImpersonatePrivilege",
          "subjectUserName": "DWM-2"
        },
        "system": {
          "eventID": "4672",
          "keywords": "0x8020000000000000",
          "providerGuid": "{54849625-5478-4994-a5ba-3e3b0328c30d}",
          "level": "0",
          "channel": "Security",
          "opcode": "0",
          "message": "\"Einer neuen Anmeldung wurden besondere Rechte zugewiesen.\r\n\r\nAntragsteller:\r\n\tSicherheits-ID:\t\tS-1-5-90-0-2\r\n\tKontoname:\t\tDWM-2\r\n\tKontodomäne:\t\tWindow Manager\r\n\tAnmelde-ID:\t\t0x7F8C2\r\n\r\nBerechtigungen:\t\tSeAssignPrimaryTokenPrivilege\r\n\t\t\tSeAuditPrivilege\r\n\t\t\tSeImpersonatePrivilege\"",
          "version": "0",
          "systemTime": "2026-05-26T08:36:05.8161728Z",
          "eventRecordID": "3221853",
          "threadID": "960",
          "computer": "BH0101.arzw.local",
          "task": "12548",
          "processID": "752",
          "severityValue": "AUDIT_SUCCESS",
          "providerName": "Microsoft-Windows-Security-Auditing"
        }
      }
    },
    "rule": {
      "firedtimes": 6,
      "mail": false,
      "level": 3,
      "description": "Special privileges assigned to new logon.",
      "groups": [
        "windows",
        " WEF"
      ],
      "mitre": {
        "technique": [
          "Domain Policy Modification"
        ],
        "id": [
          "T1484"
        ],
        "tactic": [
          "Defense Evasion",
          "Privilege Escalation"
        ]
      },
      "id": "67028"
    },
    "location": "EventChannel",
    "decoder": {
      "name": "windows_eventchannel"
    },
    "id": "1779791399.22036287",
    "timestamp": "2026-05-26T10:29:59.402+0000"
  },
  {
    "input": {
      "type": "log"
    },
    "agent": {
      "ip": "172.21.4.242",
      "name": "BH0101",
      "id": "031"
    },
    "manager": {
      "name": "wazuh.manager"
    },
    "data": {
      "win": {
        "eventdata": {
          "subjectLogonId": "0x7f8e5",
          "subjectUserSid": "S-1-5-90-0-2",
          "subjectDomainName": "Window Manager",
          "privilegeList": "SeAssignPrimaryTokenPrivilege     SeAuditPrivilege",
          "subjectUserName": "DWM-2"
        },
        "system": {
          "eventID": "4672",
          "keywords": "0x8020000000000000",
          "providerGuid": "{54849625-5478-4994-a5ba-3e3b0328c30d}",
          "level": "0",
          "channel": "Security",
          "opcode": "0",
          "message": "\"Einer neuen Anmeldung wurden besondere Rechte zugewiesen.\r\n\r\nAntragsteller:\r\n\tSicherheits-ID:\t\tS-1-5-90-0-2\r\n\tKontoname:\t\tDWM-2\r\n\tKontodomäne:\t\tWindow Manager\r\n\tAnmelde-ID:\t\t0x7F8E5\r\n\r\nBerechtigungen:\t\tSeAssignPrimaryTokenPrivilege\r\n\t\t\tSeAuditPrivilege\"",
          "version": "0",
          "systemTime": "2026-05-26T08:36:05.8161750Z",
          "eventRecordID": "3221854",
          "threadID": "960",
          "computer": "BH0101.arzw.local",
          "task": "12548",
          "processID": "752",
          "severityValue": "AUDIT_SUCCESS",
          "providerName": "Microsoft-Windows-Security-Auditing"
        }
      }
    },
    "rule": {
      "firedtimes": 5,
      "mail": false,
      "level": 3,
      "description": "Special privileges assigned to new logon.",
      "groups": [
        "windows",
        " WEF"
      ],
      "mitre": {
        "technique": [
          "Domain Policy Modification"
        ],
        "id": [
          "T1484"
        ],
        "tactic": [
          "Defense Evasion",
          "Privilege Escalation"
        ]
      },
      "id": "67028"
    },
    "location": "EventChannel",
    "decoder": {
      "name": "windows_eventchannel"
    },
    "id": "1779791399.22038538",
    "timestamp": "2026-05-26T10:29:59.402+0000"
  },
  {
    "input": {
      "type": "log"
    },
    "agent": {
      "ip": "172.21.4.242",
      "name": "BH0101",
      "id": "031"
    },
    "manager": {
      "name": "wazuh.manager"
    },
    "data": {
      "win": {
        "eventdata": {
          "subjectLogonId": "0x3e7",
          "subjectDomainName": "ARZW",
          "targetLinkedLogonId": "0x7f8c2",
          "impersonationLevel": "%%1833",
          "authenticationPackageName": "Negotiate",
          "targetLogonId": "0x7f8e5",
          "logonProcessName": "Advapi",
          "logonGuid": "{00000000-0000-0000-0000-000000000000}",
          "targetUserName": "DWM-2",
          "keyLength": "0",
          "elevatedToken": "%%1843",
          "subjectUserSid": "S-1-5-18",
          "processId": "0x1b4c",
          "processName": "C:\\\\Windows\\\\System32\\\\winlogon.exe",
          "targetDomainName": "Window Manager",
          "targetUserSid": "S-1-5-90-0-2",
          "virtualAccount": "%%1842",
          "logonType": "2",
          "subjectUserName": "BH0101$"
        },
        "system": {
          "eventID": "4624",
          "keywords": "0x8020000000000000",
          "providerGuid": "{54849625-5478-4994-a5ba-3e3b0328c30d}",
          "level": "0",
          "channel": "Security",
          "opcode": "0",
          "message": "\"Ein Konto wurde erfolgreich angemeldet.\r\n\r\nAntragsteller:\r\n\tSicherheits-ID:\t\tS-1-5-18\r\n\tKontoname:\t\tBH0101$\r\n\tKontodomäne:\t\tARZW\r\n\tAnmelde-ID:\t\t0x3E7\r\n\r\nAnmeldeinformationen:\r\n\tAnmeldetyp:\t\t2\r\n\tEingeschränkter Administratormodus:\t-\r\n\tVirtuelles Konto:\t\tJa\r\n\tToken mit erhöhten Rechten:\t\tNein\r\n\r\nIdentitätswechselebene:\t\tIdentitätswechsel\r\n\r\nNeue Anmeldung:\r\n\tSicherheits-ID:\t\tS-1-5-90-0-2\r\n\tKontoname:\t\tDWM-2\r\n\tKontodomäne:\t\tWindow Manager\r\n\tAnmelde-ID:\t\t0x7F8E5\r\n\tVerknüpfte Anmelde-ID:\t\t0x7F8C2\r\n\tNetzwerk-Kontoname:\t-\r\n\tNetzwerk-Kontodomäne:\t-\r\n\tAnmelde-GUID:\t\t{00000000-0000-0000-0000-000000000000}\r\n\r\nProzessinformationen:\r\n\tProzess-ID:\t\t0x1b4c\r\n\tProzessname:\t\tC:\\Windows\\System32\\winlogon.exe\r\n\r\nNetzwerkinformationen:\r\n\tArbeitsstationsname:\t-\r\n\tQuellnetzwerkadresse:\t-\r\n\tQuellport:\t\t-\r\n\r\nDetaillierte Authentifizierungsinformationen:\r\n\tAnmeldeprozess:\t\tAdvapi  \r\n\tAuthentifizierungspaket:\tNegotiate\r\n\tÜbertragene Dienste:\t-\r\n\tPaketname (nur NTLM):\t-\r\n\tSchlüssellänge:\t\t0\r\n\r\nDieses Ereignis wird beim Erstellen einer Anmeldesitzung generiert. Es wird auf dem Computer generiert, auf den zugegriffen wurde.\r\n\r\nDie Antragstellerfelder geben das Konto auf dem lokalen System an, von dem die Anmeldung angefordert wurde. Dies ist meistens ein Dienst wie der Serverdienst oder ein lokaler Prozess wie \"Winlogon.exe\" oder \"Services.exe\".\r\n\r\nDas Anmeldetypfeld gibt den jeweiligen Anmeldetyp an. Die häufigsten Typen sind 2 (interaktiv) und 3 (Netzwerk).\r\n\r\nDie Felder für die neue Anmeldung geben das Konto an, für das die neue Anmeldung erstellt wurde, d. h. das angemeldete Konto.\r\n\r\nDie Netzwerkfelder geben die Quelle einer Remoteanmeldeanforderung an. Der Arbeitsstationsname ist nicht immer verfügbar und kann in manchen Fällen leer bleiben.\r\n\r\nDas Feld für die Identitätswechselebene gibt an, in welchem Umfang ein Prozess in der Anmeldesitzung einen Identitätswechsel vornehmen kann.\r\n\r\nDie Felder für die Authentifizierungsinformationen enthalten detaillierte Informationen zu dieser speziellen Anmeldeanforderung.\r\n\t- Die Anmelde-GUID ist ein eindeutiger Bezeichner, der verwendet werden kann, um dieses Ereignis mit einem KDC-Ereignis zu korrelieren.\r\n\t- Die übertragenen Dienste geben an, welche Zwischendienste an der Anmeldeanforderung beteiligt waren.\r\n\t- Der Paketname gibt das in den NTLM-Protokollen verwendete Unterprotokoll an.\r\n\t- Die Schlüssellänge gibt die Länge des generierten Sitzungsschlüssels an. Wenn kein Sitzungsschlüssel angefordert wurde, ist dieser Wert 0.\"",
          "version": "2",
          "systemTime": "2026-05-26T08:36:05.8161666Z",
          "eventRecordID": "3221852",
          "threadID": "960",
          "computer": "BH0101.arzw.local",
          "task": "12544",
          "processID": "752",
          "severityValue": "AUDIT_SUCCESS",
          "providerName": "Microsoft-Windows-Security-Auditing"
        }
      }
    },
    "rule": {
      "firedtimes": 11,
      "mail": false,
      "level": 3,
      "description": "Non network or service local logon.",
      "groups": [
        "windows",
        " WEF"
      ],
      "id": "67022"
    },
    "location": "EventChannel",
    "decoder": {
      "name": "windows_eventchannel"
    },
    "id": "1779791399.22028555",
    "timestamp": "2026-05-26T10:29:59.371+0000"
  },
  {
    "input": {
      "type": "log"
    },
    "agent": {
      "ip": "172.21.4.242",
      "name": "BH0101",
      "id": "031"
    },
    "manager": {
      "name": "wazuh.manager"
    },
    "data": {
      "win": {
        "eventdata": {
          "subjectLogonId": "0x3e7",
          "subjectDomainName": "ARZW",
          "targetLinkedLogonId": "0x7f8e5",
          "impersonationLevel": "%%1833",
          "authenticationPackageName": "Negotiate",
          "targetLogonId": "0x7f8c2",
          "logonProcessName": "Advapi",
          "logonGuid": "{00000000-0000-0000-0000-000000000000}",
          "targetUserName": "DWM-2",
          "keyLength": "0",
          "elevatedToken": "%%1842",
          "subjectUserSid": "S-1-5-18",
          "processId": "0x1b4c",
          "processName": "C:\\\\Windows\\\\System32\\\\winlogon.exe",
          "targetDomainName": "Window Manager",
          "targetUserSid": "S-1-5-90-0-2",
          "virtualAccount": "%%1842",
          "logonType": "2",
          "subjectUserName": "BH0101$"
        },
        "system": {
          "eventID": "4624",
          "keywords": "0x8020000000000000",
          "providerGuid": "{54849625-5478-4994-a5ba-3e3b0328c30d}",
          "level": "0",
          "channel": "Security",
          "opcode": "0",
          "message": "\"Ein Konto wurde erfolgreich angemeldet.\r\n\r\nAntragsteller:\r\n\tSicherheits-ID:\t\tS-1-5-18\r\n\tKontoname:\t\tBH0101$\r\n\tKontodomäne:\t\tARZW\r\n\tAnmelde-ID:\t\t0x3E7\r\n\r\nAnmeldeinformationen:\r\n\tAnmeldetyp:\t\t2\r\n\tEingeschränkter Administratormodus:\t-\r\n\tVirtuelles Konto:\t\tJa\r\n\tToken mit erhöhten Rechten:\t\tJa\r\n\r\nIdentitätswechselebene:\t\tIdentitätswechsel\r\n\r\nNeue Anmeldung:\r\n\tSicherheits-ID:\t\tS-1-5-90-0-2\r\n\tKontoname:\t\tDWM-2\r\n\tKontodomäne:\t\tWindow Manager\r\n\tAnmelde-ID:\t\t0x7F8C2\r\n\tVerknüpfte Anmelde-ID:\t\t0x7F8E5\r\n\tNetzwerk-Kontoname:\t-\r\n\tNetzwerk-Kontodomäne:\t-\r\n\tAnmelde-GUID:\t\t{00000000-0000-0000-0000-000000000000}\r\n\r\nProzessinformationen:\r\n\tProzess-ID:\t\t0x1b4c\r\n\tProzessname:\t\tC:\\Windows\\System32\\winlogon.exe\r\n\r\nNetzwerkinformationen:\r\n\tArbeitsstationsname:\t-\r\n\tQuellnetzwerkadresse:\t-\r\n\tQuellport:\t\t-\r\n\r\nDetaillierte Authentifizierungsinformationen:\r\n\tAnmeldeprozess:\t\tAdvapi  \r\n\tAuthentifizierungspaket:\tNegotiate\r\n\tÜbertragene Dienste:\t-\r\n\tPaketname (nur NTLM):\t-\r\n\tSchlüssellänge:\t\t0\r\n\r\nDieses Ereignis wird beim Erstellen einer Anmeldesitzung generiert. Es wird auf dem Computer generiert, auf den zugegriffen wurde.\r\n\r\nDie Antragstellerfelder geben das Konto auf dem lokalen System an, von dem die Anmeldung angefordert wurde. Dies ist meistens ein Dienst wie der Serverdienst oder ein lokaler Prozess wie \"Winlogon.exe\" oder \"Services.exe\".\r\n\r\nDas Anmeldetypfeld gibt den jeweiligen Anmeldetyp an. Die häufigsten Typen sind 2 (interaktiv) und 3 (Netzwerk).\r\n\r\nDie Felder für die neue Anmeldung geben das Konto an, für das die neue Anmeldung erstellt wurde, d. h. das angemeldete Konto.\r\n\r\nDie Netzwerkfelder geben die Quelle einer Remoteanmeldeanforderung an. Der Arbeitsstationsname ist nicht immer verfügbar und kann in manchen Fällen leer bleiben.\r\n\r\nDas Feld für die Identitätswechselebene gibt an, in welchem Umfang ein Prozess in der Anmeldesitzung einen Identitätswechsel vornehmen kann.\r\n\r\nDie Felder für die Authentifizierungsinformationen enthalten detaillierte Informationen zu dieser speziellen Anmeldeanforderung.\r\n\t- Die Anmelde-GUID ist ein eindeutiger Bezeichner, der verwendet werden kann, um dieses Ereignis mit einem KDC-Ereignis zu korrelieren.\r\n\t- Die übertragenen Dienste geben an, welche Zwischendienste an der Anmeldeanforderung beteiligt waren.\r\n\t- Der Paketname gibt das in den NTLM-Protokollen verwendete Unterprotokoll an.\r\n\t- Die Schlüssellänge gibt die Länge des generierten Sitzungsschlüssels an. Wenn kein Sitzungsschlüssel angefordert wurde, ist dieser Wert 0.\"",
          "version": "2",
          "systemTime": "2026-05-26T08:36:05.8161492Z",
          "eventRecordID": "3221851",
          "threadID": "960",
          "computer": "BH0101.arzw.local",
          "task": "12544",
          "processID": "752",
          "severityValue": "AUDIT_SUCCESS",
          "providerName": "Microsoft-Windows-Security-Auditing"
        }
      }
    },
    "rule": {
      "firedtimes": 10,
      "mail": false,
      "level": 3,
      "description": "Non network or service local logon.",
      "groups": [
        "windows",
        " WEF"
      ],
      "id": "67022"
    },
    "location": "EventChannel",
    "decoder": {
      "name": "windows_eventchannel"
    },
    "id": "1779791399.22020827",
    "timestamp": "2026-05-26T10:29:59.355+0000"
  },
  {
    "input": {
      "type": "log"
    },
    "agent": {
      "ip": "172.21.4.242",
      "name": "BH0101",
      "id": "031"
    },
    "manager": {
      "name": "wazuh.manager"
    },
    "data": {
      "win": {
        "eventdata": {
          "targetLogonId": "0x1021d",
          "targetUserName": "UMFD-1",
          "targetDomainName": "Font Driver Host",
          "targetUserSid": "S-1-5-96-0-1",
          "logonType": "2"
        },
        "system": {
          "eventID": "4634",
          "keywords": "0x8020000000000000",
          "providerGuid": "{54849625-5478-4994-a5ba-3e3b0328c30d}",
          "level": "0",
          "channel": "Security",
          "opcode": "0",
          "message": "\"Ein Konto wurde abgemeldet.\r\n\r\nAntragsteller:\r\n\tSicherheits-ID:\t\tS-1-5-96-0-1\r\n\tKontoname:\t\tUMFD-1\r\n\tKontodomäne:\t\tFont Driver Host\r\n\tAnmelde-ID:\t\t0x1021D\r\n\r\nAnmeldetyp:\t\t\t2\r\n\r\nDieses Ereignis wird generiert, wenn eine Anmeldesitzung zerstört wird. Es kann anhand des Wertes der Anmelde-ID positiv mit einem Anmeldeereignis korreliert werden. Anmelde-IDs sind nur zwischen Neustarts auf demselben Computer eindeutig.\"",
          "version": "0",
          "systemTime": "2026-05-26T08:36:05.1713324Z",
          "eventRecordID": "3221841",
          "threadID": "960",
          "computer": "BH0101.arzw.local",
          "task": "12545",
          "processID": "752",
          "severityValue": "AUDIT_SUCCESS",
          "providerName": "Microsoft-Windows-Security-Auditing"
        }
      }
    },
    "rule": {
      "firedtimes": 7,
      "mail": false,
      "level": 3,
      "description": "Non service account logged off.",
      "groups": [
        "windows",
        " WEF"
      ],
      "id": "67023"
    },
    "location": "EventChannel",
    "decoder": {
      "name": "windows_eventchannel"
    },
    "id": "1779791399.22018477",
    "timestamp": "2026-05-26T10:29:59.214+0000"
  },
  {
    "input": {
      "type": "log"
    },
    "agent": {
      "ip": "172.21.4.242",
      "name": "BH0101",
      "id": "031"
    },
    "manager": {
      "name": "wazuh.manager"
    },
    "data": {
      "win": {
        "eventdata": {
          "subjectLogonId": "0x3e7",
          "subjectDomainName": "ARZW",
          "targetLinkedLogonId": "0x0",
          "impersonationLevel": "%%1833",
          "authenticationPackageName": "Negotiate",
          "targetLogonId": "0x799aa",
          "logonProcessName": "Advapi",
          "logonGuid": "{00000000-0000-0000-0000-000000000000}",
          "targetUserName": "UMFD-2",
          "keyLength": "0",
          "elevatedToken": "%%1843",
          "subjectUserSid": "S-1-5-18",
          "processId": "0x1b4c",
          "processName": "C:\\\\Windows\\\\System32\\\\winlogon.exe",
          "targetDomainName": "Font Driver Host",
          "targetUserSid": "S-1-5-96-0-2",
          "virtualAccount": "%%1842",
          "logonType": "2",
          "subjectUserName": "BH0101$"
        },
        "system": {
          "eventID": "4624",
          "keywords": "0x8020000000000000",
          "providerGuid": "{54849625-5478-4994-a5ba-3e3b0328c30d}",
          "level": "0",
          "channel": "Security",
          "opcode": "0",
          "message": "\"Ein Konto wurde erfolgreich angemeldet.\r\n\r\nAntragsteller:\r\n\tSicherheits-ID:\t\tS-1-5-18\r\n\tKontoname:\t\tBH0101$\r\n\tKontodomäne:\t\tARZW\r\n\tAnmelde-ID:\t\t0x3E7\r\n\r\nAnmeldeinformationen:\r\n\tAnmeldetyp:\t\t2\r\n\tEingeschränkter Administratormodus:\t-\r\n\tVirtuelles Konto:\t\tJa\r\n\tToken mit erhöhten Rechten:\t\tNein\r\n\r\nIdentitätswechselebene:\t\tIdentitätswechsel\r\n\r\nNeue Anmeldung:\r\n\tSicherheits-ID:\t\tS-1-5-96-0-2\r\n\tKontoname:\t\tUMFD-2\r\n\tKontodomäne:\t\tFont Driver Host\r\n\tAnmelde-ID:\t\t0x799AA\r\n\tVerknüpfte Anmelde-ID:\t\t0x0\r\n\tNetzwerk-Kontoname:\t-\r\n\tNetzwerk-Kontodomäne:\t-\r\n\tAnmelde-GUID:\t\t{00000000-0000-0000-0000-000000000000}\r\n\r\nProzessinformationen:\r\n\tProzess-ID:\t\t0x1b4c\r\n\tProzessname:\t\tC:\\Windows\\System32\\winlogon.exe\r\n\r\nNetzwerkinformationen:\r\n\tArbeitsstationsname:\t-\r\n\tQuellnetzwerkadresse:\t-\r\n\tQuellport:\t\t-\r\n\r\nDetaillierte Authentifizierungsinformationen:\r\n\tAnmeldeprozess:\t\tAdvapi  \r\n\tAuthentifizierungspaket:\tNegotiate\r\n\tÜbertragene Dienste:\t-\r\n\tPaketname (nur NTLM):\t-\r\n\tSchlüssellänge:\t\t0\r\n\r\nDieses Ereignis wird beim Erstellen einer Anmeldesitzung generiert. Es wird auf dem Computer generiert, auf den zugegriffen wurde.\r\n\r\nDie Antragstellerfelder geben das Konto auf dem lokalen System an, von dem die Anmeldung angefordert wurde. Dies ist meistens ein Dienst wie der Serverdienst oder ein lokaler Prozess wie \"Winlogon.exe\" oder \"Services.exe\".\r\n\r\nDas Anmeldetypfeld gibt den jeweiligen Anmeldetyp an. Die häufigsten Typen sind 2 (interaktiv) und 3 (Netzwerk).\r\n\r\nDie Felder für die neue Anmeldung geben das Konto an, für das die neue Anmeldung erstellt wurde, d. h. das angemeldete Konto.\r\n\r\nDie Netzwerkfelder geben die Quelle einer Remoteanmeldeanforderung an. Der Arbeitsstationsname ist nicht immer verfügbar und kann in manchen Fällen leer bleiben.\r\n\r\nDas Feld für die Identitätswechselebene gibt an, in welchem Umfang ein Prozess in der Anmeldesitzung einen Identitätswechsel vornehmen kann.\r\n\r\nDie Felder für die Authentifizierungsinformationen enthalten detaillierte Informationen zu dieser speziellen Anmeldeanforderung.\r\n\t- Die Anmelde-GUID ist ein eindeutiger Bezeichner, der verwendet werden kann, um dieses Ereignis mit einem KDC-Ereignis zu korrelieren.\r\n\t- Die übertragenen Dienste geben an, welche Zwischendienste an der Anmeldeanforderung beteiligt waren.\r\n\t- Der Paketname gibt das in den NTLM-Protokollen verwendete Unterprotokoll an.\r\n\t- Die Schlüssellänge gibt die Länge des generierten Sitzungsschlüssels an. Wenn kein Sitzungsschlüssel angefordert wurde, ist dieser Wert 0.\"",
          "version": "2",
          "systemTime": "2026-05-26T08:36:05.1614322Z",
          "eventRecordID": "3221840",
          "threadID": "956",
          "computer": "BH0101.arzw.local",
          "task": "12544",
          "processID": "752",
          "severityValue": "AUDIT_SUCCESS",
          "providerName": "Microsoft-Windows-Security-Auditing"
        }
      }
    },
    "rule": {
      "firedtimes": 9,
      "mail": false,
      "level": 3,
      "description": "Non network or service local logon.",
      "groups": [
        "windows",
        " WEF"
      ],
      "id": "67022"
    },
    "location": "EventChannel",
    "decoder": {
      "name": "windows_eventchannel"
    },
    "id": "1779791399.22010749",
    "timestamp": "2026-05-26T10:29:59.183+0000"
  },
  {
    "input": {
      "type": "log"
    },
    "agent": {
      "ip": "172.21.4.242",
      "name": "BH0101",
      "id": "031"
    },
    "manager": {
      "name": "wazuh.manager"
    },
    "data": {
      "win": {
        "eventdata": {
          "targetLogonId": "0x721e9",
          "targetUserName": "BH0101$",
          "targetDomainName": "ARZW",
          "targetUserSid": "S-1-5-18",
          "logonType": "3"
        },
        "system": {
          "eventID": "4634",
          "keywords": "0x8020000000000000",
          "providerGuid": "{54849625-5478-4994-a5ba-3e3b0328c30d}",
          "level": "0",
          "channel": "Security",
          "opcode": "0",
          "message": "\"Ein Konto wurde abgemeldet.\r\n\r\nAntragsteller:\r\n\tSicherheits-ID:\t\tS-1-5-18\r\n\tKontoname:\t\tBH0101$\r\n\tKontodomäne:\t\tARZW\r\n\tAnmelde-ID:\t\t0x721E9\r\n\r\nAnmeldetyp:\t\t\t3\r\n\r\nDieses Ereignis wird generiert, wenn eine Anmeldesitzung zerstört wird. Es kann anhand des Wertes der Anmelde-ID positiv mit einem Anmeldeereignis korreliert werden. Anmelde-IDs sind nur zwischen Neustarts auf demselben Computer eindeutig.\"",
          "version": "0",
          "systemTime": "2026-05-26T08:36:04.7802112Z",
          "eventRecordID": "3221832",
          "threadID": "944",
          "computer": "BH0101.arzw.local",
          "task": "12545",
          "processID": "752",
          "severityValue": "AUDIT_SUCCESS",
          "providerName": "Microsoft-Windows-Security-Auditing"
        }
      }
    },
    "rule": {
      "firedtimes": 17,
      "mail": false,
      "level": 3,
      "pci_dss": [
        "10.2.5"
      ],
      "hipaa": [
        "164.312.b"
      ],
      "tsc": [
        "CC6.8",
        "CC7.2",
        "CC7.3"
      ],
      "description": "Windows User Logoff",
      "groups": [
        "windows",
        "windows_security"
      ],
      "id": "60137",
      "nist_800_53": [
        "AU.14",
        "AC.7"
      ],
      "gdpr": [
        "IV_32.2"
      ]
    },
    "location": "EventChannel",
    "decoder": {
      "name": "windows_eventchannel"
    },
    "id": "1779791399.22008349",
    "timestamp": "2026-05-26T10:29:59.074+0000"
  },
  {
    "input": {
      "type": "log"
    },
    "agent": {
      "ip": "172.21.4.242",
      "name": "BH0101",
      "id": "031"
    },
    "manager": {
      "name": "wazuh.manager"
    },
    "data": {
      "win": {
        "eventdata": {
          "subjectLogonId": "0x0",
          "targetLinkedLogonId": "0x0",
          "impersonationLevel": "%%1833",
          "ipAddress": "::1",
          "authenticationPackageName": "Kerberos",
          "targetLogonId": "0x721e9",
          "logonProcessName": "Kerberos",
          "logonGuid": "{f5f69dad-39d4-a7b9-745f-f73719367d93}",
          "targetUserName": "BH0101$",
          "keyLength": "0",
          "elevatedToken": "%%1842",
          "subjectUserSid": "S-1-0-0",
          "processId": "0x0",
          "ipPort": "0",
          "targetDomainName": "ARZW.LOCAL",
          "targetUserSid": "S-1-5-18",
          "virtualAccount": "%%1843",
          "logonType": "3"
        },
        "system": {
          "eventID": "4624",
          "keywords": "0x8020000000000000",
          "providerGuid": "{54849625-5478-4994-a5ba-3e3b0328c30d}",
          "level": "0",
          "channel": "Security",
          "opcode": "0",
          "message": "\"Ein Konto wurde erfolgreich angemeldet.\r\n\r\nAntragsteller:\r\n\tSicherheits-ID:\t\tS-1-0-0\r\n\tKontoname:\t\t-\r\n\tKontodomäne:\t\t-\r\n\tAnmelde-ID:\t\t0x0\r\n\r\nAnmeldeinformationen:\r\n\tAnmeldetyp:\t\t3\r\n\tEingeschränkter Administratormodus:\t-\r\n\tVirtuelles Konto:\t\tNein\r\n\tToken mit erhöhten Rechten:\t\tJa\r\n\r\nIdentitätswechselebene:\t\tIdentitätswechsel\r\n\r\nNeue Anmeldung:\r\n\tSicherheits-ID:\t\tS-1-5-18\r\n\tKontoname:\t\tBH0101$\r\n\tKontodomäne:\t\tARZW.LOCAL\r\n\tAnmelde-ID:\t\t0x721E9\r\n\tVerknüpfte Anmelde-ID:\t\t0x0\r\n\tNetzwerk-Kontoname:\t-\r\n\tNetzwerk-Kontodomäne:\t-\r\n\tAnmelde-GUID:\t\t{f5f69dad-39d4-a7b9-745f-f73719367d93}\r\n\r\nProzessinformationen:\r\n\tProzess-ID:\t\t0x0\r\n\tProzessname:\t\t-\r\n\r\nNetzwerkinformationen:\r\n\tArbeitsstationsname:\t-\r\n\tQuellnetzwerkadresse:\t::1\r\n\tQuellport:\t\t0\r\n\r\nDetaillierte Authentifizierungsinformationen:\r\n\tAnmeldeprozess:\t\tKerberos\r\n\tAuthentifizierungspaket:\tKerberos\r\n\tÜbertragene Dienste:\t-\r\n\tPaketname (nur NTLM):\t-\r\n\tSchlüssellänge:\t\t0\r\n\r\nDieses Ereignis wird beim Erstellen einer Anmeldesitzung generiert. Es wird auf dem Computer generiert, auf den zugegriffen wurde.\r\n\r\nDie Antragstellerfelder geben das Konto auf dem lokalen System an, von dem die Anmeldung angefordert wurde. Dies ist meistens ein Dienst wie der Serverdienst oder ein lokaler Prozess wie \"Winlogon.exe\" oder \"Services.exe\".\r\n\r\nDas Anmeldetypfeld gibt den jeweiligen Anmeldetyp an. Die häufigsten Typen sind 2 (interaktiv) und 3 (Netzwerk).\r\n\r\nDie Felder für die neue Anmeldung geben das Konto an, für das die neue Anmeldung erstellt wurde, d. h. das angemeldete Konto.\r\n\r\nDie Netzwerkfelder geben die Quelle einer Remoteanmeldeanforderung an. Der Arbeitsstationsname ist nicht immer verfügbar und kann in manchen Fällen leer bleiben.\r\n\r\nDas Feld für die Identitätswechselebene gibt an, in welchem Umfang ein Prozess in der Anmeldesitzung einen Identitätswechsel vornehmen kann.\r\n\r\nDie Felder für die Authentifizierungsinformationen enthalten detaillierte Informationen zu dieser speziellen Anmeldeanforderung.\r\n\t- Die Anmelde-GUID ist ein eindeutiger Bezeichner, der verwendet werden kann, um dieses Ereignis mit einem KDC-Ereignis zu korrelieren.\r\n\t- Die übertragenen Dienste geben an, welche Zwischendienste an der Anmeldeanforderung beteiligt waren.\r\n\t- Der Paketname gibt das in den NTLM-Protokollen verwendete Unterprotokoll an.\r\n\t- Die Schlüssellänge gibt die Länge des generierten Sitzungsschlüssels an. Wenn kein Sitzungsschlüssel angefordert wurde, ist dieser Wert 0.\"",
          "version": "2",
          "systemTime": "2026-05-26T08:36:04.7797348Z",
          "eventRecordID": "3221831",
          "threadID": "944",
          "computer": "BH0101.arzw.local",
          "task": "12544",
          "processID": "752",
          "severityValue": "AUDIT_SUCCESS",
          "providerName": "Microsoft-Windows-Security-Auditing"
        }
      }
    },
    "rule": {
      "mail": false,
      "level": 3,
      "pci_dss": [
        "10.2.5"
      ],
      "hipaa": [
        "164.312.b"
      ],
      "tsc": [
        "CC6.8",
        "CC7.2",
        "CC7.3"
      ],
      "description": "Windows Logon Success",
      "groups": [
        "windows",
        "windows_security",
        "authentication_success"
      ],
      "nist_800_53": [
        "AU.14",
        "AC.9"
      ],
      "gdpr": [
        "IV_32.2"
      ],
      "firedtimes": 15,
      "mitre": {
        "technique": [
          "Valid Accounts"
        ],
        "id": [
          "T1078"
        ],
        "tactic": [
          "Defense Evasion",
          "Persistence",
          "Privilege Escalation",
          "Initial Access"
        ]
      },
      "id": "60106",
      "gpg13": [
        "7.1",
        "7.2"
      ]
    },
    "location": "EventChannel",
    "decoder": {
      "name": "windows_eventchannel"
    },
    "id": "1779791399.22000778",
    "timestamp": "2026-05-26T10:29:59.043+0000"
  },
  {
    "input": {
      "type": "log"
    },
    "agent": {
      "ip": "172.21.4.242",
      "name": "BH0101",
      "id": "031"
    },
    "manager": {
      "name": "wazuh.manager"
    },
    "data": {
      "win": {
        "eventdata": {
          "targetLogonId": "0x67240",
          "targetUserName": "BH0101$",
          "targetDomainName": "ARZW",
          "targetUserSid": "S-1-5-18",
          "logonType": "3"
        },
        "system": {
          "eventID": "4634",
          "keywords": "0x8020000000000000",
          "providerGuid": "{54849625-5478-4994-a5ba-3e3b0328c30d}",
          "level": "0",
          "channel": "Security",
          "opcode": "0",
          "message": "\"Ein Konto wurde abgemeldet.\r\n\r\nAntragsteller:\r\n\tSicherheits-ID:\t\tS-1-5-18\r\n\tKontoname:\t\tBH0101$\r\n\tKontodomäne:\t\tARZW\r\n\tAnmelde-ID:\t\t0x67240\r\n\r\nAnmeldetyp:\t\t\t3\r\n\r\nDieses Ereignis wird generiert, wenn eine Anmeldesitzung zerstört wird. Es kann anhand des Wertes der Anmelde-ID positiv mit einem Anmeldeereignis korreliert werden. Anmelde-IDs sind nur zwischen Neustarts auf demselben Computer eindeutig.\"",
          "version": "0",
          "systemTime": "2026-05-26T08:36:04.7766896Z",
          "eventRecordID": "3221829",
          "threadID": "944",
          "computer": "BH0101.arzw.local",
          "task": "12545",
          "processID": "752",
          "severityValue": "AUDIT_SUCCESS",
          "providerName": "Microsoft-Windows-Security-Auditing"
        }
      }
    },
    "rule": {
      "firedtimes": 16,
      "mail": false,
      "level": 3,
      "pci_dss": [
        "10.2.5"
      ],
      "hipaa": [
        "164.312.b"
      ],
      "tsc": [
        "CC6.8",
        "CC7.2",
        "CC7.3"
      ],
      "description": "Windows User Logoff",
      "groups": [
        "windows",
        "windows_security"
      ],
      "id": "60137",
      "nist_800_53": [
        "AU.14",
        "AC.7"
      ],
      "gdpr": [
        "IV_32.2"
      ]
    },
    "location": "EventChannel",
    "decoder": {
      "name": "windows_eventchannel"
    },
    "id": "1779791399.21998378",
    "timestamp": "2026-05-26T10:29:59.011+0000"
  },
  {
    "input": {
      "type": "log"
    },
    "agent": {
      "ip": "172.21.4.242",
      "name": "BH0101",
      "id": "031"
    },
    "manager": {
      "name": "wazuh.manager"
    },
    "data": {
      "win": {
        "eventdata": {
          "subjectLogonId": "0x0",
          "targetLinkedLogonId": "0x0",
          "impersonationLevel": "%%1833",
          "ipAddress": "::1",
          "authenticationPackageName": "Kerberos",
          "targetLogonId": "0x67240",
          "logonProcessName": "Kerberos",
          "logonGuid": "{f5f69dad-39d4-a7b9-745f-f73719367d93}",
          "targetUserName": "BH0101$",
          "keyLength": "0",
          "elevatedToken": "%%1842",
          "subjectUserSid": "S-1-0-0",
          "processId": "0x0",
          "ipPort": "0",
          "targetDomainName": "ARZW.LOCAL",
          "targetUserSid": "S-1-5-18",
          "virtualAccount": "%%1843",
          "logonType": "3"
        },
        "system": {
          "eventID": "4624",
          "keywords": "0x8020000000000000",
          "providerGuid": "{54849625-5478-4994-a5ba-3e3b0328c30d}",
          "level": "0",
          "channel": "Security",
          "opcode": "0",
          "message": "\"Ein Konto wurde erfolgreich angemeldet.\r\n\r\nAntragsteller:\r\n\tSicherheits-ID:\t\tS-1-0-0\r\n\tKontoname:\t\t-\r\n\tKontodomäne:\t\t-\r\n\tAnmelde-ID:\t\t0x0\r\n\r\nAnmeldeinformationen:\r\n\tAnmeldetyp:\t\t3\r\n\tEingeschränkter Administratormodus:\t-\r\n\tVirtuelles Konto:\t\tNein\r\n\tToken mit erhöhten Rechten:\t\tJa\r\n\r\nIdentitätswechselebene:\t\tIdentitätswechsel\r\n\r\nNeue Anmeldung:\r\n\tSicherheits-ID:\t\tS-1-5-18\r\n\tKontoname:\t\tBH0101$\r\n\tKontodomäne:\t\tARZW.LOCAL\r\n\tAnmelde-ID:\t\t0x67240\r\n\tVerknüpfte Anmelde-ID:\t\t0x0\r\n\tNetzwerk-Kontoname:\t-\r\n\tNetzwerk-Kontodomäne:\t-\r\n\tAnmelde-GUID:\t\t{f5f69dad-39d4-a7b9-745f-f73719367d93}\r\n\r\nProzessinformationen:\r\n\tProzess-ID:\t\t0x0\r\n\tProzessname:\t\t-\r\n\r\nNetzwerkinformationen:\r\n\tArbeitsstationsname:\t-\r\n\tQuellnetzwerkadresse:\t::1\r\n\tQuellport:\t\t0\r\n\r\nDetaillierte Authentifizierungsinformationen:\r\n\tAnmeldeprozess:\t\tKerberos\r\n\tAuthentifizierungspaket:\tKerberos\r\n\tÜbertragene Dienste:\t-\r\n\tPaketname (nur NTLM):\t-\r\n\tSchlüssellänge:\t\t0\r\n\r\nDieses Ereignis wird beim Erstellen einer Anmeldesitzung generiert. Es wird auf dem Computer generiert, auf den zugegriffen wurde.\r\n\r\nDie Antragstellerfelder geben das Konto auf dem lokalen System an, von dem die Anmeldung angefordert wurde. Dies ist meistens ein Dienst wie der Serverdienst oder ein lokaler Prozess wie \"Winlogon.exe\" oder \"Services.exe\".\r\n\r\nDas Anmeldetypfeld gibt den jeweiligen Anmeldetyp an. Die häufigsten Typen sind 2 (interaktiv) und 3 (Netzwerk).\r\n\r\nDie Felder für die neue Anmeldung geben das Konto an, für das die neue Anmeldung erstellt wurde, d. h. das angemeldete Konto.\r\n\r\nDie Netzwerkfelder geben die Quelle einer Remoteanmeldeanforderung an. Der Arbeitsstationsname ist nicht immer verfügbar und kann in manchen Fällen leer bleiben.\r\n\r\nDas Feld für die Identitätswechselebene gibt an, in welchem Umfang ein Prozess in der Anmeldesitzung einen Identitätswechsel vornehmen kann.\r\n\r\nDie Felder für die Authentifizierungsinformationen enthalten detaillierte Informationen zu dieser speziellen Anmeldeanforderung.\r\n\t- Die Anmelde-GUID ist ein eindeutiger Bezeichner, der verwendet werden kann, um dieses Ereignis mit einem KDC-Ereignis zu korrelieren.\r\n\t- Die übertragenen Dienste geben an, welche Zwischendienste an der Anmeldeanforderung beteiligt waren.\r\n\t- Der Paketname gibt das in den NTLM-Protokollen verwendete Unterprotokoll an.\r\n\t- Die Schlüssellänge gibt die Länge des generierten Sitzungsschlüssels an. Wenn kein Sitzungsschlüssel angefordert wurde, ist dieser Wert 0.\"",
          "version": "2",
          "systemTime": "2026-05-26T08:36:04.0114627Z",
          "eventRecordID": "3221826",
          "threadID": "944",
          "computer": "BH0101.arzw.local",
          "task": "12544",
          "processID": "752",
          "severityValue": "AUDIT_SUCCESS",
          "providerName": "Microsoft-Windows-Security-Auditing"
        }
      }
    },
    "rule": {
      "mail": false,
      "level": 3,
      "pci_dss": [
        "10.2.5"
      ],
      "hipaa": [
        "164.312.b"
      ],
      "tsc": [
        "CC6.8",
        "CC7.2",
        "CC7.3"
      ],
      "description": "Windows Logon Success",
      "groups": [
        "windows",
        "windows_security",
        "authentication_success"
      ],
      "nist_800_53": [
        "AU.14",
        "AC.9"
      ],
      "gdpr": [
        "IV_32.2"
      ],
      "firedtimes": 14,
      "mitre": {
        "technique": [
          "Valid Accounts"
        ],
        "id": [
          "T1078"
        ],
        "tactic": [
          "Defense Evasion",
          "Persistence",
          "Privilege Escalation",
          "Initial Access"
        ]
      },
      "id": "60106",
      "gpg13": [
        "7.1",
        "7.2"
      ]
    },
    "location": "EventChannel",
    "decoder": {
      "name": "windows_eventchannel"
    },
    "id": "1779791398.21990807",
    "timestamp": "2026-05-26T10:29:58.964+0000"
  },
  {
    "input": {
      "type": "log"
    },
    "agent": {
      "ip": "172.21.4.242",
      "name": "BH0101",
      "id": "031"
    },
    "manager": {
      "name": "wazuh.manager"
    },
    "data": {
      "win": {
        "eventdata": {
          "bucketId": "2ba1cc9f33ec2700ae67cac1fa8050efc2446a56bd8f43b9eb2cc24fa15b62e6",
          "deviceAttributes": "BaseBoardManufacturer:Gigabyte Technology Co., Ltd.;FirmwareManufacturer:American Megatrends Inc.;FirmwareVersion:F5;OEMModelNumber:B250M-D2V;OEMModelBaseBoard:B250M-D2V-CF;OEMModelSystemFamily:Default string;OEMManufacturerName:Gigabyte Technology Co., Ltd.;OEMModelSKU:Default string;OSArchitecture:amd64;",
          "updateType": "0",
          "hResult": "0"
        },
        "system": {
          "eventID": "1801",
          "keywords": "0x8000000000000000",
          "providerGuid": "{7d5387b0-cbe0-11da-a94d-0800200c9a66}",
          "level": "2",
          "channel": "System",
          "opcode": "0",
          "message": "\"Die Zertifizierungsstelle/Schlüssel für den sicheren Start müssen aktualisiert werden. Diese Gerätesignaturinformationen sind hier enthalten.\r\nDeviceAttributes: BaseBoardManufacturer:Gigabyte Technology Co., Ltd.;FirmwareManufacturer:American Megatrends Inc.;FirmwareVersion:F5;OEMModelNumber:B250M-D2V;OEMModelBaseBoard:B250M-D2V-CF;OEMModelSystemFamily:Default string;OEMManufacturerName:Gigabyte Technology Co., Ltd.;OEMModelSKU:Default string;OSArchitecture:amd64;\r\nBucketId: 2ba1cc9f33ec2700ae67cac1fa8050efc2446a56bd8f43b9eb2cc24fa15b62e6\r\nBucketConfidenceLevel: \r\nUpdateType: 0\r\nHResult: Der Vorgang wurde erfolgreich beendet.\"",
          "version": "0",
          "systemTime": "2026-05-26T10:29:48.8400270Z",
          "eventRecordID": "116567",
          "threadID": "7540",
          "computer": "BH0101.arzw.local",
          "task": "0",
          "processID": "2152",
          "severityValue": "ERROR",
          "providerName": "Microsoft-Windows-TPM-WMI"
        }
      }
    },
    "rule": {
      "firedtimes": 9,
      "mail": false,
      "level": 5,
      "description": "Windows System error event",
      "groups": [
        "windows",
        "windows_system",
        "system_error"
      ],
      "id": "61102",
      "gpg13": [
        "4.3"
      ],
      "gdpr": [
        "IV_35.7.d"
      ]
    },
    "location": "EventChannel",
    "decoder": {
      "name": "windows_eventchannel"
    },
    "id": "1779791398.21987455",
    "timestamp": "2026-05-26T10:29:58.699+0000"
  },
  {
    "input": {
      "type": "log"
    },
    "agent": {
      "ip": "172.21.4.242",
      "name": "BH0101",
      "id": "031"
    },
    "manager": {
      "name": "wazuh.manager"
    },
    "data": {
      "win": {
        "eventdata": {
          "addressLength": "128",
          "address": "02000000AC15040E000000000000000000000000000000000000000000000000000000000000000000000000000000000000000000000000000000000000000000000000000000000000000000000000000000000000000000000000000000000000000000000000000000000000000000000000000000000000000000000000",
          "queryName": "wpad"
        },
        "system": {
          "eventID": "1014",
          "keywords": "0x4000000010000000",
          "providerGuid": "{1c95126e-7eea-49a9-a3fe-a378b03ddb4d}",
          "level": "3",
          "channel": "System",
          "opcode": "0",
          "message": "\"Zeitüberschreitung bei der Namensauflösung für den Namen wpad, nachdem keiner der konfigurierten DNS-Server geantwortet hat.\"",
          "version": "0",
          "systemTime": "2026-05-26T10:29:47.8832244Z",
          "eventRecordID": "116566",
          "threadID": "6516",
          "computer": "BH0101.arzw.local",
          "task": "1014",
          "processID": "1368",
          "severityValue": "WARNING",
          "providerName": "Microsoft-Windows-DNS-Client"
        }
      }
    },
    "rule": {
      "firedtimes": 1,
      "mail": false,
      "level": 5,
      "description": "Name resolution for the name wpad timed out",
      "groups": [
        "windows",
        "windows_system"
      ],
      "id": "61109"
    },
    "location": "EventChannel",
    "decoder": {
      "name": "windows_eventchannel"
    },
    "id": "1779791398.21985405",
    "timestamp": "2026-05-26T10:29:58.683+0000"
  },
  {
    "input": {
      "type": "log"
    },
    "agent": {
      "ip": "172.21.4.242",
      "name": "BH0101",
      "id": "031"
    },
    "manager": {
      "name": "wazuh.manager"
    },
    "data": {
      "win": {
        "eventdata": {
          "data": "3221225524",
          "locationCode": "0x1c0004f3"
        },
        "system": {
          "eventID": "15",
          "keywords": "0x8000000000000000",
          "providerGuid": "{1b6b0772-251b-4d42-917d-faca166bc059}",
          "level": "2",
          "channel": "System",
          "opcode": "0",
          "message": "\"Beim Gerätetreiber für das Trusted Platform Module (TPM) ist ein nicht behebbarer Fehler in der TPM-Hardware aufgetreten, der die Verwendung der TPM-Dienste (z. B. Datenverschlüsselung) verhindert. Wenden Sie sich an den Computerhersteller, um weitere Hilfe zu erhalten.\"",
          "version": "0",
          "systemTime": "2026-05-26T10:29:41.7169999Z",
          "eventRecordID": "116553",
          "threadID": "396",
          "computer": "BH0101.arzw.local",
          "task": "0",
          "processID": "4",
          "severityValue": "ERROR",
          "providerName": "TPM"
        }
      }
    },
    "rule": {
      "firedtimes": 8,
      "mail": false,
      "level": 5,
      "description": "Windows System error event",
      "groups": [
        "windows",
        "windows_system",
        "system_error"
      ],
      "id": "61102",
      "gpg13": [
        "4.3"
      ],
      "gdpr": [
        "IV_35.7.d"
      ]
    },
    "location": "EventChannel",
    "decoder": {
      "name": "windows_eventchannel"
    },
    "id": "1779791398.21983649",
    "timestamp": "2026-05-26T10:29:58.480+0000"
  },
  {
    "input": {
      "type": "log"
    },
    "agent": {
      "ip": "172.21.4.222",
      "name": "Juliane",
      "id": "072"
    },
    "manager": {
      "name": "wazuh.manager"
    },
    "data": {
      "win": {
        "eventdata": {
          "data": "2126-05-02T10:29:57Z, RulesEngine"
        },
        "system": {
          "eventID": "16384",
          "eventSourceName": "Software Protection Platform Service",
          "keywords": "0x80000000000000",
          "providerGuid": "{E23B33B0-C8C9-472C-A5F9-F2BDFEA0F156}",
          "level": "4",
          "channel": "Application",
          "opcode": "0",
          "message": "\"Der Softwareschutzdienst wurde erfolgreich für den erneuten Start bei 2126-05-02T10:29:57Z geplant. Grund: RulesEngine.\"",
          "version": "0",
          "systemTime": "2026-05-26T10:29:57.6382125Z",
          "eventRecordID": "21905",
          "threadID": "0",
          "computer": "Juliane.arzw.local",
          "task": "0",
          "processID": "11288",
          "severityValue": "INFORMATION",
          "providerName": "Microsoft-Windows-Security-SPP"
        }
      }
    },
    "rule": {
      "firedtimes": 80,
      "mail": false,
      "level": 3,
      "description": "Software protection service scheduled successfully.",
      "groups": [
        "windows",
        "windows_application"
      ],
      "id": "60642"
    },
    "location": "EventChannel",
    "decoder": {
      "name": "windows_eventchannel"
    },
    "id": "1779791397.21982023",
    "timestamp": "2026-05-26T10:29:57.780+0000"
  },
  {
    "input": {
      "type": "log"
    },
    "agent": {
      "ip": "172.21.4.211",
      "name": "SCAN_04_001",
      "id": "006"
    },
    "manager": {
      "name": "wazuh.manager"
    },
    "data": {
      "win": {
        "eventdata": {
          "data": "2126-05-02T10:29:42Z, RulesEngine"
        },
        "system": {
          "eventID": "16384",
          "eventSourceName": "Software Protection Platform Service",
          "keywords": "0x80000000000000",
          "providerGuid": "{E23B33B0-C8C9-472C-A5F9-F2BDFEA0F156}",
          "level": "4",
          "channel": "Application",
          "opcode": "0",
          "message": "\"Der Softwareschutzdienst wurde erfolgreich für den erneuten Start bei 2126-05-02T10:29:42Z geplant. Grund: RulesEngine.\"",
          "version": "0",
          "systemTime": "2026-05-26T10:29:42.9289240Z",
          "eventRecordID": "85912",
          "threadID": "0",
          "computer": "SCAN_04_001.arzw.local",
          "task": "0",
          "processID": "0",
          "severityValue": "INFORMATION",
          "providerName": "Microsoft-Windows-Security-SPP"
        }
      }
    },
    "rule": {
      "firedtimes": 79,
      "mail": false,
      "level": 3,
      "description": "Software protection service scheduled successfully.",
      "groups": [
        "windows",
        "windows_application"
      ],
      "id": "60642"
    },
    "location": "EventChannel",
    "decoder": {
      "name": "windows_eventchannel"
    },
    "id": "1779791383.21980393",
    "timestamp": "2026-05-26T10:29:43.083+0000"
  },
