  {
    "input": {
      "type": "log"
    },
    "agent": {
      "ip": "10.0.139.214",
      "name": "SW-Norman",
      "id": "085"
    },
    "manager": {
      "name": "wazuh.manager"
    },
    "data": {
      "win": {
        "eventdata": {
          "data": "2126-05-02T09:53:58Z, RulesEngine"
        },
        "system": {
          "eventID": "16384",
          "eventSourceName": "Software Protection Platform Service",
          "keywords": "0x80000000000000",
          "providerGuid": "{E23B33B0-C8C9-472C-A5F9-F2BDFEA0F156}",
          "level": "4",
          "channel": "Application",
          "opcode": "0",
          "message": "\"Der Softwareschutzdienst wurde erfolgreich für den erneuten Start bei 2126-05-02T09:53:58Z geplant. Grund: RulesEngine.\"",
          "version": "0",
          "systemTime": "2026-05-26T09:53:58.2197799Z",
          "eventRecordID": "172771",
          "threadID": "0",
          "computer": "SW-Norman.arzw.local",
          "task": "0",
          "processID": "17160",
          "severityValue": "INFORMATION",
          "providerName": "Microsoft-Windows-Security-SPP"
        }
      }
    },
    "rule": {
      "firedtimes": 140,
      "mail": false,
      "level": 3,
      "description": "Software protection service scheduled successfully.",
      "groups": [
        "windows",
        "windows_application"
      ],
      "id": "60642"
    },
    "location": "EventChannel",
    "decoder": {
      "name": "windows_eventchannel"
    },
    "id": "1779789238.21059984",
    "timestamp": "2026-05-26T09:53:58.266+0000"
  },
  {
    "input": {
      "type": "log"
    },
    "agent": {
      "ip": "172.21.4.216",
      "name": "KS_01_003",
      "id": "015"
    },
    "manager": {
      "name": "wazuh.manager"
    },
    "data": {
      "win": {
        "eventdata": {
          "data": "1971109447500670815, 4, APPCRASH, Nicht verfügbar, 0, AcroCEF.exe, 26.1.21563.0, 6a04e5da, KERNELBASE.dll, 10.0.19041.6280, 56511854, c06d007e, 0000000000025369,   \\\\\\\\?\\\\C:\\\\ProgramData\\\\Microsoft\\\\Windows\\\\WER\\\\Temp\\\\WER37E2.tmp.dmp  \\\\\\\\?\\\\C:\\\\ProgramData\\\\Microsoft\\\\Windows\\\\WER\\\\Temp\\\\WER386F.tmp.WERInternalMetadata.xml  \\\\\\\\?\\\\C:\\\\ProgramData\\\\Microsoft\\\\Windows\\\\WER\\\\Temp\\\\WER38FD.tmp.xml  \\\\\\\\?\\\\C:\\\\ProgramData\\\\Microsoft\\\\Windows\\\\WER\\\\Temp\\\\WER3911.tmp.csv  \\\\\\\\?\\\\C:\\\\ProgramData\\\\Microsoft\\\\Windows\\\\WER\\\\Temp\\\\WER3960.tmp.txt, \\\\\\\\?\\\\C:\\\\ProgramData\\\\Microsoft\\\\Windows\\\\WER\\\\ReportArchive\\\\AppCrash_AcroCEF.exe_3d89c923afbacf27ccc2fa66c28762ff355de7c0_b371bd89_3b8deff1-d624-4850-a9b1-de7bc6e1c214, 0, 4f1e430b-c906-4b1a-9680-c93cf674f747, 268435456, e2bf68422031c6161b5ac9995fb1a75f, 0"
        },
        "system": {
          "eventID": "1001",
          "keywords": "0x80000000000000",
          "level": "4",
          "channel": "Application",
          "opcode": "0",
          "message": "\"Fehlerbucket 1971109447500670815, Typ 4\r\nEreignisname: APPCRASH\r\nAntwort: Nicht verfügbar\r\nCAB-Datei-ID: 0\r\n\r\nProblemsignatur:\r\nP1: AcroCEF.exe\r\nP2: 26.1.21563.0\r\nP3: 6a04e5da\r\nP4: KERNELBASE.dll\r\nP5: 10.0.19041.6280\r\nP6: 56511854\r\nP7: c06d007e\r\nP8: 0000000000025369\r\nP9: \r\nP10: \r\n\r\nAngefügte Dateien:\r\n\\\\?\\C:\\ProgramData\\Microsoft\\Windows\\WER\\Temp\\WER37E2.tmp.dmp\r\n\\\\?\\C:\\ProgramData\\Microsoft\\Windows\\WER\\Temp\\WER386F.tmp.WERInternalMetadata.xml\r\n\\\\?\\C:\\ProgramData\\Microsoft\\Windows\\WER\\Temp\\WER38FD.tmp.xml\r\n\\\\?\\C:\\ProgramData\\Microsoft\\Windows\\WER\\Temp\\WER3911.tmp.csv\r\n\\\\?\\C:\\ProgramData\\Microsoft\\Windows\\WER\\Temp\\WER3960.tmp.txt\r\n\r\nDiese Dateien befinden sich möglicherweise hier:\r\n\\\\?\\C:\\ProgramData\\Microsoft\\Windows\\WER\\ReportArchive\\AppCrash_AcroCEF.exe_3d89c923afbacf27ccc2fa66c28762ff355de7c0_b371bd89_3b8deff1-d624-4850-a9b1-de7bc6e1c214\r\n\r\nAnalysesymbol: \r\nEs wird erneut nach einer Lösung gesucht: 0\r\nBerichts-ID: 4f1e430b-c906-4b1a-9680-c93cf674f747\r\nBerichtstatus: 268435456\r\nBucket mit Hash: e2bf68422031c6161b5ac9995fb1a75f\r\nCAB-Datei-Guid: 0\"",
          "version": "0",
          "systemTime": "2026-05-26T09:53:45.2870092Z",
          "eventRecordID": "237513",
          "threadID": "0",
          "computer": "KS_01_003.arzw.local",
          "task": "0",
          "processID": "0",
          "severityValue": "INFORMATION",
          "providerName": "Windows Error Reporting"
        }
      }
    },
    "rule": {
      "firedtimes": 26,
      "mail": false,
      "level": 4,
      "description": "Summary event of the report's signatures.",
      "groups": [
        "windows",
        "windows_application"
      ],
      "id": "60608"
    },
    "location": "EventChannel",
    "decoder": {
      "name": "windows_eventchannel"
    },
    "id": "1779789225.21054962",
    "timestamp": "2026-05-26T09:53:45.429+0000"
  },
  {
    "input": {
      "type": "log"
    },
    "agent": {
      "ip": "172.21.4.216",
      "name": "KS_01_003",
      "id": "015"
    },
    "manager": {
      "name": "wazuh.manager"
    },
    "data": {
      "win": {
        "eventdata": {
          "data": "AcroCEF.exe, 26.1.21563.0, 6a04e5da, KERNELBASE.dll, 10.0.19041.6280, 56511854, c06d007e, 0000000000025369, 2b68, 01dcecf588edca6d, C:\\\\Program Files\\\\Adobe\\\\Acrobat DC\\\\Acrobat\\\\AcroCEF\\\\AcroCEF.exe, C:\\\\WINDOWS\\\\System32\\\\KERNELBASE.dll, 4f1e430b-c906-4b1a-9680-c93cf674f747"
        },
        "system": {
          "eventID": "1000",
          "keywords": "0x80000000000000",
          "level": "2",
          "channel": "Application",
          "opcode": "0",
          "message": "\"Name der fehlerhaften Anwendung: AcroCEF.exe, Version: 26.1.21563.0, Zeitstempel: 0x6a04e5da\r\nName des fehlerhaften Moduls: KERNELBASE.dll, Version: 10.0.19041.6280, Zeitstempel: 0x56511854\r\nAusnahmecode: 0xc06d007e\r\nFehleroffset: 0x0000000000025369\r\nID des fehlerhaften Prozesses: 0x2b68\r\nStartzeit der fehlerhaften Anwendung: 0x01dcecf588edca6d\r\nPfad der fehlerhaften Anwendung: C:\\Program Files\\Adobe\\Acrobat DC\\Acrobat\\AcroCEF\\AcroCEF.exe\r\nPfad des fehlerhaften Moduls: C:\\WINDOWS\\System32\\KERNELBASE.dll\r\nBerichtskennung: 4f1e430b-c906-4b1a-9680-c93cf674f747\r\nVollständiger Name des fehlerhaften Pakets: \r\nAnwendungs-ID, die relativ zum fehlerhaften Paket ist: \"",
          "version": "0",
          "systemTime": "2026-05-26T09:53:42.4864058Z",
          "eventRecordID": "237512",
          "threadID": "0",
          "computer": "KS_01_003.arzw.local",
          "task": "100",
          "processID": "0",
          "severityValue": "ERROR",
          "providerName": "Application Error"
        }
      }
    },
    "rule": {
      "firedtimes": 18,
      "mail": false,
      "level": 9,
      "description": "Windows application error event.",
      "groups": [
        "windows",
        "windows_application",
        "system_error"
      ],
      "id": "60602",
      "gdpr": [
        "IV_35.7.d"
      ],
      "gpg13": [
        "4.3"
      ]
    },
    "location": "EventChannel",
    "decoder": {
      "name": "windows_eventchannel"
    },
    "id": "1779789222.21051968",
    "timestamp": "2026-05-26T09:53:42.629+0000"
  },
  {
    "input": {
      "type": "log"
    },
    "agent": {
      "ip": "172.21.4.216",
      "name": "KS_01_003",
      "id": "015"
    },
    "manager": {
      "name": "wazuh.manager"
    },
    "data": {
      "win": {
        "eventdata": {
          "data": "1971109447500670815, 4, APPCRASH, Nicht verfügbar, 0, AcroCEF.exe, 26.1.21563.0, 6a04e5da, KERNELBASE.dll, 10.0.19041.6280, 56511854, c06d007e, 0000000000025369,   \\\\\\\\?\\\\C:\\\\ProgramData\\\\Microsoft\\\\Windows\\\\WER\\\\Temp\\\\WERF626.tmp.dmp  \\\\\\\\?\\\\C:\\\\ProgramData\\\\Microsoft\\\\Windows\\\\WER\\\\Temp\\\\WERF694.tmp.WERInternalMetadata.xml  \\\\\\\\?\\\\C:\\\\ProgramData\\\\Microsoft\\\\Windows\\\\WER\\\\Temp\\\\WERF77F.tmp.xml  \\\\\\\\?\\\\C:\\\\ProgramData\\\\Microsoft\\\\Windows\\\\WER\\\\Temp\\\\WERF791.tmp.csv  \\\\\\\\?\\\\C:\\\\ProgramData\\\\Microsoft\\\\Windows\\\\WER\\\\Temp\\\\WERF7B1.tmp.txt, \\\\\\\\?\\\\C:\\\\ProgramData\\\\Microsoft\\\\Windows\\\\WER\\\\ReportArchive\\\\AppCrash_AcroCEF.exe_3d89c923afbacf27ccc2fa66c28762ff355de7c0_b371bd89_66f6a79b-632a-4d7e-af3f-49e8d11af338, 0, c199aca4-58f9-4aa1-8581-b891da5c4114, 268435456, e2bf68422031c6161b5ac9995fb1a75f, 0"
        },
        "system": {
          "eventID": "1001",
          "keywords": "0x80000000000000",
          "level": "4",
          "channel": "Application",
          "opcode": "0",
          "message": "\"Fehlerbucket 1971109447500670815, Typ 4\r\nEreignisname: APPCRASH\r\nAntwort: Nicht verfügbar\r\nCAB-Datei-ID: 0\r\n\r\nProblemsignatur:\r\nP1: AcroCEF.exe\r\nP2: 26.1.21563.0\r\nP3: 6a04e5da\r\nP4: KERNELBASE.dll\r\nP5: 10.0.19041.6280\r\nP6: 56511854\r\nP7: c06d007e\r\nP8: 0000000000025369\r\nP9: \r\nP10: \r\n\r\nAngefügte Dateien:\r\n\\\\?\\C:\\ProgramData\\Microsoft\\Windows\\WER\\Temp\\WERF626.tmp.dmp\r\n\\\\?\\C:\\ProgramData\\Microsoft\\Windows\\WER\\Temp\\WERF694.tmp.WERInternalMetadata.xml\r\n\\\\?\\C:\\ProgramData\\Microsoft\\Windows\\WER\\Temp\\WERF77F.tmp.xml\r\n\\\\?\\C:\\ProgramData\\Microsoft\\Windows\\WER\\Temp\\WERF791.tmp.csv\r\n\\\\?\\C:\\ProgramData\\Microsoft\\Windows\\WER\\Temp\\WERF7B1.tmp.txt\r\n\r\nDiese Dateien befinden sich möglicherweise hier:\r\n\\\\?\\C:\\ProgramData\\Microsoft\\Windows\\WER\\ReportArchive\\AppCrash_AcroCEF.exe_3d89c923afbacf27ccc2fa66c28762ff355de7c0_b371bd89_66f6a79b-632a-4d7e-af3f-49e8d11af338\r\n\r\nAnalysesymbol: \r\nEs wird erneut nach einer Lösung gesucht: 0\r\nBerichts-ID: c199aca4-58f9-4aa1-8581-b891da5c4114\r\nBerichtstatus: 268435456\r\nBucket mit Hash: e2bf68422031c6161b5ac9995fb1a75f\r\nCAB-Datei-Guid: 0\"",
          "version": "0",
          "systemTime": "2026-05-26T09:53:28.1734542Z",
          "eventRecordID": "237511",
          "threadID": "0",
          "computer": "KS_01_003.arzw.local",
          "task": "0",
          "processID": "0",
          "severityValue": "INFORMATION",
          "providerName": "Windows Error Reporting"
        }
      }
    },
    "rule": {
      "firedtimes": 25,
      "mail": false,
      "level": 4,
      "description": "Summary event of the report's signatures.",
      "groups": [
        "windows",
        "windows_application"
      ],
      "id": "60608"
    },
    "location": "EventChannel",
    "decoder": {
      "name": "windows_eventchannel"
    },
    "id": "1779789208.21046946",
    "timestamp": "2026-05-26T09:53:28.318+0000"
  },
  {
    "input": {
      "type": "log"
    },
    "agent": {
      "ip": "172.21.4.216",
      "name": "KS_01_003",
      "id": "015"
    },
    "manager": {
      "name": "wazuh.manager"
    },
    "data": {
      "win": {
        "eventdata": {
          "data": "AcroCEF.exe, 26.1.21563.0, 6a04e5da, KERNELBASE.dll, 10.0.19041.6280, 56511854, c06d007e, 0000000000025369, d40, 01dcecf57ee4f923, C:\\\\Program Files\\\\Adobe\\\\Acrobat DC\\\\Acrobat\\\\AcroCEF\\\\AcroCEF.exe, C:\\\\WINDOWS\\\\System32\\\\KERNELBASE.dll, c199aca4-58f9-4aa1-8581-b891da5c4114"
        },
        "system": {
          "eventID": "1000",
          "keywords": "0x80000000000000",
          "level": "2",
          "channel": "Application",
          "opcode": "0",
          "message": "\"Name der fehlerhaften Anwendung: AcroCEF.exe, Version: 26.1.21563.0, Zeitstempel: 0x6a04e5da\r\nName des fehlerhaften Moduls: KERNELBASE.dll, Version: 10.0.19041.6280, Zeitstempel: 0x56511854\r\nAusnahmecode: 0xc06d007e\r\nFehleroffset: 0x0000000000025369\r\nID des fehlerhaften Prozesses: 0xd40\r\nStartzeit der fehlerhaften Anwendung: 0x01dcecf57ee4f923\r\nPfad der fehlerhaften Anwendung: C:\\Program Files\\Adobe\\Acrobat DC\\Acrobat\\AcroCEF\\AcroCEF.exe\r\nPfad des fehlerhaften Moduls: C:\\WINDOWS\\System32\\KERNELBASE.dll\r\nBerichtskennung: c199aca4-58f9-4aa1-8581-b891da5c4114\r\nVollständiger Name des fehlerhaften Pakets: \r\nAnwendungs-ID, die relativ zum fehlerhaften Paket ist: \"",
          "version": "0",
          "systemTime": "2026-05-26T09:53:25.6749017Z",
          "eventRecordID": "237510",
          "threadID": "0",
          "computer": "KS_01_003.arzw.local",
          "task": "100",
          "processID": "0",
          "severityValue": "ERROR",
          "providerName": "Application Error"
        }
      }
    },
    "rule": {
      "firedtimes": 17,
      "mail": false,
      "level": 9,
      "description": "Windows application error event.",
      "groups": [
        "windows",
        "windows_application",
        "system_error"
      ],
      "id": "60602",
      "gdpr": [
        "IV_35.7.d"
      ],
      "gpg13": [
        "4.3"
      ]
    },
    "location": "EventChannel",
    "decoder": {
      "name": "windows_eventchannel"
    },
    "id": "1779789205.21043956",
    "timestamp": "2026-05-26T09:53:25.814+0000"
  },
  {
    "input": {
      "type": "log"
    },
    "agent": {
      "ip": "172.21.4.216",
      "name": "KS_01_003",
      "id": "015"
    },
    "manager": {
      "name": "wazuh.manager"
    },
    "data": {
      "win": {
        "eventdata": {
          "data": "2126-05-02T09:53:16Z, RulesEngine"
        },
        "system": {
          "eventID": "16384",
          "eventSourceName": "Software Protection Platform Service",
          "keywords": "0x80000000000000",
          "providerGuid": "{E23B33B0-C8C9-472C-A5F9-F2BDFEA0F156}",
          "level": "4",
          "channel": "Application",
          "opcode": "0",
          "message": "\"Der Softwareschutzdienst wurde erfolgreich für den erneuten Start bei 2126-05-02T09:53:16Z geplant. Grund: RulesEngine.\"",
          "version": "0",
          "systemTime": "2026-05-26T09:53:16.4174990Z",
          "eventRecordID": "237509",
          "threadID": "0",
          "computer": "KS_01_003.arzw.local",
          "task": "0",
          "processID": "0",
          "severityValue": "INFORMATION",
          "providerName": "Microsoft-Windows-Security-SPP"
        }
      }
    },
    "rule": {
      "firedtimes": 139,
      "mail": false,
      "level": 3,
      "description": "Software protection service scheduled successfully.",
      "groups": [
        "windows",
        "windows_application"
      ],
      "id": "60642"
    },
    "location": "EventChannel",
    "decoder": {
      "name": "windows_eventchannel"
    },
    "id": "1779789196.21042330",
    "timestamp": "2026-05-26T09:53:16.562+0000"
  },
  {
    "input": {
      "type": "log"
    },
    "agent": {
      "ip": "172.21.4.216",
      "name": "KS_01_003",
      "id": "015"
    },
    "manager": {
      "name": "wazuh.manager"
    },
    "data": {
      "win": {
        "eventdata": {
          "data": "1971109447500670815, 4, APPCRASH, Nicht verfügbar, 0, AcroCEF.exe, 26.1.21563.0, 6a04e5da, KERNELBASE.dll, 10.0.19041.6280, 56511854, c06d007e, 0000000000025369,   \\\\\\\\?\\\\C:\\\\ProgramData\\\\Microsoft\\\\Windows\\\\WER\\\\Temp\\\\WERB563.tmp.dmp  \\\\\\\\?\\\\C:\\\\ProgramData\\\\Microsoft\\\\Windows\\\\WER\\\\Temp\\\\WERB5D2.tmp.WERInternalMetadata.xml  \\\\\\\\?\\\\C:\\\\ProgramData\\\\Microsoft\\\\Windows\\\\WER\\\\Temp\\\\WERB67F.tmp.xml  \\\\\\\\?\\\\C:\\\\ProgramData\\\\Microsoft\\\\Windows\\\\WER\\\\Temp\\\\WERB68E.tmp.csv  \\\\\\\\?\\\\C:\\\\ProgramData\\\\Microsoft\\\\Windows\\\\WER\\\\Temp\\\\WERB6AF.tmp.txt, \\\\\\\\?\\\\C:\\\\ProgramData\\\\Microsoft\\\\Windows\\\\WER\\\\ReportArchive\\\\AppCrash_AcroCEF.exe_3d89c923afbacf27ccc2fa66c28762ff355de7c0_b371bd89_0760932e-f66c-4a0d-a779-c46531a7d207, 0, eb802856-d46b-4418-8d7a-28a71bfede19, 268435456, e2bf68422031c6161b5ac9995fb1a75f, 0"
        },
        "system": {
          "eventID": "1001",
          "keywords": "0x80000000000000",
          "level": "4",
          "channel": "Application",
          "opcode": "0",
          "message": "\"Fehlerbucket 1971109447500670815, Typ 4\r\nEreignisname: APPCRASH\r\nAntwort: Nicht verfügbar\r\nCAB-Datei-ID: 0\r\n\r\nProblemsignatur:\r\nP1: AcroCEF.exe\r\nP2: 26.1.21563.0\r\nP3: 6a04e5da\r\nP4: KERNELBASE.dll\r\nP5: 10.0.19041.6280\r\nP6: 56511854\r\nP7: c06d007e\r\nP8: 0000000000025369\r\nP9: \r\nP10: \r\n\r\nAngefügte Dateien:\r\n\\\\?\\C:\\ProgramData\\Microsoft\\Windows\\WER\\Temp\\WERB563.tmp.dmp\r\n\\\\?\\C:\\ProgramData\\Microsoft\\Windows\\WER\\Temp\\WERB5D2.tmp.WERInternalMetadata.xml\r\n\\\\?\\C:\\ProgramData\\Microsoft\\Windows\\WER\\Temp\\WERB67F.tmp.xml\r\n\\\\?\\C:\\ProgramData\\Microsoft\\Windows\\WER\\Temp\\WERB68E.tmp.csv\r\n\\\\?\\C:\\ProgramData\\Microsoft\\Windows\\WER\\Temp\\WERB6AF.tmp.txt\r\n\r\nDiese Dateien befinden sich möglicherweise hier:\r\n\\\\?\\C:\\ProgramData\\Microsoft\\Windows\\WER\\ReportArchive\\AppCrash_AcroCEF.exe_3d89c923afbacf27ccc2fa66c28762ff355de7c0_b371bd89_0760932e-f66c-4a0d-a779-c46531a7d207\r\n\r\nAnalysesymbol: \r\nEs wird erneut nach einer Lösung gesucht: 0\r\nBerichts-ID: eb802856-d46b-4418-8d7a-28a71bfede19\r\nBerichtstatus: 268435456\r\nBucket mit Hash: e2bf68422031c6161b5ac9995fb1a75f\r\nCAB-Datei-Guid: 0\"",
          "version": "0",
          "systemTime": "2026-05-26T09:53:11.6888632Z",
          "eventRecordID": "237508",
          "threadID": "0",
          "computer": "KS_01_003.arzw.local",
          "task": "0",
          "processID": "0",
          "severityValue": "INFORMATION",
          "providerName": "Windows Error Reporting"
        }
      }
    },
    "rule": {
      "firedtimes": 24,
      "mail": false,
      "level": 4,
      "description": "Summary event of the report's signatures.",
      "groups": [
        "windows",
        "windows_application"
      ],
      "id": "60608"
    },
    "location": "EventChannel",
    "decoder": {
      "name": "windows_eventchannel"
    },
    "id": "1779789191.21037308",
    "timestamp": "2026-05-26T09:53:11.837+0000"
  },
  {
    "input": {
      "type": "log"
    },
    "agent": {
      "ip": "172.21.4.216",
      "name": "KS_01_003",
      "id": "015"
    },
    "manager": {
      "name": "wazuh.manager"
    },
    "data": {
      "win": {
        "eventdata": {
          "data": "AcroCEF.exe, 26.1.21563.0, 6a04e5da, KERNELBASE.dll, 10.0.19041.6280, 56511854, c06d007e, 0000000000025369, 275c, 01dcecf57501c2f4, C:\\\\Program Files\\\\Adobe\\\\Acrobat DC\\\\Acrobat\\\\AcroCEF\\\\AcroCEF.exe, C:\\\\WINDOWS\\\\System32\\\\KERNELBASE.dll, eb802856-d46b-4418-8d7a-28a71bfede19"
        },
        "system": {
          "eventID": "1000",
          "keywords": "0x80000000000000",
          "level": "2",
          "channel": "Application",
          "opcode": "0",
          "message": "\"Name der fehlerhaften Anwendung: AcroCEF.exe, Version: 26.1.21563.0, Zeitstempel: 0x6a04e5da\r\nName des fehlerhaften Moduls: KERNELBASE.dll, Version: 10.0.19041.6280, Zeitstempel: 0x56511854\r\nAusnahmecode: 0xc06d007e\r\nFehleroffset: 0x0000000000025369\r\nID des fehlerhaften Prozesses: 0x275c\r\nStartzeit der fehlerhaften Anwendung: 0x01dcecf57501c2f4\r\nPfad der fehlerhaften Anwendung: C:\\Program Files\\Adobe\\Acrobat DC\\Acrobat\\AcroCEF\\AcroCEF.exe\r\nPfad des fehlerhaften Moduls: C:\\WINDOWS\\System32\\KERNELBASE.dll\r\nBerichtskennung: eb802856-d46b-4418-8d7a-28a71bfede19\r\nVollständiger Name des fehlerhaften Pakets: \r\nAnwendungs-ID, die relativ zum fehlerhaften Paket ist: \"",
          "version": "0",
          "systemTime": "2026-05-26T09:53:09.0845748Z",
          "eventRecordID": "237507",
          "threadID": "0",
          "computer": "KS_01_003.arzw.local",
          "task": "100",
          "processID": "0",
          "severityValue": "ERROR",
          "providerName": "Application Error"
        }
      }
    },
    "rule": {
      "firedtimes": 16,
      "mail": false,
      "level": 9,
      "description": "Windows application error event.",
      "groups": [
        "windows",
        "windows_application",
        "system_error"
      ],
      "id": "60602",
      "gdpr": [
        "IV_35.7.d"
      ],
      "gpg13": [
        "4.3"
      ]
    },
    "location": "EventChannel",
    "decoder": {
      "name": "windows_eventchannel"
    },
    "id": "1779789189.21034314",
    "timestamp": "2026-05-26T09:53:09.225+0000"
  },
  {
    "input": {
      "type": "log"
    },
    "agent": {
      "ip": "172.21.5.40",
      "name": "KS_2026_001",
      "id": "104"
    },
    "manager": {
      "name": "wazuh.manager"
    },
    "data": {
      "win": {
        "eventdata": {
          "data": "2126-05-02T09:52:57Z, RulesEngine"
        },
        "system": {
          "eventID": "16384",
          "eventSourceName": "Software Protection Platform Service",
          "keywords": "0x80000000000000",
          "providerGuid": "{E23B33B0-C8C9-472C-A5F9-F2BDFEA0F156}",
          "level": "4",
          "channel": "Application",
          "opcode": "0",
          "message": "\"Der Softwareschutzdienst wurde erfolgreich für den erneuten Start bei 2126-05-02T09:52:57Z geplant. Grund: RulesEngine.\"",
          "version": "0",
          "systemTime": "2026-05-26T09:52:57.4847204Z",
          "eventRecordID": "29306",
          "threadID": "0",
          "computer": "KS_2026_001.arzw.local",
          "task": "0",
          "processID": "10928",
          "severityValue": "INFORMATION",
          "providerName": "Microsoft-Windows-Security-SPP"
        }
      }
    },
    "rule": {
      "firedtimes": 138,
      "mail": false,
      "level": 3,
      "description": "Software protection service scheduled successfully.",
      "groups": [
        "windows",
        "windows_application"
      ],
      "id": "60642"
    },
    "location": "EventChannel",
    "decoder": {
      "name": "windows_eventchannel"
    },
    "id": "1779789182.21032676",
    "timestamp": "2026-05-26T09:53:02.257+0000"
  },
  {
    "input": {
      "type": "log"
    },
    "agent": {
      "ip": "172.21.4.216",
      "name": "KS_01_003",
      "id": "015"
    },
    "manager": {
      "name": "wazuh.manager"
    },
    "data": {
      "win": {
        "eventdata": {
          "data": "1971109447500670815, 4, APPCRASH, Nicht verfügbar, 0, AcroCEF.exe, 26.1.21563.0, 6a04e5da, KERNELBASE.dll, 10.0.19041.6280, 56511854, c06d007e, 0000000000025369,   \\\\\\\\?\\\\C:\\\\ProgramData\\\\Microsoft\\\\Windows\\\\WER\\\\Temp\\\\WER7175.tmp.dmp  \\\\\\\\?\\\\C:\\\\ProgramData\\\\Microsoft\\\\Windows\\\\WER\\\\Temp\\\\WER71D4.tmp.WERInternalMetadata.xml  \\\\\\\\?\\\\C:\\\\ProgramData\\\\Microsoft\\\\Windows\\\\WER\\\\Temp\\\\WER7290.tmp.xml  \\\\\\\\?\\\\C:\\\\ProgramData\\\\Microsoft\\\\Windows\\\\WER\\\\Temp\\\\WER72AD.tmp.csv  \\\\\\\\?\\\\C:\\\\ProgramData\\\\Microsoft\\\\Windows\\\\WER\\\\Temp\\\\WER72ED.tmp.txt, \\\\\\\\?\\\\C:\\\\ProgramData\\\\Microsoft\\\\Windows\\\\WER\\\\ReportArchive\\\\AppCrash_AcroCEF.exe_3d89c923afbacf27ccc2fa66c28762ff355de7c0_b371bd89_bc4464e1-5586-4d29-9b6c-c33fb47ac39b, 0, 75da0925-b4a4-4c1e-9ebe-d6d5ffdad810, 268435456, e2bf68422031c6161b5ac9995fb1a75f, 0"
        },
        "system": {
          "eventID": "1001",
          "keywords": "0x80000000000000",
          "level": "4",
          "channel": "Application",
          "opcode": "0",
          "message": "\"Fehlerbucket 1971109447500670815, Typ 4\r\nEreignisname: APPCRASH\r\nAntwort: Nicht verfügbar\r\nCAB-Datei-ID: 0\r\n\r\nProblemsignatur:\r\nP1: AcroCEF.exe\r\nP2: 26.1.21563.0\r\nP3: 6a04e5da\r\nP4: KERNELBASE.dll\r\nP5: 10.0.19041.6280\r\nP6: 56511854\r\nP7: c06d007e\r\nP8: 0000000000025369\r\nP9: \r\nP10: \r\n\r\nAngefügte Dateien:\r\n\\\\?\\C:\\ProgramData\\Microsoft\\Windows\\WER\\Temp\\WER7175.tmp.dmp\r\n\\\\?\\C:\\ProgramData\\Microsoft\\Windows\\WER\\Temp\\WER71D4.tmp.WERInternalMetadata.xml\r\n\\\\?\\C:\\ProgramData\\Microsoft\\Windows\\WER\\Temp\\WER7290.tmp.xml\r\n\\\\?\\C:\\ProgramData\\Microsoft\\Windows\\WER\\Temp\\WER72AD.tmp.csv\r\n\\\\?\\C:\\ProgramData\\Microsoft\\Windows\\WER\\Temp\\WER72ED.tmp.txt\r\n\r\nDiese Dateien befinden sich möglicherweise hier:\r\n\\\\?\\C:\\ProgramData\\Microsoft\\Windows\\WER\\ReportArchive\\AppCrash_AcroCEF.exe_3d89c923afbacf27ccc2fa66c28762ff355de7c0_b371bd89_bc4464e1-5586-4d29-9b6c-c33fb47ac39b\r\n\r\nAnalysesymbol: \r\nEs wird erneut nach einer Lösung gesucht: 0\r\nBerichts-ID: 75da0925-b4a4-4c1e-9ebe-d6d5ffdad810\r\nBerichtstatus: 268435456\r\nBucket mit Hash: e2bf68422031c6161b5ac9995fb1a75f\r\nCAB-Datei-Guid: 0\"",
          "version": "0",
          "systemTime": "2026-05-26T09:52:54.1962190Z",
          "eventRecordID": "237506",
          "threadID": "0",
          "computer": "KS_01_003.arzw.local",
          "task": "0",
          "processID": "0",
          "severityValue": "INFORMATION",
          "providerName": "Windows Error Reporting"
        }
      }
    },
    "rule": {
      "firedtimes": 23,
      "mail": false,
      "level": 4,
      "description": "Summary event of the report's signatures.",
      "groups": [
        "windows",
        "windows_application"
      ],
      "id": "60608"
    },
    "location": "EventChannel",
    "decoder": {
      "name": "windows_eventchannel"
    },
    "id": "1779789174.21027654",
    "timestamp": "2026-05-26T09:52:54.372+0000"
  },
  {
    "input": {
      "type": "log"
    },
    "agent": {
      "ip": "172.21.4.214",
      "name": "SWEMelanie",
      "id": "035"
    },
    "manager": {
      "name": "wazuh.manager"
    },
    "data": {
      "win": {
        "eventdata": {
          "data": "2126-05-02T09:52:53Z, RulesEngine"
        },
        "system": {
          "eventID": "16384",
          "eventSourceName": "Software Protection Platform Service",
          "keywords": "0x80000000000000",
          "providerGuid": "{E23B33B0-C8C9-472C-A5F9-F2BDFEA0F156}",
          "level": "4",
          "channel": "Application",
          "opcode": "0",
          "message": "\"Der Softwareschutzdienst wurde erfolgreich für den erneuten Start bei 2126-05-02T09:52:53Z geplant. Grund: RulesEngine.\"",
          "version": "0",
          "systemTime": "2026-05-26T09:52:53.6612756Z",
          "eventRecordID": "35540",
          "threadID": "0",
          "computer": "SWEMelanie.arzw.local",
          "task": "0",
          "processID": "13388",
          "severityValue": "INFORMATION",
          "providerName": "Microsoft-Windows-Security-SPP"
        }
      }
    },
    "rule": {
      "firedtimes": 137,
      "mail": false,
      "level": 3,
      "description": "Software protection service scheduled successfully.",
      "groups": [
        "windows",
        "windows_application"
      ],
      "id": "60642"
    },
    "location": "EventChannel",
    "decoder": {
      "name": "windows_eventchannel"
    },
    "id": "1779789173.21026019",
    "timestamp": "2026-05-26T09:52:53.698+0000"
  },
  {
    "input": {
      "type": "log"
    },
    "agent": {
      "ip": "172.21.4.216",
      "name": "KS_01_003",
      "id": "015"
    },
    "manager": {
      "name": "wazuh.manager"
    },
    "data": {
      "win": {
        "eventdata": {
          "data": "AcroCEF.exe, 26.1.21563.0, 6a04e5da, KERNELBASE.dll, 10.0.19041.6280, 56511854, c06d007e, 0000000000025369, 23e0, 01dcecf56a9ac11e, C:\\\\Program Files\\\\Adobe\\\\Acrobat DC\\\\Acrobat\\\\AcroCEF\\\\AcroCEF.exe, C:\\\\WINDOWS\\\\System32\\\\KERNELBASE.dll, 75da0925-b4a4-4c1e-9ebe-d6d5ffdad810"
        },
        "system": {
          "eventID": "1000",
          "keywords": "0x80000000000000",
          "level": "2",
          "channel": "Application",
          "opcode": "0",
          "message": "\"Name der fehlerhaften Anwendung: AcroCEF.exe, Version: 26.1.21563.0, Zeitstempel: 0x6a04e5da\r\nName des fehlerhaften Moduls: KERNELBASE.dll, Version: 10.0.19041.6280, Zeitstempel: 0x56511854\r\nAusnahmecode: 0xc06d007e\r\nFehleroffset: 0x0000000000025369\r\nID des fehlerhaften Prozesses: 0x23e0\r\nStartzeit der fehlerhaften Anwendung: 0x01dcecf56a9ac11e\r\nPfad der fehlerhaften Anwendung: C:\\Program Files\\Adobe\\Acrobat DC\\Acrobat\\AcroCEF\\AcroCEF.exe\r\nPfad des fehlerhaften Moduls: C:\\WINDOWS\\System32\\KERNELBASE.dll\r\nBerichtskennung: 75da0925-b4a4-4c1e-9ebe-d6d5ffdad810\r\nVollständiger Name des fehlerhaften Pakets: \r\nAnwendungs-ID, die relativ zum fehlerhaften Paket ist: \"",
          "version": "0",
          "systemTime": "2026-05-26T09:52:51.6815391Z",
          "eventRecordID": "237505",
          "threadID": "0",
          "computer": "KS_01_003.arzw.local",
          "task": "100",
          "processID": "0",
          "severityValue": "ERROR",
          "providerName": "Application Error"
        }
      }
    },
    "rule": {
      "firedtimes": 15,
      "mail": false,
      "level": 9,
      "description": "Windows application error event.",
      "groups": [
        "windows",
        "windows_application",
        "system_error"
      ],
      "id": "60602",
      "gdpr": [
        "IV_35.7.d"
      ],
      "gpg13": [
        "4.3"
      ]
    },
    "location": "EventChannel",
    "decoder": {
      "name": "windows_eventchannel"
    },
    "id": "1779789171.21023025",
    "timestamp": "2026-05-26T09:52:51.866+0000"
  },
  {
    "input": {
      "type": "log"
    },
    "agent": {
      "ip": "172.21.5.20",
      "name": "RZ_MANU2",
      "id": "016"
    },
    "manager": {
      "name": "wazuh.manager"
    },
    "data": {
      "win": {
        "eventdata": {
          "data": "2126-05-02T09:52:43Z, RulesEngine"
        },
        "system": {
          "eventID": "16384",
          "eventSourceName": "Software Protection Platform Service",
          "keywords": "0x80000000000000",
          "providerGuid": "{E23B33B0-C8C9-472C-A5F9-F2BDFEA0F156}",
          "level": "4",
          "channel": "Application",
          "opcode": "0",
          "message": "\"Der Softwareschutzdienst wurde erfolgreich für den erneuten Start bei 2126-05-02T09:52:43Z geplant. Grund: RulesEngine.\"",
          "version": "0",
          "systemTime": "2026-05-26T09:52:43.7091524Z",
          "eventRecordID": "308515",
          "threadID": "0",
          "computer": "RZ_MANU2.arzw.local",
          "task": "0",
          "processID": "0",
          "severityValue": "INFORMATION",
          "providerName": "Microsoft-Windows-Security-SPP"
        }
      }
    },
    "rule": {
      "firedtimes": 136,
      "mail": false,
      "level": 3,
      "description": "Software protection service scheduled successfully.",
      "groups": [
        "windows",
        "windows_application"
      ],
      "id": "60642"
    },
    "location": "EventChannel",
    "decoder": {
      "name": "windows_eventchannel"
    },
    "id": "1779789163.21021402",
    "timestamp": "2026-05-26T09:52:43.876+0000"
  },
  {
    "input": {
      "type": "log"
    },
    "agent": {
      "ip": "172.21.5.40",
      "name": "KS_2026_001",
      "id": "104"
    },
    "manager": {
      "name": "wazuh.manager"
    },
    "data": {
      "win": {
        "eventdata": {
          "messageText": "SubmitDone Submit(Request): Bad Request {\\\"Message\\\":\\\"No valid TPM EK/Platform certificate provided in the TPM identity request message.\\\"} HTTP/1.1 400 Bad Request Date: Tue, 26 May 2026 09:52:14 GMT Content-Length: 96 Content-Type: application/json; charset=utf-8 X-Content-Type-Options: nosniff Strict-Transport-Security: max-age=31536000;includeSubDomains x-ms-request-id: ca65b8db-73b4-4624-90e4-8a2a5f0b3dfd",
          "method": "POST(1797ms)",
          "stage": "SubmitDone",
          "context": "ARZW\\\\KS_2026_001$",
          "errorCode": "Ungültige Anforderung (400). 0x80190190 (-2145844848 HTTP_E_STATUS_BAD_REQUEST)",
          "url": "https://INTC-KeyId-ea950d987bcff0df9aac1feffb8ab4803fef2ca2.microsoftaik.azure.net/templates/Aik/scep"
        },
        "system": {
          "eventID": "87",
          "eventSourceName": "CertEnroll",
          "keywords": "0x80000000000000",
          "providerGuid": "{54164045-7C50-4905-963F-E5BC1EEF0CCA}",
          "level": "2",
          "channel": "Application",
          "opcode": "0",
          "message": "\"Fehler bei der SCEP-Zertifikatregistrierung für ARZW\\KS_2026_001$ über https://INTC-KeyId-ea950d987bcff0df9aac1feffb8ab4803fef2ca2.microsoftaik.azure.net/templates/Aik/scep:\r\n\r\nSubmitDone\nSubmit(Request): Bad Request\n{\"Message\":\"No valid TPM EK/Platform certificate provided in the TPM identity request message.\"}\nHTTP/1.1 400 Bad Request\nDate: Tue, 26 May 2026 09:52:14 GMT\nContent-Length: 96\nContent-Type: application/json; charset=utf-8\nX-Content-Type-Options: nosniff\nStrict-Transport-Security: max-age=31536000;includeSubDomains\nx-ms-request-id: ca65b8db-73b4-4624-90e4-8a2a5f0b3dfd\n\r\nMethode: POST(1797ms)\r\nPhase: SubmitDone\r\nUngültige Anforderung (400). 0x80190190 (-2145844848 HTTP_E_STATUS_BAD_REQUEST)\"",
          "version": "0",
          "systemTime": "2026-05-26T09:52:13.9683542Z",
          "eventRecordID": "29300",
          "threadID": "0",
          "computer": "KS_2026_001.arzw.local",
          "task": "0",
          "processID": "8108",
          "severityValue": "ERROR",
          "providerName": "Microsoft-Windows-CertificateServicesClient-CertEnroll"
        }
      }
    },
    "rule": {
      "firedtimes": 14,
      "mail": false,
      "level": 9,
      "description": "Windows application error event.",
      "groups": [
        "windows",
        "windows_application",
        "system_error"
      ],
      "id": "60602",
      "gdpr": [
        "IV_35.7.d"
      ],
      "gpg13": [
        "4.3"
      ]
    },
    "location": "EventChannel",
    "decoder": {
      "name": "windows_eventchannel"
    },
    "id": "1779789158.21017153",
    "timestamp": "2026-05-26T09:52:38.434+0000"
  },
  {
    "input": {
      "type": "log"
    },
    "agent": {
      "ip": "172.21.5.40",
      "name": "KS_2026_001",
      "id": "104"
    },
    "manager": {
      "name": "wazuh.manager"
    },
    "data": {
      "win": {
        "eventdata": {
          "messageText": "SubmitDone Submit(Request): Bad Request {\\\"Message\\\":\\\"No valid TPM EK/Platform certificate provided in the TPM identity request message.\\\"} HTTP/1.1 400 Bad Request Date: Tue, 26 May 2026 09:52:11 GMT Content-Length: 96 Content-Type: application/json; charset=utf-8 X-Content-Type-Options: nosniff Strict-Transport-Security: max-age=31536000;includeSubDomains x-ms-request-id: 74cc79e8-b5c3-408e-a79a-64da30103004",
          "method": "POST(1703ms)",
          "stage": "SubmitDone",
          "context": "Lokales System",
          "errorCode": "Ungültige Anforderung (400). 0x80190190 (-2145844848 HTTP_E_STATUS_BAD_REQUEST)",
          "url": "https://INTC-KeyId-ea950d987bcff0df9aac1feffb8ab4803fef2ca2.microsoftaik.azure.net/templates/Aik/scep"
        },
        "system": {
          "eventID": "87",
          "eventSourceName": "CertEnroll",
          "keywords": "0x80000000000000",
          "providerGuid": "{54164045-7C50-4905-963F-E5BC1EEF0CCA}",
          "level": "2",
          "channel": "Application",
          "opcode": "0",
          "message": "\"Fehler bei der SCEP-Zertifikatregistrierung für Lokales System über https://INTC-KeyId-ea950d987bcff0df9aac1feffb8ab4803fef2ca2.microsoftaik.azure.net/templates/Aik/scep:\r\n\r\nSubmitDone\nSubmit(Request): Bad Request\n{\"Message\":\"No valid TPM EK/Platform certificate provided in the TPM identity request message.\"}\nHTTP/1.1 400 Bad Request\nDate: Tue, 26 May 2026 09:52:11 GMT\nContent-Length: 96\nContent-Type: application/json; charset=utf-8\nX-Content-Type-Options: nosniff\nStrict-Transport-Security: max-age=31536000;includeSubDomains\nx-ms-request-id: 74cc79e8-b5c3-408e-a79a-64da30103004\n\r\nMethode: POST(1703ms)\r\nPhase: SubmitDone\r\nUngültige Anforderung (400). 0x80190190 (-2145844848 HTTP_E_STATUS_BAD_REQUEST)\"",
          "version": "0",
          "systemTime": "2026-05-26T09:52:12.0673679Z",
          "eventRecordID": "29299",
          "threadID": "0",
          "computer": "KS_2026_001.arzw.local",
          "task": "0",
          "processID": "8108",
          "severityValue": "ERROR",
          "providerName": "Microsoft-Windows-CertificateServicesClient-CertEnroll"
        }
      }
    },
    "rule": {
      "firedtimes": 13,
      "mail": false,
      "level": 9,
      "description": "Windows application error event.",
      "groups": [
        "windows",
        "windows_application",
        "system_error"
      ],
      "id": "60602",
      "gdpr": [
        "IV_35.7.d"
      ],
      "gpg13": [
        "4.3"
      ]
    },
    "location": "EventChannel",
    "decoder": {
      "name": "windows_eventchannel"
    },
    "id": "1779789158.21012921",
    "timestamp": "2026-05-26T09:52:38.418+0000"
  },
  {
    "input": {
      "type": "log"
    },
    "agent": {
      "ip": "172.21.5.40",
      "name": "KS_2026_001",
      "id": "104"
    },
    "manager": {
      "name": "wazuh.manager"
    },
    "data": {
      "win": {
        "eventdata": {
          "data": "Failed to GetUserSid. hr: 0x8001012d, APMon.dll"
        },
        "system": {
          "eventID": "1",
          "keywords": "0x80000000000000",
          "level": "2",
          "channel": "Application",
          "opcode": "0",
          "message": "\"Failed to GetUserSid. hr: 0x8001012d\"",
          "version": "0",
          "systemTime": "2026-05-26T09:52:06.0328827Z",
          "eventRecordID": "29296",
          "threadID": "0",
          "computer": "KS_2026_001.arzw.local",
          "task": "0",
          "processID": "4044",
          "severityValue": "ERROR",
          "providerName": "Universal Print"
        }
      }
    },
    "rule": {
      "firedtimes": 12,
      "mail": false,
      "level": 9,
      "description": "Windows application error event.",
      "groups": [
        "windows",
        "windows_application",
        "system_error"
      ],
      "id": "60602",
      "gdpr": [
        "IV_35.7.d"
      ],
      "gpg13": [
        "4.3"
      ]
    },
    "location": "EventChannel",
    "decoder": {
      "name": "windows_eventchannel"
    },
    "id": "1779789158.21011698",
    "timestamp": "2026-05-26T09:52:38.365+0000"
  },
  {
    "input": {
      "type": "log"
    },
    "agent": {
      "ip": "172.21.5.40",
      "name": "KS_2026_001",
      "id": "104"
    },
    "manager": {
      "name": "wazuh.manager"
    },
    "data": {
      "win": {
        "eventdata": {
          "data": "Failed to GetUserSid. hr: 0x8001012d, APMon.dll"
        },
        "system": {
          "eventID": "1",
          "keywords": "0x80000000000000",
          "level": "2",
          "channel": "Application",
          "opcode": "0",
          "message": "\"Failed to GetUserSid. hr: 0x8001012d\"",
          "version": "0",
          "systemTime": "2026-05-26T09:52:02.2755785Z",
          "eventRecordID": "29289",
          "threadID": "0",
          "computer": "KS_2026_001.arzw.local",
          "task": "0",
          "processID": "4044",
          "severityValue": "ERROR",
          "providerName": "Universal Print"
        }
      }
    },
    "rule": {
      "firedtimes": 11,
      "mail": false,
      "level": 9,
      "description": "Windows application error event.",
      "groups": [
        "windows",
        "windows_application",
        "system_error"
      ],
      "id": "60602",
      "gdpr": [
        "IV_35.7.d"
      ],
      "gpg13": [
        "4.3"
      ]
    },
    "location": "EventChannel",
    "decoder": {
      "name": "windows_eventchannel"
    },
    "id": "1779789158.21010475",
    "timestamp": "2026-05-26T09:52:38.179+0000"
  },
  {
    "input": {
      "type": "log"
    },
    "agent": {
      "ip": "172.21.5.40",
      "name": "KS_2026_001",
      "id": "104"
    },
    "manager": {
      "name": "wazuh.manager"
    },
    "data": {
      "win": {
        "eventdata": {
          "data": "Failed to GetUserSid. hr: 0x8001012d, APMon.dll"
        },
        "system": {
          "eventID": "1",
          "keywords": "0x80000000000000",
          "level": "2",
          "channel": "Application",
          "opcode": "0",
          "message": "\"Failed to GetUserSid. hr: 0x8001012d\"",
          "version": "0",
          "systemTime": "2026-05-26T09:52:02.2736537Z",
          "eventRecordID": "29287",
          "threadID": "0",
          "computer": "KS_2026_001.arzw.local",
          "task": "0",
          "processID": "4044",
          "severityValue": "ERROR",
          "providerName": "Universal Print"
        }
      }
    },
    "rule": {
      "firedtimes": 10,
      "mail": false,
      "level": 9,
      "description": "Windows application error event.",
      "groups": [
        "windows",
        "windows_application",
        "system_error"
      ],
      "id": "60602",
      "gdpr": [
        "IV_35.7.d"
      ],
      "gpg13": [
        "4.3"
      ]
    },
    "location": "EventChannel",
    "decoder": {
      "name": "windows_eventchannel"
    },
    "id": "1779789158.21009252",
    "timestamp": "2026-05-26T09:52:38.126+0000"
  },
  {
    "input": {
      "type": "log"
    },
    "agent": {
      "ip": "172.21.5.40",
      "name": "KS_2026_001",
      "id": "104"
    },
    "manager": {
      "name": "wazuh.manager"
    },
    "data": {
      "win": {
        "eventdata": {
          "data": "Failed to GetUserSid. hr: 0x8001012d, APMon.dll"
        },
        "system": {
          "eventID": "1",
          "keywords": "0x80000000000000",
          "level": "2",
          "channel": "Application",
          "opcode": "0",
          "message": "\"Failed to GetUserSid. hr: 0x8001012d\"",
          "version": "0",
          "systemTime": "2026-05-26T09:52:02.2715211Z",
          "eventRecordID": "29285",
          "threadID": "0",
          "computer": "KS_2026_001.arzw.local",
          "task": "0",
          "processID": "4044",
          "severityValue": "ERROR",
          "providerName": "Universal Print"
        }
      }
    },
    "rule": {
      "firedtimes": 9,
      "mail": false,
      "level": 9,
      "description": "Windows application error event.",
      "groups": [
        "windows",
        "windows_application",
        "system_error"
      ],
      "id": "60602",
      "gdpr": [
        "IV_35.7.d"
      ],
      "gpg13": [
        "4.3"
      ]
    },
    "location": "EventChannel",
    "decoder": {
      "name": "windows_eventchannel"
    },
    "id": "1779789158.21008029",
    "timestamp": "2026-05-26T09:52:38.068+0000"
  },
  {
    "input": {
      "type": "log"
    },
    "agent": {
      "ip": "172.21.5.40",
      "name": "KS_2026_001",
      "id": "104"
    },
    "previous_output": "{\"win\":{\"system\":{\"providerName\":\"Microsoft-Windows-CertificateServicesClient-CertEnroll\",\"providerGuid\":\"{54164045-7C50-4905-963F-E5BC1EEF0CCA}\",\"eventSourceName\":\"CertEnroll\",\"eventID\":\"87\",\"version\":\"0\",\"level\":\"2\",\"task\":\"0\",\"opcode\":\"0\",\"keywords\":\"0x80000000000000\",\"systemTime\":\"2026-05-26T09:50:22.2715826Z\",\"eventRecordID\":\"29216\",\"processID\":\"5260\",\"threadID\":\"0\",\"channel\":\"Application\",\"computer\":\"KS_2026_001.arzw.local\",\"severityValue\":\"ERROR\",\"message\":\"\\\"Fehler bei der SCEP-Zertifikatregistrierung für ARZW\\\\KS_2026_001$ über https://INTC-KeyId-ea950d987bcff0df9aac1feffb8ab4803fef2ca2.microsoftaik.azure.net/templates/Aik/scep:\\r\\n\\r\\nSubmitDone\\nSubmit(Request): Bad Request\\n{\\\"Message\\\":\\\"No valid TPM EK/Platform certificate provided in the TPM identity request message.\\\"}\\nHTTP/1.1 400 Bad Request\\nDate: Tue, 26 May 2026 09:50:21 GMT\\nContent-Length: 96\\nContent-Type: application/json; charset=utf-8\\nX-Content-Type-Options: nosniff\\nStrict-Transport-Security: max-age=31536000;includeSubDomains\\nx-ms-request-id: d72e182d-6ba8-4c3e-bd34-72ef70b3196d\\n\\r\\nMethode: POST(1547ms)\\r\\nPhase: SubmitDone\\r\\nUngültige Anforderung (400). 0x80190190 (-2145844848 HTTP_E_STATUS_BAD_REQUEST)\\\"\"},\"eventdata\":{\"context\":\"ARZW\\\\\\\\KS_2026_001$\",\"url\":\"https://INTC-KeyId-ea950d987bcff0df9aac1feffb8ab4803fef2ca2.microsoftaik.azure.net/templates/Aik/scep\",\"messageText\":\"SubmitDone Submit(Request): Bad Request {\\\\\\\"Message\\\\\\\":\\\\\\\"No valid TPM EK/Platform certificate provided in the TPM identity request message.\\\\\\\"} HTTP/1.1 400 Bad Request Date: Tue, 26 May 2026 09:50:21 GMT Content-Length: 96 Content-Type: application/json; charset=utf-8 X-Content-Type-Options: nosniff Strict-Transport-Security: max-age=31536000;includeSubDomains x-ms-request-id: d72e182d-6ba8-4c3e-bd34-72ef70b3196d\",\"method\":\"POST(1547ms)\",\"stage\":\"SubmitDone\",\"errorCode\":\"Ungültige Anforderung (400). 0x80190190 (-2145844848 HTTP_E_STATUS_BAD_REQUEST)\"}}}\n{\"win\":{\"system\":{\"providerName\":\"Microsoft-Windows-CertificateServicesClient-CertEnroll\",\"providerGuid\":\"{54164045-7C50-4905-963F-E5BC1EEF0CCA}\",\"eventSourceName\":\"CertEnroll\",\"eventID\":\"87\",\"version\":\"0\",\"level\":\"2\",\"task\":\"0\",\"opcode\":\"0\",\"keywords\":\"0x80000000000000\",\"systemTime\":\"2026-05-26T09:50:20.6565668Z\",\"eventRecordID\":\"29215\",\"processID\":\"5260\",\"threadID\":\"0\",\"channel\":\"Application\",\"computer\":\"KS_2026_001.arzw.local\",\"severityValue\":\"ERROR\",\"message\":\"\\\"Fehler bei der SCEP-Zertifikatregistrierung für Lokales System über https://INTC-KeyId-ea950d987bcff0df9aac1feffb8ab4803fef2ca2.microsoftaik.azure.net/templates/Aik/scep:\\r\\n\\r\\nSubmitDone\\nSubmit(Request): Bad Request\\n{\\\"Message\\\":\\\"No valid TPM EK/Platform certificate provided in the TPM identity request message.\\\"}\\nHTTP/1.1 400 Bad Request\\nDate: Tue, 26 May 2026 09:50:20 GMT\\nContent-Length: 96\\nContent-Type: application/json; charset=utf-8\\nX-Content-Type-Options: nosniff\\nStrict-Transport-Security: max-age=31536000;includeSubDomains\\nx-ms-request-id: 88c7a5ad-1980-447c-b59f-bee08bb85217\\n\\r\\nMethode: POST(1188ms)\\r\\nPhase: SubmitDone\\r\\nUngültige Anforderung (400). 0x80190190 (-2145844848 HTTP_E_STATUS_BAD_REQUEST)\\\"\"},\"eventdata\":{\"context\":\"Lokales System\",\"url\":\"https://INTC-KeyId-ea950d987bcff0df9aac1feffb8ab4803fef2ca2.microsoftaik.azure.net/templates/Aik/scep\",\"messageText\":\"SubmitDone Submit(Request): Bad Request {\\\\\\\"Message\\\\\\\":\\\\\\\"No valid TPM EK/Platform certificate provided in the TPM identity request message.\\\\\\\"} HTTP/1.1 400 Bad Request Date: Tue, 26 May 2026 09:50:20 GMT Content-Length: 96 Content-Type: application/json; charset=utf-8 X-Content-Type-Options: nosniff Strict-Transport-Security: max-age=31536000;includeSubDomains x-ms-request-id: 88c7a5ad-1980-447c-b59f-bee08bb85217\",\"method\":\"POST(1188ms)\",\"stage\":\"SubmitDone\",\"errorCode\":\"Ungültige Anforderung (400). 0x80190190 (-2145844848 HTTP_E_STATUS_BAD_REQUEST)\"}}}\n{\"win\":{\"system\":{\"providerName\":\"Universal Print\",\"eventID\":\"1\",\"version\":\"0\",\"level\":\"2\",\"task\":\"0\",\"opcode\":\"0\",\"keywords\":\"0x80000000000000\",\"systemTime\":\"2026-05-26T09:50:18.4220807Z\",\"eventRecordID\":\"29213\",\"processID\":\"3996\",\"threadID\":\"0\",\"channel\":\"Application\",\"computer\":\"KS_2026_001.arzw.local\",\"severityValue\":\"ERROR\",\"message\":\"\\\"Failed to GetUserSid. hr: 0x8001012d\\\"\"},\"eventdata\":{\"data\":\"Failed to GetUserSid. hr: 0x8001012d, APMon.dll\"}}}\n{\"win\":{\"system\":{\"providerName\":\"Universal Print\",\"eventID\":\"1\",\"version\":\"0\",\"level\":\"2\",\"task\":\"0\",\"opcode\":\"0\",\"keywords\":\"0x80000000000000\",\"systemTime\":\"2026-05-26T09:50:13.7068146Z\",\"eventRecordID\":\"29206\",\"processID\":\"3996\",\"threadID\":\"0\",\"channel\":\"Application\",\"computer\":\"KS_2026_001.arzw.local\",\"severityValue\":\"ERROR\",\"message\":\"\\\"Failed to GetUserSid. hr: 0x8001012d\\\"\"},\"eventdata\":{\"data\":\"Failed to GetUserSid. hr: 0x8001012d, APMon.dll\"}}}\n{\"win\":{\"system\":{\"providerName\":\"Universal Print\",\"eventID\":\"1\",\"version\":\"0\",\"level\":\"2\",\"task\":\"0\",\"opcode\":\"0\",\"keywords\":\"0x80000000000000\",\"systemTime\":\"2026-05-26T09:50:13.7047982Z\",\"eventRecordID\":\"29204\",\"processID\":\"3996\",\"threadID\":\"0\",\"channel\":\"Application\",\"computer\":\"KS_2026_001.arzw.local\",\"severityValue\":\"ERROR\",\"message\":\"\\\"Failed to GetUserSid. hr: 0x8001012d\\\"\"},\"eventdata\":{\"data\":\"Failed to GetUserSid. hr: 0x8001012d, APMon.dll\"}}}\n{\"win\":{\"system\":{\"providerName\":\"Universal Print\",\"eventID\":\"1\",\"version\":\"0\",\"level\":\"2\",\"task\":\"0\",\"opcode\":\"0\",\"keywords\":\"0x80000000000000\",\"systemTime\":\"2026-05-26T09:50:13.7019550Z\",\"eventRecordID\":\"29202\",\"processID\":\"3996\",\"threadID\":\"0\",\"channel\":\"Application\",\"computer\":\"KS_2026_001.arzw.local\",\"severityValue\":\"ERROR\",\"message\":\"\\\"Failed to GetUserSid. hr: 0x8001012d\\\"\"},\"eventdata\":{\"data\":\"Failed to GetUserSid. hr: 0x8001012d, APMon.dll\"}}}\n{\"win\":{\"system\":{\"providerName\":\"Universal Print\",\"eventID\":\"1\",\"version\":\"0\",\"level\":\"2\",\"task\":\"0\",\"opcode\":\"0\",\"keywords\":\"0x80000000000000\",\"systemTime\":\"2026-05-26T09:50:13.6994268Z\",\"eventRecordID\":\"29200\",\"processID\":\"3996\",\"threadID\":\"0\",\"channel\":\"Application\",\"computer\":\"KS_2026_001.arzw.local\",\"severityValue\":\"ERROR\",\"message\":\"\\\"Failed to GetUserSid. hr: 0x8001012d\\\"\"},\"eventdata\":{\"data\":\"Failed to GetUserSid. hr: 0x8001012d, APMon.dll\"}}}",
