  {
    "input": {
      "type": "log"
    },
    "agent": {
      "ip": "172.21.5.96",
      "name": "vm-miniservices",
      "id": "113"
    },
    "manager": {
      "name": "wazuh.manager"
    },
    "data": {
      "win": {
        "eventdata": {
          "subjectLogonId": "0x3e7",
          "parentProcessName": "C:\\\\Windows\\\\System32\\\\services.exe",
          "subjectDomainName": "ARZW",
          "tokenElevationType": "%%1936",
          "newProcessId": "0xe14",
          "mandatoryLabel": "S-1-16-16384",
          "newProcessName": "C:\\\\Windows\\\\System32\\\\wbem\\\\WmiApSrv.exe",
          "targetLogonId": "0x0",
          "subjectUserSid": "S-1-5-18",
          "processId": "0x3f0",
          "commandLine": "C:\\\\WINDOWS\\\\system32\\\\wbem\\\\WmiApSrv.exe",
          "targetUserSid": "S-1-0-0",
          "subjectUserName": "VM-MINISERVICES$"
        },
        "system": {
          "eventID": "4688",
          "keywords": "0x8020000000000000",
          "providerGuid": "{54849625-5478-4994-a5ba-3e3b0328c30d}",
          "level": "0",
          "channel": "Security",
          "opcode": "0",
          "message": "\"A new process has been created.\r\n\r\nCreator Subject:\r\n\tSecurity ID:\t\tS-1-5-18\r\n\tAccount Name:\t\tVM-MINISERVICES$\r\n\tAccount Domain:\t\tARZW\r\n\tLogon ID:\t\t0x3E7\r\n\r\nTarget Subject:\r\n\tSecurity ID:\t\tS-1-0-0\r\n\tAccount Name:\t\t-\r\n\tAccount Domain:\t\t-\r\n\tLogon ID:\t\t0x0\r\n\r\nProcess Information:\r\n\tNew Process ID:\t\t0xe14\r\n\tNew Process Name:\tC:\\Windows\\System32\\wbem\\WmiApSrv.exe\r\n\tToken Elevation Type:\tTokenElevationTypeDefault (1)\r\n\tMandatory Label:\t\tS-1-16-16384\r\n\tCreator Process ID:\t0x3f0\r\n\tCreator Process Name:\tC:\\Windows\\System32\\services.exe\r\n\tProcess Command Line:\tC:\\WINDOWS\\system32\\wbem\\WmiApSrv.exe\r\n\r\nToken Elevation Type indicates the type of token that was assigned to the new process in accordance with User Account Control policy.\r\n\r\nType 1 is a full token with no privileges removed or groups disabled.  A full token is only used if User Account Control is disabled or if the user is the built-in Administrator account or a service account.\r\n\r\nType 2 is an elevated token with no privileges removed or groups disabled.  An elevated token is used when User Account Control is enabled and the user chooses to start the program using Run as administrator.  An elevated token is also used when an application is configured to always require administrative privilege or to always require maximum privilege, and the user is a member of the Administrators group.\r\n\r\nType 3 is a limited token with administrative privileges removed and administrative groups disabled.  The limited token is used when User Account Control is enabled, the application does not require administrative privilege, and the user does not choose to start the program using Run as administrator.\"",
          "version": "2",
          "systemTime": "2026-05-26T09:24:18.9004746Z",
          "eventRecordID": "975317",
          "threadID": "13272",
          "computer": "vm-miniservices.arzw.local",
          "task": "13312",
          "processID": "4",
          "severityValue": "AUDIT_SUCCESS",
          "providerName": "Microsoft-Windows-Security-Auditing"
        }
      }
    },
    "rule": {
      "firedtimes": 23,
      "mail": false,
      "level": 3,
      "description": "A process was created.",
      "groups": [
        "windows",
        " WEF"
      ],
      "id": "67027"
    },
    "location": "EventChannel",
    "decoder": {
      "name": "windows_eventchannel"
    },
    "id": "1779787459.20378004",
    "timestamp": "2026-05-26T09:24:19.924+0000"
  },
  {
    "input": {
      "type": "log"
    },
    "agent": {
      "ip": "172.21.5.96",
      "name": "vm-miniservices",
      "id": "113"
    },
    "manager": {
      "name": "wazuh.manager"
    },
    "data": {
      "win": {
        "eventdata": {
          "subjectLogonId": "0x3e7",
          "parentProcessName": "C:\\\\Windows\\\\System32\\\\services.exe",
          "subjectDomainName": "ARZW",
          "tokenElevationType": "%%1936",
          "newProcessId": "0x35a0",
          "mandatoryLabel": "S-1-16-16384",
          "newProcessName": "C:\\\\Windows\\\\System32\\\\svchost.exe",
          "targetLogonId": "0x0",
          "subjectUserSid": "S-1-5-18",
          "processId": "0x3f0",
          "commandLine": "C:\\\\WINDOWS\\\\System32\\\\svchost.exe -k netsvcs -p -s BITS",
          "targetUserSid": "S-1-0-0",
          "subjectUserName": "VM-MINISERVICES$"
        },
        "system": {
          "eventID": "4688",
          "keywords": "0x8020000000000000",
          "providerGuid": "{54849625-5478-4994-a5ba-3e3b0328c30d}",
          "level": "0",
          "channel": "Security",
          "opcode": "0",
          "message": "\"A new process has been created.\r\n\r\nCreator Subject:\r\n\tSecurity ID:\t\tS-1-5-18\r\n\tAccount Name:\t\tVM-MINISERVICES$\r\n\tAccount Domain:\t\tARZW\r\n\tLogon ID:\t\t0x3E7\r\n\r\nTarget Subject:\r\n\tSecurity ID:\t\tS-1-0-0\r\n\tAccount Name:\t\t-\r\n\tAccount Domain:\t\t-\r\n\tLogon ID:\t\t0x0\r\n\r\nProcess Information:\r\n\tNew Process ID:\t\t0x35a0\r\n\tNew Process Name:\tC:\\Windows\\System32\\svchost.exe\r\n\tToken Elevation Type:\tTokenElevationTypeDefault (1)\r\n\tMandatory Label:\t\tS-1-16-16384\r\n\tCreator Process ID:\t0x3f0\r\n\tCreator Process Name:\tC:\\Windows\\System32\\services.exe\r\n\tProcess Command Line:\tC:\\WINDOWS\\System32\\svchost.exe -k netsvcs -p -s BITS\r\n\r\nToken Elevation Type indicates the type of token that was assigned to the new process in accordance with User Account Control policy.\r\n\r\nType 1 is a full token with no privileges removed or groups disabled.  A full token is only used if User Account Control is disabled or if the user is the built-in Administrator account or a service account.\r\n\r\nType 2 is an elevated token with no privileges removed or groups disabled.  An elevated token is used when User Account Control is enabled and the user chooses to start the program using Run as administrator.  An elevated token is also used when an application is configured to always require administrative privilege or to always require maximum privilege, and the user is a member of the Administrators group.\r\n\r\nType 3 is a limited token with administrative privileges removed and administrative groups disabled.  The limited token is used when User Account Control is enabled, the application does not require administrative privilege, and the user does not choose to start the program using Run as administrator.\"",
          "version": "2",
          "systemTime": "2026-05-26T09:24:14.6917610Z",
          "eventRecordID": "975312",
          "threadID": "13272",
          "computer": "vm-miniservices.arzw.local",
          "task": "13312",
          "processID": "4",
          "severityValue": "AUDIT_SUCCESS",
          "providerName": "Microsoft-Windows-Security-Auditing"
        }
      }
    },
    "rule": {
      "firedtimes": 22,
      "mail": false,
      "level": 3,
      "description": "A process was created.",
      "groups": [
        "windows",
        " WEF"
      ],
      "id": "67027"
    },
    "location": "EventChannel",
    "decoder": {
      "name": "windows_eventchannel"
    },
    "id": "1779787455.20372310",
    "timestamp": "2026-05-26T09:24:15.740+0000"
  },
  {
    "input": {
      "type": "log"
    },
    "agent": {
      "ip": "172.21.5.96",
      "name": "vm-miniservices",
      "id": "113"
    },
    "manager": {
      "name": "wazuh.manager"
    },
    "data": {
      "win": {
        "eventdata": {
          "param3": "auto start",
          "param4": "BITS",
          "param1": "Background Intelligent Transfer Service",
          "param2": "demand start"
        },
        "system": {
          "eventID": "7040",
          "eventSourceName": "Service Control Manager",
          "keywords": "0x8080000000000000",
          "providerGuid": "{555908d1-a6d7-4695-8e1e-26931d2012f4}",
          "level": "4",
          "channel": "System",
          "opcode": "0",
          "message": "\"The start type of the Background Intelligent Transfer Service service was changed from demand start to auto start.\"",
          "version": "0",
          "systemTime": "2026-05-26T09:24:14.7181301Z",
          "eventRecordID": "79145",
          "threadID": "13928",
          "computer": "vm-miniservices.arzw.local",
          "task": "0",
          "processID": "1008",
          "severityValue": "INFORMATION",
          "providerName": "Service Control Manager"
        }
      }
    },
    "rule": {
      "firedtimes": 8,
      "mail": false,
      "level": 3,
      "pci_dss": [
        "10.6"
      ],
      "hipaa": [
        "164.312.b"
      ],
      "tsc": [
        "CC6.1",
        "CC6.8",
        "CC7.2",
        "CC7.3"
      ],
      "description": "Service startup type was changed",
      "groups": [
        "windows",
        "windows_system",
        "policy_changed"
      ],
      "id": "61104",
      "nist_800_53": [
        "AU.6"
      ],
      "info": "This does not appear to be logged on Windows 2000",
      "gdpr": [
        "IV_35.7.d"
      ]
    },
    "location": "EventChannel",
    "decoder": {
      "name": "windows_eventchannel"
    },
    "id": "1779787455.20370449",
    "timestamp": "2026-05-26T09:24:15.740+0000"
  },
  {
    "input": {
      "type": "log"
    },
    "agent": {
      "ip": "10.0.139.214",
      "name": "SW-Norman",
      "id": "085"
    },
    "manager": {
      "name": "wazuh.manager"
    },
    "data": {
      "win": {
        "eventdata": {
          "data": "2126-05-02T09:23:58Z, RulesEngine"
        },
        "system": {
          "eventID": "16384",
          "eventSourceName": "Software Protection Platform Service",
          "keywords": "0x80000000000000",
          "providerGuid": "{E23B33B0-C8C9-472C-A5F9-F2BDFEA0F156}",
          "level": "4",
          "channel": "Application",
          "opcode": "0",
          "message": "\"Der Softwareschutzdienst wurde erfolgreich für den erneuten Start bei 2126-05-02T09:23:58Z geplant. Grund: RulesEngine.\"",
          "version": "0",
          "systemTime": "2026-05-26T09:23:58.1977666Z",
          "eventRecordID": "172764",
          "threadID": "0",
          "computer": "SW-Norman.arzw.local",
          "task": "0",
          "processID": "26428",
          "severityValue": "INFORMATION",
          "providerName": "Microsoft-Windows-Security-SPP"
        }
      }
    },
    "rule": {
      "firedtimes": 63,
      "mail": false,
      "level": 3,
      "description": "Software protection service scheduled successfully.",
      "groups": [
        "windows",
        "windows_application"
      ],
      "id": "60642"
    },
    "location": "EventChannel",
    "decoder": {
      "name": "windows_eventchannel"
    },
    "id": "1779787438.20368815",
    "timestamp": "2026-05-26T09:23:58.232+0000"
  },
  {
    "input": {
      "type": "log"
    },
    "agent": {
      "ip": "172.21.5.10",
      "name": "KS_06_002",
      "id": "025"
    },
    "manager": {
      "name": "wazuh.manager"
    },
    "data": {
      "win": {
        "eventdata": {
          "data": "2126-05-02T09:23:48Z, RulesEngine"
        },
        "system": {
          "eventID": "16384",
          "eventSourceName": "Software Protection Platform Service",
          "keywords": "0x80000000000000",
          "providerGuid": "{E23B33B0-C8C9-472C-A5F9-F2BDFEA0F156}",
          "level": "4",
          "channel": "Application",
          "opcode": "0",
          "message": "\"Der Softwareschutzdienst wurde erfolgreich für den erneuten Start bei 2126-05-02T09:23:48Z geplant. Grund: RulesEngine.\"",
          "version": "0",
          "systemTime": "2026-05-26T09:23:48.0595046Z",
          "eventRecordID": "258885",
          "threadID": "0",
          "computer": "KS_06_002.arzw.local",
          "task": "0",
          "processID": "0",
          "severityValue": "INFORMATION",
          "providerName": "Microsoft-Windows-Security-SPP"
        }
      }
    },
    "rule": {
      "firedtimes": 62,
      "mail": false,
      "level": 3,
      "description": "Software protection service scheduled successfully.",
      "groups": [
        "windows",
        "windows_application"
      ],
      "id": "60642"
    },
    "location": "EventChannel",
    "decoder": {
      "name": "windows_eventchannel"
    },
    "id": "1779787428.20367189",
    "timestamp": "2026-05-26T09:23:48.164+0000"
  },
  {
    "input": {
      "type": "log"
    },
    "agent": {
      "ip": "172.21.4.243",
      "name": "Nicole_RZ",
      "id": "079"
    },
    "manager": {
      "name": "wazuh.manager"
    },
    "data": {
      "win": {
        "eventdata": {
          "binary": "4C0069006200720065004F00660066006900630065004D00610069006E00740065006E0061006E00630065000000",
          "param1": "LibreOffice Maintenance Service",
          "param2": "%%2"
        },
        "system": {
          "eventID": "7000",
          "eventSourceName": "Service Control Manager",
          "keywords": "0x8080000000000000",
          "providerGuid": "{555908d1-a6d7-4695-8e1e-26931d2012f4}",
          "level": "2",
          "channel": "System",
          "opcode": "0",
          "message": "\"Der Dienst \"LibreOffice Maintenance Service\" wurde aufgrund folgenden Fehlers nicht gestartet: \r\nDas System kann die angegebene Datei nicht finden.\"",
          "version": "0",
          "systemTime": "2026-05-26T09:23:41.7119579Z",
          "eventRecordID": "23102",
          "threadID": "4248",
          "computer": "Nicole_RZ.arzw.local",
          "task": "0",
          "processID": "628",
          "severityValue": "ERROR",
          "providerName": "Service Control Manager"
        }
      }
    },
    "rule": {
      "firedtimes": 44,
      "mail": false,
      "level": 5,
      "description": "Windows System error event",
      "groups": [
        "windows",
        "windows_system",
        "system_error"
      ],
      "id": "61102",
      "gpg13": [
        "4.3"
      ],
      "gdpr": [
        "IV_35.7.d"
      ]
    },
    "location": "EventChannel",
    "decoder": {
      "name": "windows_eventchannel"
    },
    "id": "1779787422.20365289",
    "timestamp": "2026-05-26T09:23:42.457+0000"
  },
  {
    "input": {
      "type": "log"
    },
    "agent": {
      "ip": "172.21.4.243",
      "name": "Nicole_RZ",
      "id": "079"
    },
    "manager": {
      "name": "wazuh.manager"
    },
    "data": {
      "win": {
        "eventdata": {
          "binary": "4C0069006200720065004F00660066006900630065004D00610069006E00740065006E0061006E00630065000000",
          "param1": "LibreOffice Maintenance Service",
          "param2": "%%2"
        },
        "system": {
          "eventID": "7000",
          "eventSourceName": "Service Control Manager",
          "keywords": "0x8080000000000000",
          "providerGuid": "{555908d1-a6d7-4695-8e1e-26931d2012f4}",
          "level": "2",
          "channel": "System",
          "opcode": "0",
          "message": "\"Der Dienst \"LibreOffice Maintenance Service\" wurde aufgrund folgenden Fehlers nicht gestartet: \r\nDas System kann die angegebene Datei nicht finden.\"",
          "version": "0",
          "systemTime": "2026-05-26T09:23:41.6031390Z",
          "eventRecordID": "23101",
          "threadID": "4248",
          "computer": "Nicole_RZ.arzw.local",
          "task": "0",
          "processID": "628",
          "severityValue": "ERROR",
          "providerName": "Service Control Manager"
        }
      }
    },
    "rule": {
      "firedtimes": 43,
      "mail": false,
      "level": 5,
      "description": "Windows System error event",
      "groups": [
        "windows",
        "windows_system",
        "system_error"
      ],
      "id": "61102",
      "gpg13": [
        "4.3"
      ],
      "gdpr": [
        "IV_35.7.d"
      ]
    },
    "location": "EventChannel",
    "decoder": {
      "name": "windows_eventchannel"
    },
    "id": "1779787422.20363389",
    "timestamp": "2026-05-26T09:23:42.441+0000"
  },
  {
    "input": {
      "type": "log"
    },
    "agent": {
      "ip": "172.21.4.243",
      "name": "Nicole_RZ",
      "id": "079"
    },
    "previous_output": "{\"win\":{\"system\":{\"providerName\":\"Service Control Manager\",\"providerGuid\":\"{555908d1-a6d7-4695-8e1e-26931d2012f4}\",\"eventSourceName\":\"Service Control Manager\",\"eventID\":\"7000\",\"version\":\"0\",\"level\":\"2\",\"task\":\"0\",\"opcode\":\"0\",\"keywords\":\"0x8080000000000000\",\"systemTime\":\"2026-05-26T09:23:41.3771489Z\",\"eventRecordID\":\"23099\",\"processID\":\"628\",\"threadID\":\"380\",\"channel\":\"System\",\"computer\":\"Nicole_RZ.arzw.local\",\"severityValue\":\"ERROR\",\"message\":\"\\\"Der Dienst \\\"LibreOffice Maintenance Service\\\" wurde aufgrund folgenden Fehlers nicht gestartet: \\r\\nDas System kann die angegebene Datei nicht finden.\\\"\"},\"eventdata\":{\"param1\":\"LibreOffice Maintenance Service\",\"param2\":\"%%2\",\"binary\":\"4C0069006200720065004F00660066006900630065004D00610069006E00740065006E0061006E00630065000000\"}}}\n{\"win\":{\"system\":{\"providerName\":\"Service Control Manager\",\"providerGuid\":\"{555908d1-a6d7-4695-8e1e-26931d2012f4}\",\"eventSourceName\":\"Service Control Manager\",\"eventID\":\"7000\",\"version\":\"0\",\"level\":\"2\",\"task\":\"0\",\"opcode\":\"0\",\"keywords\":\"0x8080000000000000\",\"systemTime\":\"2026-05-26T09:23:41.2657495Z\",\"eventRecordID\":\"23098\",\"processID\":\"628\",\"threadID\":\"380\",\"channel\":\"System\",\"computer\":\"Nicole_RZ.arzw.local\",\"severityValue\":\"ERROR\",\"message\":\"\\\"Der Dienst \\\"LibreOffice Maintenance Service\\\" wurde aufgrund folgenden Fehlers nicht gestartet: \\r\\nDas System kann die angegebene Datei nicht finden.\\\"\"},\"eventdata\":{\"param1\":\"LibreOffice Maintenance Service\",\"param2\":\"%%2\",\"binary\":\"4C0069006200720065004F00660066006900630065004D00610069006E00740065006E0061006E00630065000000\"}}}\n{\"win\":{\"system\":{\"providerName\":\"Service Control Manager\",\"providerGuid\":\"{555908d1-a6d7-4695-8e1e-26931d2012f4}\",\"eventSourceName\":\"Service Control Manager\",\"eventID\":\"7000\",\"version\":\"0\",\"level\":\"2\",\"task\":\"0\",\"opcode\":\"0\",\"keywords\":\"0x8080000000000000\",\"systemTime\":\"2026-05-26T09:23:41.1549043Z\",\"eventRecordID\":\"23097\",\"processID\":\"628\",\"threadID\":\"380\",\"channel\":\"System\",\"computer\":\"Nicole_RZ.arzw.local\",\"severityValue\":\"ERROR\",\"message\":\"\\\"Der Dienst \\\"LibreOffice Maintenance Service\\\" wurde aufgrund folgenden Fehlers nicht gestartet: \\r\\nDas System kann die angegebene Datei nicht finden.\\\"\"},\"eventdata\":{\"param1\":\"LibreOffice Maintenance Service\",\"param2\":\"%%2\",\"binary\":\"4C0069006200720065004F00660066006900630065004D00610069006E00740065006E0061006E00630065000000\"}}}\n{\"win\":{\"system\":{\"providerName\":\"Service Control Manager\",\"providerGuid\":\"{555908d1-a6d7-4695-8e1e-26931d2012f4}\",\"eventSourceName\":\"Service Control Manager\",\"eventID\":\"7000\",\"version\":\"0\",\"level\":\"2\",\"task\":\"0\",\"opcode\":\"0\",\"keywords\":\"0x8080000000000000\",\"systemTime\":\"2026-05-26T09:23:41.0451681Z\",\"eventRecordID\":\"23096\",\"processID\":\"628\",\"threadID\":\"380\",\"channel\":\"System\",\"computer\":\"Nicole_RZ.arzw.local\",\"severityValue\":\"ERROR\",\"message\":\"\\\"Der Dienst \\\"LibreOffice Maintenance Service\\\" wurde aufgrund folgenden Fehlers nicht gestartet: \\r\\nDas System kann die angegebene Datei nicht finden.\\\"\"},\"eventdata\":{\"param1\":\"LibreOffice Maintenance Service\",\"param2\":\"%%2\",\"binary\":\"4C0069006200720065004F00660066006900630065004D00610069006E00740065006E0061006E00630065000000\"}}}\n{\"win\":{\"system\":{\"providerName\":\"Service Control Manager\",\"providerGuid\":\"{555908d1-a6d7-4695-8e1e-26931d2012f4}\",\"eventSourceName\":\"Service Control Manager\",\"eventID\":\"7000\",\"version\":\"0\",\"level\":\"2\",\"task\":\"0\",\"opcode\":\"0\",\"keywords\":\"0x8080000000000000\",\"systemTime\":\"2026-05-26T09:23:40.9311924Z\",\"eventRecordID\":\"23095\",\"processID\":\"628\",\"threadID\":\"380\",\"channel\":\"System\",\"computer\":\"Nicole_RZ.arzw.local\",\"severityValue\":\"ERROR\",\"message\":\"\\\"Der Dienst \\\"LibreOffice Maintenance Service\\\" wurde aufgrund folgenden Fehlers nicht gestartet: \\r\\nDas System kann die angegebene Datei nicht finden.\\\"\"},\"eventdata\":{\"param1\":\"LibreOffice Maintenance Service\",\"param2\":\"%%2\",\"binary\":\"4C0069006200720065004F00660066006900630065004D00610069006E00740065006E0061006E00630065000000\"}}}\n{\"win\":{\"system\":{\"providerName\":\"Service Control Manager\",\"providerGuid\":\"{555908d1-a6d7-4695-8e1e-26931d2012f4}\",\"eventSourceName\":\"Service Control Manager\",\"eventID\":\"7000\",\"version\":\"0\",\"level\":\"2\",\"task\":\"0\",\"opcode\":\"0\",\"keywords\":\"0x8080000000000000\",\"systemTime\":\"2026-05-26T09:23:40.8200629Z\",\"eventRecordID\":\"23094\",\"processID\":\"628\",\"threadID\":\"380\",\"channel\":\"System\",\"computer\":\"Nicole_RZ.arzw.local\",\"severityValue\":\"ERROR\",\"message\":\"\\\"Der Dienst \\\"LibreOffice Maintenance Service\\\" wurde aufgrund folgenden Fehlers nicht gestartet: \\r\\nDas System kann die angegebene Datei nicht finden.\\\"\"},\"eventdata\":{\"param1\":\"LibreOffice Maintenance Service\",\"param2\":\"%%2\",\"binary\":\"4C0069006200720065004F00660066006900630065004D00610069006E00740065006E0061006E00630065000000\"}}}\n{\"win\":{\"system\":{\"providerName\":\"Service Control Manager\",\"providerGuid\":\"{555908d1-a6d7-4695-8e1e-26931d2012f4}\",\"eventSourceName\":\"Service Control Manager\",\"eventID\":\"7000\",\"version\":\"0\",\"level\":\"2\",\"task\":\"0\",\"opcode\":\"0\",\"keywords\":\"0x8080000000000000\",\"systemTime\":\"2026-05-26T09:23:40.7082495Z\",\"eventRecordID\":\"23093\",\"processID\":\"628\",\"threadID\":\"380\",\"channel\":\"System\",\"computer\":\"Nicole_RZ.arzw.local\",\"severityValue\":\"ERROR\",\"message\":\"\\\"Der Dienst \\\"LibreOffice Maintenance Service\\\" wurde aufgrund folgenden Fehlers nicht gestartet: \\r\\nDas System kann die angegebene Datei nicht finden.\\\"\"},\"eventdata\":{\"param1\":\"LibreOffice Maintenance Service\",\"param2\":\"%%2\",\"binary\":\"4C0069006200720065004F00660066006900630065004D00610069006E00740065006E0061006E00630065000000\"}}}",
    "manager": {
      "name": "wazuh.manager"
    },
    "data": {
      "win": {
        "eventdata": {
          "binary": "4C0069006200720065004F00660066006900630065004D00610069006E00740065006E0061006E00630065000000",
          "param1": "LibreOffice Maintenance Service",
          "param2": "%%2"
        },
        "system": {
          "eventID": "7000",
          "eventSourceName": "Service Control Manager",
          "keywords": "0x8080000000000000",
          "providerGuid": "{555908d1-a6d7-4695-8e1e-26931d2012f4}",
          "level": "2",
          "channel": "System",
          "opcode": "0",
          "message": "\"Der Dienst \"LibreOffice Maintenance Service\" wurde aufgrund folgenden Fehlers nicht gestartet: \r\nDas System kann die angegebene Datei nicht finden.\"",
          "version": "0",
          "systemTime": "2026-05-26T09:23:41.4894112Z",
          "eventRecordID": "23100",
          "threadID": "4248",
          "computer": "Nicole_RZ.arzw.local",
          "task": "0",
          "processID": "628",
          "severityValue": "ERROR",
          "providerName": "Service Control Manager"
        }
      }
    },
    "rule": {
      "firedtimes": 6,
      "mail": false,
      "level": 10,
      "description": "Multiple System error events",
      "groups": [
        "windows",
        "windows_system"
      ],
      "id": "61110",
      "frequency": 8
    },
    "location": "EventChannel",
    "decoder": {
      "name": "windows_eventchannel"
    },
    "id": "1779787422.20356029",
    "timestamp": "2026-05-26T09:23:42.431+0000"
  },
  {
    "input": {
      "type": "log"
    },
    "agent": {
      "ip": "172.21.4.243",
      "name": "Nicole_RZ",
      "id": "079"
    },
    "manager": {
      "name": "wazuh.manager"
    },
    "data": {
      "win": {
        "eventdata": {
          "binary": "4C0069006200720065004F00660066006900630065004D00610069006E00740065006E0061006E00630065000000",
          "param1": "LibreOffice Maintenance Service",
          "param2": "%%2"
        },
        "system": {
          "eventID": "7000",
          "eventSourceName": "Service Control Manager",
          "keywords": "0x8080000000000000",
          "providerGuid": "{555908d1-a6d7-4695-8e1e-26931d2012f4}",
          "level": "2",
          "channel": "System",
          "opcode": "0",
          "message": "\"Der Dienst \"LibreOffice Maintenance Service\" wurde aufgrund folgenden Fehlers nicht gestartet: \r\nDas System kann die angegebene Datei nicht finden.\"",
          "version": "0",
          "systemTime": "2026-05-26T09:23:41.3771489Z",
          "eventRecordID": "23099",
          "threadID": "380",
          "computer": "Nicole_RZ.arzw.local",
          "task": "0",
          "processID": "628",
          "severityValue": "ERROR",
          "providerName": "Service Control Manager"
        }
      }
    },
    "rule": {
      "firedtimes": 42,
      "mail": false,
      "level": 5,
      "description": "Windows System error event",
      "groups": [
        "windows",
        "windows_system",
        "system_error"
      ],
      "id": "61102",
      "gpg13": [
        "4.3"
      ],
      "gdpr": [
        "IV_35.7.d"
      ]
    },
    "location": "EventChannel",
    "decoder": {
      "name": "windows_eventchannel"
    },
    "id": "1779787422.20354131",
    "timestamp": "2026-05-26T09:23:42.428+0000"
  },
  {
    "input": {
      "type": "log"
    },
    "agent": {
      "ip": "172.21.4.243",
      "name": "Nicole_RZ",
      "id": "079"
    },
    "manager": {
      "name": "wazuh.manager"
    },
    "data": {
      "win": {
        "eventdata": {
          "binary": "4C0069006200720065004F00660066006900630065004D00610069006E00740065006E0061006E00630065000000",
          "param1": "LibreOffice Maintenance Service",
          "param2": "%%2"
        },
        "system": {
          "eventID": "7000",
          "eventSourceName": "Service Control Manager",
          "keywords": "0x8080000000000000",
          "providerGuid": "{555908d1-a6d7-4695-8e1e-26931d2012f4}",
          "level": "2",
          "channel": "System",
          "opcode": "0",
          "message": "\"Der Dienst \"LibreOffice Maintenance Service\" wurde aufgrund folgenden Fehlers nicht gestartet: \r\nDas System kann die angegebene Datei nicht finden.\"",
          "version": "0",
          "systemTime": "2026-05-26T09:23:41.2657495Z",
          "eventRecordID": "23098",
          "threadID": "380",
          "computer": "Nicole_RZ.arzw.local",
          "task": "0",
          "processID": "628",
          "severityValue": "ERROR",
          "providerName": "Service Control Manager"
        }
      }
    },
    "rule": {
      "firedtimes": 41,
      "mail": false,
      "level": 5,
      "description": "Windows System error event",
      "groups": [
        "windows",
        "windows_system",
        "system_error"
      ],
      "id": "61102",
      "gpg13": [
        "4.3"
      ],
      "gdpr": [
        "IV_35.7.d"
      ]
    },
    "location": "EventChannel",
    "decoder": {
      "name": "windows_eventchannel"
    },
    "id": "1779787421.20352233",
    "timestamp": "2026-05-26T09:23:41.537+0000"
  },
  {
    "input": {
      "type": "log"
    },
    "agent": {
      "ip": "172.21.4.243",
      "name": "Nicole_RZ",
      "id": "079"
    },
    "manager": {
      "name": "wazuh.manager"
    },
    "data": {
      "win": {
        "eventdata": {
          "binary": "4C0069006200720065004F00660066006900630065004D00610069006E00740065006E0061006E00630065000000",
          "param1": "LibreOffice Maintenance Service",
          "param2": "%%2"
        },
        "system": {
          "eventID": "7000",
          "eventSourceName": "Service Control Manager",
          "keywords": "0x8080000000000000",
          "providerGuid": "{555908d1-a6d7-4695-8e1e-26931d2012f4}",
          "level": "2",
          "channel": "System",
          "opcode": "0",
          "message": "\"Der Dienst \"LibreOffice Maintenance Service\" wurde aufgrund folgenden Fehlers nicht gestartet: \r\nDas System kann die angegebene Datei nicht finden.\"",
          "version": "0",
          "systemTime": "2026-05-26T09:23:41.1549043Z",
          "eventRecordID": "23097",
          "threadID": "380",
          "computer": "Nicole_RZ.arzw.local",
          "task": "0",
          "processID": "628",
          "severityValue": "ERROR",
          "providerName": "Service Control Manager"
        }
      }
    },
    "rule": {
      "firedtimes": 40,
      "mail": false,
      "level": 5,
      "description": "Windows System error event",
      "groups": [
        "windows",
        "windows_system",
        "system_error"
      ],
      "id": "61102",
      "gpg13": [
        "4.3"
      ],
      "gdpr": [
        "IV_35.7.d"
      ]
    },
    "location": "EventChannel",
    "decoder": {
      "name": "windows_eventchannel"
    },
    "id": "1779787421.20350335",
    "timestamp": "2026-05-26T09:23:41.521+0000"
  },
  {
    "input": {
      "type": "log"
    },
    "agent": {
      "ip": "172.21.4.243",
      "name": "Nicole_RZ",
      "id": "079"
    },
    "manager": {
      "name": "wazuh.manager"
    },
    "data": {
      "win": {
        "eventdata": {
          "binary": "4C0069006200720065004F00660066006900630065004D00610069006E00740065006E0061006E00630065000000",
          "param1": "LibreOffice Maintenance Service",
          "param2": "%%2"
        },
        "system": {
          "eventID": "7000",
          "eventSourceName": "Service Control Manager",
          "keywords": "0x8080000000000000",
          "providerGuid": "{555908d1-a6d7-4695-8e1e-26931d2012f4}",
          "level": "2",
          "channel": "System",
          "opcode": "0",
          "message": "\"Der Dienst \"LibreOffice Maintenance Service\" wurde aufgrund folgenden Fehlers nicht gestartet: \r\nDas System kann die angegebene Datei nicht finden.\"",
          "version": "0",
          "systemTime": "2026-05-26T09:23:41.0451681Z",
          "eventRecordID": "23096",
          "threadID": "380",
          "computer": "Nicole_RZ.arzw.local",
          "task": "0",
          "processID": "628",
          "severityValue": "ERROR",
          "providerName": "Service Control Manager"
        }
      }
    },
    "rule": {
      "firedtimes": 39,
      "mail": false,
      "level": 5,
      "description": "Windows System error event",
      "groups": [
        "windows",
        "windows_system",
        "system_error"
      ],
      "id": "61102",
      "gpg13": [
        "4.3"
      ],
      "gdpr": [
        "IV_35.7.d"
      ]
    },
    "location": "EventChannel",
    "decoder": {
      "name": "windows_eventchannel"
    },
    "id": "1779787421.20348437",
    "timestamp": "2026-05-26T09:23:41.505+0000"
  },
  {
    "input": {
      "type": "log"
    },
    "agent": {
      "ip": "172.21.4.243",
      "name": "Nicole_RZ",
      "id": "079"
    },
    "manager": {
      "name": "wazuh.manager"
    },
    "data": {
      "win": {
        "eventdata": {
          "binary": "4C0069006200720065004F00660066006900630065004D00610069006E00740065006E0061006E00630065000000",
          "param1": "LibreOffice Maintenance Service",
          "param2": "%%2"
        },
        "system": {
          "eventID": "7000",
          "eventSourceName": "Service Control Manager",
          "keywords": "0x8080000000000000",
          "providerGuid": "{555908d1-a6d7-4695-8e1e-26931d2012f4}",
          "level": "2",
          "channel": "System",
          "opcode": "0",
          "message": "\"Der Dienst \"LibreOffice Maintenance Service\" wurde aufgrund folgenden Fehlers nicht gestartet: \r\nDas System kann die angegebene Datei nicht finden.\"",
          "version": "0",
          "systemTime": "2026-05-26T09:23:40.9311924Z",
          "eventRecordID": "23095",
          "threadID": "380",
          "computer": "Nicole_RZ.arzw.local",
          "task": "0",
          "processID": "628",
          "severityValue": "ERROR",
          "providerName": "Service Control Manager"
        }
      }
    },
    "rule": {
      "firedtimes": 38,
      "mail": false,
      "level": 5,
      "description": "Windows System error event",
      "groups": [
        "windows",
        "windows_system",
        "system_error"
      ],
      "id": "61102",
      "gpg13": [
        "4.3"
      ],
      "gdpr": [
        "IV_35.7.d"
      ]
    },
    "location": "EventChannel",
    "decoder": {
      "name": "windows_eventchannel"
    },
    "id": "1779787421.20346539",
    "timestamp": "2026-05-26T09:23:41.489+0000"
  },
  {
    "input": {
      "type": "log"
    },
    "agent": {
      "ip": "172.21.4.243",
      "name": "Nicole_RZ",
      "id": "079"
    },
    "manager": {
      "name": "wazuh.manager"
    },
    "data": {
      "win": {
        "eventdata": {
          "binary": "4C0069006200720065004F00660066006900630065004D00610069006E00740065006E0061006E00630065000000",
          "param1": "LibreOffice Maintenance Service",
          "param2": "%%2"
        },
        "system": {
          "eventID": "7000",
          "eventSourceName": "Service Control Manager",
          "keywords": "0x8080000000000000",
          "providerGuid": "{555908d1-a6d7-4695-8e1e-26931d2012f4}",
          "level": "2",
          "channel": "System",
          "opcode": "0",
          "message": "\"Der Dienst \"LibreOffice Maintenance Service\" wurde aufgrund folgenden Fehlers nicht gestartet: \r\nDas System kann die angegebene Datei nicht finden.\"",
          "version": "0",
          "systemTime": "2026-05-26T09:23:40.8200629Z",
          "eventRecordID": "23094",
          "threadID": "380",
          "computer": "Nicole_RZ.arzw.local",
          "task": "0",
          "processID": "628",
          "severityValue": "ERROR",
          "providerName": "Service Control Manager"
        }
      }
    },
    "rule": {
      "firedtimes": 37,
      "mail": false,
      "level": 5,
      "description": "Windows System error event",
      "groups": [
        "windows",
        "windows_system",
        "system_error"
      ],
      "id": "61102",
      "gpg13": [
        "4.3"
      ],
      "gdpr": [
        "IV_35.7.d"
      ]
    },
    "location": "EventChannel",
    "decoder": {
      "name": "windows_eventchannel"
    },
    "id": "1779787421.20344641",
    "timestamp": "2026-05-26T09:23:41.473+0000"
  },
  {
    "input": {
      "type": "log"
    },
    "agent": {
      "ip": "172.21.4.243",
      "name": "Nicole_RZ",
      "id": "079"
    },
    "manager": {
      "name": "wazuh.manager"
    },
    "data": {
      "win": {
        "eventdata": {
          "binary": "4C0069006200720065004F00660066006900630065004D00610069006E00740065006E0061006E00630065000000",
          "param1": "LibreOffice Maintenance Service",
          "param2": "%%2"
        },
        "system": {
          "eventID": "7000",
          "eventSourceName": "Service Control Manager",
          "keywords": "0x8080000000000000",
          "providerGuid": "{555908d1-a6d7-4695-8e1e-26931d2012f4}",
          "level": "2",
          "channel": "System",
          "opcode": "0",
          "message": "\"Der Dienst \"LibreOffice Maintenance Service\" wurde aufgrund folgenden Fehlers nicht gestartet: \r\nDas System kann die angegebene Datei nicht finden.\"",
          "version": "0",
          "systemTime": "2026-05-26T09:23:40.7082495Z",
          "eventRecordID": "23093",
          "threadID": "380",
          "computer": "Nicole_RZ.arzw.local",
          "task": "0",
          "processID": "628",
          "severityValue": "ERROR",
          "providerName": "Service Control Manager"
        }
      }
    },
    "rule": {
      "firedtimes": 36,
      "mail": false,
      "level": 5,
      "description": "Windows System error event",
      "groups": [
        "windows",
        "windows_system",
        "system_error"
      ],
      "id": "61102",
      "gpg13": [
        "4.3"
      ],
      "gdpr": [
        "IV_35.7.d"
      ]
    },
    "location": "EventChannel",
    "decoder": {
      "name": "windows_eventchannel"
    },
    "id": "1779787421.20342743",
    "timestamp": "2026-05-26T09:23:41.457+0000"
  },
  {
    "input": {
      "type": "log"
    },
    "agent": {
      "ip": "172.21.4.243",
      "name": "Nicole_RZ",
      "id": "079"
    },
    "previous_output": "{\"win\":{\"system\":{\"providerName\":\"Service Control Manager\",\"providerGuid\":\"{555908d1-a6d7-4695-8e1e-26931d2012f4}\",\"eventSourceName\":\"Service Control Manager\",\"eventID\":\"7000\",\"version\":\"0\",\"level\":\"2\",\"task\":\"0\",\"opcode\":\"0\",\"keywords\":\"0x8080000000000000\",\"systemTime\":\"2026-05-26T09:23:40.4864654Z\",\"eventRecordID\":\"23091\",\"processID\":\"628\",\"threadID\":\"380\",\"channel\":\"System\",\"computer\":\"Nicole_RZ.arzw.local\",\"severityValue\":\"ERROR\",\"message\":\"\\\"Der Dienst \\\"LibreOffice Maintenance Service\\\" wurde aufgrund folgenden Fehlers nicht gestartet: \\r\\nDas System kann die angegebene Datei nicht finden.\\\"\"},\"eventdata\":{\"param1\":\"LibreOffice Maintenance Service\",\"param2\":\"%%2\",\"binary\":\"4C0069006200720065004F00660066006900630065004D00610069006E00740065006E0061006E00630065000000\"}}}\n{\"win\":{\"system\":{\"providerName\":\"Service Control Manager\",\"providerGuid\":\"{555908d1-a6d7-4695-8e1e-26931d2012f4}\",\"eventSourceName\":\"Service Control Manager\",\"eventID\":\"7000\",\"version\":\"0\",\"level\":\"2\",\"task\":\"0\",\"opcode\":\"0\",\"keywords\":\"0x8080000000000000\",\"systemTime\":\"2026-05-26T09:23:40.3745790Z\",\"eventRecordID\":\"23090\",\"processID\":\"628\",\"threadID\":\"380\",\"channel\":\"System\",\"computer\":\"Nicole_RZ.arzw.local\",\"severityValue\":\"ERROR\",\"message\":\"\\\"Der Dienst \\\"LibreOffice Maintenance Service\\\" wurde aufgrund folgenden Fehlers nicht gestartet: \\r\\nDas System kann die angegebene Datei nicht finden.\\\"\"},\"eventdata\":{\"param1\":\"LibreOffice Maintenance Service\",\"param2\":\"%%2\",\"binary\":\"4C0069006200720065004F00660066006900630065004D00610069006E00740065006E0061006E00630065000000\"}}}\n{\"win\":{\"system\":{\"providerName\":\"Service Control Manager\",\"providerGuid\":\"{555908d1-a6d7-4695-8e1e-26931d2012f4}\",\"eventSourceName\":\"Service Control Manager\",\"eventID\":\"7000\",\"version\":\"0\",\"level\":\"2\",\"task\":\"0\",\"opcode\":\"0\",\"keywords\":\"0x8080000000000000\",\"systemTime\":\"2026-05-26T09:23:40.2633528Z\",\"eventRecordID\":\"23089\",\"processID\":\"628\",\"threadID\":\"380\",\"channel\":\"System\",\"computer\":\"Nicole_RZ.arzw.local\",\"severityValue\":\"ERROR\",\"message\":\"\\\"Der Dienst \\\"LibreOffice Maintenance Service\\\" wurde aufgrund folgenden Fehlers nicht gestartet: \\r\\nDas System kann die angegebene Datei nicht finden.\\\"\"},\"eventdata\":{\"param1\":\"LibreOffice Maintenance Service\",\"param2\":\"%%2\",\"binary\":\"4C0069006200720065004F00660066006900630065004D00610069006E00740065006E0061006E00630065000000\"}}}\n{\"win\":{\"system\":{\"providerName\":\"Service Control Manager\",\"providerGuid\":\"{555908d1-a6d7-4695-8e1e-26931d2012f4}\",\"eventSourceName\":\"Service Control Manager\",\"eventID\":\"7000\",\"version\":\"0\",\"level\":\"2\",\"task\":\"0\",\"opcode\":\"0\",\"keywords\":\"0x8080000000000000\",\"systemTime\":\"2026-05-26T09:23:40.1515757Z\",\"eventRecordID\":\"23088\",\"processID\":\"628\",\"threadID\":\"380\",\"channel\":\"System\",\"computer\":\"Nicole_RZ.arzw.local\",\"severityValue\":\"ERROR\",\"message\":\"\\\"Der Dienst \\\"LibreOffice Maintenance Service\\\" wurde aufgrund folgenden Fehlers nicht gestartet: \\r\\nDas System kann die angegebene Datei nicht finden.\\\"\"},\"eventdata\":{\"param1\":\"LibreOffice Maintenance Service\",\"param2\":\"%%2\",\"binary\":\"4C0069006200720065004F00660066006900630065004D00610069006E00740065006E0061006E00630065000000\"}}}\n{\"win\":{\"system\":{\"providerName\":\"Service Control Manager\",\"providerGuid\":\"{555908d1-a6d7-4695-8e1e-26931d2012f4}\",\"eventSourceName\":\"Service Control Manager\",\"eventID\":\"7000\",\"version\":\"0\",\"level\":\"2\",\"task\":\"0\",\"opcode\":\"0\",\"keywords\":\"0x8080000000000000\",\"systemTime\":\"2026-05-26T09:23:40.0421214Z\",\"eventRecordID\":\"23087\",\"processID\":\"628\",\"threadID\":\"380\",\"channel\":\"System\",\"computer\":\"Nicole_RZ.arzw.local\",\"severityValue\":\"ERROR\",\"message\":\"\\\"Der Dienst \\\"LibreOffice Maintenance Service\\\" wurde aufgrund folgenden Fehlers nicht gestartet: \\r\\nDas System kann die angegebene Datei nicht finden.\\\"\"},\"eventdata\":{\"param1\":\"LibreOffice Maintenance Service\",\"param2\":\"%%2\",\"binary\":\"4C0069006200720065004F00660066006900630065004D00610069006E00740065006E0061006E00630065000000\"}}}\n{\"win\":{\"system\":{\"providerName\":\"Service Control Manager\",\"providerGuid\":\"{555908d1-a6d7-4695-8e1e-26931d2012f4}\",\"eventSourceName\":\"Service Control Manager\",\"eventID\":\"7000\",\"version\":\"0\",\"level\":\"2\",\"task\":\"0\",\"opcode\":\"0\",\"keywords\":\"0x8080000000000000\",\"systemTime\":\"2026-05-26T09:23:39.9278088Z\",\"eventRecordID\":\"23086\",\"processID\":\"628\",\"threadID\":\"380\",\"channel\":\"System\",\"computer\":\"Nicole_RZ.arzw.local\",\"severityValue\":\"ERROR\",\"message\":\"\\\"Der Dienst \\\"LibreOffice Maintenance Service\\\" wurde aufgrund folgenden Fehlers nicht gestartet: \\r\\nDas System kann die angegebene Datei nicht finden.\\\"\"},\"eventdata\":{\"param1\":\"LibreOffice Maintenance Service\",\"param2\":\"%%2\",\"binary\":\"4C0069006200720065004F00660066006900630065004D00610069006E00740065006E0061006E00630065000000\"}}}\n{\"win\":{\"system\":{\"providerName\":\"Service Control Manager\",\"providerGuid\":\"{555908d1-a6d7-4695-8e1e-26931d2012f4}\",\"eventSourceName\":\"Service Control Manager\",\"eventID\":\"7000\",\"version\":\"0\",\"level\":\"2\",\"task\":\"0\",\"opcode\":\"0\",\"keywords\":\"0x8080000000000000\",\"systemTime\":\"2026-05-26T09:23:39.8160699Z\",\"eventRecordID\":\"23085\",\"processID\":\"628\",\"threadID\":\"380\",\"channel\":\"System\",\"computer\":\"Nicole_RZ.arzw.local\",\"severityValue\":\"ERROR\",\"message\":\"\\\"Der Dienst \\\"LibreOffice Maintenance Service\\\" wurde aufgrund folgenden Fehlers nicht gestartet: \\r\\nDas System kann die angegebene Datei nicht finden.\\\"\"},\"eventdata\":{\"param1\":\"LibreOffice Maintenance Service\",\"param2\":\"%%2\",\"binary\":\"4C0069006200720065004F00660066006900630065004D00610069006E00740065006E0061006E00630065000000\"}}}",
    "manager": {
      "name": "wazuh.manager"
    },
    "data": {
      "win": {
        "eventdata": {
          "binary": "4C0069006200720065004F00660066006900630065004D00610069006E00740065006E0061006E00630065000000",
          "param1": "LibreOffice Maintenance Service",
          "param2": "%%2"
        },
        "system": {
          "eventID": "7000",
          "eventSourceName": "Service Control Manager",
          "keywords": "0x8080000000000000",
          "providerGuid": "{555908d1-a6d7-4695-8e1e-26931d2012f4}",
          "level": "2",
          "channel": "System",
          "opcode": "0",
          "message": "\"Der Dienst \"LibreOffice Maintenance Service\" wurde aufgrund folgenden Fehlers nicht gestartet: \r\nDas System kann die angegebene Datei nicht finden.\"",
          "version": "0",
          "systemTime": "2026-05-26T09:23:40.5973699Z",
          "eventRecordID": "23092",
          "threadID": "380",
          "computer": "Nicole_RZ.arzw.local",
          "task": "0",
          "processID": "628",
          "severityValue": "ERROR",
          "providerName": "Service Control Manager"
        }
      }
    },
    "rule": {
      "firedtimes": 5,
      "mail": false,
      "level": 10,
      "description": "Multiple System error events",
      "groups": [
        "windows",
        "windows_system"
      ],
      "id": "61110",
      "frequency": 8
    },
    "location": "EventChannel",
    "decoder": {
      "name": "windows_eventchannel"
    },
    "id": "1779787421.20335385",
    "timestamp": "2026-05-26T09:23:41.441+0000"
  },
  {
    "input": {
      "type": "log"
    },
    "agent": {
      "ip": "172.21.4.243",
      "name": "Nicole_RZ",
      "id": "079"
    },
    "manager": {
      "name": "wazuh.manager"
    },
    "data": {
      "win": {
        "eventdata": {
          "binary": "4C0069006200720065004F00660066006900630065004D00610069006E00740065006E0061006E00630065000000",
          "param1": "LibreOffice Maintenance Service",
          "param2": "%%2"
        },
        "system": {
          "eventID": "7000",
          "eventSourceName": "Service Control Manager",
          "keywords": "0x8080000000000000",
          "providerGuid": "{555908d1-a6d7-4695-8e1e-26931d2012f4}",
          "level": "2",
          "channel": "System",
          "opcode": "0",
          "message": "\"Der Dienst \"LibreOffice Maintenance Service\" wurde aufgrund folgenden Fehlers nicht gestartet: \r\nDas System kann die angegebene Datei nicht finden.\"",
          "version": "0",
          "systemTime": "2026-05-26T09:23:40.4864654Z",
          "eventRecordID": "23091",
          "threadID": "380",
          "computer": "Nicole_RZ.arzw.local",
          "task": "0",
          "processID": "628",
          "severityValue": "ERROR",
          "providerName": "Service Control Manager"
        }
      }
    },
    "rule": {
      "firedtimes": 35,
      "mail": false,
      "level": 5,
      "description": "Windows System error event",
      "groups": [
        "windows",
        "windows_system",
        "system_error"
      ],
      "id": "61102",
      "gpg13": [
        "4.3"
      ],
      "gdpr": [
        "IV_35.7.d"
      ]
    },
    "location": "EventChannel",
    "decoder": {
      "name": "windows_eventchannel"
    },
    "id": "1779787421.20333487",
    "timestamp": "2026-05-26T09:23:41.431+0000"
  },
  {
    "input": {
      "type": "log"
    },
    "agent": {
      "ip": "172.21.4.243",
      "name": "Nicole_RZ",
      "id": "079"
    },
    "manager": {
      "name": "wazuh.manager"
    },
    "data": {
      "win": {
        "eventdata": {
          "binary": "4C0069006200720065004F00660066006900630065004D00610069006E00740065006E0061006E00630065000000",
          "param1": "LibreOffice Maintenance Service",
          "param2": "%%2"
        },
        "system": {
          "eventID": "7000",
          "eventSourceName": "Service Control Manager",
          "keywords": "0x8080000000000000",
          "providerGuid": "{555908d1-a6d7-4695-8e1e-26931d2012f4}",
          "level": "2",
          "channel": "System",
          "opcode": "0",
          "message": "\"Der Dienst \"LibreOffice Maintenance Service\" wurde aufgrund folgenden Fehlers nicht gestartet: \r\nDas System kann die angegebene Datei nicht finden.\"",
          "version": "0",
          "systemTime": "2026-05-26T09:23:40.3745790Z",
          "eventRecordID": "23090",
          "threadID": "380",
          "computer": "Nicole_RZ.arzw.local",
          "task": "0",
          "processID": "628",
          "severityValue": "ERROR",
          "providerName": "Service Control Manager"
        }
      }
    },
    "rule": {
      "firedtimes": 34,
      "mail": false,
      "level": 5,
      "description": "Windows System error event",
      "groups": [
        "windows",
        "windows_system",
        "system_error"
      ],
      "id": "61102",
      "gpg13": [
        "4.3"
      ],
      "gdpr": [
        "IV_35.7.d"
      ]
    },
    "location": "EventChannel",
    "decoder": {
      "name": "windows_eventchannel"
    },
    "id": "1779787421.20331589",
    "timestamp": "2026-05-26T09:23:41.430+0000"
  },
