  {
    "input": {
      "type": "log"
    },
    "agent": {
      "ip": "172.21.5.40",
      "name": "KS_2026_001",
      "id": "104"
    },
    "manager": {
      "name": "wazuh.manager"
    },
    "data": {
      "win": {
        "eventdata": {
          "param7": "NT-AUTORITÄT\\\\SYSTEM",
          "param5": "neu starten",
          "param3": "Betriebssystem: Aktualisierung (geplant)",
          "param4": "0x80020003",
          "param1": "C:\\\\WINDOWS\\\\servicing\\\\TrustedInstaller.exe (KS_2026_001)",
          "param2": "KS_2026_001"
        },
        "system": {
          "eventID": "1074",
          "eventSourceName": "User32",
          "keywords": "0x8080000000000000",
          "providerGuid": "{b0aa8734-56f7-41cc-b2f4-de228e98b946}",
          "level": "4",
          "channel": "System",
          "opcode": "0",
          "message": "\"Vom Prozess \"C:\\WINDOWS\\servicing\\TrustedInstaller.exe (KS_2026_001)\" wurde auf Anforderung des Benutzers \"NT-AUTORITÄT\\SYSTEM\" das Ereignis \"neu starten\" für den Computer \"KS_2026_001\" aus folgendem Grund initiiert: \"Betriebssystem: Aktualisierung (geplant)\"\r\n Ursachencode: \"0x80020003\"\r\n Herunterfahrtyp: \"neu starten\"\r\n Kommentar: \"\"\"",
          "version": "0",
          "systemTime": "2026-05-26T09:51:14.8612429Z",
          "eventRecordID": "44945",
          "threadID": "1844",
          "computer": "KS_2026_001.arzw.local",
          "task": "0",
          "processID": "1148",
          "severityValue": "INFORMATION",
          "providerName": "User32"
        }
      }
    },
    "rule": {
      "firedtimes": 2,
      "mail": false,
      "level": 3,
      "description": "System shutdown initiated.",
      "groups": [
        "windows",
        " WEF"
      ],
      "mitre": {
        "technique": [
          "System Shutdown/Reboot"
        ],
        "id": [
          "T1529"
        ],
        "tactic": [
          "Impact"
        ]
      },
      "id": "67018"
    },
    "location": "EventChannel",
    "decoder": {
      "name": "windows_eventchannel"
    },
    "id": "1779789075.20939917",
    "timestamp": "2026-05-26T09:51:15.942+0000"
  },
  {
    "input": {
      "type": "log"
    },
    "agent": {
      "ip": "172.21.5.66",
      "name": "Minis-forum_development",
      "id": "089"
    },
    "manager": {
      "name": "wazuh.manager"
    },
    "data": {
      "win": {
        "eventdata": {
          "data": "2126-05-02T09:50:57Z, RulesEngine"
        },
        "system": {
          "eventID": "16384",
          "eventSourceName": "Software Protection Platform Service",
          "keywords": "0x80000000000000",
          "providerGuid": "{E23B33B0-C8C9-472C-A5F9-F2BDFEA0F156}",
          "level": "4",
          "channel": "Application",
          "opcode": "0",
          "message": "\"Der Softwareschutzdienst wurde erfolgreich für den erneuten Start bei 2126-05-02T09:50:57Z geplant. Grund: RulesEngine.\"",
          "version": "0",
          "systemTime": "2026-05-26T09:50:57.5705654Z",
          "eventRecordID": "75212",
          "threadID": "0",
          "computer": "DEV-MINISFORUM.arzw.local",
          "task": "0",
          "processID": "17236",
          "severityValue": "INFORMATION",
          "providerName": "Microsoft-Windows-Security-SPP"
        }
      }
    },
    "rule": {
      "firedtimes": 130,
      "mail": false,
      "level": 3,
      "description": "Software protection service scheduled successfully.",
      "groups": [
        "windows",
        "windows_application"
      ],
      "id": "60642"
    },
    "location": "EventChannel",
    "decoder": {
      "name": "windows_eventchannel"
    },
    "id": "1779789057.20938261",
    "timestamp": "2026-05-26T09:50:57.405+0000"
  },
  {
    "input": {
      "type": "log"
    },
    "agent": {
      "ip": "172.21.6.5",
      "name": "SWE03",
      "id": "030"
    },
    "manager": {
      "name": "wazuh.manager"
    },
    "data": {
      "win": {
        "eventdata": {
          "targetLogonId": "0xa390eed",
          "targetUserName": "SWE03$",
          "targetDomainName": "ARZW",
          "targetUserSid": "S-1-5-18",
          "logonType": "3"
        },
        "system": {
          "eventID": "4634",
          "keywords": "0x8020000000000000",
          "providerGuid": "{54849625-5478-4994-a5ba-3e3b0328c30d}",
          "level": "0",
          "channel": "Security",
          "opcode": "0",
          "message": "\"Ein Konto wurde abgemeldet.\r\n\r\nAntragsteller:\r\n\tSicherheits-ID:\t\tS-1-5-18\r\n\tKontoname:\t\tSWE03$\r\n\tKontodomäne:\t\tARZW\r\n\tAnmelde-ID:\t\t0xA390EED\r\n\r\nAnmeldetyp:\t\t\t3\r\n\r\nDieses Ereignis wird generiert, wenn eine Anmeldesitzung zerstört wird. Es kann anhand des Wertes der Anmelde-ID positiv mit einem Anmeldeereignis korreliert werden. Anmelde-IDs sind nur zwischen Neustarts auf demselben Computer eindeutig.\"",
          "version": "0",
          "systemTime": "2026-05-26T09:50:52.4868460Z",
          "eventRecordID": "5358090",
          "threadID": "11300",
          "computer": "SWE03.arzw.local",
          "task": "12545",
          "processID": "904",
          "severityValue": "AUDIT_SUCCESS",
          "providerName": "Microsoft-Windows-Security-Auditing"
        }
      }
    },
    "rule": {
      "firedtimes": 31,
      "mail": false,
      "level": 3,
      "pci_dss": [
        "10.2.5"
      ],
      "hipaa": [
        "164.312.b"
      ],
      "tsc": [
        "CC6.8",
        "CC7.2",
        "CC7.3"
      ],
      "description": "Windows User Logoff",
      "groups": [
        "windows",
        "windows_security"
      ],
      "id": "60137",
      "nist_800_53": [
        "AU.14",
        "AC.7"
      ],
      "gdpr": [
        "IV_32.2"
      ]
    },
    "location": "EventChannel",
    "decoder": {
      "name": "windows_eventchannel"
    },
    "id": "1779789053.20935856",
    "timestamp": "2026-05-26T09:50:53.140+0000"
  },
  {
    "input": {
      "type": "log"
    },
    "agent": {
      "ip": "172.21.6.5",
      "name": "SWE03",
      "id": "030"
    },
    "manager": {
      "name": "wazuh.manager"
    },
    "data": {
      "win": {
        "eventdata": {
          "subjectLogonId": "0x0",
          "targetLinkedLogonId": "0x0",
          "impersonationLevel": "%%1833",
          "ipAddress": "::1",
          "authenticationPackageName": "Kerberos",
          "targetLogonId": "0xa390eed",
          "logonProcessName": "Kerberos",
          "logonGuid": "{22360c92-047c-30b1-3316-a5a3874d3fc1}",
          "targetUserName": "SWE03$",
          "keyLength": "0",
          "elevatedToken": "%%1842",
          "subjectUserSid": "S-1-0-0",
          "processId": "0x0",
          "ipPort": "0",
          "targetDomainName": "ARZW.LOCAL",
          "targetUserSid": "S-1-5-18",
          "virtualAccount": "%%1843",
          "logonType": "3"
        },
        "system": {
          "eventID": "4624",
          "keywords": "0x8020000000000000",
          "providerGuid": "{54849625-5478-4994-a5ba-3e3b0328c30d}",
          "level": "0",
          "channel": "Security",
          "opcode": "0",
          "message": "\"Ein Konto wurde erfolgreich angemeldet.\r\n\r\nAntragsteller:\r\n\tSicherheits-ID:\t\tS-1-0-0\r\n\tKontoname:\t\t-\r\n\tKontodomäne:\t\t-\r\n\tAnmelde-ID:\t\t0x0\r\n\r\nAnmeldeinformationen:\r\n\tAnmeldetyp:\t\t3\r\n\tEingeschränkter Administratormodus:\t-\r\n\tVirtuelles Konto:\t\tNein\r\n\tToken mit erhöhten Rechten:\t\tJa\r\n\r\nIdentitätswechselebene:\t\tIdentitätswechsel\r\n\r\nNeue Anmeldung:\r\n\tSicherheits-ID:\t\tS-1-5-18\r\n\tKontoname:\t\tSWE03$\r\n\tKontodomäne:\t\tARZW.LOCAL\r\n\tAnmelde-ID:\t\t0xA390EED\r\n\tVerknüpfte Anmelde-ID:\t\t0x0\r\n\tNetzwerk-Kontoname:\t-\r\n\tNetzwerk-Kontodomäne:\t-\r\n\tAnmelde-GUID:\t\t{22360c92-047c-30b1-3316-a5a3874d3fc1}\r\n\r\nProzessinformationen:\r\n\tProzess-ID:\t\t0x0\r\n\tProzessname:\t\t-\r\n\r\nNetzwerkinformationen:\r\n\tArbeitsstationsname:\t-\r\n\tQuellnetzwerkadresse:\t::1\r\n\tQuellport:\t\t0\r\n\r\nDetaillierte Authentifizierungsinformationen:\r\n\tAnmeldeprozess:\t\tKerberos\r\n\tAuthentifizierungspaket:\tKerberos\r\n\tÜbertragene Dienste:\t-\r\n\tPaketname (nur NTLM):\t-\r\n\tSchlüssellänge:\t\t0\r\n\r\nDieses Ereignis wird beim Erstellen einer Anmeldesitzung generiert. Es wird auf dem Computer generiert, auf den zugegriffen wurde.\r\n\r\nDie Antragstellerfelder geben das Konto auf dem lokalen System an, von dem die Anmeldung angefordert wurde. Dies ist meistens ein Dienst wie der Serverdienst oder ein lokaler Prozess wie \"Winlogon.exe\" oder \"Services.exe\".\r\n\r\nDas Anmeldetypfeld gibt den jeweiligen Anmeldetyp an. Die häufigsten Typen sind 2 (interaktiv) und 3 (Netzwerk).\r\n\r\nDie Felder für die neue Anmeldung geben das Konto an, für das die neue Anmeldung erstellt wurde, d. h. das angemeldete Konto.\r\n\r\nDie Netzwerkfelder geben die Quelle einer Remoteanmeldeanforderung an. Der Arbeitsstationsname ist nicht immer verfügbar und kann in manchen Fällen leer bleiben.\r\n\r\nDas Feld für die Identitätswechselebene gibt an, in welchem Umfang ein Prozess in der Anmeldesitzung einen Identitätswechsel vornehmen kann.\r\n\r\nDie Felder für die Authentifizierungsinformationen enthalten detaillierte Informationen zu dieser speziellen Anmeldeanforderung.\r\n\t- Die Anmelde-GUID ist ein eindeutiger Bezeichner, der verwendet werden kann, um dieses Ereignis mit einem KDC-Ereignis zu korrelieren.\r\n\t- Die übertragenen Dienste geben an, welche Zwischendienste an der Anmeldeanforderung beteiligt waren.\r\n\t- Der Paketname gibt das in den NTLM-Protokollen verwendete Unterprotokoll an.\r\n\t- Die Schlüssellänge gibt die Länge des generierten Sitzungsschlüssels an. Wenn kein Sitzungsschlüssel angefordert wurde, ist dieser Wert 0.\"",
          "version": "2",
          "systemTime": "2026-05-26T09:50:52.4864120Z",
          "eventRecordID": "5358089",
          "threadID": "11300",
          "computer": "SWE03.arzw.local",
          "task": "12544",
          "processID": "904",
          "severityValue": "AUDIT_SUCCESS",
          "providerName": "Microsoft-Windows-Security-Auditing"
        }
      }
    },
    "rule": {
      "mail": false,
      "level": 3,
      "pci_dss": [
        "10.2.5"
      ],
      "hipaa": [
        "164.312.b"
      ],
      "tsc": [
        "CC6.8",
        "CC7.2",
        "CC7.3"
      ],
      "description": "Windows Logon Success",
      "groups": [
        "windows",
        "windows_security",
        "authentication_success"
      ],
      "nist_800_53": [
        "AU.14",
        "AC.9"
      ],
      "gdpr": [
        "IV_32.2"
      ],
      "firedtimes": 30,
      "mitre": {
        "technique": [
          "Valid Accounts"
        ],
        "id": [
          "T1078"
        ],
        "tactic": [
          "Defense Evasion",
          "Persistence",
          "Privilege Escalation",
          "Initial Access"
        ]
      },
      "id": "60106",
      "gpg13": [
        "7.1",
        "7.2"
      ]
    },
    "location": "EventChannel",
    "decoder": {
      "name": "windows_eventchannel"
    },
    "id": "1779789053.20928280",
    "timestamp": "2026-05-26T09:50:53.114+0000"
  },
  {
    "input": {
      "type": "log"
    },
    "agent": {
      "ip": "172.21.6.5",
      "name": "SWE03",
      "id": "030"
    },
    "manager": {
      "name": "wazuh.manager"
    },
    "data": {
      "win": {
        "eventdata": {
          "targetLogonId": "0xa390bf1",
          "targetUserName": "SWE03$",
          "targetDomainName": "ARZW",
          "targetUserSid": "S-1-5-18",
          "logonType": "3"
        },
        "system": {
          "eventID": "4634",
          "keywords": "0x8020000000000000",
          "providerGuid": "{54849625-5478-4994-a5ba-3e3b0328c30d}",
          "level": "0",
          "channel": "Security",
          "opcode": "0",
          "message": "\"Ein Konto wurde abgemeldet.\r\n\r\nAntragsteller:\r\n\tSicherheits-ID:\t\tS-1-5-18\r\n\tKontoname:\t\tSWE03$\r\n\tKontodomäne:\t\tARZW\r\n\tAnmelde-ID:\t\t0xA390BF1\r\n\r\nAnmeldetyp:\t\t\t3\r\n\r\nDieses Ereignis wird generiert, wenn eine Anmeldesitzung zerstört wird. Es kann anhand des Wertes der Anmelde-ID positiv mit einem Anmeldeereignis korreliert werden. Anmelde-IDs sind nur zwischen Neustarts auf demselben Computer eindeutig.\"",
          "version": "0",
          "systemTime": "2026-05-26T09:50:52.4839410Z",
          "eventRecordID": "5358087",
          "threadID": "11300",
          "computer": "SWE03.arzw.local",
          "task": "12545",
          "processID": "904",
          "severityValue": "AUDIT_SUCCESS",
          "providerName": "Microsoft-Windows-Security-Auditing"
        }
      }
    },
    "rule": {
      "firedtimes": 30,
      "mail": false,
      "level": 3,
      "pci_dss": [
        "10.2.5"
      ],
      "hipaa": [
        "164.312.b"
      ],
      "tsc": [
        "CC6.8",
        "CC7.2",
        "CC7.3"
      ],
      "description": "Windows User Logoff",
      "groups": [
        "windows",
        "windows_security"
      ],
      "id": "60137",
      "nist_800_53": [
        "AU.14",
        "AC.7"
      ],
      "gdpr": [
        "IV_32.2"
      ]
    },
    "location": "EventChannel",
    "decoder": {
      "name": "windows_eventchannel"
    },
    "id": "1779789053.20925875",
    "timestamp": "2026-05-26T09:50:53.083+0000"
  },
  {
    "input": {
      "type": "log"
    },
    "agent": {
      "ip": "172.21.6.5",
      "name": "SWE03",
      "id": "030"
    },
    "manager": {
      "name": "wazuh.manager"
    },
    "data": {
      "win": {
        "eventdata": {
          "subjectLogonId": "0x0",
          "targetLinkedLogonId": "0x0",
          "impersonationLevel": "%%1833",
          "ipAddress": "::1",
          "authenticationPackageName": "Kerberos",
          "targetLogonId": "0xa390bf1",
          "logonProcessName": "Kerberos",
          "logonGuid": "{22360c92-047c-30b1-3316-a5a3874d3fc1}",
          "targetUserName": "SWE03$",
          "keyLength": "0",
          "elevatedToken": "%%1842",
          "subjectUserSid": "S-1-0-0",
          "processId": "0x0",
          "ipPort": "0",
          "targetDomainName": "ARZW.LOCAL",
          "targetUserSid": "S-1-5-18",
          "virtualAccount": "%%1843",
          "logonType": "3"
        },
        "system": {
          "eventID": "4624",
          "keywords": "0x8020000000000000",
          "providerGuid": "{54849625-5478-4994-a5ba-3e3b0328c30d}",
          "level": "0",
          "channel": "Security",
          "opcode": "0",
          "message": "\"Ein Konto wurde erfolgreich angemeldet.\r\n\r\nAntragsteller:\r\n\tSicherheits-ID:\t\tS-1-0-0\r\n\tKontoname:\t\t-\r\n\tKontodomäne:\t\t-\r\n\tAnmelde-ID:\t\t0x0\r\n\r\nAnmeldeinformationen:\r\n\tAnmeldetyp:\t\t3\r\n\tEingeschränkter Administratormodus:\t-\r\n\tVirtuelles Konto:\t\tNein\r\n\tToken mit erhöhten Rechten:\t\tJa\r\n\r\nIdentitätswechselebene:\t\tIdentitätswechsel\r\n\r\nNeue Anmeldung:\r\n\tSicherheits-ID:\t\tS-1-5-18\r\n\tKontoname:\t\tSWE03$\r\n\tKontodomäne:\t\tARZW.LOCAL\r\n\tAnmelde-ID:\t\t0xA390BF1\r\n\tVerknüpfte Anmelde-ID:\t\t0x0\r\n\tNetzwerk-Kontoname:\t-\r\n\tNetzwerk-Kontodomäne:\t-\r\n\tAnmelde-GUID:\t\t{22360c92-047c-30b1-3316-a5a3874d3fc1}\r\n\r\nProzessinformationen:\r\n\tProzess-ID:\t\t0x0\r\n\tProzessname:\t\t-\r\n\r\nNetzwerkinformationen:\r\n\tArbeitsstationsname:\t-\r\n\tQuellnetzwerkadresse:\t::1\r\n\tQuellport:\t\t0\r\n\r\nDetaillierte Authentifizierungsinformationen:\r\n\tAnmeldeprozess:\t\tKerberos\r\n\tAuthentifizierungspaket:\tKerberos\r\n\tÜbertragene Dienste:\t-\r\n\tPaketname (nur NTLM):\t-\r\n\tSchlüssellänge:\t\t0\r\n\r\nDieses Ereignis wird beim Erstellen einer Anmeldesitzung generiert. Es wird auf dem Computer generiert, auf den zugegriffen wurde.\r\n\r\nDie Antragstellerfelder geben das Konto auf dem lokalen System an, von dem die Anmeldung angefordert wurde. Dies ist meistens ein Dienst wie der Serverdienst oder ein lokaler Prozess wie \"Winlogon.exe\" oder \"Services.exe\".\r\n\r\nDas Anmeldetypfeld gibt den jeweiligen Anmeldetyp an. Die häufigsten Typen sind 2 (interaktiv) und 3 (Netzwerk).\r\n\r\nDie Felder für die neue Anmeldung geben das Konto an, für das die neue Anmeldung erstellt wurde, d. h. das angemeldete Konto.\r\n\r\nDie Netzwerkfelder geben die Quelle einer Remoteanmeldeanforderung an. Der Arbeitsstationsname ist nicht immer verfügbar und kann in manchen Fällen leer bleiben.\r\n\r\nDas Feld für die Identitätswechselebene gibt an, in welchem Umfang ein Prozess in der Anmeldesitzung einen Identitätswechsel vornehmen kann.\r\n\r\nDie Felder für die Authentifizierungsinformationen enthalten detaillierte Informationen zu dieser speziellen Anmeldeanforderung.\r\n\t- Die Anmelde-GUID ist ein eindeutiger Bezeichner, der verwendet werden kann, um dieses Ereignis mit einem KDC-Ereignis zu korrelieren.\r\n\t- Die übertragenen Dienste geben an, welche Zwischendienste an der Anmeldeanforderung beteiligt waren.\r\n\t- Der Paketname gibt das in den NTLM-Protokollen verwendete Unterprotokoll an.\r\n\t- Die Schlüssellänge gibt die Länge des generierten Sitzungsschlüssels an. Wenn kein Sitzungsschlüssel angefordert wurde, ist dieser Wert 0.\"",
          "version": "2",
          "systemTime": "2026-05-26T09:50:51.9969866Z",
          "eventRecordID": "5358086",
          "threadID": "11300",
          "computer": "SWE03.arzw.local",
          "task": "12544",
          "processID": "904",
          "severityValue": "AUDIT_SUCCESS",
          "providerName": "Microsoft-Windows-Security-Auditing"
        }
      }
    },
    "rule": {
      "mail": false,
      "level": 3,
      "pci_dss": [
        "10.2.5"
      ],
      "hipaa": [
        "164.312.b"
      ],
      "tsc": [
        "CC6.8",
        "CC7.2",
        "CC7.3"
      ],
      "description": "Windows Logon Success",
      "groups": [
        "windows",
        "windows_security",
        "authentication_success"
      ],
      "nist_800_53": [
        "AU.14",
        "AC.9"
      ],
      "gdpr": [
        "IV_32.2"
      ],
      "firedtimes": 29,
      "mitre": {
        "technique": [
          "Valid Accounts"
        ],
        "id": [
          "T1078"
        ],
        "tactic": [
          "Defense Evasion",
          "Persistence",
          "Privilege Escalation",
          "Initial Access"
        ]
      },
      "id": "60106",
      "gpg13": [
        "7.1",
        "7.2"
      ]
    },
    "location": "EventChannel",
    "decoder": {
      "name": "windows_eventchannel"
    },
    "id": "1779789053.20918299",
    "timestamp": "2026-05-26T09:50:53.075+0000"
  },
  {
    "input": {
      "type": "log"
    },
    "agent": {
      "ip": "172.21.4.213",
      "name": "KS-01-012",
      "id": "110"
    },
    "manager": {
      "name": "wazuh.manager"
    },
    "data": {
      "win": {
        "eventdata": {
          "param3": "Manuell starten",
          "param4": "BITS",
          "param1": "Background Intelligent Transfer Service",
          "param2": "Automatisch starten"
        },
        "system": {
          "eventID": "7040",
          "eventSourceName": "Service Control Manager",
          "keywords": "0x8080000000000000",
          "providerGuid": "{555908d1-a6d7-4695-8e1e-26931d2012f4}",
          "level": "4",
          "channel": "System",
          "opcode": "0",
          "message": "\"Der Starttyp des Diensts \"Background Intelligent Transfer Service\" wurde von Automatisch starten in Manuell starten geändert.\"",
          "version": "0",
          "systemTime": "2026-05-26T09:50:49.1358829Z",
          "eventRecordID": "150327",
          "threadID": "13220",
          "computer": "KS-01-012.arzw.local",
          "task": "0",
          "processID": "1004",
          "severityValue": "INFORMATION",
          "providerName": "Service Control Manager"
        }
      }
    },
    "rule": {
      "firedtimes": 16,
      "mail": false,
      "level": 3,
      "pci_dss": [
        "10.6"
      ],
      "hipaa": [
        "164.312.b"
      ],
      "tsc": [
        "CC6.1",
        "CC6.8",
        "CC7.2",
        "CC7.3"
      ],
      "description": "Service startup type was changed",
      "groups": [
        "windows",
        "windows_system",
        "policy_changed"
      ],
      "id": "61104",
      "nist_800_53": [
        "AU.6"
      ],
      "info": "This does not appear to be logged on Windows 2000",
      "gdpr": [
        "IV_35.7.d"
      ]
    },
    "location": "EventChannel",
    "decoder": {
      "name": "windows_eventchannel"
    },
    "id": "1779789050.20916404",
    "timestamp": "2026-05-26T09:50:50.288+0000"
  },
  {
    "input": {
      "type": "log"
    },
    "agent": {
      "ip": "172.21.5.53",
      "name": "Franky",
      "id": "017"
    },
    "manager": {
      "name": "wazuh.manager"
    },
    "data": {
      "win": {
        "eventdata": {
          "targetLogonId": "0x13ab057",
          "targetUserName": "FRANKY$",
          "targetDomainName": "ARZW",
          "targetUserSid": "S-1-5-18",
          "logonType": "3"
        },
        "system": {
          "eventID": "4634",
          "keywords": "0x8020000000000000",
          "providerGuid": "{54849625-5478-4994-a5ba-3e3b0328c30d}",
          "level": "0",
          "channel": "Security",
          "opcode": "0",
          "message": "\"Ein Konto wurde abgemeldet.\r\n\r\nAntragsteller:\r\n\tSicherheits-ID:\t\tS-1-5-18\r\n\tKontoname:\t\tFRANKY$\r\n\tKontodomäne:\t\tARZW\r\n\tAnmelde-ID:\t\t0x13AB057\r\n\r\nAnmeldetyp:\t\t\t3\r\n\r\nDieses Ereignis wird generiert, wenn eine Anmeldesitzung zerstört wird. Es kann anhand des Wertes der Anmelde-ID positiv mit einem Anmeldeereignis korreliert werden. Anmelde-IDs sind nur zwischen Neustarts auf demselben Computer eindeutig.\"",
          "version": "0",
          "systemTime": "2026-05-26T09:50:41.7628900Z",
          "eventRecordID": "765940",
          "threadID": "6448",
          "computer": "Franky.arzw.local",
          "task": "12545",
          "processID": "1180",
          "severityValue": "AUDIT_SUCCESS",
          "providerName": "Microsoft-Windows-Security-Auditing"
        }
      }
    },
    "rule": {
      "firedtimes": 29,
      "mail": false,
      "level": 3,
      "pci_dss": [
        "10.2.5"
      ],
      "hipaa": [
        "164.312.b"
      ],
      "tsc": [
        "CC6.8",
        "CC7.2",
        "CC7.3"
      ],
      "description": "Windows User Logoff",
      "groups": [
        "windows",
        "windows_security"
      ],
      "id": "60137",
      "nist_800_53": [
        "AU.14",
        "AC.7"
      ],
      "gdpr": [
        "IV_32.2"
      ]
    },
    "location": "EventChannel",
    "decoder": {
      "name": "windows_eventchannel"
    },
    "id": "1779789043.20913994",
    "timestamp": "2026-05-26T09:50:43.010+0000"
  },
  {
    "input": {
      "type": "log"
    },
    "agent": {
      "ip": "172.21.5.53",
      "name": "Franky",
      "id": "017"
    },
    "manager": {
      "name": "wazuh.manager"
    },
    "data": {
      "win": {
        "eventdata": {
          "subjectLogonId": "0x0",
          "targetLinkedLogonId": "0x0",
          "impersonationLevel": "%%1833",
          "ipAddress": "::1",
          "authenticationPackageName": "Kerberos",
          "targetLogonId": "0x13ab057",
          "logonProcessName": "Kerberos",
          "logonGuid": "{0e9a8747-31d8-917e-e5df-69112c579e14}",
          "targetUserName": "FRANKY$",
          "keyLength": "0",
          "elevatedToken": "%%1842",
          "subjectUserSid": "S-1-0-0",
          "processId": "0x0",
          "ipPort": "0",
          "targetDomainName": "ARZW.LOCAL",
          "targetUserSid": "S-1-5-18",
          "virtualAccount": "%%1843",
          "logonType": "3"
        },
        "system": {
          "eventID": "4624",
          "keywords": "0x8020000000000000",
          "providerGuid": "{54849625-5478-4994-a5ba-3e3b0328c30d}",
          "level": "0",
          "channel": "Security",
          "opcode": "0",
          "message": "\"Ein Konto wurde erfolgreich angemeldet.\r\n\r\nAntragsteller:\r\n\tSicherheits-ID:\t\tS-1-0-0\r\n\tKontoname:\t\t-\r\n\tKontodomäne:\t\t-\r\n\tAnmelde-ID:\t\t0x0\r\n\r\nAnmeldeinformationen:\r\n\tAnmeldetyp:\t\t3\r\n\tEingeschränkter Administratormodus:\t-\r\n\tRemote Credential Guard:\t-\r\n\tVirtuelles Konto:\t\tNein\r\n\tToken mit erhöhten Rechten:\t\tJa\r\n\r\nIdentitätswechselebene:\t\tIdentitätswechsel\r\n\r\nNeue Anmeldung:\r\n\tSicherheits-ID:\t\tS-1-5-18\r\n\tKontoname:\t\tFRANKY$\r\n\tKontodomäne:\t\tARZW.LOCAL\r\n\tAnmelde-ID:\t\t0x13AB057\r\n\tVerknüpfte Anmelde-ID:\t\t0x0\r\n\tNetzwerk-Kontoname:\t-\r\n\tNetzwerk-Kontodomäne:\t-\r\n\tAnmelde-GUID:\t\t{0e9a8747-31d8-917e-e5df-69112c579e14}\r\n\r\nProzessinformationen:\r\n\tProzess-ID:\t\t0x0\r\n\tProzessname:\t\t-\r\n\r\nNetzwerkinformationen:\r\n\tArbeitsstationsname:\t-\r\n\tQuellnetzwerkadresse:\t::1\r\n\tQuellport:\t\t0\r\n\r\nDetaillierte Authentifizierungsinformationen:\r\n\tAnmeldeprozess:\t\tKerberos\r\n\tAuthentifizierungspaket:\tKerberos\r\n\tÜbertragene Dienste:\t-\r\n\tPaketname (nur NTLM):\t-\r\n\tSchlüssellänge:\t\t0\r\n\r\nDieses Ereignis wird beim Erstellen einer Anmeldesitzung generiert. Es wird auf dem Computer generiert, auf den zugegriffen wurde.\r\n\r\nDie Antragstellerfelder geben das Konto auf dem lokalen System an, von dem die Anmeldung angefordert wurde. Dies ist meistens ein Dienst wie der Serverdienst oder ein lokaler Prozess wie Winlogon.exe oder Services.exe.\r\n\r\nDas Anmeldetypfeld gibt den jeweiligen Anmeldetyp an. Die häufigsten Typen sind 2 (interaktiv) und 3 (Netzwerk).\r\n\r\nDie Felder für die neue Anmeldung geben das Konto an, für das die neue Anmeldung erstellt wurde, d. h. das angemeldete Konto.\r\n\r\nDie Netzwerkfelder geben den Ursprung einer Remoteanmeldeanforderung an. Der Arbeitsstationsname ist nicht immer verfügbar und kann in manchen Fällen leer bleiben.\r\n\r\nDas Feld für die Identitätswechselebene gibt an, in welchem Umfang ein Prozess in der Anmeldesitzung einen Identitätswechsel vornehmen kann.\r\n\r\nDie Felder für die Authentifizierungsinformationen enthalten detaillierte Informationen zu dieser spezifische Anmeldeanforderung.\r\n\t– Die Anmelde-GUID ist ein eindeutiger Bezeichner, der verwendet werden kann, um dieses Ereignis mit einem KDC-Ereignis zu korrelieren.\r\n\t– Die übertragenen Dienste geben an, welche Zwischendienste an der Anmeldeanforderung beteiligt waren.\r\n\t– Der Paketname gibt das in den NTLM-Protokollen verwendete Unterprotokoll an.\r\n\t– Die Schlüssellänge gibt die Länge des generierten Sitzungsschlüssels an. Wenn kein Sitzungsschlüssel angefordert wurde, ist dieser Wert 0.\"",
          "version": "3",
          "systemTime": "2026-05-26T09:50:41.7625032Z",
          "eventRecordID": "765939",
          "threadID": "6448",
          "computer": "Franky.arzw.local",
          "task": "12544",
          "processID": "1180",
          "severityValue": "AUDIT_SUCCESS",
          "providerName": "Microsoft-Windows-Security-Auditing"
        }
      }
    },
    "rule": {
      "mail": false,
      "level": 3,
      "pci_dss": [
        "10.2.5"
      ],
      "hipaa": [
        "164.312.b"
      ],
      "tsc": [
        "CC6.8",
        "CC7.2",
        "CC7.3"
      ],
      "description": "Windows Logon Success",
      "groups": [
        "windows",
        "windows_security",
        "authentication_success"
      ],
      "nist_800_53": [
        "AU.14",
        "AC.9"
      ],
      "gdpr": [
        "IV_32.2"
      ],
      "firedtimes": 28,
      "mitre": {
        "technique": [
          "Valid Accounts"
        ],
        "id": [
          "T1078"
        ],
        "tactic": [
          "Defense Evasion",
          "Persistence",
          "Privilege Escalation",
          "Initial Access"
        ]
      },
      "id": "60106",
      "gpg13": [
        "7.1",
        "7.2"
      ]
    },
    "location": "EventChannel",
    "decoder": {
      "name": "windows_eventchannel"
    },
    "id": "1779789042.20906341",
    "timestamp": "2026-05-26T09:50:42.961+0000"
  },
  {
    "input": {
      "type": "log"
    },
    "agent": {
      "ip": "172.21.5.53",
      "name": "Franky",
      "id": "017"
    },
    "manager": {
      "name": "wazuh.manager"
    },
    "data": {
      "win": {
        "eventdata": {
          "targetLogonId": "0x13aaa94",
          "targetUserName": "FRANKY$",
          "targetDomainName": "ARZW",
          "targetUserSid": "S-1-5-18",
          "logonType": "3"
        },
        "system": {
          "eventID": "4634",
          "keywords": "0x8020000000000000",
          "providerGuid": "{54849625-5478-4994-a5ba-3e3b0328c30d}",
          "level": "0",
          "channel": "Security",
          "opcode": "0",
          "message": "\"Ein Konto wurde abgemeldet.\r\n\r\nAntragsteller:\r\n\tSicherheits-ID:\t\tS-1-5-18\r\n\tKontoname:\t\tFRANKY$\r\n\tKontodomäne:\t\tARZW\r\n\tAnmelde-ID:\t\t0x13AAA94\r\n\r\nAnmeldetyp:\t\t\t3\r\n\r\nDieses Ereignis wird generiert, wenn eine Anmeldesitzung zerstört wird. Es kann anhand des Wertes der Anmelde-ID positiv mit einem Anmeldeereignis korreliert werden. Anmelde-IDs sind nur zwischen Neustarts auf demselben Computer eindeutig.\"",
          "version": "0",
          "systemTime": "2026-05-26T09:50:41.7610473Z",
          "eventRecordID": "765937",
          "threadID": "9292",
          "computer": "Franky.arzw.local",
          "task": "12545",
          "processID": "1180",
          "severityValue": "AUDIT_SUCCESS",
          "providerName": "Microsoft-Windows-Security-Auditing"
        }
      }
    },
    "rule": {
      "firedtimes": 28,
      "mail": false,
      "level": 3,
      "pci_dss": [
        "10.2.5"
      ],
      "hipaa": [
        "164.312.b"
      ],
      "tsc": [
        "CC6.8",
        "CC7.2",
        "CC7.3"
      ],
      "description": "Windows User Logoff",
      "groups": [
        "windows",
        "windows_security"
      ],
      "id": "60137",
      "nist_800_53": [
        "AU.14",
        "AC.7"
      ],
      "gdpr": [
        "IV_32.2"
      ]
    },
    "location": "EventChannel",
    "decoder": {
      "name": "windows_eventchannel"
    },
    "id": "1779789042.20903931",
    "timestamp": "2026-05-26T09:50:42.928+0000"
  },
  {
    "input": {
      "type": "log"
    },
    "agent": {
      "ip": "172.21.5.53",
      "name": "Franky",
      "id": "017"
    },
    "manager": {
      "name": "wazuh.manager"
    },
    "data": {
      "win": {
        "eventdata": {
          "subjectLogonId": "0x0",
          "targetLinkedLogonId": "0x0",
          "impersonationLevel": "%%1833",
          "ipAddress": "::1",
          "authenticationPackageName": "Kerberos",
          "targetLogonId": "0x13aaa94",
          "logonProcessName": "Kerberos",
          "logonGuid": "{0e9a8747-31d8-917e-e5df-69112c579e14}",
          "targetUserName": "FRANKY$",
          "keyLength": "0",
          "elevatedToken": "%%1842",
          "subjectUserSid": "S-1-0-0",
          "processId": "0x0",
          "ipPort": "0",
          "targetDomainName": "ARZW.LOCAL",
          "targetUserSid": "S-1-5-18",
          "virtualAccount": "%%1843",
          "logonType": "3"
        },
        "system": {
          "eventID": "4624",
          "keywords": "0x8020000000000000",
          "providerGuid": "{54849625-5478-4994-a5ba-3e3b0328c30d}",
          "level": "0",
          "channel": "Security",
          "opcode": "0",
          "message": "\"Ein Konto wurde erfolgreich angemeldet.\r\n\r\nAntragsteller:\r\n\tSicherheits-ID:\t\tS-1-0-0\r\n\tKontoname:\t\t-\r\n\tKontodomäne:\t\t-\r\n\tAnmelde-ID:\t\t0x0\r\n\r\nAnmeldeinformationen:\r\n\tAnmeldetyp:\t\t3\r\n\tEingeschränkter Administratormodus:\t-\r\n\tRemote Credential Guard:\t-\r\n\tVirtuelles Konto:\t\tNein\r\n\tToken mit erhöhten Rechten:\t\tJa\r\n\r\nIdentitätswechselebene:\t\tIdentitätswechsel\r\n\r\nNeue Anmeldung:\r\n\tSicherheits-ID:\t\tS-1-5-18\r\n\tKontoname:\t\tFRANKY$\r\n\tKontodomäne:\t\tARZW.LOCAL\r\n\tAnmelde-ID:\t\t0x13AAA94\r\n\tVerknüpfte Anmelde-ID:\t\t0x0\r\n\tNetzwerk-Kontoname:\t-\r\n\tNetzwerk-Kontodomäne:\t-\r\n\tAnmelde-GUID:\t\t{0e9a8747-31d8-917e-e5df-69112c579e14}\r\n\r\nProzessinformationen:\r\n\tProzess-ID:\t\t0x0\r\n\tProzessname:\t\t-\r\n\r\nNetzwerkinformationen:\r\n\tArbeitsstationsname:\t-\r\n\tQuellnetzwerkadresse:\t::1\r\n\tQuellport:\t\t0\r\n\r\nDetaillierte Authentifizierungsinformationen:\r\n\tAnmeldeprozess:\t\tKerberos\r\n\tAuthentifizierungspaket:\tKerberos\r\n\tÜbertragene Dienste:\t-\r\n\tPaketname (nur NTLM):\t-\r\n\tSchlüssellänge:\t\t0\r\n\r\nDieses Ereignis wird beim Erstellen einer Anmeldesitzung generiert. Es wird auf dem Computer generiert, auf den zugegriffen wurde.\r\n\r\nDie Antragstellerfelder geben das Konto auf dem lokalen System an, von dem die Anmeldung angefordert wurde. Dies ist meistens ein Dienst wie der Serverdienst oder ein lokaler Prozess wie Winlogon.exe oder Services.exe.\r\n\r\nDas Anmeldetypfeld gibt den jeweiligen Anmeldetyp an. Die häufigsten Typen sind 2 (interaktiv) und 3 (Netzwerk).\r\n\r\nDie Felder für die neue Anmeldung geben das Konto an, für das die neue Anmeldung erstellt wurde, d. h. das angemeldete Konto.\r\n\r\nDie Netzwerkfelder geben den Ursprung einer Remoteanmeldeanforderung an. Der Arbeitsstationsname ist nicht immer verfügbar und kann in manchen Fällen leer bleiben.\r\n\r\nDas Feld für die Identitätswechselebene gibt an, in welchem Umfang ein Prozess in der Anmeldesitzung einen Identitätswechsel vornehmen kann.\r\n\r\nDie Felder für die Authentifizierungsinformationen enthalten detaillierte Informationen zu dieser spezifische Anmeldeanforderung.\r\n\t– Die Anmelde-GUID ist ein eindeutiger Bezeichner, der verwendet werden kann, um dieses Ereignis mit einem KDC-Ereignis zu korrelieren.\r\n\t– Die übertragenen Dienste geben an, welche Zwischendienste an der Anmeldeanforderung beteiligt waren.\r\n\t– Der Paketname gibt das in den NTLM-Protokollen verwendete Unterprotokoll an.\r\n\t– Die Schlüssellänge gibt die Länge des generierten Sitzungsschlüssels an. Wenn kein Sitzungsschlüssel angefordert wurde, ist dieser Wert 0.\"",
          "version": "3",
          "systemTime": "2026-05-26T09:50:41.6518447Z",
          "eventRecordID": "765936",
          "threadID": "9292",
          "computer": "Franky.arzw.local",
          "task": "12544",
          "processID": "1180",
          "severityValue": "AUDIT_SUCCESS",
          "providerName": "Microsoft-Windows-Security-Auditing"
        }
      }
    },
    "rule": {
      "mail": false,
      "level": 3,
      "pci_dss": [
        "10.2.5"
      ],
      "hipaa": [
        "164.312.b"
      ],
      "tsc": [
        "CC6.8",
        "CC7.2",
        "CC7.3"
      ],
      "description": "Windows Logon Success",
      "groups": [
        "windows",
        "windows_security",
        "authentication_success"
      ],
      "nist_800_53": [
        "AU.14",
        "AC.9"
      ],
      "gdpr": [
        "IV_32.2"
      ],
      "firedtimes": 27,
      "mitre": {
        "technique": [
          "Valid Accounts"
        ],
        "id": [
          "T1078"
        ],
        "tactic": [
          "Defense Evasion",
          "Persistence",
          "Privilege Escalation",
          "Initial Access"
        ]
      },
      "id": "60106",
      "gpg13": [
        "7.1",
        "7.2"
      ]
    },
    "location": "EventChannel",
    "decoder": {
      "name": "windows_eventchannel"
    },
    "id": "1779789042.20896278",
    "timestamp": "2026-05-26T09:50:42.921+0000"
  },
  {
    "input": {
      "type": "log"
    },
    "agent": {
      "ip": "172.21.5.40",
      "name": "KS_2026_001",
      "id": "104"
    },
    "manager": {
      "name": "wazuh.manager"
    },
    "data": {
      "win": {
        "eventdata": {
          "messageText": "SubmitDone Submit(Request): Bad Request {\\\"Message\\\":\\\"No valid TPM EK/Platform certificate provided in the TPM identity request message.\\\"} HTTP/1.1 400 Bad Request Date: Tue, 26 May 2026 09:50:21 GMT Content-Length: 96 Content-Type: application/json; charset=utf-8 X-Content-Type-Options: nosniff Strict-Transport-Security: max-age=31536000;includeSubDomains x-ms-request-id: d72e182d-6ba8-4c3e-bd34-72ef70b3196d",
          "method": "POST(1547ms)",
          "stage": "SubmitDone",
          "context": "ARZW\\\\KS_2026_001$",
          "errorCode": "Ungültige Anforderung (400). 0x80190190 (-2145844848 HTTP_E_STATUS_BAD_REQUEST)",
          "url": "https://INTC-KeyId-ea950d987bcff0df9aac1feffb8ab4803fef2ca2.microsoftaik.azure.net/templates/Aik/scep"
        },
        "system": {
          "eventID": "87",
          "eventSourceName": "CertEnroll",
          "keywords": "0x80000000000000",
          "providerGuid": "{54164045-7C50-4905-963F-E5BC1EEF0CCA}",
          "level": "2",
          "channel": "Application",
          "opcode": "0",
          "message": "\"Fehler bei der SCEP-Zertifikatregistrierung für ARZW\\KS_2026_001$ über https://INTC-KeyId-ea950d987bcff0df9aac1feffb8ab4803fef2ca2.microsoftaik.azure.net/templates/Aik/scep:\r\n\r\nSubmitDone\nSubmit(Request): Bad Request\n{\"Message\":\"No valid TPM EK/Platform certificate provided in the TPM identity request message.\"}\nHTTP/1.1 400 Bad Request\nDate: Tue, 26 May 2026 09:50:21 GMT\nContent-Length: 96\nContent-Type: application/json; charset=utf-8\nX-Content-Type-Options: nosniff\nStrict-Transport-Security: max-age=31536000;includeSubDomains\nx-ms-request-id: d72e182d-6ba8-4c3e-bd34-72ef70b3196d\n\r\nMethode: POST(1547ms)\r\nPhase: SubmitDone\r\nUngültige Anforderung (400). 0x80190190 (-2145844848 HTTP_E_STATUS_BAD_REQUEST)\"",
          "version": "0",
          "systemTime": "2026-05-26T09:50:22.2715826Z",
          "eventRecordID": "29216",
          "threadID": "0",
          "computer": "KS_2026_001.arzw.local",
          "task": "0",
          "processID": "5260",
          "severityValue": "ERROR",
          "providerName": "Microsoft-Windows-CertificateServicesClient-CertEnroll"
        }
      }
    },
    "rule": {
      "firedtimes": 8,
      "mail": false,
      "level": 9,
      "description": "Windows application error event.",
      "groups": [
        "windows",
        "windows_application",
        "system_error"
      ],
      "id": "60602",
      "gdpr": [
        "IV_35.7.d"
      ],
      "gpg13": [
        "4.3"
      ]
    },
    "location": "EventChannel",
    "decoder": {
      "name": "windows_eventchannel"
    },
    "id": "1779789038.20892029",
    "timestamp": "2026-05-26T09:50:38.417+0000"
  },
  {
    "input": {
      "type": "log"
    },
    "agent": {
      "ip": "172.21.5.40",
      "name": "KS_2026_001",
      "id": "104"
    },
    "manager": {
      "name": "wazuh.manager"
    },
    "data": {
      "win": {
        "eventdata": {
          "messageText": "SubmitDone Submit(Request): Bad Request {\\\"Message\\\":\\\"No valid TPM EK/Platform certificate provided in the TPM identity request message.\\\"} HTTP/1.1 400 Bad Request Date: Tue, 26 May 2026 09:50:20 GMT Content-Length: 96 Content-Type: application/json; charset=utf-8 X-Content-Type-Options: nosniff Strict-Transport-Security: max-age=31536000;includeSubDomains x-ms-request-id: 88c7a5ad-1980-447c-b59f-bee08bb85217",
          "method": "POST(1188ms)",
          "stage": "SubmitDone",
          "context": "Lokales System",
          "errorCode": "Ungültige Anforderung (400). 0x80190190 (-2145844848 HTTP_E_STATUS_BAD_REQUEST)",
          "url": "https://INTC-KeyId-ea950d987bcff0df9aac1feffb8ab4803fef2ca2.microsoftaik.azure.net/templates/Aik/scep"
        },
        "system": {
          "eventID": "87",
          "eventSourceName": "CertEnroll",
          "keywords": "0x80000000000000",
          "providerGuid": "{54164045-7C50-4905-963F-E5BC1EEF0CCA}",
          "level": "2",
          "channel": "Application",
          "opcode": "0",
          "message": "\"Fehler bei der SCEP-Zertifikatregistrierung für Lokales System über https://INTC-KeyId-ea950d987bcff0df9aac1feffb8ab4803fef2ca2.microsoftaik.azure.net/templates/Aik/scep:\r\n\r\nSubmitDone\nSubmit(Request): Bad Request\n{\"Message\":\"No valid TPM EK/Platform certificate provided in the TPM identity request message.\"}\nHTTP/1.1 400 Bad Request\nDate: Tue, 26 May 2026 09:50:20 GMT\nContent-Length: 96\nContent-Type: application/json; charset=utf-8\nX-Content-Type-Options: nosniff\nStrict-Transport-Security: max-age=31536000;includeSubDomains\nx-ms-request-id: 88c7a5ad-1980-447c-b59f-bee08bb85217\n\r\nMethode: POST(1188ms)\r\nPhase: SubmitDone\r\nUngültige Anforderung (400). 0x80190190 (-2145844848 HTTP_E_STATUS_BAD_REQUEST)\"",
          "version": "0",
          "systemTime": "2026-05-26T09:50:20.6565668Z",
          "eventRecordID": "29215",
          "threadID": "0",
          "computer": "KS_2026_001.arzw.local",
          "task": "0",
          "processID": "5260",
          "severityValue": "ERROR",
          "providerName": "Microsoft-Windows-CertificateServicesClient-CertEnroll"
        }
      }
    },
    "rule": {
      "firedtimes": 7,
      "mail": false,
      "level": 9,
      "description": "Windows application error event.",
      "groups": [
        "windows",
        "windows_application",
        "system_error"
      ],
      "id": "60602",
      "gdpr": [
        "IV_35.7.d"
      ],
      "gpg13": [
        "4.3"
      ]
    },
    "location": "EventChannel",
    "decoder": {
      "name": "windows_eventchannel"
    },
    "id": "1779789038.20887797",
    "timestamp": "2026-05-26T09:50:38.403+0000"
  },
  {
    "input": {
      "type": "log"
    },
    "agent": {
      "ip": "172.21.5.40",
      "name": "KS_2026_001",
      "id": "104"
    },
    "manager": {
      "name": "wazuh.manager"
    },
    "data": {
      "win": {
        "eventdata": {
          "data": "Failed to GetUserSid. hr: 0x8001012d, APMon.dll"
        },
        "system": {
          "eventID": "1",
          "keywords": "0x80000000000000",
          "level": "2",
          "channel": "Application",
          "opcode": "0",
          "message": "\"Failed to GetUserSid. hr: 0x8001012d\"",
          "version": "0",
          "systemTime": "2026-05-26T09:50:18.4220807Z",
          "eventRecordID": "29213",
          "threadID": "0",
          "computer": "KS_2026_001.arzw.local",
          "task": "0",
          "processID": "3996",
          "severityValue": "ERROR",
          "providerName": "Universal Print"
        }
      }
    },
    "rule": {
      "firedtimes": 6,
      "mail": false,
      "level": 9,
      "description": "Windows application error event.",
      "groups": [
        "windows",
        "windows_application",
        "system_error"
      ],
      "id": "60602",
      "gdpr": [
        "IV_35.7.d"
      ],
      "gpg13": [
        "4.3"
      ]
    },
    "location": "EventChannel",
    "decoder": {
      "name": "windows_eventchannel"
    },
    "id": "1779789038.20886574",
    "timestamp": "2026-05-26T09:50:38.370+0000"
  },
  {
    "input": {
      "type": "log"
    },
    "agent": {
      "ip": "172.21.5.40",
      "name": "KS_2026_001",
      "id": "104"
    },
    "manager": {
      "name": "wazuh.manager"
    },
    "data": {
      "win": {
        "eventdata": {
          "data": "Failed to GetUserSid. hr: 0x8001012d, APMon.dll"
        },
        "system": {
          "eventID": "1",
          "keywords": "0x80000000000000",
          "level": "2",
          "channel": "Application",
          "opcode": "0",
          "message": "\"Failed to GetUserSid. hr: 0x8001012d\"",
          "version": "0",
          "systemTime": "2026-05-26T09:50:13.7068146Z",
          "eventRecordID": "29206",
          "threadID": "0",
          "computer": "KS_2026_001.arzw.local",
          "task": "0",
          "processID": "3996",
          "severityValue": "ERROR",
          "providerName": "Universal Print"
        }
      }
    },
    "rule": {
      "firedtimes": 5,
      "mail": false,
      "level": 9,
      "description": "Windows application error event.",
      "groups": [
        "windows",
        "windows_application",
        "system_error"
      ],
      "id": "60602",
      "gdpr": [
        "IV_35.7.d"
      ],
      "gpg13": [
        "4.3"
      ]
    },
    "location": "EventChannel",
    "decoder": {
      "name": "windows_eventchannel"
    },
    "id": "1779789038.20885351",
    "timestamp": "2026-05-26T09:50:38.305+0000"
  },
  {
    "input": {
      "type": "log"
    },
    "agent": {
      "ip": "172.21.5.40",
      "name": "KS_2026_001",
      "id": "104"
    },
    "manager": {
      "name": "wazuh.manager"
    },
    "data": {
      "win": {
        "eventdata": {
          "data": "Failed to GetUserSid. hr: 0x8001012d, APMon.dll"
        },
        "system": {
          "eventID": "1",
          "keywords": "0x80000000000000",
          "level": "2",
          "channel": "Application",
          "opcode": "0",
          "message": "\"Failed to GetUserSid. hr: 0x8001012d\"",
          "version": "0",
          "systemTime": "2026-05-26T09:50:13.7047982Z",
          "eventRecordID": "29204",
          "threadID": "0",
          "computer": "KS_2026_001.arzw.local",
          "task": "0",
          "processID": "3996",
          "severityValue": "ERROR",
          "providerName": "Universal Print"
        }
      }
    },
    "rule": {
      "firedtimes": 4,
      "mail": false,
      "level": 9,
      "description": "Windows application error event.",
      "groups": [
        "windows",
        "windows_application",
        "system_error"
      ],
      "id": "60602",
      "gdpr": [
        "IV_35.7.d"
      ],
      "gpg13": [
        "4.3"
      ]
    },
    "location": "EventChannel",
    "decoder": {
      "name": "windows_eventchannel"
    },
    "id": "1779789038.20884128",
    "timestamp": "2026-05-26T09:50:38.286+0000"
  },
  {
    "input": {
      "type": "log"
    },
    "agent": {
      "ip": "172.21.5.40",
      "name": "KS_2026_001",
      "id": "104"
    },
    "manager": {
      "name": "wazuh.manager"
    },
    "data": {
      "win": {
        "eventdata": {
          "data": "Failed to GetUserSid. hr: 0x8001012d, APMon.dll"
        },
        "system": {
          "eventID": "1",
          "keywords": "0x80000000000000",
          "level": "2",
          "channel": "Application",
          "opcode": "0",
          "message": "\"Failed to GetUserSid. hr: 0x8001012d\"",
          "version": "0",
          "systemTime": "2026-05-26T09:50:13.7019550Z",
          "eventRecordID": "29202",
          "threadID": "0",
          "computer": "KS_2026_001.arzw.local",
          "task": "0",
          "processID": "3996",
          "severityValue": "ERROR",
          "providerName": "Universal Print"
        }
      }
    },
    "rule": {
      "firedtimes": 3,
      "mail": false,
      "level": 9,
      "description": "Windows application error event.",
      "groups": [
        "windows",
        "windows_application",
        "system_error"
      ],
      "id": "60602",
      "gdpr": [
        "IV_35.7.d"
      ],
      "gpg13": [
        "4.3"
      ]
    },
    "location": "EventChannel",
    "decoder": {
      "name": "windows_eventchannel"
    },
    "id": "1779789038.20882905",
    "timestamp": "2026-05-26T09:50:38.266+0000"
  },
  {
    "input": {
      "type": "log"
    },
    "agent": {
      "ip": "172.21.5.40",
      "name": "KS_2026_001",
      "id": "104"
    },
    "manager": {
      "name": "wazuh.manager"
    },
    "data": {
      "win": {
        "eventdata": {
          "data": "Failed to GetUserSid. hr: 0x8001012d, APMon.dll"
        },
        "system": {
          "eventID": "1",
          "keywords": "0x80000000000000",
          "level": "2",
          "channel": "Application",
          "opcode": "0",
          "message": "\"Failed to GetUserSid. hr: 0x8001012d\"",
          "version": "0",
          "systemTime": "2026-05-26T09:50:13.6994268Z",
          "eventRecordID": "29200",
          "threadID": "0",
          "computer": "KS_2026_001.arzw.local",
          "task": "0",
          "processID": "3996",
          "severityValue": "ERROR",
          "providerName": "Universal Print"
        }
      }
    },
    "rule": {
      "firedtimes": 2,
      "mail": false,
      "level": 9,
      "description": "Windows application error event.",
      "groups": [
        "windows",
        "windows_application",
        "system_error"
      ],
      "id": "60602",
      "gdpr": [
        "IV_35.7.d"
      ],
      "gpg13": [
        "4.3"
      ]
    },
    "location": "EventChannel",
    "decoder": {
      "name": "windows_eventchannel"
    },
    "id": "1779789038.20881682",
    "timestamp": "2026-05-26T09:50:38.244+0000"
  },
