  {
    "input": {
      "type": "log"
    },
    "agent": {
      "ip": "172.21.4.243",
      "name": "Nicole_RZ",
      "id": "079"
    },
    "manager": {
      "name": "wazuh.manager"
    },
    "data": {
      "win": {
        "eventdata": {
          "binary": "4C0069006200720065004F00660066006900630065004D00610069006E00740065006E0061006E00630065000000",
          "param1": "LibreOffice Maintenance Service",
          "param2": "%%2"
        },
        "system": {
          "eventID": "7000",
          "eventSourceName": "Service Control Manager",
          "keywords": "0x8080000000000000",
          "providerGuid": "{555908d1-a6d7-4695-8e1e-26931d2012f4}",
          "level": "2",
          "channel": "System",
          "opcode": "0",
          "message": "\"Der Dienst \"LibreOffice Maintenance Service\" wurde aufgrund folgenden Fehlers nicht gestartet: \r\nDas System kann die angegebene Datei nicht finden.\"",
          "version": "0",
          "systemTime": "2026-05-26T09:23:38.0368896Z",
          "eventRecordID": "23069",
          "threadID": "380",
          "computer": "Nicole_RZ.arzw.local",
          "task": "0",
          "processID": "628",
          "severityValue": "ERROR",
          "providerName": "Service Control Manager"
        }
      }
    },
    "rule": {
      "firedtimes": 15,
      "mail": false,
      "level": 5,
      "description": "Windows System error event",
      "groups": [
        "windows",
        "windows_system",
        "system_error"
      ],
      "id": "61102",
      "gpg13": [
        "4.3"
      ],
      "gdpr": [
        "IV_35.7.d"
      ]
    },
    "location": "EventChannel",
    "decoder": {
      "name": "windows_eventchannel"
    },
    "id": "1779787418.20280811",
    "timestamp": "2026-05-26T09:23:38.429+0000"
  },
  {
    "input": {
      "type": "log"
    },
    "agent": {
      "ip": "172.21.4.243",
      "name": "Nicole_RZ",
      "id": "079"
    },
    "previous_output": "{\"win\":{\"system\":{\"providerName\":\"Service Control Manager\",\"providerGuid\":\"{555908d1-a6d7-4695-8e1e-26931d2012f4}\",\"eventSourceName\":\"Service Control Manager\",\"eventID\":\"7000\",\"version\":\"0\",\"level\":\"2\",\"task\":\"0\",\"opcode\":\"0\",\"keywords\":\"0x8080000000000000\",\"systemTime\":\"2026-05-26T09:23:37.8124258Z\",\"eventRecordID\":\"23067\",\"processID\":\"628\",\"threadID\":\"380\",\"channel\":\"System\",\"computer\":\"Nicole_RZ.arzw.local\",\"severityValue\":\"ERROR\",\"message\":\"\\\"Der Dienst \\\"LibreOffice Maintenance Service\\\" wurde aufgrund folgenden Fehlers nicht gestartet: \\r\\nDas System kann die angegebene Datei nicht finden.\\\"\"},\"eventdata\":{\"param1\":\"LibreOffice Maintenance Service\",\"param2\":\"%%2\",\"binary\":\"4C0069006200720065004F00660066006900630065004D00610069006E00740065006E0061006E00630065000000\"}}}\n{\"win\":{\"system\":{\"providerName\":\"Service Control Manager\",\"providerGuid\":\"{555908d1-a6d7-4695-8e1e-26931d2012f4}\",\"eventSourceName\":\"Service Control Manager\",\"eventID\":\"7000\",\"version\":\"0\",\"level\":\"2\",\"task\":\"0\",\"opcode\":\"0\",\"keywords\":\"0x8080000000000000\",\"systemTime\":\"2026-05-26T09:23:37.7031804Z\",\"eventRecordID\":\"23066\",\"processID\":\"628\",\"threadID\":\"380\",\"channel\":\"System\",\"computer\":\"Nicole_RZ.arzw.local\",\"severityValue\":\"ERROR\",\"message\":\"\\\"Der Dienst \\\"LibreOffice Maintenance Service\\\" wurde aufgrund folgenden Fehlers nicht gestartet: \\r\\nDas System kann die angegebene Datei nicht finden.\\\"\"},\"eventdata\":{\"param1\":\"LibreOffice Maintenance Service\",\"param2\":\"%%2\",\"binary\":\"4C0069006200720065004F00660066006900630065004D00610069006E00740065006E0061006E00630065000000\"}}}\n{\"win\":{\"system\":{\"providerName\":\"Service Control Manager\",\"providerGuid\":\"{555908d1-a6d7-4695-8e1e-26931d2012f4}\",\"eventSourceName\":\"Service Control Manager\",\"eventID\":\"7000\",\"version\":\"0\",\"level\":\"2\",\"task\":\"0\",\"opcode\":\"0\",\"keywords\":\"0x8080000000000000\",\"systemTime\":\"2026-05-26T09:23:37.5904906Z\",\"eventRecordID\":\"23065\",\"processID\":\"628\",\"threadID\":\"380\",\"channel\":\"System\",\"computer\":\"Nicole_RZ.arzw.local\",\"severityValue\":\"ERROR\",\"message\":\"\\\"Der Dienst \\\"LibreOffice Maintenance Service\\\" wurde aufgrund folgenden Fehlers nicht gestartet: \\r\\nDas System kann die angegebene Datei nicht finden.\\\"\"},\"eventdata\":{\"param1\":\"LibreOffice Maintenance Service\",\"param2\":\"%%2\",\"binary\":\"4C0069006200720065004F00660066006900630065004D00610069006E00740065006E0061006E00630065000000\"}}}\n{\"win\":{\"system\":{\"providerName\":\"Service Control Manager\",\"providerGuid\":\"{555908d1-a6d7-4695-8e1e-26931d2012f4}\",\"eventSourceName\":\"Service Control Manager\",\"eventID\":\"7000\",\"version\":\"0\",\"level\":\"2\",\"task\":\"0\",\"opcode\":\"0\",\"keywords\":\"0x8080000000000000\",\"systemTime\":\"2026-05-26T09:23:37.4786926Z\",\"eventRecordID\":\"23064\",\"processID\":\"628\",\"threadID\":\"380\",\"channel\":\"System\",\"computer\":\"Nicole_RZ.arzw.local\",\"severityValue\":\"ERROR\",\"message\":\"\\\"Der Dienst \\\"LibreOffice Maintenance Service\\\" wurde aufgrund folgenden Fehlers nicht gestartet: \\r\\nDas System kann die angegebene Datei nicht finden.\\\"\"},\"eventdata\":{\"param1\":\"LibreOffice Maintenance Service\",\"param2\":\"%%2\",\"binary\":\"4C0069006200720065004F00660066006900630065004D00610069006E00740065006E0061006E00630065000000\"}}}\n{\"win\":{\"system\":{\"providerName\":\"Service Control Manager\",\"providerGuid\":\"{555908d1-a6d7-4695-8e1e-26931d2012f4}\",\"eventSourceName\":\"Service Control Manager\",\"eventID\":\"7000\",\"version\":\"0\",\"level\":\"2\",\"task\":\"0\",\"opcode\":\"0\",\"keywords\":\"0x8080000000000000\",\"systemTime\":\"2026-05-26T09:23:37.3671534Z\",\"eventRecordID\":\"23063\",\"processID\":\"628\",\"threadID\":\"380\",\"channel\":\"System\",\"computer\":\"Nicole_RZ.arzw.local\",\"severityValue\":\"ERROR\",\"message\":\"\\\"Der Dienst \\\"LibreOffice Maintenance Service\\\" wurde aufgrund folgenden Fehlers nicht gestartet: \\r\\nDas System kann die angegebene Datei nicht finden.\\\"\"},\"eventdata\":{\"param1\":\"LibreOffice Maintenance Service\",\"param2\":\"%%2\",\"binary\":\"4C0069006200720065004F00660066006900630065004D00610069006E00740065006E0061006E00630065000000\"}}}\n{\"win\":{\"system\":{\"providerName\":\"Service Control Manager\",\"providerGuid\":\"{555908d1-a6d7-4695-8e1e-26931d2012f4}\",\"eventSourceName\":\"Service Control Manager\",\"eventID\":\"7000\",\"version\":\"0\",\"level\":\"2\",\"task\":\"0\",\"opcode\":\"0\",\"keywords\":\"0x8080000000000000\",\"systemTime\":\"2026-05-26T09:23:37.2574536Z\",\"eventRecordID\":\"23062\",\"processID\":\"628\",\"threadID\":\"380\",\"channel\":\"System\",\"computer\":\"Nicole_RZ.arzw.local\",\"severityValue\":\"ERROR\",\"message\":\"\\\"Der Dienst \\\"LibreOffice Maintenance Service\\\" wurde aufgrund folgenden Fehlers nicht gestartet: \\r\\nDas System kann die angegebene Datei nicht finden.\\\"\"},\"eventdata\":{\"param1\":\"LibreOffice Maintenance Service\",\"param2\":\"%%2\",\"binary\":\"4C0069006200720065004F00660066006900630065004D00610069006E00740065006E0061006E00630065000000\"}}}\n{\"win\":{\"system\":{\"providerName\":\"Service Control Manager\",\"providerGuid\":\"{555908d1-a6d7-4695-8e1e-26931d2012f4}\",\"eventSourceName\":\"Service Control Manager\",\"eventID\":\"7000\",\"version\":\"0\",\"level\":\"2\",\"task\":\"0\",\"opcode\":\"0\",\"keywords\":\"0x8080000000000000\",\"systemTime\":\"2026-05-26T09:23:37.1461818Z\",\"eventRecordID\":\"23061\",\"processID\":\"628\",\"threadID\":\"380\",\"channel\":\"System\",\"computer\":\"Nicole_RZ.arzw.local\",\"severityValue\":\"ERROR\",\"message\":\"\\\"Der Dienst \\\"LibreOffice Maintenance Service\\\" wurde aufgrund folgenden Fehlers nicht gestartet: \\r\\nDas System kann die angegebene Datei nicht finden.\\\"\"},\"eventdata\":{\"param1\":\"LibreOffice Maintenance Service\",\"param2\":\"%%2\",\"binary\":\"4C0069006200720065004F00660066006900630065004D00610069006E00740065006E0061006E00630065000000\"}}}",
    "manager": {
      "name": "wazuh.manager"
    },
    "data": {
      "win": {
        "eventdata": {
          "binary": "4C0069006200720065004F00660066006900630065004D00610069006E00740065006E0061006E00630065000000",
          "param1": "LibreOffice Maintenance Service",
          "param2": "%%2"
        },
        "system": {
          "eventID": "7000",
          "eventSourceName": "Service Control Manager",
          "keywords": "0x8080000000000000",
          "providerGuid": "{555908d1-a6d7-4695-8e1e-26931d2012f4}",
          "level": "2",
          "channel": "System",
          "opcode": "0",
          "message": "\"Der Dienst \"LibreOffice Maintenance Service\" wurde aufgrund folgenden Fehlers nicht gestartet: \r\nDas System kann die angegebene Datei nicht finden.\"",
          "version": "0",
          "systemTime": "2026-05-26T09:23:37.9253716Z",
          "eventRecordID": "23068",
          "threadID": "380",
          "computer": "Nicole_RZ.arzw.local",
          "task": "0",
          "processID": "628",
          "severityValue": "ERROR",
          "providerName": "Service Control Manager"
        }
      }
    },
    "rule": {
      "firedtimes": 2,
      "mail": false,
      "level": 10,
      "description": "Multiple System error events",
      "groups": [
        "windows",
        "windows_system"
      ],
      "id": "61110",
      "frequency": 8
    },
    "location": "EventChannel",
    "decoder": {
      "name": "windows_eventchannel"
    },
    "id": "1779787418.20273453",
    "timestamp": "2026-05-26T09:23:38.412+0000"
  },
  {
    "input": {
      "type": "log"
    },
    "agent": {
      "ip": "172.21.4.243",
      "name": "Nicole_RZ",
      "id": "079"
    },
    "manager": {
      "name": "wazuh.manager"
    },
    "data": {
      "win": {
        "eventdata": {
          "binary": "4C0069006200720065004F00660066006900630065004D00610069006E00740065006E0061006E00630065000000",
          "param1": "LibreOffice Maintenance Service",
          "param2": "%%2"
        },
        "system": {
          "eventID": "7000",
          "eventSourceName": "Service Control Manager",
          "keywords": "0x8080000000000000",
          "providerGuid": "{555908d1-a6d7-4695-8e1e-26931d2012f4}",
          "level": "2",
          "channel": "System",
          "opcode": "0",
          "message": "\"Der Dienst \"LibreOffice Maintenance Service\" wurde aufgrund folgenden Fehlers nicht gestartet: \r\nDas System kann die angegebene Datei nicht finden.\"",
          "version": "0",
          "systemTime": "2026-05-26T09:23:37.8124258Z",
          "eventRecordID": "23067",
          "threadID": "380",
          "computer": "Nicole_RZ.arzw.local",
          "task": "0",
          "processID": "628",
          "severityValue": "ERROR",
          "providerName": "Service Control Manager"
        }
      }
    },
    "rule": {
      "firedtimes": 14,
      "mail": false,
      "level": 5,
      "description": "Windows System error event",
      "groups": [
        "windows",
        "windows_system",
        "system_error"
      ],
      "id": "61102",
      "gpg13": [
        "4.3"
      ],
      "gdpr": [
        "IV_35.7.d"
      ]
    },
    "location": "EventChannel",
    "decoder": {
      "name": "windows_eventchannel"
    },
    "id": "1779787418.20271555",
    "timestamp": "2026-05-26T09:23:38.396+0000"
  },
  {
    "input": {
      "type": "log"
    },
    "agent": {
      "ip": "172.21.4.243",
      "name": "Nicole_RZ",
      "id": "079"
    },
    "manager": {
      "name": "wazuh.manager"
    },
    "data": {
      "win": {
        "eventdata": {
          "binary": "4C0069006200720065004F00660066006900630065004D00610069006E00740065006E0061006E00630065000000",
          "param1": "LibreOffice Maintenance Service",
          "param2": "%%2"
        },
        "system": {
          "eventID": "7000",
          "eventSourceName": "Service Control Manager",
          "keywords": "0x8080000000000000",
          "providerGuid": "{555908d1-a6d7-4695-8e1e-26931d2012f4}",
          "level": "2",
          "channel": "System",
          "opcode": "0",
          "message": "\"Der Dienst \"LibreOffice Maintenance Service\" wurde aufgrund folgenden Fehlers nicht gestartet: \r\nDas System kann die angegebene Datei nicht finden.\"",
          "version": "0",
          "systemTime": "2026-05-26T09:23:37.7031804Z",
          "eventRecordID": "23066",
          "threadID": "380",
          "computer": "Nicole_RZ.arzw.local",
          "task": "0",
          "processID": "628",
          "severityValue": "ERROR",
          "providerName": "Service Control Manager"
        }
      }
    },
    "rule": {
      "firedtimes": 13,
      "mail": false,
      "level": 5,
      "description": "Windows System error event",
      "groups": [
        "windows",
        "windows_system",
        "system_error"
      ],
      "id": "61102",
      "gpg13": [
        "4.3"
      ],
      "gdpr": [
        "IV_35.7.d"
      ]
    },
    "location": "EventChannel",
    "decoder": {
      "name": "windows_eventchannel"
    },
    "id": "1779787418.20269657",
    "timestamp": "2026-05-26T09:23:38.380+0000"
  },
  {
    "input": {
      "type": "log"
    },
    "agent": {
      "ip": "172.21.4.243",
      "name": "Nicole_RZ",
      "id": "079"
    },
    "manager": {
      "name": "wazuh.manager"
    },
    "data": {
      "win": {
        "eventdata": {
          "binary": "4C0069006200720065004F00660066006900630065004D00610069006E00740065006E0061006E00630065000000",
          "param1": "LibreOffice Maintenance Service",
          "param2": "%%2"
        },
        "system": {
          "eventID": "7000",
          "eventSourceName": "Service Control Manager",
          "keywords": "0x8080000000000000",
          "providerGuid": "{555908d1-a6d7-4695-8e1e-26931d2012f4}",
          "level": "2",
          "channel": "System",
          "opcode": "0",
          "message": "\"Der Dienst \"LibreOffice Maintenance Service\" wurde aufgrund folgenden Fehlers nicht gestartet: \r\nDas System kann die angegebene Datei nicht finden.\"",
          "version": "0",
          "systemTime": "2026-05-26T09:23:37.5904906Z",
          "eventRecordID": "23065",
          "threadID": "380",
          "computer": "Nicole_RZ.arzw.local",
          "task": "0",
          "processID": "628",
          "severityValue": "ERROR",
          "providerName": "Service Control Manager"
        }
      }
    },
    "rule": {
      "firedtimes": 12,
      "mail": false,
      "level": 5,
      "description": "Windows System error event",
      "groups": [
        "windows",
        "windows_system",
        "system_error"
      ],
      "id": "61102",
      "gpg13": [
        "4.3"
      ],
      "gdpr": [
        "IV_35.7.d"
      ]
    },
    "location": "EventChannel",
    "decoder": {
      "name": "windows_eventchannel"
    },
    "id": "1779787418.20267759",
    "timestamp": "2026-05-26T09:23:38.355+0000"
  },
  {
    "input": {
      "type": "log"
    },
    "agent": {
      "ip": "172.21.4.243",
      "name": "Nicole_RZ",
      "id": "079"
    },
    "manager": {
      "name": "wazuh.manager"
    },
    "data": {
      "win": {
        "eventdata": {
          "binary": "4C0069006200720065004F00660066006900630065004D00610069006E00740065006E0061006E00630065000000",
          "param1": "LibreOffice Maintenance Service",
          "param2": "%%2"
        },
        "system": {
          "eventID": "7000",
          "eventSourceName": "Service Control Manager",
          "keywords": "0x8080000000000000",
          "providerGuid": "{555908d1-a6d7-4695-8e1e-26931d2012f4}",
          "level": "2",
          "channel": "System",
          "opcode": "0",
          "message": "\"Der Dienst \"LibreOffice Maintenance Service\" wurde aufgrund folgenden Fehlers nicht gestartet: \r\nDas System kann die angegebene Datei nicht finden.\"",
          "version": "0",
          "systemTime": "2026-05-26T09:23:37.4786926Z",
          "eventRecordID": "23064",
          "threadID": "380",
          "computer": "Nicole_RZ.arzw.local",
          "task": "0",
          "processID": "628",
          "severityValue": "ERROR",
          "providerName": "Service Control Manager"
        }
      }
    },
    "rule": {
      "firedtimes": 11,
      "mail": false,
      "level": 5,
      "description": "Windows System error event",
      "groups": [
        "windows",
        "windows_system",
        "system_error"
      ],
      "id": "61102",
      "gpg13": [
        "4.3"
      ],
      "gdpr": [
        "IV_35.7.d"
      ]
    },
    "location": "EventChannel",
    "decoder": {
      "name": "windows_eventchannel"
    },
    "id": "1779787418.20265861",
    "timestamp": "2026-05-26T09:23:38.336+0000"
  },
  {
    "input": {
      "type": "log"
    },
    "agent": {
      "ip": "172.21.4.243",
      "name": "Nicole_RZ",
      "id": "079"
    },
    "manager": {
      "name": "wazuh.manager"
    },
    "data": {
      "win": {
        "eventdata": {
          "binary": "4C0069006200720065004F00660066006900630065004D00610069006E00740065006E0061006E00630065000000",
          "param1": "LibreOffice Maintenance Service",
          "param2": "%%2"
        },
        "system": {
          "eventID": "7000",
          "eventSourceName": "Service Control Manager",
          "keywords": "0x8080000000000000",
          "providerGuid": "{555908d1-a6d7-4695-8e1e-26931d2012f4}",
          "level": "2",
          "channel": "System",
          "opcode": "0",
          "message": "\"Der Dienst \"LibreOffice Maintenance Service\" wurde aufgrund folgenden Fehlers nicht gestartet: \r\nDas System kann die angegebene Datei nicht finden.\"",
          "version": "0",
          "systemTime": "2026-05-26T09:23:37.3671534Z",
          "eventRecordID": "23063",
          "threadID": "380",
          "computer": "Nicole_RZ.arzw.local",
          "task": "0",
          "processID": "628",
          "severityValue": "ERROR",
          "providerName": "Service Control Manager"
        }
      }
    },
    "rule": {
      "firedtimes": 10,
      "mail": false,
      "level": 5,
      "description": "Windows System error event",
      "groups": [
        "windows",
        "windows_system",
        "system_error"
      ],
      "id": "61102",
      "gpg13": [
        "4.3"
      ],
      "gdpr": [
        "IV_35.7.d"
      ]
    },
    "location": "EventChannel",
    "decoder": {
      "name": "windows_eventchannel"
    },
    "id": "1779787418.20263963",
    "timestamp": "2026-05-26T09:23:38.332+0000"
  },
  {
    "input": {
      "type": "log"
    },
    "agent": {
      "ip": "172.21.4.243",
      "name": "Nicole_RZ",
      "id": "079"
    },
    "manager": {
      "name": "wazuh.manager"
    },
    "data": {
      "win": {
        "eventdata": {
          "binary": "4C0069006200720065004F00660066006900630065004D00610069006E00740065006E0061006E00630065000000",
          "param1": "LibreOffice Maintenance Service",
          "param2": "%%2"
        },
        "system": {
          "eventID": "7000",
          "eventSourceName": "Service Control Manager",
          "keywords": "0x8080000000000000",
          "providerGuid": "{555908d1-a6d7-4695-8e1e-26931d2012f4}",
          "level": "2",
          "channel": "System",
          "opcode": "0",
          "message": "\"Der Dienst \"LibreOffice Maintenance Service\" wurde aufgrund folgenden Fehlers nicht gestartet: \r\nDas System kann die angegebene Datei nicht finden.\"",
          "version": "0",
          "systemTime": "2026-05-26T09:23:37.2574536Z",
          "eventRecordID": "23062",
          "threadID": "380",
          "computer": "Nicole_RZ.arzw.local",
          "task": "0",
          "processID": "628",
          "severityValue": "ERROR",
          "providerName": "Service Control Manager"
        }
      }
    },
    "rule": {
      "firedtimes": 9,
      "mail": false,
      "level": 5,
      "description": "Windows System error event",
      "groups": [
        "windows",
        "windows_system",
        "system_error"
      ],
      "id": "61102",
      "gpg13": [
        "4.3"
      ],
      "gdpr": [
        "IV_35.7.d"
      ]
    },
    "location": "EventChannel",
    "decoder": {
      "name": "windows_eventchannel"
    },
    "id": "1779787418.20262065",
    "timestamp": "2026-05-26T09:23:38.327+0000"
  },
  {
    "input": {
      "type": "log"
    },
    "agent": {
      "ip": "172.21.4.243",
      "name": "Nicole_RZ",
      "id": "079"
    },
    "manager": {
      "name": "wazuh.manager"
    },
    "data": {
      "win": {
        "eventdata": {
          "binary": "4C0069006200720065004F00660066006900630065004D00610069006E00740065006E0061006E00630065000000",
          "param1": "LibreOffice Maintenance Service",
          "param2": "%%2"
        },
        "system": {
          "eventID": "7000",
          "eventSourceName": "Service Control Manager",
          "keywords": "0x8080000000000000",
          "providerGuid": "{555908d1-a6d7-4695-8e1e-26931d2012f4}",
          "level": "2",
          "channel": "System",
          "opcode": "0",
          "message": "\"Der Dienst \"LibreOffice Maintenance Service\" wurde aufgrund folgenden Fehlers nicht gestartet: \r\nDas System kann die angegebene Datei nicht finden.\"",
          "version": "0",
          "systemTime": "2026-05-26T09:23:37.1461818Z",
          "eventRecordID": "23061",
          "threadID": "380",
          "computer": "Nicole_RZ.arzw.local",
          "task": "0",
          "processID": "628",
          "severityValue": "ERROR",
          "providerName": "Service Control Manager"
        }
      }
    },
    "rule": {
      "firedtimes": 8,
      "mail": false,
      "level": 5,
      "description": "Windows System error event",
      "groups": [
        "windows",
        "windows_system",
        "system_error"
      ],
      "id": "61102",
      "gpg13": [
        "4.3"
      ],
      "gdpr": [
        "IV_35.7.d"
      ]
    },
    "location": "EventChannel",
    "decoder": {
      "name": "windows_eventchannel"
    },
    "id": "1779787417.20260167",
    "timestamp": "2026-05-26T09:23:37.407+0000"
  },
  {
    "input": {
      "type": "log"
    },
    "agent": {
      "ip": "172.21.4.243",
      "name": "Nicole_RZ",
      "id": "079"
    },
    "previous_output": "{\"win\":{\"system\":{\"providerName\":\"Service Control Manager\",\"providerGuid\":\"{555908d1-a6d7-4695-8e1e-26931d2012f4}\",\"eventSourceName\":\"Service Control Manager\",\"eventID\":\"7000\",\"version\":\"0\",\"level\":\"2\",\"task\":\"0\",\"opcode\":\"0\",\"keywords\":\"0x8080000000000000\",\"systemTime\":\"2026-05-26T09:23:36.9213828Z\",\"eventRecordID\":\"23059\",\"processID\":\"628\",\"threadID\":\"380\",\"channel\":\"System\",\"computer\":\"Nicole_RZ.arzw.local\",\"severityValue\":\"ERROR\",\"message\":\"\\\"Der Dienst \\\"LibreOffice Maintenance Service\\\" wurde aufgrund folgenden Fehlers nicht gestartet: \\r\\nDas System kann die angegebene Datei nicht finden.\\\"\"},\"eventdata\":{\"param1\":\"LibreOffice Maintenance Service\",\"param2\":\"%%2\",\"binary\":\"4C0069006200720065004F00660066006900630065004D00610069006E00740065006E0061006E00630065000000\"}}}\n{\"win\":{\"system\":{\"providerName\":\"Service Control Manager\",\"providerGuid\":\"{555908d1-a6d7-4695-8e1e-26931d2012f4}\",\"eventSourceName\":\"Service Control Manager\",\"eventID\":\"7000\",\"version\":\"0\",\"level\":\"2\",\"task\":\"0\",\"opcode\":\"0\",\"keywords\":\"0x8080000000000000\",\"systemTime\":\"2026-05-26T09:23:36.8107947Z\",\"eventRecordID\":\"23058\",\"processID\":\"628\",\"threadID\":\"380\",\"channel\":\"System\",\"computer\":\"Nicole_RZ.arzw.local\",\"severityValue\":\"ERROR\",\"message\":\"\\\"Der Dienst \\\"LibreOffice Maintenance Service\\\" wurde aufgrund folgenden Fehlers nicht gestartet: \\r\\nDas System kann die angegebene Datei nicht finden.\\\"\"},\"eventdata\":{\"param1\":\"LibreOffice Maintenance Service\",\"param2\":\"%%2\",\"binary\":\"4C0069006200720065004F00660066006900630065004D00610069006E00740065006E0061006E00630065000000\"}}}\n{\"win\":{\"system\":{\"providerName\":\"Service Control Manager\",\"providerGuid\":\"{555908d1-a6d7-4695-8e1e-26931d2012f4}\",\"eventSourceName\":\"Service Control Manager\",\"eventID\":\"7000\",\"version\":\"0\",\"level\":\"2\",\"task\":\"0\",\"opcode\":\"0\",\"keywords\":\"0x8080000000000000\",\"systemTime\":\"2026-05-26T09:23:36.6991270Z\",\"eventRecordID\":\"23057\",\"processID\":\"628\",\"threadID\":\"380\",\"channel\":\"System\",\"computer\":\"Nicole_RZ.arzw.local\",\"severityValue\":\"ERROR\",\"message\":\"\\\"Der Dienst \\\"LibreOffice Maintenance Service\\\" wurde aufgrund folgenden Fehlers nicht gestartet: \\r\\nDas System kann die angegebene Datei nicht finden.\\\"\"},\"eventdata\":{\"param1\":\"LibreOffice Maintenance Service\",\"param2\":\"%%2\",\"binary\":\"4C0069006200720065004F00660066006900630065004D00610069006E00740065006E0061006E00630065000000\"}}}\n{\"win\":{\"system\":{\"providerName\":\"Service Control Manager\",\"providerGuid\":\"{555908d1-a6d7-4695-8e1e-26931d2012f4}\",\"eventSourceName\":\"Service Control Manager\",\"eventID\":\"7000\",\"version\":\"0\",\"level\":\"2\",\"task\":\"0\",\"opcode\":\"0\",\"keywords\":\"0x8080000000000000\",\"systemTime\":\"2026-05-26T09:23:36.4753679Z\",\"eventRecordID\":\"23055\",\"processID\":\"628\",\"threadID\":\"380\",\"channel\":\"System\",\"computer\":\"Nicole_RZ.arzw.local\",\"severityValue\":\"ERROR\",\"message\":\"\\\"Der Dienst \\\"LibreOffice Maintenance Service\\\" wurde aufgrund folgenden Fehlers nicht gestartet: \\r\\nDas System kann die angegebene Datei nicht finden.\\\"\"},\"eventdata\":{\"param1\":\"LibreOffice Maintenance Service\",\"param2\":\"%%2\",\"binary\":\"4C0069006200720065004F00660066006900630065004D00610069006E00740065006E0061006E00630065000000\"}}}\n{\"win\":{\"system\":{\"providerName\":\"Service Control Manager\",\"providerGuid\":\"{555908d1-a6d7-4695-8e1e-26931d2012f4}\",\"eventSourceName\":\"Service Control Manager\",\"eventID\":\"7000\",\"version\":\"0\",\"level\":\"2\",\"task\":\"0\",\"opcode\":\"0\",\"keywords\":\"0x8080000000000000\",\"systemTime\":\"2026-05-26T09:23:36.3641038Z\",\"eventRecordID\":\"23054\",\"processID\":\"628\",\"threadID\":\"380\",\"channel\":\"System\",\"computer\":\"Nicole_RZ.arzw.local\",\"severityValue\":\"ERROR\",\"message\":\"\\\"Der Dienst \\\"LibreOffice Maintenance Service\\\" wurde aufgrund folgenden Fehlers nicht gestartet: \\r\\nDas System kann die angegebene Datei nicht finden.\\\"\"},\"eventdata\":{\"param1\":\"LibreOffice Maintenance Service\",\"param2\":\"%%2\",\"binary\":\"4C0069006200720065004F00660066006900630065004D00610069006E00740065006E0061006E00630065000000\"}}}\n{\"win\":{\"system\":{\"providerName\":\"Service Control Manager\",\"providerGuid\":\"{555908d1-a6d7-4695-8e1e-26931d2012f4}\",\"eventSourceName\":\"Service Control Manager\",\"eventID\":\"7000\",\"version\":\"0\",\"level\":\"2\",\"task\":\"0\",\"opcode\":\"0\",\"keywords\":\"0x8080000000000000\",\"systemTime\":\"2026-05-26T09:23:36.5867413Z\",\"eventRecordID\":\"23056\",\"processID\":\"628\",\"threadID\":\"380\",\"channel\":\"System\",\"computer\":\"Nicole_RZ.arzw.local\",\"severityValue\":\"ERROR\",\"message\":\"\\\"Der Dienst \\\"LibreOffice Maintenance Service\\\" wurde aufgrund folgenden Fehlers nicht gestartet: \\r\\nDas System kann die angegebene Datei nicht finden.\\\"\"},\"eventdata\":{\"param1\":\"LibreOffice Maintenance Service\",\"param2\":\"%%2\",\"binary\":\"4C0069006200720065004F00660066006900630065004D00610069006E00740065006E0061006E00630065000000\"}}}\n{\"win\":{\"system\":{\"providerName\":\"Service Control Manager\",\"providerGuid\":\"{555908d1-a6d7-4695-8e1e-26931d2012f4}\",\"eventSourceName\":\"Service Control Manager\",\"eventID\":\"7000\",\"version\":\"0\",\"level\":\"2\",\"task\":\"0\",\"opcode\":\"0\",\"keywords\":\"0x8080000000000000\",\"systemTime\":\"2026-05-26T09:23:36.2528391Z\",\"eventRecordID\":\"23053\",\"processID\":\"628\",\"threadID\":\"4248\",\"channel\":\"System\",\"computer\":\"Nicole_RZ.arzw.local\",\"severityValue\":\"ERROR\",\"message\":\"\\\"Der Dienst \\\"LibreOffice Maintenance Service\\\" wurde aufgrund folgenden Fehlers nicht gestartet: \\r\\nDas System kann die angegebene Datei nicht finden.\\\"\"},\"eventdata\":{\"param1\":\"LibreOffice Maintenance Service\",\"param2\":\"%%2\",\"binary\":\"4C0069006200720065004F00660066006900630065004D00610069006E00740065006E0061006E00630065000000\"}}}",
    "manager": {
      "name": "wazuh.manager"
    },
    "data": {
      "win": {
        "eventdata": {
          "binary": "4C0069006200720065004F00660066006900630065004D00610069006E00740065006E0061006E00630065000000",
          "param1": "LibreOffice Maintenance Service",
          "param2": "%%2"
        },
        "system": {
          "eventID": "7000",
          "eventSourceName": "Service Control Manager",
          "keywords": "0x8080000000000000",
          "providerGuid": "{555908d1-a6d7-4695-8e1e-26931d2012f4}",
          "level": "2",
          "channel": "System",
          "opcode": "0",
          "message": "\"Der Dienst \"LibreOffice Maintenance Service\" wurde aufgrund folgenden Fehlers nicht gestartet: \r\nDas System kann die angegebene Datei nicht finden.\"",
          "version": "0",
          "systemTime": "2026-05-26T09:23:37.0326541Z",
          "eventRecordID": "23060",
          "threadID": "380",
          "computer": "Nicole_RZ.arzw.local",
          "task": "0",
          "processID": "628",
          "severityValue": "ERROR",
          "providerName": "Service Control Manager"
        }
      }
    },
    "rule": {
      "firedtimes": 1,
      "mail": false,
      "level": 10,
      "description": "Multiple System error events",
      "groups": [
        "windows",
        "windows_system"
      ],
      "id": "61110",
      "frequency": 8
    },
    "location": "EventChannel",
    "decoder": {
      "name": "windows_eventchannel"
    },
    "id": "1779787417.20252808",
    "timestamp": "2026-05-26T09:23:37.394+0000"
  },
  {
    "input": {
      "type": "log"
    },
    "agent": {
      "ip": "172.21.4.243",
      "name": "Nicole_RZ",
      "id": "079"
    },
    "manager": {
      "name": "wazuh.manager"
    },
    "data": {
      "win": {
        "eventdata": {
          "binary": "4C0069006200720065004F00660066006900630065004D00610069006E00740065006E0061006E00630065000000",
          "param1": "LibreOffice Maintenance Service",
          "param2": "%%2"
        },
        "system": {
          "eventID": "7000",
          "eventSourceName": "Service Control Manager",
          "keywords": "0x8080000000000000",
          "providerGuid": "{555908d1-a6d7-4695-8e1e-26931d2012f4}",
          "level": "2",
          "channel": "System",
          "opcode": "0",
          "message": "\"Der Dienst \"LibreOffice Maintenance Service\" wurde aufgrund folgenden Fehlers nicht gestartet: \r\nDas System kann die angegebene Datei nicht finden.\"",
          "version": "0",
          "systemTime": "2026-05-26T09:23:36.8107947Z",
          "eventRecordID": "23058",
          "threadID": "380",
          "computer": "Nicole_RZ.arzw.local",
          "task": "0",
          "processID": "628",
          "severityValue": "ERROR",
          "providerName": "Service Control Manager"
        }
      }
    },
    "rule": {
      "firedtimes": 6,
      "mail": false,
      "level": 5,
      "description": "Windows System error event",
      "groups": [
        "windows",
        "windows_system",
        "system_error"
      ],
      "id": "61102",
      "gpg13": [
        "4.3"
      ],
      "gdpr": [
        "IV_35.7.d"
      ]
    },
    "location": "EventChannel",
    "decoder": {
      "name": "windows_eventchannel"
    },
    "id": "1779787417.20249012",
    "timestamp": "2026-05-26T09:23:37.376+0000"
  },
  {
    "input": {
      "type": "log"
    },
    "agent": {
      "ip": "172.21.4.243",
      "name": "Nicole_RZ",
      "id": "079"
    },
    "manager": {
      "name": "wazuh.manager"
    },
    "data": {
      "win": {
        "eventdata": {
          "binary": "4C0069006200720065004F00660066006900630065004D00610069006E00740065006E0061006E00630065000000",
          "param1": "LibreOffice Maintenance Service",
          "param2": "%%2"
        },
        "system": {
          "eventID": "7000",
          "eventSourceName": "Service Control Manager",
          "keywords": "0x8080000000000000",
          "providerGuid": "{555908d1-a6d7-4695-8e1e-26931d2012f4}",
          "level": "2",
          "channel": "System",
          "opcode": "0",
          "message": "\"Der Dienst \"LibreOffice Maintenance Service\" wurde aufgrund folgenden Fehlers nicht gestartet: \r\nDas System kann die angegebene Datei nicht finden.\"",
          "version": "0",
          "systemTime": "2026-05-26T09:23:36.9213828Z",
          "eventRecordID": "23059",
          "threadID": "380",
          "computer": "Nicole_RZ.arzw.local",
          "task": "0",
          "processID": "628",
          "severityValue": "ERROR",
          "providerName": "Service Control Manager"
        }
      }
    },
    "rule": {
      "firedtimes": 7,
      "mail": false,
      "level": 5,
      "description": "Windows System error event",
      "groups": [
        "windows",
        "windows_system",
        "system_error"
      ],
      "id": "61102",
      "gpg13": [
        "4.3"
      ],
      "gdpr": [
        "IV_35.7.d"
      ]
    },
    "location": "EventChannel",
    "decoder": {
      "name": "windows_eventchannel"
    },
    "id": "1779787417.20250910",
    "timestamp": "2026-05-26T09:23:37.376+0000"
  },
  {
    "input": {
      "type": "log"
    },
    "agent": {
      "ip": "172.21.4.243",
      "name": "Nicole_RZ",
      "id": "079"
    },
    "manager": {
      "name": "wazuh.manager"
    },
    "data": {
      "win": {
        "eventdata": {
          "binary": "4C0069006200720065004F00660066006900630065004D00610069006E00740065006E0061006E00630065000000",
          "param1": "LibreOffice Maintenance Service",
          "param2": "%%2"
        },
        "system": {
          "eventID": "7000",
          "eventSourceName": "Service Control Manager",
          "keywords": "0x8080000000000000",
          "providerGuid": "{555908d1-a6d7-4695-8e1e-26931d2012f4}",
          "level": "2",
          "channel": "System",
          "opcode": "0",
          "message": "\"Der Dienst \"LibreOffice Maintenance Service\" wurde aufgrund folgenden Fehlers nicht gestartet: \r\nDas System kann die angegebene Datei nicht finden.\"",
          "version": "0",
          "systemTime": "2026-05-26T09:23:36.6991270Z",
          "eventRecordID": "23057",
          "threadID": "380",
          "computer": "Nicole_RZ.arzw.local",
          "task": "0",
          "processID": "628",
          "severityValue": "ERROR",
          "providerName": "Service Control Manager"
        }
      }
    },
    "rule": {
      "firedtimes": 5,
      "mail": false,
      "level": 5,
      "description": "Windows System error event",
      "groups": [
        "windows",
        "windows_system",
        "system_error"
      ],
      "id": "61102",
      "gpg13": [
        "4.3"
      ],
      "gdpr": [
        "IV_35.7.d"
      ]
    },
    "location": "EventChannel",
    "decoder": {
      "name": "windows_eventchannel"
    },
    "id": "1779787417.20247114",
    "timestamp": "2026-05-26T09:23:37.335+0000"
  },
  {
    "input": {
      "type": "log"
    },
    "agent": {
      "ip": "172.21.4.243",
      "name": "Nicole_RZ",
      "id": "079"
    },
    "manager": {
      "name": "wazuh.manager"
    },
    "data": {
      "win": {
        "eventdata": {
          "binary": "4C0069006200720065004F00660066006900630065004D00610069006E00740065006E0061006E00630065000000",
          "param1": "LibreOffice Maintenance Service",
          "param2": "%%2"
        },
        "system": {
          "eventID": "7000",
          "eventSourceName": "Service Control Manager",
          "keywords": "0x8080000000000000",
          "providerGuid": "{555908d1-a6d7-4695-8e1e-26931d2012f4}",
          "level": "2",
          "channel": "System",
          "opcode": "0",
          "message": "\"Der Dienst \"LibreOffice Maintenance Service\" wurde aufgrund folgenden Fehlers nicht gestartet: \r\nDas System kann die angegebene Datei nicht finden.\"",
          "version": "0",
          "systemTime": "2026-05-26T09:23:36.5867413Z",
          "eventRecordID": "23056",
          "threadID": "380",
          "computer": "Nicole_RZ.arzw.local",
          "task": "0",
          "processID": "628",
          "severityValue": "ERROR",
          "providerName": "Service Control Manager"
        }
      }
    },
    "rule": {
      "firedtimes": 2,
      "mail": false,
      "level": 5,
      "description": "Windows System error event",
      "groups": [
        "windows",
        "windows_system",
        "system_error"
      ],
      "id": "61102",
      "gpg13": [
        "4.3"
      ],
      "gdpr": [
        "IV_35.7.d"
      ]
    },
    "location": "EventChannel",
    "decoder": {
      "name": "windows_eventchannel"
    },
    "id": "1779787417.20241420",
    "timestamp": "2026-05-26T09:23:37.318+0000"
  },
  {
    "input": {
      "type": "log"
    },
    "agent": {
      "ip": "172.21.4.243",
      "name": "Nicole_RZ",
      "id": "079"
    },
    "manager": {
      "name": "wazuh.manager"
    },
    "data": {
      "win": {
        "eventdata": {
          "binary": "4C0069006200720065004F00660066006900630065004D00610069006E00740065006E0061006E00630065000000",
          "param1": "LibreOffice Maintenance Service",
          "param2": "%%2"
        },
        "system": {
          "eventID": "7000",
          "eventSourceName": "Service Control Manager",
          "keywords": "0x8080000000000000",
          "providerGuid": "{555908d1-a6d7-4695-8e1e-26931d2012f4}",
          "level": "2",
          "channel": "System",
          "opcode": "0",
          "message": "\"Der Dienst \"LibreOffice Maintenance Service\" wurde aufgrund folgenden Fehlers nicht gestartet: \r\nDas System kann die angegebene Datei nicht finden.\"",
          "version": "0",
          "systemTime": "2026-05-26T09:23:36.3641038Z",
          "eventRecordID": "23054",
          "threadID": "380",
          "computer": "Nicole_RZ.arzw.local",
          "task": "0",
          "processID": "628",
          "severityValue": "ERROR",
          "providerName": "Service Control Manager"
        }
      }
    },
    "rule": {
      "firedtimes": 3,
      "mail": false,
      "level": 5,
      "description": "Windows System error event",
      "groups": [
        "windows",
        "windows_system",
        "system_error"
      ],
      "id": "61102",
      "gpg13": [
        "4.3"
      ],
      "gdpr": [
        "IV_35.7.d"
      ]
    },
    "location": "EventChannel",
    "decoder": {
      "name": "windows_eventchannel"
    },
    "id": "1779787417.20243318",
    "timestamp": "2026-05-26T09:23:37.318+0000"
  },
  {
    "input": {
      "type": "log"
    },
    "agent": {
      "ip": "172.21.4.243",
      "name": "Nicole_RZ",
      "id": "079"
    },
    "manager": {
      "name": "wazuh.manager"
    },
    "data": {
      "win": {
        "eventdata": {
          "binary": "4C0069006200720065004F00660066006900630065004D00610069006E00740065006E0061006E00630065000000",
          "param1": "LibreOffice Maintenance Service",
          "param2": "%%2"
        },
        "system": {
          "eventID": "7000",
          "eventSourceName": "Service Control Manager",
          "keywords": "0x8080000000000000",
          "providerGuid": "{555908d1-a6d7-4695-8e1e-26931d2012f4}",
          "level": "2",
          "channel": "System",
          "opcode": "0",
          "message": "\"Der Dienst \"LibreOffice Maintenance Service\" wurde aufgrund folgenden Fehlers nicht gestartet: \r\nDas System kann die angegebene Datei nicht finden.\"",
          "version": "0",
          "systemTime": "2026-05-26T09:23:36.4753679Z",
          "eventRecordID": "23055",
          "threadID": "380",
          "computer": "Nicole_RZ.arzw.local",
          "task": "0",
          "processID": "628",
          "severityValue": "ERROR",
          "providerName": "Service Control Manager"
        }
      }
    },
    "rule": {
      "firedtimes": 4,
      "mail": false,
      "level": 5,
      "description": "Windows System error event",
      "groups": [
        "windows",
        "windows_system",
        "system_error"
      ],
      "id": "61102",
      "gpg13": [
        "4.3"
      ],
      "gdpr": [
        "IV_35.7.d"
      ]
    },
    "location": "EventChannel",
    "decoder": {
      "name": "windows_eventchannel"
    },
    "id": "1779787417.20245216",
    "timestamp": "2026-05-26T09:23:37.318+0000"
  },
  {
    "input": {
      "type": "log"
    },
    "agent": {
      "ip": "172.21.4.243",
      "name": "Nicole_RZ",
      "id": "079"
    },
    "manager": {
      "name": "wazuh.manager"
    },
    "data": {
      "win": {
        "eventdata": {
          "binary": "4C0069006200720065004F00660066006900630065004D00610069006E00740065006E0061006E00630065000000",
          "param1": "LibreOffice Maintenance Service",
          "param2": "%%2"
        },
        "system": {
          "eventID": "7000",
          "eventSourceName": "Service Control Manager",
          "keywords": "0x8080000000000000",
          "providerGuid": "{555908d1-a6d7-4695-8e1e-26931d2012f4}",
          "level": "2",
          "channel": "System",
          "opcode": "0",
          "message": "\"Der Dienst \"LibreOffice Maintenance Service\" wurde aufgrund folgenden Fehlers nicht gestartet: \r\nDas System kann die angegebene Datei nicht finden.\"",
          "version": "0",
          "systemTime": "2026-05-26T09:23:36.2528391Z",
          "eventRecordID": "23053",
          "threadID": "4248",
          "computer": "Nicole_RZ.arzw.local",
          "task": "0",
          "processID": "628",
          "severityValue": "ERROR",
          "providerName": "Service Control Manager"
        }
      }
    },
    "rule": {
      "firedtimes": 1,
      "mail": false,
      "level": 5,
      "description": "Windows System error event",
      "groups": [
        "windows",
        "windows_system",
        "system_error"
      ],
      "id": "61102",
      "gpg13": [
        "4.3"
      ],
      "gdpr": [
        "IV_35.7.d"
      ]
    },
    "location": "EventChannel",
    "decoder": {
      "name": "windows_eventchannel"
    },
    "id": "1779787417.20239520",
    "timestamp": "2026-05-26T09:23:37.311+0000"
  },
  {
    "input": {
      "type": "log"
    },
    "agent": {
      "ip": "172.21.4.241",
      "name": "RZ_Scan_03_004",
      "id": "082"
    },
    "manager": {
      "name": "wazuh.manager"
    },
    "data": {
      "win": {
        "eventdata": {
          "data": "2126-05-02T09:22:58Z, RulesEngine"
        },
        "system": {
          "eventID": "16384",
          "eventSourceName": "Software Protection Platform Service",
          "keywords": "0x80000000000000",
          "providerGuid": "{E23B33B0-C8C9-472C-A5F9-F2BDFEA0F156}",
          "level": "4",
          "channel": "Application",
          "opcode": "0",
          "message": "\"Der Softwareschutzdienst wurde erfolgreich für den erneuten Start bei 2126-05-02T09:22:58Z geplant. Grund: RulesEngine.\"",
          "version": "0",
          "systemTime": "2026-05-26T09:22:58.7079520Z",
          "eventRecordID": "152126",
          "threadID": "0",
          "computer": "RZ_Scan_03_004.arzw.local",
          "task": "0",
          "processID": "0",
          "severityValue": "INFORMATION",
          "providerName": "Microsoft-Windows-Security-SPP"
        }
      }
    },
    "rule": {
      "firedtimes": 61,
      "mail": false,
      "level": 3,
      "description": "Software protection service scheduled successfully.",
      "groups": [
        "windows",
        "windows_application"
      ],
      "id": "60642"
    },
    "location": "EventChannel",
    "decoder": {
      "name": "windows_eventchannel"
    },
    "id": "1779787378.20237879",
    "timestamp": "2026-05-26T09:22:58.764+0000"
  },
  {
    "input": {
      "type": "log"
    },
    "agent": {
      "ip": "172.21.5.25",
      "name": "RZ_13_001",
      "id": "022"
    },
    "manager": {
      "name": "wazuh.manager"
    },
    "data": {
      "win": {
        "eventdata": {
          "data": "2126-05-02T09:22:54Z, RulesEngine"
        },
        "system": {
          "eventID": "16384",
          "eventSourceName": "Software Protection Platform Service",
          "keywords": "0x80000000000000",
          "providerGuid": "{E23B33B0-C8C9-472C-A5F9-F2BDFEA0F156}",
          "level": "4",
          "channel": "Application",
          "opcode": "0",
          "message": "\"Der Softwareschutzdienst wurde erfolgreich für den erneuten Start bei 2126-05-02T09:22:54Z geplant. Grund: RulesEngine.\"",
          "version": "0",
          "systemTime": "2026-05-26T09:22:54.8690052Z",
          "eventRecordID": "252864",
          "threadID": "0",
          "computer": "RZ_13_001.arzw.local",
          "task": "0",
          "processID": "0",
          "severityValue": "INFORMATION",
          "providerName": "Microsoft-Windows-Security-SPP"
        }
      }
    },
    "rule": {
      "firedtimes": 60,
      "mail": false,
      "level": 3,
      "description": "Software protection service scheduled successfully.",
      "groups": [
        "windows",
        "windows_application"
      ],
      "id": "60642"
    },
    "location": "EventChannel",
    "decoder": {
      "name": "windows_eventchannel"
    },
    "id": "1779787374.20236253",
    "timestamp": "2026-05-26T09:22:54.923+0000"
  },
  {
    "input": {
      "type": "log"
    },
    "agent": {
      "ip": "172.21.5.10",
      "name": "KS_06_002",
      "id": "025"
    },
    "manager": {
      "name": "wazuh.manager"
    },
    "data": {
      "win": {
        "eventdata": {
          "data": "2126-05-02T09:22:40Z, RulesEngine"
        },
        "system": {
          "eventID": "16384",
          "eventSourceName": "Software Protection Platform Service",
          "keywords": "0x80000000000000",
          "providerGuid": "{E23B33B0-C8C9-472C-A5F9-F2BDFEA0F156}",
          "level": "4",
          "channel": "Application",
          "opcode": "0",
          "message": "\"Der Softwareschutzdienst wurde erfolgreich für den erneuten Start bei 2126-05-02T09:22:40Z geplant. Grund: RulesEngine.\"",
          "version": "0",
          "systemTime": "2026-05-26T09:22:40.5248295Z",
          "eventRecordID": "258883",
          "threadID": "0",
          "computer": "KS_06_002.arzw.local",
          "task": "0",
          "processID": "0",
          "severityValue": "INFORMATION",
          "providerName": "Microsoft-Windows-Security-SPP"
        }
      }
    },
    "rule": {
      "firedtimes": 59,
      "mail": false,
      "level": 3,
      "description": "Software protection service scheduled successfully.",
      "groups": [
        "windows",
        "windows_application"
      ],
      "id": "60642"
    },
    "location": "EventChannel",
    "decoder": {
      "name": "windows_eventchannel"
    },
    "id": "1779787360.20234627",
    "timestamp": "2026-05-26T09:22:40.641+0000"
  },
  {
    "input": {
      "type": "log"
    },
    "agent": {
      "ip": "172.21.6.5",
      "name": "SWE03",
      "id": "030"
    },
    "manager": {
      "name": "wazuh.manager"
    },
    "data": {
      "win": {
        "eventdata": {
          "data": "2126-05-02T09:22:16Z, RulesEngine"
        },
        "system": {
          "eventID": "16384",
          "eventSourceName": "Software Protection Platform Service",
          "keywords": "0x80000000000000",
          "providerGuid": "{E23B33B0-C8C9-472C-A5F9-F2BDFEA0F156}",
          "level": "4",
          "channel": "Application",
          "opcode": "0",
          "message": "\"Der Softwareschutzdienst wurde erfolgreich für den erneuten Start bei 2126-05-02T09:22:16Z geplant. Grund: RulesEngine.\"",
          "version": "0",
          "systemTime": "2026-05-26T09:22:16.4406005Z",
          "eventRecordID": "251024",
          "threadID": "0",
          "computer": "SWE03.arzw.local",
          "task": "0",
          "processID": "0",
          "severityValue": "INFORMATION",
          "providerName": "Microsoft-Windows-Security-SPP"
        }
      }
    },
    "rule": {
      "firedtimes": 58,
      "mail": false,
      "level": 3,
      "description": "Software protection service scheduled successfully.",
      "groups": [
        "windows",
        "windows_application"
      ],
      "id": "60642"
    },
    "location": "EventChannel",
    "decoder": {
      "name": "windows_eventchannel"
    },
    "id": "1779787336.20233013",
    "timestamp": "2026-05-26T09:22:16.481+0000"
  },
