  {
    "input": {
      "type": "log"
    },
    "agent": {
      "ip": "172.21.4.214",
      "name": "SWEMelanie",
      "id": "035"
    },
    "manager": {
      "name": "wazuh.manager"
    },
    "rule": {
      "mail": false,
      "level": 3,
      "pci_dss": [
        "10.6.1",
        "10.2.6"
      ],
      "hipaa": [
        "164.312.b"
      ],
      "tsc": [
        "CC7.2",
        "CC7.3",
        "CC6.8"
      ],
      "description": "Wazuh agent disconnected.",
      "groups": [
        "ossec"
      ],
      "nist_800_53": [
        "AU.6",
        "AU.14",
        "AU.5"
      ],
      "gdpr": [
        "IV_35.7.d"
      ],
      "firedtimes": 1,
      "mitre": {
        "technique": [
          "Disable or Modify Tools"
        ],
        "id": [
          "T1562.001"
        ],
        "tactic": [
          "Defense Evasion"
        ]
      },
      "id": "504",
      "gpg13": [
        "10.1"
      ]
    },
    "location": "wazuh-monitord",
    "decoder": {
      "name": "ossec"
    },
    "id": "1779790421.21549546",
    "full_log": "ossec: Agent disconnected: 'SWEMelanie-any'.",
    "timestamp": "2026-05-26T10:13:41.919+0000"
  },
  {
    "input": {
      "type": "log"
    },
    "agent": {
      "ip": "172.21.5.20",
      "name": "RZ_MANU2",
      "id": "016"
    },
    "manager": {
      "name": "wazuh.manager"
    },
    "data": {
      "win": {
        "eventdata": {
          "data": "2126-05-02T10:13:40Z, RulesEngine"
        },
        "system": {
          "eventID": "16384",
          "eventSourceName": "Software Protection Platform Service",
          "keywords": "0x80000000000000",
          "providerGuid": "{E23B33B0-C8C9-472C-A5F9-F2BDFEA0F156}",
          "level": "4",
          "channel": "Application",
          "opcode": "0",
          "message": "\"Der Softwareschutzdienst wurde erfolgreich für den erneuten Start bei 2126-05-02T10:13:40Z geplant. Grund: RulesEngine.\"",
          "version": "0",
          "systemTime": "2026-05-26T10:13:40.3226260Z",
          "eventRecordID": "308524",
          "threadID": "0",
          "computer": "RZ_MANU2.arzw.local",
          "task": "0",
          "processID": "0",
          "severityValue": "INFORMATION",
          "providerName": "Microsoft-Windows-Security-SPP"
        }
      }
    },
    "rule": {
      "firedtimes": 43,
      "mail": false,
      "level": 3,
      "description": "Software protection service scheduled successfully.",
      "groups": [
        "windows",
        "windows_application"
      ],
      "id": "60642"
    },
    "location": "EventChannel",
    "decoder": {
      "name": "windows_eventchannel"
    },
    "id": "1779790420.21547923",
    "timestamp": "2026-05-26T10:13:40.491+0000"
  },
  {
    "input": {
      "type": "log"
    },
    "agent": {
      "ip": "172.21.6.5",
      "name": "SWE03",
      "id": "030"
    },
    "manager": {
      "name": "wazuh.manager"
    },
    "data": {
      "vulnerability": {
        "severity": "Medium",
        "package": {
          "name": "Google Chrome",
          "version": "148.0.7778.168",
          "architecture": "i686"
        },
        "published": "2026-05-20T20:16:41Z",
        "classification": "CVSS",
        "title": "CVE-2026-9110 affecting Google Chrome was solved",
        "type": "Packages",
        "reference": "https://issues.chromium.org/issues/503551154, https://chromereleases.googleblog.com/2026/05/stable-channel-update-for-desktop_0841193308.html",
        "score": {
          "version": "3.1",
          "base": "4.200000"
        },
        "cve": "CVE-2026-9110",
        "scanner": {
          "reference": "https://cti.wazuh.com/vulnerabilities/cves/CVE-2026-9110"
        },
        "enumeration": "CVE",
        "cvss": {
          "cvss3": {
            "base_score": "4.200000"
          }
        },
        "updated": "2026-05-21T16:56:51Z",
        "status": "Solved"
      }
    },
    "rule": {
      "firedtimes": 13,
      "mail": false,
      "level": 3,
      "pci_dss": [
        "11.2.1",
        "11.2.3"
      ],
      "tsc": [
        "CC7.1",
        "CC7.2"
      ],
      "description": "The CVE-2026-9110 that affected Google Chrome was solved due to an update in the agent or feed.",
      "groups": [
        "vulnerability-detector"
      ],
      "id": "23502",
      "gdpr": [
        "IV_35.7.d"
      ]
    },
    "location": "vulnerability-detector",
    "decoder": {
      "name": "json"
    },
    "id": "1779790414.21546108",
    "timestamp": "2026-05-26T10:13:34.788+0000"
  },
  {
    "input": {
      "type": "log"
    },
    "agent": {
      "ip": "172.21.6.5",
      "name": "SWE03",
      "id": "030"
    },
    "manager": {
      "name": "wazuh.manager"
    },
    "data": {
      "vulnerability": {
        "severity": "Medium",
        "package": {
          "name": "Google Chrome",
          "version": "148.0.7778.168",
          "architecture": "i686"
        },
        "published": "2026-05-20T20:16:42Z",
        "classification": "CVSS",
        "title": "CVE-2026-9113 affecting Google Chrome was solved",
        "type": "Packages",
        "reference": "https://issues.chromium.org/issues/489585044, https://chromereleases.googleblog.com/2026/05/stable-channel-update-for-desktop_0841193308.html",
        "score": {
          "version": "3.1",
          "base": "4.300000"
        },
        "cve": "CVE-2026-9113",
        "scanner": {
          "reference": "https://cti.wazuh.com/vulnerabilities/cves/CVE-2026-9113"
        },
        "enumeration": "CVE",
        "cvss": {
          "cvss3": {
            "base_score": "4.300000"
          }
        },
        "updated": "2026-05-21T16:56:38Z",
        "status": "Solved"
      }
    },
    "rule": {
      "firedtimes": 12,
      "mail": false,
      "level": 3,
      "pci_dss": [
        "11.2.1",
        "11.2.3"
      ],
      "tsc": [
        "CC7.1",
        "CC7.2"
      ],
      "description": "The CVE-2026-9113 that affected Google Chrome was solved due to an update in the agent or feed.",
      "groups": [
        "vulnerability-detector"
      ],
      "id": "23502",
      "gdpr": [
        "IV_35.7.d"
      ]
    },
    "location": "vulnerability-detector",
    "decoder": {
      "name": "json"
    },
    "id": "1779790414.21544293",
    "timestamp": "2026-05-26T10:13:34.777+0000"
  },
  {
    "input": {
      "type": "log"
    },
    "agent": {
      "ip": "172.21.6.5",
      "name": "SWE03",
      "id": "030"
    },
    "manager": {
      "name": "wazuh.manager"
    },
    "data": {
      "vulnerability": {
        "severity": "Medium",
        "package": {
          "name": "Google Chrome",
          "version": "148.0.7778.168",
          "architecture": "i686"
        },
        "published": "2026-05-20T20:16:42Z",
        "classification": "CVSS",
        "title": "CVE-2026-9116 affecting Google Chrome was solved",
        "type": "Packages",
        "reference": "https://issues.chromium.org/issues/497436273, https://chromereleases.googleblog.com/2026/05/stable-channel-update-for-desktop_0841193308.html",
        "score": {
          "version": "3.1",
          "base": "4.300000"
        },
        "cve": "CVE-2026-9116",
        "scanner": {
          "reference": "https://cti.wazuh.com/vulnerabilities/cves/CVE-2026-9116"
        },
        "enumeration": "CVE",
        "cvss": {
          "cvss3": {
            "base_score": "4.300000"
          }
        },
        "updated": "2026-05-21T16:56:15Z",
        "status": "Solved"
      }
    },
    "rule": {
      "firedtimes": 11,
      "mail": false,
      "level": 3,
      "pci_dss": [
        "11.2.1",
        "11.2.3"
      ],
      "tsc": [
        "CC7.1",
        "CC7.2"
      ],
      "description": "The CVE-2026-9116 that affected Google Chrome was solved due to an update in the agent or feed.",
      "groups": [
        "vulnerability-detector"
      ],
      "id": "23502",
      "gdpr": [
        "IV_35.7.d"
      ]
    },
    "location": "vulnerability-detector",
    "decoder": {
      "name": "json"
    },
    "id": "1779790414.21542478",
    "timestamp": "2026-05-26T10:13:34.767+0000"
  },
  {
    "input": {
      "type": "log"
    },
    "agent": {
      "ip": "172.21.6.5",
      "name": "SWE03",
      "id": "030"
    },
    "manager": {
      "name": "wazuh.manager"
    },
    "data": {
      "vulnerability": {
        "severity": "High",
        "package": {
          "name": "Google Chrome",
          "version": "148.0.7778.168",
          "architecture": "i686"
        },
        "published": "2026-05-20T20:16:43Z",
        "classification": "CVSS",
        "title": "CVE-2026-9118 affecting Google Chrome was solved",
        "type": "Packages",
        "reference": "https://issues.chromium.org/issues/498702233, https://chromereleases.googleblog.com/2026/05/stable-channel-update-for-desktop_0841193308.html",
        "score": {
          "version": "3.1",
          "base": "8.800000"
        },
        "cve": "CVE-2026-9118",
        "scanner": {
          "reference": "https://cti.wazuh.com/vulnerabilities/cves/CVE-2026-9118"
        },
        "enumeration": "CVE",
        "cvss": {
          "cvss3": {
            "base_score": "8.800000"
          }
        },
        "updated": "2026-05-21T16:45:19Z",
        "status": "Solved"
      }
    },
    "rule": {
      "firedtimes": 10,
      "mail": false,
      "level": 3,
      "pci_dss": [
        "11.2.1",
        "11.2.3"
      ],
      "tsc": [
        "CC7.1",
        "CC7.2"
      ],
      "description": "The CVE-2026-9118 that affected Google Chrome was solved due to an update in the agent or feed.",
      "groups": [
        "vulnerability-detector"
      ],
      "id": "23502",
      "gdpr": [
        "IV_35.7.d"
      ]
    },
    "location": "vulnerability-detector",
    "decoder": {
      "name": "json"
    },
    "id": "1779790414.21540667",
    "timestamp": "2026-05-26T10:13:34.757+0000"
  },
  {
    "input": {
      "type": "log"
    },
    "agent": {
      "ip": "172.21.6.5",
      "name": "SWE03",
      "id": "030"
    },
    "manager": {
      "name": "wazuh.manager"
    },
    "data": {
      "vulnerability": {
        "severity": "High",
        "package": {
          "name": "Google Chrome",
          "version": "148.0.7778.168",
          "architecture": "i686"
        },
        "published": "2026-05-20T20:16:42Z",
        "classification": "CVSS",
        "title": "CVE-2026-9112 affecting Google Chrome was solved",
        "type": "Packages",
        "reference": "https://issues.chromium.org/issues/489791425, https://chromereleases.googleblog.com/2026/05/stable-channel-update-for-desktop_0841193308.html",
        "score": {
          "version": "3.1",
          "base": "8.800000"
        },
        "cve": "CVE-2026-9112",
        "scanner": {
          "reference": "https://cti.wazuh.com/vulnerabilities/cves/CVE-2026-9112"
        },
        "enumeration": "CVE",
        "cvss": {
          "cvss3": {
            "base_score": "8.800000"
          }
        },
        "updated": "2026-05-21T16:56:43Z",
        "status": "Solved"
      }
    },
    "rule": {
      "firedtimes": 9,
      "mail": false,
      "level": 3,
      "pci_dss": [
        "11.2.1",
        "11.2.3"
      ],
      "tsc": [
        "CC7.1",
        "CC7.2"
      ],
      "description": "The CVE-2026-9112 that affected Google Chrome was solved due to an update in the agent or feed.",
      "groups": [
        "vulnerability-detector"
      ],
      "id": "23502",
      "gdpr": [
        "IV_35.7.d"
      ]
    },
    "location": "vulnerability-detector",
    "decoder": {
      "name": "json"
    },
    "id": "1779790414.21538856",
    "timestamp": "2026-05-26T10:13:34.747+0000"
  },
  {
    "input": {
      "type": "log"
    },
    "agent": {
      "ip": "172.21.6.5",
      "name": "SWE03",
      "id": "030"
    },
    "manager": {
      "name": "wazuh.manager"
    },
    "data": {
      "vulnerability": {
        "severity": "High",
        "package": {
          "name": "Google Chrome",
          "version": "148.0.7778.168",
          "architecture": "i686"
        },
        "published": "2026-05-20T20:16:42Z",
        "classification": "CVSS",
        "title": "CVE-2026-9114 affecting Google Chrome was solved",
        "type": "Packages",
        "reference": "https://issues.chromium.org/issues/495798630, https://chromereleases.googleblog.com/2026/05/stable-channel-update-for-desktop_0841193308.html",
        "score": {
          "version": "3.1",
          "base": "8.800000"
        },
        "cve": "CVE-2026-9114",
        "scanner": {
          "reference": "https://cti.wazuh.com/vulnerabilities/cves/CVE-2026-9114"
        },
        "enumeration": "CVE",
        "cvss": {
          "cvss3": {
            "base_score": "8.800000"
          }
        },
        "updated": "2026-05-21T16:56:26Z",
        "status": "Solved"
      }
    },
    "rule": {
      "firedtimes": 8,
      "mail": false,
      "level": 3,
      "pci_dss": [
        "11.2.1",
        "11.2.3"
      ],
      "tsc": [
        "CC7.1",
        "CC7.2"
      ],
      "description": "The CVE-2026-9114 that affected Google Chrome was solved due to an update in the agent or feed.",
      "groups": [
        "vulnerability-detector"
      ],
      "id": "23502",
      "gdpr": [
        "IV_35.7.d"
      ]
    },
    "location": "vulnerability-detector",
    "decoder": {
      "name": "json"
    },
    "id": "1779790414.21537045",
    "timestamp": "2026-05-26T10:13:34.737+0000"
  },
  {
    "input": {
      "type": "log"
    },
    "agent": {
      "ip": "172.21.6.5",
      "name": "SWE03",
      "id": "030"
    },
    "manager": {
      "name": "wazuh.manager"
    },
    "data": {
      "vulnerability": {
        "severity": "Medium",
        "package": {
          "name": "Google Chrome",
          "version": "148.0.7778.168",
          "architecture": "i686"
        },
        "published": "2026-05-20T20:16:45Z",
        "classification": "CVSS",
        "title": "CVE-2026-9124 affecting Google Chrome was solved",
        "type": "Packages",
        "reference": "https://issues.chromium.org/issues/496375695, https://chromereleases.googleblog.com/2026/05/stable-channel-update-for-desktop_0841193308.html",
        "score": {
          "version": "3.1",
          "base": "5.300000"
        },
        "cve": "CVE-2026-9124",
        "scanner": {
          "reference": "https://cti.wazuh.com/vulnerabilities/cves/CVE-2026-9124"
        },
        "enumeration": "CVE",
        "cvss": {
          "cvss3": {
            "base_score": "5.300000"
          }
        },
        "updated": "2026-05-21T16:25:53Z",
        "status": "Solved"
      }
    },
    "rule": {
      "firedtimes": 7,
      "mail": false,
      "level": 3,
      "pci_dss": [
        "11.2.1",
        "11.2.3"
      ],
      "tsc": [
        "CC7.1",
        "CC7.2"
      ],
      "description": "The CVE-2026-9124 that affected Google Chrome was solved due to an update in the agent or feed.",
      "groups": [
        "vulnerability-detector"
      ],
      "id": "23502",
      "gdpr": [
        "IV_35.7.d"
      ]
    },
    "location": "vulnerability-detector",
    "decoder": {
      "name": "json"
    },
    "id": "1779790414.21535230",
    "timestamp": "2026-05-26T10:13:34.727+0000"
  },
  {
    "input": {
      "type": "log"
    },
    "agent": {
      "ip": "172.21.6.5",
      "name": "SWE03",
      "id": "030"
    },
    "manager": {
      "name": "wazuh.manager"
    },
    "data": {
      "vulnerability": {
        "severity": "High",
        "package": {
          "name": "Google Chrome",
          "version": "148.0.7778.168",
          "architecture": "i686"
        },
        "published": "2026-05-20T20:16:45Z",
        "classification": "CVSS",
        "title": "CVE-2026-9126 affecting Google Chrome was solved",
        "type": "Packages",
        "reference": "https://issues.chromium.org/issues/496280532, https://chromereleases.googleblog.com/2026/05/stable-channel-update-for-desktop_0841193308.html",
        "score": {
          "version": "3.1",
          "base": "8.800000"
        },
        "cve": "CVE-2026-9126",
        "scanner": {
          "reference": "https://cti.wazuh.com/vulnerabilities/cves/CVE-2026-9126"
        },
        "enumeration": "CVE",
        "cvss": {
          "cvss3": {
            "base_score": "8.800000"
          }
        },
        "updated": "2026-05-21T16:23:01Z",
        "status": "Solved"
      }
    },
    "rule": {
      "firedtimes": 6,
      "mail": false,
      "level": 3,
      "pci_dss": [
        "11.2.1",
        "11.2.3"
      ],
      "tsc": [
        "CC7.1",
        "CC7.2"
      ],
      "description": "The CVE-2026-9126 that affected Google Chrome was solved due to an update in the agent or feed.",
      "groups": [
        "vulnerability-detector"
      ],
      "id": "23502",
      "gdpr": [
        "IV_35.7.d"
      ]
    },
    "location": "vulnerability-detector",
    "decoder": {
      "name": "json"
    },
    "id": "1779790414.21533419",
    "timestamp": "2026-05-26T10:13:34.717+0000"
  },
  {
    "input": {
      "type": "log"
    },
    "agent": {
      "ip": "172.21.6.5",
      "name": "SWE03",
      "id": "030"
    },
    "manager": {
      "name": "wazuh.manager"
    },
    "data": {
      "vulnerability": {
        "severity": "High",
        "package": {
          "name": "Google Chrome",
          "version": "148.0.7778.168",
          "architecture": "i686"
        },
        "published": "2026-05-20T20:16:44Z",
        "classification": "CVSS",
        "title": "CVE-2026-9121 affecting Google Chrome was solved",
        "type": "Packages",
        "reference": "https://issues.chromium.org/issues/488064108, https://chromereleases.googleblog.com/2026/05/stable-channel-update-for-desktop_0841193308.html",
        "score": {
          "version": "3.1",
          "base": "8.800000"
        },
        "cve": "CVE-2026-9121",
        "scanner": {
          "reference": "https://cti.wazuh.com/vulnerabilities/cves/CVE-2026-9121"
        },
        "enumeration": "CVE",
        "cvss": {
          "cvss3": {
            "base_score": "8.800000"
          }
        },
        "updated": "2026-05-21T16:35:19Z",
        "status": "Solved"
      }
    },
    "rule": {
      "firedtimes": 5,
      "mail": false,
      "level": 3,
      "pci_dss": [
        "11.2.1",
        "11.2.3"
      ],
      "tsc": [
        "CC7.1",
        "CC7.2"
      ],
      "description": "The CVE-2026-9121 that affected Google Chrome was solved due to an update in the agent or feed.",
      "groups": [
        "vulnerability-detector"
      ],
      "id": "23502",
      "gdpr": [
        "IV_35.7.d"
      ]
    },
    "location": "vulnerability-detector",
    "decoder": {
      "name": "json"
    },
    "id": "1779790414.21531608",
    "timestamp": "2026-05-26T10:13:34.707+0000"
  },
  {
    "input": {
      "type": "log"
    },
    "agent": {
      "ip": "172.21.6.5",
      "name": "SWE03",
      "id": "030"
    },
    "manager": {
      "name": "wazuh.manager"
    },
    "data": {
      "vulnerability": {
        "severity": "Medium",
        "package": {
          "name": "Google Chrome",
          "version": "148.0.7778.168",
          "architecture": "i686"
        },
        "published": "2026-05-20T20:16:42Z",
        "classification": "CVSS",
        "title": "CVE-2026-9115 affecting Google Chrome was solved",
        "type": "Packages",
        "reference": "https://issues.chromium.org/issues/495999481, https://chromereleases.googleblog.com/2026/05/stable-channel-update-for-desktop_0841193308.html",
        "score": {
          "version": "3.1",
          "base": "4.300000"
        },
        "cve": "CVE-2026-9115",
        "scanner": {
          "reference": "https://cti.wazuh.com/vulnerabilities/cves/CVE-2026-9115"
        },
        "enumeration": "CVE",
        "cvss": {
          "cvss3": {
            "base_score": "4.300000"
          }
        },
        "updated": "2026-05-21T16:56:21Z",
        "status": "Solved"
      }
    },
    "rule": {
      "firedtimes": 4,
      "mail": false,
      "level": 3,
      "pci_dss": [
        "11.2.1",
        "11.2.3"
      ],
      "tsc": [
        "CC7.1",
        "CC7.2"
      ],
      "description": "The CVE-2026-9115 that affected Google Chrome was solved due to an update in the agent or feed.",
      "groups": [
        "vulnerability-detector"
      ],
      "id": "23502",
      "gdpr": [
        "IV_35.7.d"
      ]
    },
    "location": "vulnerability-detector",
    "decoder": {
      "name": "json"
    },
    "id": "1779790414.21529793",
    "timestamp": "2026-05-26T10:13:34.697+0000"
  },
  {
    "input": {
      "type": "log"
    },
    "agent": {
      "ip": "172.21.6.5",
      "name": "SWE03",
      "id": "030"
    },
    "manager": {
      "name": "wazuh.manager"
    },
    "data": {
      "vulnerability": {
        "severity": "High",
        "package": {
          "name": "Google Chrome",
          "version": "148.0.7778.168",
          "architecture": "i686"
        },
        "published": "2026-05-20T20:16:43Z",
        "classification": "CVSS",
        "title": "CVE-2026-9120 affecting Google Chrome was solved",
        "type": "Packages",
        "reference": "https://issues.chromium.org/issues/504620824, https://chromereleases.googleblog.com/2026/05/stable-channel-update-for-desktop_0841193308.html",
        "score": {
          "version": "3.1",
          "base": "8.800000"
        },
        "cve": "CVE-2026-9120",
        "scanner": {
          "reference": "https://cti.wazuh.com/vulnerabilities/cves/CVE-2026-9120"
        },
        "enumeration": "CVE",
        "cvss": {
          "cvss3": {
            "base_score": "8.800000"
          }
        },
        "updated": "2026-05-21T16:41:34Z",
        "status": "Solved"
      }
    },
    "rule": {
      "firedtimes": 3,
      "mail": false,
      "level": 3,
      "pci_dss": [
        "11.2.1",
        "11.2.3"
      ],
      "tsc": [
        "CC7.1",
        "CC7.2"
      ],
      "description": "The CVE-2026-9120 that affected Google Chrome was solved due to an update in the agent or feed.",
      "groups": [
        "vulnerability-detector"
      ],
      "id": "23502",
      "gdpr": [
        "IV_35.7.d"
      ]
    },
    "location": "vulnerability-detector",
    "decoder": {
      "name": "json"
    },
    "id": "1779790414.21527982",
    "timestamp": "2026-05-26T10:13:34.687+0000"
  },
  {
    "input": {
      "type": "log"
    },
    "agent": {
      "ip": "172.21.6.5",
      "name": "SWE03",
      "id": "030"
    },
    "manager": {
      "name": "wazuh.manager"
    },
    "data": {
      "vulnerability": {
        "severity": "High",
        "package": {
          "name": "Google Chrome",
          "version": "148.0.7778.168",
          "architecture": "i686"
        },
        "published": "2026-05-20T20:16:41Z",
        "classification": "CVSS",
        "title": "CVE-2026-9111 affecting Google Chrome was solved",
        "type": "Packages",
        "reference": "https://issues.chromium.org/issues/504551032, https://chromereleases.googleblog.com/2026/05/stable-channel-update-for-desktop_0841193308.html",
        "score": {
          "version": "3.1",
          "base": "8.800000"
        },
        "cve": "CVE-2026-9111",
        "scanner": {
          "reference": "https://cti.wazuh.com/vulnerabilities/cves/CVE-2026-9111"
        },
        "enumeration": "CVE",
        "cvss": {
          "cvss3": {
            "base_score": "8.800000"
          }
        },
        "updated": "2026-05-21T16:56:46Z",
        "status": "Solved"
      }
    },
    "rule": {
      "firedtimes": 2,
      "mail": false,
      "level": 3,
      "pci_dss": [
        "11.2.1",
        "11.2.3"
      ],
      "tsc": [
        "CC7.1",
        "CC7.2"
      ],
      "description": "The CVE-2026-9111 that affected Google Chrome was solved due to an update in the agent or feed.",
      "groups": [
        "vulnerability-detector"
      ],
      "id": "23502",
      "gdpr": [
        "IV_35.7.d"
      ]
    },
    "location": "vulnerability-detector",
    "decoder": {
      "name": "json"
    },
    "id": "1779790414.21526171",
    "timestamp": "2026-05-26T10:13:34.677+0000"
  },
  {
    "input": {
      "type": "log"
    },
    "agent": {
      "ip": "172.21.6.5",
      "name": "SWE03",
      "id": "030"
    },
    "manager": {
      "name": "wazuh.manager"
    },
    "data": {
      "vulnerability": {
        "severity": "High",
        "package": {
          "name": "Google Chrome",
          "version": "148.0.7778.168",
          "architecture": "i686"
        },
        "published": "2026-05-20T20:16:43Z",
        "classification": "CVSS",
        "title": "CVE-2026-9119 affecting Google Chrome was solved",
        "type": "Packages",
        "reference": "https://issues.chromium.org/issues/502661101, https://chromereleases.googleblog.com/2026/05/stable-channel-update-for-desktop_0841193308.html",
        "score": {
          "version": "3.1",
          "base": "8.800000"
        },
        "cve": "CVE-2026-9119",
        "scanner": {
          "reference": "https://cti.wazuh.com/vulnerabilities/cves/CVE-2026-9119"
        },
        "enumeration": "CVE",
        "cvss": {
          "cvss3": {
            "base_score": "8.800000"
          }
        },
        "updated": "2026-05-21T16:44:34Z",
        "status": "Solved"
      }
    },
    "rule": {
      "firedtimes": 1,
      "mail": false,
      "level": 3,
      "pci_dss": [
        "11.2.1",
        "11.2.3"
      ],
      "tsc": [
        "CC7.1",
        "CC7.2"
      ],
      "description": "The CVE-2026-9119 that affected Google Chrome was solved due to an update in the agent or feed.",
      "groups": [
        "vulnerability-detector"
      ],
      "id": "23502",
      "gdpr": [
        "IV_35.7.d"
      ]
    },
    "location": "vulnerability-detector",
    "decoder": {
      "name": "json"
    },
    "id": "1779790414.21524360",
    "timestamp": "2026-05-26T10:13:34.666+0000"
  },
  {
    "input": {
      "type": "log"
    },
    "agent": {
      "ip": "172.21.5.10",
      "name": "KS_06_002",
      "id": "025"
    },
    "manager": {
      "name": "wazuh.manager"
    },
    "data": {
      "win": {
        "eventdata": {
          "data": "2126-05-02T10:13:31Z, RulesEngine"
        },
        "system": {
          "eventID": "16384",
          "eventSourceName": "Software Protection Platform Service",
          "keywords": "0x80000000000000",
          "providerGuid": "{E23B33B0-C8C9-472C-A5F9-F2BDFEA0F156}",
          "level": "4",
          "channel": "Application",
          "opcode": "0",
          "message": "\"Der Softwareschutzdienst wurde erfolgreich für den erneuten Start bei 2126-05-02T10:13:31Z geplant. Grund: RulesEngine.\"",
          "version": "0",
          "systemTime": "2026-05-26T10:13:31.6033484Z",
          "eventRecordID": "258914",
          "threadID": "0",
          "computer": "KS_06_002.arzw.local",
          "task": "0",
          "processID": "0",
          "severityValue": "INFORMATION",
          "providerName": "Microsoft-Windows-Security-SPP"
        }
      }
    },
    "rule": {
      "firedtimes": 42,
      "mail": false,
      "level": 3,
      "description": "Software protection service scheduled successfully.",
      "groups": [
        "windows",
        "windows_application"
      ],
      "id": "60642"
    },
    "location": "EventChannel",
    "decoder": {
      "name": "windows_eventchannel"
    },
    "id": "1779790411.21522734",
    "timestamp": "2026-05-26T10:13:31.745+0000"
  },
  {
    "input": {
      "type": "log"
    },
    "agent": {
      "ip": "172.21.5.132",
      "name": "MINI-PC-MINISFORUM",
      "id": "075"
    },
    "manager": {
      "name": "wazuh.manager"
    },
    "data": {
      "win": {
        "eventdata": {
          "data": "2126-05-02T10:13:27Z, RulesEngine"
        },
        "system": {
          "eventID": "16384",
          "eventSourceName": "Software Protection Platform Service",
          "keywords": "0x80000000000000",
          "providerGuid": "{E23B33B0-C8C9-472C-A5F9-F2BDFEA0F156}",
          "level": "4",
          "channel": "Application",
          "opcode": "0",
          "message": "\"Der Softwareschutzdienst wurde erfolgreich für den erneuten Start bei 2126-05-02T10:13:27Z geplant. Grund: RulesEngine.\"",
          "version": "0",
          "systemTime": "2026-05-26T10:13:27.1913051Z",
          "eventRecordID": "75983",
          "threadID": "0",
          "computer": "PROD-MINISFORUM.arzw.local",
          "task": "0",
          "processID": "151916",
          "severityValue": "INFORMATION",
          "providerName": "Microsoft-Windows-Security-SPP"
        }
      }
    },
    "rule": {
      "firedtimes": 41,
      "mail": false,
      "level": 3,
      "description": "Software protection service scheduled successfully.",
      "groups": [
        "windows",
        "windows_application"
      ],
      "id": "60642"
    },
    "location": "EventChannel",
    "decoder": {
      "name": "windows_eventchannel"
    },
    "id": "1779790407.21521079",
    "timestamp": "2026-05-26T10:13:27.356+0000"
  },
  {
    "input": {
      "type": "log"
    },
    "agent": {
      "ip": "172.21.5.96",
      "name": "vm-miniservices",
      "id": "113"
    },
    "manager": {
      "name": "wazuh.manager"
    },
    "data": {
      "win": {
        "eventdata": {
          "subjectLogonId": "0x3e7",
          "parentProcessName": "C:\\\\Windows\\\\System32\\\\svchost.exe",
          "subjectDomainName": "ARZW",
          "tokenElevationType": "%%1936",
          "newProcessId": "0x2274",
          "mandatoryLabel": "S-1-16-4096",
          "newProcessName": "C:\\\\Windows\\\\System32\\\\backgroundTaskHost.exe",
          "targetLogonId": "0xf9af2",
          "targetUserName": "swuser",
          "subjectUserSid": "S-1-5-18",
          "processId": "0x2f0",
          "targetDomainName": "ARZW",
          "commandLine": "\\\"C:\\\\WINDOWS\\\\system32\\\\backgroundTaskHost.exe\\\" -ServerName:Global.DesktopSpotlight.AppXz2j21w56bgxkgsjhtn7zkjsepq96erz2.mca",
          "targetUserSid": "S-1-5-21-228770904-35461013-1130905197-2636",
          "subjectUserName": "VM-MINISERVICES$"
        },
        "system": {
          "eventID": "4688",
          "keywords": "0x8020000000000000",
          "providerGuid": "{54849625-5478-4994-a5ba-3e3b0328c30d}",
          "level": "0",
          "channel": "Security",
          "opcode": "0",
          "message": "\"A new process has been created.\r\n\r\nCreator Subject:\r\n\tSecurity ID:\t\tS-1-5-18\r\n\tAccount Name:\t\tVM-MINISERVICES$\r\n\tAccount Domain:\t\tARZW\r\n\tLogon ID:\t\t0x3E7\r\n\r\nTarget Subject:\r\n\tSecurity ID:\t\tS-1-5-21-228770904-35461013-1130905197-2636\r\n\tAccount Name:\t\tswuser\r\n\tAccount Domain:\t\tARZW\r\n\tLogon ID:\t\t0xF9AF2\r\n\r\nProcess Information:\r\n\tNew Process ID:\t\t0x2274\r\n\tNew Process Name:\tC:\\Windows\\System32\\backgroundTaskHost.exe\r\n\tToken Elevation Type:\tTokenElevationTypeDefault (1)\r\n\tMandatory Label:\t\tS-1-16-4096\r\n\tCreator Process ID:\t0x2f0\r\n\tCreator Process Name:\tC:\\Windows\\System32\\svchost.exe\r\n\tProcess Command Line:\t\"C:\\WINDOWS\\system32\\backgroundTaskHost.exe\" -ServerName:Global.DesktopSpotlight.AppXz2j21w56bgxkgsjhtn7zkjsepq96erz2.mca\r\n\r\nToken Elevation Type indicates the type of token that was assigned to the new process in accordance with User Account Control policy.\r\n\r\nType 1 is a full token with no privileges removed or groups disabled.  A full token is only used if User Account Control is disabled or if the user is the built-in Administrator account or a service account.\r\n\r\nType 2 is an elevated token with no privileges removed or groups disabled.  An elevated token is used when User Account Control is enabled and the user chooses to start the program using Run as administrator.  An elevated token is also used when an application is configured to always require administrative privilege or to always require maximum privilege, and the user is a member of the Administrators group.\r\n\r\nType 3 is a limited token with administrative privileges removed and administrative groups disabled.  The limited token is used when User Account Control is enabled, the application does not require administrative privilege, and the user does not choose to start the program using Run as administrator.\"",
          "version": "2",
          "systemTime": "2026-05-26T10:13:14.4380935Z",
          "eventRecordID": "975424",
          "threadID": "10024",
          "computer": "vm-miniservices.arzw.local",
          "task": "13312",
          "processID": "4",
          "severityValue": "AUDIT_SUCCESS",
          "providerName": "Microsoft-Windows-Security-Auditing"
        }
      }
    },
    "rule": {
      "firedtimes": 15,
      "mail": false,
      "level": 3,
      "description": "A process was created.",
      "groups": [
        "windows",
        " WEF"
      ],
      "id": "67027"
    },
    "location": "EventChannel",
    "decoder": {
      "name": "windows_eventchannel"
    },
    "id": "1779790395.21514765",
    "timestamp": "2026-05-26T10:13:15.460+0000"
  },
  {
    "input": {
      "type": "log"
    },
    "agent": {
      "ip": "172.21.5.96",
      "name": "vm-miniservices",
      "id": "113"
    },
    "manager": {
      "name": "wazuh.manager"
    },
    "data": {
      "win": {
        "eventdata": {
          "subjectLogonId": "0x3e7",
          "parentProcessName": "C:\\\\Windows\\\\System32\\\\svchost.exe",
          "subjectDomainName": "ARZW",
          "tokenElevationType": "%%1936",
          "newProcessId": "0x32c",
          "mandatoryLabel": "S-1-16-4096",
          "newProcessName": "C:\\\\Windows\\\\System32\\\\backgroundTaskHost.exe",
          "targetLogonId": "0x2b839d",
          "targetUserName": "administrator",
          "subjectUserSid": "S-1-5-18",
          "processId": "0x2f0",
          "targetDomainName": "ARZW",
          "commandLine": "\\\"C:\\\\WINDOWS\\\\system32\\\\backgroundTaskHost.exe\\\" -ServerName:Global.DesktopSpotlight.AppXz2j21w56bgxkgsjhtn7zkjsepq96erz2.mca",
          "targetUserSid": "S-1-5-21-228770904-35461013-1130905197-500",
          "subjectUserName": "VM-MINISERVICES$"
        },
        "system": {
          "eventID": "4688",
          "keywords": "0x8020000000000000",
          "providerGuid": "{54849625-5478-4994-a5ba-3e3b0328c30d}",
          "level": "0",
          "channel": "Security",
          "opcode": "0",
          "message": "\"A new process has been created.\r\n\r\nCreator Subject:\r\n\tSecurity ID:\t\tS-1-5-18\r\n\tAccount Name:\t\tVM-MINISERVICES$\r\n\tAccount Domain:\t\tARZW\r\n\tLogon ID:\t\t0x3E7\r\n\r\nTarget Subject:\r\n\tSecurity ID:\t\tS-1-5-21-228770904-35461013-1130905197-500\r\n\tAccount Name:\t\tadministrator\r\n\tAccount Domain:\t\tARZW\r\n\tLogon ID:\t\t0x2B839D\r\n\r\nProcess Information:\r\n\tNew Process ID:\t\t0x32c\r\n\tNew Process Name:\tC:\\Windows\\System32\\backgroundTaskHost.exe\r\n\tToken Elevation Type:\tTokenElevationTypeDefault (1)\r\n\tMandatory Label:\t\tS-1-16-4096\r\n\tCreator Process ID:\t0x2f0\r\n\tCreator Process Name:\tC:\\Windows\\System32\\svchost.exe\r\n\tProcess Command Line:\t\"C:\\WINDOWS\\system32\\backgroundTaskHost.exe\" -ServerName:Global.DesktopSpotlight.AppXz2j21w56bgxkgsjhtn7zkjsepq96erz2.mca\r\n\r\nToken Elevation Type indicates the type of token that was assigned to the new process in accordance with User Account Control policy.\r\n\r\nType 1 is a full token with no privileges removed or groups disabled.  A full token is only used if User Account Control is disabled or if the user is the built-in Administrator account or a service account.\r\n\r\nType 2 is an elevated token with no privileges removed or groups disabled.  An elevated token is used when User Account Control is enabled and the user chooses to start the program using Run as administrator.  An elevated token is also used when an application is configured to always require administrative privilege or to always require maximum privilege, and the user is a member of the Administrators group.\r\n\r\nType 3 is a limited token with administrative privileges removed and administrative groups disabled.  The limited token is used when User Account Control is enabled, the application does not require administrative privilege, and the user does not choose to start the program using Run as administrator.\"",
          "version": "2",
          "systemTime": "2026-05-26T10:13:14.4094956Z",
          "eventRecordID": "975423",
          "threadID": "13272",
          "computer": "vm-miniservices.arzw.local",
          "task": "13312",
          "processID": "4",
          "severityValue": "AUDIT_SUCCESS",
          "providerName": "Microsoft-Windows-Security-Auditing"
        }
      }
    },
    "rule": {
      "firedtimes": 14,
      "mail": false,
      "level": 3,
      "description": "A process was created.",
      "groups": [
        "windows",
        " WEF"
      ],
      "id": "67027"
    },
    "location": "EventChannel",
    "decoder": {
      "name": "windows_eventchannel"
    },
    "id": "1779790395.21508427",
    "timestamp": "2026-05-26T10:13:15.419+0000"
  },
  {
    "input": {
      "type": "log"
    },
    "agent": {
      "ip": "172.21.4.243",
      "name": "Nicole_RZ",
      "id": "079"
    },
    "manager": {
      "name": "wazuh.manager"
    },
    "data": {
      "win": {
        "eventdata": {
          "binary": "2D20436F64653A2020434F525356434330303030303737322D2043616C6C3A2020434F525356434330303030303735342D205049443A202030303030363633362D205449443A202030303030323434342D20434D443A2020433A5C57494E444F57535C73797374656D33325C76737376632E6578652020202D20557365723A204E616D653A204E542D4155544F524954C4545C53595354454D2C205349443A532D312D352D313820"
        },
        "system": {
          "eventID": "8224",
          "keywords": "0x80000000000000",
          "level": "4",
          "channel": "Application",
          "opcode": "0",
          "message": "\"Der VSS-Dienst wird aufgrund eines Leerlaufzeitlimits heruntergefahren. \"",
          "version": "0",
          "systemTime": "2026-05-26T10:13:04.0659837Z",
          "eventRecordID": "18992",
          "threadID": "0",
          "computer": "Nicole_RZ.arzw.local",
          "task": "0",
          "processID": "6636",
          "severityValue": "INFORMATION",
          "providerName": "VSS"
        }
      }
    },
    "rule": {
      "firedtimes": 1,
      "mail": false,
      "level": 5,
      "description": "The VSS service is shutting down due to idle timeout.",
      "groups": [
        "windows",
        "windows_application"
      ],
      "id": "60702"
    },
    "location": "EventChannel",
    "decoder": {
      "name": "windows_eventchannel"
    },
    "id": "1779790384.21506579",
    "timestamp": "2026-05-26T10:13:04.154+0000"
  },
  {
    "input": {
      "type": "log"
    },
    "agent": {
      "ip": "172.21.5.132",
      "name": "MINI-PC-MINISFORUM",
      "id": "075"
    },
    "manager": {
      "name": "wazuh.manager"
    },
    "data": {
      "win": {
        "eventdata": {
          "entityName": "ARZW\\\\m.danz",
          "currentSize": "60",
          "currentLimit": "60"
        },
        "system": {
          "eventID": "16398",
          "keywords": "0x8000000000000000",
          "providerGuid": "{ef1cc15b-46c1-414e-bb95-e76b077bd51e}",
          "level": "2",
          "channel": "System",
          "opcode": "0",
          "message": "\"Ein neuer BITS-Auftrag konnte nicht erstellt werden. Die aktuelle Auftragsanzahl für den ARZW\\m.danz-Benutzer (\"60\") ist gleich oder größer als das durch die Gruppenrichtlinie angegebene Auftragslimit (\"60\"). Sie können das Problem beheben, indem Sie die BITS-Aufträge beenden oder abbrechen, für die kein Fortschritt festgestellt wurde, indem Sie sich den Fehler ansehen, und den BITS-Dienst anschließend neu starten. Falls der Fehler weiterhin angezeigt wird, bitten Sie den Administrator, die durch die Gruppenrichtlinie angegebenen Auftragslimits pro Benutzer und pro Computer zu erhöhen.\"",
          "version": "0",
          "systemTime": "2026-05-26T10:12:38.9400663Z",
          "eventRecordID": "62242",
          "threadID": "138508",
          "computer": "PROD-MINISFORUM.arzw.local",
          "task": "0",
          "processID": "147156",
          "severityValue": "ERROR",
          "providerName": "Microsoft-Windows-Bits-Client"
        }
      }
    },
    "rule": {
      "firedtimes": 1,
      "mail": false,
      "level": 5,
      "description": "Windows System error event",
      "groups": [
        "windows",
        "windows_system",
        "system_error"
      ],
      "id": "61102",
      "gpg13": [
        "4.3"
      ],
      "gdpr": [
        "IV_35.7.d"
      ]
    },
    "location": "EventChannel",
    "decoder": {
      "name": "windows_eventchannel"
    },
    "id": "1779790359.21504011",
    "timestamp": "2026-05-26T10:12:39.994+0000"
  },
  {
    "input": {
      "type": "log"
    },
    "agent": {
      "ip": "172.21.5.132",
      "name": "MINI-PC-MINISFORUM",
      "id": "075"
    },
    "manager": {
      "name": "wazuh.manager"
    },
    "data": {
      "win": {
        "eventdata": {
          "param3": "Automatisch starten",
          "param4": "BITS",
          "param1": "Background Intelligent Transfer Service",
          "param2": "Manuell starten"
        },
        "system": {
          "eventID": "7040",
          "eventSourceName": "Service Control Manager",
          "keywords": "0x8080000000000000",
          "providerGuid": "{555908d1-a6d7-4695-8e1e-26931d2012f4}",
          "level": "4",
          "channel": "System",
          "opcode": "0",
          "message": "\"Der Starttyp des Diensts \"Background Intelligent Transfer Service\" wurde von Manuell starten in Automatisch starten geändert.\"",
          "version": "0",
          "systemTime": "2026-05-26T10:12:34.4356522Z",
          "eventRecordID": "62241",
          "threadID": "120816",
          "computer": "PROD-MINISFORUM.arzw.local",
          "task": "0",
          "processID": "1804",
          "severityValue": "INFORMATION",
          "providerName": "Service Control Manager"
        }
      }
    },
    "rule": {
      "firedtimes": 3,
      "mail": false,
      "level": 3,
      "pci_dss": [
        "10.6"
      ],
      "hipaa": [
        "164.312.b"
      ],
      "tsc": [
        "CC6.1",
        "CC6.8",
        "CC7.2",
        "CC7.3"
      ],
      "description": "Service startup type was changed",
      "groups": [
        "windows",
        "windows_system",
        "policy_changed"
      ],
      "id": "61104",
      "nist_800_53": [
        "AU.6"
      ],
      "info": "This does not appear to be logged on Windows 2000",
      "gdpr": [
        "IV_35.7.d"
      ]
    },
    "location": "EventChannel",
    "decoder": {
      "name": "windows_eventchannel"
    },
    "id": "1779790355.21502095",
    "timestamp": "2026-05-26T10:12:35.582+0000"
  },
  {
    "input": {
      "type": "log"
    },
    "agent": {
      "ip": "172.21.5.25",
      "name": "RZ_13_001",
      "id": "022"
    },
    "manager": {
      "name": "wazuh.manager"
    },
    "data": {
      "win": {
        "eventdata": {
          "data": "2126-05-02T10:12:20Z, RulesEngine"
        },
        "system": {
          "eventID": "16384",
          "eventSourceName": "Software Protection Platform Service",
          "keywords": "0x80000000000000",
          "providerGuid": "{E23B33B0-C8C9-472C-A5F9-F2BDFEA0F156}",
          "level": "4",
          "channel": "Application",
          "opcode": "0",
          "message": "\"Der Softwareschutzdienst wurde erfolgreich für den erneuten Start bei 2126-05-02T10:12:20Z geplant. Grund: RulesEngine.\"",
          "version": "0",
          "systemTime": "2026-05-26T10:12:20.1293291Z",
          "eventRecordID": "252908",
          "threadID": "0",
          "computer": "RZ_13_001.arzw.local",
          "task": "0",
          "processID": "0",
          "severityValue": "INFORMATION",
          "providerName": "Microsoft-Windows-Security-SPP"
        }
      }
    },
    "rule": {
      "firedtimes": 40,
      "mail": false,
      "level": 3,
      "description": "Software protection service scheduled successfully.",
      "groups": [
        "windows",
        "windows_application"
      ],
      "id": "60642"
    },
    "location": "EventChannel",
    "decoder": {
      "name": "windows_eventchannel"
    },
    "id": "1779790340.21500469",
    "timestamp": "2026-05-26T10:12:20.181+0000"
  },
  {
    "input": {
      "type": "log"
    },
    "agent": {
      "ip": "172.21.4.243",
      "name": "Nicole_RZ",
      "id": "079"
    },
    "manager": {
      "name": "wazuh.manager"
    },
    "data": {
      "win": {
        "eventdata": {
          "targetLogonId": "0x8e793e",
          "targetUserName": "NICOLE_RZ$",
          "targetDomainName": "ARZW",
          "targetUserSid": "S-1-5-18",
          "logonType": "3"
        },
        "system": {
          "eventID": "4634",
          "keywords": "0x8020000000000000",
          "providerGuid": "{54849625-5478-4994-a5ba-3e3b0328c30d}",
          "level": "0",
          "channel": "Security",
          "opcode": "0",
          "message": "\"Ein Konto wurde abgemeldet.\r\n\r\nAntragsteller:\r\n\tSicherheits-ID:\t\tS-1-5-18\r\n\tKontoname:\t\tNICOLE_RZ$\r\n\tKontodomäne:\t\tARZW\r\n\tAnmelde-ID:\t\t0x8E793E\r\n\r\nAnmeldetyp:\t\t\t3\r\n\r\nDieses Ereignis wird generiert, wenn eine Anmeldesitzung zerstört wird. Es kann anhand des Wertes der Anmelde-ID positiv mit einem Anmeldeereignis korreliert werden. Anmelde-IDs sind nur zwischen Neustarts auf demselben Computer eindeutig.\"",
          "version": "0",
          "systemTime": "2026-05-26T10:12:17.8417764Z",
          "eventRecordID": "324630",
          "threadID": "5136",
          "computer": "Nicole_RZ.arzw.local",
          "task": "12545",
          "processID": "792",
          "severityValue": "AUDIT_SUCCESS",
          "providerName": "Microsoft-Windows-Security-Auditing"
        }
      }
    },
    "rule": {
      "firedtimes": 8,
      "mail": false,
      "level": 3,
      "pci_dss": [
        "10.2.5"
      ],
      "hipaa": [
        "164.312.b"
      ],
      "tsc": [
        "CC6.8",
        "CC7.2",
        "CC7.3"
      ],
      "description": "Windows User Logoff",
      "groups": [
        "windows",
        "windows_security"
      ],
      "id": "60137",
      "nist_800_53": [
        "AU.14",
        "AC.7"
      ],
      "gdpr": [
        "IV_32.2"
      ]
    },
    "location": "EventChannel",
    "decoder": {
      "name": "windows_eventchannel"
    },
    "id": "1779790338.21498044",
    "timestamp": "2026-05-26T10:12:18.671+0000"
  },
