  {
    "input": {
      "type": "log"
    },
    "agent": {
      "ip": "172.21.4.222",
      "name": "Juliane",
      "id": "072"
    },
    "manager": {
      "name": "wazuh.manager"
    },
    "data": {
      "win": {
        "eventdata": {
          "data": "2126-05-02T05:46:37Z, RulesEngine"
        },
        "system": {
          "eventID": "16384",
          "eventSourceName": "Software Protection Platform Service",
          "keywords": "0x80000000000000",
          "providerGuid": "{E23B33B0-C8C9-472C-A5F9-F2BDFEA0F156}",
          "level": "4",
          "channel": "Application",
          "opcode": "0",
          "message": "\"Der Softwareschutzdienst wurde erfolgreich für den erneuten Start bei 2126-05-02T05:46:37Z geplant. Grund: RulesEngine.\"",
          "version": "0",
          "systemTime": "2026-05-26T05:46:37.1308258Z",
          "eventRecordID": "21854",
          "threadID": "0",
          "computer": "Juliane.arzw.local",
          "task": "0",
          "processID": "7732",
          "severityValue": "INFORMATION",
          "providerName": "Microsoft-Windows-Security-SPP"
        }
      }
    },
    "rule": {
      "firedtimes": 105,
      "mail": false,
      "level": 3,
      "description": "Software protection service scheduled successfully.",
      "groups": [
        "windows",
        "windows_application"
      ],
      "id": "60642"
    },
    "location": "EventChannel",
    "decoder": {
      "name": "windows_eventchannel"
    },
    "id": "1779774397.10561673",
    "timestamp": "2026-05-26T05:46:37.150+0000"
  },
  {
    "input": {
      "type": "log"
    },
    "agent": {
      "ip": "172.21.4.222",
      "name": "Juliane",
      "id": "072"
    },
    "manager": {
      "name": "wazuh.manager"
    },
    "data": {
      "win": {
        "eventdata": {
          "data": "2126-05-02T05:34:51Z, RulesEngine"
        },
        "system": {
          "eventID": "16384",
          "eventSourceName": "Software Protection Platform Service",
          "keywords": "0x80000000000000",
          "providerGuid": "{E23B33B0-C8C9-472C-A5F9-F2BDFEA0F156}",
          "level": "4",
          "channel": "Application",
          "opcode": "0",
          "message": "\"Der Softwareschutzdienst wurde erfolgreich für den erneuten Start bei 2126-05-02T05:34:51Z geplant. Grund: RulesEngine.\"",
          "version": "0",
          "systemTime": "2026-05-26T05:34:51.3005774Z",
          "eventRecordID": "21852",
          "threadID": "0",
          "computer": "Juliane.arzw.local",
          "task": "0",
          "processID": "6852",
          "severityValue": "INFORMATION",
          "providerName": "Microsoft-Windows-Security-SPP"
        }
      }
    },
    "rule": {
      "firedtimes": 80,
      "mail": false,
      "level": 3,
      "description": "Software protection service scheduled successfully.",
      "groups": [
        "windows",
        "windows_application"
      ],
      "id": "60642"
    },
    "location": "EventChannel",
    "decoder": {
      "name": "windows_eventchannel"
    },
    "id": "1779773691.10050866",
    "timestamp": "2026-05-26T05:34:51.298+0000"
  },
  {
    "input": {
      "type": "log"
    },
    "agent": {
      "ip": "172.21.4.222",
      "name": "Juliane",
      "id": "072"
    },
    "manager": {
      "name": "wazuh.manager"
    },
    "data": {
      "win": {
        "eventdata": {
          "data": "2126-05-02T05:30:11Z, RulesEngine"
        },
        "system": {
          "eventID": "16384",
          "eventSourceName": "Software Protection Platform Service",
          "keywords": "0x80000000000000",
          "providerGuid": "{E23B33B0-C8C9-472C-A5F9-F2BDFEA0F156}",
          "level": "4",
          "channel": "Application",
          "opcode": "0",
          "message": "\"Der Softwareschutzdienst wurde erfolgreich für den erneuten Start bei 2126-05-02T05:30:11Z geplant. Grund: RulesEngine.\"",
          "version": "0",
          "systemTime": "2026-05-26T05:30:11.9158605Z",
          "eventRecordID": "21850",
          "threadID": "0",
          "computer": "Juliane.arzw.local",
          "task": "0",
          "processID": "2820",
          "severityValue": "INFORMATION",
          "providerName": "Microsoft-Windows-Security-SPP"
        }
      }
    },
    "rule": {
      "firedtimes": 70,
      "mail": false,
      "level": 3,
      "description": "Software protection service scheduled successfully.",
      "groups": [
        "windows",
        "windows_application"
      ],
      "id": "60642"
    },
    "location": "EventChannel",
    "decoder": {
      "name": "windows_eventchannel"
    },
    "id": "1779773411.9709570",
    "timestamp": "2026-05-26T05:30:11.913+0000"
  },
  {
    "input": {
      "type": "log"
    },
    "agent": {
      "ip": "172.21.4.222",
      "name": "Juliane",
      "id": "072"
    },
    "manager": {
      "name": "wazuh.manager"
    },
    "data": {
      "win": {
        "eventdata": {
          "data": "2126-05-02T05:27:57Z, RulesEngine"
        },
        "system": {
          "eventID": "16384",
          "eventSourceName": "Software Protection Platform Service",
          "keywords": "0x80000000000000",
          "providerGuid": "{E23B33B0-C8C9-472C-A5F9-F2BDFEA0F156}",
          "level": "4",
          "channel": "Application",
          "opcode": "0",
          "message": "\"Der Softwareschutzdienst wurde erfolgreich für den erneuten Start bei 2126-05-02T05:27:57Z geplant. Grund: RulesEngine.\"",
          "version": "0",
          "systemTime": "2026-05-26T05:27:57.1585979Z",
          "eventRecordID": "21848",
          "threadID": "0",
          "computer": "Juliane.arzw.local",
          "task": "0",
          "processID": "12004",
          "severityValue": "INFORMATION",
          "providerName": "Microsoft-Windows-Security-SPP"
        }
      }
    },
    "rule": {
      "firedtimes": 64,
      "mail": false,
      "level": 3,
      "description": "Software protection service scheduled successfully.",
      "groups": [
        "windows",
        "windows_application"
      ],
      "id": "60642"
    },
    "location": "EventChannel",
    "decoder": {
      "name": "windows_eventchannel"
    },
    "id": "1779773275.9057792",
    "timestamp": "2026-05-26T05:27:55.719+0000"
  },
  {
    "input": {
      "type": "log"
    },
    "agent": {
      "ip": "172.21.4.222",
      "name": "Juliane",
      "id": "072"
    },
    "manager": {
      "name": "wazuh.manager"
    },
    "data": {
      "win": {
        "eventdata": {
          "bucketId": "70d8d4b41e5bce11a890c91f914e2d0e741e0fa1ca77d0a2ec2d9495d81362e4",
          "deviceAttributes": "BaseBoardManufacturer:Default string;FirmwareManufacturer:American Megatrends International, LLC.;FirmwareVersion:2.30;OEMModelNumber:XT12 Pro;OEMModelBaseBoard:XT12 Pro;OEMModelSystemFamily:XT** Pro Series;OEMManufacturerName:GEEKOM;OEMModelSKU:GEEKOM XT12 Pro;OSArchitecture:amd64;",
          "updateType": "0",
          "hResult": "0"
        },
        "system": {
          "eventID": "1801",
          "keywords": "0x8000000000000000",
          "providerGuid": "{7d5387b0-cbe0-11da-a94d-0800200c9a66}",
          "level": "2",
          "channel": "System",
          "opcode": "0",
          "message": "\"Secure Boot CA/keys need to be updated. This device signature information is included here.\r\nDeviceAttributes: BaseBoardManufacturer:Default string;FirmwareManufacturer:American Megatrends International, LLC.;FirmwareVersion:2.30;OEMModelNumber:XT12 Pro;OEMModelBaseBoard:XT12 Pro;OEMModelSystemFamily:XT** Pro Series;OEMManufacturerName:GEEKOM;OEMModelSKU:GEEKOM XT12 Pro;OSArchitecture:amd64;\r\nBucketId: 70d8d4b41e5bce11a890c91f914e2d0e741e0fa1ca77d0a2ec2d9495d81362e4\r\nBucketConfidenceLevel: \r\nUpdateType: 0\r\nHResult: Der Vorgang wurde erfolgreich beendet.\"",
          "version": "0",
          "systemTime": "2026-05-26T05:24:06.8785084Z",
          "eventRecordID": "29131",
          "threadID": "4528",
          "computer": "Juliane.arzw.local",
          "task": "0",
          "processID": "5568",
          "severityValue": "ERROR",
          "providerName": "Microsoft-Windows-TPM-WMI"
        }
      }
    },
    "rule": {
      "firedtimes": 34,
      "mail": false,
      "level": 5,
      "description": "Windows System error event",
      "groups": [
        "windows",
        "windows_system",
        "system_error"
      ],
      "id": "61102",
      "gpg13": [
        "4.3"
      ],
      "gdpr": [
        "IV_35.7.d"
      ]
    },
    "location": "EventChannel",
    "decoder": {
      "name": "windows_eventchannel"
    },
    "id": "1779773043.8858816",
    "timestamp": "2026-05-26T05:24:03.172+0000"
  },
  {
    "input": {
      "type": "log"
    },
    "agent": {
      "ip": "172.21.4.222",
      "name": "Juliane",
      "id": "072"
    },
    "manager": {
      "name": "wazuh.manager"
    },
    "data": {
      "win": {
        "eventdata": {
          "param3": "Manuell starten",
          "param4": "BITS",
          "param1": "Background Intelligent Transfer Service",
          "param2": "Automatisch starten"
        },
        "system": {
          "eventID": "7040",
          "eventSourceName": "Service Control Manager",
          "keywords": "0x8080000000000000",
          "providerGuid": "{555908d1-a6d7-4695-8e1e-26931d2012f4}",
          "level": "4",
          "channel": "System",
          "opcode": "0",
          "message": "\"Der Starttyp des Diensts \"Background Intelligent Transfer Service\" wurde von Automatisch starten in Manuell starten geändert.\"",
          "version": "0",
          "systemTime": "2026-05-26T05:23:13.9867120Z",
          "eventRecordID": "29130",
          "threadID": "7056",
          "computer": "Juliane.arzw.local",
          "task": "0",
          "processID": "1428",
          "severityValue": "INFORMATION",
          "providerName": "Service Control Manager"
        }
      }
    },
    "rule": {
      "firedtimes": 31,
      "mail": false,
      "level": 3,
      "pci_dss": [
        "10.6"
      ],
      "hipaa": [
        "164.312.b"
      ],
      "tsc": [
        "CC6.1",
        "CC6.8",
        "CC7.2",
        "CC7.3"
      ],
      "description": "Service startup type was changed",
      "groups": [
        "windows",
        "windows_system",
        "policy_changed"
      ],
      "id": "61104",
      "nist_800_53": [
        "AU.6"
      ],
      "info": "This does not appear to be logged on Windows 2000",
      "gdpr": [
        "IV_35.7.d"
      ]
    },
    "location": "EventChannel",
    "decoder": {
      "name": "windows_eventchannel"
    },
    "id": "1779772990.8837775",
    "timestamp": "2026-05-26T05:23:10.291+0000"
  },
  {
    "input": {
      "type": "log"
    },
    "agent": {
      "ip": "172.21.4.222",
      "name": "Juliane",
      "id": "072"
    },
    "manager": {
      "name": "wazuh.manager"
    },
    "data": {
      "win": {
        "eventdata": {
          "data": "2126-05-02T05:21:39Z, RulesEngine"
        },
        "system": {
          "eventID": "16384",
          "eventSourceName": "Software Protection Platform Service",
          "keywords": "0x80000000000000",
          "providerGuid": "{E23B33B0-C8C9-472C-A5F9-F2BDFEA0F156}",
          "level": "4",
          "channel": "Application",
          "opcode": "0",
          "message": "\"Der Softwareschutzdienst wurde erfolgreich für den erneuten Start bei 2126-05-02T05:21:39Z geplant. Grund: RulesEngine.\"",
          "version": "0",
          "systemTime": "2026-05-26T05:21:39.7431577Z",
          "eventRecordID": "21845",
          "threadID": "0",
          "computer": "Juliane.arzw.local",
          "task": "0",
          "processID": "9840",
          "severityValue": "INFORMATION",
          "providerName": "Microsoft-Windows-Security-SPP"
        }
      }
    },
    "rule": {
      "firedtimes": 48,
      "mail": false,
      "level": 3,
      "description": "Software protection service scheduled successfully.",
      "groups": [
        "windows",
        "windows_application"
      ],
      "id": "60642"
    },
    "location": "EventChannel",
    "decoder": {
      "name": "windows_eventchannel"
    },
    "id": "1779772895.8798839",
    "timestamp": "2026-05-26T05:21:35.037+0000"
  },
  {
    "input": {
      "type": "log"
    },
    "agent": {
      "ip": "172.21.4.222",
      "name": "Juliane",
      "id": "072"
    },
    "manager": {
      "name": "wazuh.manager"
    },
    "data": {
      "win": {
        "eventdata": {
          "library": "C:\\\\WINDOWS\\\\system32\\\\sysmain.dll",
          "win32Error": "126"
        },
        "system": {
          "eventID": "1023",
          "keywords": "0x8000000000000000",
          "providerGuid": "{13b197bd-7cee-4b4e-8dd0-59314ce374ce}",
          "level": "2",
          "channel": "Application",
          "opcode": "0",
          "message": "\"Windows kann die erweiterbare Leistungsindikator-DLL \"C:\\WINDOWS\\system32\\sysmain.dll\" nicht laden (Win32-Fehlercode Das angegebene Modul wurde nicht gefunden.).\"",
          "version": "1",
          "systemTime": "2026-05-26T05:21:14.1575498Z",
          "eventRecordID": "21844",
          "threadID": "9260",
          "computer": "Juliane.arzw.local",
          "task": "0",
          "processID": "2904",
          "severityValue": "ERROR",
          "providerName": "Microsoft-Windows-Perflib"
        }
      }
    },
    "rule": {
      "firedtimes": 58,
      "mail": false,
      "level": 9,
      "description": "Windows application error event.",
      "groups": [
        "windows",
        "windows_application",
        "system_error"
      ],
      "id": "60602",
      "gdpr": [
        "IV_35.7.d"
      ],
      "gpg13": [
        "4.3"
      ]
    },
    "location": "EventChannel",
    "decoder": {
      "name": "windows_eventchannel"
    },
    "id": "1779772870.8791891",
    "timestamp": "2026-05-26T05:21:10.223+0000"
  },
  {
    "input": {
      "type": "log"
    },
    "agent": {
      "ip": "172.21.4.222",
      "name": "Juliane",
      "id": "072"
    },
    "manager": {
      "name": "wazuh.manager"
    },
    "data": {
      "win": {
        "eventdata": {
          "library": "C:\\\\Windows\\\\System32\\\\bitsperf.dll",
          "win32Error": "2",
          "service": "BITS"
        },
        "system": {
          "eventID": "1008",
          "keywords": "0x8000000000000000",
          "providerGuid": "{13b197bd-7cee-4b4e-8dd0-59314ce374ce}",
          "level": "3",
          "channel": "Application",
          "opcode": "0",
          "message": "\"Fehler bei der Open-Prozedur \"BITS\" in der DLL \"C:\\Windows\\System32\\bitsperf.dll\" mit dem Fehlercode Das System kann die angegebene Datei nicht finden.. Für diesen Dienst sind keine Systemleistungsdaten verfügbar.\"",
          "version": "1",
          "systemTime": "2026-05-26T05:21:13.9913008Z",
          "eventRecordID": "21843",
          "threadID": "9260",
          "computer": "Juliane.arzw.local",
          "task": "0",
          "processID": "2904",
          "severityValue": "WARNING",
          "providerName": "Microsoft-Windows-Perflib"
        }
      }
    },
    "rule": {
      "firedtimes": 3,
      "mail": false,
      "level": 5,
      "description": "The open procedure for service remote access failed.",
      "groups": [
        "windows",
        "windows_application"
      ],
      "id": "61060"
    },
    "location": "EventChannel",
    "decoder": {
      "name": "windows_eventchannel"
    },
    "id": "1779772870.8790096",
    "timestamp": "2026-05-26T05:21:10.181+0000"
  },
  {
    "input": {
      "type": "log"
    },
    "agent": {
      "ip": "172.21.4.222",
      "name": "Juliane",
      "id": "072"
    },
    "manager": {
      "name": "wazuh.manager"
    },
    "data": {
      "win": {
        "eventdata": {
          "param3": "Automatisch starten",
          "param4": "BITS",
          "param1": "Background Intelligent Transfer Service",
          "param2": "Manuell starten"
        },
        "system": {
          "eventID": "7040",
          "eventSourceName": "Service Control Manager",
          "keywords": "0x8080000000000000",
          "providerGuid": "{555908d1-a6d7-4695-8e1e-26931d2012f4}",
          "level": "4",
          "channel": "System",
          "opcode": "0",
          "message": "\"Der Starttyp des Diensts \"Background Intelligent Transfer Service\" wurde von Manuell starten in Automatisch starten geändert.\"",
          "version": "0",
          "systemTime": "2026-05-26T05:21:09.7019961Z",
          "eventRecordID": "29127",
          "threadID": "4232",
          "computer": "Juliane.arzw.local",
          "task": "0",
          "processID": "1428",
          "severityValue": "INFORMATION",
          "providerName": "Service Control Manager"
        }
      }
    },
    "rule": {
      "firedtimes": 27,
      "mail": false,
      "level": 3,
      "pci_dss": [
        "10.6"
      ],
      "hipaa": [
        "164.312.b"
      ],
      "tsc": [
        "CC6.1",
        "CC6.8",
        "CC7.2",
        "CC7.3"
      ],
      "description": "Service startup type was changed",
      "groups": [
        "windows",
        "windows_system",
        "policy_changed"
      ],
      "id": "61104",
      "nist_800_53": [
        "AU.6"
      ],
      "info": "This does not appear to be logged on Windows 2000",
      "gdpr": [
        "IV_35.7.d"
      ]
    },
    "location": "EventChannel",
    "decoder": {
      "name": "windows_eventchannel"
    },
    "id": "1779772865.8786186",
    "timestamp": "2026-05-26T05:21:05.996+0000"
  },
  {
    "input": {
      "type": "log"
    },
    "agent": {
      "ip": "172.21.4.222",
      "name": "Juliane",
      "id": "072"
    },
    "manager": {
      "name": "wazuh.manager"
    },
    "data": {
      "win": {
        "eventdata": {
          "data": "2126-05-02T05:19:50Z, RulesEngine"
        },
        "system": {
          "eventID": "16384",
          "eventSourceName": "Software Protection Platform Service",
          "keywords": "0x80000000000000",
          "providerGuid": "{E23B33B0-C8C9-472C-A5F9-F2BDFEA0F156}",
          "level": "4",
          "channel": "Application",
          "opcode": "0",
          "message": "\"Der Softwareschutzdienst wurde erfolgreich für den erneuten Start bei 2126-05-02T05:19:50Z geplant. Grund: RulesEngine.\"",
          "version": "0",
          "systemTime": "2026-05-26T05:19:50.4032512Z",
          "eventRecordID": "21836",
          "threadID": "0",
          "computer": "Juliane.arzw.local",
          "task": "0",
          "processID": "6912",
          "severityValue": "INFORMATION",
          "providerName": "Microsoft-Windows-Security-SPP"
        }
      }
    },
    "rule": {
      "firedtimes": 45,
      "mail": false,
      "level": 3,
      "description": "Software protection service scheduled successfully.",
      "groups": [
        "windows",
        "windows_application"
      ],
      "id": "60642"
    },
    "location": "EventChannel",
    "decoder": {
      "name": "windows_eventchannel"
    },
    "id": "1779772785.8632706",
    "timestamp": "2026-05-26T05:19:45.694+0000"
  },
  {
    "input": {
      "type": "log"
    },
    "agent": {
      "ip": "172.21.4.222",
      "name": "Juliane",
      "id": "072"
    },
    "manager": {
      "name": "wazuh.manager"
    },
    "data": {
      "win": {
        "eventdata": {
          "serviceType": "Benutzermodusdienst",
          "accountName": "LocalSystem",
          "imagePath": "\\\"C:\\\\Program Files\\\\WindowsApps\\\\AppUp.IntelArcSoftware_26.14.2306.0_x64__8j3eq9eme6ctt\\\\VFS\\\\ProgramFilesX64\\\\Intel\\\\Intel Graphics Software\\\\IntelGraphicsSoftware.Service.exe\\\"",
          "startType": "Automatisch starten",
          "serviceName": "Intel® Graphics Software"
        },
        "system": {
          "eventID": "7045",
          "eventSourceName": "Service Control Manager",
          "keywords": "0x8080000000000000",
          "providerGuid": "{555908d1-a6d7-4695-8e1e-26931d2012f4}",
          "level": "4",
          "channel": "System",
          "opcode": "0",
          "message": "\"Im System wurde ein Dienst installiert.\r\n\r\nDienstname:  Intel® Graphics Software\r\nDienstdateiname:  \"C:\\Program Files\\WindowsApps\\AppUp.IntelArcSoftware_26.14.2306.0_x64__8j3eq9eme6ctt\\VFS\\ProgramFilesX64\\Intel\\Intel Graphics Software\\IntelGraphicsSoftware.Service.exe\"\r\nDiensttyp:  Benutzermodusdienst\r\nDienststarttyp:  Automatisch starten\r\nDienstkonto:  LocalSystem\"",
          "version": "0",
          "systemTime": "2026-05-26T05:19:48.3828610Z",
          "eventRecordID": "29124",
          "threadID": "7056",
          "computer": "Juliane.arzw.local",
          "task": "0",
          "processID": "1428",
          "severityValue": "INFORMATION",
          "providerName": "Service Control Manager"
        }
      }
    },
    "rule": {
      "firedtimes": 7,
      "mail": false,
      "level": 5,
      "description": "New Windows Service Created",
      "groups": [
        "windows",
        "windows_system"
      ],
      "mitre": {
        "technique": [
          "Windows Service"
        ],
        "id": [
          "T1543.003"
        ],
        "tactic": [
          "Persistence",
          "Privilege Escalation"
        ]
      },
      "id": "61138"
    },
    "location": "EventChannel",
    "decoder": {
      "name": "windows_eventchannel"
    },
    "id": "1779772784.8610080",
    "timestamp": "2026-05-26T05:19:44.068+0000"
  },
  {
    "input": {
      "type": "log"
    },
    "agent": {
      "ip": "172.21.4.222",
      "name": "Juliane",
      "id": "072"
    },
    "manager": {
      "name": "wazuh.manager"
    },
    "data": {
      "win": {
        "eventdata": {
          "messageText": "SubmitDone Submit(Request): Bad Request {\\\"Message\\\":\\\"No valid TPM EK/Platform certificate provided in the TPM identity request message.\\\"} HTTP/1.1 400 Bad Request Date: Tue, 26 May 2026 05:19:17 GMT Content-Length: 96 Content-Type: application/json; charset=utf-8 X-Content-Type-Options: nosniff Strict-Transport-Security: max-age=31536000;includeSubDomains x-ms-request-id: 360b5469-0597-447f-b1b2-a561db62ef6a",
          "method": "POST(2953ms)",
          "stage": "SubmitDone",
          "context": "ARZW\\\\JULIANE$",
          "errorCode": "Ungültige Anforderung (400). 0x80190190 (-2145844848 HTTP_E_STATUS_BAD_REQUEST)",
          "url": "https://INTC-KeyId-134d03d6581dabea3bf82eb2e34bf98192826962.microsoftaik.azure.net/templates/Aik/scep"
        },
        "system": {
          "eventID": "87",
          "eventSourceName": "CertEnroll",
          "keywords": "0x80000000000000",
          "providerGuid": "{54164045-7C50-4905-963F-E5BC1EEF0CCA}",
          "level": "2",
          "channel": "Application",
          "opcode": "0",
          "message": "\"Fehler bei der SCEP-Zertifikatregistrierung für ARZW\\JULIANE$ über https://INTC-KeyId-134d03d6581dabea3bf82eb2e34bf98192826962.microsoftaik.azure.net/templates/Aik/scep:\r\n\r\nSubmitDone\nSubmit(Request): Bad Request\n{\"Message\":\"No valid TPM EK/Platform certificate provided in the TPM identity request message.\"}\nHTTP/1.1 400 Bad Request\nDate: Tue, 26 May 2026 05:19:17 GMT\nContent-Length: 96\nContent-Type: application/json; charset=utf-8\nX-Content-Type-Options: nosniff\nStrict-Transport-Security: max-age=31536000;includeSubDomains\nx-ms-request-id: 360b5469-0597-447f-b1b2-a561db62ef6a\n\r\nMethode: POST(2953ms)\r\nPhase: SubmitDone\r\nUngültige Anforderung (400). 0x80190190 (-2145844848 HTTP_E_STATUS_BAD_REQUEST)\"",
          "version": "0",
          "systemTime": "2026-05-26T05:19:22.3365983Z",
          "eventRecordID": "21834",
          "threadID": "0",
          "computer": "Juliane.arzw.local",
          "task": "0",
          "processID": "2836",
          "severityValue": "ERROR",
          "providerName": "Microsoft-Windows-CertificateServicesClient-CertEnroll"
        }
      }
    },
    "rule": {
      "firedtimes": 50,
      "mail": false,
      "level": 9,
      "description": "Windows application error event.",
      "groups": [
        "windows",
        "windows_application",
        "system_error"
      ],
      "id": "60602",
      "gdpr": [
        "IV_35.7.d"
      ],
      "gpg13": [
        "4.3"
      ]
    },
    "location": "EventChannel",
    "decoder": {
      "name": "windows_eventchannel"
    },
    "id": "1779772760.8600785",
    "timestamp": "2026-05-26T05:19:20.418+0000"
  },
  {
    "input": {
      "type": "log"
    },
    "agent": {
      "ip": "172.21.4.222",
      "name": "Juliane",
      "id": "072"
    },
    "manager": {
      "name": "wazuh.manager"
    },
    "data": {
      "win": {
        "eventdata": {
          "messageText": "SubmitDone Submit(Request): Bad Request {\\\"Message\\\":\\\"No valid TPM EK/Platform certificate provided in the TPM identity request message.\\\"} HTTP/1.1 400 Bad Request Date: Tue, 26 May 2026 05:19:13 GMT Content-Length: 96 Content-Type: application/json; charset=utf-8 X-Content-Type-Options: nosniff Strict-Transport-Security: max-age=31536000;includeSubDomains x-ms-request-id: 7d59ee43-ab2e-4f2e-96ca-3a3ced831503",
          "method": "POST(3062ms)",
          "stage": "SubmitDone",
          "context": "Lokales System",
          "errorCode": "Ungültige Anforderung (400). 0x80190190 (-2145844848 HTTP_E_STATUS_BAD_REQUEST)",
          "url": "https://INTC-KeyId-134d03d6581dabea3bf82eb2e34bf98192826962.microsoftaik.azure.net/templates/Aik/scep"
        },
        "system": {
          "eventID": "87",
          "eventSourceName": "CertEnroll",
          "keywords": "0x80000000000000",
          "providerGuid": "{54164045-7C50-4905-963F-E5BC1EEF0CCA}",
          "level": "2",
          "channel": "Application",
          "opcode": "0",
          "message": "\"Fehler bei der SCEP-Zertifikatregistrierung für Lokales System über https://INTC-KeyId-134d03d6581dabea3bf82eb2e34bf98192826962.microsoftaik.azure.net/templates/Aik/scep:\r\n\r\nSubmitDone\nSubmit(Request): Bad Request\n{\"Message\":\"No valid TPM EK/Platform certificate provided in the TPM identity request message.\"}\nHTTP/1.1 400 Bad Request\nDate: Tue, 26 May 2026 05:19:13 GMT\nContent-Length: 96\nContent-Type: application/json; charset=utf-8\nX-Content-Type-Options: nosniff\nStrict-Transport-Security: max-age=31536000;includeSubDomains\nx-ms-request-id: 7d59ee43-ab2e-4f2e-96ca-3a3ced831503\n\r\nMethode: POST(3062ms)\r\nPhase: SubmitDone\r\nUngültige Anforderung (400). 0x80190190 (-2145844848 HTTP_E_STATUS_BAD_REQUEST)\"",
          "version": "0",
          "systemTime": "2026-05-26T05:19:18.9315957Z",
          "eventRecordID": "21833",
          "threadID": "0",
          "computer": "Juliane.arzw.local",
          "task": "0",
          "processID": "2836",
          "severityValue": "ERROR",
          "providerName": "Microsoft-Windows-CertificateServicesClient-CertEnroll"
        }
      }
    },
    "rule": {
      "firedtimes": 49,
      "mail": false,
      "level": 9,
      "description": "Windows application error event.",
      "groups": [
        "windows",
        "windows_application",
        "system_error"
      ],
      "id": "60602",
      "gdpr": [
        "IV_35.7.d"
      ],
      "gpg13": [
        "4.3"
      ]
    },
    "location": "EventChannel",
    "decoder": {
      "name": "windows_eventchannel"
    },
    "id": "1779772756.8596566",
    "timestamp": "2026-05-26T05:19:16.314+0000"
  },
  {
    "input": {
      "type": "log"
    },
    "agent": {
      "ip": "172.21.4.222",
      "name": "Juliane",
      "id": "072"
    },
    "manager": {
      "name": "wazuh.manager"
    },
    "data": {
      "win": {
        "eventdata": {
          "targetLogonId": "0xf59a8",
          "targetUserName": "JULIANE$",
          "targetDomainName": "ARZW",
          "targetUserSid": "S-1-5-18",
          "logonType": "3"
        },
        "system": {
          "eventID": "4634",
          "keywords": "0x8020000000000000",
          "providerGuid": "{54849625-5478-4994-a5ba-3e3b0328c30d}",
          "level": "0",
          "channel": "Security",
          "opcode": "0",
          "message": "\"Ein Konto wurde abgemeldet.\r\n\r\nAntragsteller:\r\n\tSicherheits-ID:\t\tS-1-5-18\r\n\tKontoname:\t\tJULIANE$\r\n\tKontodomäne:\t\tARZW\r\n\tAnmelde-ID:\t\t0xF59A8\r\n\r\nAnmeldetyp:\t\t\t3\r\n\r\nDieses Ereignis wird generiert, wenn eine Anmeldesitzung zerstört wird. Es kann anhand des Wertes der Anmelde-ID positiv mit einem Anmeldeereignis korreliert werden. Anmelde-IDs sind nur zwischen Neustarts auf demselben Computer eindeutig.\"",
          "version": "0",
          "systemTime": "2026-05-26T05:19:18.2281883Z",
          "eventRecordID": "764489",
          "threadID": "1900",
          "computer": "Juliane.arzw.local",
          "task": "12545",
          "processID": "1480",
          "severityValue": "AUDIT_SUCCESS",
          "providerName": "Microsoft-Windows-Security-Auditing"
        }
      }
    },
    "rule": {
      "firedtimes": 35,
      "mail": false,
      "level": 3,
      "pci_dss": [
        "10.2.5"
      ],
      "hipaa": [
        "164.312.b"
      ],
      "tsc": [
        "CC6.8",
        "CC7.2",
        "CC7.3"
      ],
      "description": "Windows User Logoff",
      "groups": [
        "windows",
        "windows_security"
      ],
      "id": "60137",
      "nist_800_53": [
        "AU.14",
        "AC.7"
      ],
      "gdpr": [
        "IV_32.2"
      ]
    },
    "location": "EventChannel",
    "decoder": {
      "name": "windows_eventchannel"
    },
    "id": "1779772755.8584567",
    "timestamp": "2026-05-26T05:19:15.589+0000"
  },
  {
    "input": {
      "type": "log"
    },
    "agent": {
      "ip": "172.21.4.222",
      "name": "Juliane",
      "id": "072"
    },
    "manager": {
      "name": "wazuh.manager"
    },
    "data": {
      "win": {
        "eventdata": {
          "subjectLogonId": "0x0",
          "targetLinkedLogonId": "0x0",
          "impersonationLevel": "%%1833",
          "authenticationPackageName": "Kerberos",
          "targetLogonId": "0xf59a8",
          "logonProcessName": "Kerberos",
          "logonGuid": "{acf9cabe-180e-c2c0-725f-9e51510d4162}",
          "targetUserName": "JULIANE$",
          "keyLength": "0",
          "elevatedToken": "%%1842",
          "subjectUserSid": "S-1-0-0",
          "processId": "0x0",
          "targetDomainName": "ARZW.LOCAL",
          "targetUserSid": "S-1-5-18",
          "virtualAccount": "%%1843",
          "logonType": "3"
        },
        "system": {
          "eventID": "4624",
          "keywords": "0x8020000000000000",
          "providerGuid": "{54849625-5478-4994-a5ba-3e3b0328c30d}",
          "level": "0",
          "channel": "Security",
          "opcode": "0",
          "message": "\"Ein Konto wurde erfolgreich angemeldet.\r\n\r\nAntragsteller:\r\n\tSicherheits-ID:\t\tS-1-0-0\r\n\tKontoname:\t\t-\r\n\tKontodomäne:\t\t-\r\n\tAnmelde-ID:\t\t0x0\r\n\r\nAnmeldeinformationen:\r\n\tAnmeldetyp:\t\t3\r\n\tEingeschränkter Administratormodus:\t-\r\n\tRemote Credential Guard:\t-\r\n\tVirtuelles Konto:\t\tNein\r\n\tToken mit erhöhten Rechten:\t\tJa\r\n\r\nIdentitätswechselebene:\t\tIdentitätswechsel\r\n\r\nNeue Anmeldung:\r\n\tSicherheits-ID:\t\tS-1-5-18\r\n\tKontoname:\t\tJULIANE$\r\n\tKontodomäne:\t\tARZW.LOCAL\r\n\tAnmelde-ID:\t\t0xF59A8\r\n\tVerknüpfte Anmelde-ID:\t\t0x0\r\n\tNetzwerk-Kontoname:\t-\r\n\tNetzwerk-Kontodomäne:\t-\r\n\tAnmelde-GUID:\t\t{acf9cabe-180e-c2c0-725f-9e51510d4162}\r\n\r\nProzessinformationen:\r\n\tProzess-ID:\t\t0x0\r\n\tProzessname:\t\t-\r\n\r\nNetzwerkinformationen:\r\n\tArbeitsstationsname:\t-\r\n\tQuellnetzwerkadresse:\t-\r\n\tQuellport:\t\t-\r\n\r\nDetaillierte Authentifizierungsinformationen:\r\n\tAnmeldeprozess:\t\tKerberos\r\n\tAuthentifizierungspaket:\tKerberos\r\n\tÜbertragene Dienste:\t-\r\n\tPaketname (nur NTLM):\t-\r\n\tSchlüssellänge:\t\t0\r\n\r\nDieses Ereignis wird beim Erstellen einer Anmeldesitzung generiert. Es wird auf dem Computer generiert, auf den zugegriffen wurde.\r\n\r\nDie Antragstellerfelder geben das Konto auf dem lokalen System an, von dem die Anmeldung angefordert wurde. Dies ist meistens ein Dienst wie der Serverdienst oder ein lokaler Prozess wie Winlogon.exe oder Services.exe.\r\n\r\nDas Anmeldetypfeld gibt den jeweiligen Anmeldetyp an. Die häufigsten Typen sind 2 (interaktiv) und 3 (Netzwerk).\r\n\r\nDie Felder für die neue Anmeldung geben das Konto an, für das die neue Anmeldung erstellt wurde, d. h. das angemeldete Konto.\r\n\r\nDie Netzwerkfelder geben den Ursprung einer Remoteanmeldeanforderung an. Der Arbeitsstationsname ist nicht immer verfügbar und kann in manchen Fällen leer bleiben.\r\n\r\nDas Feld für die Identitätswechselebene gibt an, in welchem Umfang ein Prozess in der Anmeldesitzung einen Identitätswechsel vornehmen kann.\r\n\r\nDie Felder für die Authentifizierungsinformationen enthalten detaillierte Informationen zu dieser spezifische Anmeldeanforderung.\r\n\t– Die Anmelde-GUID ist ein eindeutiger Bezeichner, der verwendet werden kann, um dieses Ereignis mit einem KDC-Ereignis zu korrelieren.\r\n\t– Die übertragenen Dienste geben an, welche Zwischendienste an der Anmeldeanforderung beteiligt waren.\r\n\t– Der Paketname gibt das in den NTLM-Protokollen verwendete Unterprotokoll an.\r\n\t– Die Schlüssellänge gibt die Länge des generierten Sitzungsschlüssels an. Wenn kein Sitzungsschlüssel angefordert wurde, ist dieser Wert 0.\"",
          "version": "3",
          "systemTime": "2026-05-26T05:19:18.2113613Z",
          "eventRecordID": "764488",
          "threadID": "1608",
          "computer": "Juliane.arzw.local",
          "task": "12544",
          "processID": "1480",
          "severityValue": "AUDIT_SUCCESS",
          "providerName": "Microsoft-Windows-Security-Auditing"
        }
      }
    },
    "rule": {
      "mail": false,
      "level": 3,
      "pci_dss": [
        "10.2.5"
      ],
      "hipaa": [
        "164.312.b"
      ],
      "tsc": [
        "CC6.8",
        "CC7.2",
        "CC7.3"
      ],
      "description": "Windows Logon Success",
      "groups": [
        "windows",
        "windows_security",
        "authentication_success"
      ],
      "nist_800_53": [
        "AU.14",
        "AC.9"
      ],
      "gdpr": [
        "IV_32.2"
      ],
      "firedtimes": 34,
      "mitre": {
        "technique": [
          "Valid Accounts"
        ],
        "id": [
          "T1078"
        ],
        "tactic": [
          "Defense Evasion",
          "Persistence",
          "Privilege Escalation",
          "Initial Access"
        ]
      },
      "id": "60106",
      "gpg13": [
        "7.1",
        "7.2"
      ]
    },
    "location": "EventChannel",
    "decoder": {
      "name": "windows_eventchannel"
    },
    "id": "1779772755.8586975",
    "timestamp": "2026-05-26T05:19:15.589+0000"
  },
  {
    "input": {
      "type": "log"
    },
    "agent": {
      "ip": "172.21.4.222",
      "name": "Juliane",
      "id": "072"
    },
    "manager": {
      "name": "wazuh.manager"
    },
    "data": {
      "win": {
        "eventdata": {
          "targetLogonId": "0xf2b3a",
          "targetUserName": "JULIANE$",
          "targetDomainName": "ARZW",
          "targetUserSid": "S-1-5-18",
          "logonType": "3"
        },
        "system": {
          "eventID": "4634",
          "keywords": "0x8020000000000000",
          "providerGuid": "{54849625-5478-4994-a5ba-3e3b0328c30d}",
          "level": "0",
          "channel": "Security",
          "opcode": "0",
          "message": "\"Ein Konto wurde abgemeldet.\r\n\r\nAntragsteller:\r\n\tSicherheits-ID:\t\tS-1-5-18\r\n\tKontoname:\t\tJULIANE$\r\n\tKontodomäne:\t\tARZW\r\n\tAnmelde-ID:\t\t0xF2B3A\r\n\r\nAnmeldetyp:\t\t\t3\r\n\r\nDieses Ereignis wird generiert, wenn eine Anmeldesitzung zerstört wird. Es kann anhand des Wertes der Anmelde-ID positiv mit einem Anmeldeereignis korreliert werden. Anmelde-IDs sind nur zwischen Neustarts auf demselben Computer eindeutig.\"",
          "version": "0",
          "systemTime": "2026-05-26T05:19:18.0764208Z",
          "eventRecordID": "764479",
          "threadID": "3912",
          "computer": "Juliane.arzw.local",
          "task": "12545",
          "processID": "1480",
          "severityValue": "AUDIT_SUCCESS",
          "providerName": "Microsoft-Windows-Security-Auditing"
        }
      }
    },
    "rule": {
      "firedtimes": 34,
      "mail": false,
      "level": 3,
      "pci_dss": [
        "10.2.5"
      ],
      "hipaa": [
        "164.312.b"
      ],
      "tsc": [
        "CC6.8",
        "CC7.2",
        "CC7.3"
      ],
      "description": "Windows User Logoff",
      "groups": [
        "windows",
        "windows_security"
      ],
      "id": "60137",
      "nist_800_53": [
        "AU.14",
        "AC.7"
      ],
      "gdpr": [
        "IV_32.2"
      ]
    },
    "location": "EventChannel",
    "decoder": {
      "name": "windows_eventchannel"
    },
    "id": "1779772755.8582159",
    "timestamp": "2026-05-26T05:19:15.389+0000"
  },
  {
    "input": {
      "type": "log"
    },
    "agent": {
      "ip": "172.21.4.222",
      "name": "Juliane",
      "id": "072"
    },
    "manager": {
      "name": "wazuh.manager"
    },
    "data": {
      "win": {
        "eventdata": {
          "subjectLogonId": "0x0",
          "targetLinkedLogonId": "0x0",
          "impersonationLevel": "%%1833",
          "authenticationPackageName": "Kerberos",
          "targetLogonId": "0xf2b3a",
          "logonProcessName": "Kerberos",
          "logonGuid": "{acf9cabe-180e-c2c0-725f-9e51510d4162}",
          "targetUserName": "JULIANE$",
          "keyLength": "0",
          "elevatedToken": "%%1842",
          "subjectUserSid": "S-1-0-0",
          "processId": "0x0",
          "targetDomainName": "ARZW.LOCAL",
          "targetUserSid": "S-1-5-18",
          "virtualAccount": "%%1843",
          "logonType": "3"
        },
        "system": {
          "eventID": "4624",
          "keywords": "0x8020000000000000",
          "providerGuid": "{54849625-5478-4994-a5ba-3e3b0328c30d}",
          "level": "0",
          "channel": "Security",
          "opcode": "0",
          "message": "\"Ein Konto wurde erfolgreich angemeldet.\r\n\r\nAntragsteller:\r\n\tSicherheits-ID:\t\tS-1-0-0\r\n\tKontoname:\t\t-\r\n\tKontodomäne:\t\t-\r\n\tAnmelde-ID:\t\t0x0\r\n\r\nAnmeldeinformationen:\r\n\tAnmeldetyp:\t\t3\r\n\tEingeschränkter Administratormodus:\t-\r\n\tRemote Credential Guard:\t-\r\n\tVirtuelles Konto:\t\tNein\r\n\tToken mit erhöhten Rechten:\t\tJa\r\n\r\nIdentitätswechselebene:\t\tIdentitätswechsel\r\n\r\nNeue Anmeldung:\r\n\tSicherheits-ID:\t\tS-1-5-18\r\n\tKontoname:\t\tJULIANE$\r\n\tKontodomäne:\t\tARZW.LOCAL\r\n\tAnmelde-ID:\t\t0xF2B3A\r\n\tVerknüpfte Anmelde-ID:\t\t0x0\r\n\tNetzwerk-Kontoname:\t-\r\n\tNetzwerk-Kontodomäne:\t-\r\n\tAnmelde-GUID:\t\t{acf9cabe-180e-c2c0-725f-9e51510d4162}\r\n\r\nProzessinformationen:\r\n\tProzess-ID:\t\t0x0\r\n\tProzessname:\t\t-\r\n\r\nNetzwerkinformationen:\r\n\tArbeitsstationsname:\t-\r\n\tQuellnetzwerkadresse:\t-\r\n\tQuellport:\t\t-\r\n\r\nDetaillierte Authentifizierungsinformationen:\r\n\tAnmeldeprozess:\t\tKerberos\r\n\tAuthentifizierungspaket:\tKerberos\r\n\tÜbertragene Dienste:\t-\r\n\tPaketname (nur NTLM):\t-\r\n\tSchlüssellänge:\t\t0\r\n\r\nDieses Ereignis wird beim Erstellen einer Anmeldesitzung generiert. Es wird auf dem Computer generiert, auf den zugegriffen wurde.\r\n\r\nDie Antragstellerfelder geben das Konto auf dem lokalen System an, von dem die Anmeldung angefordert wurde. Dies ist meistens ein Dienst wie der Serverdienst oder ein lokaler Prozess wie Winlogon.exe oder Services.exe.\r\n\r\nDas Anmeldetypfeld gibt den jeweiligen Anmeldetyp an. Die häufigsten Typen sind 2 (interaktiv) und 3 (Netzwerk).\r\n\r\nDie Felder für die neue Anmeldung geben das Konto an, für das die neue Anmeldung erstellt wurde, d. h. das angemeldete Konto.\r\n\r\nDie Netzwerkfelder geben den Ursprung einer Remoteanmeldeanforderung an. Der Arbeitsstationsname ist nicht immer verfügbar und kann in manchen Fällen leer bleiben.\r\n\r\nDas Feld für die Identitätswechselebene gibt an, in welchem Umfang ein Prozess in der Anmeldesitzung einen Identitätswechsel vornehmen kann.\r\n\r\nDie Felder für die Authentifizierungsinformationen enthalten detaillierte Informationen zu dieser spezifische Anmeldeanforderung.\r\n\t– Die Anmelde-GUID ist ein eindeutiger Bezeichner, der verwendet werden kann, um dieses Ereignis mit einem KDC-Ereignis zu korrelieren.\r\n\t– Die übertragenen Dienste geben an, welche Zwischendienste an der Anmeldeanforderung beteiligt waren.\r\n\t– Der Paketname gibt das in den NTLM-Protokollen verwendete Unterprotokoll an.\r\n\t– Die Schlüssellänge gibt die Länge des generierten Sitzungsschlüssels an. Wenn kein Sitzungsschlüssel angefordert wurde, ist dieser Wert 0.\"",
          "version": "3",
          "systemTime": "2026-05-26T05:19:18.0580136Z",
          "eventRecordID": "764478",
          "threadID": "3912",
          "computer": "Juliane.arzw.local",
          "task": "12544",
          "processID": "1480",
          "severityValue": "AUDIT_SUCCESS",
          "providerName": "Microsoft-Windows-Security-Auditing"
        }
      }
    },
    "rule": {
      "mail": false,
      "level": 3,
      "pci_dss": [
        "10.2.5"
      ],
      "hipaa": [
        "164.312.b"
      ],
      "tsc": [
        "CC6.8",
        "CC7.2",
        "CC7.3"
      ],
      "description": "Windows Logon Success",
      "groups": [
        "windows",
        "windows_security",
        "authentication_success"
      ],
      "nist_800_53": [
        "AU.14",
        "AC.9"
      ],
      "gdpr": [
        "IV_32.2"
      ],
      "firedtimes": 33,
      "mitre": {
        "technique": [
          "Valid Accounts"
        ],
        "id": [
          "T1078"
        ],
        "tactic": [
          "Defense Evasion",
          "Persistence",
          "Privilege Escalation",
          "Initial Access"
        ]
      },
      "id": "60106",
      "gpg13": [
        "7.1",
        "7.2"
      ]
    },
    "location": "EventChannel",
    "decoder": {
      "name": "windows_eventchannel"
    },
    "id": "1779772755.8574596",
    "timestamp": "2026-05-26T05:19:15.357+0000"
  },
  {
    "input": {
      "type": "log"
    },
    "agent": {
      "ip": "172.21.4.222",
      "name": "Juliane",
      "id": "072"
    },
    "manager": {
      "name": "wazuh.manager"
    },
    "data": {
      "win": {
        "eventdata": {
          "extraInfo": " "
        },
        "system": {
          "eventID": "1003",
          "eventSourceName": "Windows Search Service",
          "keywords": "0x80000000000000",
          "providerGuid": "{CA4E628D-8567-4896-AB6B-835B221F373F}",
          "level": "4",
          "channel": "Application",
          "opcode": "0",
          "message": "\"Windows Search wurde gestartet.\n\"",
          "version": "0",
          "systemTime": "2026-05-26T05:19:17.6849321Z",
          "eventRecordID": "21832",
          "threadID": "0",
          "computer": "Juliane.arzw.local",
          "task": "1",
          "processID": "9212",
          "severityValue": "INFORMATION",
          "providerName": "Microsoft-Windows-Search"
        }
      }
    },
    "rule": {
      "firedtimes": 6,
      "mail": false,
      "level": 3,
      "description": "The Windows search service started.",
      "groups": [
        "windows",
        "windows_application"
      ],
      "id": "60668"
    },
    "location": "EventChannel",
    "decoder": {
      "name": "windows_eventchannel"
    },
    "id": "1779772754.8573260",
    "timestamp": "2026-05-26T05:19:14.502+0000"
  },
  {
    "input": {
      "type": "log"
    },
    "agent": {
      "ip": "172.21.4.222",
      "name": "Juliane",
      "id": "072"
    },
    "manager": {
      "name": "wazuh.manager"
    },
    "data": {
      "win": {
        "eventdata": {
          "targetLogonId": "0xbdbf7",
          "targetUserName": "RZUser",
          "targetDomainName": "ARZW",
          "targetUserSid": "S-1-5-21-228770904-35461013-1130905197-2125",
          "logonType": "7"
        },
        "system": {
          "eventID": "4634",
          "keywords": "0x8020000000000000",
          "providerGuid": "{54849625-5478-4994-a5ba-3e3b0328c30d}",
          "level": "0",
          "channel": "Security",
          "opcode": "0",
          "message": "\"Ein Konto wurde abgemeldet.\r\n\r\nAntragsteller:\r\n\tSicherheits-ID:\t\tS-1-5-21-228770904-35461013-1130905197-2125\r\n\tKontoname:\t\tRZUser\r\n\tKontodomäne:\t\tARZW\r\n\tAnmelde-ID:\t\t0xBDBF7\r\n\r\nAnmeldetyp:\t\t\t7\r\n\r\nDieses Ereignis wird generiert, wenn eine Anmeldesitzung zerstört wird. Es kann anhand des Wertes der Anmelde-ID positiv mit einem Anmeldeereignis korreliert werden. Anmelde-IDs sind nur zwischen Neustarts auf demselben Computer eindeutig.\"",
          "version": "0",
          "systemTime": "2026-05-26T05:19:16.2684515Z",
          "eventRecordID": "764458",
          "threadID": "1608",
          "computer": "Juliane.arzw.local",
          "task": "12545",
          "processID": "1480",
          "severityValue": "AUDIT_SUCCESS",
          "providerName": "Microsoft-Windows-Security-Auditing"
        }
      }
    },
    "rule": {
      "firedtimes": 16,
      "mail": false,
      "level": 3,
      "description": "Non service account logged off.",
      "groups": [
        "windows",
        " WEF"
      ],
      "id": "67023"
    },
    "location": "EventChannel",
    "decoder": {
      "name": "windows_eventchannel"
    },
    "id": "1779772753.8569217",
    "timestamp": "2026-05-26T05:19:13.458+0000"
  },
