  {
    "input": {
      "type": "log"
    },
    "agent": {
      "ip": "172.21.4.213",
      "name": "KS-01-012",
      "id": "110"
    },
    "manager": {
      "name": "wazuh.manager"
    },
    "data": {
      "win": {
        "eventdata": {
          "subjectLogonId": "0x1e6b975",
          "subjectUserSid": "S-1-5-21-228770904-35461013-1130905197-500",
          "subjectDomainName": "ARZW",
          "privilegeList": "SeSecurityPrivilege     SeTakeOwnershipPrivilege     SeLoadDriverPrivilege     SeBackupPrivilege     SeRestorePrivilege     SeDebugPrivilege     SeSystemEnvironmentPrivilege     SeImpersonatePrivilege     SeDelegateSessionUserImpersonatePrivilege",
          "subjectUserName": "Administrator"
        },
        "system": {
          "eventID": "4672",
          "keywords": "0x8020000000000000",
          "providerGuid": "{54849625-5478-4994-a5ba-3e3b0328c30d}",
          "level": "0",
          "channel": "Security",
          "opcode": "0",
          "message": "\"Einer neuen Anmeldung wurden besondere Rechte zugewiesen.\r\n\r\nAntragsteller:\r\n\tSicherheits-ID:\t\tS-1-5-21-228770904-35461013-1130905197-500\r\n\tKontoname:\t\tAdministrator\r\n\tKontodomäne:\t\tARZW\r\n\tAnmelde-ID:\t\t0x1E6B975\r\n\r\nBerechtigungen:\t\tSeSecurityPrivilege\r\n\t\t\tSeTakeOwnershipPrivilege\r\n\t\t\tSeLoadDriverPrivilege\r\n\t\t\tSeBackupPrivilege\r\n\t\t\tSeRestorePrivilege\r\n\t\t\tSeDebugPrivilege\r\n\t\t\tSeSystemEnvironmentPrivilege\r\n\t\t\tSeImpersonatePrivilege\r\n\t\t\tSeDelegateSessionUserImpersonatePrivilege\"",
          "version": "0",
          "systemTime": "2026-05-26T06:27:30.0013876Z",
          "eventRecordID": "3102681",
          "threadID": "9560",
          "computer": "KS-01-012.arzw.local",
          "task": "12548",
          "processID": "644",
          "severityValue": "AUDIT_SUCCESS",
          "providerName": "Microsoft-Windows-Security-Auditing"
        }
      }
    },
    "rule": {
      "firedtimes": 8,
      "mail": false,
      "level": 3,
      "description": "Special privileges assigned to new logon.",
      "groups": [
        "windows",
        " WEF"
      ],
      "mitre": {
        "technique": [
          "Domain Policy Modification"
        ],
        "id": [
          "T1484"
        ],
        "tactic": [
          "Defense Evasion",
          "Privilege Escalation"
        ]
      },
      "id": "67028"
    },
    "location": "EventChannel",
    "decoder": {
      "name": "windows_eventchannel"
    },
    "id": "1779776851.12423884",
    "timestamp": "2026-05-26T06:27:31.034+0000"
  },
  {
    "input": {
      "type": "log"
    },
    "agent": {
      "ip": "172.21.4.213",
      "name": "KS-01-012",
      "id": "110"
    },
    "manager": {
      "name": "wazuh.manager"
    },
    "data": {
      "win": {
        "eventdata": {
          "subjectLogonId": "0x3e7",
          "subjectDomainName": "ARZW",
          "targetLinkedLogonId": "0x0",
          "impersonationLevel": "%%1833",
          "ipAddress": "::1",
          "authenticationPackageName": "Negotiate",
          "workstationName": "KS-01-012",
          "targetLogonId": "0x1e6b975",
          "logonProcessName": "CredPro",
          "logonGuid": "{00000000-0000-0000-0000-000000000000}",
          "targetUserName": "Administrator",
          "keyLength": "0",
          "elevatedToken": "%%1842",
          "subjectUserSid": "S-1-5-18",
          "processId": "0x3e10",
          "processName": "C:\\\\Windows\\\\System32\\\\consent.exe",
          "ipPort": "0",
          "targetDomainName": "ARZW",
          "targetUserSid": "S-1-5-21-228770904-35461013-1130905197-500",
          "virtualAccount": "%%1843",
          "logonType": "11",
          "subjectUserName": "KS-01-012$"
        },
        "system": {
          "eventID": "4624",
          "keywords": "0x8020000000000000",
          "providerGuid": "{54849625-5478-4994-a5ba-3e3b0328c30d}",
          "level": "0",
          "channel": "Security",
          "opcode": "0",
          "message": "\"Ein Konto wurde erfolgreich angemeldet.\r\n\r\nAntragsteller:\r\n\tSicherheits-ID:\t\tS-1-5-18\r\n\tKontoname:\t\tKS-01-012$\r\n\tKontodomäne:\t\tARZW\r\n\tAnmelde-ID:\t\t0x3E7\r\n\r\nAnmeldeinformationen:\r\n\tAnmeldetyp:\t\t11\r\n\tEingeschränkter Administratormodus:\t-\r\n\tVirtuelles Konto:\t\tNein\r\n\tToken mit erhöhten Rechten:\t\tJa\r\n\r\nIdentitätswechselebene:\t\tIdentitätswechsel\r\n\r\nNeue Anmeldung:\r\n\tSicherheits-ID:\t\tS-1-5-21-228770904-35461013-1130905197-500\r\n\tKontoname:\t\tAdministrator\r\n\tKontodomäne:\t\tARZW\r\n\tAnmelde-ID:\t\t0x1E6B975\r\n\tVerknüpfte Anmelde-ID:\t\t0x0\r\n\tNetzwerk-Kontoname:\t-\r\n\tNetzwerk-Kontodomäne:\t-\r\n\tAnmelde-GUID:\t\t{00000000-0000-0000-0000-000000000000}\r\n\r\nProzessinformationen:\r\n\tProzess-ID:\t\t0x3e10\r\n\tProzessname:\t\tC:\\Windows\\System32\\consent.exe\r\n\r\nNetzwerkinformationen:\r\n\tArbeitsstationsname:\tKS-01-012\r\n\tQuellnetzwerkadresse:\t::1\r\n\tQuellport:\t\t0\r\n\r\nDetaillierte Authentifizierungsinformationen:\r\n\tAnmeldeprozess:\t\tCredPro\r\n\tAuthentifizierungspaket:\tNegotiate\r\n\tÜbertragene Dienste:\t-\r\n\tPaketname (nur NTLM):\t-\r\n\tSchlüssellänge:\t\t0\r\n\r\nDieses Ereignis wird beim Erstellen einer Anmeldesitzung generiert. Es wird auf dem Computer generiert, auf den zugegriffen wurde.\r\n\r\nDie Antragstellerfelder geben das Konto auf dem lokalen System an, von dem die Anmeldung angefordert wurde. Dies ist meistens ein Dienst wie der Serverdienst oder ein lokaler Prozess wie \"Winlogon.exe\" oder \"Services.exe\".\r\n\r\nDas Anmeldetypfeld gibt den jeweiligen Anmeldetyp an. Die häufigsten Typen sind 2 (interaktiv) und 3 (Netzwerk).\r\n\r\nDie Felder für die neue Anmeldung geben das Konto an, für das die neue Anmeldung erstellt wurde, d. h. das angemeldete Konto.\r\n\r\nDie Netzwerkfelder geben die Quelle einer Remoteanmeldeanforderung an. Der Arbeitsstationsname ist nicht immer verfügbar und kann in manchen Fällen leer bleiben.\r\n\r\nDas Feld für die Identitätswechselebene gibt an, in welchem Umfang ein Prozess in der Anmeldesitzung einen Identitätswechsel vornehmen kann.\r\n\r\nDie Felder für die Authentifizierungsinformationen enthalten detaillierte Informationen zu dieser speziellen Anmeldeanforderung.\r\n\t- Die Anmelde-GUID ist ein eindeutiger Bezeichner, der verwendet werden kann, um dieses Ereignis mit einem KDC-Ereignis zu korrelieren.\r\n\t- Die übertragenen Dienste geben an, welche Zwischendienste an der Anmeldeanforderung beteiligt waren.\r\n\t- Der Paketname gibt das in den NTLM-Protokollen verwendete Unterprotokoll an.\r\n\t- Die Schlüssellänge gibt die Länge des generierten Sitzungsschlüssels an. Wenn kein Sitzungsschlüssel angefordert wurde, ist dieser Wert 0.\"",
          "version": "2",
          "systemTime": "2026-05-26T06:27:30.0013844Z",
          "eventRecordID": "3102680",
          "threadID": "9560",
          "computer": "KS-01-012.arzw.local",
          "task": "12544",
          "processID": "644",
          "severityValue": "AUDIT_SUCCESS",
          "providerName": "Microsoft-Windows-Security-Auditing"
        }
      }
    },
    "rule": {
      "firedtimes": 18,
      "mail": false,
      "level": 3,
      "description": "Non network or service local logon.",
      "groups": [
        "windows",
        " WEF"
      ],
      "id": "67022"
    },
    "location": "EventChannel",
    "decoder": {
      "name": "windows_eventchannel"
    },
    "id": "1779776851.12415850",
    "timestamp": "2026-05-26T06:27:31.024+0000"
  },
  {
    "input": {
      "type": "log"
    },
    "agent": {
      "ip": "172.21.4.213",
      "name": "KS-01-012",
      "id": "110"
    },
    "manager": {
      "name": "wazuh.manager"
    },
    "data": {
      "win": {
        "eventdata": {
          "serviceType": "Kernelmodustreiber",
          "imagePath": "\\\\SystemRoot\\\\System32\\\\DriverStore\\\\FileRepository\\\\ialpss2_gpio2_adl.inf_amd64_302e75596cffa74a\\\\iaLPSS2_GPIO2_ADL.sys",
          "startType": "Manuell starten",
          "serviceName": "Intel(R) Serial IO GPIO Driver v2"
        },
        "system": {
          "eventID": "7045",
          "eventSourceName": "Service Control Manager",
          "keywords": "0x8080000000000000",
          "providerGuid": "{555908d1-a6d7-4695-8e1e-26931d2012f4}",
          "level": "4",
          "channel": "System",
          "opcode": "0",
          "message": "\"Im System wurde ein Dienst installiert.\r\n\r\nDienstname:  Intel(R) Serial IO GPIO Driver v2\r\nDienstdateiname:  \\SystemRoot\\System32\\DriverStore\\FileRepository\\ialpss2_gpio2_adl.inf_amd64_302e75596cffa74a\\iaLPSS2_GPIO2_ADL.sys\r\nDiensttyp:  Kernelmodustreiber\r\nDienststarttyp:  Manuell starten\r\nDienstkonto:  \"",
          "version": "0",
          "systemTime": "2026-05-26T06:26:40.6793022Z",
          "eventRecordID": "150211",
          "threadID": "4520",
          "computer": "KS-01-012.arzw.local",
          "task": "0",
          "processID": "1004",
          "severityValue": "INFORMATION",
          "providerName": "Service Control Manager"
        }
      }
    },
    "rule": {
      "firedtimes": 3,
      "mail": false,
      "level": 5,
      "description": "New Windows Service Created",
      "groups": [
        "windows",
        "windows_system"
      ],
      "mitre": {
        "technique": [
          "Windows Service"
        ],
        "id": [
          "T1543.003"
        ],
        "tactic": [
          "Persistence",
          "Privilege Escalation"
        ]
      },
      "id": "61138"
    },
    "location": "EventChannel",
    "decoder": {
      "name": "windows_eventchannel"
    },
    "id": "1779776800.12313206",
    "timestamp": "2026-05-26T06:26:40.717+0000"
  },
  {
    "input": {
      "type": "log"
    },
    "agent": {
      "ip": "172.21.4.213",
      "name": "KS-01-012",
      "id": "110"
    },
    "manager": {
      "name": "wazuh.manager"
    },
    "data": {
      "win": {
        "eventdata": {
          "serviceType": "Kernelmodustreiber",
          "imagePath": "\\\\SystemRoot\\\\System32\\\\DriverStore\\\\FileRepository\\\\hideventfilter.inf_amd64_86a704d070a3d90e\\\\HidEventFilter.sys",
          "startType": "Manuell starten",
          "serviceName": "Intel(R) HID Event Filter"
        },
        "system": {
          "eventID": "7045",
          "eventSourceName": "Service Control Manager",
          "keywords": "0x8080000000000000",
          "providerGuid": "{555908d1-a6d7-4695-8e1e-26931d2012f4}",
          "level": "4",
          "channel": "System",
          "opcode": "0",
          "message": "\"Im System wurde ein Dienst installiert.\r\n\r\nDienstname:  Intel(R) HID Event Filter\r\nDienstdateiname:  \\SystemRoot\\System32\\DriverStore\\FileRepository\\hideventfilter.inf_amd64_86a704d070a3d90e\\HidEventFilter.sys\r\nDiensttyp:  Kernelmodustreiber\r\nDienststarttyp:  Manuell starten\r\nDienstkonto:  \"",
          "version": "0",
          "systemTime": "2026-05-26T06:26:33.6557945Z",
          "eventRecordID": "150210",
          "threadID": "2748",
          "computer": "KS-01-012.arzw.local",
          "task": "0",
          "processID": "1004",
          "severityValue": "INFORMATION",
          "providerName": "Service Control Manager"
        }
      }
    },
    "rule": {
      "firedtimes": 2,
      "mail": false,
      "level": 5,
      "description": "New Windows Service Created",
      "groups": [
        "windows",
        "windows_system"
      ],
      "mitre": {
        "technique": [
          "Windows Service"
        ],
        "id": [
          "T1543.003"
        ],
        "tactic": [
          "Persistence",
          "Privilege Escalation"
        ]
      },
      "id": "61138"
    },
    "location": "EventChannel",
    "decoder": {
      "name": "windows_eventchannel"
    },
    "id": "1779776793.12310302",
    "timestamp": "2026-05-26T06:26:33.887+0000"
  },
  {
    "input": {
      "type": "log"
    },
    "agent": {
      "ip": "172.21.4.213",
      "name": "KS-01-012",
      "id": "110"
    },
    "manager": {
      "name": "wazuh.manager"
    },
    "data": {
      "win": {
        "eventdata": {
          "data": "2126-05-02T06:26:24Z, RulesEngine"
        },
        "system": {
          "eventID": "16384",
          "eventSourceName": "Software Protection Platform Service",
          "keywords": "0x80000000000000",
          "providerGuid": "{E23B33B0-C8C9-472C-A5F9-F2BDFEA0F156}",
          "level": "4",
          "channel": "Application",
          "opcode": "0",
          "message": "\"Der Softwareschutzdienst wurde erfolgreich für den erneuten Start bei 2126-05-02T06:26:24Z geplant. Grund: RulesEngine.\"",
          "version": "0",
          "systemTime": "2026-05-26T06:26:24.5177396Z",
          "eventRecordID": "145350",
          "threadID": "0",
          "computer": "KS-01-012.arzw.local",
          "task": "0",
          "processID": "0",
          "severityValue": "INFORMATION",
          "providerName": "Microsoft-Windows-Security-SPP"
        }
      }
    },
    "rule": {
      "firedtimes": 69,
      "mail": false,
      "level": 3,
      "description": "Software protection service scheduled successfully.",
      "groups": [
        "windows",
        "windows_application"
      ],
      "id": "60642"
    },
    "location": "EventChannel",
    "decoder": {
      "name": "windows_eventchannel"
    },
    "id": "1779776784.12307055",
    "timestamp": "2026-05-26T06:26:24.555+0000"
  },
  {
    "input": {
      "type": "log"
    },
    "agent": {
      "ip": "172.21.4.213",
      "name": "KS-01-012",
      "id": "110"
    },
    "manager": {
      "name": "wazuh.manager"
    },
    "data": {
      "win": {
        "eventdata": {
          "serviceType": "Kernelmodustreiber",
          "imagePath": "\\\\SystemRoot\\\\System32\\\\DriverStore\\\\FileRepository\\\\gna.inf_amd64_04d4eecc5838a558\\\\gna.sys",
          "startType": "Manuell starten",
          "serviceName": "Intel(R) GNA Scoring Accelerator service"
        },
        "system": {
          "eventID": "7045",
          "eventSourceName": "Service Control Manager",
          "keywords": "0x8080000000000000",
          "providerGuid": "{555908d1-a6d7-4695-8e1e-26931d2012f4}",
          "level": "4",
          "channel": "System",
          "opcode": "0",
          "message": "\"Im System wurde ein Dienst installiert.\r\n\r\nDienstname:  Intel(R) GNA Scoring Accelerator service\r\nDienstdateiname:  \\SystemRoot\\System32\\DriverStore\\FileRepository\\gna.inf_amd64_04d4eecc5838a558\\gna.sys\r\nDiensttyp:  Kernelmodustreiber\r\nDienststarttyp:  Manuell starten\r\nDienstkonto:  \"",
          "version": "0",
          "systemTime": "2026-05-26T06:26:08.2415993Z",
          "eventRecordID": "150209",
          "threadID": "2748",
          "computer": "KS-01-012.arzw.local",
          "task": "0",
          "processID": "1004",
          "severityValue": "INFORMATION",
          "providerName": "Service Control Manager"
        }
      }
    },
    "rule": {
      "firedtimes": 1,
      "mail": false,
      "level": 5,
      "description": "New Windows Service Created",
      "groups": [
        "windows",
        "windows_system"
      ],
      "mitre": {
        "technique": [
          "Windows Service"
        ],
        "id": [
          "T1543.003"
        ],
        "tactic": [
          "Persistence",
          "Privilege Escalation"
        ]
      },
      "id": "61138"
    },
    "location": "EventChannel",
    "decoder": {
      "name": "windows_eventchannel"
    },
    "id": "1779776768.12301598",
    "timestamp": "2026-05-26T06:26:08.579+0000"
  },
  {
    "input": {
      "type": "log"
    },
    "agent": {
      "ip": "172.21.4.213",
      "name": "KS-01-012",
      "id": "110"
    },
    "manager": {
      "name": "wazuh.manager"
    },
    "data": {
      "win": {
        "eventdata": {
          "data": "2126-05-02T06:25:44Z, RulesEngine"
        },
        "system": {
          "eventID": "16384",
          "eventSourceName": "Software Protection Platform Service",
          "keywords": "0x80000000000000",
          "providerGuid": "{E23B33B0-C8C9-472C-A5F9-F2BDFEA0F156}",
          "level": "4",
          "channel": "Application",
          "opcode": "0",
          "message": "\"Der Softwareschutzdienst wurde erfolgreich für den erneuten Start bei 2126-05-02T06:25:44Z geplant. Grund: RulesEngine.\"",
          "version": "0",
          "systemTime": "2026-05-26T06:25:44.3041521Z",
          "eventRecordID": "145348",
          "threadID": "0",
          "computer": "KS-01-012.arzw.local",
          "task": "0",
          "processID": "0",
          "severityValue": "INFORMATION",
          "providerName": "Microsoft-Windows-Security-SPP"
        }
      }
    },
    "rule": {
      "firedtimes": 68,
      "mail": false,
      "level": 3,
      "description": "Software protection service scheduled successfully.",
      "groups": [
        "windows",
        "windows_application"
      ],
      "id": "60642"
    },
    "location": "EventChannel",
    "decoder": {
      "name": "windows_eventchannel"
    },
    "id": "1779776744.12296839",
    "timestamp": "2026-05-26T06:25:44.345+0000"
  },
  {
    "input": {
      "type": "log"
    },
    "agent": {
      "ip": "172.21.4.213",
      "name": "KS-01-012",
      "id": "110"
    },
    "manager": {
      "name": "wazuh.manager"
    },
    "data": {
      "win": {
        "eventdata": {
          "data": "2126-05-02T06:24:59Z, RulesEngine"
        },
        "system": {
          "eventID": "16384",
          "eventSourceName": "Software Protection Platform Service",
          "keywords": "0x80000000000000",
          "providerGuid": "{E23B33B0-C8C9-472C-A5F9-F2BDFEA0F156}",
          "level": "4",
          "channel": "Application",
          "opcode": "0",
          "message": "\"Der Softwareschutzdienst wurde erfolgreich für den erneuten Start bei 2126-05-02T06:24:59Z geplant. Grund: RulesEngine.\"",
          "version": "0",
          "systemTime": "2026-05-26T06:24:59.5055673Z",
          "eventRecordID": "145345",
          "threadID": "0",
          "computer": "KS-01-012.arzw.local",
          "task": "0",
          "processID": "0",
          "severityValue": "INFORMATION",
          "providerName": "Microsoft-Windows-Security-SPP"
        }
      }
    },
    "rule": {
      "firedtimes": 65,
      "mail": false,
      "level": 3,
      "description": "Software protection service scheduled successfully.",
      "groups": [
        "windows",
        "windows_application"
      ],
      "id": "60642"
    },
    "location": "EventChannel",
    "decoder": {
      "name": "windows_eventchannel"
    },
    "id": "1779776699.12283822",
    "timestamp": "2026-05-26T06:24:59.532+0000"
  },
  {
    "input": {
      "type": "log"
    },
    "agent": {
      "ip": "172.21.4.213",
      "name": "KS-01-012",
      "id": "110"
    },
    "manager": {
      "name": "wazuh.manager"
    },
    "data": {
      "win": {
        "eventdata": {
          "subjectLogonId": "0x1b810c4",
          "subjectUserSid": "S-1-5-21-228770904-35461013-1130905197-500",
          "subjectDomainName": "ARZW",
          "privilegeList": "SeSecurityPrivilege     SeTakeOwnershipPrivilege     SeLoadDriverPrivilege     SeBackupPrivilege     SeRestorePrivilege     SeDebugPrivilege     SeSystemEnvironmentPrivilege     SeImpersonatePrivilege     SeDelegateSessionUserImpersonatePrivilege",
          "subjectUserName": "Administrator"
        },
        "system": {
          "eventID": "4672",
          "keywords": "0x8020000000000000",
          "providerGuid": "{54849625-5478-4994-a5ba-3e3b0328c30d}",
          "level": "0",
          "channel": "Security",
          "opcode": "0",
          "message": "\"Einer neuen Anmeldung wurden besondere Rechte zugewiesen.\r\n\r\nAntragsteller:\r\n\tSicherheits-ID:\t\tS-1-5-21-228770904-35461013-1130905197-500\r\n\tKontoname:\t\tAdministrator\r\n\tKontodomäne:\t\tARZW\r\n\tAnmelde-ID:\t\t0x1B810C4\r\n\r\nBerechtigungen:\t\tSeSecurityPrivilege\r\n\t\t\tSeTakeOwnershipPrivilege\r\n\t\t\tSeLoadDriverPrivilege\r\n\t\t\tSeBackupPrivilege\r\n\t\t\tSeRestorePrivilege\r\n\t\t\tSeDebugPrivilege\r\n\t\t\tSeSystemEnvironmentPrivilege\r\n\t\t\tSeImpersonatePrivilege\r\n\t\t\tSeDelegateSessionUserImpersonatePrivilege\"",
          "version": "0",
          "systemTime": "2026-05-26T06:20:07.0636877Z",
          "eventRecordID": "3102576",
          "threadID": "9560",
          "computer": "KS-01-012.arzw.local",
          "task": "12548",
          "processID": "644",
          "severityValue": "AUDIT_SUCCESS",
          "providerName": "Microsoft-Windows-Security-Auditing"
        }
      }
    },
    "rule": {
      "firedtimes": 5,
      "mail": false,
      "level": 3,
      "description": "Special privileges assigned to new logon.",
      "groups": [
        "windows",
        " WEF"
      ],
      "mitre": {
        "technique": [
          "Domain Policy Modification"
        ],
        "id": [
          "T1484"
        ],
        "tactic": [
          "Defense Evasion",
          "Privilege Escalation"
        ]
      },
      "id": "67028"
    },
    "location": "EventChannel",
    "decoder": {
      "name": "windows_eventchannel"
    },
    "id": "1779776408.12149650",
    "timestamp": "2026-05-26T06:20:08.109+0000"
  },
  {
    "input": {
      "type": "log"
    },
    "agent": {
      "ip": "172.21.4.213",
      "name": "KS-01-012",
      "id": "110"
    },
    "manager": {
      "name": "wazuh.manager"
    },
    "data": {
      "win": {
        "eventdata": {
          "subjectLogonId": "0x3e7",
          "subjectDomainName": "ARZW",
          "targetLinkedLogonId": "0x0",
          "impersonationLevel": "%%1833",
          "ipAddress": "::1",
          "authenticationPackageName": "Negotiate",
          "workstationName": "KS-01-012",
          "targetLogonId": "0x1b810c4",
          "logonProcessName": "CredPro",
          "logonGuid": "{00000000-0000-0000-0000-000000000000}",
          "targetUserName": "Administrator",
          "keyLength": "0",
          "elevatedToken": "%%1842",
          "subjectUserSid": "S-1-5-18",
          "processId": "0x207c",
          "processName": "C:\\\\Windows\\\\System32\\\\consent.exe",
          "ipPort": "0",
          "targetDomainName": "ARZW",
          "targetUserSid": "S-1-5-21-228770904-35461013-1130905197-500",
          "virtualAccount": "%%1843",
          "logonType": "11",
          "subjectUserName": "KS-01-012$"
        },
        "system": {
          "eventID": "4624",
          "keywords": "0x8020000000000000",
          "providerGuid": "{54849625-5478-4994-a5ba-3e3b0328c30d}",
          "level": "0",
          "channel": "Security",
          "opcode": "0",
          "message": "\"Ein Konto wurde erfolgreich angemeldet.\r\n\r\nAntragsteller:\r\n\tSicherheits-ID:\t\tS-1-5-18\r\n\tKontoname:\t\tKS-01-012$\r\n\tKontodomäne:\t\tARZW\r\n\tAnmelde-ID:\t\t0x3E7\r\n\r\nAnmeldeinformationen:\r\n\tAnmeldetyp:\t\t11\r\n\tEingeschränkter Administratormodus:\t-\r\n\tVirtuelles Konto:\t\tNein\r\n\tToken mit erhöhten Rechten:\t\tJa\r\n\r\nIdentitätswechselebene:\t\tIdentitätswechsel\r\n\r\nNeue Anmeldung:\r\n\tSicherheits-ID:\t\tS-1-5-21-228770904-35461013-1130905197-500\r\n\tKontoname:\t\tAdministrator\r\n\tKontodomäne:\t\tARZW\r\n\tAnmelde-ID:\t\t0x1B810C4\r\n\tVerknüpfte Anmelde-ID:\t\t0x0\r\n\tNetzwerk-Kontoname:\t-\r\n\tNetzwerk-Kontodomäne:\t-\r\n\tAnmelde-GUID:\t\t{00000000-0000-0000-0000-000000000000}\r\n\r\nProzessinformationen:\r\n\tProzess-ID:\t\t0x207c\r\n\tProzessname:\t\tC:\\Windows\\System32\\consent.exe\r\n\r\nNetzwerkinformationen:\r\n\tArbeitsstationsname:\tKS-01-012\r\n\tQuellnetzwerkadresse:\t::1\r\n\tQuellport:\t\t0\r\n\r\nDetaillierte Authentifizierungsinformationen:\r\n\tAnmeldeprozess:\t\tCredPro\r\n\tAuthentifizierungspaket:\tNegotiate\r\n\tÜbertragene Dienste:\t-\r\n\tPaketname (nur NTLM):\t-\r\n\tSchlüssellänge:\t\t0\r\n\r\nDieses Ereignis wird beim Erstellen einer Anmeldesitzung generiert. Es wird auf dem Computer generiert, auf den zugegriffen wurde.\r\n\r\nDie Antragstellerfelder geben das Konto auf dem lokalen System an, von dem die Anmeldung angefordert wurde. Dies ist meistens ein Dienst wie der Serverdienst oder ein lokaler Prozess wie \"Winlogon.exe\" oder \"Services.exe\".\r\n\r\nDas Anmeldetypfeld gibt den jeweiligen Anmeldetyp an. Die häufigsten Typen sind 2 (interaktiv) und 3 (Netzwerk).\r\n\r\nDie Felder für die neue Anmeldung geben das Konto an, für das die neue Anmeldung erstellt wurde, d. h. das angemeldete Konto.\r\n\r\nDie Netzwerkfelder geben die Quelle einer Remoteanmeldeanforderung an. Der Arbeitsstationsname ist nicht immer verfügbar und kann in manchen Fällen leer bleiben.\r\n\r\nDas Feld für die Identitätswechselebene gibt an, in welchem Umfang ein Prozess in der Anmeldesitzung einen Identitätswechsel vornehmen kann.\r\n\r\nDie Felder für die Authentifizierungsinformationen enthalten detaillierte Informationen zu dieser speziellen Anmeldeanforderung.\r\n\t- Die Anmelde-GUID ist ein eindeutiger Bezeichner, der verwendet werden kann, um dieses Ereignis mit einem KDC-Ereignis zu korrelieren.\r\n\t- Die übertragenen Dienste geben an, welche Zwischendienste an der Anmeldeanforderung beteiligt waren.\r\n\t- Der Paketname gibt das in den NTLM-Protokollen verwendete Unterprotokoll an.\r\n\t- Die Schlüssellänge gibt die Länge des generierten Sitzungsschlüssels an. Wenn kein Sitzungsschlüssel angefordert wurde, ist dieser Wert 0.\"",
          "version": "2",
          "systemTime": "2026-05-26T06:20:07.0636849Z",
          "eventRecordID": "3102575",
          "threadID": "9560",
          "computer": "KS-01-012.arzw.local",
          "task": "12544",
          "processID": "644",
          "severityValue": "AUDIT_SUCCESS",
          "providerName": "Microsoft-Windows-Security-Auditing"
        }
      }
    },
    "rule": {
      "firedtimes": 11,
      "mail": false,
      "level": 3,
      "description": "Non network or service local logon.",
      "groups": [
        "windows",
        " WEF"
      ],
      "id": "67022"
    },
    "location": "EventChannel",
    "decoder": {
      "name": "windows_eventchannel"
    },
    "id": "1779776408.12141616",
    "timestamp": "2026-05-26T06:20:08.100+0000"
  },
  {
    "input": {
      "type": "log"
    },
    "agent": {
      "ip": "172.21.4.213",
      "name": "KS-01-012",
      "id": "110"
    },
    "manager": {
      "name": "wazuh.manager"
    },
    "data": {
      "win": {
        "eventdata": {
          "addressLength": "128",
          "address": "02000000AC15040E000000000000000000000000000000000000000000000000000000000000000000000000000000000000000000000000000000000000000000000000000000000000000000000000000000000000000000000000000000000000000000000000000000000000000000000000000000000000000000000000",
          "queryName": "router11.teamviewer.com"
        },
        "system": {
          "eventID": "1014",
          "keywords": "0x4000000010000000",
          "providerGuid": "{1c95126e-7eea-49a9-a3fe-a378b03ddb4d}",
          "level": "3",
          "channel": "System",
          "opcode": "0",
          "message": "\"Zeitüberschreitung bei der Namensauflösung für den Namen router11.teamviewer.com, nachdem keiner der konfigurierten DNS-Server geantwortet hat.\"",
          "version": "0",
          "systemTime": "2026-05-26T06:17:31.2881143Z",
          "eventRecordID": "150205",
          "threadID": "10340",
          "computer": "KS-01-012.arzw.local",
          "task": "1014",
          "processID": "1400",
          "severityValue": "WARNING",
          "providerName": "Microsoft-Windows-DNS-Client"
        }
      }
    },
    "rule": {
      "firedtimes": 21,
      "mail": false,
      "level": 5,
      "description": "Name resolution for the name router11.teamviewer.com timed out",
      "groups": [
        "windows",
        "windows_system"
      ],
      "id": "61109"
    },
    "location": "EventChannel",
    "decoder": {
      "name": "windows_eventchannel"
    },
    "id": "1779776252.12096323",
    "timestamp": "2026-05-26T06:17:32.316+0000"
  },
  {
    "input": {
      "type": "log"
    },
    "agent": {
      "ip": "172.21.4.213",
      "name": "KS-01-012",
      "id": "110"
    },
    "manager": {
      "name": "wazuh.manager"
    },
    "data": {
      "win": {
        "eventdata": {
          "addressLength": "128",
          "address": "02000000AC15040E000000000000000000000000000000000000000000000000000000000000000000000000000000000000000000000000000000000000000000000000000000000000000000000000000000000000000000000000000000000000000000000000000000000000000000000000000000000000000000000000",
          "queryName": "wpad"
        },
        "system": {
          "eventID": "1014",
          "keywords": "0x4000000010000000",
          "providerGuid": "{1c95126e-7eea-49a9-a3fe-a378b03ddb4d}",
          "level": "3",
          "channel": "System",
          "opcode": "0",
          "message": "\"Zeitüberschreitung bei der Namensauflösung für den Namen wpad, nachdem keiner der konfigurierten DNS-Server geantwortet hat.\"",
          "version": "0",
          "systemTime": "2026-05-26T06:17:25.5385832Z",
          "eventRecordID": "150202",
          "threadID": "14144",
          "computer": "KS-01-012.arzw.local",
          "task": "1014",
          "processID": "1400",
          "severityValue": "WARNING",
          "providerName": "Microsoft-Windows-DNS-Client"
        }
      }
    },
    "rule": {
      "firedtimes": 20,
      "mail": false,
      "level": 5,
      "description": "Name resolution for the name wpad timed out",
      "groups": [
        "windows",
        "windows_system"
      ],
      "id": "61109"
    },
    "location": "EventChannel",
    "decoder": {
      "name": "windows_eventchannel"
    },
    "id": "1779776250.12094262",
    "timestamp": "2026-05-26T06:17:30.148+0000"
  },
  {
    "input": {
      "type": "log"
    },
    "agent": {
      "ip": "172.21.4.213",
      "name": "KS-01-012",
      "id": "110"
    },
    "manager": {
      "name": "wazuh.manager"
    },
    "data": {
      "win": {
        "eventdata": {
          "addressLength": "128",
          "address": "02000000AC15040E000000000000000000000000000000000000000000000000000000000000000000000000000000000000000000000000000000000000000000000000000000000000000000000000000000000000000000000000000000000000000000000000000000000000000000000000000000000000000000000000",
          "queryName": "_ldap._tcp.Standardname-des-ersten-Standorts._sites.arzw.local."
        },
        "system": {
          "eventID": "1014",
          "keywords": "0x4000000010000000",
          "providerGuid": "{1c95126e-7eea-49a9-a3fe-a378b03ddb4d}",
          "level": "3",
          "channel": "System",
          "opcode": "0",
          "message": "\"Zeitüberschreitung bei der Namensauflösung für den Namen _ldap._tcp.Standardname-des-ersten-Standorts._sites.arzw.local., nachdem keiner der konfigurierten DNS-Server geantwortet hat.\"",
          "version": "0",
          "systemTime": "2026-05-26T06:17:23.4206455Z",
          "eventRecordID": "150199",
          "threadID": "10340",
          "computer": "KS-01-012.arzw.local",
          "task": "1014",
          "processID": "1400",
          "severityValue": "WARNING",
          "providerName": "Microsoft-Windows-DNS-Client"
        }
      }
    },
    "rule": {
      "firedtimes": 19,
      "mail": false,
      "level": 5,
      "description": "Name resolution for the name _ldap._tcp.Standardname-des-ersten-Standorts._sites.arzw.local. timed out",
      "groups": [
        "windows",
        "windows_system"
      ],
      "id": "61109"
    },
    "location": "EventChannel",
    "decoder": {
      "name": "windows_eventchannel"
    },
    "id": "1779776250.12091906",
    "timestamp": "2026-05-26T06:17:30.101+0000"
  },
  {
    "input": {
      "type": "log"
    },
    "agent": {
      "ip": "172.21.4.213",
      "name": "KS-01-012",
      "id": "110"
    },
    "manager": {
      "name": "wazuh.manager"
    },
    "data": {
      "win": {
        "eventdata": {
          "addressLength": "128",
          "address": "02000000AC15040E000000000000000000000000000000000000000000000000000000000000000000000000000000000000000000000000000000000000000000000000000000000000000000000000000000000000000000000000000000000000000000000000000000000000000000000000000000000000000000000000",
          "queryName": "wpad"
        },
        "system": {
          "eventID": "1014",
          "keywords": "0x4000000010000000",
          "providerGuid": "{1c95126e-7eea-49a9-a3fe-a378b03ddb4d}",
          "level": "3",
          "channel": "System",
          "opcode": "0",
          "message": "\"Zeitüberschreitung bei der Namensauflösung für den Namen wpad, nachdem keiner der konfigurierten DNS-Server geantwortet hat.\"",
          "version": "0",
          "systemTime": "2026-05-26T06:17:18.4120497Z",
          "eventRecordID": "150195",
          "threadID": "10340",
          "computer": "KS-01-012.arzw.local",
          "task": "1014",
          "processID": "1400",
          "severityValue": "WARNING",
          "providerName": "Microsoft-Windows-DNS-Client"
        }
      }
    },
    "rule": {
      "firedtimes": 18,
      "mail": false,
      "level": 5,
      "description": "Name resolution for the name wpad timed out",
      "groups": [
        "windows",
        "windows_system"
      ],
      "id": "61109"
    },
    "location": "EventChannel",
    "decoder": {
      "name": "windows_eventchannel"
    },
    "id": "1779776250.12089845",
    "timestamp": "2026-05-26T06:17:30.039+0000"
  },
  {
    "input": {
      "type": "log"
    },
    "agent": {
      "ip": "172.21.4.213",
      "name": "KS-01-012",
      "id": "110"
    },
    "manager": {
      "name": "wazuh.manager"
    },
    "data": {
      "win": {
        "eventdata": {
          "addressLength": "128",
          "address": "02000000AC15040E000000000000000000000000000000000000000000000000000000000000000000000000000000000000000000000000000000000000000000000000000000000000000000000000000000000000000000000000000000000000000000000000000000000000000000000000000000000000000000000000",
          "queryName": "wpad"
        },
        "system": {
          "eventID": "1014",
          "keywords": "0x4000000010000000",
          "providerGuid": "{1c95126e-7eea-49a9-a3fe-a378b03ddb4d}",
          "level": "3",
          "channel": "System",
          "opcode": "0",
          "message": "\"Zeitüberschreitung bei der Namensauflösung für den Namen wpad, nachdem keiner der konfigurierten DNS-Server geantwortet hat.\"",
          "version": "0",
          "systemTime": "2026-05-26T06:17:15.7226541Z",
          "eventRecordID": "150193",
          "threadID": "6392",
          "computer": "KS-01-012.arzw.local",
          "task": "1014",
          "processID": "1400",
          "severityValue": "WARNING",
          "providerName": "Microsoft-Windows-DNS-Client"
        }
      }
    },
    "rule": {
      "firedtimes": 17,
      "mail": false,
      "level": 5,
      "description": "Name resolution for the name wpad timed out",
      "groups": [
        "windows",
        "windows_system"
      ],
      "id": "61109"
    },
    "location": "EventChannel",
    "decoder": {
      "name": "windows_eventchannel"
    },
    "id": "1779776250.12087786",
    "timestamp": "2026-05-26T06:17:30.007+0000"
  },
  {
    "input": {
      "type": "log"
    },
    "agent": {
      "ip": "172.21.4.213",
      "name": "KS-01-012",
      "id": "110"
    },
    "manager": {
      "name": "wazuh.manager"
    },
    "data": {
      "win": {
        "eventdata": {
          "addressLength": "128",
          "address": "02000000AC15040E000000000000000000000000000000000000000000000000000000000000000000000000000000000000000000000000000000000000000000000000000000000000000000000000000000000000000000000000000000000000000000000000000000000000000000000000000000000000000000000000",
          "queryName": "_ldap._tcp.Standardname-des-ersten-Standorts._sites.dc._msdcs.arzw.local."
        },
        "system": {
          "eventID": "1014",
          "keywords": "0x4000000010000000",
          "providerGuid": "{1c95126e-7eea-49a9-a3fe-a378b03ddb4d}",
          "level": "3",
          "channel": "System",
          "opcode": "0",
          "message": "\"Zeitüberschreitung bei der Namensauflösung für den Namen _ldap._tcp.Standardname-des-ersten-Standorts._sites.dc._msdcs.arzw.local., nachdem keiner der konfigurierten DNS-Server geantwortet hat.\"",
          "version": "0",
          "systemTime": "2026-05-26T06:17:14.9954379Z",
          "eventRecordID": "150192",
          "threadID": "15428",
          "computer": "KS-01-012.arzw.local",
          "task": "1014",
          "processID": "1400",
          "severityValue": "WARNING",
          "providerName": "Microsoft-Windows-DNS-Client"
        }
      }
    },
    "rule": {
      "firedtimes": 16,
      "mail": false,
      "level": 5,
      "description": "Name resolution for the name _ldap._tcp.Standardname-des-ersten-Standorts._sites.dc._msdcs.arzw.local. timed out",
      "groups": [
        "windows",
        "windows_system"
      ],
      "id": "61109"
    },
    "location": "EventChannel",
    "decoder": {
      "name": "windows_eventchannel"
    },
    "id": "1779776250.12085380",
    "timestamp": "2026-05-26T06:17:30.002+0000"
  },
  {
    "input": {
      "type": "log"
    },
    "agent": {
      "ip": "172.21.4.213",
      "name": "KS-01-012",
      "id": "110"
    },
    "manager": {
      "name": "wazuh.manager"
    },
    "data": {
      "win": {
        "eventdata": {
          "addressLength": "128",
          "address": "02000000AC15040E000000000000000000000000000000000000000000000000000000000000000000000000000000000000000000000000000000000000000000000000000000000000000000000000000000000000000000000000000000000000000000000000000000000000000000000000000000000000000000000000",
          "queryName": "wpad"
        },
        "system": {
          "eventID": "1014",
          "keywords": "0x4000000010000000",
          "providerGuid": "{1c95126e-7eea-49a9-a3fe-a378b03ddb4d}",
          "level": "3",
          "channel": "System",
          "opcode": "0",
          "message": "\"Zeitüberschreitung bei der Namensauflösung für den Namen wpad, nachdem keiner der konfigurierten DNS-Server geantwortet hat.\"",
          "version": "0",
          "systemTime": "2026-05-26T06:17:09.3582655Z",
          "eventRecordID": "150188",
          "threadID": "11880",
          "computer": "KS-01-012.arzw.local",
          "task": "1014",
          "processID": "1400",
          "severityValue": "WARNING",
          "providerName": "Microsoft-Windows-DNS-Client"
        }
      }
    },
    "rule": {
      "firedtimes": 15,
      "mail": false,
      "level": 5,
      "description": "Name resolution for the name wpad timed out",
      "groups": [
        "windows",
        "windows_system"
      ],
      "id": "61109"
    },
    "location": "EventChannel",
    "decoder": {
      "name": "windows_eventchannel"
    },
    "id": "1779776249.12083319",
    "timestamp": "2026-05-26T06:17:29.929+0000"
  },
  {
    "input": {
      "type": "log"
    },
    "agent": {
      "ip": "172.21.4.213",
      "name": "KS-01-012",
      "id": "110"
    },
    "manager": {
      "name": "wazuh.manager"
    },
    "data": {
      "win": {
        "eventdata": {
          "addressLength": "128",
          "address": "02000000AC15040E000000000000000000000000000000000000000000000000000000000000000000000000000000000000000000000000000000000000000000000000000000000000000000000000000000000000000000000000000000000000000000000000000000000000000000000000000000000000000000000000",
          "queryName": "router15.teamviewer.com"
        },
        "system": {
          "eventID": "1014",
          "keywords": "0x4000000010000000",
          "providerGuid": "{1c95126e-7eea-49a9-a3fe-a378b03ddb4d}",
          "level": "3",
          "channel": "System",
          "opcode": "0",
          "message": "\"Zeitüberschreitung bei der Namensauflösung für den Namen router15.teamviewer.com, nachdem keiner der konfigurierten DNS-Server geantwortet hat.\"",
          "version": "0",
          "systemTime": "2026-05-26T06:17:08.7268577Z",
          "eventRecordID": "150186",
          "threadID": "15428",
          "computer": "KS-01-012.arzw.local",
          "task": "1014",
          "processID": "1400",
          "severityValue": "WARNING",
          "providerName": "Microsoft-Windows-DNS-Client"
        }
      }
    },
    "rule": {
      "firedtimes": 14,
      "mail": false,
      "level": 5,
      "description": "Name resolution for the name router15.teamviewer.com timed out",
      "groups": [
        "windows",
        "windows_system"
      ],
      "id": "61109"
    },
    "location": "EventChannel",
    "decoder": {
      "name": "windows_eventchannel"
    },
    "id": "1779776249.12081163",
    "timestamp": "2026-05-26T06:17:29.898+0000"
  },
  {
    "input": {
      "type": "log"
    },
    "agent": {
      "ip": "172.21.4.213",
      "name": "KS-01-012",
      "id": "110"
    },
    "manager": {
      "name": "wazuh.manager"
    },
    "data": {
      "win": {
        "eventdata": {
          "addressLength": "128",
          "address": "02000000AC15040E000000000000000000000000000000000000000000000000000000000000000000000000000000000000000000000000000000000000000000000000000000000000000000000000000000000000000000000000000000000000000000000000000000000000000000000000000000000000000000000000",
          "queryName": "router14.teamviewer.com"
        },
        "system": {
          "eventID": "1014",
          "keywords": "0x4000000010000000",
          "providerGuid": "{1c95126e-7eea-49a9-a3fe-a378b03ddb4d}",
          "level": "3",
          "channel": "System",
          "opcode": "0",
          "message": "\"Zeitüberschreitung bei der Namensauflösung für den Namen router14.teamviewer.com, nachdem keiner der konfigurierten DNS-Server geantwortet hat.\"",
          "version": "0",
          "systemTime": "2026-05-26T06:17:00.7171454Z",
          "eventRecordID": "150184",
          "threadID": "5312",
          "computer": "KS-01-012.arzw.local",
          "task": "1014",
          "processID": "1400",
          "severityValue": "WARNING",
          "providerName": "Microsoft-Windows-DNS-Client"
        }
      }
    },
    "rule": {
      "firedtimes": 13,
      "mail": false,
      "level": 5,
      "description": "Name resolution for the name router14.teamviewer.com timed out",
      "groups": [
        "windows",
        "windows_system"
      ],
      "id": "61109"
    },
    "location": "EventChannel",
    "decoder": {
      "name": "windows_eventchannel"
    },
    "id": "1779776249.12079009",
    "timestamp": "2026-05-26T06:17:29.866+0000"
  },
  {
    "input": {
      "type": "log"
    },
    "agent": {
      "ip": "172.21.4.213",
      "name": "KS-01-012",
      "id": "110"
    },
    "manager": {
      "name": "wazuh.manager"
    },
    "data": {
      "win": {
        "eventdata": {
          "addressLength": "128",
          "address": "02000000AC15040E000000000000000000000000000000000000000000000000000000000000000000000000000000000000000000000000000000000000000000000000000000000000000000000000000000000000000000000000000000000000000000000000000000000000000000000000000000000000000000000000",
          "queryName": "router2.teamviewer.com"
        },
        "system": {
          "eventID": "1014",
          "keywords": "0x4000000010000000",
          "providerGuid": "{1c95126e-7eea-49a9-a3fe-a378b03ddb4d}",
          "level": "3",
          "channel": "System",
          "opcode": "0",
          "message": "\"Zeitüberschreitung bei der Namensauflösung für den Namen router2.teamviewer.com, nachdem keiner der konfigurierten DNS-Server geantwortet hat.\"",
          "version": "0",
          "systemTime": "2026-05-26T06:16:56.5628018Z",
          "eventRecordID": "150181",
          "threadID": "10340",
          "computer": "KS-01-012.arzw.local",
          "task": "1014",
          "processID": "1400",
          "severityValue": "WARNING",
          "providerName": "Microsoft-Windows-DNS-Client"
        }
      }
    },
    "rule": {
      "firedtimes": 12,
      "mail": false,
      "level": 5,
      "description": "Name resolution for the name router2.teamviewer.com timed out",
      "groups": [
        "windows",
        "windows_system"
      ],
      "id": "61109"
    },
    "location": "EventChannel",
    "decoder": {
      "name": "windows_eventchannel"
    },
    "id": "1779776249.12076858",
    "timestamp": "2026-05-26T06:17:29.817+0000"
  },
  {
    "input": {
      "type": "log"
    },
    "agent": {
      "ip": "172.21.4.213",
      "name": "KS-01-012",
      "id": "110"
    },
    "manager": {
      "name": "wazuh.manager"
    },
    "data": {
      "win": {
        "eventdata": {
          "addressLength": "128",
          "address": "02000000AC15040E000000000000000000000000000000000000000000000000000000000000000000000000000000000000000000000000000000000000000000000000000000000000000000000000000000000000000000000000000000000000000000000000000000000000000000000000000000000000000000000000",
          "queryName": "router11.teamviewer.com"
        },
        "system": {
          "eventID": "1014",
          "keywords": "0x4000000010000000",
          "providerGuid": "{1c95126e-7eea-49a9-a3fe-a378b03ddb4d}",
          "level": "3",
          "channel": "System",
          "opcode": "0",
          "message": "\"Zeitüberschreitung bei der Namensauflösung für den Namen router11.teamviewer.com, nachdem keiner der konfigurierten DNS-Server geantwortet hat.\"",
          "version": "0",
          "systemTime": "2026-05-26T06:16:50.4039218Z",
          "eventRecordID": "150178",
          "threadID": "15428",
          "computer": "KS-01-012.arzw.local",
          "task": "1014",
          "processID": "1400",
          "severityValue": "WARNING",
          "providerName": "Microsoft-Windows-DNS-Client"
        }
      }
    },
    "rule": {
      "firedtimes": 11,
      "mail": false,
      "level": 5,
      "description": "Name resolution for the name router11.teamviewer.com timed out",
      "groups": [
        "windows",
        "windows_system"
      ],
      "id": "61109"
    },
    "location": "EventChannel",
    "decoder": {
      "name": "windows_eventchannel"
    },
    "id": "1779776249.12074702",
    "timestamp": "2026-05-26T06:17:29.770+0000"
  },
  {
    "input": {
      "type": "log"
    },
    "agent": {
      "ip": "172.21.4.213",
      "name": "KS-01-012",
      "id": "110"
    },
    "manager": {
      "name": "wazuh.manager"
    },
    "data": {
      "win": {
        "eventdata": {
          "addressLength": "128",
          "address": "02000000AC15040E000000000000000000000000000000000000000000000000000000000000000000000000000000000000000000000000000000000000000000000000000000000000000000000000000000000000000000000000000000000000000000000000000000000000000000000000000000000000000000000000",
          "queryName": "_ldap._tcp.Standardname-des-ersten-Standorts._sites.dc._msdcs.arzw.local."
        },
        "system": {
          "eventID": "1014",
          "keywords": "0x4000000010000000",
          "providerGuid": "{1c95126e-7eea-49a9-a3fe-a378b03ddb4d}",
          "level": "3",
          "channel": "System",
          "opcode": "0",
          "message": "\"Zeitüberschreitung bei der Namensauflösung für den Namen _ldap._tcp.Standardname-des-ersten-Standorts._sites.dc._msdcs.arzw.local., nachdem keiner der konfigurierten DNS-Server geantwortet hat.\"",
          "version": "0",
          "systemTime": "2026-05-26T06:16:50.2950280Z",
          "eventRecordID": "150176",
          "threadID": "10340",
          "computer": "KS-01-012.arzw.local",
          "task": "1014",
          "processID": "1400",
          "severityValue": "WARNING",
          "providerName": "Microsoft-Windows-DNS-Client"
        }
      }
    },
    "rule": {
      "firedtimes": 10,
      "mail": false,
      "level": 5,
      "description": "Name resolution for the name _ldap._tcp.Standardname-des-ersten-Standorts._sites.dc._msdcs.arzw.local. timed out",
      "groups": [
        "windows",
        "windows_system"
      ],
      "id": "61109"
    },
    "location": "EventChannel",
    "decoder": {
      "name": "windows_eventchannel"
    },
    "id": "1779776249.12072296",
    "timestamp": "2026-05-26T06:17:29.738+0000"
  },
