  {
    "input": {
      "type": "log"
    },
    "agent": {
      "ip": "172.21.4.213",
      "name": "KS-01-012",
      "id": "110"
    },
    "manager": {
      "name": "wazuh.manager"
    },
    "data": {
      "win": {
        "eventdata": {
          "subjectLogonId": "0x3e7",
          "subjectDomainName": "ARZW",
          "targetLinkedLogonId": "0x0",
          "impersonationLevel": "%%1833",
          "authenticationPackageName": "Negotiate",
          "workstationName": "KS-01-012",
          "targetLogonId": "0x182a33",
          "logonProcessName": "Negotiat",
          "logonGuid": "{e44eae76-9315-0186-a873-045e1fe858bf}",
          "targetUserName": "KSUSER",
          "keyLength": "0",
          "elevatedToken": "%%1843",
          "subjectUserSid": "S-1-5-18",
          "processId": "0x284",
          "processName": "C:\\\\Windows\\\\System32\\\\lsass.exe",
          "targetDomainName": "ARZW",
          "targetUserSid": "S-1-5-21-228770904-35461013-1130905197-2637",
          "virtualAccount": "%%1843",
          "logonType": "7",
          "subjectUserName": "KS-01-012$"
        },
        "system": {
          "eventID": "4624",
          "keywords": "0x8020000000000000",
          "providerGuid": "{54849625-5478-4994-a5ba-3e3b0328c30d}",
          "level": "0",
          "channel": "Security",
          "opcode": "0",
          "message": "\"Ein Konto wurde erfolgreich angemeldet.\r\n\r\nAntragsteller:\r\n\tSicherheits-ID:\t\tS-1-5-18\r\n\tKontoname:\t\tKS-01-012$\r\n\tKontodomäne:\t\tARZW\r\n\tAnmelde-ID:\t\t0x3E7\r\n\r\nAnmeldeinformationen:\r\n\tAnmeldetyp:\t\t7\r\n\tEingeschränkter Administratormodus:\t-\r\n\tVirtuelles Konto:\t\tNein\r\n\tToken mit erhöhten Rechten:\t\tNein\r\n\r\nIdentitätswechselebene:\t\tIdentitätswechsel\r\n\r\nNeue Anmeldung:\r\n\tSicherheits-ID:\t\tS-1-5-21-228770904-35461013-1130905197-2637\r\n\tKontoname:\t\tKSUSER\r\n\tKontodomäne:\t\tARZW\r\n\tAnmelde-ID:\t\t0x182A33\r\n\tVerknüpfte Anmelde-ID:\t\t0x0\r\n\tNetzwerk-Kontoname:\t-\r\n\tNetzwerk-Kontodomäne:\t-\r\n\tAnmelde-GUID:\t\t{e44eae76-9315-0186-a873-045e1fe858bf}\r\n\r\nProzessinformationen:\r\n\tProzess-ID:\t\t0x284\r\n\tProzessname:\t\tC:\\Windows\\System32\\lsass.exe\r\n\r\nNetzwerkinformationen:\r\n\tArbeitsstationsname:\tKS-01-012\r\n\tQuellnetzwerkadresse:\t-\r\n\tQuellport:\t\t-\r\n\r\nDetaillierte Authentifizierungsinformationen:\r\n\tAnmeldeprozess:\t\tNegotiat\r\n\tAuthentifizierungspaket:\tNegotiate\r\n\tÜbertragene Dienste:\t-\r\n\tPaketname (nur NTLM):\t-\r\n\tSchlüssellänge:\t\t0\r\n\r\nDieses Ereignis wird beim Erstellen einer Anmeldesitzung generiert. Es wird auf dem Computer generiert, auf den zugegriffen wurde.\r\n\r\nDie Antragstellerfelder geben das Konto auf dem lokalen System an, von dem die Anmeldung angefordert wurde. Dies ist meistens ein Dienst wie der Serverdienst oder ein lokaler Prozess wie \"Winlogon.exe\" oder \"Services.exe\".\r\n\r\nDas Anmeldetypfeld gibt den jeweiligen Anmeldetyp an. Die häufigsten Typen sind 2 (interaktiv) und 3 (Netzwerk).\r\n\r\nDie Felder für die neue Anmeldung geben das Konto an, für das die neue Anmeldung erstellt wurde, d. h. das angemeldete Konto.\r\n\r\nDie Netzwerkfelder geben die Quelle einer Remoteanmeldeanforderung an. Der Arbeitsstationsname ist nicht immer verfügbar und kann in manchen Fällen leer bleiben.\r\n\r\nDas Feld für die Identitätswechselebene gibt an, in welchem Umfang ein Prozess in der Anmeldesitzung einen Identitätswechsel vornehmen kann.\r\n\r\nDie Felder für die Authentifizierungsinformationen enthalten detaillierte Informationen zu dieser speziellen Anmeldeanforderung.\r\n\t- Die Anmelde-GUID ist ein eindeutiger Bezeichner, der verwendet werden kann, um dieses Ereignis mit einem KDC-Ereignis zu korrelieren.\r\n\t- Die übertragenen Dienste geben an, welche Zwischendienste an der Anmeldeanforderung beteiligt waren.\r\n\t- Der Paketname gibt das in den NTLM-Protokollen verwendete Unterprotokoll an.\r\n\t- Die Schlüssellänge gibt die Länge des generierten Sitzungsschlüssels an. Wenn kein Sitzungsschlüssel angefordert wurde, ist dieser Wert 0.\"",
          "version": "2",
          "systemTime": "2026-05-26T04:25:45.2042400Z",
          "eventRecordID": "3101034",
          "threadID": "11124",
          "computer": "KS-01-012.arzw.local",
          "task": "12544",
          "processID": "644",
          "severityValue": "AUDIT_SUCCESS",
          "providerName": "Microsoft-Windows-Security-Auditing"
        }
      }
    },
    "rule": {
      "firedtimes": 10,
      "mail": false,
      "level": 3,
      "description": "Non network or service local logon.",
      "groups": [
        "windows",
        " WEF"
      ],
      "id": "67022"
    },
    "location": "EventChannel",
    "decoder": {
      "name": "windows_eventchannel"
    },
    "id": "1779769546.3921363",
    "timestamp": "2026-05-26T04:25:46.697+0000"
  },
  {
    "input": {
      "type": "log"
    },
    "agent": {
      "ip": "172.21.4.213",
      "name": "KS-01-012",
      "id": "110"
    },
    "manager": {
      "name": "wazuh.manager"
    },
    "data": {
      "win": {
        "eventdata": {
          "subjectLogonId": "0x3e7",
          "subjectDomainName": "ARZW",
          "targetLinkedLogonId": "0x0",
          "impersonationLevel": "%%1833",
          "ipAddress": "127.0.0.1",
          "authenticationPackageName": "Negotiate",
          "workstationName": "KS-01-012",
          "targetLogonId": "0x182791",
          "logonProcessName": "User32",
          "logonGuid": "{00000000-0000-0000-0000-000000000000}",
          "targetUserName": "KSUSER",
          "keyLength": "0",
          "elevatedToken": "%%1843",
          "subjectUserSid": "S-1-5-18",
          "processId": "0x9d0",
          "processName": "C:\\\\Windows\\\\System32\\\\svchost.exe",
          "ipPort": "0",
          "targetDomainName": "ARZW",
          "targetUserSid": "S-1-5-21-228770904-35461013-1130905197-2637",
          "virtualAccount": "%%1843",
          "logonType": "11",
          "subjectUserName": "KS-01-012$"
        },
        "system": {
          "eventID": "4624",
          "keywords": "0x8020000000000000",
          "providerGuid": "{54849625-5478-4994-a5ba-3e3b0328c30d}",
          "level": "0",
          "channel": "Security",
          "opcode": "0",
          "message": "\"Ein Konto wurde erfolgreich angemeldet.\r\n\r\nAntragsteller:\r\n\tSicherheits-ID:\t\tS-1-5-18\r\n\tKontoname:\t\tKS-01-012$\r\n\tKontodomäne:\t\tARZW\r\n\tAnmelde-ID:\t\t0x3E7\r\n\r\nAnmeldeinformationen:\r\n\tAnmeldetyp:\t\t11\r\n\tEingeschränkter Administratormodus:\t-\r\n\tVirtuelles Konto:\t\tNein\r\n\tToken mit erhöhten Rechten:\t\tNein\r\n\r\nIdentitätswechselebene:\t\tIdentitätswechsel\r\n\r\nNeue Anmeldung:\r\n\tSicherheits-ID:\t\tS-1-5-21-228770904-35461013-1130905197-2637\r\n\tKontoname:\t\tKSUSER\r\n\tKontodomäne:\t\tARZW\r\n\tAnmelde-ID:\t\t0x182791\r\n\tVerknüpfte Anmelde-ID:\t\t0x0\r\n\tNetzwerk-Kontoname:\t-\r\n\tNetzwerk-Kontodomäne:\t-\r\n\tAnmelde-GUID:\t\t{00000000-0000-0000-0000-000000000000}\r\n\r\nProzessinformationen:\r\n\tProzess-ID:\t\t0x9d0\r\n\tProzessname:\t\tC:\\Windows\\System32\\svchost.exe\r\n\r\nNetzwerkinformationen:\r\n\tArbeitsstationsname:\tKS-01-012\r\n\tQuellnetzwerkadresse:\t127.0.0.1\r\n\tQuellport:\t\t0\r\n\r\nDetaillierte Authentifizierungsinformationen:\r\n\tAnmeldeprozess:\t\tUser32 \r\n\tAuthentifizierungspaket:\tNegotiate\r\n\tÜbertragene Dienste:\t-\r\n\tPaketname (nur NTLM):\t-\r\n\tSchlüssellänge:\t\t0\r\n\r\nDieses Ereignis wird beim Erstellen einer Anmeldesitzung generiert. Es wird auf dem Computer generiert, auf den zugegriffen wurde.\r\n\r\nDie Antragstellerfelder geben das Konto auf dem lokalen System an, von dem die Anmeldung angefordert wurde. Dies ist meistens ein Dienst wie der Serverdienst oder ein lokaler Prozess wie \"Winlogon.exe\" oder \"Services.exe\".\r\n\r\nDas Anmeldetypfeld gibt den jeweiligen Anmeldetyp an. Die häufigsten Typen sind 2 (interaktiv) und 3 (Netzwerk).\r\n\r\nDie Felder für die neue Anmeldung geben das Konto an, für das die neue Anmeldung erstellt wurde, d. h. das angemeldete Konto.\r\n\r\nDie Netzwerkfelder geben die Quelle einer Remoteanmeldeanforderung an. Der Arbeitsstationsname ist nicht immer verfügbar und kann in manchen Fällen leer bleiben.\r\n\r\nDas Feld für die Identitätswechselebene gibt an, in welchem Umfang ein Prozess in der Anmeldesitzung einen Identitätswechsel vornehmen kann.\r\n\r\nDie Felder für die Authentifizierungsinformationen enthalten detaillierte Informationen zu dieser speziellen Anmeldeanforderung.\r\n\t- Die Anmelde-GUID ist ein eindeutiger Bezeichner, der verwendet werden kann, um dieses Ereignis mit einem KDC-Ereignis zu korrelieren.\r\n\t- Die übertragenen Dienste geben an, welche Zwischendienste an der Anmeldeanforderung beteiligt waren.\r\n\t- Der Paketname gibt das in den NTLM-Protokollen verwendete Unterprotokoll an.\r\n\t- Die Schlüssellänge gibt die Länge des generierten Sitzungsschlüssels an. Wenn kein Sitzungsschlüssel angefordert wurde, ist dieser Wert 0.\"",
          "version": "2",
          "systemTime": "2026-05-26T04:25:45.1749949Z",
          "eventRecordID": "3101032",
          "threadID": "132",
          "computer": "KS-01-012.arzw.local",
          "task": "12544",
          "processID": "644",
          "severityValue": "AUDIT_SUCCESS",
          "providerName": "Microsoft-Windows-Security-Auditing"
        }
      }
    },
    "rule": {
      "firedtimes": 9,
      "mail": false,
      "level": 3,
      "description": "Non network or service local logon.",
      "groups": [
        "windows",
        " WEF"
      ],
      "id": "67022"
    },
    "location": "EventChannel",
    "decoder": {
      "name": "windows_eventchannel"
    },
    "id": "1779769546.3913338",
    "timestamp": "2026-05-26T04:25:46.672+0000"
  },
  {
    "input": {
      "type": "log"
    },
    "agent": {
      "ip": "172.21.4.213",
      "name": "KS-01-012",
      "id": "110"
    },
    "manager": {
      "name": "wazuh.manager"
    },
    "data": {
      "win": {
        "eventdata": {
          "targetLogonId": "0x182746",
          "targetUserName": "KS-01-012$",
          "targetDomainName": "ARZW",
          "targetUserSid": "S-1-5-18",
          "logonType": "3"
        },
        "system": {
          "eventID": "4634",
          "keywords": "0x8020000000000000",
          "providerGuid": "{54849625-5478-4994-a5ba-3e3b0328c30d}",
          "level": "0",
          "channel": "Security",
          "opcode": "0",
          "message": "\"Ein Konto wurde abgemeldet.\r\n\r\nAntragsteller:\r\n\tSicherheits-ID:\t\tS-1-5-18\r\n\tKontoname:\t\tKS-01-012$\r\n\tKontodomäne:\t\tARZW\r\n\tAnmelde-ID:\t\t0x182746\r\n\r\nAnmeldetyp:\t\t\t3\r\n\r\nDieses Ereignis wird generiert, wenn eine Anmeldesitzung zerstört wird. Es kann anhand des Wertes der Anmelde-ID positiv mit einem Anmeldeereignis korreliert werden. Anmelde-IDs sind nur zwischen Neustarts auf demselben Computer eindeutig.\"",
          "version": "0",
          "systemTime": "2026-05-26T04:25:45.1664034Z",
          "eventRecordID": "3101030",
          "threadID": "4224",
          "computer": "KS-01-012.arzw.local",
          "task": "12545",
          "processID": "644",
          "severityValue": "AUDIT_SUCCESS",
          "providerName": "Microsoft-Windows-Security-Auditing"
        }
      }
    },
    "rule": {
      "firedtimes": 10,
      "mail": false,
      "level": 3,
      "pci_dss": [
        "10.2.5"
      ],
      "hipaa": [
        "164.312.b"
      ],
      "tsc": [
        "CC6.8",
        "CC7.2",
        "CC7.3"
      ],
      "description": "Windows User Logoff",
      "groups": [
        "windows",
        "windows_security"
      ],
      "id": "60137",
      "nist_800_53": [
        "AU.14",
        "AC.7"
      ],
      "gdpr": [
        "IV_32.2"
      ]
    },
    "location": "EventChannel",
    "decoder": {
      "name": "windows_eventchannel"
    },
    "id": "1779769546.3910912",
    "timestamp": "2026-05-26T04:25:46.639+0000"
  },
  {
    "input": {
      "type": "log"
    },
    "agent": {
      "ip": "172.21.4.213",
      "name": "KS-01-012",
      "id": "110"
    },
    "manager": {
      "name": "wazuh.manager"
    },
    "data": {
      "win": {
        "eventdata": {
          "subjectLogonId": "0x0",
          "targetLinkedLogonId": "0x0",
          "impersonationLevel": "%%1833",
          "authenticationPackageName": "Kerberos",
          "targetLogonId": "0x182746",
          "logonProcessName": "Kerberos",
          "logonGuid": "{5e82e879-5532-f4ec-5df9-858be26bca14}",
          "targetUserName": "KS-01-012$",
          "keyLength": "0",
          "elevatedToken": "%%1842",
          "subjectUserSid": "S-1-0-0",
          "processId": "0x0",
          "targetDomainName": "ARZW.LOCAL",
          "targetUserSid": "S-1-5-18",
          "virtualAccount": "%%1843",
          "logonType": "3"
        },
        "system": {
          "eventID": "4624",
          "keywords": "0x8020000000000000",
          "providerGuid": "{54849625-5478-4994-a5ba-3e3b0328c30d}",
          "level": "0",
          "channel": "Security",
          "opcode": "0",
          "message": "\"Ein Konto wurde erfolgreich angemeldet.\r\n\r\nAntragsteller:\r\n\tSicherheits-ID:\t\tS-1-0-0\r\n\tKontoname:\t\t-\r\n\tKontodomäne:\t\t-\r\n\tAnmelde-ID:\t\t0x0\r\n\r\nAnmeldeinformationen:\r\n\tAnmeldetyp:\t\t3\r\n\tEingeschränkter Administratormodus:\t-\r\n\tVirtuelles Konto:\t\tNein\r\n\tToken mit erhöhten Rechten:\t\tJa\r\n\r\nIdentitätswechselebene:\t\tIdentitätswechsel\r\n\r\nNeue Anmeldung:\r\n\tSicherheits-ID:\t\tS-1-5-18\r\n\tKontoname:\t\tKS-01-012$\r\n\tKontodomäne:\t\tARZW.LOCAL\r\n\tAnmelde-ID:\t\t0x182746\r\n\tVerknüpfte Anmelde-ID:\t\t0x0\r\n\tNetzwerk-Kontoname:\t-\r\n\tNetzwerk-Kontodomäne:\t-\r\n\tAnmelde-GUID:\t\t{5e82e879-5532-f4ec-5df9-858be26bca14}\r\n\r\nProzessinformationen:\r\n\tProzess-ID:\t\t0x0\r\n\tProzessname:\t\t-\r\n\r\nNetzwerkinformationen:\r\n\tArbeitsstationsname:\t-\r\n\tQuellnetzwerkadresse:\t-\r\n\tQuellport:\t\t-\r\n\r\nDetaillierte Authentifizierungsinformationen:\r\n\tAnmeldeprozess:\t\tKerberos\r\n\tAuthentifizierungspaket:\tKerberos\r\n\tÜbertragene Dienste:\t-\r\n\tPaketname (nur NTLM):\t-\r\n\tSchlüssellänge:\t\t0\r\n\r\nDieses Ereignis wird beim Erstellen einer Anmeldesitzung generiert. Es wird auf dem Computer generiert, auf den zugegriffen wurde.\r\n\r\nDie Antragstellerfelder geben das Konto auf dem lokalen System an, von dem die Anmeldung angefordert wurde. Dies ist meistens ein Dienst wie der Serverdienst oder ein lokaler Prozess wie \"Winlogon.exe\" oder \"Services.exe\".\r\n\r\nDas Anmeldetypfeld gibt den jeweiligen Anmeldetyp an. Die häufigsten Typen sind 2 (interaktiv) und 3 (Netzwerk).\r\n\r\nDie Felder für die neue Anmeldung geben das Konto an, für das die neue Anmeldung erstellt wurde, d. h. das angemeldete Konto.\r\n\r\nDie Netzwerkfelder geben die Quelle einer Remoteanmeldeanforderung an. Der Arbeitsstationsname ist nicht immer verfügbar und kann in manchen Fällen leer bleiben.\r\n\r\nDas Feld für die Identitätswechselebene gibt an, in welchem Umfang ein Prozess in der Anmeldesitzung einen Identitätswechsel vornehmen kann.\r\n\r\nDie Felder für die Authentifizierungsinformationen enthalten detaillierte Informationen zu dieser speziellen Anmeldeanforderung.\r\n\t- Die Anmelde-GUID ist ein eindeutiger Bezeichner, der verwendet werden kann, um dieses Ereignis mit einem KDC-Ereignis zu korrelieren.\r\n\t- Die übertragenen Dienste geben an, welche Zwischendienste an der Anmeldeanforderung beteiligt waren.\r\n\t- Der Paketname gibt das in den NTLM-Protokollen verwendete Unterprotokoll an.\r\n\t- Die Schlüssellänge gibt die Länge des generierten Sitzungsschlüssels an. Wenn kein Sitzungsschlüssel angefordert wurde, ist dieser Wert 0.\"",
          "version": "2",
          "systemTime": "2026-05-26T04:25:45.1557933Z",
          "eventRecordID": "3101029",
          "threadID": "132",
          "computer": "KS-01-012.arzw.local",
          "task": "12544",
          "processID": "644",
          "severityValue": "AUDIT_SUCCESS",
          "providerName": "Microsoft-Windows-Security-Auditing"
        }
      }
    },
    "rule": {
      "mail": false,
      "level": 3,
      "pci_dss": [
        "10.2.5"
      ],
      "hipaa": [
        "164.312.b"
      ],
      "tsc": [
        "CC6.8",
        "CC7.2",
        "CC7.3"
      ],
      "description": "Windows Logon Success",
      "groups": [
        "windows",
        "windows_security",
        "authentication_success"
      ],
      "nist_800_53": [
        "AU.14",
        "AC.9"
      ],
      "gdpr": [
        "IV_32.2"
      ],
      "firedtimes": 10,
      "mitre": {
        "technique": [
          "Valid Accounts"
        ],
        "id": [
          "T1078"
        ],
        "tactic": [
          "Defense Evasion",
          "Persistence",
          "Privilege Escalation",
          "Initial Access"
        ]
      },
      "id": "60106",
      "gpg13": [
        "7.1",
        "7.2"
      ]
    },
    "location": "EventChannel",
    "decoder": {
      "name": "windows_eventchannel"
    },
    "id": "1779769546.3903405",
    "timestamp": "2026-05-26T04:25:46.616+0000"
  },
  {
    "input": {
      "type": "log"
    },
    "agent": {
      "ip": "172.21.4.213",
      "name": "KS-01-012",
      "id": "110"
    },
    "manager": {
      "name": "wazuh.manager"
    },
    "data": {
      "win": {
        "eventdata": {
          "targetLogonId": "0x181861",
          "targetUserName": "KS-01-012$",
          "targetDomainName": "ARZW",
          "targetUserSid": "S-1-5-18",
          "logonType": "3"
        },
        "system": {
          "eventID": "4634",
          "keywords": "0x8020000000000000",
          "providerGuid": "{54849625-5478-4994-a5ba-3e3b0328c30d}",
          "level": "0",
          "channel": "Security",
          "opcode": "0",
          "message": "\"Ein Konto wurde abgemeldet.\r\n\r\nAntragsteller:\r\n\tSicherheits-ID:\t\tS-1-5-18\r\n\tKontoname:\t\tKS-01-012$\r\n\tKontodomäne:\t\tARZW\r\n\tAnmelde-ID:\t\t0x181861\r\n\r\nAnmeldetyp:\t\t\t3\r\n\r\nDieses Ereignis wird generiert, wenn eine Anmeldesitzung zerstört wird. Es kann anhand des Wertes der Anmelde-ID positiv mit einem Anmeldeereignis korreliert werden. Anmelde-IDs sind nur zwischen Neustarts auf demselben Computer eindeutig.\"",
          "version": "0",
          "systemTime": "2026-05-26T04:25:45.1093789Z",
          "eventRecordID": "3101026",
          "threadID": "132",
          "computer": "KS-01-012.arzw.local",
          "task": "12545",
          "processID": "644",
          "severityValue": "AUDIT_SUCCESS",
          "providerName": "Microsoft-Windows-Security-Auditing"
        }
      }
    },
    "rule": {
      "firedtimes": 9,
      "mail": false,
      "level": 3,
      "pci_dss": [
        "10.2.5"
      ],
      "hipaa": [
        "164.312.b"
      ],
      "tsc": [
        "CC6.8",
        "CC7.2",
        "CC7.3"
      ],
      "description": "Windows User Logoff",
      "groups": [
        "windows",
        "windows_security"
      ],
      "id": "60137",
      "nist_800_53": [
        "AU.14",
        "AC.7"
      ],
      "gdpr": [
        "IV_32.2"
      ]
    },
    "location": "EventChannel",
    "decoder": {
      "name": "windows_eventchannel"
    },
    "id": "1779769546.3900981",
    "timestamp": "2026-05-26T04:25:46.555+0000"
  },
  {
    "input": {
      "type": "log"
    },
    "agent": {
      "ip": "172.21.4.213",
      "name": "KS-01-012",
      "id": "110"
    },
    "manager": {
      "name": "wazuh.manager"
    },
    "data": {
      "win": {
        "eventdata": {
          "subjectLogonId": "0x0",
          "targetLinkedLogonId": "0x0",
          "impersonationLevel": "%%1833",
          "authenticationPackageName": "Kerberos",
          "targetLogonId": "0x181861",
          "logonProcessName": "Kerberos",
          "logonGuid": "{5e82e879-5532-f4ec-5df9-858be26bca14}",
          "targetUserName": "KS-01-012$",
          "keyLength": "0",
          "elevatedToken": "%%1842",
          "subjectUserSid": "S-1-0-0",
          "processId": "0x0",
          "targetDomainName": "ARZW.LOCAL",
          "targetUserSid": "S-1-5-18",
          "virtualAccount": "%%1843",
          "logonType": "3"
        },
        "system": {
          "eventID": "4624",
          "keywords": "0x8020000000000000",
          "providerGuid": "{54849625-5478-4994-a5ba-3e3b0328c30d}",
          "level": "0",
          "channel": "Security",
          "opcode": "0",
          "message": "\"Ein Konto wurde erfolgreich angemeldet.\r\n\r\nAntragsteller:\r\n\tSicherheits-ID:\t\tS-1-0-0\r\n\tKontoname:\t\t-\r\n\tKontodomäne:\t\t-\r\n\tAnmelde-ID:\t\t0x0\r\n\r\nAnmeldeinformationen:\r\n\tAnmeldetyp:\t\t3\r\n\tEingeschränkter Administratormodus:\t-\r\n\tVirtuelles Konto:\t\tNein\r\n\tToken mit erhöhten Rechten:\t\tJa\r\n\r\nIdentitätswechselebene:\t\tIdentitätswechsel\r\n\r\nNeue Anmeldung:\r\n\tSicherheits-ID:\t\tS-1-5-18\r\n\tKontoname:\t\tKS-01-012$\r\n\tKontodomäne:\t\tARZW.LOCAL\r\n\tAnmelde-ID:\t\t0x181861\r\n\tVerknüpfte Anmelde-ID:\t\t0x0\r\n\tNetzwerk-Kontoname:\t-\r\n\tNetzwerk-Kontodomäne:\t-\r\n\tAnmelde-GUID:\t\t{5e82e879-5532-f4ec-5df9-858be26bca14}\r\n\r\nProzessinformationen:\r\n\tProzess-ID:\t\t0x0\r\n\tProzessname:\t\t-\r\n\r\nNetzwerkinformationen:\r\n\tArbeitsstationsname:\t-\r\n\tQuellnetzwerkadresse:\t-\r\n\tQuellport:\t\t-\r\n\r\nDetaillierte Authentifizierungsinformationen:\r\n\tAnmeldeprozess:\t\tKerberos\r\n\tAuthentifizierungspaket:\tKerberos\r\n\tÜbertragene Dienste:\t-\r\n\tPaketname (nur NTLM):\t-\r\n\tSchlüssellänge:\t\t0\r\n\r\nDieses Ereignis wird beim Erstellen einer Anmeldesitzung generiert. Es wird auf dem Computer generiert, auf den zugegriffen wurde.\r\n\r\nDie Antragstellerfelder geben das Konto auf dem lokalen System an, von dem die Anmeldung angefordert wurde. Dies ist meistens ein Dienst wie der Serverdienst oder ein lokaler Prozess wie \"Winlogon.exe\" oder \"Services.exe\".\r\n\r\nDas Anmeldetypfeld gibt den jeweiligen Anmeldetyp an. Die häufigsten Typen sind 2 (interaktiv) und 3 (Netzwerk).\r\n\r\nDie Felder für die neue Anmeldung geben das Konto an, für das die neue Anmeldung erstellt wurde, d. h. das angemeldete Konto.\r\n\r\nDie Netzwerkfelder geben die Quelle einer Remoteanmeldeanforderung an. Der Arbeitsstationsname ist nicht immer verfügbar und kann in manchen Fällen leer bleiben.\r\n\r\nDas Feld für die Identitätswechselebene gibt an, in welchem Umfang ein Prozess in der Anmeldesitzung einen Identitätswechsel vornehmen kann.\r\n\r\nDie Felder für die Authentifizierungsinformationen enthalten detaillierte Informationen zu dieser speziellen Anmeldeanforderung.\r\n\t- Die Anmelde-GUID ist ein eindeutiger Bezeichner, der verwendet werden kann, um dieses Ereignis mit einem KDC-Ereignis zu korrelieren.\r\n\t- Die übertragenen Dienste geben an, welche Zwischendienste an der Anmeldeanforderung beteiligt waren.\r\n\t- Der Paketname gibt das in den NTLM-Protokollen verwendete Unterprotokoll an.\r\n\t- Die Schlüssellänge gibt die Länge des generierten Sitzungsschlüssels an. Wenn kein Sitzungsschlüssel angefordert wurde, ist dieser Wert 0.\"",
          "version": "2",
          "systemTime": "2026-05-26T04:25:45.0968629Z",
          "eventRecordID": "3101025",
          "threadID": "4224",
          "computer": "KS-01-012.arzw.local",
          "task": "12544",
          "processID": "644",
          "severityValue": "AUDIT_SUCCESS",
          "providerName": "Microsoft-Windows-Security-Auditing"
        }
      }
    },
    "rule": {
      "mail": false,
      "level": 3,
      "pci_dss": [
        "10.2.5"
      ],
      "hipaa": [
        "164.312.b"
      ],
      "tsc": [
        "CC6.8",
        "CC7.2",
        "CC7.3"
      ],
      "description": "Windows Logon Success",
      "groups": [
        "windows",
        "windows_security",
        "authentication_success"
      ],
      "nist_800_53": [
        "AU.14",
        "AC.9"
      ],
      "gdpr": [
        "IV_32.2"
      ],
      "firedtimes": 9,
      "mitre": {
        "technique": [
          "Valid Accounts"
        ],
        "id": [
          "T1078"
        ],
        "tactic": [
          "Defense Evasion",
          "Persistence",
          "Privilege Escalation",
          "Initial Access"
        ]
      },
      "id": "60106",
      "gpg13": [
        "7.1",
        "7.2"
      ]
    },
    "location": "EventChannel",
    "decoder": {
      "name": "windows_eventchannel"
    },
    "id": "1779769546.3893472",
    "timestamp": "2026-05-26T04:25:46.539+0000"
  },
  {
    "input": {
      "type": "log"
    },
    "agent": {
      "ip": "172.21.4.213",
      "name": "KS-01-012",
      "id": "110"
    },
    "manager": {
      "name": "wazuh.manager"
    },
    "data": {
      "win": {
        "eventdata": {
          "binary": "000000000100000000000000110005C0000000000000000000000000000000000000000000000000"
        },
        "system": {
          "eventID": "17",
          "keywords": "0x80000000000000",
          "level": "2",
          "channel": "System",
          "opcode": "0",
          "message": "\"Der lokale Bluetooth-Adapter ist aus einem unbekannten Grund fehlgeschlagen und wird nicht verwendet. Der Treiber wurde entladen.\"",
          "version": "0",
          "systemTime": "2026-05-26T04:25:38.6960082Z",
          "eventRecordID": "149921",
          "threadID": "6180",
          "computer": "KS-01-012.arzw.local",
          "task": "0",
          "processID": "4",
          "severityValue": "ERROR",
          "providerName": "BTHUSB"
        }
      }
    },
    "rule": {
      "firedtimes": 27,
      "mail": false,
      "level": 5,
      "description": "Windows System error event",
      "groups": [
        "windows",
        "windows_system",
        "system_error"
      ],
      "id": "61102",
      "gpg13": [
        "4.3"
      ],
      "gdpr": [
        "IV_35.7.d"
      ]
    },
    "location": "EventChannel",
    "decoder": {
      "name": "windows_eventchannel"
    },
    "id": "1779769544.3892035",
    "timestamp": "2026-05-26T04:25:44.649+0000"
  },
  {
    "input": {
      "type": "log"
    },
    "agent": {
      "ip": "172.21.4.213",
      "name": "KS-01-012",
      "id": "110"
    },
    "manager": {
      "name": "wazuh.manager"
    },
    "data": {
      "win": {
        "eventdata": {
          "data": "ARZW, %%1311",
          "binary": "5E0000C0"
        },
        "system": {
          "eventID": "5719",
          "keywords": "0x80000000000000",
          "level": "2",
          "channel": "System",
          "opcode": "0",
          "message": "\"Der Computer konnte eine sichere Sitzung mit einem Domänencontroller in der Domäne ARZW aufgrund der folgenden Ursache nicht einrichten: \r\nSie können mit diesen Anmeldeinformationen nicht angemeldet werden, weil Ihre Domäne nicht verfügbar ist. Stellen Sie sicher, dass Ihr Gerät mit dem Netzwerk Ihrer Organisation verbunden ist, und versuchen Sie es erneut. Wenn Sie sich auf diesem Gerät zuvor mit anderen Anmeldeinformationen angemeldet haben, können Sie sich mit diesen Anmeldeinformationen anmelden. \r\nDies kann zu Authentifizierungsproblemen führen. Stellen Sie sicher, dass der Computer mit dem Netzwerk verbunden ist. Wenden Sie sich an den Domänenadministrator, wenn das Problem weiterhin besteht.  \r\n\r\nZUSÄTZLICHE INFORMATIONEN \r\nWenn dieser Computer ein Domänencontroller der bestimmten Domäne ist, wird eine sichere Sitzung zum primären Domänencontrolleremulator in der bestimmten Domäne eingerichtet. Andernfalls richtet dieser Computer eine sichere Sitzung zu einem beliebigen Domänencontroller in der bestimmten Domäne ein.\"",
          "version": "0",
          "systemTime": "2026-05-26T04:25:35.1167081Z",
          "eventRecordID": "149916",
          "threadID": "0",
          "computer": "KS-01-012.arzw.local",
          "task": "0",
          "processID": "0",
          "severityValue": "ERROR",
          "providerName": "NETLOGON"
        }
      }
    },
    "rule": {
      "firedtimes": 26,
      "mail": false,
      "level": 5,
      "description": "Windows System error event",
      "groups": [
        "windows",
        "windows_system",
        "system_error"
      ],
      "id": "61102",
      "gpg13": [
        "4.3"
      ],
      "gdpr": [
        "IV_35.7.d"
      ]
    },
    "location": "EventChannel",
    "decoder": {
      "name": "windows_eventchannel"
    },
    "id": "1779769544.3888819",
    "timestamp": "2026-05-26T04:25:44.560+0000"
  },
  {
    "input": {
      "type": "log"
    },
    "agent": {
      "ip": "172.21.4.213",
      "name": "KS-01-012",
      "id": "110"
    },
    "manager": {
      "name": "wazuh.manager"
    },
    "data": {
      "win": {
        "eventdata": {
          "binary": "49006E00740065006C0041007500640069006F0053006500720076006900630065000000",
          "param1": "IntelAudioService",
          "param2": "%%0"
        },
        "system": {
          "eventID": "7024",
          "eventSourceName": "Service Control Manager",
          "keywords": "0x8080000000000000",
          "providerGuid": "{555908d1-a6d7-4695-8e1e-26931d2012f4}",
          "level": "2",
          "channel": "System",
          "opcode": "0",
          "message": "\"Der Dienst \"IntelAudioService\" wurde mit dem folgenden dienstspezifischen Fehler beendet: \r\nDer Vorgang wurde erfolgreich beendet.\"",
          "version": "0",
          "systemTime": "2026-05-26T04:25:33.4606328Z",
          "eventRecordID": "149915",
          "threadID": "2228",
          "computer": "KS-01-012.arzw.local",
          "task": "0",
          "processID": "1004",
          "severityValue": "ERROR",
          "providerName": "Service Control Manager"
        }
      }
    },
    "rule": {
      "firedtimes": 25,
      "mail": false,
      "level": 5,
      "description": "Windows System error event",
      "groups": [
        "windows",
        "windows_system",
        "system_error"
      ],
      "id": "61102",
      "gpg13": [
        "4.3"
      ],
      "gdpr": [
        "IV_35.7.d"
      ]
    },
    "location": "EventChannel",
    "decoder": {
      "name": "windows_eventchannel"
    },
    "id": "1779769544.3887018",
    "timestamp": "2026-05-26T04:25:44.554+0000"
  },
  {
    "input": {
      "type": "log"
    },
    "agent": {
      "ip": "172.21.4.213",
      "name": "KS-01-012",
      "id": "110"
    },
    "manager": {
      "name": "wazuh.manager"
    },
    "data": {
      "win": {
        "eventdata": {
          "data": "1586422172699494035, 5, BEX64, Nicht verfügbar, 0, Synology Active Backup for Business Service.exe, 0.0.0.0, 69b55f28, Synology Active Backup for Business Service.exe, 0.0.0.0, 69b55f28, 000000000021af29, c0000409, 0000000000000007,   \\\\\\\\?\\\\C:\\\\ProgramData\\\\Microsoft\\\\Windows\\\\WER\\\\Temp\\\\WER2E63.tmp.WERInternalMetadata.xml, \\\\\\\\?\\\\C:\\\\ProgramData\\\\Microsoft\\\\Windows\\\\WER\\\\ReportArchive\\\\AppCrash_Synology Active _bc90c267b33c71399ba3aab45f3723ef69e0b468_3bb58b13_c1e92603-4822-43db-9a4e-5fac4a68b578, 0, 94ec097b-497f-4ce4-be84-0c83341b463b, 268435456, c277995ad13d839ed6041a8f938e8693, 0"
        },
        "system": {
          "eventID": "1001",
          "keywords": "0x80000000000000",
          "level": "4",
          "channel": "Application",
          "opcode": "0",
          "message": "\"Fehlerbucket 1586422172699494035, Typ 5\r\nEreignisname: BEX64\r\nAntwort: Nicht verfügbar\r\nCAB-Datei-ID: 0\r\n\r\nProblemsignatur:\r\nP1: Synology Active Backup for Business Service.exe\r\nP2: 0.0.0.0\r\nP3: 69b55f28\r\nP4: Synology Active Backup for Business Service.exe\r\nP5: 0.0.0.0\r\nP6: 69b55f28\r\nP7: 000000000021af29\r\nP8: c0000409\r\nP9: 0000000000000007\r\nP10: \r\n\r\nAngefügte Dateien:\r\n\\\\?\\C:\\ProgramData\\Microsoft\\Windows\\WER\\Temp\\WER2E63.tmp.WERInternalMetadata.xml\r\n\r\nDiese Dateien befinden sich möglicherweise hier:\r\n\\\\?\\C:\\ProgramData\\Microsoft\\Windows\\WER\\ReportArchive\\AppCrash_Synology Active _bc90c267b33c71399ba3aab45f3723ef69e0b468_3bb58b13_c1e92603-4822-43db-9a4e-5fac4a68b578\r\n\r\nAnalysesymbol: \r\nEs wird erneut nach einer Lösung gesucht: 0\r\nBerichts-ID: 94ec097b-497f-4ce4-be84-0c83341b463b\r\nBerichtstatus: 268435456\r\nBucket mit Hash: c277995ad13d839ed6041a8f938e8693\r\nCAB-Datei-Guid: 0\"",
          "version": "0",
          "systemTime": "2026-05-26T04:25:40.0081131Z",
          "eventRecordID": "145273",
          "threadID": "0",
          "computer": "KS-01-012.arzw.local",
          "task": "0",
          "processID": "0",
          "severityValue": "INFORMATION",
          "providerName": "Windows Error Reporting"
        }
      }
    },
    "rule": {
      "firedtimes": 23,
      "mail": false,
      "level": 4,
      "description": "Summary event of the report's signatures.",
      "groups": [
        "windows",
        "windows_application"
      ],
      "id": "60608"
    },
    "location": "EventChannel",
    "decoder": {
      "name": "windows_eventchannel"
    },
    "id": "1779769544.3882893",
    "timestamp": "2026-05-26T04:25:44.513+0000"
  },
  {
    "input": {
      "type": "log"
    },
    "agent": {
      "ip": "172.21.4.213",
      "name": "KS-01-012",
      "id": "110"
    },
    "manager": {
      "name": "wazuh.manager"
    },
    "data": {
      "win": {
        "eventdata": {
          "extraInfo": " "
        },
        "system": {
          "eventID": "1003",
          "eventSourceName": "Windows Search Service",
          "keywords": "0x80000000000000",
          "providerGuid": "{CA4E628D-8567-4896-AB6B-835B221F373F}",
          "level": "4",
          "channel": "Application",
          "opcode": "0",
          "message": "\"Windows Search wurde gestartet.\n\"",
          "version": "0",
          "systemTime": "2026-05-26T04:25:34.2105536Z",
          "eventRecordID": "145261",
          "threadID": "0",
          "computer": "KS-01-012.arzw.local",
          "task": "1",
          "processID": "0",
          "severityValue": "INFORMATION",
          "providerName": "Microsoft-Windows-Search"
        }
      }
    },
    "rule": {
      "firedtimes": 3,
      "mail": false,
      "level": 3,
      "description": "The Windows search service started.",
      "groups": [
        "windows",
        "windows_application"
      ],
      "id": "60668"
    },
    "location": "EventChannel",
    "decoder": {
      "name": "windows_eventchannel"
    },
    "id": "1779769544.3881555",
    "timestamp": "2026-05-26T04:25:44.333+0000"
  },
  {
    "input": {
      "type": "log"
    },
    "agent": {
      "ip": "172.21.4.213",
      "name": "KS-01-012",
      "id": "110"
    },
    "manager": {
      "name": "wazuh.manager"
    },
    "data": {
      "win": {
        "eventdata": {
          "data": "SearchIndexer, 8332,D,50, Windows:, 1, C:\\\\ProgramData\\\\Microsoft\\\\Search\\\\Data\\\\Applications\\\\Windows\\\\Windows.edb, 0,  [1] 0.000003 +J(0) +M(C:0K, Fs:1, WS:4K # 0K, PF:0K # 0K, P:0K) [2] 0.010166 -0.000102 (1) WT +J(0) +M(C:0K, Fs:26, WS:40K # 0K, PF:32K # 0K, P:32K) [3] 0.016298 -0.012073 (7) WT +J(CM:0, PgRf:0, Rd:0/0, Dy:0/0, Lg:3480/2) +M(C:0K, Fs:99, WS:356K # 0K, PF:352K # 0K, P:352K) [4] 0.139685 +J(0) +M(C:0K, Fs:1, WS:4K # 0K, PF:0K # 0K, P:0K) [5] - [6] - [7] - [8] 0.001093 -0.000443 (2) CM +J(CM:2, PgRf:2, Rd:14/2, Dy:0/0, Lg:54/1) +M(C:0K, Fs:56, WS:220K # 36K, PF:720K # 212K, P:720K) [9] 0.015479 -0.000107 (5) CM -0.015206 (1) WT +J(CM:5, PgRf:23, Rd:0/5, Dy:0/0, Lg:0/0) +M(C:0K, Fs:72, WS:288K # 288K, PF:256K # 256K, P:256K) [10] 0.000147 -0.000071 (1) CM +J(CM:1, PgRf:40, Rd:0/1, Dy:0/0, Lg:0/0) +M(C:0K, Fs:9, WS:36K # 36K, PF:96K # 96K, P:96K) [11] 0.000008 +J(CM:0, PgRf:1, Rd:0/0, Dy:0/0, Lg:0/0) +M(C:0K, Fs:2, WS:8K # 8K, PF:0K # 0K, P:0K) [12] 0.000025 +J(CM:0, PgRf:42, Rd:0/0, Dy:0/0, Lg:0/0) +M(C:0K, Fs:3, WS:12K # 12K, PF:0K # 0K, P:0K) [13] 0.0 +J(0) [14] 0.0 +J(0) [15] 0.000002 +J(CM:0, PgRf:1, Rd:0/0, Dy:0/0, Lg:0/0)., 0 0, lgposAttach = 0000E1CE:00EA:0268, dbv = 1568.110.240"
        },
        "system": {
          "eventID": "326",
          "keywords": "0x80000000000000",
          "level": "4",
          "channel": "Application",
          "opcode": "0",
          "message": "\"SearchIndexer (8332,D,50) Windows: The database engine attached a database (1, C:\\ProgramData\\Microsoft\\Search\\Data\\Applications\\Windows\\Windows.edb). (Time=0 seconds) \r\n \r\nSaved Cache: 0 0 \r\nAdditional Data: lgposAttach = 0000E1CE:00EA:0268,\ndbv = 1568.110.240 \r\n \r\nInternal Timing Sequence: \n[1] 0.000003 +J(0) +M(C:0K, Fs:1, WS:4K # 0K, PF:0K # 0K, P:0K)\n[2] 0.010166 -0.000102 (1) WT +J(0) +M(C:0K, Fs:26, WS:40K # 0K, PF:32K # 0K, P:32K)\n[3] 0.016298 -0.012073 (7) WT +J(CM:0, PgRf:0, Rd:0/0, Dy:0/0, Lg:3480/2) +M(C:0K, Fs:99, WS:356K # 0K, PF:352K # 0K, P:352K)\n[4] 0.139685 +J(0) +M(C:0K, Fs:1, WS:4K # 0K, PF:0K # 0K, P:0K)\n[5] -\n[6] -\n[7] -\n[8] 0.001093 -0.000443 (2) CM +J(CM:2, PgRf:2, Rd:14/2, Dy:0/0, Lg:54/1) +M(C:0K, Fs:56, WS:220K # 36K, PF:720K # 212K, P:720K)\n[9] 0.015479 -0.000107 (5) CM -0.015206 (1) WT +J(CM:5, PgRf:23, Rd:0/5, Dy:0/0, Lg:0/0) +M(C:0K, Fs:72, WS:288K # 288K, PF:256K # 256K, P:256K)\n[10] 0.000147 -0.000071 (1) CM +J(CM:1, PgRf:40, Rd:0/1, Dy:0/0, Lg:0/0) +M(C:0K, Fs:9, WS:36K # 36K, PF:96K # 96K, P:96K)\n[11] 0.000008 +J(CM:0, PgRf:1, Rd:0/0, Dy:0/0, Lg:0/0) +M(C:0K, Fs:2, WS:8K # 8K, PF:0K # 0K, P:0K)\n[12] 0.000025 +J(CM:0, PgRf:42, Rd:0/0, Dy:0/0, Lg:0/0) +M(C:0K, Fs:3, WS:12K # 12K, PF:0K # 0K, P:0K)\n[13] 0.0 +J(0)\n[14] 0.0 +J(0)\n[15] 0.000002 +J(CM:0, PgRf:1, Rd:0/0, Dy:0/0, Lg:0/0).\"",
          "version": "0",
          "systemTime": "2026-05-26T04:25:34.0386970Z",
          "eventRecordID": "145260",
          "threadID": "0",
          "computer": "KS-01-012.arzw.local",
          "task": "1",
          "processID": "0",
          "severityValue": "INFORMATION",
          "providerName": "ESENT"
        }
      }
    },
    "rule": {
      "firedtimes": 5,
      "mail": false,
      "level": 3,
      "description": "The database engine attached a database.",
      "groups": [
        "windows",
        "windows_application"
      ],
      "id": "60798"
    },
    "location": "EventChannel",
    "decoder": {
      "name": "windows_eventchannel"
    },
    "id": "1779769544.3875384",
    "timestamp": "2026-05-26T04:25:44.319+0000"
  },
  {
    "input": {
      "type": "log"
    },
    "agent": {
      "ip": "172.21.4.213",
      "name": "KS-01-012",
      "id": "110"
    },
    "manager": {
      "name": "wazuh.manager"
    },
    "data": {
      "win": {
        "eventdata": {
          "data": "SearchIndexer, 8332,P,98, Windows:, 0, 10, 00, 19045, 0000"
        },
        "system": {
          "eventID": "102",
          "keywords": "0x80000000000000",
          "level": "4",
          "channel": "Application",
          "opcode": "0",
          "message": "\"SearchIndexer (8332,P,98) Windows: Das Datenbankmodul (10.00.19045.0000) startet eine neue Instanz (0).\"",
          "version": "0",
          "systemTime": "2026-05-26T04:25:33.8043469Z",
          "eventRecordID": "145258",
          "threadID": "0",
          "computer": "KS-01-012.arzw.local",
          "task": "1",
          "processID": "0",
          "severityValue": "INFORMATION",
          "providerName": "ESENT"
        }
      }
    },
    "rule": {
      "firedtimes": 5,
      "mail": false,
      "level": 3,
      "description": "The database engine is starting a new instance.",
      "groups": [
        "windows",
        "windows_application"
      ],
      "id": "60805"
    },
    "location": "EventChannel",
    "decoder": {
      "name": "windows_eventchannel"
    },
    "id": "1779769544.3874043",
    "timestamp": "2026-05-26T04:25:44.302+0000"
  },
  {
    "input": {
      "type": "log"
    },
    "agent": {
      "ip": "172.21.4.213",
      "name": "KS-01-012",
      "id": "110"
    },
    "manager": {
      "name": "wazuh.manager"
    },
    "data": {
      "extra_data": "KS-01-012->any"
    },
    "rule": {
      "firedtimes": 3,
      "mail": false,
      "level": 3,
      "pci_dss": [
        "10.6.1",
        "10.2.6"
      ],
      "hipaa": [
        "164.312.b"
      ],
      "tsc": [
        "CC7.2",
        "CC7.3",
        "CC6.8"
      ],
      "description": "Wazuh agent started.",
      "groups": [
        "ossec"
      ],
      "id": "503",
      "nist_800_53": [
        "AU.6",
        "AU.14",
        "AU.5"
      ],
      "gpg13": [
        "10.1"
      ],
      "gdpr": [
        "IV_35.7.d"
      ]
    },
    "location": "wazuh-agent",
    "decoder": {
      "parent": "ossec",
      "name": "ossec"
    },
    "id": "1779769543.3873714",
    "full_log": "ossec: Agent started: 'KS-01-012->any'.",
    "timestamp": "2026-05-26T04:25:43.909+0000"
  }
]