  {
    "input": {
      "type": "log"
    },
    "agent": {
      "ip": "172.21.5.119",
      "name": "KS_05_005",
      "id": "021"
    },
    "manager": {
      "name": "wazuh.manager"
    },
    "data": {
      "win": {
        "eventdata": {
          "targetLogonId": "0x138da91",
          "targetUserName": "KS_05_005$",
          "targetDomainName": "ARZW",
          "targetUserSid": "S-1-5-18",
          "logonType": "3"
        },
        "system": {
          "eventID": "4634",
          "keywords": "0x8020000000000000",
          "providerGuid": "{54849625-5478-4994-a5ba-3e3b0328c30d}",
          "level": "0",
          "channel": "Security",
          "opcode": "0",
          "message": "\"Ein Konto wurde abgemeldet.\r\n\r\nAntragsteller:\r\n\tSicherheits-ID:\t\tS-1-5-18\r\n\tKontoname:\t\tKS_05_005$\r\n\tKontodomäne:\t\tARZW\r\n\tAnmelde-ID:\t\t0x138DA91\r\n\r\nAnmeldetyp:\t\t\t3\r\n\r\nDieses Ereignis wird generiert, wenn eine Anmeldesitzung zerstört wird. Es kann anhand des Wertes der Anmelde-ID positiv mit einem Anmeldeereignis korreliert werden. Anmelde-IDs sind nur zwischen Neustarts auf demselben Computer eindeutig.\"",
          "version": "0",
          "systemTime": "2026-05-26T05:42:37.4964924Z",
          "eventRecordID": "1576154",
          "threadID": "1076",
          "computer": "KS_05_005.arzw.local",
          "task": "12545",
          "processID": "984",
          "severityValue": "AUDIT_SUCCESS",
          "providerName": "Microsoft-Windows-Security-Auditing"
        }
      }
    },
    "rule": {
      "firedtimes": 54,
      "mail": false,
      "level": 3,
      "pci_dss": [
        "10.2.5"
      ],
      "hipaa": [
        "164.312.b"
      ],
      "tsc": [
        "CC6.8",
        "CC7.2",
        "CC7.3"
      ],
      "description": "Windows User Logoff",
      "groups": [
        "windows",
        "windows_security"
      ],
      "id": "60137",
      "nist_800_53": [
        "AU.14",
        "AC.7"
      ],
      "gdpr": [
        "IV_32.2"
      ]
    },
    "location": "EventChannel",
    "decoder": {
      "name": "windows_eventchannel"
    },
    "id": "1779774158.10430586",
    "timestamp": "2026-05-26T05:42:38.267+0000"
  },
  {
    "input": {
      "type": "log"
    },
    "agent": {
      "ip": "172.21.5.119",
      "name": "KS_05_005",
      "id": "021"
    },
    "manager": {
      "name": "wazuh.manager"
    },
    "data": {
      "win": {
        "eventdata": {
          "subjectLogonId": "0x0",
          "targetLinkedLogonId": "0x0",
          "impersonationLevel": "%%1833",
          "ipAddress": "::1",
          "authenticationPackageName": "Kerberos",
          "targetLogonId": "0x138da91",
          "logonProcessName": "Kerberos",
          "logonGuid": "{fc35c607-3fef-f0f4-6157-03379211ce1b}",
          "targetUserName": "KS_05_005$",
          "keyLength": "0",
          "elevatedToken": "%%1842",
          "subjectUserSid": "S-1-0-0",
          "processId": "0x0",
          "ipPort": "0",
          "targetDomainName": "ARZW.LOCAL",
          "targetUserSid": "S-1-5-18",
          "virtualAccount": "%%1843",
          "logonType": "3"
        },
        "system": {
          "eventID": "4624",
          "keywords": "0x8020000000000000",
          "providerGuid": "{54849625-5478-4994-a5ba-3e3b0328c30d}",
          "level": "0",
          "channel": "Security",
          "opcode": "0",
          "message": "\"Ein Konto wurde erfolgreich angemeldet.\r\n\r\nAntragsteller:\r\n\tSicherheits-ID:\t\tS-1-0-0\r\n\tKontoname:\t\t-\r\n\tKontodomäne:\t\t-\r\n\tAnmelde-ID:\t\t0x0\r\n\r\nAnmeldeinformationen:\r\n\tAnmeldetyp:\t\t3\r\n\tEingeschränkter Administratormodus:\t-\r\n\tRemote Credential Guard:\t-\r\n\tVirtuelles Konto:\t\tNein\r\n\tToken mit erhöhten Rechten:\t\tJa\r\n\r\nIdentitätswechselebene:\t\tIdentitätswechsel\r\n\r\nNeue Anmeldung:\r\n\tSicherheits-ID:\t\tS-1-5-18\r\n\tKontoname:\t\tKS_05_005$\r\n\tKontodomäne:\t\tARZW.LOCAL\r\n\tAnmelde-ID:\t\t0x138DA91\r\n\tVerknüpfte Anmelde-ID:\t\t0x0\r\n\tNetzwerk-Kontoname:\t-\r\n\tNetzwerk-Kontodomäne:\t-\r\n\tAnmelde-GUID:\t\t{fc35c607-3fef-f0f4-6157-03379211ce1b}\r\n\r\nProzessinformationen:\r\n\tProzess-ID:\t\t0x0\r\n\tProzessname:\t\t-\r\n\r\nNetzwerkinformationen:\r\n\tArbeitsstationsname:\t-\r\n\tQuellnetzwerkadresse:\t::1\r\n\tQuellport:\t\t0\r\n\r\nDetaillierte Authentifizierungsinformationen:\r\n\tAnmeldeprozess:\t\tKerberos\r\n\tAuthentifizierungspaket:\tKerberos\r\n\tÜbertragene Dienste:\t-\r\n\tPaketname (nur NTLM):\t-\r\n\tSchlüssellänge:\t\t0\r\n\r\nDieses Ereignis wird beim Erstellen einer Anmeldesitzung generiert. Es wird auf dem Computer generiert, auf den zugegriffen wurde.\r\n\r\nDie Antragstellerfelder geben das Konto auf dem lokalen System an, von dem die Anmeldung angefordert wurde. Dies ist meistens ein Dienst wie der Serverdienst oder ein lokaler Prozess wie Winlogon.exe oder Services.exe.\r\n\r\nDas Anmeldetypfeld gibt den jeweiligen Anmeldetyp an. Die häufigsten Typen sind 2 (interaktiv) und 3 (Netzwerk).\r\n\r\nDie Felder für die neue Anmeldung geben das Konto an, für das die neue Anmeldung erstellt wurde, d. h. das angemeldete Konto.\r\n\r\nDie Netzwerkfelder geben den Ursprung einer Remoteanmeldeanforderung an. Der Arbeitsstationsname ist nicht immer verfügbar und kann in manchen Fällen leer bleiben.\r\n\r\nDas Feld für die Identitätswechselebene gibt an, in welchem Umfang ein Prozess in der Anmeldesitzung einen Identitätswechsel vornehmen kann.\r\n\r\nDie Felder für die Authentifizierungsinformationen enthalten detaillierte Informationen zu dieser spezifische Anmeldeanforderung.\r\n\t– Die Anmelde-GUID ist ein eindeutiger Bezeichner, der verwendet werden kann, um dieses Ereignis mit einem KDC-Ereignis zu korrelieren.\r\n\t– Die übertragenen Dienste geben an, welche Zwischendienste an der Anmeldeanforderung beteiligt waren.\r\n\t– Der Paketname gibt das in den NTLM-Protokollen verwendete Unterprotokoll an.\r\n\t– Die Schlüssellänge gibt die Länge des generierten Sitzungsschlüssels an. Wenn kein Sitzungsschlüssel angefordert wurde, ist dieser Wert 0.\"",
          "version": "3",
          "systemTime": "2026-05-26T05:42:37.2096689Z",
          "eventRecordID": "1576153",
          "threadID": "10748",
          "computer": "KS_05_005.arzw.local",
          "task": "12544",
          "processID": "984",
          "severityValue": "AUDIT_SUCCESS",
          "providerName": "Microsoft-Windows-Security-Auditing"
        }
      }
    },
    "rule": {
      "mail": false,
      "level": 3,
      "pci_dss": [
        "10.2.5"
      ],
      "hipaa": [
        "164.312.b"
      ],
      "tsc": [
        "CC6.8",
        "CC7.2",
        "CC7.3"
      ],
      "description": "Windows Logon Success",
      "groups": [
        "windows",
        "windows_security",
        "authentication_success"
      ],
      "nist_800_53": [
        "AU.14",
        "AC.9"
      ],
      "gdpr": [
        "IV_32.2"
      ],
      "firedtimes": 53,
      "mitre": {
        "technique": [
          "Valid Accounts"
        ],
        "id": [
          "T1078"
        ],
        "tactic": [
          "Defense Evasion",
          "Persistence",
          "Privilege Escalation",
          "Initial Access"
        ]
      },
      "id": "60106",
      "gpg13": [
        "7.1",
        "7.2"
      ]
    },
    "location": "EventChannel",
    "decoder": {
      "name": "windows_eventchannel"
    },
    "id": "1779774158.10422910",
    "timestamp": "2026-05-26T05:42:38.254+0000"
  },
  {
    "input": {
      "type": "log"
    },
    "agent": {
      "ip": "172.21.5.119",
      "name": "KS_05_005",
      "id": "021"
    },
    "manager": {
      "name": "wazuh.manager"
    },
    "data": {
      "win": {
        "eventdata": {
          "callerProcessId": "11692",
          "errorState": "10013",
          "type": "Client",
          "callerProcessImageName": "svchost"
        },
        "system": {
          "eventID": "36871",
          "keywords": "0x8000000000000000",
          "providerGuid": "{1f678132-5938-4686-9fdc-c8ff68f15c85}",
          "level": "2",
          "channel": "System",
          "opcode": "0",
          "message": "\"Schwer wiegender Fehler beim Erstellen einer TLS-Client Anmelde Informationen. Der interne Fehler Status ist 10013. \r\n der SSPI-Client Prozess svchost (PID: 11692). \"",
          "version": "0",
          "systemTime": "2026-05-26T05:29:00.8421415Z",
          "eventRecordID": "95679",
          "threadID": "8016",
          "computer": "KS_05_005.arzw.local",
          "task": "0",
          "processID": "984",
          "severityValue": "ERROR",
          "providerName": "Schannel"
        }
      }
    },
    "rule": {
      "firedtimes": 38,
      "mail": false,
      "level": 5,
      "description": "Windows System error event",
      "groups": [
        "windows",
        "windows_system",
        "system_error"
      ],
      "id": "61102",
      "gpg13": [
        "4.3"
      ],
      "gdpr": [
        "IV_35.7.d"
      ]
    },
    "location": "EventChannel",
    "decoder": {
      "name": "windows_eventchannel"
    },
    "id": "1779773341.9666048",
    "timestamp": "2026-05-26T05:29:01.115+0000"
  },
  {
    "input": {
      "type": "log"
    },
    "agent": {
      "ip": "172.21.5.119",
      "name": "KS_05_005",
      "id": "021"
    },
    "manager": {
      "name": "wazuh.manager"
    },
    "data": {
      "win": {
        "eventdata": {
          "callerProcessId": "11692",
          "errorState": "10013",
          "type": "Client",
          "callerProcessImageName": "svchost"
        },
        "system": {
          "eventID": "36871",
          "keywords": "0x8000000000000000",
          "providerGuid": "{1f678132-5938-4686-9fdc-c8ff68f15c85}",
          "level": "2",
          "channel": "System",
          "opcode": "0",
          "message": "\"Schwer wiegender Fehler beim Erstellen einer TLS-Client Anmelde Informationen. Der interne Fehler Status ist 10013. \r\n der SSPI-Client Prozess svchost (PID: 11692). \"",
          "version": "0",
          "systemTime": "2026-05-26T05:29:00.5839028Z",
          "eventRecordID": "95678",
          "threadID": "8016",
          "computer": "KS_05_005.arzw.local",
          "task": "0",
          "processID": "984",
          "severityValue": "ERROR",
          "providerName": "Schannel"
        }
      }
    },
    "rule": {
      "firedtimes": 37,
      "mail": false,
      "level": 5,
      "description": "Windows System error event",
      "groups": [
        "windows",
        "windows_system",
        "system_error"
      ],
      "id": "61102",
      "gpg13": [
        "4.3"
      ],
      "gdpr": [
        "IV_35.7.d"
      ]
    },
    "location": "EventChannel",
    "decoder": {
      "name": "windows_eventchannel"
    },
    "id": "1779773341.9664356",
    "timestamp": "2026-05-26T05:29:01.114+0000"
  },
  {
    "input": {
      "type": "log"
    },
    "agent": {
      "ip": "172.21.5.119",
      "name": "KS_05_005",
      "id": "021"
    },
    "manager": {
      "name": "wazuh.manager"
    },
    "data": {
      "win": {
        "eventdata": {
          "data": "2126-05-02T05:23:08Z, RulesEngine"
        },
        "system": {
          "eventID": "16384",
          "eventSourceName": "Software Protection Platform Service",
          "keywords": "0x80000000000000",
          "providerGuid": "{E23B33B0-C8C9-472C-A5F9-F2BDFEA0F156}",
          "level": "4",
          "channel": "Application",
          "opcode": "0",
          "message": "\"Der Softwareschutzdienst wurde erfolgreich für den erneuten Start bei 2126-05-02T05:23:08Z geplant. Grund: RulesEngine.\"",
          "version": "0",
          "systemTime": "2026-05-26T05:23:08.7569396Z",
          "eventRecordID": "85962",
          "threadID": "0",
          "computer": "KS_05_005.arzw.local",
          "task": "0",
          "processID": "11936",
          "severityValue": "INFORMATION",
          "providerName": "Microsoft-Windows-Security-SPP"
        }
      }
    },
    "rule": {
      "firedtimes": 52,
      "mail": false,
      "level": 3,
      "description": "Software protection service scheduled successfully.",
      "groups": [
        "windows",
        "windows_application"
      ],
      "id": "60642"
    },
    "location": "EventChannel",
    "decoder": {
      "name": "windows_eventchannel"
    },
    "id": "1779772988.8833577",
    "timestamp": "2026-05-26T05:23:08.801+0000"
  },
  {
    "input": {
      "type": "log"
    },
    "agent": {
      "ip": "172.21.5.119",
      "name": "KS_05_005",
      "id": "021"
    },
    "manager": {
      "name": "wazuh.manager"
    },
    "data": {
      "win": {
        "eventdata": {
          "data": "2126-05-02T05:17:47Z, RulesEngine"
        },
        "system": {
          "eventID": "16384",
          "eventSourceName": "Software Protection Platform Service",
          "keywords": "0x80000000000000",
          "providerGuid": "{E23B33B0-C8C9-472C-A5F9-F2BDFEA0F156}",
          "level": "4",
          "channel": "Application",
          "opcode": "0",
          "message": "\"Der Softwareschutzdienst wurde erfolgreich für den erneuten Start bei 2126-05-02T05:17:47Z geplant. Grund: RulesEngine.\"",
          "version": "0",
          "systemTime": "2026-05-26T05:17:47.3692425Z",
          "eventRecordID": "85960",
          "threadID": "0",
          "computer": "KS_05_005.arzw.local",
          "task": "0",
          "processID": "17052",
          "severityValue": "INFORMATION",
          "providerName": "Microsoft-Windows-Security-SPP"
        }
      }
    },
    "rule": {
      "firedtimes": 38,
      "mail": false,
      "level": 3,
      "description": "Software protection service scheduled successfully.",
      "groups": [
        "windows",
        "windows_application"
      ],
      "id": "60642"
    },
    "location": "EventChannel",
    "decoder": {
      "name": "windows_eventchannel"
    },
    "id": "1779772667.8345366",
    "timestamp": "2026-05-26T05:17:47.412+0000"
  },
  {
    "input": {
      "type": "log"
    },
    "agent": {
      "ip": "172.21.5.119",
      "name": "KS_05_005",
      "id": "021"
    },
    "manager": {
      "name": "wazuh.manager"
    },
    "data": {
      "win": {
        "eventdata": {
          "param3": "Manuell starten",
          "param4": "BITS",
          "param1": "Background Intelligent Transfer Service",
          "param2": "Automatisch starten"
        },
        "system": {
          "eventID": "7040",
          "eventSourceName": "Service Control Manager",
          "keywords": "0x8080000000000000",
          "providerGuid": "{555908d1-a6d7-4695-8e1e-26931d2012f4}",
          "level": "4",
          "channel": "System",
          "opcode": "0",
          "message": "\"Der Starttyp des Diensts \"Background Intelligent Transfer Service\" wurde von Automatisch starten in Manuell starten geändert.\"",
          "version": "0",
          "systemTime": "2026-05-26T05:13:32.2600903Z",
          "eventRecordID": "95667",
          "threadID": "4784",
          "computer": "KS_05_005.arzw.local",
          "task": "0",
          "processID": "860",
          "severityValue": "INFORMATION",
          "providerName": "Service Control Manager"
        }
      }
    },
    "rule": {
      "firedtimes": 19,
      "mail": false,
      "level": 3,
      "pci_dss": [
        "10.6"
      ],
      "hipaa": [
        "164.312.b"
      ],
      "tsc": [
        "CC6.1",
        "CC6.8",
        "CC7.2",
        "CC7.3"
      ],
      "description": "Service startup type was changed",
      "groups": [
        "windows",
        "windows_system",
        "policy_changed"
      ],
      "id": "61104",
      "nist_800_53": [
        "AU.6"
      ],
      "info": "This does not appear to be logged on Windows 2000",
      "gdpr": [
        "IV_35.7.d"
      ]
    },
    "location": "EventChannel",
    "decoder": {
      "name": "windows_eventchannel"
    },
    "id": "1779772412.7974823",
    "timestamp": "2026-05-26T05:13:32.573+0000"
  },
  {
    "input": {
      "type": "log"
    },
    "agent": {
      "ip": "172.21.5.119",
      "name": "KS_05_005",
      "id": "021"
    },
    "manager": {
      "name": "wazuh.manager"
    },
    "data": {
      "win": {
        "eventdata": {
          "param3": "Automatisch starten",
          "param4": "BITS",
          "param1": "Background Intelligent Transfer Service",
          "param2": "Manuell starten"
        },
        "system": {
          "eventID": "7040",
          "eventSourceName": "Service Control Manager",
          "keywords": "0x8080000000000000",
          "providerGuid": "{555908d1-a6d7-4695-8e1e-26931d2012f4}",
          "level": "4",
          "channel": "System",
          "opcode": "0",
          "message": "\"Der Starttyp des Diensts \"Background Intelligent Transfer Service\" wurde von Manuell starten in Automatisch starten geändert.\"",
          "version": "0",
          "systemTime": "2026-05-26T05:11:27.5515466Z",
          "eventRecordID": "95666",
          "threadID": "6428",
          "computer": "KS_05_005.arzw.local",
          "task": "0",
          "processID": "860",
          "severityValue": "INFORMATION",
          "providerName": "Service Control Manager"
        }
      }
    },
    "rule": {
      "firedtimes": 18,
      "mail": false,
      "level": 3,
      "pci_dss": [
        "10.6"
      ],
      "hipaa": [
        "164.312.b"
      ],
      "tsc": [
        "CC6.1",
        "CC6.8",
        "CC7.2",
        "CC7.3"
      ],
      "description": "Service startup type was changed",
      "groups": [
        "windows",
        "windows_system",
        "policy_changed"
      ],
      "id": "61104",
      "nist_800_53": [
        "AU.6"
      ],
      "info": "This does not appear to be logged on Windows 2000",
      "gdpr": [
        "IV_35.7.d"
      ]
    },
    "location": "EventChannel",
    "decoder": {
      "name": "windows_eventchannel"
    },
    "id": "1779772288.7188707",
    "timestamp": "2026-05-26T05:11:28.055+0000"
  },
  {
    "input": {
      "type": "log"
    },
    "agent": {
      "ip": "172.21.5.119",
      "name": "KS_05_005",
      "id": "021"
    },
    "manager": {
      "name": "wazuh.manager"
    },
    "data": {
      "win": {
        "eventdata": {
          "data": "2126-05-02T05:09:01Z, RulesEngine"
        },
        "system": {
          "eventID": "16384",
          "eventSourceName": "Software Protection Platform Service",
          "keywords": "0x80000000000000",
          "providerGuid": "{E23B33B0-C8C9-472C-A5F9-F2BDFEA0F156}",
          "level": "4",
          "channel": "Application",
          "opcode": "0",
          "message": "\"Der Softwareschutzdienst wurde erfolgreich für den erneuten Start bei 2126-05-02T05:09:01Z geplant. Grund: RulesEngine.\"",
          "version": "0",
          "systemTime": "2026-05-26T05:09:01.3872139Z",
          "eventRecordID": "85958",
          "threadID": "0",
          "computer": "KS_05_005.arzw.local",
          "task": "0",
          "processID": "4380",
          "severityValue": "INFORMATION",
          "providerName": "Microsoft-Windows-Security-SPP"
        }
      }
    },
    "rule": {
      "firedtimes": 18,
      "mail": false,
      "level": 3,
      "description": "Software protection service scheduled successfully.",
      "groups": [
        "windows",
        "windows_application"
      ],
      "id": "60642"
    },
    "location": "EventChannel",
    "decoder": {
      "name": "windows_eventchannel"
    },
    "id": "1779772141.7072881",
    "timestamp": "2026-05-26T05:09:01.433+0000"
  },
  {
    "input": {
      "type": "log"
    },
    "agent": {
      "ip": "172.21.5.119",
      "name": "KS_05_005",
      "id": "021"
    },
    "manager": {
      "name": "wazuh.manager"
    },
    "data": {
      "win": {
        "eventdata": {
          "callerProcessId": "11692",
          "errorState": "10013",
          "type": "Client",
          "callerProcessImageName": "svchost"
        },
        "system": {
          "eventID": "36871",
          "keywords": "0x8000000000000000",
          "providerGuid": "{1f678132-5938-4686-9fdc-c8ff68f15c85}",
          "level": "2",
          "channel": "System",
          "opcode": "0",
          "message": "\"Schwer wiegender Fehler beim Erstellen einer TLS-Client Anmelde Informationen. Der interne Fehler Status ist 10013. \r\n der SSPI-Client Prozess svchost (PID: 11692). \"",
          "version": "0",
          "systemTime": "2026-05-26T05:05:00.8042323Z",
          "eventRecordID": "95665",
          "threadID": "11844",
          "computer": "KS_05_005.arzw.local",
          "task": "0",
          "processID": "984",
          "severityValue": "ERROR",
          "providerName": "Schannel"
        }
      }
    },
    "rule": {
      "firedtimes": 9,
      "mail": false,
      "level": 5,
      "description": "Windows System error event",
      "groups": [
        "windows",
        "windows_system",
        "system_error"
      ],
      "id": "61102",
      "gpg13": [
        "4.3"
      ],
      "gdpr": [
        "IV_35.7.d"
      ]
    },
    "location": "EventChannel",
    "decoder": {
      "name": "windows_eventchannel"
    },
    "id": "1779771901.6970475",
    "timestamp": "2026-05-26T05:05:01.635+0000"
  },
  {
    "input": {
      "type": "log"
    },
    "agent": {
      "ip": "172.21.5.119",
      "name": "KS_05_005",
      "id": "021"
    },
    "manager": {
      "name": "wazuh.manager"
    },
    "data": {
      "win": {
        "eventdata": {
          "callerProcessId": "11692",
          "errorState": "10013",
          "type": "Client",
          "callerProcessImageName": "svchost"
        },
        "system": {
          "eventID": "36871",
          "keywords": "0x8000000000000000",
          "providerGuid": "{1f678132-5938-4686-9fdc-c8ff68f15c85}",
          "level": "2",
          "channel": "System",
          "opcode": "0",
          "message": "\"Schwer wiegender Fehler beim Erstellen einer TLS-Client Anmelde Informationen. Der interne Fehler Status ist 10013. \r\n der SSPI-Client Prozess svchost (PID: 11692). \"",
          "version": "0",
          "systemTime": "2026-05-26T05:05:00.5433160Z",
          "eventRecordID": "95664",
          "threadID": "11844",
          "computer": "KS_05_005.arzw.local",
          "task": "0",
          "processID": "984",
          "severityValue": "ERROR",
          "providerName": "Schannel"
        }
      }
    },
    "rule": {
      "firedtimes": 8,
      "mail": false,
      "level": 5,
      "description": "Windows System error event",
      "groups": [
        "windows",
        "windows_system",
        "system_error"
      ],
      "id": "61102",
      "gpg13": [
        "4.3"
      ],
      "gdpr": [
        "IV_35.7.d"
      ]
    },
    "location": "EventChannel",
    "decoder": {
      "name": "windows_eventchannel"
    },
    "id": "1779771901.6968781",
    "timestamp": "2026-05-26T05:05:01.594+0000"
  },
  {
    "input": {
      "type": "log"
    },
    "agent": {
      "ip": "172.21.5.119",
      "name": "KS_05_005",
      "id": "021"
    },
    "manager": {
      "name": "wazuh.manager"
    },
    "data": {
      "win": {
        "eventdata": {
          "param3": "Manuell starten",
          "param4": "BITS",
          "param1": "Background Intelligent Transfer Service",
          "param2": "Automatisch starten"
        },
        "system": {
          "eventID": "7040",
          "eventSourceName": "Service Control Manager",
          "keywords": "0x8080000000000000",
          "providerGuid": "{555908d1-a6d7-4695-8e1e-26931d2012f4}",
          "level": "4",
          "channel": "System",
          "opcode": "0",
          "message": "\"Der Starttyp des Diensts \"Background Intelligent Transfer Service\" wurde von Automatisch starten in Manuell starten geändert.\"",
          "version": "0",
          "systemTime": "2026-05-26T04:53:25.1726555Z",
          "eventRecordID": "95662",
          "threadID": "3864",
          "computer": "KS_05_005.arzw.local",
          "task": "0",
          "processID": "860",
          "severityValue": "INFORMATION",
          "providerName": "Service Control Manager"
        }
      }
    },
    "rule": {
      "firedtimes": 54,
      "mail": false,
      "level": 3,
      "pci_dss": [
        "10.6"
      ],
      "hipaa": [
        "164.312.b"
      ],
      "tsc": [
        "CC6.1",
        "CC6.8",
        "CC7.2",
        "CC7.3"
      ],
      "description": "Service startup type was changed",
      "groups": [
        "windows",
        "windows_system",
        "policy_changed"
      ],
      "id": "61104",
      "nist_800_53": [
        "AU.6"
      ],
      "info": "This does not appear to be logged on Windows 2000",
      "gdpr": [
        "IV_35.7.d"
      ]
    },
    "location": "EventChannel",
    "decoder": {
      "name": "windows_eventchannel"
    },
    "id": "1779771206.5547073",
    "timestamp": "2026-05-26T04:53:26.208+0000"
  },
  {
    "input": {
      "type": "log"
    },
    "agent": {
      "ip": "172.21.5.119",
      "name": "KS_05_005",
      "id": "021"
    },
    "manager": {
      "name": "wazuh.manager"
    },
    "data": {
      "win": {
        "eventdata": {
          "callerProcessId": "11692",
          "errorState": "10013",
          "type": "Client",
          "callerProcessImageName": "svchost"
        },
        "system": {
          "eventID": "36871",
          "keywords": "0x8000000000000000",
          "providerGuid": "{1f678132-5938-4686-9fdc-c8ff68f15c85}",
          "level": "2",
          "channel": "System",
          "opcode": "0",
          "message": "\"Schwer wiegender Fehler beim Erstellen einer TLS-Client Anmelde Informationen. Der interne Fehler Status ist 10013. \r\n der SSPI-Client Prozess svchost (PID: 11692). \"",
          "version": "0",
          "systemTime": "2026-05-26T04:53:00.8524182Z",
          "eventRecordID": "95661",
          "threadID": "8576",
          "computer": "KS_05_005.arzw.local",
          "task": "0",
          "processID": "984",
          "severityValue": "ERROR",
          "providerName": "Schannel"
        }
      }
    },
    "rule": {
      "firedtimes": 62,
      "mail": false,
      "level": 5,
      "description": "Windows System error event",
      "groups": [
        "windows",
        "windows_system",
        "system_error"
      ],
      "id": "61102",
      "gpg13": [
        "4.3"
      ],
      "gdpr": [
        "IV_35.7.d"
      ]
    },
    "location": "EventChannel",
    "decoder": {
      "name": "windows_eventchannel"
    },
    "id": "1779771181.5516861",
    "timestamp": "2026-05-26T04:53:01.655+0000"
  },
  {
    "input": {
      "type": "log"
    },
    "agent": {
      "ip": "172.21.5.119",
      "name": "KS_05_005",
      "id": "021"
    },
    "manager": {
      "name": "wazuh.manager"
    },
    "data": {
      "win": {
        "eventdata": {
          "callerProcessId": "11692",
          "errorState": "10013",
          "type": "Client",
          "callerProcessImageName": "svchost"
        },
        "system": {
          "eventID": "36871",
          "keywords": "0x8000000000000000",
          "providerGuid": "{1f678132-5938-4686-9fdc-c8ff68f15c85}",
          "level": "2",
          "channel": "System",
          "opcode": "0",
          "message": "\"Schwer wiegender Fehler beim Erstellen einer TLS-Client Anmelde Informationen. Der interne Fehler Status ist 10013. \r\n der SSPI-Client Prozess svchost (PID: 11692). \"",
          "version": "0",
          "systemTime": "2026-05-26T04:53:00.5870867Z",
          "eventRecordID": "95660",
          "threadID": "8576",
          "computer": "KS_05_005.arzw.local",
          "task": "0",
          "processID": "984",
          "severityValue": "ERROR",
          "providerName": "Schannel"
        }
      }
    },
    "rule": {
      "firedtimes": 61,
      "mail": false,
      "level": 5,
      "description": "Windows System error event",
      "groups": [
        "windows",
        "windows_system",
        "system_error"
      ],
      "id": "61102",
      "gpg13": [
        "4.3"
      ],
      "gdpr": [
        "IV_35.7.d"
      ]
    },
    "location": "EventChannel",
    "decoder": {
      "name": "windows_eventchannel"
    },
    "id": "1779771181.5515169",
    "timestamp": "2026-05-26T04:53:01.613+0000"
  },
  {
    "input": {
      "type": "log"
    },
    "agent": {
      "ip": "172.21.5.119",
      "name": "KS_05_005",
      "id": "021"
    },
    "manager": {
      "name": "wazuh.manager"
    },
    "data": {
      "win": {
        "eventdata": {
          "param3": "Automatisch starten",
          "param4": "BITS",
          "param1": "Background Intelligent Transfer Service",
          "param2": "Manuell starten"
        },
        "system": {
          "eventID": "7040",
          "eventSourceName": "Service Control Manager",
          "keywords": "0x8080000000000000",
          "providerGuid": "{555908d1-a6d7-4695-8e1e-26931d2012f4}",
          "level": "4",
          "channel": "System",
          "opcode": "0",
          "message": "\"Der Starttyp des Diensts \"Background Intelligent Transfer Service\" wurde von Manuell starten in Automatisch starten geändert.\"",
          "version": "0",
          "systemTime": "2026-05-26T04:49:12.9775146Z",
          "eventRecordID": "95658",
          "threadID": "10084",
          "computer": "KS_05_005.arzw.local",
          "task": "0",
          "processID": "860",
          "severityValue": "INFORMATION",
          "providerName": "Service Control Manager"
        }
      }
    },
    "rule": {
      "firedtimes": 50,
      "mail": false,
      "level": 3,
      "pci_dss": [
        "10.6"
      ],
      "hipaa": [
        "164.312.b"
      ],
      "tsc": [
        "CC6.1",
        "CC6.8",
        "CC7.2",
        "CC7.3"
      ],
      "description": "Service startup type was changed",
      "groups": [
        "windows",
        "windows_system",
        "policy_changed"
      ],
      "id": "61104",
      "nist_800_53": [
        "AU.6"
      ],
      "info": "This does not appear to be logged on Windows 2000",
      "gdpr": [
        "IV_35.7.d"
      ]
    },
    "location": "EventChannel",
    "decoder": {
      "name": "windows_eventchannel"
    },
    "id": "1779770953.5294299",
    "timestamp": "2026-05-26T04:49:13.775+0000"
  },
  {
    "input": {
      "type": "log"
    },
    "agent": {
      "ip": "172.21.5.119",
      "name": "KS_05_005",
      "id": "021"
    },
    "manager": {
      "name": "wazuh.manager"
    },
    "data": {
      "win": {
        "eventdata": {
          "data": "2126-05-02T04:47:46Z, RulesEngine"
        },
        "system": {
          "eventID": "16384",
          "eventSourceName": "Software Protection Platform Service",
          "keywords": "0x80000000000000",
          "providerGuid": "{E23B33B0-C8C9-472C-A5F9-F2BDFEA0F156}",
          "level": "4",
          "channel": "Application",
          "opcode": "0",
          "message": "\"Der Softwareschutzdienst wurde erfolgreich für den erneuten Start bei 2126-05-02T04:47:46Z geplant. Grund: RulesEngine.\"",
          "version": "0",
          "systemTime": "2026-05-26T04:47:46.6653276Z",
          "eventRecordID": "85952",
          "threadID": "0",
          "computer": "KS_05_005.arzw.local",
          "task": "0",
          "processID": "9016",
          "severityValue": "INFORMATION",
          "providerName": "Microsoft-Windows-Security-SPP"
        }
      }
    },
    "rule": {
      "firedtimes": 73,
      "mail": false,
      "level": 3,
      "description": "Software protection service scheduled successfully.",
      "groups": [
        "windows",
        "windows_application"
      ],
      "id": "60642"
    },
    "location": "EventChannel",
    "decoder": {
      "name": "windows_eventchannel"
    },
    "id": "1779770866.5286158",
    "timestamp": "2026-05-26T04:47:46.697+0000"
  },
  {
    "input": {
      "type": "log"
    },
    "agent": {
      "ip": "172.21.5.119",
      "name": "KS_05_005",
      "id": "021"
    },
    "manager": {
      "name": "wazuh.manager"
    },
    "data": {
      "win": {
        "eventdata": {
          "callerProcessId": "11692",
          "errorState": "10013",
          "type": "Client",
          "callerProcessImageName": "svchost"
        },
        "system": {
          "eventID": "36871",
          "keywords": "0x8000000000000000",
          "providerGuid": "{1f678132-5938-4686-9fdc-c8ff68f15c85}",
          "level": "2",
          "channel": "System",
          "opcode": "0",
          "message": "\"Schwer wiegender Fehler beim Erstellen einer TLS-Client Anmelde Informationen. Der interne Fehler Status ist 10013. \r\n der SSPI-Client Prozess svchost (PID: 11692). \"",
          "version": "0",
          "systemTime": "2026-05-26T04:47:00.8510535Z",
          "eventRecordID": "95657",
          "threadID": "1076",
          "computer": "KS_05_005.arzw.local",
          "task": "0",
          "processID": "984",
          "severityValue": "ERROR",
          "providerName": "Schannel"
        }
      }
    },
    "rule": {
      "firedtimes": 53,
      "mail": false,
      "level": 5,
      "description": "Windows System error event",
      "groups": [
        "windows",
        "windows_system",
        "system_error"
      ],
      "id": "61102",
      "gpg13": [
        "4.3"
      ],
      "gdpr": [
        "IV_35.7.d"
      ]
    },
    "location": "EventChannel",
    "decoder": {
      "name": "windows_eventchannel"
    },
    "id": "1779770821.5274211",
    "timestamp": "2026-05-26T04:47:01.241+0000"
  },
  {
    "input": {
      "type": "log"
    },
    "agent": {
      "ip": "172.21.5.119",
      "name": "KS_05_005",
      "id": "021"
    },
    "manager": {
      "name": "wazuh.manager"
    },
    "data": {
      "win": {
        "eventdata": {
          "callerProcessId": "11692",
          "errorState": "10013",
          "type": "Client",
          "callerProcessImageName": "svchost"
        },
        "system": {
          "eventID": "36871",
          "keywords": "0x8000000000000000",
          "providerGuid": "{1f678132-5938-4686-9fdc-c8ff68f15c85}",
          "level": "2",
          "channel": "System",
          "opcode": "0",
          "message": "\"Schwer wiegender Fehler beim Erstellen einer TLS-Client Anmelde Informationen. Der interne Fehler Status ist 10013. \r\n der SSPI-Client Prozess svchost (PID: 11692). \"",
          "version": "0",
          "systemTime": "2026-05-26T04:47:00.5905918Z",
          "eventRecordID": "95656",
          "threadID": "1076",
          "computer": "KS_05_005.arzw.local",
          "task": "0",
          "processID": "984",
          "severityValue": "ERROR",
          "providerName": "Schannel"
        }
      }
    },
    "rule": {
      "firedtimes": 52,
      "mail": false,
      "level": 5,
      "description": "Windows System error event",
      "groups": [
        "windows",
        "windows_system",
        "system_error"
      ],
      "id": "61102",
      "gpg13": [
        "4.3"
      ],
      "gdpr": [
        "IV_35.7.d"
      ]
    },
    "location": "EventChannel",
    "decoder": {
      "name": "windows_eventchannel"
    },
    "id": "1779770821.5272519",
    "timestamp": "2026-05-26T04:47:01.199+0000"
  },
  {
    "input": {
      "type": "log"
    },
    "agent": {
      "ip": "172.21.5.119",
      "name": "KS_05_005",
      "id": "021"
    },
    "previous_output": "{\"win\":{\"system\":{\"providerName\":\"Schannel\",\"providerGuid\":\"{1f678132-5938-4686-9fdc-c8ff68f15c85}\",\"eventID\":\"36871\",\"version\":\"0\",\"level\":\"2\",\"task\":\"0\",\"opcode\":\"0\",\"keywords\":\"0x8000000000000000\",\"systemTime\":\"2026-05-26T04:44:00.5844422Z\",\"eventRecordID\":\"95653\",\"processID\":\"984\",\"threadID\":\"1076\",\"channel\":\"System\",\"computer\":\"KS_05_005.arzw.local\",\"severityValue\":\"ERROR\",\"message\":\"\\\"Schwer wiegender Fehler beim Erstellen einer TLS-Client Anmelde Informationen. Der interne Fehler Status ist 10013. \\r\\n der SSPI-Client Prozess svchost (PID: 11692). \\\"\"},\"eventdata\":{\"callerProcessId\":\"11692\",\"callerProcessImageName\":\"svchost\",\"type\":\"Client\",\"errorState\":\"10013\"}}}\n{\"win\":{\"system\":{\"providerName\":\"Schannel\",\"providerGuid\":\"{1f678132-5938-4686-9fdc-c8ff68f15c85}\",\"eventID\":\"36871\",\"version\":\"0\",\"level\":\"2\",\"task\":\"0\",\"opcode\":\"0\",\"keywords\":\"0x8000000000000000\",\"systemTime\":\"2026-05-26T04:43:00.8430979Z\",\"eventRecordID\":\"95652\",\"processID\":\"984\",\"threadID\":\"4080\",\"channel\":\"System\",\"computer\":\"KS_05_005.arzw.local\",\"severityValue\":\"ERROR\",\"message\":\"\\\"Schwer wiegender Fehler beim Erstellen einer TLS-Client Anmelde Informationen. Der interne Fehler Status ist 10013. \\r\\n der SSPI-Client Prozess svchost (PID: 11692). \\\"\"},\"eventdata\":{\"callerProcessId\":\"11692\",\"callerProcessImageName\":\"svchost\",\"type\":\"Client\",\"errorState\":\"10013\"}}}\n{\"win\":{\"system\":{\"providerName\":\"Schannel\",\"providerGuid\":\"{1f678132-5938-4686-9fdc-c8ff68f15c85}\",\"eventID\":\"36871\",\"version\":\"0\",\"level\":\"2\",\"task\":\"0\",\"opcode\":\"0\",\"keywords\":\"0x8000000000000000\",\"systemTime\":\"2026-05-26T04:43:00.5845362Z\",\"eventRecordID\":\"95651\",\"processID\":\"984\",\"threadID\":\"4080\",\"channel\":\"System\",\"computer\":\"KS_05_005.arzw.local\",\"severityValue\":\"ERROR\",\"message\":\"\\\"Schwer wiegender Fehler beim Erstellen einer TLS-Client Anmelde Informationen. Der interne Fehler Status ist 10013. \\r\\n der SSPI-Client Prozess svchost (PID: 11692). \\\"\"},\"eventdata\":{\"callerProcessId\":\"11692\",\"callerProcessImageName\":\"svchost\",\"type\":\"Client\",\"errorState\":\"10013\"}}}\n{\"win\":{\"system\":{\"providerName\":\"Schannel\",\"providerGuid\":\"{1f678132-5938-4686-9fdc-c8ff68f15c85}\",\"eventID\":\"36871\",\"version\":\"0\",\"level\":\"2\",\"task\":\"0\",\"opcode\":\"0\",\"keywords\":\"0x8000000000000000\",\"systemTime\":\"2026-05-26T04:42:00.8445777Z\",\"eventRecordID\":\"95649\",\"processID\":\"984\",\"threadID\":\"6976\",\"channel\":\"System\",\"computer\":\"KS_05_005.arzw.local\",\"severityValue\":\"ERROR\",\"message\":\"\\\"Schwer wiegender Fehler beim Erstellen einer TLS-Client Anmelde Informationen. Der interne Fehler Status ist 10013. \\r\\n der SSPI-Client Prozess svchost (PID: 11692). \\\"\"},\"eventdata\":{\"callerProcessId\":\"11692\",\"callerProcessImageName\":\"svchost\",\"type\":\"Client\",\"errorState\":\"10013\"}}}\n{\"win\":{\"system\":{\"providerName\":\"Schannel\",\"providerGuid\":\"{1f678132-5938-4686-9fdc-c8ff68f15c85}\",\"eventID\":\"36871\",\"version\":\"0\",\"level\":\"2\",\"task\":\"0\",\"opcode\":\"0\",\"keywords\":\"0x8000000000000000\",\"systemTime\":\"2026-05-26T04:42:00.5821291Z\",\"eventRecordID\":\"95648\",\"processID\":\"984\",\"threadID\":\"1076\",\"channel\":\"System\",\"computer\":\"KS_05_005.arzw.local\",\"severityValue\":\"ERROR\",\"message\":\"\\\"Schwer wiegender Fehler beim Erstellen einer TLS-Client Anmelde Informationen. Der interne Fehler Status ist 10013. \\r\\n der SSPI-Client Prozess svchost (PID: 11692). \\\"\"},\"eventdata\":{\"callerProcessId\":\"11692\",\"callerProcessImageName\":\"svchost\",\"type\":\"Client\",\"errorState\":\"10013\"}}}\n{\"win\":{\"system\":{\"providerName\":\"Schannel\",\"providerGuid\":\"{1f678132-5938-4686-9fdc-c8ff68f15c85}\",\"eventID\":\"36871\",\"version\":\"0\",\"level\":\"2\",\"task\":\"0\",\"opcode\":\"0\",\"keywords\":\"0x8000000000000000\",\"systemTime\":\"2026-05-26T04:41:13.2817009Z\",\"eventRecordID\":\"95646\",\"processID\":\"984\",\"threadID\":\"5016\",\"channel\":\"System\",\"computer\":\"KS_05_005.arzw.local\",\"severityValue\":\"ERROR\",\"message\":\"\\\"Schwer wiegender Fehler beim Erstellen einer TLS-Client Anmelde Informationen. Der interne Fehler Status ist 10013. \\r\\n der SSPI-Client Prozess svchost (PID: 11692). \\\"\"},\"eventdata\":{\"callerProcessId\":\"11692\",\"callerProcessImageName\":\"svchost\",\"type\":\"Client\",\"errorState\":\"10013\"}}}\n{\"win\":{\"system\":{\"providerName\":\"Schannel\",\"providerGuid\":\"{1f678132-5938-4686-9fdc-c8ff68f15c85}\",\"eventID\":\"36871\",\"version\":\"0\",\"level\":\"2\",\"task\":\"0\",\"opcode\":\"0\",\"keywords\":\"0x8000000000000000\",\"systemTime\":\"2026-05-26T04:41:12.9090885Z\",\"eventRecordID\":\"95645\",\"processID\":\"984\",\"threadID\":\"5016\",\"channel\":\"System\",\"computer\":\"KS_05_005.arzw.local\",\"severityValue\":\"ERROR\",\"message\":\"\\\"Schwer wiegender Fehler beim Erstellen einer TLS-Client Anmelde Informationen. Der interne Fehler Status ist 10013. \\r\\n der SSPI-Client Prozess svchost (PID: 11692). \\\"\"},\"eventdata\":{\"callerProcessId\":\"11692\",\"callerProcessImageName\":\"svchost\",\"type\":\"Client\",\"errorState\":\"10013\"}}}",
    "manager": {
      "name": "wazuh.manager"
    },
    "data": {
      "win": {
        "eventdata": {
          "callerProcessId": "11692",
          "errorState": "10013",
          "type": "Client",
          "callerProcessImageName": "svchost"
        },
        "system": {
          "eventID": "36871",
          "keywords": "0x8000000000000000",
          "providerGuid": "{1f678132-5938-4686-9fdc-c8ff68f15c85}",
          "level": "2",
          "channel": "System",
          "opcode": "0",
          "message": "\"Schwer wiegender Fehler beim Erstellen einer TLS-Client Anmelde Informationen. Der interne Fehler Status ist 10013. \r\n der SSPI-Client Prozess svchost (PID: 11692). \"",
          "version": "0",
          "systemTime": "2026-05-26T04:44:00.8473136Z",
          "eventRecordID": "95654",
          "threadID": "1076",
          "computer": "KS_05_005.arzw.local",
          "task": "0",
          "processID": "984",
          "severityValue": "ERROR",
          "providerName": "Schannel"
        }
      }
    },
    "rule": {
      "firedtimes": 2,
      "mail": false,
      "level": 10,
      "description": "Multiple System error events",
      "groups": [
        "windows",
        "windows_system"
      ],
      "id": "61110",
      "frequency": 8
    },
    "location": "EventChannel",
    "decoder": {
      "name": "windows_eventchannel"
    },
    "id": "1779770641.5221694",
    "timestamp": "2026-05-26T04:44:01.659+0000"
  },
  {
    "input": {
      "type": "log"
    },
    "agent": {
      "ip": "172.21.5.119",
      "name": "KS_05_005",
      "id": "021"
    },
    "manager": {
      "name": "wazuh.manager"
    },
    "data": {
      "win": {
        "eventdata": {
          "callerProcessId": "11692",
          "errorState": "10013",
          "type": "Client",
          "callerProcessImageName": "svchost"
        },
        "system": {
          "eventID": "36871",
          "keywords": "0x8000000000000000",
          "providerGuid": "{1f678132-5938-4686-9fdc-c8ff68f15c85}",
          "level": "2",
          "channel": "System",
          "opcode": "0",
          "message": "\"Schwer wiegender Fehler beim Erstellen einer TLS-Client Anmelde Informationen. Der interne Fehler Status ist 10013. \r\n der SSPI-Client Prozess svchost (PID: 11692). \"",
          "version": "0",
          "systemTime": "2026-05-26T04:44:00.5844422Z",
          "eventRecordID": "95653",
          "threadID": "1076",
          "computer": "KS_05_005.arzw.local",
          "task": "0",
          "processID": "984",
          "severityValue": "ERROR",
          "providerName": "Schannel"
        }
      }
    },
    "rule": {
      "firedtimes": 51,
      "mail": false,
      "level": 5,
      "description": "Windows System error event",
      "groups": [
        "windows",
        "windows_system",
        "system_error"
      ],
      "id": "61102",
      "gpg13": [
        "4.3"
      ],
      "gdpr": [
        "IV_35.7.d"
      ]
    },
    "location": "EventChannel",
    "decoder": {
      "name": "windows_eventchannel"
    },
    "id": "1779770641.5220002",
    "timestamp": "2026-05-26T04:44:01.617+0000"
  },
  {
    "input": {
      "type": "log"
    },
    "agent": {
      "ip": "172.21.5.119",
      "name": "KS_05_005",
      "id": "021"
    },
    "manager": {
      "name": "wazuh.manager"
    },
    "data": {
      "win": {
        "eventdata": {
          "callerProcessId": "11692",
          "errorState": "10013",
          "type": "Client",
          "callerProcessImageName": "svchost"
        },
        "system": {
          "eventID": "36871",
          "keywords": "0x8000000000000000",
          "providerGuid": "{1f678132-5938-4686-9fdc-c8ff68f15c85}",
          "level": "2",
          "channel": "System",
          "opcode": "0",
          "message": "\"Schwer wiegender Fehler beim Erstellen einer TLS-Client Anmelde Informationen. Der interne Fehler Status ist 10013. \r\n der SSPI-Client Prozess svchost (PID: 11692). \"",
          "version": "0",
          "systemTime": "2026-05-26T04:43:00.8430979Z",
          "eventRecordID": "95652",
          "threadID": "4080",
          "computer": "KS_05_005.arzw.local",
          "task": "0",
          "processID": "984",
          "severityValue": "ERROR",
          "providerName": "Schannel"
        }
      }
    },
    "rule": {
      "firedtimes": 50,
      "mail": false,
      "level": 5,
      "description": "Windows System error event",
      "groups": [
        "windows",
        "windows_system",
        "system_error"
      ],
      "id": "61102",
      "gpg13": [
        "4.3"
      ],
      "gdpr": [
        "IV_35.7.d"
      ]
    },
    "location": "EventChannel",
    "decoder": {
      "name": "windows_eventchannel"
    },
    "id": "1779770581.4764399",
    "timestamp": "2026-05-26T04:43:01.661+0000"
  },
  {
    "input": {
      "type": "log"
    },
    "agent": {
      "ip": "172.21.5.119",
      "name": "KS_05_005",
      "id": "021"
    },
    "manager": {
      "name": "wazuh.manager"
    },
    "data": {
      "win": {
        "eventdata": {
          "callerProcessId": "11692",
          "errorState": "10013",
          "type": "Client",
          "callerProcessImageName": "svchost"
        },
        "system": {
          "eventID": "36871",
          "keywords": "0x8000000000000000",
          "providerGuid": "{1f678132-5938-4686-9fdc-c8ff68f15c85}",
          "level": "2",
          "channel": "System",
          "opcode": "0",
          "message": "\"Schwer wiegender Fehler beim Erstellen einer TLS-Client Anmelde Informationen. Der interne Fehler Status ist 10013. \r\n der SSPI-Client Prozess svchost (PID: 11692). \"",
          "version": "0",
          "systemTime": "2026-05-26T04:43:00.5845362Z",
          "eventRecordID": "95651",
          "threadID": "4080",
          "computer": "KS_05_005.arzw.local",
          "task": "0",
          "processID": "984",
          "severityValue": "ERROR",
          "providerName": "Schannel"
        }
      }
    },
    "rule": {
      "firedtimes": 49,
      "mail": false,
      "level": 5,
      "description": "Windows System error event",
      "groups": [
        "windows",
        "windows_system",
        "system_error"
      ],
      "id": "61102",
      "gpg13": [
        "4.3"
      ],
      "gdpr": [
        "IV_35.7.d"
      ]
    },
    "location": "EventChannel",
    "decoder": {
      "name": "windows_eventchannel"
    },
    "id": "1779770581.4760625",
    "timestamp": "2026-05-26T04:43:01.620+0000"
  },
  {
    "input": {
      "type": "log"
    },
    "agent": {
      "ip": "172.21.5.119",
      "name": "KS_05_005",
      "id": "021"
    },
    "manager": {
      "name": "wazuh.manager"
    },
    "data": {
      "win": {
        "eventdata": {
          "param3": "Manuell starten",
          "param4": "BITS",
          "param1": "Background Intelligent Transfer Service",
          "param2": "Automatisch starten"
        },
        "system": {
          "eventID": "7040",
          "eventSourceName": "Service Control Manager",
          "keywords": "0x8080000000000000",
          "providerGuid": "{555908d1-a6d7-4695-8e1e-26931d2012f4}",
          "level": "4",
          "channel": "System",
          "opcode": "0",
          "message": "\"Der Starttyp des Diensts \"Background Intelligent Transfer Service\" wurde von Automatisch starten in Manuell starten geändert.\"",
          "version": "0",
          "systemTime": "2026-05-26T04:42:58.1989957Z",
          "eventRecordID": "95650",
          "threadID": "8044",
          "computer": "KS_05_005.arzw.local",
          "task": "0",
          "processID": "860",
          "severityValue": "INFORMATION",
          "providerName": "Service Control Manager"
        }
      }
    },
    "rule": {
      "firedtimes": 47,
      "mail": false,
      "level": 3,
      "pci_dss": [
        "10.6"
      ],
      "hipaa": [
        "164.312.b"
      ],
      "tsc": [
        "CC6.1",
        "CC6.8",
        "CC7.2",
        "CC7.3"
      ],
      "description": "Service startup type was changed",
      "groups": [
        "windows",
        "windows_system",
        "policy_changed"
      ],
      "id": "61104",
      "nist_800_53": [
        "AU.6"
      ],
      "info": "This does not appear to be logged on Windows 2000",
      "gdpr": [
        "IV_35.7.d"
      ]
    },
    "location": "EventChannel",
    "decoder": {
      "name": "windows_eventchannel"
    },
    "id": "1779770578.4690716",
    "timestamp": "2026-05-26T04:42:58.346+0000"
  },
