  {
    "input": {
      "type": "log"
    },
    "agent": {
      "ip": "172.21.5.119",
      "name": "KS_05_005",
      "id": "021"
    },
    "manager": {
      "name": "wazuh.manager"
    },
    "data": {
      "win": {
        "eventdata": {
          "data": "2126-05-02T04:12:31Z, RulesEngine"
        },
        "system": {
          "eventID": "16384",
          "eventSourceName": "Software Protection Platform Service",
          "keywords": "0x80000000000000",
          "providerGuid": "{E23B33B0-C8C9-472C-A5F9-F2BDFEA0F156}",
          "level": "4",
          "channel": "Application",
          "opcode": "0",
          "message": "\"Der Softwareschutzdienst wurde erfolgreich für den erneuten Start bei 2126-05-02T04:12:31Z geplant. Grund: RulesEngine.\"",
          "version": "0",
          "systemTime": "2026-05-26T04:12:31.4536022Z",
          "eventRecordID": "85922",
          "threadID": "0",
          "computer": "KS_05_005.arzw.local",
          "task": "0",
          "processID": "4372",
          "severityValue": "INFORMATION",
          "providerName": "Microsoft-Windows-Security-SPP"
        }
      }
    },
    "rule": {
      "firedtimes": 27,
      "mail": false,
      "level": 3,
      "description": "Software protection service scheduled successfully.",
      "groups": [
        "windows",
        "windows_application"
      ],
      "id": "60642"
    },
    "location": "EventChannel",
    "decoder": {
      "name": "windows_eventchannel"
    },
    "id": "1779768748.3547727",
    "timestamp": "2026-05-26T04:12:28.743+0000"
  },
  {
    "input": {
      "type": "log"
    },
    "agent": {
      "ip": "172.21.5.119",
      "name": "KS_05_005",
      "id": "021"
    },
    "manager": {
      "name": "wazuh.manager"
    },
    "data": {
      "win": {
        "eventdata": {
          "data": "2126-05-02T04:11:46Z, RulesEngine"
        },
        "system": {
          "eventID": "16384",
          "eventSourceName": "Software Protection Platform Service",
          "keywords": "0x80000000000000",
          "providerGuid": "{E23B33B0-C8C9-472C-A5F9-F2BDFEA0F156}",
          "level": "4",
          "channel": "Application",
          "opcode": "0",
          "message": "\"Der Softwareschutzdienst wurde erfolgreich für den erneuten Start bei 2126-05-02T04:11:46Z geplant. Grund: RulesEngine.\"",
          "version": "0",
          "systemTime": "2026-05-26T04:11:46.5143006Z",
          "eventRecordID": "85920",
          "threadID": "0",
          "computer": "KS_05_005.arzw.local",
          "task": "0",
          "processID": "7996",
          "severityValue": "INFORMATION",
          "providerName": "Microsoft-Windows-Security-SPP"
        }
      }
    },
    "rule": {
      "firedtimes": 26,
      "mail": false,
      "level": 3,
      "description": "Software protection service scheduled successfully.",
      "groups": [
        "windows",
        "windows_application"
      ],
      "id": "60642"
    },
    "location": "EventChannel",
    "decoder": {
      "name": "windows_eventchannel"
    },
    "id": "1779768703.3537269",
    "timestamp": "2026-05-26T04:11:43.421+0000"
  },
  {
    "input": {
      "type": "log"
    },
    "agent": {
      "ip": "172.21.5.119",
      "name": "KS_05_005",
      "id": "021"
    },
    "manager": {
      "name": "wazuh.manager"
    },
    "data": {
      "win": {
        "eventdata": {
          "bucketId": "a098b1debc075135dc2ab753f2c34d4a1a27e9f110a87b15af1eef54e184ae9c",
          "deviceAttributes": "BaseBoardManufacturer:ASUSTeK COMPUTER INC.;FirmwareManufacturer:American Megatrends Inc.;FirmwareVersion:1001;OEMModelBaseBoard:PRIME H510M-A R2.0;OEMManufacturerName:ASUS;OSArchitecture:amd64;"
        },
        "system": {
          "eventID": "1801",
          "keywords": "0x8000000000000000",
          "providerGuid": "{7d5387b0-cbe0-11da-a94d-0800200c9a66}",
          "level": "2",
          "channel": "System",
          "opcode": "0",
          "message": "\"Aktualisierte Zertifikate für den sicheren Start sind auf diesem Gerät verfügbar, wurden aber noch nicht auf die Firmware angewendet. Lesen Sie den veröffentlichten Leitfaden, um das Update abzuschließen und den vollständigen Schutz aufrechtzuerhalten. Diese Gerätesignaturinformationen sind hier enthalten.\r\nDeviceAttributes: BaseBoardManufacturer:ASUSTeK COMPUTER INC.;FirmwareManufacturer:American Megatrends Inc.;FirmwareVersion:1001;OEMModelBaseBoard:PRIME H510M-A R2.0;OEMManufacturerName:ASUS;OSArchitecture:amd64;\r\nBucketId: a098b1debc075135dc2ab753f2c34d4a1a27e9f110a87b15af1eef54e184ae9c\r\nBucketConfidenceLevel: \r\nUpdateType: \r\nWeitere Informationen finden Sie unter https://go.microsoft.com/fwlink/?linkid=2301018.\"",
          "version": "2",
          "systemTime": "2026-05-26T04:11:42.5860869Z",
          "eventRecordID": "95547",
          "threadID": "6672",
          "computer": "KS_05_005.arzw.local",
          "task": "0",
          "processID": "3872",
          "severityValue": "ERROR",
          "providerName": "Microsoft-Windows-TPM-WMI"
        }
      }
    },
    "rule": {
      "firedtimes": 21,
      "mail": false,
      "level": 5,
      "description": "Windows System error event",
      "groups": [
        "windows",
        "windows_system",
        "system_error"
      ],
      "id": "61102",
      "gpg13": [
        "4.3"
      ],
      "gdpr": [
        "IV_35.7.d"
      ]
    },
    "location": "EventChannel",
    "decoder": {
      "name": "windows_eventchannel"
    },
    "id": "1779768700.3534031",
    "timestamp": "2026-05-26T04:11:40.486+0000"
  },
  {
    "input": {
      "type": "log"
    },
    "agent": {
      "ip": "172.21.5.119",
      "name": "KS_05_005",
      "id": "021"
    },
    "manager": {
      "name": "wazuh.manager"
    },
    "data": {
      "win": {
        "eventdata": {
          "param3": "Automatisch starten",
          "param4": "BITS",
          "param1": "Background Intelligent Transfer Service",
          "param2": "Manuell starten"
        },
        "system": {
          "eventID": "7040",
          "eventSourceName": "Service Control Manager",
          "keywords": "0x8080000000000000",
          "providerGuid": "{555908d1-a6d7-4695-8e1e-26931d2012f4}",
          "level": "4",
          "channel": "System",
          "opcode": "0",
          "message": "\"Der Starttyp des Diensts \"Background Intelligent Transfer Service\" wurde von Manuell starten in Automatisch starten geändert.\"",
          "version": "0",
          "systemTime": "2026-05-26T04:10:59.2882968Z",
          "eventRecordID": "95536",
          "threadID": "1692",
          "computer": "KS_05_005.arzw.local",
          "task": "0",
          "processID": "860",
          "severityValue": "INFORMATION",
          "providerName": "Service Control Manager"
        }
      }
    },
    "rule": {
      "firedtimes": 23,
      "mail": false,
      "level": 3,
      "pci_dss": [
        "10.6"
      ],
      "hipaa": [
        "164.312.b"
      ],
      "tsc": [
        "CC6.1",
        "CC6.8",
        "CC7.2",
        "CC7.3"
      ],
      "description": "Service startup type was changed",
      "groups": [
        "windows",
        "windows_system",
        "policy_changed"
      ],
      "id": "61104",
      "nist_800_53": [
        "AU.6"
      ],
      "info": "This does not appear to be logged on Windows 2000",
      "gdpr": [
        "IV_35.7.d"
      ]
    },
    "location": "EventChannel",
    "decoder": {
      "name": "windows_eventchannel"
    },
    "id": "1779768656.3530247",
    "timestamp": "2026-05-26T04:10:56.767+0000"
  },
  {
    "input": {
      "type": "log"
    },
    "agent": {
      "ip": "172.21.5.119",
      "name": "KS_05_005",
      "id": "021"
    },
    "manager": {
      "name": "wazuh.manager"
    },
    "data": {
      "win": {
        "eventdata": {
          "storePath": "\\\\\\\\?\\\\C:\\\\ProgramData\\\\Microsoft\\\\Windows\\\\WER\\\\ReportQueue\\\\Kernel_0_0_00000000_7449e44e-f584-411c-94ed-f4efc03ece4f",
          "rechecking": "0",
          "bucketType": "0",
          "attachedFiles": "  \\\\\\\\?\\\\C:\\\\Windows\\\\SystemTemp\\\\WER.f47c9d35-9c0e-4483-b7b8-813328f2489f.tmpatk.kdmp  \\\\\\\\?\\\\C:\\\\Windows\\\\SystemTemp\\\\WER.7ad00500-601a-441b-995c-6f4ef8170c7c.tmp.appcompat.txt  \\\\\\\\?\\\\C:\\\\ProgramData\\\\Microsoft\\\\Windows\\\\WER\\\\Temp\\\\WER.a5915c80-c6c0-434e-9a96-4dbe4e0d2119.tmp.WERInternalMetadata.xml  \\\\\\\\?\\\\C:\\\\ProgramData\\\\Microsoft\\\\Windows\\\\WER\\\\Temp\\\\WER.64d7a2a4-7d6a-4be0-a352-6fe3047d0e11.tmp.csv  \\\\\\\\?\\\\C:\\\\ProgramData\\\\Microsoft\\\\Windows\\\\WER\\\\Temp\\\\WER.09dc9342-df41-40e0-be0e-a0e7c2feea61.tmp.txt  \\\\\\\\?\\\\C:\\\\ProgramData\\\\Microsoft\\\\Windows\\\\WER\\\\Temp\\\\WER.896ec4b4-0b9a-4bfd-91ad-e9669f615146.tmp.xml",
          "reportId": "10bfd3a4-a241-4d4b-9297-6fc4bfaccd79",
          "response": "Nicht verfügbar",
          "eventName": "AppTermFailureEvent",
          "reportStatus": "2051",
          "cabGuid": "0",
          "cabId": "0"
        },
        "system": {
          "eventID": "1001",
          "keywords": "0x8000000000000000",
          "providerGuid": "{0ead09bd-2157-539a-8d6d-c87f95b64d70}",
          "level": "4",
          "channel": "Application",
          "opcode": "0",
          "message": "\"Fehlerbucket , Typ 0\r\nEreignisname: AppTermFailureEvent\r\nAntwort: Nicht verfügbar\r\nCAB-Datei-ID: 0\r\n\r\nProblemsignatur:\r\nP1: \r\nP2: \r\nP3: \r\nP4: \r\nP5: \r\nP6: \r\nP7: \r\nP8: \r\nP9: \r\nP10: \r\n\r\nAngefügte Dateien:\r\n\\\\?\\C:\\Windows\\SystemTemp\\WER.f47c9d35-9c0e-4483-b7b8-813328f2489f.tmpatk.kdmp\r\n\\\\?\\C:\\Windows\\SystemTemp\\WER.7ad00500-601a-441b-995c-6f4ef8170c7c.tmp.appcompat.txt\r\n\\\\?\\C:\\ProgramData\\Microsoft\\Windows\\WER\\Temp\\WER.a5915c80-c6c0-434e-9a96-4dbe4e0d2119.tmp.WERInternalMetadata.xml\r\n\\\\?\\C:\\ProgramData\\Microsoft\\Windows\\WER\\Temp\\WER.64d7a2a4-7d6a-4be0-a352-6fe3047d0e11.tmp.csv\r\n\\\\?\\C:\\ProgramData\\Microsoft\\Windows\\WER\\Temp\\WER.09dc9342-df41-40e0-be0e-a0e7c2feea61.tmp.txt\r\n\\\\?\\C:\\ProgramData\\Microsoft\\Windows\\WER\\Temp\\WER.896ec4b4-0b9a-4bfd-91ad-e9669f615146.tmp.xml\r\n\r\nDiese Dateien befinden sich möglicherweise hier:\r\n\\\\?\\C:\\ProgramData\\Microsoft\\Windows\\WER\\ReportQueue\\Kernel_0_0_00000000_7449e44e-f584-411c-94ed-f4efc03ece4f\r\n\r\nAnalysesymbol: \r\nEs wird erneut nach einer Lösung gesucht: 0\r\nBerichts-ID: 10bfd3a4-a241-4d4b-9297-6fc4bfaccd79\r\nBerichtstatus: 2051\r\nBucket mit Hash: \r\nCAB-Datei-Guid: 0\"",
          "version": "0",
          "systemTime": "2026-05-26T04:10:55.3226852Z",
          "eventRecordID": "85915",
          "threadID": "3408",
          "computer": "KS_05_005.arzw.local",
          "task": "0",
          "processID": "2984",
          "severityValue": "INFORMATION",
          "providerName": "Windows Error Reporting"
        }
      }
    },
    "rule": {
      "firedtimes": 5,
      "mail": false,
      "level": 4,
      "description": "Summary event of the report's signatures.",
      "groups": [
        "windows",
        "windows_application"
      ],
      "id": "60608"
    },
    "location": "EventChannel",
    "decoder": {
      "name": "windows_eventchannel"
    },
    "id": "1779768653.3524590",
    "timestamp": "2026-05-26T04:10:53.157+0000"
  },
  {
    "input": {
      "type": "log"
    },
    "agent": {
      "ip": "172.21.5.119",
      "name": "KS_05_005",
      "id": "021"
    },
    "manager": {
      "name": "wazuh.manager"
    },
    "data": {
      "win": {
        "eventdata": {
          "param3": "Manuell starten",
          "param4": "BITS",
          "param1": "Background Intelligent Transfer Service",
          "param2": "Automatisch starten"
        },
        "system": {
          "eventID": "7040",
          "eventSourceName": "Service Control Manager",
          "keywords": "0x8080000000000000",
          "providerGuid": "{555908d1-a6d7-4695-8e1e-26931d2012f4}",
          "level": "4",
          "channel": "System",
          "opcode": "0",
          "message": "\"Der Starttyp des Diensts \"Background Intelligent Transfer Service\" wurde von Automatisch starten in Manuell starten geändert.\"",
          "version": "0",
          "systemTime": "2026-05-26T04:10:27.8152528Z",
          "eventRecordID": "95527",
          "threadID": "1692",
          "computer": "KS_05_005.arzw.local",
          "task": "0",
          "processID": "860",
          "severityValue": "INFORMATION",
          "providerName": "Service Control Manager"
        }
      }
    },
    "rule": {
      "firedtimes": 22,
      "mail": false,
      "level": 3,
      "pci_dss": [
        "10.6"
      ],
      "hipaa": [
        "164.312.b"
      ],
      "tsc": [
        "CC6.1",
        "CC6.8",
        "CC7.2",
        "CC7.3"
      ],
      "description": "Service startup type was changed",
      "groups": [
        "windows",
        "windows_system",
        "policy_changed"
      ],
      "id": "61104",
      "nist_800_53": [
        "AU.6"
      ],
      "info": "This does not appear to be logged on Windows 2000",
      "gdpr": [
        "IV_35.7.d"
      ]
    },
    "location": "EventChannel",
    "decoder": {
      "name": "windows_eventchannel"
    },
    "id": "1779768625.3502258",
    "timestamp": "2026-05-26T04:10:25.732+0000"
  },
  {
    "input": {
      "type": "log"
    },
    "agent": {
      "ip": "172.21.5.119",
      "name": "KS_05_005",
      "id": "021"
    },
    "manager": {
      "name": "wazuh.manager"
    },
    "data": {
      "win": {
        "eventdata": {
          "storePath": "\\\\\\\\?\\\\C:\\\\ProgramData\\\\Microsoft\\\\Windows\\\\WER\\\\ReportQueue\\\\Kernel_0_0_00000000_7449e44e-f584-411c-94ed-f4efc03ece4f",
          "rechecking": "0",
          "bucketType": "0",
          "attachedFiles": "  \\\\\\\\?\\\\C:\\\\Windows\\\\SystemTemp\\\\WER.f47c9d35-9c0e-4483-b7b8-813328f2489f.tmpatk.kdmp  \\\\\\\\?\\\\C:\\\\Windows\\\\SystemTemp\\\\WER.7ad00500-601a-441b-995c-6f4ef8170c7c.tmp.appcompat.txt  \\\\\\\\?\\\\C:\\\\ProgramData\\\\Microsoft\\\\Windows\\\\WER\\\\Temp\\\\WER.a5915c80-c6c0-434e-9a96-4dbe4e0d2119.tmp.WERInternalMetadata.xml  \\\\\\\\?\\\\C:\\\\ProgramData\\\\Microsoft\\\\Windows\\\\WER\\\\Temp\\\\WER.64d7a2a4-7d6a-4be0-a352-6fe3047d0e11.tmp.csv  \\\\\\\\?\\\\C:\\\\ProgramData\\\\Microsoft\\\\Windows\\\\WER\\\\Temp\\\\WER.09dc9342-df41-40e0-be0e-a0e7c2feea61.tmp.txt  \\\\\\\\?\\\\C:\\\\ProgramData\\\\Microsoft\\\\Windows\\\\WER\\\\Temp\\\\WER.896ec4b4-0b9a-4bfd-91ad-e9669f615146.tmp.xml",
          "reportId": "10bfd3a4-a241-4d4b-9297-6fc4bfaccd79",
          "response": "Nicht verfügbar",
          "eventName": "AppTermFailureEvent",
          "reportStatus": "2051",
          "cabGuid": "0",
          "cabId": "0"
        },
        "system": {
          "eventID": "1001",
          "keywords": "0x8000000000000000",
          "providerGuid": "{0ead09bd-2157-539a-8d6d-c87f95b64d70}",
          "level": "4",
          "channel": "Application",
          "opcode": "0",
          "message": "\"Fehlerbucket , Typ 0\r\nEreignisname: AppTermFailureEvent\r\nAntwort: Nicht verfügbar\r\nCAB-Datei-ID: 0\r\n\r\nProblemsignatur:\r\nP1: \r\nP2: \r\nP3: \r\nP4: \r\nP5: \r\nP6: \r\nP7: \r\nP8: \r\nP9: \r\nP10: \r\n\r\nAngefügte Dateien:\r\n\\\\?\\C:\\Windows\\SystemTemp\\WER.f47c9d35-9c0e-4483-b7b8-813328f2489f.tmpatk.kdmp\r\n\\\\?\\C:\\Windows\\SystemTemp\\WER.7ad00500-601a-441b-995c-6f4ef8170c7c.tmp.appcompat.txt\r\n\\\\?\\C:\\ProgramData\\Microsoft\\Windows\\WER\\Temp\\WER.a5915c80-c6c0-434e-9a96-4dbe4e0d2119.tmp.WERInternalMetadata.xml\r\n\\\\?\\C:\\ProgramData\\Microsoft\\Windows\\WER\\Temp\\WER.64d7a2a4-7d6a-4be0-a352-6fe3047d0e11.tmp.csv\r\n\\\\?\\C:\\ProgramData\\Microsoft\\Windows\\WER\\Temp\\WER.09dc9342-df41-40e0-be0e-a0e7c2feea61.tmp.txt\r\n\\\\?\\C:\\ProgramData\\Microsoft\\Windows\\WER\\Temp\\WER.896ec4b4-0b9a-4bfd-91ad-e9669f615146.tmp.xml\r\n\r\nDiese Dateien befinden sich möglicherweise hier:\r\n\\\\?\\C:\\ProgramData\\Microsoft\\Windows\\WER\\ReportQueue\\Kernel_0_0_00000000_7449e44e-f584-411c-94ed-f4efc03ece4f\r\n\r\nAnalysesymbol: \r\nEs wird erneut nach einer Lösung gesucht: 0\r\nBerichts-ID: 10bfd3a4-a241-4d4b-9297-6fc4bfaccd79\r\nBerichtstatus: 2051\r\nBucket mit Hash: \r\nCAB-Datei-Guid: 0\"",
          "version": "0",
          "systemTime": "2026-05-26T04:09:29.8430152Z",
          "eventRecordID": "85914",
          "threadID": "4756",
          "computer": "KS_05_005.arzw.local",
          "task": "0",
          "processID": "4696",
          "severityValue": "INFORMATION",
          "providerName": "Windows Error Reporting"
        }
      }
    },
    "rule": {
      "firedtimes": 4,
      "mail": false,
      "level": 4,
      "description": "Summary event of the report's signatures.",
      "groups": [
        "windows",
        "windows_application"
      ],
      "id": "60608"
    },
    "location": "EventChannel",
    "decoder": {
      "name": "windows_eventchannel"
    },
    "id": "1779768567.3459142",
    "timestamp": "2026-05-26T04:09:27.051+0000"
  },
  {
    "input": {
      "type": "log"
    },
    "agent": {
      "ip": "172.21.5.119",
      "name": "KS_05_005",
      "id": "021"
    },
    "manager": {
      "name": "wazuh.manager"
    },
    "data": {
      "win": {
        "eventdata": {
          "data": "2126-05-02T04:09:25Z, RulesEngine"
        },
        "system": {
          "eventID": "16384",
          "eventSourceName": "Software Protection Platform Service",
          "keywords": "0x80000000000000",
          "providerGuid": "{E23B33B0-C8C9-472C-A5F9-F2BDFEA0F156}",
          "level": "4",
          "channel": "Application",
          "opcode": "0",
          "message": "\"Der Softwareschutzdienst wurde erfolgreich für den erneuten Start bei 2126-05-02T04:09:25Z geplant. Grund: RulesEngine.\"",
          "version": "0",
          "systemTime": "2026-05-26T04:09:25.7331288Z",
          "eventRecordID": "85913",
          "threadID": "0",
          "computer": "KS_05_005.arzw.local",
          "task": "0",
          "processID": "5896",
          "severityValue": "INFORMATION",
          "providerName": "Microsoft-Windows-Security-SPP"
        }
      }
    },
    "rule": {
      "firedtimes": 21,
      "mail": false,
      "level": 3,
      "description": "Software protection service scheduled successfully.",
      "groups": [
        "windows",
        "windows_application"
      ],
      "id": "60642"
    },
    "location": "EventChannel",
    "decoder": {
      "name": "windows_eventchannel"
    },
    "id": "1779768562.3457513",
    "timestamp": "2026-05-26T04:09:22.642+0000"
  },
  {
    "input": {
      "type": "log"
    },
    "agent": {
      "ip": "172.21.5.119",
      "name": "KS_05_005",
      "id": "021"
    },
    "manager": {
      "name": "wazuh.manager"
    },
    "data": {
      "win": {
        "eventdata": {
          "extraInfo": " "
        },
        "system": {
          "eventID": "1003",
          "eventSourceName": "Windows Search Service",
          "keywords": "0x80000000000000",
          "providerGuid": "{CA4E628D-8567-4896-AB6B-835B221F373F}",
          "level": "4",
          "channel": "Application",
          "opcode": "0",
          "message": "\"Windows Search wurde gestartet.\n\"",
          "version": "0",
          "systemTime": "2026-05-26T04:08:56.4505029Z",
          "eventRecordID": "85912",
          "threadID": "0",
          "computer": "KS_05_005.arzw.local",
          "task": "1",
          "processID": "2060",
          "severityValue": "INFORMATION",
          "providerName": "Microsoft-Windows-Search"
        }
      }
    },
    "rule": {
      "firedtimes": 1,
      "mail": false,
      "level": 3,
      "description": "The Windows search service started.",
      "groups": [
        "windows",
        "windows_application"
      ],
      "id": "60668"
    },
    "location": "EventChannel",
    "decoder": {
      "name": "windows_eventchannel"
    },
    "id": "1779768533.3426684",
    "timestamp": "2026-05-26T04:08:53.362+0000"
  },
  {
    "input": {
      "type": "log"
    },
    "agent": {
      "ip": "172.21.5.119",
      "name": "KS_05_005",
      "id": "021"
    },
    "manager": {
      "name": "wazuh.manager"
    },
    "data": {
      "win": {
        "eventdata": {
          "binary": "67007500700064006100740065000000",
          "param1": "Google Update-Dienst (gupdate)",
          "param2": "%%1053"
        },
        "system": {
          "eventID": "7000",
          "eventSourceName": "Service Control Manager",
          "keywords": "0x8080000000000000",
          "providerGuid": "{555908d1-a6d7-4695-8e1e-26931d2012f4}",
          "level": "2",
          "channel": "System",
          "opcode": "0",
          "message": "\"Der Dienst \"Google Update-Dienst (gupdate)\" wurde aufgrund folgenden Fehlers nicht gestartet: \r\nDer Dienst antwortete nicht rechtzeitig auf die Start- oder Steuerungsanforderung.\"",
          "version": "0",
          "systemTime": "2026-05-26T04:08:55.0258535Z",
          "eventRecordID": "95526",
          "threadID": "10336",
          "computer": "KS_05_005.arzw.local",
          "task": "0",
          "processID": "860",
          "severityValue": "ERROR",
          "providerName": "Service Control Manager"
        }
      }
    },
    "rule": {
      "firedtimes": 20,
      "mail": false,
      "level": 5,
      "description": "Windows System error event",
      "groups": [
        "windows",
        "windows_system",
        "system_error"
      ],
      "id": "61102",
      "gpg13": [
        "4.3"
      ],
      "gdpr": [
        "IV_35.7.d"
      ]
    },
    "location": "EventChannel",
    "decoder": {
      "name": "windows_eventchannel"
    },
    "id": "1779768532.3423212",
    "timestamp": "2026-05-26T04:08:52.940+0000"
  },
  {
    "input": {
      "type": "log"
    },
    "agent": {
      "ip": "172.21.5.119",
      "name": "KS_05_005",
      "id": "021"
    },
    "manager": {
      "name": "wazuh.manager"
    },
    "data": {
      "win": {
        "eventdata": {
          "binary": "67007500700064006100740065000000",
          "param1": "30000",
          "param2": "Google Update-Dienst (gupdate)"
        },
        "system": {
          "eventID": "7009",
          "eventSourceName": "Service Control Manager",
          "keywords": "0x8080000000000000",
          "providerGuid": "{555908d1-a6d7-4695-8e1e-26931d2012f4}",
          "level": "2",
          "channel": "System",
          "opcode": "0",
          "message": "\"Das Zeitlimit (30000 ms) wurde beim Verbindungsversuch mit dem Dienst Google Update-Dienst (gupdate) erreicht.\"",
          "version": "0",
          "systemTime": "2026-05-26T04:08:55.0258535Z",
          "eventRecordID": "95525",
          "threadID": "10336",
          "computer": "KS_05_005.arzw.local",
          "task": "0",
          "processID": "860",
          "severityValue": "ERROR",
          "providerName": "Service Control Manager"
        }
      }
    },
    "rule": {
      "firedtimes": 19,
      "mail": false,
      "level": 5,
      "description": "Windows System error event",
      "groups": [
        "windows",
        "windows_system",
        "system_error"
      ],
      "id": "61102",
      "gpg13": [
        "4.3"
      ],
      "gdpr": [
        "IV_35.7.d"
      ]
    },
    "location": "EventChannel",
    "decoder": {
      "name": "windows_eventchannel"
    },
    "id": "1779768532.3421507",
    "timestamp": "2026-05-26T04:08:52.939+0000"
  },
  {
    "input": {
      "type": "log"
    },
    "agent": {
      "ip": "172.21.5.119",
      "name": "KS_05_005",
      "id": "021"
    },
    "manager": {
      "name": "wazuh.manager"
    },
    "data": {
      "win": {
        "eventdata": {
          "param3": "Automatisch starten",
          "param4": "BITS",
          "param1": "Background Intelligent Transfer Service",
          "param2": "Manuell starten"
        },
        "system": {
          "eventID": "7040",
          "eventSourceName": "Service Control Manager",
          "keywords": "0x8080000000000000",
          "providerGuid": "{555908d1-a6d7-4695-8e1e-26931d2012f4}",
          "level": "4",
          "channel": "System",
          "opcode": "0",
          "message": "\"Der Starttyp des Diensts \"Background Intelligent Transfer Service\" wurde von Manuell starten in Automatisch starten geändert.\"",
          "version": "0",
          "systemTime": "2026-05-26T04:08:18.3959134Z",
          "eventRecordID": "95524",
          "threadID": "1692",
          "computer": "KS_05_005.arzw.local",
          "task": "0",
          "processID": "860",
          "severityValue": "INFORMATION",
          "providerName": "Service Control Manager"
        }
      }
    },
    "rule": {
      "firedtimes": 11,
      "mail": false,
      "level": 3,
      "pci_dss": [
        "10.6"
      ],
      "hipaa": [
        "164.312.b"
      ],
      "tsc": [
        "CC6.1",
        "CC6.8",
        "CC7.2",
        "CC7.3"
      ],
      "description": "Service startup type was changed",
      "groups": [
        "windows",
        "windows_system",
        "policy_changed"
      ],
      "id": "61104",
      "nist_800_53": [
        "AU.6"
      ],
      "info": "This does not appear to be logged on Windows 2000",
      "gdpr": [
        "IV_35.7.d"
      ]
    },
    "location": "EventChannel",
    "decoder": {
      "name": "windows_eventchannel"
    },
    "id": "1779768496.3391458",
    "timestamp": "2026-05-26T04:08:16.310+0000"
  },
  {
    "input": {
      "type": "log"
    },
    "agent": {
      "ip": "172.21.5.119",
      "name": "KS_05_005",
      "id": "021"
    },
    "manager": {
      "name": "wazuh.manager"
    },
    "data": {
      "win": {
        "eventdata": {
          "data": "2126-05-02T04:07:45Z, RulesEngine"
        },
        "system": {
          "eventID": "16384",
          "eventSourceName": "Software Protection Platform Service",
          "keywords": "0x80000000000000",
          "providerGuid": "{E23B33B0-C8C9-472C-A5F9-F2BDFEA0F156}",
          "level": "4",
          "channel": "Application",
          "opcode": "0",
          "message": "\"Der Softwareschutzdienst wurde erfolgreich für den erneuten Start bei 2126-05-02T04:07:45Z geplant. Grund: RulesEngine.\"",
          "version": "0",
          "systemTime": "2026-05-26T04:07:46.0300791Z",
          "eventRecordID": "85905",
          "threadID": "0",
          "computer": "KS_05_005.arzw.local",
          "task": "0",
          "processID": "3616",
          "severityValue": "INFORMATION",
          "providerName": "Microsoft-Windows-Security-SPP"
        }
      }
    },
    "rule": {
      "firedtimes": 18,
      "mail": false,
      "level": 3,
      "description": "Software protection service scheduled successfully.",
      "groups": [
        "windows",
        "windows_application"
      ],
      "id": "60642"
    },
    "location": "EventChannel",
    "decoder": {
      "name": "windows_eventchannel"
    },
    "id": "1779768462.3367900",
    "timestamp": "2026-05-26T04:07:42.942+0000"
  },
  {
    "input": {
      "type": "log"
    },
    "agent": {
      "ip": "172.21.5.119",
      "name": "KS_05_005",
      "id": "021"
    },
    "manager": {
      "name": "wazuh.manager"
    },
    "data": {
      "win": {
        "eventdata": {
          "targetLogonId": "0x10fd1e",
          "targetUserName": "KS_05_005$",
          "targetDomainName": "ARZW",
          "targetUserSid": "S-1-5-18",
          "logonType": "3"
        },
        "system": {
          "eventID": "4634",
          "keywords": "0x8020000000000000",
          "providerGuid": "{54849625-5478-4994-a5ba-3e3b0328c30d}",
          "level": "0",
          "channel": "Security",
          "opcode": "0",
          "message": "\"Ein Konto wurde abgemeldet.\r\n\r\nAntragsteller:\r\n\tSicherheits-ID:\t\tS-1-5-18\r\n\tKontoname:\t\tKS_05_005$\r\n\tKontodomäne:\t\tARZW\r\n\tAnmelde-ID:\t\t0x10FD1E\r\n\r\nAnmeldetyp:\t\t\t3\r\n\r\nDieses Ereignis wird generiert, wenn eine Anmeldesitzung zerstört wird. Es kann anhand des Wertes der Anmelde-ID positiv mit einem Anmeldeereignis korreliert werden. Anmelde-IDs sind nur zwischen Neustarts auf demselben Computer eindeutig.\"",
          "version": "0",
          "systemTime": "2026-05-26T04:06:59.2146231Z",
          "eventRecordID": "1574907",
          "threadID": "3416",
          "computer": "KS_05_005.arzw.local",
          "task": "12545",
          "processID": "984",
          "severityValue": "AUDIT_SUCCESS",
          "providerName": "Microsoft-Windows-Security-Auditing"
        }
      }
    },
    "rule": {
      "firedtimes": 6,
      "mail": false,
      "level": 3,
      "pci_dss": [
        "10.2.5"
      ],
      "hipaa": [
        "164.312.b"
      ],
      "tsc": [
        "CC6.8",
        "CC7.2",
        "CC7.3"
      ],
      "description": "Windows User Logoff",
      "groups": [
        "windows",
        "windows_security"
      ],
      "id": "60137",
      "nist_800_53": [
        "AU.14",
        "AC.7"
      ],
      "gdpr": [
        "IV_32.2"
      ]
    },
    "location": "EventChannel",
    "decoder": {
      "name": "windows_eventchannel"
    },
    "id": "1779768417.3360564",
    "timestamp": "2026-05-26T04:06:57.156+0000"
  },
  {
    "input": {
      "type": "log"
    },
    "agent": {
      "ip": "172.21.5.119",
      "name": "KS_05_005",
      "id": "021"
    },
    "manager": {
      "name": "wazuh.manager"
    },
    "data": {
      "win": {
        "eventdata": {
          "subjectLogonId": "0x0",
          "targetLinkedLogonId": "0x0",
          "impersonationLevel": "%%1833",
          "authenticationPackageName": "Kerberos",
          "targetLogonId": "0x10fd1e",
          "logonProcessName": "Kerberos",
          "logonGuid": "{61403571-3ff0-7466-022b-6def6d4d79aa}",
          "targetUserName": "KS_05_005$",
          "keyLength": "0",
          "elevatedToken": "%%1842",
          "subjectUserSid": "S-1-0-0",
          "processId": "0x0",
          "targetDomainName": "ARZW.LOCAL",
          "targetUserSid": "S-1-5-18",
          "virtualAccount": "%%1843",
          "logonType": "3"
        },
        "system": {
          "eventID": "4624",
          "keywords": "0x8020000000000000",
          "providerGuid": "{54849625-5478-4994-a5ba-3e3b0328c30d}",
          "level": "0",
          "channel": "Security",
          "opcode": "0",
          "message": "\"Ein Konto wurde erfolgreich angemeldet.\r\n\r\nAntragsteller:\r\n\tSicherheits-ID:\t\tS-1-0-0\r\n\tKontoname:\t\t-\r\n\tKontodomäne:\t\t-\r\n\tAnmelde-ID:\t\t0x0\r\n\r\nAnmeldeinformationen:\r\n\tAnmeldetyp:\t\t3\r\n\tEingeschränkter Administratormodus:\t-\r\n\tRemote Credential Guard:\t-\r\n\tVirtuelles Konto:\t\tNein\r\n\tToken mit erhöhten Rechten:\t\tJa\r\n\r\nIdentitätswechselebene:\t\tIdentitätswechsel\r\n\r\nNeue Anmeldung:\r\n\tSicherheits-ID:\t\tS-1-5-18\r\n\tKontoname:\t\tKS_05_005$\r\n\tKontodomäne:\t\tARZW.LOCAL\r\n\tAnmelde-ID:\t\t0x10FD1E\r\n\tVerknüpfte Anmelde-ID:\t\t0x0\r\n\tNetzwerk-Kontoname:\t-\r\n\tNetzwerk-Kontodomäne:\t-\r\n\tAnmelde-GUID:\t\t{61403571-3ff0-7466-022b-6def6d4d79aa}\r\n\r\nProzessinformationen:\r\n\tProzess-ID:\t\t0x0\r\n\tProzessname:\t\t-\r\n\r\nNetzwerkinformationen:\r\n\tArbeitsstationsname:\t-\r\n\tQuellnetzwerkadresse:\t-\r\n\tQuellport:\t\t-\r\n\r\nDetaillierte Authentifizierungsinformationen:\r\n\tAnmeldeprozess:\t\tKerberos\r\n\tAuthentifizierungspaket:\tKerberos\r\n\tÜbertragene Dienste:\t-\r\n\tPaketname (nur NTLM):\t-\r\n\tSchlüssellänge:\t\t0\r\n\r\nDieses Ereignis wird beim Erstellen einer Anmeldesitzung generiert. Es wird auf dem Computer generiert, auf den zugegriffen wurde.\r\n\r\nDie Antragstellerfelder geben das Konto auf dem lokalen System an, von dem die Anmeldung angefordert wurde. Dies ist meistens ein Dienst wie der Serverdienst oder ein lokaler Prozess wie Winlogon.exe oder Services.exe.\r\n\r\nDas Anmeldetypfeld gibt den jeweiligen Anmeldetyp an. Die häufigsten Typen sind 2 (interaktiv) und 3 (Netzwerk).\r\n\r\nDie Felder für die neue Anmeldung geben das Konto an, für das die neue Anmeldung erstellt wurde, d. h. das angemeldete Konto.\r\n\r\nDie Netzwerkfelder geben den Ursprung einer Remoteanmeldeanforderung an. Der Arbeitsstationsname ist nicht immer verfügbar und kann in manchen Fällen leer bleiben.\r\n\r\nDas Feld für die Identitätswechselebene gibt an, in welchem Umfang ein Prozess in der Anmeldesitzung einen Identitätswechsel vornehmen kann.\r\n\r\nDie Felder für die Authentifizierungsinformationen enthalten detaillierte Informationen zu dieser spezifische Anmeldeanforderung.\r\n\t– Die Anmelde-GUID ist ein eindeutiger Bezeichner, der verwendet werden kann, um dieses Ereignis mit einem KDC-Ereignis zu korrelieren.\r\n\t– Die übertragenen Dienste geben an, welche Zwischendienste an der Anmeldeanforderung beteiligt waren.\r\n\t– Der Paketname gibt das in den NTLM-Protokollen verwendete Unterprotokoll an.\r\n\t– Die Schlüssellänge gibt die Länge des generierten Sitzungsschlüssels an. Wenn kein Sitzungsschlüssel angefordert wurde, ist dieser Wert 0.\"",
          "version": "3",
          "systemTime": "2026-05-26T04:06:59.2011954Z",
          "eventRecordID": "1574906",
          "threadID": "3416",
          "computer": "KS_05_005.arzw.local",
          "task": "12544",
          "processID": "984",
          "severityValue": "AUDIT_SUCCESS",
          "providerName": "Microsoft-Windows-Security-Auditing"
        }
      }
    },
    "rule": {
      "mail": false,
      "level": 3,
      "pci_dss": [
        "10.2.5"
      ],
      "hipaa": [
        "164.312.b"
      ],
      "tsc": [
        "CC6.8",
        "CC7.2",
        "CC7.3"
      ],
      "description": "Windows Logon Success",
      "groups": [
        "windows",
        "windows_security",
        "authentication_success"
      ],
      "nist_800_53": [
        "AU.14",
        "AC.9"
      ],
      "gdpr": [
        "IV_32.2"
      ],
      "firedtimes": 6,
      "mitre": {
        "technique": [
          "Valid Accounts"
        ],
        "id": [
          "T1078"
        ],
        "tactic": [
          "Defense Evasion",
          "Persistence",
          "Privilege Escalation",
          "Initial Access"
        ]
      },
      "id": "60106",
      "gpg13": [
        "7.1",
        "7.2"
      ]
    },
    "location": "EventChannel",
    "decoder": {
      "name": "windows_eventchannel"
    },
    "id": "1779768417.3352983",
    "timestamp": "2026-05-26T04:06:57.114+0000"
  },
  {
    "input": {
      "type": "log"
    },
    "agent": {
      "ip": "172.21.5.119",
      "name": "KS_05_005",
      "id": "021"
    },
    "manager": {
      "name": "wazuh.manager"
    },
    "data": {
      "win": {
        "eventdata": {
          "targetLogonId": "0x10ca23",
          "targetUserName": "KS_05_005$",
          "targetDomainName": "ARZW",
          "targetUserSid": "S-1-5-18",
          "logonType": "3"
        },
        "system": {
          "eventID": "4634",
          "keywords": "0x8020000000000000",
          "providerGuid": "{54849625-5478-4994-a5ba-3e3b0328c30d}",
          "level": "0",
          "channel": "Security",
          "opcode": "0",
          "message": "\"Ein Konto wurde abgemeldet.\r\n\r\nAntragsteller:\r\n\tSicherheits-ID:\t\tS-1-5-18\r\n\tKontoname:\t\tKS_05_005$\r\n\tKontodomäne:\t\tARZW\r\n\tAnmelde-ID:\t\t0x10CA23\r\n\r\nAnmeldetyp:\t\t\t3\r\n\r\nDieses Ereignis wird generiert, wenn eine Anmeldesitzung zerstört wird. Es kann anhand des Wertes der Anmelde-ID positiv mit einem Anmeldeereignis korreliert werden. Anmelde-IDs sind nur zwischen Neustarts auf demselben Computer eindeutig.\"",
          "version": "0",
          "systemTime": "2026-05-26T04:06:58.8563288Z",
          "eventRecordID": "1574899",
          "threadID": "10112",
          "computer": "KS_05_005.arzw.local",
          "task": "12545",
          "processID": "984",
          "severityValue": "AUDIT_SUCCESS",
          "providerName": "Microsoft-Windows-Security-Auditing"
        }
      }
    },
    "rule": {
      "firedtimes": 5,
      "mail": false,
      "level": 3,
      "pci_dss": [
        "10.2.5"
      ],
      "hipaa": [
        "164.312.b"
      ],
      "tsc": [
        "CC6.8",
        "CC7.2",
        "CC7.3"
      ],
      "description": "Windows User Logoff",
      "groups": [
        "windows",
        "windows_security"
      ],
      "id": "60137",
      "nist_800_53": [
        "AU.14",
        "AC.7"
      ],
      "gdpr": [
        "IV_32.2"
      ]
    },
    "location": "EventChannel",
    "decoder": {
      "name": "windows_eventchannel"
    },
    "id": "1779768416.3350555",
    "timestamp": "2026-05-26T04:06:56.973+0000"
  },
  {
    "input": {
      "type": "log"
    },
    "agent": {
      "ip": "172.21.5.119",
      "name": "KS_05_005",
      "id": "021"
    },
    "manager": {
      "name": "wazuh.manager"
    },
    "data": {
      "win": {
        "eventdata": {
          "subjectLogonId": "0x0",
          "targetLinkedLogonId": "0x0",
          "impersonationLevel": "%%1833",
          "authenticationPackageName": "Kerberos",
          "targetLogonId": "0x10ca23",
          "logonProcessName": "Kerberos",
          "logonGuid": "{ac8d1a02-6983-6f52-a312-799674be517c}",
          "targetUserName": "KS_05_005$",
          "keyLength": "0",
          "elevatedToken": "%%1842",
          "subjectUserSid": "S-1-0-0",
          "processId": "0x0",
          "targetDomainName": "ARZW.LOCAL",
          "targetUserSid": "S-1-5-18",
          "virtualAccount": "%%1843",
          "logonType": "3"
        },
        "system": {
          "eventID": "4624",
          "keywords": "0x8020000000000000",
          "providerGuid": "{54849625-5478-4994-a5ba-3e3b0328c30d}",
          "level": "0",
          "channel": "Security",
          "opcode": "0",
          "message": "\"Ein Konto wurde erfolgreich angemeldet.\r\n\r\nAntragsteller:\r\n\tSicherheits-ID:\t\tS-1-0-0\r\n\tKontoname:\t\t-\r\n\tKontodomäne:\t\t-\r\n\tAnmelde-ID:\t\t0x0\r\n\r\nAnmeldeinformationen:\r\n\tAnmeldetyp:\t\t3\r\n\tEingeschränkter Administratormodus:\t-\r\n\tRemote Credential Guard:\t-\r\n\tVirtuelles Konto:\t\tNein\r\n\tToken mit erhöhten Rechten:\t\tJa\r\n\r\nIdentitätswechselebene:\t\tIdentitätswechsel\r\n\r\nNeue Anmeldung:\r\n\tSicherheits-ID:\t\tS-1-5-18\r\n\tKontoname:\t\tKS_05_005$\r\n\tKontodomäne:\t\tARZW.LOCAL\r\n\tAnmelde-ID:\t\t0x10CA23\r\n\tVerknüpfte Anmelde-ID:\t\t0x0\r\n\tNetzwerk-Kontoname:\t-\r\n\tNetzwerk-Kontodomäne:\t-\r\n\tAnmelde-GUID:\t\t{ac8d1a02-6983-6f52-a312-799674be517c}\r\n\r\nProzessinformationen:\r\n\tProzess-ID:\t\t0x0\r\n\tProzessname:\t\t-\r\n\r\nNetzwerkinformationen:\r\n\tArbeitsstationsname:\t-\r\n\tQuellnetzwerkadresse:\t-\r\n\tQuellport:\t\t-\r\n\r\nDetaillierte Authentifizierungsinformationen:\r\n\tAnmeldeprozess:\t\tKerberos\r\n\tAuthentifizierungspaket:\tKerberos\r\n\tÜbertragene Dienste:\t-\r\n\tPaketname (nur NTLM):\t-\r\n\tSchlüssellänge:\t\t0\r\n\r\nDieses Ereignis wird beim Erstellen einer Anmeldesitzung generiert. Es wird auf dem Computer generiert, auf den zugegriffen wurde.\r\n\r\nDie Antragstellerfelder geben das Konto auf dem lokalen System an, von dem die Anmeldung angefordert wurde. Dies ist meistens ein Dienst wie der Serverdienst oder ein lokaler Prozess wie Winlogon.exe oder Services.exe.\r\n\r\nDas Anmeldetypfeld gibt den jeweiligen Anmeldetyp an. Die häufigsten Typen sind 2 (interaktiv) und 3 (Netzwerk).\r\n\r\nDie Felder für die neue Anmeldung geben das Konto an, für das die neue Anmeldung erstellt wurde, d. h. das angemeldete Konto.\r\n\r\nDie Netzwerkfelder geben den Ursprung einer Remoteanmeldeanforderung an. Der Arbeitsstationsname ist nicht immer verfügbar und kann in manchen Fällen leer bleiben.\r\n\r\nDas Feld für die Identitätswechselebene gibt an, in welchem Umfang ein Prozess in der Anmeldesitzung einen Identitätswechsel vornehmen kann.\r\n\r\nDie Felder für die Authentifizierungsinformationen enthalten detaillierte Informationen zu dieser spezifische Anmeldeanforderung.\r\n\t– Die Anmelde-GUID ist ein eindeutiger Bezeichner, der verwendet werden kann, um dieses Ereignis mit einem KDC-Ereignis zu korrelieren.\r\n\t– Die übertragenen Dienste geben an, welche Zwischendienste an der Anmeldeanforderung beteiligt waren.\r\n\t– Der Paketname gibt das in den NTLM-Protokollen verwendete Unterprotokoll an.\r\n\t– Die Schlüssellänge gibt die Länge des generierten Sitzungsschlüssels an. Wenn kein Sitzungsschlüssel angefordert wurde, ist dieser Wert 0.\"",
          "version": "3",
          "systemTime": "2026-05-26T04:06:58.8412830Z",
          "eventRecordID": "1574898",
          "threadID": "3416",
          "computer": "KS_05_005.arzw.local",
          "task": "12544",
          "processID": "984",
          "severityValue": "AUDIT_SUCCESS",
          "providerName": "Microsoft-Windows-Security-Auditing"
        }
      }
    },
    "rule": {
      "mail": false,
      "level": 3,
      "pci_dss": [
        "10.2.5"
      ],
      "hipaa": [
        "164.312.b"
      ],
      "tsc": [
        "CC6.8",
        "CC7.2",
        "CC7.3"
      ],
      "description": "Windows Logon Success",
      "groups": [
        "windows",
        "windows_security",
        "authentication_success"
      ],
      "nist_800_53": [
        "AU.14",
        "AC.9"
      ],
      "gdpr": [
        "IV_32.2"
      ],
      "firedtimes": 5,
      "mitre": {
        "technique": [
          "Valid Accounts"
        ],
        "id": [
          "T1078"
        ],
        "tactic": [
          "Defense Evasion",
          "Persistence",
          "Privilege Escalation",
          "Initial Access"
        ]
      },
      "id": "60106",
      "gpg13": [
        "7.1",
        "7.2"
      ]
    },
    "location": "EventChannel",
    "decoder": {
      "name": "windows_eventchannel"
    },
    "id": "1779768416.3342974",
    "timestamp": "2026-05-26T04:06:56.942+0000"
  },
  {
    "input": {
      "type": "log"
    },
    "agent": {
      "ip": "172.21.5.119",
      "name": "KS_05_005",
      "id": "021"
    },
    "manager": {
      "name": "wazuh.manager"
    },
    "data": {
      "win": {
        "eventdata": {
          "storePath": "\\\\\\\\?\\\\C:\\\\ProgramData\\\\Microsoft\\\\Windows\\\\WER\\\\ReportQueue\\\\Kernel_0_0_00000000_7449e44e-f584-411c-94ed-f4efc03ece4f",
          "rechecking": "0",
          "bucketType": "0",
          "attachedFiles": "  \\\\\\\\?\\\\C:\\\\Windows\\\\SystemTemp\\\\WER.f47c9d35-9c0e-4483-b7b8-813328f2489f.tmpatk.kdmp  \\\\\\\\?\\\\C:\\\\Windows\\\\SystemTemp\\\\WER.7ad00500-601a-441b-995c-6f4ef8170c7c.tmp.appcompat.txt  \\\\\\\\?\\\\C:\\\\ProgramData\\\\Microsoft\\\\Windows\\\\WER\\\\Temp\\\\WER.a5915c80-c6c0-434e-9a96-4dbe4e0d2119.tmp.WERInternalMetadata.xml  \\\\\\\\?\\\\C:\\\\ProgramData\\\\Microsoft\\\\Windows\\\\WER\\\\Temp\\\\WER.64d7a2a4-7d6a-4be0-a352-6fe3047d0e11.tmp.csv  \\\\\\\\?\\\\C:\\\\ProgramData\\\\Microsoft\\\\Windows\\\\WER\\\\Temp\\\\WER.09dc9342-df41-40e0-be0e-a0e7c2feea61.tmp.txt  \\\\\\\\?\\\\C:\\\\ProgramData\\\\Microsoft\\\\Windows\\\\WER\\\\Temp\\\\WER.896ec4b4-0b9a-4bfd-91ad-e9669f615146.tmp.xml",
          "reportId": "10bfd3a4-a241-4d4b-9297-6fc4bfaccd79",
          "response": "Nicht verfügbar",
          "eventName": "AppTermFailureEvent",
          "reportStatus": "2051",
          "cabGuid": "0",
          "cabId": "0"
        },
        "system": {
          "eventID": "1001",
          "keywords": "0x8000000000000000",
          "providerGuid": "{0ead09bd-2157-539a-8d6d-c87f95b64d70}",
          "level": "4",
          "channel": "Application",
          "opcode": "0",
          "message": "\"Fehlerbucket , Typ 0\r\nEreignisname: AppTermFailureEvent\r\nAntwort: Nicht verfügbar\r\nCAB-Datei-ID: 0\r\n\r\nProblemsignatur:\r\nP1: \r\nP2: \r\nP3: \r\nP4: \r\nP5: \r\nP6: \r\nP7: \r\nP8: \r\nP9: \r\nP10: \r\n\r\nAngefügte Dateien:\r\n\\\\?\\C:\\Windows\\SystemTemp\\WER.f47c9d35-9c0e-4483-b7b8-813328f2489f.tmpatk.kdmp\r\n\\\\?\\C:\\Windows\\SystemTemp\\WER.7ad00500-601a-441b-995c-6f4ef8170c7c.tmp.appcompat.txt\r\n\\\\?\\C:\\ProgramData\\Microsoft\\Windows\\WER\\Temp\\WER.a5915c80-c6c0-434e-9a96-4dbe4e0d2119.tmp.WERInternalMetadata.xml\r\n\\\\?\\C:\\ProgramData\\Microsoft\\Windows\\WER\\Temp\\WER.64d7a2a4-7d6a-4be0-a352-6fe3047d0e11.tmp.csv\r\n\\\\?\\C:\\ProgramData\\Microsoft\\Windows\\WER\\Temp\\WER.09dc9342-df41-40e0-be0e-a0e7c2feea61.tmp.txt\r\n\\\\?\\C:\\ProgramData\\Microsoft\\Windows\\WER\\Temp\\WER.896ec4b4-0b9a-4bfd-91ad-e9669f615146.tmp.xml\r\n\r\nDiese Dateien befinden sich möglicherweise hier:\r\n\\\\?\\C:\\ProgramData\\Microsoft\\Windows\\WER\\ReportQueue\\Kernel_0_0_00000000_7449e44e-f584-411c-94ed-f4efc03ece4f\r\n\r\nAnalysesymbol: \r\nEs wird erneut nach einer Lösung gesucht: 0\r\nBerichts-ID: 10bfd3a4-a241-4d4b-9297-6fc4bfaccd79\r\nBerichtstatus: 2051\r\nBucket mit Hash: \r\nCAB-Datei-Guid: 0\"",
          "version": "0",
          "systemTime": "2026-05-26T04:06:58.3910692Z",
          "eventRecordID": "85899",
          "threadID": "10756",
          "computer": "KS_05_005.arzw.local",
          "task": "0",
          "processID": "10752",
          "severityValue": "INFORMATION",
          "providerName": "Windows Error Reporting"
        }
      }
    },
    "rule": {
      "firedtimes": 3,
      "mail": false,
      "level": 4,
      "description": "Summary event of the report's signatures.",
      "groups": [
        "windows",
        "windows_application"
      ],
      "id": "60608"
    },
    "location": "EventChannel",
    "decoder": {
      "name": "windows_eventchannel"
    },
    "id": "1779768416.3337313",
    "timestamp": "2026-05-26T04:06:56.659+0000"
  },
  {
    "input": {
      "type": "log"
    },
    "agent": {
      "ip": "172.21.5.119",
      "name": "KS_05_005",
      "id": "021"
    },
    "manager": {
      "name": "wazuh.manager"
    },
    "data": {
      "win": {
        "eventdata": {
          "targetLogonId": "0x5cce9",
          "targetUserName": "KS_05_005$",
          "targetDomainName": "ARZW",
          "targetUserSid": "S-1-5-18",
          "logonType": "3"
        },
        "system": {
          "eventID": "4634",
          "keywords": "0x8020000000000000",
          "providerGuid": "{54849625-5478-4994-a5ba-3e3b0328c30d}",
          "level": "0",
          "channel": "Security",
          "opcode": "0",
          "message": "\"Ein Konto wurde abgemeldet.\r\n\r\nAntragsteller:\r\n\tSicherheits-ID:\t\tS-1-5-18\r\n\tKontoname:\t\tKS_05_005$\r\n\tKontodomäne:\t\tARZW\r\n\tAnmelde-ID:\t\t0x5CCE9\r\n\r\nAnmeldetyp:\t\t\t3\r\n\r\nDieses Ereignis wird generiert, wenn eine Anmeldesitzung zerstört wird. Es kann anhand des Wertes der Anmelde-ID positiv mit einem Anmeldeereignis korreliert werden. Anmelde-IDs sind nur zwischen Neustarts auf demselben Computer eindeutig.\"",
          "version": "0",
          "systemTime": "2026-05-26T04:06:36.5800388Z",
          "eventRecordID": "1574523",
          "threadID": "3416",
          "computer": "KS_05_005.arzw.local",
          "task": "12545",
          "processID": "984",
          "severityValue": "AUDIT_SUCCESS",
          "providerName": "Microsoft-Windows-Security-Auditing"
        }
      }
    },
    "rule": {
      "firedtimes": 4,
      "mail": false,
      "level": 3,
      "pci_dss": [
        "10.2.5"
      ],
      "hipaa": [
        "164.312.b"
      ],
      "tsc": [
        "CC6.8",
        "CC7.2",
        "CC7.3"
      ],
      "description": "Windows User Logoff",
      "groups": [
        "windows",
        "windows_security"
      ],
      "id": "60137",
      "nist_800_53": [
        "AU.14",
        "AC.7"
      ],
      "gdpr": [
        "IV_32.2"
      ]
    },
    "location": "EventChannel",
    "decoder": {
      "name": "windows_eventchannel"
    },
    "id": "1779768410.3331157",
    "timestamp": "2026-05-26T04:06:50.352+0000"
  },
