  {
    "input": {
      "type": "log"
    },
    "agent": {
      "ip": "172.21.4.216",
      "name": "KS_01_003",
      "id": "015"
    },
    "manager": {
      "name": "wazuh.manager"
    },
    "data": {
      "win": {
        "eventdata": {
          "data": "AcroCEF.exe, 26.1.21563.0, 6a04e5da, KERNELBASE.dll, 10.0.19041.6280, 56511854, c06d007e, 0000000000025369, 23e0, 01dcecf56a9ac11e, C:\\\\Program Files\\\\Adobe\\\\Acrobat DC\\\\Acrobat\\\\AcroCEF\\\\AcroCEF.exe, C:\\\\WINDOWS\\\\System32\\\\KERNELBASE.dll, 75da0925-b4a4-4c1e-9ebe-d6d5ffdad810"
        },
        "system": {
          "eventID": "1000",
          "keywords": "0x80000000000000",
          "level": "2",
          "channel": "Application",
          "opcode": "0",
          "message": "\"Name der fehlerhaften Anwendung: AcroCEF.exe, Version: 26.1.21563.0, Zeitstempel: 0x6a04e5da\r\nName des fehlerhaften Moduls: KERNELBASE.dll, Version: 10.0.19041.6280, Zeitstempel: 0x56511854\r\nAusnahmecode: 0xc06d007e\r\nFehleroffset: 0x0000000000025369\r\nID des fehlerhaften Prozesses: 0x23e0\r\nStartzeit der fehlerhaften Anwendung: 0x01dcecf56a9ac11e\r\nPfad der fehlerhaften Anwendung: C:\\Program Files\\Adobe\\Acrobat DC\\Acrobat\\AcroCEF\\AcroCEF.exe\r\nPfad des fehlerhaften Moduls: C:\\WINDOWS\\System32\\KERNELBASE.dll\r\nBerichtskennung: 75da0925-b4a4-4c1e-9ebe-d6d5ffdad810\r\nVollständiger Name des fehlerhaften Pakets: \r\nAnwendungs-ID, die relativ zum fehlerhaften Paket ist: \"",
          "version": "0",
          "systemTime": "2026-05-26T09:52:51.6815391Z",
          "eventRecordID": "237505",
          "threadID": "0",
          "computer": "KS_01_003.arzw.local",
          "task": "100",
          "processID": "0",
          "severityValue": "ERROR",
          "providerName": "Application Error"
        }
      }
    },
    "rule": {
      "firedtimes": 15,
      "mail": false,
      "level": 9,
      "description": "Windows application error event.",
      "groups": [
        "windows",
        "windows_application",
        "system_error"
      ],
      "id": "60602",
      "gdpr": [
        "IV_35.7.d"
      ],
      "gpg13": [
        "4.3"
      ]
    },
    "location": "EventChannel",
    "decoder": {
      "name": "windows_eventchannel"
    },
    "id": "1779789171.21023025",
    "timestamp": "2026-05-26T09:52:51.866+0000"
  },
  {
    "input": {
      "type": "log"
    },
    "agent": {
      "ip": "172.21.4.216",
      "name": "KS_01_003",
      "id": "015"
    },
    "manager": {
      "name": "wazuh.manager"
    },
    "data": {
      "win": {
        "eventdata": {
          "data": "2126-05-02T09:41:21Z, RulesEngine"
        },
        "system": {
          "eventID": "16384",
          "eventSourceName": "Software Protection Platform Service",
          "keywords": "0x80000000000000",
          "providerGuid": "{E23B33B0-C8C9-472C-A5F9-F2BDFEA0F156}",
          "level": "4",
          "channel": "Application",
          "opcode": "0",
          "message": "\"Der Softwareschutzdienst wurde erfolgreich für den erneuten Start bei 2126-05-02T09:41:21Z geplant. Grund: RulesEngine.\"",
          "version": "0",
          "systemTime": "2026-05-26T09:41:21.2835920Z",
          "eventRecordID": "237503",
          "threadID": "0",
          "computer": "KS_01_003.arzw.local",
          "task": "0",
          "processID": "0",
          "severityValue": "INFORMATION",
          "providerName": "Microsoft-Windows-Security-SPP"
        }
      }
    },
    "rule": {
      "firedtimes": 106,
      "mail": false,
      "level": 3,
      "description": "Software protection service scheduled successfully.",
      "groups": [
        "windows",
        "windows_application"
      ],
      "id": "60642"
    },
    "location": "EventChannel",
    "decoder": {
      "name": "windows_eventchannel"
    },
    "id": "1779788481.20713799",
    "timestamp": "2026-05-26T09:41:21.423+0000"
  },
  {
    "input": {
      "type": "log"
    },
    "agent": {
      "ip": "172.21.4.216",
      "name": "KS_01_003",
      "id": "015"
    },
    "manager": {
      "name": "wazuh.manager"
    },
    "data": {
      "win": {
        "eventdata": {
          "param3": "Manuell starten",
          "param4": "BITS",
          "param1": "Background Intelligent Transfer Service",
          "param2": "Automatisch starten"
        },
        "system": {
          "eventID": "7040",
          "eventSourceName": "Service Control Manager",
          "keywords": "0x8080000000000000",
          "providerGuid": "{555908d1-a6d7-4695-8e1e-26931d2012f4}",
          "level": "4",
          "channel": "System",
          "opcode": "0",
          "message": "\"Der Starttyp des Diensts \"Background Intelligent Transfer Service\" wurde von Automatisch starten in Manuell starten geändert.\"",
          "version": "0",
          "systemTime": "2026-05-26T09:35:52.7731839Z",
          "eventRecordID": "183073",
          "threadID": "11780",
          "computer": "KS_01_003.arzw.local",
          "task": "0",
          "processID": "700",
          "severityValue": "INFORMATION",
          "providerName": "Service Control Manager"
        }
      }
    },
    "rule": {
      "firedtimes": 12,
      "mail": false,
      "level": 3,
      "pci_dss": [
        "10.6"
      ],
      "hipaa": [
        "164.312.b"
      ],
      "tsc": [
        "CC6.1",
        "CC6.8",
        "CC7.2",
        "CC7.3"
      ],
      "description": "Service startup type was changed",
      "groups": [
        "windows",
        "windows_system",
        "policy_changed"
      ],
      "id": "61104",
      "nist_800_53": [
        "AU.6"
      ],
      "info": "This does not appear to be logged on Windows 2000",
      "gdpr": [
        "IV_35.7.d"
      ]
    },
    "location": "EventChannel",
    "decoder": {
      "name": "windows_eventchannel"
    },
    "id": "1779788153.20571924",
    "timestamp": "2026-05-26T09:35:53.913+0000"
  },
  {
    "input": {
      "type": "log"
    },
    "agent": {
      "ip": "172.21.4.216",
      "name": "KS_01_003",
      "id": "015"
    },
    "manager": {
      "name": "wazuh.manager"
    },
    "data": {
      "win": {
        "eventdata": {
          "param3": "Automatisch starten",
          "param4": "BITS",
          "param1": "Background Intelligent Transfer Service",
          "param2": "Manuell starten"
        },
        "system": {
          "eventID": "7040",
          "eventSourceName": "Service Control Manager",
          "keywords": "0x8080000000000000",
          "providerGuid": "{555908d1-a6d7-4695-8e1e-26931d2012f4}",
          "level": "4",
          "channel": "System",
          "opcode": "0",
          "message": "\"Der Starttyp des Diensts \"Background Intelligent Transfer Service\" wurde von Manuell starten in Automatisch starten geändert.\"",
          "version": "0",
          "systemTime": "2026-05-26T09:33:47.9915828Z",
          "eventRecordID": "183072",
          "threadID": "13252",
          "computer": "KS_01_003.arzw.local",
          "task": "0",
          "processID": "700",
          "severityValue": "INFORMATION",
          "providerName": "Service Control Manager"
        }
      }
    },
    "rule": {
      "firedtimes": 11,
      "mail": false,
      "level": 3,
      "pci_dss": [
        "10.6"
      ],
      "hipaa": [
        "164.312.b"
      ],
      "tsc": [
        "CC6.1",
        "CC6.8",
        "CC7.2",
        "CC7.3"
      ],
      "description": "Service startup type was changed",
      "groups": [
        "windows",
        "windows_system",
        "policy_changed"
      ],
      "id": "61104",
      "nist_800_53": [
        "AU.6"
      ],
      "info": "This does not appear to be logged on Windows 2000",
      "gdpr": [
        "IV_35.7.d"
      ]
    },
    "location": "EventChannel",
    "decoder": {
      "name": "windows_eventchannel"
    },
    "id": "1779788029.20511540",
    "timestamp": "2026-05-26T09:33:49.160+0000"
  },
  {
    "input": {
      "type": "log"
    },
    "agent": {
      "ip": "172.21.4.216",
      "name": "KS_01_003",
      "id": "015"
    },
    "manager": {
      "name": "wazuh.manager"
    },
    "data": {
      "win": {
        "eventdata": {
          "data": "2126-05-02T08:51:51Z, RulesEngine"
        },
        "system": {
          "eventID": "16384",
          "eventSourceName": "Software Protection Platform Service",
          "keywords": "0x80000000000000",
          "providerGuid": "{E23B33B0-C8C9-472C-A5F9-F2BDFEA0F156}",
          "level": "4",
          "channel": "Application",
          "opcode": "0",
          "message": "\"Der Softwareschutzdienst wurde erfolgreich für den erneuten Start bei 2126-05-02T08:51:51Z geplant. Grund: RulesEngine.\"",
          "version": "0",
          "systemTime": "2026-05-26T08:51:51.5976297Z",
          "eventRecordID": "237501",
          "threadID": "0",
          "computer": "KS_01_003.arzw.local",
          "task": "0",
          "processID": "0",
          "severityValue": "INFORMATION",
          "providerName": "Microsoft-Windows-Security-SPP"
        }
      }
    },
    "rule": {
      "firedtimes": 177,
      "mail": false,
      "level": 3,
      "description": "Software protection service scheduled successfully.",
      "groups": [
        "windows",
        "windows_application"
      ],
      "id": "60642"
    },
    "location": "EventChannel",
    "decoder": {
      "name": "windows_eventchannel"
    },
    "id": "1779785511.19466580",
    "timestamp": "2026-05-26T08:51:51.699+0000"
  },
  {
    "input": {
      "type": "log"
    },
    "agent": {
      "ip": "172.21.4.216",
      "name": "KS_01_003",
      "id": "015"
    },
    "manager": {
      "name": "wazuh.manager"
    },
    "data": {
      "win": {
        "eventdata": {
          "param5": "Neustart des Diensts",
          "binary": "74006100630074006900630061006C0072006D006D000000",
          "param3": "12000",
          "param4": "1",
          "param1": "TacticalRMM Agent Service",
          "param2": "1"
        },
        "system": {
          "eventID": "7031",
          "eventSourceName": "Service Control Manager",
          "keywords": "0x8080000000000000",
          "providerGuid": "{555908d1-a6d7-4695-8e1e-26931d2012f4}",
          "level": "2",
          "channel": "System",
          "opcode": "0",
          "message": "\"Der Dienst \"TacticalRMM Agent Service\" wurde unerwartet beendet. Dies ist bereits 1 Mal vorgekommen. Folgende Korrekturmaßnahmen werden in 12000 Millisekunden durchgeführt: Neustart des Diensts.\"",
          "version": "0",
          "systemTime": "2026-05-26T08:50:10.6368937Z",
          "eventRecordID": "183069",
          "threadID": "13140",
          "computer": "KS_01_003.arzw.local",
          "task": "0",
          "processID": "700",
          "severityValue": "ERROR",
          "providerName": "Service Control Manager"
        }
      }
    },
    "rule": {
      "firedtimes": 133,
      "mail": false,
      "level": 5,
      "description": "TacticalRMM Agent Service terminated unexpectedly",
      "groups": [
        "windows",
        "windows_system"
      ],
      "id": "61107"
    },
    "location": "EventChannel",
    "decoder": {
      "name": "windows_eventchannel"
    },
    "id": "1779785411.19432359",
    "timestamp": "2026-05-26T08:50:11.662+0000"
  },
  {
    "input": {
      "type": "log"
    },
    "agent": {
      "ip": "172.21.4.216",
      "name": "KS_01_003",
      "id": "015"
    },
    "manager": {
      "name": "wazuh.manager"
    },
    "data": {
      "win": {
        "eventdata": {
          "binary": "2D20436F64653A2020434F525356434330303030303737342D2043616C6C3A2020434F525356434330303030303735362D205049443A202030303030393539322D205449443A202030303031333332382D20434D443A2020433A5C57494E444F57535C73797374656D33325C76737376632E6578652020202D20557365723A204E616D653A204E542D4155544F524954C4545C53595354454D2C205349443A532D312D352D313820"
        },
        "system": {
          "eventID": "8224",
          "keywords": "0x80000000000000",
          "level": "4",
          "channel": "Application",
          "opcode": "0",
          "message": "\"Der VSS-Dienst wird aufgrund eines Leerlaufzeitlimits heruntergefahren. \"",
          "version": "0",
          "systemTime": "2026-05-26T08:45:54.6626108Z",
          "eventRecordID": "237499",
          "threadID": "0",
          "computer": "KS_01_003.arzw.local",
          "task": "0",
          "processID": "0",
          "severityValue": "INFORMATION",
          "providerName": "VSS"
        }
      }
    },
    "rule": {
      "firedtimes": 3,
      "mail": false,
      "level": 5,
      "description": "The VSS service is shutting down due to idle timeout.",
      "groups": [
        "windows",
        "windows_application"
      ],
      "id": "60702"
    },
    "location": "EventChannel",
    "decoder": {
      "name": "windows_eventchannel"
    },
    "id": "1779785154.19308984",
    "timestamp": "2026-05-26T08:45:54.673+0000"
  },
  {
    "input": {
      "type": "log"
    },
    "agent": {
      "ip": "172.21.4.216",
      "name": "KS_01_003",
      "id": "015"
    },
    "manager": {
      "name": "wazuh.manager"
    },
    "data": {
      "win": {
        "eventdata": {
          "data": "2126-05-02T08:44:54Z, RulesEngine"
        },
        "system": {
          "eventID": "16384",
          "eventSourceName": "Software Protection Platform Service",
          "keywords": "0x80000000000000",
          "providerGuid": "{E23B33B0-C8C9-472C-A5F9-F2BDFEA0F156}",
          "level": "4",
          "channel": "Application",
          "opcode": "0",
          "message": "\"Der Softwareschutzdienst wurde erfolgreich für den erneuten Start bei 2126-05-02T08:44:54Z geplant. Grund: RulesEngine.\"",
          "version": "0",
          "systemTime": "2026-05-26T08:44:54.8142394Z",
          "eventRecordID": "237498",
          "threadID": "0",
          "computer": "KS_01_003.arzw.local",
          "task": "0",
          "processID": "0",
          "severityValue": "INFORMATION",
          "providerName": "Microsoft-Windows-Security-SPP"
        }
      }
    },
    "rule": {
      "firedtimes": 155,
      "mail": false,
      "level": 3,
      "description": "Software protection service scheduled successfully.",
      "groups": [
        "windows",
        "windows_application"
      ],
      "id": "60642"
    },
    "location": "EventChannel",
    "decoder": {
      "name": "windows_eventchannel"
    },
    "id": "1779785094.19291579",
    "timestamp": "2026-05-26T08:44:54.767+0000"
  },
  {
    "input": {
      "type": "log"
    },
    "agent": {
      "ip": "172.21.4.216",
      "name": "KS_01_003",
      "id": "015"
    },
    "manager": {
      "name": "wazuh.manager"
    },
    "data": {
      "win": {
        "eventdata": {
          "data": "2126-05-02T08:42:13Z, RulesEngine"
        },
        "system": {
          "eventID": "16384",
          "eventSourceName": "Software Protection Platform Service",
          "keywords": "0x80000000000000",
          "providerGuid": "{E23B33B0-C8C9-472C-A5F9-F2BDFEA0F156}",
          "level": "4",
          "channel": "Application",
          "opcode": "0",
          "message": "\"Der Softwareschutzdienst wurde erfolgreich für den erneuten Start bei 2126-05-02T08:42:13Z geplant. Grund: RulesEngine.\"",
          "version": "0",
          "systemTime": "2026-05-26T08:42:13.3279335Z",
          "eventRecordID": "237494",
          "threadID": "0",
          "computer": "KS_01_003.arzw.local",
          "task": "0",
          "processID": "0",
          "severityValue": "INFORMATION",
          "providerName": "Microsoft-Windows-Security-SPP"
        }
      }
    },
    "rule": {
      "firedtimes": 146,
      "mail": false,
      "level": 3,
      "description": "Software protection service scheduled successfully.",
      "groups": [
        "windows",
        "windows_application"
      ],
      "id": "60642"
    },
    "location": "EventChannel",
    "decoder": {
      "name": "windows_eventchannel"
    },
    "id": "1779784933.19204336",
    "timestamp": "2026-05-26T08:42:13.286+0000"
  },
  {
    "input": {
      "type": "log"
    },
    "agent": {
      "ip": "172.21.4.216",
      "name": "KS_01_003",
      "id": "015"
    },
    "manager": {
      "name": "wazuh.manager"
    },
    "data": {
      "win": {
        "eventdata": {
          "data": "C:\\\\WINDOWS\\\\system32\\\\srtasks.exe ExecuteScheduledSPPCreation, Geplanter Prüfpunkt",
          "binary": "0000000067020000590200000000000022CE28677C6DDA79E28C1C000000000000000000"
        },
        "system": {
          "eventID": "8194",
          "keywords": "0x80000000000000",
          "level": "4",
          "channel": "Application",
          "opcode": "0",
          "message": "\"Der Wiederherstellungspunkt wurde erfolgreich erstellt (Prozess = C:\\WINDOWS\\system32\\srtasks.exe ExecuteScheduledSPPCreation; Beschreibung = Geplanter Prüfpunkt).\"",
          "version": "0",
          "systemTime": "2026-05-26T08:42:01.4075838Z",
          "eventRecordID": "237489",
          "threadID": "0",
          "computer": "KS_01_003.arzw.local",
          "task": "0",
          "processID": "0",
          "severityValue": "INFORMATION",
          "providerName": "System Restore"
        }
      }
    },
    "rule": {
      "firedtimes": 3,
      "mail": false,
      "level": 3,
      "description": "Restore point successfully created.",
      "groups": [
        "windows",
        "windows_application"
      ],
      "id": "60718"
    },
    "location": "EventChannel",
    "decoder": {
      "name": "windows_eventchannel"
    },
    "id": "1779784922.19200446",
    "timestamp": "2026-05-26T08:42:02.396+0000"
  },
  {
    "input": {
      "type": "log"
    },
    "agent": {
      "ip": "172.21.4.216",
      "name": "KS_01_003",
      "id": "015"
    },
    "manager": {
      "name": "wazuh.manager"
    },
    "data": {
      "win": {
        "eventdata": {
          "param3": "Manuell starten",
          "param4": "BITS",
          "param1": "Background Intelligent Transfer Service",
          "param2": "Automatisch starten"
        },
        "system": {
          "eventID": "7040",
          "eventSourceName": "Service Control Manager",
          "keywords": "0x8080000000000000",
          "providerGuid": "{555908d1-a6d7-4695-8e1e-26931d2012f4}",
          "level": "4",
          "channel": "System",
          "opcode": "0",
          "message": "\"Der Starttyp des Diensts \"Background Intelligent Transfer Service\" wurde von Automatisch starten in Manuell starten geändert.\"",
          "version": "0",
          "systemTime": "2026-05-26T08:41:52.7721483Z",
          "eventRecordID": "183062",
          "threadID": "7852",
          "computer": "KS_01_003.arzw.local",
          "task": "0",
          "processID": "700",
          "severityValue": "INFORMATION",
          "providerName": "Service Control Manager"
        }
      }
    },
    "rule": {
      "firedtimes": 31,
      "mail": false,
      "level": 3,
      "pci_dss": [
        "10.6"
      ],
      "hipaa": [
        "164.312.b"
      ],
      "tsc": [
        "CC6.1",
        "CC6.8",
        "CC7.2",
        "CC7.3"
      ],
      "description": "Service startup type was changed",
      "groups": [
        "windows",
        "windows_system",
        "policy_changed"
      ],
      "id": "61104",
      "nist_800_53": [
        "AU.6"
      ],
      "info": "This does not appear to be logged on Windows 2000",
      "gdpr": [
        "IV_35.7.d"
      ]
    },
    "location": "EventChannel",
    "decoder": {
      "name": "windows_eventchannel"
    },
    "id": "1779784913.19194900",
    "timestamp": "2026-05-26T08:41:53.700+0000"
  },
  {
    "input": {
      "type": "log"
    },
    "agent": {
      "ip": "172.21.4.216",
      "name": "KS_01_003",
      "id": "015"
    },
    "manager": {
      "name": "wazuh.manager"
    },
    "data": {
      "win": {
        "eventdata": {
          "data": "svchost, 9100,D,50, DS_Token_DB:, 1, C:\\\\WINDOWS\\\\system32\\\\config\\\\systemprofile\\\\AppData\\\\Local\\\\DataSharing\\\\Storage\\\\DSTokenDB2.dat, 0,  [1] 0.000004 +J(0) [2] 0.000847 -0.000564 (1) WT +J(0) +M(C:0K, Fs:17, WS:4K # 12K, PF:4K # 0K, P:4K) [3] 0.012885 -0.002918 (6) WT +J(CM:0, PgRf:0, Rd:0/0, Dy:0/0, Lg:3480/2) +M(C:0K, Fs:10, WS:36K # 0K, PF:32K # 0K, P:32K) [4] 0.004839 +J(0) [5] - [6] - [7] - [8] 0.000656 -0.000475 (2) CM -0.000364 (2) WT +J(CM:2, PgRf:2, Rd:4/2, Dy:0/0, Lg:54/1) +M(C:8K, Fs:5, WS:20K # 0K, PF:32K # 0K, P:32K) [9] 0.003690 -0.003356 (3) CM -0.003207 (3) WT +J(CM:3, PgRf:23, Rd:0/3, Dy:0/0, Lg:0/0) +M(C:0K, Fs:27, WS:100K # 96K, PF:196K # 204K, P:196K) [10] 0.000662 -0.000527 (3) CM -0.000433 (3) WT +J(CM:3, PgRf:40, Rd:0/3, Dy:0/0, Lg:0/0) +M(C:0K, Fs:2, WS:4K # 0K, PF:68K # 60K, P:68K) [11] 0.000188 -0.000157 (1) CM -0.000128 (1) WT +J(CM:1, PgRf:1, Rd:0/1, Dy:0/0, Lg:0/0) +M(C:0K, Fs:2, WS:8K # 8K, PF:0K # 0K, P:0K) [12] 0.000235 -0.000161 (1) CM -0.000132 (1) WT +J(CM:1, PgRf:42, Rd:0/1, Dy:0/0, Lg:0/0) +M(C:0K, Fs:8, WS:32K # 32K, PF:52K # 52K, P:52K) [13] 0.000001 +J(0) [14] 0.0 +J(0) [15] 0.000184 -0.000161 (1) CM -0.000132 (1) WT +J(CM:1, PgRf:1, Rd:0/1, Dy:0/0, Lg:0/0) +M(C:0K, Fs:2, WS:8K # 8K, PF:0K # 0K, P:0K)., 1 0, lgposAttach = 00000059:000D:0268, dbv = 1568.110.240"
        },
        "system": {
          "eventID": "326",
          "keywords": "0x80000000000000",
          "level": "4",
          "channel": "Application",
          "opcode": "0",
          "message": "\"svchost (9100,D,50) DS_Token_DB: The database engine attached a database (1, C:\\WINDOWS\\system32\\config\\systemprofile\\AppData\\Local\\DataSharing\\Storage\\DSTokenDB2.dat). (Time=0 seconds) \r\n \r\nSaved Cache: 1 0 \r\nAdditional Data: lgposAttach = 00000059:000D:0268,\ndbv = 1568.110.240 \r\n \r\nInternal Timing Sequence: \n[1] 0.000004 +J(0)\n[2] 0.000847 -0.000564 (1) WT +J(0) +M(C:0K, Fs:17, WS:4K # 12K, PF:4K # 0K, P:4K)\n[3] 0.012885 -0.002918 (6) WT +J(CM:0, PgRf:0, Rd:0/0, Dy:0/0, Lg:3480/2) +M(C:0K, Fs:10, WS:36K # 0K, PF:32K # 0K, P:32K)\n[4] 0.004839 +J(0)\n[5] -\n[6] -\n[7] -\n[8] 0.000656 -0.000475 (2) CM -0.000364 (2) WT +J(CM:2, PgRf:2, Rd:4/2, Dy:0/0, Lg:54/1) +M(C:8K, Fs:5, WS:20K # 0K, PF:32K # 0K, P:32K)\n[9] 0.003690 -0.003356 (3) CM -0.003207 (3) WT +J(CM:3, PgRf:23, Rd:0/3, Dy:0/0, Lg:0/0) +M(C:0K, Fs:27, WS:100K # 96K, PF:196K # 204K, P:196K)\n[10] 0.000662 -0.000527 (3) CM -0.000433 (3) WT +J(CM:3, PgRf:40, Rd:0/3, Dy:0/0, Lg:0/0) +M(C:0K, Fs:2, WS:4K # 0K, PF:68K # 60K, P:68K)\n[11] 0.000188 -0.000157 (1) CM -0.000128 (1) WT +J(CM:1, PgRf:1, Rd:0/1, Dy:0/0, Lg:0/0) +M(C:0K, Fs:2, WS:8K # 8K, PF:0K # 0K, P:0K)\n[12] 0.000235 -0.000161 (1) CM -0.000132 (1) WT +J(CM:1, PgRf:42, Rd:0/1, Dy:0/0, Lg:0/0) +M(C:0K, Fs:8, WS:32K # 32K, PF:52K # 52K, P:52K)\n[13] 0.000001 +J(0)\n[14] 0.0 +J(0)\n[15] 0.000184 -0.000161 (1) CM -0.000132 (1) WT +J(CM:1, PgRf:1, Rd:0/1, Dy:0/0, Lg:0/0) +M(C:0K, Fs:2, WS:8K # 8K, PF:0K # 0K, P:0K).\"",
          "version": "0",
          "systemTime": "2026-05-26T08:41:22.3328286Z",
          "eventRecordID": "237487",
          "threadID": "0",
          "computer": "KS_01_003.arzw.local",
          "task": "1",
          "processID": "0",
          "severityValue": "INFORMATION",
          "providerName": "ESENT"
        }
      }
    },
    "rule": {
      "firedtimes": 4,
      "mail": false,
      "level": 3,
      "description": "The database engine attached a database.",
      "groups": [
        "windows",
        "windows_application"
      ],
      "id": "60798"
    },
    "location": "EventChannel",
    "decoder": {
      "name": "windows_eventchannel"
    },
    "id": "1779784882.19159944",
    "timestamp": "2026-05-26T08:41:22.427+0000"
  },
  {
    "input": {
      "type": "log"
    },
    "agent": {
      "ip": "172.21.4.216",
      "name": "KS_01_003",
      "id": "015"
    },
    "manager": {
      "name": "wazuh.manager"
    },
    "data": {
      "win": {
        "eventdata": {
          "data": "svchost, 9100,U,98, DS_Token_DB:"
        },
        "system": {
          "eventID": "302",
          "keywords": "0x80000000000000",
          "level": "4",
          "channel": "Application",
          "opcode": "0",
          "message": "\"svchost (9100,U,98) DS_Token_DB: Das Datenbankmodul hat erfolgreich die Schritte zur Wiederherstellung abgeschlossen.\"",
          "version": "0",
          "systemTime": "2026-05-26T08:41:22.2859631Z",
          "eventRecordID": "237485",
          "threadID": "0",
          "computer": "KS_01_003.arzw.local",
          "task": "3",
          "processID": "0",
          "severityValue": "INFORMATION",
          "providerName": "ESENT"
        }
      }
    },
    "rule": {
      "firedtimes": 3,
      "mail": false,
      "level": 3,
      "description": "The database engine has completed recovery steps.",
      "groups": [
        "windows",
        "windows_application"
      ],
      "id": "60809"
    },
    "location": "EventChannel",
    "decoder": {
      "name": "windows_eventchannel"
    },
    "id": "1779784882.19158624",
    "timestamp": "2026-05-26T08:41:22.395+0000"
  },
  {
    "input": {
      "type": "log"
    },
    "agent": {
      "ip": "172.21.4.216",
      "name": "KS_01_003",
      "id": "015"
    },
    "manager": {
      "name": "wazuh.manager"
    },
    "data": {
      "win": {
        "eventdata": {
          "data": "svchost, 9100,R,98, DS_Token_DB:, C:\\\\WINDOWS\\\\system32\\\\config\\\\systemprofile\\\\AppData\\\\Local\\\\DataSharing\\\\Storage\\\\DSS.log,  [1] 0.018253 -0.003676 (9) WT +J(CM:0, PgRf:0, Rd:0/0, Dy:0/0, Lg:40560/28) +M(C:0K, Fs:117, WS:256K # 260K, PF:164K # 168K, P:164K)., AttachDB, 3"
        },
        "system": {
          "eventID": "301",
          "keywords": "0x80000000000000",
          "level": "4",
          "channel": "Application",
          "opcode": "0",
          "message": "\"svchost (9100,R,98) DS_Token_DB: The database engine has finished replaying logfile C:\\WINDOWS\\system32\\config\\systemprofile\\AppData\\Local\\DataSharing\\Storage\\DSS.log. \r\n \r\nProcessing Stats: \n[1] 0.018253 -0.003676 (9) WT +J(CM:0, PgRf:0, Rd:0/0, Dy:0/0, Lg:40560/28) +M(C:0K, Fs:117, WS:256K # 260K, PF:164K # 168K, P:164K). \r\nLog record of type 'AttachDB ' was seen most frequently (3 times)\"",
          "version": "0",
          "systemTime": "2026-05-26T08:41:22.2547192Z",
          "eventRecordID": "237484",
          "threadID": "0",
          "computer": "KS_01_003.arzw.local",
          "task": "3",
          "processID": "0",
          "severityValue": "INFORMATION",
          "providerName": "ESENT"
        }
      }
    },
    "rule": {
      "firedtimes": 6,
      "mail": false,
      "level": 3,
      "description": "The database engine is replaying log file C:\\Winnt\\system32\\wins\\j50.log.",
      "groups": [
        "windows",
        "windows_application"
      ],
      "id": "60808"
    },
    "location": "EventChannel",
    "decoder": {
      "name": "windows_eventchannel"
    },
    "id": "1779784882.19156210",
    "timestamp": "2026-05-26T08:41:22.379+0000"
  },
  {
    "input": {
      "type": "log"
    },
    "agent": {
      "ip": "172.21.4.216",
      "name": "KS_01_003",
      "id": "015"
    },
    "manager": {
      "name": "wazuh.manager"
    },
    "data": {
      "win": {
        "eventdata": {
          "data": "svchost, 9100,P,98, DS_Token_DB:, 0, 10, 00, 19045, 0000"
        },
        "system": {
          "eventID": "102",
          "keywords": "0x80000000000000",
          "level": "4",
          "channel": "Application",
          "opcode": "0",
          "message": "\"svchost (9100,P,98) DS_Token_DB: Das Datenbankmodul (10.00.19045.0000) startet eine neue Instanz (0).\"",
          "version": "0",
          "systemTime": "2026-05-26T08:41:22.2234738Z",
          "eventRecordID": "237482",
          "threadID": "0",
          "computer": "KS_01_003.arzw.local",
          "task": "1",
          "processID": "0",
          "severityValue": "INFORMATION",
          "providerName": "ESENT"
        }
      }
    },
    "rule": {
      "firedtimes": 4,
      "mail": false,
      "level": 3,
      "description": "The database engine is starting a new instance.",
      "groups": [
        "windows",
        "windows_application"
      ],
      "id": "60805"
    },
    "location": "EventChannel",
    "decoder": {
      "name": "windows_eventchannel"
    },
    "id": "1779784882.19153604",
    "timestamp": "2026-05-26T08:41:22.373+0000"
  },
  {
    "input": {
      "type": "log"
    },
    "agent": {
      "ip": "172.21.4.216",
      "name": "KS_01_003",
      "id": "015"
    },
    "manager": {
      "name": "wazuh.manager"
    },
    "data": {
      "win": {
        "eventdata": {
          "data": "svchost, 9100,R,98, DS_Token_DB:"
        },
        "system": {
          "eventID": "300",
          "keywords": "0x80000000000000",
          "level": "4",
          "channel": "Application",
          "opcode": "0",
          "message": "\"svchost (9100,R,98) DS_Token_DB: Das Datenbankmodul initiiert Schritte zur Wiederherstellung.\"",
          "version": "0",
          "systemTime": "2026-05-26T08:41:22.2390959Z",
          "eventRecordID": "237483",
          "threadID": "0",
          "computer": "KS_01_003.arzw.local",
          "task": "3",
          "processID": "0",
          "severityValue": "INFORMATION",
          "providerName": "ESENT"
        }
      }
    },
    "rule": {
      "firedtimes": 3,
      "mail": false,
      "level": 3,
      "description": "The database engine is initiating recovery steps.",
      "groups": [
        "windows",
        "windows_application"
      ],
      "id": "60807"
    },
    "location": "EventChannel",
    "decoder": {
      "name": "windows_eventchannel"
    },
    "id": "1779784882.19154938",
    "timestamp": "2026-05-26T08:41:22.373+0000"
  },
  {
    "input": {
      "type": "log"
    },
    "agent": {
      "ip": "172.21.4.216",
      "name": "KS_01_003",
      "id": "015"
    },
    "manager": {
      "name": "wazuh.manager"
    },
    "data": {
      "win": {
        "eventdata": {
          "data": "2126-05-02T08:38:18Z, RulesEngine"
        },
        "system": {
          "eventID": "16384",
          "eventSourceName": "Software Protection Platform Service",
          "keywords": "0x80000000000000",
          "providerGuid": "{E23B33B0-C8C9-472C-A5F9-F2BDFEA0F156}",
          "level": "4",
          "channel": "Application",
          "opcode": "0",
          "message": "\"Der Softwareschutzdienst wurde erfolgreich für den erneuten Start bei 2126-05-02T08:38:18Z geplant. Grund: RulesEngine.\"",
          "version": "0",
          "systemTime": "2026-05-26T08:38:18.4924331Z",
          "eventRecordID": "237477",
          "threadID": "0",
          "computer": "KS_01_003.arzw.local",
          "task": "0",
          "processID": "0",
          "severityValue": "INFORMATION",
          "providerName": "Microsoft-Windows-Security-SPP"
        }
      }
    },
    "rule": {
      "firedtimes": 130,
      "mail": false,
      "level": 3,
      "description": "Software protection service scheduled successfully.",
      "groups": [
        "windows",
        "windows_application"
      ],
      "id": "60642"
    },
    "location": "EventChannel",
    "decoder": {
      "name": "windows_eventchannel"
    },
    "id": "1779784700.19081785",
    "timestamp": "2026-05-26T08:38:20.628+0000"
  },
  {
    "input": {
      "type": "log"
    },
    "agent": {
      "ip": "172.21.4.216",
      "name": "KS_01_003",
      "id": "015"
    },
    "manager": {
      "name": "wazuh.manager"
    },
    "data": {
      "win": {
        "eventdata": {
          "data": "2126-05-02T08:37:42Z, RulesEngine"
        },
        "system": {
          "eventID": "16384",
          "eventSourceName": "Software Protection Platform Service",
          "keywords": "0x80000000000000",
          "providerGuid": "{E23B33B0-C8C9-472C-A5F9-F2BDFEA0F156}",
          "level": "4",
          "channel": "Application",
          "opcode": "0",
          "message": "\"Der Softwareschutzdienst wurde erfolgreich für den erneuten Start bei 2126-05-02T08:37:42Z geplant. Grund: RulesEngine.\"",
          "version": "0",
          "systemTime": "2026-05-26T08:37:42.7401540Z",
          "eventRecordID": "237475",
          "threadID": "0",
          "computer": "KS_01_003.arzw.local",
          "task": "0",
          "processID": "0",
          "severityValue": "INFORMATION",
          "providerName": "Microsoft-Windows-Security-SPP"
        }
      }
    },
    "rule": {
      "firedtimes": 127,
      "mail": false,
      "level": 3,
      "description": "Software protection service scheduled successfully.",
      "groups": [
        "windows",
        "windows_application"
      ],
      "id": "60642"
    },
    "location": "EventChannel",
    "decoder": {
      "name": "windows_eventchannel"
    },
    "id": "1779784665.19049239",
    "timestamp": "2026-05-26T08:37:45.690+0000"
  },
  {
    "input": {
      "type": "log"
    },
    "agent": {
      "ip": "172.21.4.216",
      "name": "KS_01_003",
      "id": "015"
    },
    "manager": {
      "name": "wazuh.manager"
    },
    "data": {
      "win": {
        "eventdata": {
          "data": "2126-05-02T08:37:01Z, RulesEngine"
        },
        "system": {
          "eventID": "16384",
          "eventSourceName": "Software Protection Platform Service",
          "keywords": "0x80000000000000",
          "providerGuid": "{E23B33B0-C8C9-472C-A5F9-F2BDFEA0F156}",
          "level": "4",
          "channel": "Application",
          "opcode": "0",
          "message": "\"Der Softwareschutzdienst wurde erfolgreich für den erneuten Start bei 2126-05-02T08:37:01Z geplant. Grund: RulesEngine.\"",
          "version": "0",
          "systemTime": "2026-05-26T08:37:01.5772010Z",
          "eventRecordID": "237473",
          "threadID": "0",
          "computer": "KS_01_003.arzw.local",
          "task": "0",
          "processID": "0",
          "severityValue": "INFORMATION",
          "providerName": "Microsoft-Windows-Security-SPP"
        }
      }
    },
    "rule": {
      "firedtimes": 122,
      "mail": false,
      "level": 3,
      "description": "Software protection service scheduled successfully.",
      "groups": [
        "windows",
        "windows_application"
      ],
      "id": "60642"
    },
    "location": "EventChannel",
    "decoder": {
      "name": "windows_eventchannel"
    },
    "id": "1779784625.19022733",
    "timestamp": "2026-05-26T08:37:05.447+0000"
  },
  {
    "input": {
      "type": "log"
    },
    "agent": {
      "ip": "172.21.4.216",
      "name": "KS_01_003",
      "id": "015"
    },
    "manager": {
      "name": "wazuh.manager"
    },
    "data": {
      "win": {
        "eventdata": {
          "data": "2126-05-02T08:36:07Z, RulesEngine"
        },
        "system": {
          "eventID": "16384",
          "eventSourceName": "Software Protection Platform Service",
          "keywords": "0x80000000000000",
          "providerGuid": "{E23B33B0-C8C9-472C-A5F9-F2BDFEA0F156}",
          "level": "4",
          "channel": "Application",
          "opcode": "0",
          "message": "\"Der Softwareschutzdienst wurde erfolgreich für den erneuten Start bei 2126-05-02T08:36:07Z geplant. Grund: RulesEngine.\"",
          "version": "0",
          "systemTime": "2026-05-26T08:36:07.1399327Z",
          "eventRecordID": "237471",
          "threadID": "0",
          "computer": "KS_01_003.arzw.local",
          "task": "0",
          "processID": "0",
          "severityValue": "INFORMATION",
          "providerName": "Microsoft-Windows-Security-SPP"
        }
      }
    },
    "rule": {
      "firedtimes": 119,
      "mail": false,
      "level": 3,
      "description": "Software protection service scheduled successfully.",
      "groups": [
        "windows",
        "windows_application"
      ],
      "id": "60642"
    },
    "location": "EventChannel",
    "decoder": {
      "name": "windows_eventchannel"
    },
    "id": "1779784572.19009170",
    "timestamp": "2026-05-26T08:36:12.247+0000"
  },
  {
    "input": {
      "type": "log"
    },
    "agent": {
      "ip": "172.21.4.216",
      "name": "KS_01_003",
      "id": "015"
    },
    "manager": {
      "name": "wazuh.manager"
    },
    "data": {
      "win": {
        "eventdata": {
          "data": "1971109447500670815, 4, APPCRASH, Nicht verfügbar, 0, AcroCEF.exe, 26.1.21563.0, 6a04e5da, KERNELBASE.dll, 10.0.19041.6280, 56511854, c06d007e, 0000000000025369,   \\\\\\\\?\\\\C:\\\\ProgramData\\\\Microsoft\\\\Windows\\\\WER\\\\Temp\\\\WERD75.tmp.dmp  \\\\\\\\?\\\\C:\\\\ProgramData\\\\Microsoft\\\\Windows\\\\WER\\\\Temp\\\\WER1D35.tmp.WERInternalMetadata.xml  \\\\\\\\?\\\\C:\\\\ProgramData\\\\Microsoft\\\\Windows\\\\WER\\\\Temp\\\\WER1E20.tmp.xml  \\\\\\\\?\\\\C:\\\\ProgramData\\\\Microsoft\\\\Windows\\\\WER\\\\Temp\\\\WER1E36.tmp.csv  \\\\\\\\?\\\\C:\\\\ProgramData\\\\Microsoft\\\\Windows\\\\WER\\\\Temp\\\\WER1EC3.tmp.txt, \\\\\\\\?\\\\C:\\\\ProgramData\\\\Microsoft\\\\Windows\\\\WER\\\\ReportArchive\\\\AppCrash_AcroCEF.exe_3d89c923afbacf27ccc2fa66c28762ff355de7c0_b371bd89_14f8b6bd-2f2c-43a1-a525-fc936c12fbf1, 0, 138b6ce7-a81f-479b-9bfe-611524d7e567, 268435456, e2bf68422031c6161b5ac9995fb1a75f, 0"
        },
        "system": {
          "eventID": "1001",
          "keywords": "0x80000000000000",
          "level": "4",
          "channel": "Application",
          "opcode": "0",
          "message": "\"Fehlerbucket 1971109447500670815, Typ 4\r\nEreignisname: APPCRASH\r\nAntwort: Nicht verfügbar\r\nCAB-Datei-ID: 0\r\n\r\nProblemsignatur:\r\nP1: AcroCEF.exe\r\nP2: 26.1.21563.0\r\nP3: 6a04e5da\r\nP4: KERNELBASE.dll\r\nP5: 10.0.19041.6280\r\nP6: 56511854\r\nP7: c06d007e\r\nP8: 0000000000025369\r\nP9: \r\nP10: \r\n\r\nAngefügte Dateien:\r\n\\\\?\\C:\\ProgramData\\Microsoft\\Windows\\WER\\Temp\\WERD75.tmp.dmp\r\n\\\\?\\C:\\ProgramData\\Microsoft\\Windows\\WER\\Temp\\WER1D35.tmp.WERInternalMetadata.xml\r\n\\\\?\\C:\\ProgramData\\Microsoft\\Windows\\WER\\Temp\\WER1E20.tmp.xml\r\n\\\\?\\C:\\ProgramData\\Microsoft\\Windows\\WER\\Temp\\WER1E36.tmp.csv\r\n\\\\?\\C:\\ProgramData\\Microsoft\\Windows\\WER\\Temp\\WER1EC3.tmp.txt\r\n\r\nDiese Dateien befinden sich möglicherweise hier:\r\n\\\\?\\C:\\ProgramData\\Microsoft\\Windows\\WER\\ReportArchive\\AppCrash_AcroCEF.exe_3d89c923afbacf27ccc2fa66c28762ff355de7c0_b371bd89_14f8b6bd-2f2c-43a1-a525-fc936c12fbf1\r\n\r\nAnalysesymbol: \r\nEs wird erneut nach einer Lösung gesucht: 0\r\nBerichts-ID: 138b6ce7-a81f-479b-9bfe-611524d7e567\r\nBerichtstatus: 268435456\r\nBucket mit Hash: e2bf68422031c6161b5ac9995fb1a75f\r\nCAB-Datei-Guid: 0\"",
          "version": "0",
          "systemTime": "2026-05-26T08:34:52.8726806Z",
          "eventRecordID": "237466",
          "threadID": "0",
          "computer": "KS_01_003.arzw.local",
          "task": "0",
          "processID": "0",
          "severityValue": "INFORMATION",
          "providerName": "Windows Error Reporting"
        }
      }
    },
    "rule": {
      "firedtimes": 10,
      "mail": false,
      "level": 4,
      "description": "Summary event of the report's signatures.",
      "groups": [
        "windows",
        "windows_application"
      ],
      "id": "60608"
    },
    "location": "EventChannel",
    "decoder": {
      "name": "windows_eventchannel"
    },
    "id": "1779784499.18892520",
    "timestamp": "2026-05-26T08:34:59.650+0000"
  },
  {
    "input": {
      "type": "log"
    },
    "agent": {
      "ip": "172.21.4.216",
      "name": "KS_01_003",
      "id": "015"
    },
    "manager": {
      "name": "wazuh.manager"
    },
    "data": {
      "win": {
        "eventdata": {
          "data": "2126-05-02T08:34:45Z, RulesEngine"
        },
        "system": {
          "eventID": "16384",
          "eventSourceName": "Software Protection Platform Service",
          "keywords": "0x80000000000000",
          "providerGuid": "{E23B33B0-C8C9-472C-A5F9-F2BDFEA0F156}",
          "level": "4",
          "channel": "Application",
          "opcode": "0",
          "message": "\"Der Softwareschutzdienst wurde erfolgreich für den erneuten Start bei 2126-05-02T08:34:45Z geplant. Grund: RulesEngine.\"",
          "version": "0",
          "systemTime": "2026-05-26T08:34:50.9746373Z",
          "eventRecordID": "237465",
          "threadID": "0",
          "computer": "KS_01_003.arzw.local",
          "task": "0",
          "processID": "0",
          "severityValue": "INFORMATION",
          "providerName": "Microsoft-Windows-Security-SPP"
        }
      }
    },
    "rule": {
      "firedtimes": 114,
      "mail": false,
      "level": 3,
      "description": "Software protection service scheduled successfully.",
      "groups": [
        "windows",
        "windows_application"
      ],
      "id": "60642"
    },
    "location": "EventChannel",
    "decoder": {
      "name": "windows_eventchannel"
    },
    "id": "1779784497.18888865",
    "timestamp": "2026-05-26T08:34:57.797+0000"
  },
  {
    "input": {
      "type": "log"
    },
    "agent": {
      "ip": "172.21.4.216",
      "name": "KS_01_003",
      "id": "015"
    },
    "manager": {
      "name": "wazuh.manager"
    },
    "data": {
      "win": {
        "eventdata": {
          "data": "AcroCEF.exe, 26.1.21563.0, 6a04e5da, KERNELBASE.dll, 10.0.19041.6280, 56511854, c06d007e, 0000000000025369, 674, 01dcecea81a86a28, C:\\\\Program Files\\\\Adobe\\\\Acrobat DC\\\\Acrobat\\\\AcroCEF\\\\AcroCEF.exe, C:\\\\WINDOWS\\\\System32\\\\KERNELBASE.dll, 138b6ce7-a81f-479b-9bfe-611524d7e567"
        },
        "system": {
          "eventID": "1000",
          "keywords": "0x80000000000000",
          "level": "2",
          "channel": "Application",
          "opcode": "0",
          "message": "\"Name der fehlerhaften Anwendung: AcroCEF.exe, Version: 26.1.21563.0, Zeitstempel: 0x6a04e5da\r\nName des fehlerhaften Moduls: KERNELBASE.dll, Version: 10.0.19041.6280, Zeitstempel: 0x56511854\r\nAusnahmecode: 0xc06d007e\r\nFehleroffset: 0x0000000000025369\r\nID des fehlerhaften Prozesses: 0x674\r\nStartzeit der fehlerhaften Anwendung: 0x01dcecea81a86a28\r\nPfad der fehlerhaften Anwendung: C:\\Program Files\\Adobe\\Acrobat DC\\Acrobat\\AcroCEF\\AcroCEF.exe\r\nPfad des fehlerhaften Moduls: C:\\WINDOWS\\System32\\KERNELBASE.dll\r\nBerichtskennung: 138b6ce7-a81f-479b-9bfe-611524d7e567\r\nVollständiger Name des fehlerhaften Pakets: \r\nAnwendungs-ID, die relativ zum fehlerhaften Paket ist: \"",
          "version": "0",
          "systemTime": "2026-05-26T08:34:46.2702837Z",
          "eventRecordID": "237464",
          "threadID": "0",
          "computer": "KS_01_003.arzw.local",
          "task": "100",
          "processID": "0",
          "severityValue": "ERROR",
          "providerName": "Application Error"
        }
      }
    },
    "rule": {
      "firedtimes": 5,
      "mail": false,
      "level": 9,
      "description": "Windows application error event.",
      "groups": [
        "windows",
        "windows_application",
        "system_error"
      ],
      "id": "60602",
      "gdpr": [
        "IV_35.7.d"
      ],
      "gpg13": [
        "4.3"
      ]
    },
    "location": "EventChannel",
    "decoder": {
      "name": "windows_eventchannel"
    },
    "id": "1779784493.18882057",
    "timestamp": "2026-05-26T08:34:53.148+0000"
  },
  {
    "input": {
      "type": "log"
    },
    "agent": {
      "ip": "172.21.4.216",
      "name": "KS_01_003",
      "id": "015"
    },
    "manager": {
      "name": "wazuh.manager"
    },
    "data": {
      "win": {
        "eventdata": {
          "data": "1971109447500670815, 4, APPCRASH, Nicht verfügbar, 0, AcroCEF.exe, 26.1.21563.0, 6a04e5da, KERNELBASE.dll, 10.0.19041.6280, 56511854, c06d007e, 0000000000025369,   \\\\\\\\?\\\\C:\\\\ProgramData\\\\Microsoft\\\\Windows\\\\WER\\\\Temp\\\\WERCD01.tmp.dmp  \\\\\\\\?\\\\C:\\\\ProgramData\\\\Microsoft\\\\Windows\\\\WER\\\\Temp\\\\WERCDBD.tmp.WERInternalMetadata.xml  \\\\\\\\?\\\\C:\\\\ProgramData\\\\Microsoft\\\\Windows\\\\WER\\\\Temp\\\\WERCEB8.tmp.xml  \\\\\\\\?\\\\C:\\\\ProgramData\\\\Microsoft\\\\Windows\\\\WER\\\\Temp\\\\WERCEDB.tmp.csv  \\\\\\\\?\\\\C:\\\\ProgramData\\\\Microsoft\\\\Windows\\\\WER\\\\Temp\\\\WERCF1B.tmp.txt, \\\\\\\\?\\\\C:\\\\ProgramData\\\\Microsoft\\\\Windows\\\\WER\\\\ReportArchive\\\\AppCrash_AcroCEF.exe_3d89c923afbacf27ccc2fa66c28762ff355de7c0_b371bd89_99e048af-2867-42a5-90ed-65d68926ce42, 0, 41aebf48-8001-4ac7-8861-91a587116cd5, 268435456, e2bf68422031c6161b5ac9995fb1a75f, 0"
        },
        "system": {
          "eventID": "1001",
          "keywords": "0x80000000000000",
          "level": "4",
          "channel": "Application",
          "opcode": "0",
          "message": "\"Fehlerbucket 1971109447500670815, Typ 4\r\nEreignisname: APPCRASH\r\nAntwort: Nicht verfügbar\r\nCAB-Datei-ID: 0\r\n\r\nProblemsignatur:\r\nP1: AcroCEF.exe\r\nP2: 26.1.21563.0\r\nP3: 6a04e5da\r\nP4: KERNELBASE.dll\r\nP5: 10.0.19041.6280\r\nP6: 56511854\r\nP7: c06d007e\r\nP8: 0000000000025369\r\nP9: \r\nP10: \r\n\r\nAngefügte Dateien:\r\n\\\\?\\C:\\ProgramData\\Microsoft\\Windows\\WER\\Temp\\WERCD01.tmp.dmp\r\n\\\\?\\C:\\ProgramData\\Microsoft\\Windows\\WER\\Temp\\WERCDBD.tmp.WERInternalMetadata.xml\r\n\\\\?\\C:\\ProgramData\\Microsoft\\Windows\\WER\\Temp\\WERCEB8.tmp.xml\r\n\\\\?\\C:\\ProgramData\\Microsoft\\Windows\\WER\\Temp\\WERCEDB.tmp.csv\r\n\\\\?\\C:\\ProgramData\\Microsoft\\Windows\\WER\\Temp\\WERCF1B.tmp.txt\r\n\r\nDiese Dateien befinden sich möglicherweise hier:\r\n\\\\?\\C:\\ProgramData\\Microsoft\\Windows\\WER\\ReportArchive\\AppCrash_AcroCEF.exe_3d89c923afbacf27ccc2fa66c28762ff355de7c0_b371bd89_99e048af-2867-42a5-90ed-65d68926ce42\r\n\r\nAnalysesymbol: \r\nEs wird erneut nach einer Lösung gesucht: 0\r\nBerichts-ID: 41aebf48-8001-4ac7-8861-91a587116cd5\r\nBerichtstatus: 268435456\r\nBucket mit Hash: e2bf68422031c6161b5ac9995fb1a75f\r\nCAB-Datei-Guid: 0\"",
          "version": "0",
          "systemTime": "2026-05-26T08:34:33.0308459Z",
          "eventRecordID": "237463",
          "threadID": "0",
          "computer": "KS_01_003.arzw.local",
          "task": "0",
          "processID": "0",
          "severityValue": "INFORMATION",
          "providerName": "Windows Error Reporting"
        }
      }
    },
    "rule": {
      "firedtimes": 9,
      "mail": false,
      "level": 4,
      "description": "Summary event of the report's signatures.",
      "groups": [
        "windows",
        "windows_application"
      ],
      "id": "60608"
    },
    "location": "EventChannel",
    "decoder": {
      "name": "windows_eventchannel"
    },
    "id": "1779784479.18876483",
    "timestamp": "2026-05-26T08:34:39.943+0000"
  },
  {
    "input": {
      "type": "log"
    },
    "agent": {
      "ip": "172.21.4.216",
      "name": "KS_01_003",
      "id": "015"
    },
    "manager": {
      "name": "wazuh.manager"
    },
    "data": {
      "win": {
        "eventdata": {
          "data": "AcroCEF.exe, 26.1.21563.0, 6a04e5da, KERNELBASE.dll, 10.0.19041.6280, 56511854, c06d007e, 0000000000025369, 2af8, 01dcecea78108513, C:\\\\Program Files\\\\Adobe\\\\Acrobat DC\\\\Acrobat\\\\AcroCEF\\\\AcroCEF.exe, C:\\\\WINDOWS\\\\System32\\\\KERNELBASE.dll, 41aebf48-8001-4ac7-8861-91a587116cd5"
        },
        "system": {
          "eventID": "1000",
          "keywords": "0x80000000000000",
          "level": "2",
          "channel": "Application",
          "opcode": "0",
          "message": "\"Name der fehlerhaften Anwendung: AcroCEF.exe, Version: 26.1.21563.0, Zeitstempel: 0x6a04e5da\r\nName des fehlerhaften Moduls: KERNELBASE.dll, Version: 10.0.19041.6280, Zeitstempel: 0x56511854\r\nAusnahmecode: 0xc06d007e\r\nFehleroffset: 0x0000000000025369\r\nID des fehlerhaften Prozesses: 0x2af8\r\nStartzeit der fehlerhaften Anwendung: 0x01dcecea78108513\r\nPfad der fehlerhaften Anwendung: C:\\Program Files\\Adobe\\Acrobat DC\\Acrobat\\AcroCEF\\AcroCEF.exe\r\nPfad des fehlerhaften Moduls: C:\\WINDOWS\\System32\\KERNELBASE.dll\r\nBerichtskennung: 41aebf48-8001-4ac7-8861-91a587116cd5\r\nVollständiger Name des fehlerhaften Pakets: \r\nAnwendungs-ID, die relativ zum fehlerhaften Paket ist: \"",
          "version": "0",
          "systemTime": "2026-05-26T08:34:29.7482556Z",
          "eventRecordID": "237462",
          "threadID": "0",
          "computer": "KS_01_003.arzw.local",
          "task": "100",
          "processID": "0",
          "severityValue": "ERROR",
          "providerName": "Application Error"
        }
      }
    },
    "rule": {
      "firedtimes": 4,
      "mail": false,
      "level": 9,
      "description": "Windows application error event.",
      "groups": [
        "windows",
        "windows_application",
        "system_error"
      ],
      "id": "60602",
      "gdpr": [
        "IV_35.7.d"
      ],
      "gpg13": [
        "4.3"
      ]
    },
    "location": "EventChannel",
    "decoder": {
      "name": "windows_eventchannel"
    },
    "id": "1779784476.18871460",
    "timestamp": "2026-05-26T08:34:36.626+0000"
  },
