  {
    "input": {
      "type": "log"
    },
    "agent": {
      "ip": "172.21.5.40",
      "name": "KS_2026_001",
      "id": "104"
    },
    "manager": {
      "name": "wazuh.manager"
    },
    "data": {
      "win": {
        "eventdata": {
          "updateRevisionNumber": "1",
          "updateGuid": "{9cafcfe6-825e-4256-9deb-c5daf5d5f659}",
          "serviceGuid": "{855e8a7c-ecb4-4ca3-b045-1dfa50104289}",
          "errorCode": "0x80073d02",
          "updateTitle": "9NTXGKQ8P7N0-MicrosoftWindows.CrossDevice"
        },
        "system": {
          "eventID": "20",
          "keywords": "0x8000000000000028",
          "providerGuid": "{945a8954-c147-4acd-923f-40c45405a658}",
          "level": "2",
          "channel": "System",
          "opcode": "13",
          "message": "\"Installationsfehler: Die Installation des folgenden Updates ist mit Fehler 0x80073D02 fehlgeschlagen: 9NTXGKQ8P7N0-MicrosoftWindows.CrossDevice\"",
          "version": "1",
          "systemTime": "2026-05-26T06:56:54.7094283Z",
          "eventRecordID": "44599",
          "threadID": "4484",
          "computer": "KS_2026_001.arzw.local",
          "task": "1",
          "processID": "4916",
          "severityValue": "ERROR",
          "providerName": "Microsoft-Windows-WindowsUpdateClient"
        }
      }
    },
    "rule": {
      "firedtimes": 15,
      "mail": false,
      "level": 5,
      "description": "Windows System error event",
      "groups": [
        "windows",
        "windows_system",
        "system_error"
      ],
      "id": "61102",
      "gpg13": [
        "4.3"
      ],
      "gdpr": [
        "IV_35.7.d"
      ]
    },
    "location": "EventChannel",
    "decoder": {
      "name": "windows_eventchannel"
    },
    "id": "1779778614.14056022",
    "timestamp": "2026-05-26T06:56:54.823+0000"
  },
  {
    "input": {
      "type": "log"
    },
    "agent": {
      "ip": "172.21.5.40",
      "name": "KS_2026_001",
      "id": "104"
    },
    "manager": {
      "name": "wazuh.manager"
    },
    "data": {
      "win": {
        "eventdata": {
          "data": "C:\\\\WINDOWS\\\\system32\\\\svchost.exe -k netsvcs -p -s wuauserv, Windows Update",
          "binary": "0000000063020000590200000000000022CE28677C6DDA79E28C1C000000000000000000"
        },
        "system": {
          "eventID": "8216",
          "keywords": "0x80000000000000",
          "level": "4",
          "channel": "Application",
          "opcode": "0",
          "message": "\"Der Wiederherstellungspunkt (Prozess = \"C:\\WINDOWS\\system32\\svchost.exe -k netsvcs -p -s wuauserv\", Beschreibung = \"Windows Update\") wird nicht erstellt, da ein vorhandener Wiederherstellungspunkt aktuell genug für die Systemwiederherstellung ist.\"",
          "version": "0",
          "systemTime": "2026-05-26T06:56:52.8809124Z",
          "eventRecordID": "29059",
          "threadID": "0",
          "computer": "KS_2026_001.arzw.local",
          "task": "0",
          "processID": "4916",
          "severityValue": "INFORMATION",
          "providerName": "System Restore"
        }
      }
    },
    "rule": {
      "firedtimes": 16,
      "mail": false,
      "level": 4,
      "description": "Skipped creation of restore point for C:\\\\WINDOWS\\\\system32\\\\svchost.exe -k netsvcs -p -s wuauserv, Windows Update as there is a previous restore point available.",
      "groups": [
        "windows",
        "windows_application"
      ],
      "id": "60716"
    },
    "location": "EventChannel",
    "decoder": {
      "name": "windows_eventchannel"
    },
    "id": "1779778612.14054017",
    "timestamp": "2026-05-26T06:56:52.973+0000"
  },
  {
    "input": {
      "type": "log"
    },
    "agent": {
      "ip": "172.21.5.40",
      "name": "KS_2026_001",
      "id": "104"
    },
    "manager": {
      "name": "wazuh.manager"
    },
    "data": {
      "win": {
        "eventdata": {
          "data": "C:\\\\WINDOWS\\\\system32\\\\svchost.exe -k netsvcs -p -s wuauserv, Windows Update",
          "binary": "0000000063020000590200000000000022CE28677C6DDA79E28C1C000000000000000000"
        },
        "system": {
          "eventID": "8216",
          "keywords": "0x80000000000000",
          "level": "4",
          "channel": "Application",
          "opcode": "0",
          "message": "\"Der Wiederherstellungspunkt (Prozess = \"C:\\WINDOWS\\system32\\svchost.exe -k netsvcs -p -s wuauserv\", Beschreibung = \"Windows Update\") wird nicht erstellt, da ein vorhandener Wiederherstellungspunkt aktuell genug für die Systemwiederherstellung ist.\"",
          "version": "0",
          "systemTime": "2026-05-26T06:56:29.3855272Z",
          "eventRecordID": "29058",
          "threadID": "0",
          "computer": "KS_2026_001.arzw.local",
          "task": "0",
          "processID": "4916",
          "severityValue": "INFORMATION",
          "providerName": "System Restore"
        }
      }
    },
    "rule": {
      "firedtimes": 15,
      "mail": false,
      "level": 4,
      "description": "Skipped creation of restore point for C:\\\\WINDOWS\\\\system32\\\\svchost.exe -k netsvcs -p -s wuauserv, Windows Update as there is a previous restore point available.",
      "groups": [
        "windows",
        "windows_application"
      ],
      "id": "60716"
    },
    "location": "EventChannel",
    "decoder": {
      "name": "windows_eventchannel"
    },
    "id": "1779778589.14047265",
    "timestamp": "2026-05-26T06:56:29.476+0000"
  },
  {
    "input": {
      "type": "log"
    },
    "agent": {
      "ip": "172.21.5.40",
      "name": "KS_2026_001",
      "id": "104"
    },
    "manager": {
      "name": "wazuh.manager"
    },
    "data": {
      "win": {
        "eventdata": {
          "data": "C:\\\\WINDOWS\\\\system32\\\\svchost.exe -k netsvcs -p -s wuauserv, Windows Update",
          "binary": "0000000063020000590200000000000022CE28677C6DDA79E28C1C000000000000000000"
        },
        "system": {
          "eventID": "8216",
          "keywords": "0x80000000000000",
          "level": "4",
          "channel": "Application",
          "opcode": "0",
          "message": "\"Der Wiederherstellungspunkt (Prozess = \"C:\\WINDOWS\\system32\\svchost.exe -k netsvcs -p -s wuauserv\", Beschreibung = \"Windows Update\") wird nicht erstellt, da ein vorhandener Wiederherstellungspunkt aktuell genug für die Systemwiederherstellung ist.\"",
          "version": "0",
          "systemTime": "2026-05-26T06:56:03.8946700Z",
          "eventRecordID": "29053",
          "threadID": "0",
          "computer": "KS_2026_001.arzw.local",
          "task": "0",
          "processID": "4916",
          "severityValue": "INFORMATION",
          "providerName": "System Restore"
        }
      }
    },
    "rule": {
      "firedtimes": 14,
      "mail": false,
      "level": 4,
      "description": "Skipped creation of restore point for C:\\\\WINDOWS\\\\system32\\\\svchost.exe -k netsvcs -p -s wuauserv, Windows Update as there is a previous restore point available.",
      "groups": [
        "windows",
        "windows_application"
      ],
      "id": "60716"
    },
    "location": "EventChannel",
    "decoder": {
      "name": "windows_eventchannel"
    },
    "id": "1779778563.14040501",
    "timestamp": "2026-05-26T06:56:03.988+0000"
  },
  {
    "input": {
      "type": "log"
    },
    "agent": {
      "ip": "172.21.5.40",
      "name": "KS_2026_001",
      "id": "104"
    },
    "manager": {
      "name": "wazuh.manager"
    },
    "data": {
      "win": {
        "eventdata": {
          "data": "C:\\\\WINDOWS\\\\system32\\\\svchost.exe -k netsvcs -p -s wuauserv, Windows Update",
          "binary": "0000000063020000590200000000000022CE28677C6DDA79E28C1C000000000000000000"
        },
        "system": {
          "eventID": "8216",
          "keywords": "0x80000000000000",
          "level": "4",
          "channel": "Application",
          "opcode": "0",
          "message": "\"Der Wiederherstellungspunkt (Prozess = \"C:\\WINDOWS\\system32\\svchost.exe -k netsvcs -p -s wuauserv\", Beschreibung = \"Windows Update\") wird nicht erstellt, da ein vorhandener Wiederherstellungspunkt aktuell genug für die Systemwiederherstellung ist.\"",
          "version": "0",
          "systemTime": "2026-05-26T06:55:45.6119014Z",
          "eventRecordID": "29048",
          "threadID": "0",
          "computer": "KS_2026_001.arzw.local",
          "task": "0",
          "processID": "4916",
          "severityValue": "INFORMATION",
          "providerName": "System Restore"
        }
      }
    },
    "rule": {
      "firedtimes": 13,
      "mail": false,
      "level": 4,
      "description": "Skipped creation of restore point for C:\\\\WINDOWS\\\\system32\\\\svchost.exe -k netsvcs -p -s wuauserv, Windows Update as there is a previous restore point available.",
      "groups": [
        "windows",
        "windows_application"
      ],
      "id": "60716"
    },
    "location": "EventChannel",
    "decoder": {
      "name": "windows_eventchannel"
    },
    "id": "1779778545.14034811",
    "timestamp": "2026-05-26T06:55:45.658+0000"
  },
  {
    "input": {
      "type": "log"
    },
    "agent": {
      "ip": "172.21.5.40",
      "name": "KS_2026_001",
      "id": "104"
    },
    "manager": {
      "name": "wazuh.manager"
    },
    "data": {
      "win": {
        "eventdata": {
          "data": "C:\\\\WINDOWS\\\\system32\\\\svchost.exe -k netsvcs -p -s wuauserv, Windows Update",
          "binary": "0000000063020000590200000000000022CE28677C6DDA79E28C1C000000000000000000"
        },
        "system": {
          "eventID": "8216",
          "keywords": "0x80000000000000",
          "level": "4",
          "channel": "Application",
          "opcode": "0",
          "message": "\"Der Wiederherstellungspunkt (Prozess = \"C:\\WINDOWS\\system32\\svchost.exe -k netsvcs -p -s wuauserv\", Beschreibung = \"Windows Update\") wird nicht erstellt, da ein vorhandener Wiederherstellungspunkt aktuell genug für die Systemwiederherstellung ist.\"",
          "version": "0",
          "systemTime": "2026-05-26T06:55:29.1572618Z",
          "eventRecordID": "29047",
          "threadID": "0",
          "computer": "KS_2026_001.arzw.local",
          "task": "0",
          "processID": "4916",
          "severityValue": "INFORMATION",
          "providerName": "System Restore"
        }
      }
    },
    "rule": {
      "firedtimes": 12,
      "mail": false,
      "level": 4,
      "description": "Skipped creation of restore point for C:\\\\WINDOWS\\\\system32\\\\svchost.exe -k netsvcs -p -s wuauserv, Windows Update as there is a previous restore point available.",
      "groups": [
        "windows",
        "windows_application"
      ],
      "id": "60716"
    },
    "location": "EventChannel",
    "decoder": {
      "name": "windows_eventchannel"
    },
    "id": "1779778529.14029673",
    "timestamp": "2026-05-26T06:55:29.253+0000"
  },
  {
    "input": {
      "type": "log"
    },
    "agent": {
      "ip": "172.21.5.40",
      "name": "KS_2026_001",
      "id": "104"
    },
    "manager": {
      "name": "wazuh.manager"
    },
    "data": {
      "win": {
        "eventdata": {
          "data": "C:\\\\WINDOWS\\\\system32\\\\svchost.exe -k netsvcs -p -s wuauserv, Windows Update",
          "binary": "0000000063020000590200000000000022CE28677C6DDA79E28C1C000000000000000000"
        },
        "system": {
          "eventID": "8216",
          "keywords": "0x80000000000000",
          "level": "4",
          "channel": "Application",
          "opcode": "0",
          "message": "\"Der Wiederherstellungspunkt (Prozess = \"C:\\WINDOWS\\system32\\svchost.exe -k netsvcs -p -s wuauserv\", Beschreibung = \"Windows Update\") wird nicht erstellt, da ein vorhandener Wiederherstellungspunkt aktuell genug für die Systemwiederherstellung ist.\"",
          "version": "0",
          "systemTime": "2026-05-26T06:55:24.8305956Z",
          "eventRecordID": "29046",
          "threadID": "0",
          "computer": "KS_2026_001.arzw.local",
          "task": "0",
          "processID": "4916",
          "severityValue": "INFORMATION",
          "providerName": "System Restore"
        }
      }
    },
    "rule": {
      "firedtimes": 11,
      "mail": false,
      "level": 4,
      "description": "Skipped creation of restore point for C:\\\\WINDOWS\\\\system32\\\\svchost.exe -k netsvcs -p -s wuauserv, Windows Update as there is a previous restore point available.",
      "groups": [
        "windows",
        "windows_application"
      ],
      "id": "60716"
    },
    "location": "EventChannel",
    "decoder": {
      "name": "windows_eventchannel"
    },
    "id": "1779778524.14027116",
    "timestamp": "2026-05-26T06:55:24.881+0000"
  },
  {
    "input": {
      "type": "log"
    },
    "agent": {
      "ip": "172.21.5.40",
      "name": "KS_2026_001",
      "id": "104"
    },
    "manager": {
      "name": "wazuh.manager"
    },
    "data": {
      "win": {
        "eventdata": {
          "data": "C:\\\\WINDOWS\\\\system32\\\\svchost.exe -k netsvcs -p -s wuauserv, Windows Update",
          "binary": "0000000063020000590200000000000022CE28677C6DDA79E28C1C000000000000000000"
        },
        "system": {
          "eventID": "8216",
          "keywords": "0x80000000000000",
          "level": "4",
          "channel": "Application",
          "opcode": "0",
          "message": "\"Der Wiederherstellungspunkt (Prozess = \"C:\\WINDOWS\\system32\\svchost.exe -k netsvcs -p -s wuauserv\", Beschreibung = \"Windows Update\") wird nicht erstellt, da ein vorhandener Wiederherstellungspunkt aktuell genug für die Systemwiederherstellung ist.\"",
          "version": "0",
          "systemTime": "2026-05-26T06:55:00.8599270Z",
          "eventRecordID": "29045",
          "threadID": "0",
          "computer": "KS_2026_001.arzw.local",
          "task": "0",
          "processID": "4916",
          "severityValue": "INFORMATION",
          "providerName": "System Restore"
        }
      }
    },
    "rule": {
      "firedtimes": 10,
      "mail": false,
      "level": 4,
      "description": "Skipped creation of restore point for C:\\\\WINDOWS\\\\system32\\\\svchost.exe -k netsvcs -p -s wuauserv, Windows Update as there is a previous restore point available.",
      "groups": [
        "windows",
        "windows_application"
      ],
      "id": "60716"
    },
    "location": "EventChannel",
    "decoder": {
      "name": "windows_eventchannel"
    },
    "id": "1779778500.13995586",
    "timestamp": "2026-05-26T06:55:00.951+0000"
  },
  {
    "input": {
      "type": "log"
    },
    "agent": {
      "ip": "172.21.5.40",
      "name": "KS_2026_001",
      "id": "104"
    },
    "manager": {
      "name": "wazuh.manager"
    },
    "data": {
      "win": {
        "eventdata": {
          "data": "C:\\\\WINDOWS\\\\system32\\\\svchost.exe -k netsvcs -p -s wuauserv, Windows Update",
          "binary": "0000000063020000590200000000000022CE28677C6DDA79E28C1C000000000000000000"
        },
        "system": {
          "eventID": "8216",
          "keywords": "0x80000000000000",
          "level": "4",
          "channel": "Application",
          "opcode": "0",
          "message": "\"Der Wiederherstellungspunkt (Prozess = \"C:\\WINDOWS\\system32\\svchost.exe -k netsvcs -p -s wuauserv\", Beschreibung = \"Windows Update\") wird nicht erstellt, da ein vorhandener Wiederherstellungspunkt aktuell genug für die Systemwiederherstellung ist.\"",
          "version": "0",
          "systemTime": "2026-05-26T06:54:40.3675480Z",
          "eventRecordID": "29044",
          "threadID": "0",
          "computer": "KS_2026_001.arzw.local",
          "task": "0",
          "processID": "4916",
          "severityValue": "INFORMATION",
          "providerName": "System Restore"
        }
      }
    },
    "rule": {
      "firedtimes": 9,
      "mail": false,
      "level": 4,
      "description": "Skipped creation of restore point for C:\\\\WINDOWS\\\\system32\\\\svchost.exe -k netsvcs -p -s wuauserv, Windows Update as there is a previous restore point available.",
      "groups": [
        "windows",
        "windows_application"
      ],
      "id": "60716"
    },
    "location": "EventChannel",
    "decoder": {
      "name": "windows_eventchannel"
    },
    "id": "1779778480.13990448",
    "timestamp": "2026-05-26T06:54:40.458+0000"
  },
  {
    "input": {
      "type": "log"
    },
    "agent": {
      "ip": "172.21.5.40",
      "name": "KS_2026_001",
      "id": "104"
    },
    "manager": {
      "name": "wazuh.manager"
    },
    "data": {
      "win": {
        "eventdata": {
          "data": "C:\\\\WINDOWS\\\\system32\\\\svchost.exe -k netsvcs -p -s wuauserv, Windows Update",
          "binary": "0000000063020000590200000000000022CE28677C6DDA79E28C1C000000000000000000"
        },
        "system": {
          "eventID": "8216",
          "keywords": "0x80000000000000",
          "level": "4",
          "channel": "Application",
          "opcode": "0",
          "message": "\"Der Wiederherstellungspunkt (Prozess = \"C:\\WINDOWS\\system32\\svchost.exe -k netsvcs -p -s wuauserv\", Beschreibung = \"Windows Update\") wird nicht erstellt, da ein vorhandener Wiederherstellungspunkt aktuell genug für die Systemwiederherstellung ist.\"",
          "version": "0",
          "systemTime": "2026-05-26T06:54:09.8321843Z",
          "eventRecordID": "29043",
          "threadID": "0",
          "computer": "KS_2026_001.arzw.local",
          "task": "0",
          "processID": "4916",
          "severityValue": "INFORMATION",
          "providerName": "System Restore"
        }
      }
    },
    "rule": {
      "firedtimes": 8,
      "mail": false,
      "level": 4,
      "description": "Skipped creation of restore point for C:\\\\WINDOWS\\\\system32\\\\svchost.exe -k netsvcs -p -s wuauserv, Windows Update as there is a previous restore point available.",
      "groups": [
        "windows",
        "windows_application"
      ],
      "id": "60716"
    },
    "location": "EventChannel",
    "decoder": {
      "name": "windows_eventchannel"
    },
    "id": "1779778449.13985310",
    "timestamp": "2026-05-26T06:54:09.925+0000"
  },
  {
    "input": {
      "type": "log"
    },
    "agent": {
      "ip": "172.21.5.40",
      "name": "KS_2026_001",
      "id": "104"
    },
    "manager": {
      "name": "wazuh.manager"
    },
    "data": {
      "win": {
        "eventdata": {
          "data": "C:\\\\WINDOWS\\\\system32\\\\svchost.exe -k netsvcs -p -s wuauserv, Windows Update",
          "binary": "0000000063020000590200000000000022CE28677C6DDA79E28C1C000000000000000000"
        },
        "system": {
          "eventID": "8216",
          "keywords": "0x80000000000000",
          "level": "4",
          "channel": "Application",
          "opcode": "0",
          "message": "\"Der Wiederherstellungspunkt (Prozess = \"C:\\WINDOWS\\system32\\svchost.exe -k netsvcs -p -s wuauserv\", Beschreibung = \"Windows Update\") wird nicht erstellt, da ein vorhandener Wiederherstellungspunkt aktuell genug für die Systemwiederherstellung ist.\"",
          "version": "0",
          "systemTime": "2026-05-26T06:54:02.3506568Z",
          "eventRecordID": "29042",
          "threadID": "0",
          "computer": "KS_2026_001.arzw.local",
          "task": "0",
          "processID": "4916",
          "severityValue": "INFORMATION",
          "providerName": "System Restore"
        }
      }
    },
    "rule": {
      "firedtimes": 7,
      "mail": false,
      "level": 4,
      "description": "Skipped creation of restore point for C:\\\\WINDOWS\\\\system32\\\\svchost.exe -k netsvcs -p -s wuauserv, Windows Update as there is a previous restore point available.",
      "groups": [
        "windows",
        "windows_application"
      ],
      "id": "60716"
    },
    "location": "EventChannel",
    "decoder": {
      "name": "windows_eventchannel"
    },
    "id": "1779778442.13979620",
    "timestamp": "2026-05-26T06:54:02.445+0000"
  },
  {
    "input": {
      "type": "log"
    },
    "agent": {
      "ip": "172.21.5.40",
      "name": "KS_2026_001",
      "id": "104"
    },
    "manager": {
      "name": "wazuh.manager"
    },
    "data": {
      "win": {
        "eventdata": {
          "data": "C:\\\\WINDOWS\\\\system32\\\\svchost.exe -k netsvcs -p -s wuauserv, Windows Update",
          "binary": "0000000063020000590200000000000022CE28677C6DDA79E28C1C000000000000000000"
        },
        "system": {
          "eventID": "8216",
          "keywords": "0x80000000000000",
          "level": "4",
          "channel": "Application",
          "opcode": "0",
          "message": "\"Der Wiederherstellungspunkt (Prozess = \"C:\\WINDOWS\\system32\\svchost.exe -k netsvcs -p -s wuauserv\", Beschreibung = \"Windows Update\") wird nicht erstellt, da ein vorhandener Wiederherstellungspunkt aktuell genug für die Systemwiederherstellung ist.\"",
          "version": "0",
          "systemTime": "2026-05-26T06:53:42.5743042Z",
          "eventRecordID": "29041",
          "threadID": "0",
          "computer": "KS_2026_001.arzw.local",
          "task": "0",
          "processID": "4916",
          "severityValue": "INFORMATION",
          "providerName": "System Restore"
        }
      }
    },
    "rule": {
      "firedtimes": 6,
      "mail": false,
      "level": 4,
      "description": "Skipped creation of restore point for C:\\\\WINDOWS\\\\system32\\\\svchost.exe -k netsvcs -p -s wuauserv, Windows Update as there is a previous restore point available.",
      "groups": [
        "windows",
        "windows_application"
      ],
      "id": "60716"
    },
    "location": "EventChannel",
    "decoder": {
      "name": "windows_eventchannel"
    },
    "id": "1779778422.13926248",
    "timestamp": "2026-05-26T06:53:42.665+0000"
  },
  {
    "input": {
      "type": "log"
    },
    "agent": {
      "ip": "172.21.5.40",
      "name": "KS_2026_001",
      "id": "104"
    },
    "manager": {
      "name": "wazuh.manager"
    },
    "data": {
      "win": {
        "eventdata": {
          "data": "2126-05-02T06:51:57Z, RulesEngine"
        },
        "system": {
          "eventID": "16384",
          "eventSourceName": "Software Protection Platform Service",
          "keywords": "0x80000000000000",
          "providerGuid": "{E23B33B0-C8C9-472C-A5F9-F2BDFEA0F156}",
          "level": "4",
          "channel": "Application",
          "opcode": "0",
          "message": "\"Der Softwareschutzdienst wurde erfolgreich für den erneuten Start bei 2126-05-02T06:51:57Z geplant. Grund: RulesEngine.\"",
          "version": "0",
          "systemTime": "2026-05-26T06:51:57.4935295Z",
          "eventRecordID": "29040",
          "threadID": "0",
          "computer": "KS_2026_001.arzw.local",
          "task": "0",
          "processID": "7116",
          "severityValue": "INFORMATION",
          "providerName": "Microsoft-Windows-Security-SPP"
        }
      }
    },
    "rule": {
      "firedtimes": 135,
      "mail": false,
      "level": 3,
      "description": "Software protection service scheduled successfully.",
      "groups": [
        "windows",
        "windows_application"
      ],
      "id": "60642"
    },
    "location": "EventChannel",
    "decoder": {
      "name": "windows_eventchannel"
    },
    "id": "1779778317.13889203",
    "timestamp": "2026-05-26T06:51:57.511+0000"
  },
  {
    "input": {
      "type": "log"
    },
    "agent": {
      "ip": "172.21.5.40",
      "name": "KS_2026_001",
      "id": "104"
    },
    "manager": {
      "name": "wazuh.manager"
    },
    "data": {
      "win": {
        "eventdata": {
          "data": "C:\\\\WINDOWS\\\\system32\\\\svchost.exe -k netsvcs -p -s wuauserv, Windows Update",
          "binary": "0000000063020000590200000000000022CE28677C6DDA79E28C1C000000000000000000"
        },
        "system": {
          "eventID": "8216",
          "keywords": "0x80000000000000",
          "level": "4",
          "channel": "Application",
          "opcode": "0",
          "message": "\"Der Wiederherstellungspunkt (Prozess = \"C:\\WINDOWS\\system32\\svchost.exe -k netsvcs -p -s wuauserv\", Beschreibung = \"Windows Update\") wird nicht erstellt, da ein vorhandener Wiederherstellungspunkt aktuell genug für die Systemwiederherstellung ist.\"",
          "version": "0",
          "systemTime": "2026-05-26T06:51:33.4924633Z",
          "eventRecordID": "29039",
          "threadID": "0",
          "computer": "KS_2026_001.arzw.local",
          "task": "0",
          "processID": "4916",
          "severityValue": "INFORMATION",
          "providerName": "System Restore"
        }
      }
    },
    "rule": {
      "firedtimes": 5,
      "mail": false,
      "level": 4,
      "description": "Skipped creation of restore point for C:\\\\WINDOWS\\\\system32\\\\svchost.exe -k netsvcs -p -s wuauserv, Windows Update as there is a previous restore point available.",
      "groups": [
        "windows",
        "windows_application"
      ],
      "id": "60716"
    },
    "location": "EventChannel",
    "decoder": {
      "name": "windows_eventchannel"
    },
    "id": "1779778293.13859573",
    "timestamp": "2026-05-26T06:51:33.586+0000"
  },
  {
    "input": {
      "type": "log"
    },
    "agent": {
      "ip": "172.21.5.40",
      "name": "KS_2026_001",
      "id": "104"
    },
    "manager": {
      "name": "wazuh.manager"
    },
    "data": {
      "win": {
        "eventdata": {
          "param5": "Neustart des Diensts",
          "binary": "74006100630074006900630061006C0072006D006D000000",
          "param3": "12000",
          "param4": "1",
          "param1": "TacticalRMM Agent Service",
          "param2": "1"
        },
        "system": {
          "eventID": "7031",
          "eventSourceName": "Service Control Manager",
          "keywords": "0x8080000000000000",
          "providerGuid": "{555908d1-a6d7-4695-8e1e-26931d2012f4}",
          "level": "2",
          "channel": "System",
          "opcode": "0",
          "message": "\"Der Dienst \"TacticalRMM Agent Service\" wurde unerwartet beendet. Dies ist bereits 1 Mal vorgekommen. Folgende Korrekturmaßnahmen werden in 12000 Millisekunden durchgeführt: Neustart des Diensts.\"",
          "version": "0",
          "systemTime": "2026-05-26T06:50:11.2600926Z",
          "eventRecordID": "44509",
          "threadID": "2504",
          "computer": "KS_2026_001.arzw.local",
          "task": "0",
          "processID": "1312",
          "severityValue": "ERROR",
          "providerName": "Service Control Manager"
        }
      }
    },
    "rule": {
      "firedtimes": 132,
      "mail": false,
      "level": 5,
      "description": "TacticalRMM Agent Service terminated unexpectedly",
      "groups": [
        "windows",
        "windows_system"
      ],
      "id": "61107"
    },
    "location": "EventChannel",
    "decoder": {
      "name": "windows_eventchannel"
    },
    "id": "1779778212.13797654",
    "timestamp": "2026-05-26T06:50:12.311+0000"
  },
  {
    "input": {
      "type": "log"
    },
    "agent": {
      "ip": "172.21.5.40",
      "name": "KS_2026_001",
      "id": "104"
    },
    "manager": {
      "name": "wazuh.manager"
    },
    "data": {
      "win": {
        "eventdata": {
          "data": "C:\\\\WINDOWS\\\\system32\\\\srtasks.exe ExecuteScheduledSPPCreation, Geplanter Prüfpunkt",
          "binary": "0000000067020000590200000000000022CE28677C6DDA79E28C1C000000000000000000"
        },
        "system": {
          "eventID": "8194",
          "keywords": "0x80000000000000",
          "level": "4",
          "channel": "Application",
          "opcode": "0",
          "message": "\"Der Wiederherstellungspunkt wurde erfolgreich erstellt (Prozess = C:\\WINDOWS\\system32\\srtasks.exe ExecuteScheduledSPPCreation; Beschreibung = Geplanter Prüfpunkt).\"",
          "version": "0",
          "systemTime": "2026-05-26T06:50:02.2938993Z",
          "eventRecordID": "29033",
          "threadID": "0",
          "computer": "KS_2026_001.arzw.local",
          "task": "0",
          "processID": "15404",
          "severityValue": "INFORMATION",
          "providerName": "System Restore"
        }
      }
    },
    "rule": {
      "firedtimes": 3,
      "mail": false,
      "level": 3,
      "description": "Restore point successfully created.",
      "groups": [
        "windows",
        "windows_application"
      ],
      "id": "60718"
    },
    "location": "EventChannel",
    "decoder": {
      "name": "windows_eventchannel"
    },
    "id": "1779778202.13743135",
    "timestamp": "2026-05-26T06:50:02.647+0000"
  },
  {
    "input": {
      "type": "log"
    },
    "agent": {
      "ip": "172.21.5.40",
      "name": "KS_2026_001",
      "id": "104"
    },
    "manager": {
      "name": "wazuh.manager"
    },
    "data": {
      "win": {
        "eventdata": {
          "param3": "Manuell starten",
          "param4": "TrustedInstaller",
          "param1": "Windows Modules Installer",
          "param2": "Automatisch starten"
        },
        "system": {
          "eventID": "7040",
          "eventSourceName": "Service Control Manager",
          "keywords": "0x8080000000000000",
          "providerGuid": "{555908d1-a6d7-4695-8e1e-26931d2012f4}",
          "level": "4",
          "channel": "System",
          "opcode": "0",
          "message": "\"Der Starttyp des Diensts \"Windows Modules Installer\" wurde von Automatisch starten in Manuell starten geändert.\"",
          "version": "0",
          "systemTime": "2026-05-26T06:49:44.7322053Z",
          "eventRecordID": "44503",
          "threadID": "2504",
          "computer": "KS_2026_001.arzw.local",
          "task": "0",
          "processID": "1312",
          "severityValue": "INFORMATION",
          "providerName": "Service Control Manager"
        }
      }
    },
    "rule": {
      "firedtimes": 29,
      "mail": false,
      "level": 3,
      "pci_dss": [
        "10.6"
      ],
      "hipaa": [
        "164.312.b"
      ],
      "tsc": [
        "CC6.1",
        "CC6.8",
        "CC7.2",
        "CC7.3"
      ],
      "description": "Service startup type was changed",
      "groups": [
        "windows",
        "windows_system",
        "policy_changed"
      ],
      "id": "61104",
      "nist_800_53": [
        "AU.6"
      ],
      "info": "This does not appear to be logged on Windows 2000",
      "gdpr": [
        "IV_35.7.d"
      ]
    },
    "location": "EventChannel",
    "decoder": {
      "name": "windows_eventchannel"
    },
    "id": "1779778185.13740718",
    "timestamp": "2026-05-26T06:49:45.749+0000"
  },
  {
    "input": {
      "type": "log"
    },
    "agent": {
      "ip": "172.21.5.40",
      "name": "KS_2026_001",
      "id": "104"
    },
    "manager": {
      "name": "wazuh.manager"
    },
    "data": {
      "win": {
        "eventdata": {
          "p1": "10.0.26100.8035:1",
          "p2": "wcp\\\\componentstore\\\\scavenge.cpp",
          "rechecking": "0",
          "p3": "ComponentStore::CRawStoreLayout::RetainFileAsVersion",
          "attachedFiles": "  \\\\\\\\?\\\\C:\\\\ProgramData\\\\Microsoft\\\\Windows\\\\WER\\\\Temp\\\\WER.efb8acde-9027-47d6-bbce-03da7e092819.tmp.WERInternalMetadata.xml",
          "p4": "1833",
          "reportId": "7c58e36e-04fb-4068-bf42-8472c3b48cfb",
          "p5": "c015001b",
          "p6": "0x6787f801",
          "reportStatus": "268435456",
          "bucket": "1823907439564925894",
          "storePath": "\\\\\\\\?\\\\C:\\\\ProgramData\\\\Microsoft\\\\Windows\\\\WER\\\\ReportArchive\\\\Critical_10.0.26100.8035__e9d2dbe44fae792dba46e4cd20edf41b90745bbf_00000000_7c58e36e-04fb-4068-bf42-8472c3b48cfb",
          "bucketType": "5",
          "hashedBucket": "4a833fe64e3e9d3b694fd2271e75abc6",
          "response": "Nicht verfügbar",
          "eventName": "WindowsWcpOtherFailure3",
          "cabGuid": "0",
          "cabId": "0"
        },
        "system": {
          "eventID": "1001",
          "keywords": "0x8000000000000000",
          "providerGuid": "{0ead09bd-2157-539a-8d6d-c87f95b64d70}",
          "level": "4",
          "channel": "Application",
          "opcode": "0",
          "message": "\"Fehlerbucket 1823907439564925894, Typ 5\r\nEreignisname: WindowsWcpOtherFailure3\r\nAntwort: Nicht verfügbar\r\nCAB-Datei-ID: 0\r\n\r\nProblemsignatur:\r\nP1: 10.0.26100.8035:1\r\nP2: wcp\\componentstore\\scavenge.cpp\r\nP3: ComponentStore::CRawStoreLayout::RetainFileAsVersion\r\nP4: 1833\r\nP5: c015001b\r\nP6: 0x6787f801\r\nP7: \r\nP8: \r\nP9: \r\nP10: \r\n\r\nAngefügte Dateien:\r\n\\\\?\\C:\\ProgramData\\Microsoft\\Windows\\WER\\Temp\\WER.efb8acde-9027-47d6-bbce-03da7e092819.tmp.WERInternalMetadata.xml\r\n\r\nDiese Dateien befinden sich möglicherweise hier:\r\n\\\\?\\C:\\ProgramData\\Microsoft\\Windows\\WER\\ReportArchive\\Critical_10.0.26100.8035__e9d2dbe44fae792dba46e4cd20edf41b90745bbf_00000000_7c58e36e-04fb-4068-bf42-8472c3b48cfb\r\n\r\nAnalysesymbol: \r\nEs wird erneut nach einer Lösung gesucht: 0\r\nBerichts-ID: 7c58e36e-04fb-4068-bf42-8472c3b48cfb\r\nBerichtstatus: 268435456\r\nBucket mit Hash: 4a833fe64e3e9d3b694fd2271e75abc6\r\nCAB-Datei-Guid: 0\"",
          "version": "0",
          "systemTime": "2026-05-26T06:47:31.6067489Z",
          "eventRecordID": "29031",
          "threadID": "11968",
          "computer": "KS_2026_001.arzw.local",
          "task": "0",
          "processID": "5204",
          "severityValue": "INFORMATION",
          "providerName": "Windows Error Reporting"
        }
      }
    },
    "rule": {
      "firedtimes": 8,
      "mail": false,
      "level": 4,
      "description": "Summary event of the report's signatures.",
      "groups": [
        "windows",
        "windows_application"
      ],
      "id": "60608"
    },
    "location": "EventChannel",
    "decoder": {
      "name": "windows_eventchannel"
    },
    "id": "1779778052.13360735",
    "timestamp": "2026-05-26T06:47:32.498+0000"
  },
  {
    "input": {
      "type": "log"
    },
    "agent": {
      "ip": "172.21.5.40",
      "name": "KS_2026_001",
      "id": "104"
    },
    "manager": {
      "name": "wazuh.manager"
    },
    "data": {
      "win": {
        "eventdata": {
          "p1": "10.0.26100.8035:1",
          "p2": "wcp\\\\componentstore\\\\scavenge.cpp",
          "rechecking": "0",
          "p3": "ComponentStore::CRawStoreLayout::RetainFileAsVersion",
          "attachedFiles": "  \\\\\\\\?\\\\C:\\\\Windows\\\\Logs\\\\CBS\\\\CBS.log  \\\\\\\\?\\\\C:\\\\Windows\\\\Logs\\\\CBS\\\\CbsPersist_20260526062655.cab  \\\\\\\\?\\\\C:\\\\Windows\\\\Logs\\\\CBS\\\\CbsPersist_20260512064627.cab  \\\\\\\\?\\\\C:\\\\Windows\\\\Logs\\\\CBS\\\\CbsPersist_20260505210117.cab  \\\\\\\\?\\\\C:\\\\Windows\\\\Logs\\\\CBS\\\\CbsPersist_20260429053520.cab  \\\\\\\\?\\\\C:\\\\Windows\\\\Logs\\\\CBS\\\\CbsPersist_20260421065913.cab  \\\\\\\\?\\\\C:\\\\Windows\\\\Logs\\\\CBS\\\\container.etl  \\\\\\\\?\\\\C:\\\\WINDOWS\\\\servicing\\\\Sessions\\\\Sessions.xml  \\\\\\\\?\\\\C:\\\\WINDOWS\\\\WinSxs\\\\poqexec.log  \\\\\\\\?\\\\C:\\\\WINDOWS\\\\Logs\\\\Cbs\\\\FilterList.log",
          "p4": "1833",
          "reportId": "7c58e36e-04fb-4068-bf42-8472c3b48cfb",
          "p5": "c015001b",
          "p6": "0x6787f801",
          "reportStatus": "262148",
          "storePath": "NULL",
          "bucketType": "0",
          "response": "Nicht verfügbar",
          "eventName": "WindowsWcpOtherFailure3",
          "cabGuid": "0",
          "cabId": "0"
        },
        "system": {
          "eventID": "1001",
          "keywords": "0x8000000000000000",
          "providerGuid": "{0ead09bd-2157-539a-8d6d-c87f95b64d70}",
          "level": "4",
          "channel": "Application",
          "opcode": "0",
          "message": "\"Fehlerbucket , Typ 0\r\nEreignisname: WindowsWcpOtherFailure3\r\nAntwort: Nicht verfügbar\r\nCAB-Datei-ID: 0\r\n\r\nProblemsignatur:\r\nP1: 10.0.26100.8035:1\r\nP2: wcp\\componentstore\\scavenge.cpp\r\nP3: ComponentStore::CRawStoreLayout::RetainFileAsVersion\r\nP4: 1833\r\nP5: c015001b\r\nP6: 0x6787f801\r\nP7: \r\nP8: \r\nP9: \r\nP10: \r\n\r\nAngefügte Dateien:\r\n\\\\?\\C:\\Windows\\Logs\\CBS\\CBS.log\r\n\\\\?\\C:\\Windows\\Logs\\CBS\\CbsPersist_20260526062655.cab\r\n\\\\?\\C:\\Windows\\Logs\\CBS\\CbsPersist_20260512064627.cab\r\n\\\\?\\C:\\Windows\\Logs\\CBS\\CbsPersist_20260505210117.cab\r\n\\\\?\\C:\\Windows\\Logs\\CBS\\CbsPersist_20260429053520.cab\r\n\\\\?\\C:\\Windows\\Logs\\CBS\\CbsPersist_20260421065913.cab\r\n\\\\?\\C:\\Windows\\Logs\\CBS\\container.etl\r\n\\\\?\\C:\\WINDOWS\\servicing\\Sessions\\Sessions.xml\r\n\\\\?\\C:\\WINDOWS\\WinSxs\\poqexec.log\r\n\\\\?\\C:\\WINDOWS\\Logs\\Cbs\\FilterList.log\r\n\r\nDiese Dateien befinden sich möglicherweise hier:\r\nNULL\r\n\r\nAnalysesymbol: \r\nEs wird erneut nach einer Lösung gesucht: 0\r\nBerichts-ID: 7c58e36e-04fb-4068-bf42-8472c3b48cfb\r\nBerichtstatus: 262148\r\nBucket mit Hash: \r\nCAB-Datei-Guid: 0\"",
          "version": "0",
          "systemTime": "2026-05-26T06:47:30.0931203Z",
          "eventRecordID": "29030",
          "threadID": "12176",
          "computer": "KS_2026_001.arzw.local",
          "task": "0",
          "processID": "3232",
          "severityValue": "INFORMATION",
          "providerName": "Windows Error Reporting"
        }
      }
    },
    "rule": {
      "firedtimes": 7,
      "mail": false,
      "level": 4,
      "description": "Summary event of the report's signatures.",
      "groups": [
        "windows",
        "windows_application"
      ],
      "id": "60608"
    },
    "location": "EventChannel",
    "decoder": {
      "name": "windows_eventchannel"
    },
    "id": "1779778051.13355137",
    "timestamp": "2026-05-26T06:47:31.101+0000"
  },
  {
    "input": {
      "type": "log"
    },
    "agent": {
      "ip": "172.21.5.40",
      "name": "KS_2026_001",
      "id": "104"
    },
    "manager": {
      "name": "wazuh.manager"
    },
    "data": {
      "win": {
        "eventdata": {
          "p1": "10.0.26100.8035:1",
          "p2": "wcp\\\\componentstore\\\\scavenge.cpp",
          "rechecking": "0",
          "p3": "ComponentStore::CRawStoreLayout::RetainFileAsVersion",
          "p4": "1833",
          "reportId": "7c58e36e-04fb-4068-bf42-8472c3b48cfb",
          "p5": "c015001b",
          "p6": "0x6787f801",
          "reportStatus": "4",
          "storePath": "\\\\\\\\?\\\\C:\\\\ProgramData\\\\Microsoft\\\\Windows\\\\WER\\\\ReportQueue\\\\Critical_10.0.26100.8035__e9d2dbe44fae792dba46e4cd20edf41b90745bbf_00000000_7c58e36e-04fb-4068-bf42-8472c3b48cfb",
          "bucketType": "0",
          "response": "Nicht verfügbar",
          "eventName": "WindowsWcpOtherFailure3",
          "cabGuid": "0",
          "cabId": "0"
        },
        "system": {
          "eventID": "1001",
          "keywords": "0x8000000000000000",
          "providerGuid": "{0ead09bd-2157-539a-8d6d-c87f95b64d70}",
          "level": "4",
          "channel": "Application",
          "opcode": "0",
          "message": "\"Fehlerbucket , Typ 0\r\nEreignisname: WindowsWcpOtherFailure3\r\nAntwort: Nicht verfügbar\r\nCAB-Datei-ID: 0\r\n\r\nProblemsignatur:\r\nP1: 10.0.26100.8035:1\r\nP2: wcp\\componentstore\\scavenge.cpp\r\nP3: ComponentStore::CRawStoreLayout::RetainFileAsVersion\r\nP4: 1833\r\nP5: c015001b\r\nP6: 0x6787f801\r\nP7: \r\nP8: \r\nP9: \r\nP10: \r\n\r\nAngefügte Dateien:\r\n\r\nDiese Dateien befinden sich möglicherweise hier:\r\n\\\\?\\C:\\ProgramData\\Microsoft\\Windows\\WER\\ReportQueue\\Critical_10.0.26100.8035__e9d2dbe44fae792dba46e4cd20edf41b90745bbf_00000000_7c58e36e-04fb-4068-bf42-8472c3b48cfb\r\n\r\nAnalysesymbol: \r\nEs wird erneut nach einer Lösung gesucht: 0\r\nBerichts-ID: 7c58e36e-04fb-4068-bf42-8472c3b48cfb\r\nBerichtstatus: 4\r\nBucket mit Hash: \r\nCAB-Datei-Guid: 0\"",
          "version": "0",
          "systemTime": "2026-05-26T06:47:30.0843244Z",
          "eventRecordID": "29029",
          "threadID": "7532",
          "computer": "KS_2026_001.arzw.local",
          "task": "0",
          "processID": "1700",
          "severityValue": "INFORMATION",
          "providerName": "Windows Error Reporting"
        }
      }
    },
    "rule": {
      "firedtimes": 6,
      "mail": false,
      "level": 4,
      "description": "Summary event of the report's signatures.",
      "groups": [
        "windows",
        "windows_application"
      ],
      "id": "60608"
    },
    "location": "EventChannel",
    "decoder": {
      "name": "windows_eventchannel"
    },
    "id": "1779778051.13351166",
    "timestamp": "2026-05-26T06:47:31.096+0000"
  },
  {
    "input": {
      "type": "log"
    },
    "agent": {
      "ip": "172.21.5.40",
      "name": "KS_2026_001",
      "id": "104"
    },
    "manager": {
      "name": "wazuh.manager"
    },
    "data": {
      "win": {
        "eventdata": {
          "param3": "Automatisch starten",
          "param4": "TrustedInstaller",
          "param1": "Windows Modules Installer",
          "param2": "Manuell starten"
        },
        "system": {
          "eventID": "7040",
          "eventSourceName": "Service Control Manager",
          "keywords": "0x8080000000000000",
          "providerGuid": "{555908d1-a6d7-4695-8e1e-26931d2012f4}",
          "level": "4",
          "channel": "System",
          "opcode": "0",
          "message": "\"Der Starttyp des Diensts \"Windows Modules Installer\" wurde von Manuell starten in Automatisch starten geändert.\"",
          "version": "0",
          "systemTime": "2026-05-26T06:45:14.0921130Z",
          "eventRecordID": "44502",
          "threadID": "1300",
          "computer": "KS_2026_001.arzw.local",
          "task": "0",
          "processID": "1312",
          "severityValue": "INFORMATION",
          "providerName": "Service Control Manager"
        }
      }
    },
    "rule": {
      "firedtimes": 27,
      "mail": false,
      "level": 3,
      "pci_dss": [
        "10.6"
      ],
      "hipaa": [
        "164.312.b"
      ],
      "tsc": [
        "CC6.1",
        "CC6.8",
        "CC7.2",
        "CC7.3"
      ],
      "description": "Service startup type was changed",
      "groups": [
        "windows",
        "windows_system",
        "policy_changed"
      ],
      "id": "61104",
      "nist_800_53": [
        "AU.6"
      ],
      "info": "This does not appear to be logged on Windows 2000",
      "gdpr": [
        "IV_35.7.d"
      ]
    },
    "location": "EventChannel",
    "decoder": {
      "name": "windows_eventchannel"
    },
    "id": "1779777915.13284535",
    "timestamp": "2026-05-26T06:45:15.033+0000"
  },
  {
    "input": {
      "type": "log"
    },
    "agent": {
      "ip": "172.21.5.40",
      "name": "KS_2026_001",
      "id": "104"
    },
    "manager": {
      "name": "wazuh.manager"
    },
    "data": {
      "win": {
        "eventdata": {
          "param3": "Manuell starten",
          "param4": "TrustedInstaller",
          "param1": "Windows Modules Installer",
          "param2": "Automatisch starten"
        },
        "system": {
          "eventID": "7040",
          "eventSourceName": "Service Control Manager",
          "keywords": "0x8080000000000000",
          "providerGuid": "{555908d1-a6d7-4695-8e1e-26931d2012f4}",
          "level": "4",
          "channel": "System",
          "opcode": "0",
          "message": "\"Der Starttyp des Diensts \"Windows Modules Installer\" wurde von Automatisch starten in Manuell starten geändert.\"",
          "version": "0",
          "systemTime": "2026-05-26T06:45:13.9915957Z",
          "eventRecordID": "44501",
          "threadID": "8768",
          "computer": "KS_2026_001.arzw.local",
          "task": "0",
          "processID": "1312",
          "severityValue": "INFORMATION",
          "providerName": "Service Control Manager"
        }
      }
    },
    "rule": {
      "firedtimes": 26,
      "mail": false,
      "level": 3,
      "pci_dss": [
        "10.6"
      ],
      "hipaa": [
        "164.312.b"
      ],
      "tsc": [
        "CC6.1",
        "CC6.8",
        "CC7.2",
        "CC7.3"
      ],
      "description": "Service startup type was changed",
      "groups": [
        "windows",
        "windows_system",
        "policy_changed"
      ],
      "id": "61104",
      "nist_800_53": [
        "AU.6"
      ],
      "info": "This does not appear to be logged on Windows 2000",
      "gdpr": [
        "IV_35.7.d"
      ]
    },
    "location": "EventChannel",
    "decoder": {
      "name": "windows_eventchannel"
    },
    "id": "1779777914.13282670",
    "timestamp": "2026-05-26T06:45:14.188+0000"
  },
  {
    "input": {
      "type": "log"
    },
    "agent": {
      "ip": "172.21.5.40",
      "name": "KS_2026_001",
      "id": "104"
    },
    "manager": {
      "name": "wazuh.manager"
    },
    "data": {
      "win": {
        "eventdata": {
          "param3": "Automatisch starten",
          "param4": "TrustedInstaller",
          "param1": "Windows Modules Installer",
          "param2": "Manuell starten"
        },
        "system": {
          "eventID": "7040",
          "eventSourceName": "Service Control Manager",
          "keywords": "0x8080000000000000",
          "providerGuid": "{555908d1-a6d7-4695-8e1e-26931d2012f4}",
          "level": "4",
          "channel": "System",
          "opcode": "0",
          "message": "\"Der Starttyp des Diensts \"Windows Modules Installer\" wurde von Manuell starten in Automatisch starten geändert.\"",
          "version": "0",
          "systemTime": "2026-05-26T06:45:13.9800787Z",
          "eventRecordID": "44500",
          "threadID": "8836",
          "computer": "KS_2026_001.arzw.local",
          "task": "0",
          "processID": "1312",
          "severityValue": "INFORMATION",
          "providerName": "Service Control Manager"
        }
      }
    },
    "rule": {
      "firedtimes": 25,
      "mail": false,
      "level": 3,
      "pci_dss": [
        "10.6"
      ],
      "hipaa": [
        "164.312.b"
      ],
      "tsc": [
        "CC6.1",
        "CC6.8",
        "CC7.2",
        "CC7.3"
      ],
      "description": "Service startup type was changed",
      "groups": [
        "windows",
        "windows_system",
        "policy_changed"
      ],
      "id": "61104",
      "nist_800_53": [
        "AU.6"
      ],
      "info": "This does not appear to be logged on Windows 2000",
      "gdpr": [
        "IV_35.7.d"
      ]
    },
    "location": "EventChannel",
    "decoder": {
      "name": "windows_eventchannel"
    },
    "id": "1779777914.13280805",
    "timestamp": "2026-05-26T06:45:14.172+0000"
  },
  {
    "input": {
      "type": "log"
    },
    "agent": {
      "ip": "172.21.5.40",
      "name": "KS_2026_001",
      "id": "104"
    },
    "manager": {
      "name": "wazuh.manager"
    },
    "data": {
      "win": {
        "eventdata": {
          "param3": "Manuell starten",
          "param4": "TrustedInstaller",
          "param1": "Windows Modules Installer",
          "param2": "Automatisch starten"
        },
        "system": {
          "eventID": "7040",
          "eventSourceName": "Service Control Manager",
          "keywords": "0x8080000000000000",
          "providerGuid": "{555908d1-a6d7-4695-8e1e-26931d2012f4}",
          "level": "4",
          "channel": "System",
          "opcode": "0",
          "message": "\"Der Starttyp des Diensts \"Windows Modules Installer\" wurde von Automatisch starten in Manuell starten geändert.\"",
          "version": "0",
          "systemTime": "2026-05-26T06:45:12.4557517Z",
          "eventRecordID": "44499",
          "threadID": "8836",
          "computer": "KS_2026_001.arzw.local",
          "task": "0",
          "processID": "1312",
          "severityValue": "INFORMATION",
          "providerName": "Service Control Manager"
        }
      }
    },
    "rule": {
      "firedtimes": 24,
      "mail": false,
      "level": 3,
      "pci_dss": [
        "10.6"
      ],
      "hipaa": [
        "164.312.b"
      ],
      "tsc": [
        "CC6.1",
        "CC6.8",
        "CC7.2",
        "CC7.3"
      ],
      "description": "Service startup type was changed",
      "groups": [
        "windows",
        "windows_system",
        "policy_changed"
      ],
      "id": "61104",
      "nist_800_53": [
        "AU.6"
      ],
      "info": "This does not appear to be logged on Windows 2000",
      "gdpr": [
        "IV_35.7.d"
      ]
    },
    "location": "EventChannel",
    "decoder": {
      "name": "windows_eventchannel"
    },
    "id": "1779777913.13278940",
    "timestamp": "2026-05-26T06:45:13.244+0000"
  },
