  {
    "input": {
      "type": "log"
    },
    "agent": {
      "ip": "172.21.5.40",
      "name": "KS_2026_001",
      "id": "104"
    },
    "manager": {
      "name": "wazuh.manager"
    },
    "data": {
      "win": {
        "eventdata": {
          "extraInfo": " "
        },
        "system": {
          "eventID": "1003",
          "eventSourceName": "Windows Search Service",
          "keywords": "0x80000000000000",
          "providerGuid": "{CA4E628D-8567-4896-AB6B-835B221F373F}",
          "level": "4",
          "channel": "Application",
          "opcode": "0",
          "message": "\"Windows Search wurde gestartet.\n\"",
          "version": "0",
          "systemTime": "2026-05-26T06:26:58.0989370Z",
          "eventRecordID": "28976",
          "threadID": "0",
          "computer": "KS_2026_001.arzw.local",
          "task": "1",
          "processID": "9752",
          "severityValue": "INFORMATION",
          "providerName": "Microsoft-Windows-Search"
        }
      }
    },
    "rule": {
      "firedtimes": 1,
      "mail": false,
      "level": 3,
      "description": "The Windows search service started.",
      "groups": [
        "windows",
        "windows_application"
      ],
      "id": "60668"
    },
    "location": "EventChannel",
    "decoder": {
      "name": "windows_eventchannel"
    },
    "id": "1779776826.12328100",
    "timestamp": "2026-05-26T06:27:06.268+0000"
  },
  {
    "input": {
      "type": "log"
    },
    "agent": {
      "ip": "172.21.5.40",
      "name": "KS_2026_001",
      "id": "104"
    },
    "manager": {
      "name": "wazuh.manager"
    },
    "data": {
      "win": {
        "eventdata": {
          "data": "ARZW, %%1359",
          "binary": "E50000C0"
        },
        "system": {
          "eventID": "5719",
          "keywords": "0x80000000000000",
          "level": "2",
          "channel": "System",
          "opcode": "0",
          "message": "\"Der Computer konnte eine sichere Sitzung mit einem Domänencontroller in der Domäne ARZW aufgrund der folgenden Ursache nicht einrichten: \r\nInterner Fehler. \r\nDies kann zu Authentifizierungsproblemen führen. Stellen Sie sicher, dass der Computer mit dem Netzwerk verbunden ist. Wenden Sie sich an den Domänenadministrator, wenn das Problem weiterhin besteht.  \r\n\r\nZUSÄTZLICHE INFORMATIONEN \r\nWenn dieser Computer ein Domänencontroller der bestimmten Domäne ist, wird eine sichere Sitzung zum primären Domänencontrolleremulator in der bestimmten Domäne eingerichtet. Andernfalls richtet dieser Computer eine sichere Sitzung zu einem beliebigen Domänencontroller in der bestimmten Domäne ein.\"",
          "version": "0",
          "systemTime": "2026-05-26T06:26:58.3124742Z",
          "eventRecordID": "44417",
          "threadID": "0",
          "computer": "KS_2026_001.arzw.local",
          "task": "0",
          "processID": "1364",
          "severityValue": "ERROR",
          "providerName": "NETLOGON"
        }
      }
    },
    "rule": {
      "firedtimes": 7,
      "mail": false,
      "level": 5,
      "description": "Windows System error event",
      "groups": [
        "windows",
        "windows_system",
        "system_error"
      ],
      "id": "61102",
      "gpg13": [
        "4.3"
      ],
      "gdpr": [
        "IV_35.7.d"
      ]
    },
    "location": "EventChannel",
    "decoder": {
      "name": "windows_eventchannel"
    },
    "id": "1779776826.12325585",
    "timestamp": "2026-05-26T06:27:06.205+0000"
  },
  {
    "input": {
      "type": "log"
    },
    "agent": {
      "ip": "172.21.5.40",
      "name": "KS_2026_001",
      "id": "104"
    },
    "manager": {
      "name": "wazuh.manager"
    },
    "data": {
      "win": {
        "eventdata": {
          "data": "Failed to GetUserSid. hr: 0x8001012d, APMon.dll"
        },
        "system": {
          "eventID": "1",
          "keywords": "0x80000000000000",
          "level": "2",
          "channel": "Application",
          "opcode": "0",
          "message": "\"Failed to GetUserSid. hr: 0x8001012d\"",
          "version": "0",
          "systemTime": "2026-05-26T06:26:55.2442360Z",
          "eventRecordID": "28973",
          "threadID": "0",
          "computer": "KS_2026_001.arzw.local",
          "task": "0",
          "processID": "4024",
          "severityValue": "ERROR",
          "providerName": "Universal Print"
        }
      }
    },
    "rule": {
      "firedtimes": 4,
      "mail": false,
      "level": 9,
      "description": "Windows application error event.",
      "groups": [
        "windows",
        "windows_application",
        "system_error"
      ],
      "id": "60602",
      "gdpr": [
        "IV_35.7.d"
      ],
      "gpg13": [
        "4.3"
      ]
    },
    "location": "EventChannel",
    "decoder": {
      "name": "windows_eventchannel"
    },
    "id": "1779776826.12324362",
    "timestamp": "2026-05-26T06:27:06.157+0000"
  },
  {
    "input": {
      "type": "log"
    },
    "agent": {
      "ip": "172.21.5.40",
      "name": "KS_2026_001",
      "id": "104"
    },
    "manager": {
      "name": "wazuh.manager"
    },
    "data": {
      "win": {
        "eventdata": {
          "data": "Failed to GetUserSid. hr: 0x8001012d, APMon.dll"
        },
        "system": {
          "eventID": "1",
          "keywords": "0x80000000000000",
          "level": "2",
          "channel": "Application",
          "opcode": "0",
          "message": "\"Failed to GetUserSid. hr: 0x8001012d\"",
          "version": "0",
          "systemTime": "2026-05-26T06:26:55.2428268Z",
          "eventRecordID": "28971",
          "threadID": "0",
          "computer": "KS_2026_001.arzw.local",
          "task": "0",
          "processID": "4024",
          "severityValue": "ERROR",
          "providerName": "Universal Print"
        }
      }
    },
    "rule": {
      "firedtimes": 3,
      "mail": false,
      "level": 9,
      "description": "Windows application error event.",
      "groups": [
        "windows",
        "windows_application",
        "system_error"
      ],
      "id": "60602",
      "gdpr": [
        "IV_35.7.d"
      ],
      "gpg13": [
        "4.3"
      ]
    },
    "location": "EventChannel",
    "decoder": {
      "name": "windows_eventchannel"
    },
    "id": "1779776826.12323139",
    "timestamp": "2026-05-26T06:27:06.125+0000"
  },
  {
    "input": {
      "type": "log"
    },
    "agent": {
      "ip": "172.21.5.40",
      "name": "KS_2026_001",
      "id": "104"
    },
    "manager": {
      "name": "wazuh.manager"
    },
    "data": {
      "win": {
        "eventdata": {
          "data": "Failed to GetUserSid. hr: 0x8001012d, APMon.dll"
        },
        "system": {
          "eventID": "1",
          "keywords": "0x80000000000000",
          "level": "2",
          "channel": "Application",
          "opcode": "0",
          "message": "\"Failed to GetUserSid. hr: 0x8001012d\"",
          "version": "0",
          "systemTime": "2026-05-26T06:26:55.2412324Z",
          "eventRecordID": "28969",
          "threadID": "0",
          "computer": "KS_2026_001.arzw.local",
          "task": "0",
          "processID": "4024",
          "severityValue": "ERROR",
          "providerName": "Universal Print"
        }
      }
    },
    "rule": {
      "firedtimes": 2,
      "mail": false,
      "level": 9,
      "description": "Windows application error event.",
      "groups": [
        "windows",
        "windows_application",
        "system_error"
      ],
      "id": "60602",
      "gdpr": [
        "IV_35.7.d"
      ],
      "gpg13": [
        "4.3"
      ]
    },
    "location": "EventChannel",
    "decoder": {
      "name": "windows_eventchannel"
    },
    "id": "1779776826.12321916",
    "timestamp": "2026-05-26T06:27:06.078+0000"
  },
  {
    "input": {
      "type": "log"
    },
    "agent": {
      "ip": "172.21.5.40",
      "name": "KS_2026_001",
      "id": "104"
    },
    "manager": {
      "name": "wazuh.manager"
    },
    "data": {
      "win": {
        "eventdata": {
          "data": "Failed to GetUserSid. hr: 0x8001012d, APMon.dll"
        },
        "system": {
          "eventID": "1",
          "keywords": "0x80000000000000",
          "level": "2",
          "channel": "Application",
          "opcode": "0",
          "message": "\"Failed to GetUserSid. hr: 0x8001012d\"",
          "version": "0",
          "systemTime": "2026-05-26T06:26:55.2392456Z",
          "eventRecordID": "28967",
          "threadID": "0",
          "computer": "KS_2026_001.arzw.local",
          "task": "0",
          "processID": "4024",
          "severityValue": "ERROR",
          "providerName": "Universal Print"
        }
      }
    },
    "rule": {
      "firedtimes": 1,
      "mail": false,
      "level": 9,
      "description": "Windows application error event.",
      "groups": [
        "windows",
        "windows_application",
        "system_error"
      ],
      "id": "60602",
      "gdpr": [
        "IV_35.7.d"
      ],
      "gpg13": [
        "4.3"
      ]
    },
    "location": "EventChannel",
    "decoder": {
      "name": "windows_eventchannel"
    },
    "id": "1779776826.12320693",
    "timestamp": "2026-05-26T06:27:06.015+0000"
  },
  {
    "input": {
      "type": "log"
    },
    "agent": {
      "ip": "172.21.5.40",
      "name": "KS_2026_001",
      "id": "104"
    },
    "manager": {
      "name": "wazuh.manager"
    },
    "data": {
      "extra_data": "KS_2026_001->any"
    },
    "rule": {
      "firedtimes": 1,
      "mail": false,
      "level": 3,
      "pci_dss": [
        "10.6.1",
        "10.2.6"
      ],
      "hipaa": [
        "164.312.b"
      ],
      "tsc": [
        "CC7.2",
        "CC7.3",
        "CC6.8"
      ],
      "description": "Wazuh agent started.",
      "groups": [
        "ossec"
      ],
      "id": "503",
      "nist_800_53": [
        "AU.6",
        "AU.14",
        "AU.5"
      ],
      "gpg13": [
        "10.1"
      ],
      "gdpr": [
        "IV_35.7.d"
      ]
    },
    "location": "wazuh-agent",
    "decoder": {
      "parent": "ossec",
      "name": "ossec"
    },
    "id": "1779776825.12320359",
    "full_log": "ossec: Agent started: 'KS_2026_001->any'.",
    "timestamp": "2026-05-26T06:27:05.739+0000"
  }
]