  {
    "input": {
      "type": "log"
    },
    "agent": {
      "ip": "172.21.5.40",
      "name": "KS_2026_001",
      "id": "104"
    },
    "manager": {
      "name": "wazuh.manager"
    },
    "data": {
      "win": {
        "eventdata": {
          "p1": "10.0.26100.8456:1",
          "p2": "wcp\\\\componentstore\\\\storelayout.cpp",
          "rechecking": "0",
          "p3": "ComponentStore::CRawStoreLayout::OpenComponentFile",
          "p4": "2203",
          "reportId": "730335f8-a374-4f7f-a98e-91a9cdcd1c21",
          "p5": "800f0983",
          "p6": "0x77402643",
          "reportStatus": "4",
          "storePath": "\\\\\\\\?\\\\C:\\\\ProgramData\\\\Microsoft\\\\Windows\\\\WER\\\\ReportQueue\\\\Critical_10.0.26100.8456__5ea50b8f9aa6e8655a335cf96f81b447f821_00000000_730335f8-a374-4f7f-a98e-91a9cdcd1c21",
          "bucketType": "0",
          "response": "Nicht verfügbar",
          "eventName": "WindowsWcpOtherFailure3",
          "cabGuid": "0",
          "cabId": "0"
        },
        "system": {
          "eventID": "1001",
          "keywords": "0x8000000000000000",
          "providerGuid": "{0ead09bd-2157-539a-8d6d-c87f95b64d70}",
          "level": "4",
          "channel": "Application",
          "opcode": "0",
          "message": "\"Fehlerbucket , Typ 0\r\nEreignisname: WindowsWcpOtherFailure3\r\nAntwort: Nicht verfügbar\r\nCAB-Datei-ID: 0\r\n\r\nProblemsignatur:\r\nP1: 10.0.26100.8456:1\r\nP2: wcp\\componentstore\\storelayout.cpp\r\nP3: ComponentStore::CRawStoreLayout::OpenComponentFile\r\nP4: 2203\r\nP5: 800f0983\r\nP6: 0x77402643\r\nP7: \r\nP8: \r\nP9: \r\nP10: \r\n\r\nAngefügte Dateien:\r\n\r\nDiese Dateien befinden sich möglicherweise hier:\r\n\\\\?\\C:\\ProgramData\\Microsoft\\Windows\\WER\\ReportQueue\\Critical_10.0.26100.8456__5ea50b8f9aa6e8655a335cf96f81b447f821_00000000_730335f8-a374-4f7f-a98e-91a9cdcd1c21\r\n\r\nAnalysesymbol: \r\nEs wird erneut nach einer Lösung gesucht: 0\r\nBerichts-ID: 730335f8-a374-4f7f-a98e-91a9cdcd1c21\r\nBerichtstatus: 4\r\nBucket mit Hash: \r\nCAB-Datei-Guid: 0\"",
          "version": "0",
          "systemTime": "2026-05-26T09:13:36.0127192Z",
          "eventRecordID": "29160",
          "threadID": "8604",
          "computer": "KS_2026_001.arzw.local",
          "task": "0",
          "processID": "5204",
          "severityValue": "INFORMATION",
          "providerName": "Windows Error Reporting"
        }
      }
    },
    "rule": {
      "firedtimes": 13,
      "mail": false,
      "level": 4,
      "description": "Summary event of the report's signatures.",
      "groups": [
        "windows",
        "windows_application"
      ],
      "id": "60608"
    },
    "location": "EventChannel",
    "decoder": {
      "name": "windows_eventchannel"
    },
    "id": "1779786817.19994089",
    "timestamp": "2026-05-26T09:13:37.076+0000"
  },
  {
    "input": {
      "type": "log"
    },
    "agent": {
      "ip": "172.21.5.40",
      "name": "KS_2026_001",
      "id": "104"
    },
    "manager": {
      "name": "wazuh.manager"
    },
    "data": {
      "win": {
        "eventdata": {
          "binary": "2D20436F64653A2020434F525356434330303030303737322D2043616C6C3A2020434F525356434330303030303735342D205049443A202030303031373239322D205449443A202030303030343437322D20434D443A2020433A5C57494E444F57535C73797374656D33325C76737376632E6578652020202D20557365723A204E616D653A204E542D4155544F524954C4545C53595354454D2C205349443A532D312D352D313820"
        },
        "system": {
          "eventID": "8224",
          "keywords": "0x80000000000000",
          "level": "4",
          "channel": "Application",
          "opcode": "0",
          "message": "\"Der VSS-Dienst wird aufgrund eines Leerlaufzeitlimits heruntergefahren. \"",
          "version": "0",
          "systemTime": "2026-05-26T09:09:51.5951361Z",
          "eventRecordID": "29159",
          "threadID": "0",
          "computer": "KS_2026_001.arzw.local",
          "task": "0",
          "processID": "17292",
          "severityValue": "INFORMATION",
          "providerName": "VSS"
        }
      }
    },
    "rule": {
      "firedtimes": 2,
      "mail": false,
      "level": 5,
      "description": "The VSS service is shutting down due to idle timeout.",
      "groups": [
        "windows",
        "windows_application"
      ],
      "id": "60702"
    },
    "location": "EventChannel",
    "decoder": {
      "name": "windows_eventchannel"
    },
    "id": "1779786591.19916780",
    "timestamp": "2026-05-26T09:09:51.704+0000"
  },
  {
    "input": {
      "type": "log"
    },
    "agent": {
      "ip": "172.21.5.40",
      "name": "KS_2026_001",
      "id": "104"
    },
    "manager": {
      "name": "wazuh.manager"
    },
    "data": {
      "win": {
        "eventdata": {
          "data": "2126-05-02T09:09:28Z, RulesEngine"
        },
        "system": {
          "eventID": "16384",
          "eventSourceName": "Software Protection Platform Service",
          "keywords": "0x80000000000000",
          "providerGuid": "{E23B33B0-C8C9-472C-A5F9-F2BDFEA0F156}",
          "level": "4",
          "channel": "Application",
          "opcode": "0",
          "message": "\"Der Softwareschutzdienst wurde erfolgreich für den erneuten Start bei 2126-05-02T09:09:28Z geplant. Grund: RulesEngine.\"",
          "version": "0",
          "systemTime": "2026-05-26T09:09:28.6200726Z",
          "eventRecordID": "29158",
          "threadID": "0",
          "computer": "KS_2026_001.arzw.local",
          "task": "0",
          "processID": "9976",
          "severityValue": "INFORMATION",
          "providerName": "Microsoft-Windows-Security-SPP"
        }
      }
    },
    "rule": {
      "firedtimes": 24,
      "mail": false,
      "level": 3,
      "description": "Software protection service scheduled successfully.",
      "groups": [
        "windows",
        "windows_application"
      ],
      "id": "60642"
    },
    "location": "EventChannel",
    "decoder": {
      "name": "windows_eventchannel"
    },
    "id": "1779786568.19915144",
    "timestamp": "2026-05-26T09:09:28.680+0000"
  },
  {
    "input": {
      "type": "log"
    },
    "agent": {
      "ip": "172.21.5.40",
      "name": "KS_2026_001",
      "id": "104"
    },
    "manager": {
      "name": "wazuh.manager"
    },
    "data": {
      "win": {
        "eventdata": {
          "data": "2126-05-02T09:07:48Z, RulesEngine"
        },
        "system": {
          "eventID": "16384",
          "eventSourceName": "Software Protection Platform Service",
          "keywords": "0x80000000000000",
          "providerGuid": "{E23B33B0-C8C9-472C-A5F9-F2BDFEA0F156}",
          "level": "4",
          "channel": "Application",
          "opcode": "0",
          "message": "\"Der Softwareschutzdienst wurde erfolgreich für den erneuten Start bei 2126-05-02T09:07:48Z geplant. Grund: RulesEngine.\"",
          "version": "0",
          "systemTime": "2026-05-26T09:07:48.7127813Z",
          "eventRecordID": "29156",
          "threadID": "0",
          "computer": "KS_2026_001.arzw.local",
          "task": "0",
          "processID": "13656",
          "severityValue": "INFORMATION",
          "providerName": "Microsoft-Windows-Security-SPP"
        }
      }
    },
    "rule": {
      "firedtimes": 20,
      "mail": false,
      "level": 3,
      "description": "Software protection service scheduled successfully.",
      "groups": [
        "windows",
        "windows_application"
      ],
      "id": "60642"
    },
    "location": "EventChannel",
    "decoder": {
      "name": "windows_eventchannel"
    },
    "id": "1779786468.19819456",
    "timestamp": "2026-05-26T09:07:48.761+0000"
  },
  {
    "input": {
      "type": "log"
    },
    "agent": {
      "ip": "172.21.5.40",
      "name": "KS_2026_001",
      "id": "104"
    },
    "manager": {
      "name": "wazuh.manager"
    },
    "data": {
      "win": {
        "eventdata": {
          "data": "C:\\\\WINDOWS\\\\system32\\\\svchost.exe -k netsvcs -p -s wuauserv, Windows Update",
          "binary": "0000000063020000590200000000000022CE28677C6DDA79E28C1C000000000000000000"
        },
        "system": {
          "eventID": "8216",
          "keywords": "0x80000000000000",
          "level": "4",
          "channel": "Application",
          "opcode": "0",
          "message": "\"Der Wiederherstellungspunkt (Prozess = \"C:\\WINDOWS\\system32\\svchost.exe -k netsvcs -p -s wuauserv\", Beschreibung = \"Windows Update\") wird nicht erstellt, da ein vorhandener Wiederherstellungspunkt aktuell genug für die Systemwiederherstellung ist.\"",
          "version": "0",
          "systemTime": "2026-05-26T09:06:51.5877593Z",
          "eventRecordID": "29155",
          "threadID": "0",
          "computer": "KS_2026_001.arzw.local",
          "task": "0",
          "processID": "17016",
          "severityValue": "INFORMATION",
          "providerName": "System Restore"
        }
      }
    },
    "rule": {
      "firedtimes": 2,
      "mail": false,
      "level": 4,
      "description": "Skipped creation of restore point for C:\\\\WINDOWS\\\\system32\\\\svchost.exe -k netsvcs -p -s wuauserv, Windows Update as there is a previous restore point available.",
      "groups": [
        "windows",
        "windows_application"
      ],
      "id": "60716"
    },
    "location": "EventChannel",
    "decoder": {
      "name": "windows_eventchannel"
    },
    "id": "1779786411.19807678",
    "timestamp": "2026-05-26T09:06:51.699+0000"
  },
  {
    "input": {
      "type": "log"
    },
    "agent": {
      "ip": "172.21.5.40",
      "name": "KS_2026_001",
      "id": "104"
    },
    "manager": {
      "name": "wazuh.manager"
    },
    "data": {
      "win": {
        "eventdata": {
          "p1": "10.0.26100.8035:1",
          "p2": "wcp\\\\componentstore\\\\storelayout.cpp",
          "rechecking": "0",
          "p3": "ComponentStore::CRawStoreLayout::OpenComponentFile",
          "attachedFiles": "  \\\\\\\\?\\\\C:\\\\ProgramData\\\\Microsoft\\\\Windows\\\\WER\\\\Temp\\\\WER.84e5d85f-9f49-4bd5-b940-b565752690fc.tmp.WERInternalMetadata.xml",
          "p4": "2203",
          "reportId": "bfc4e0d5-d4b2-41a8-a23a-83f580c51115",
          "p5": "800f0983",
          "p6": "0xece948ef",
          "reportStatus": "2147491840",
          "storePath": "\\\\\\\\?\\\\C:\\\\ProgramData\\\\Microsoft\\\\Windows\\\\WER\\\\ReportArchive\\\\Critical_10.0.26100.8035__a54e3980c8eff82236ad7cfd7faa5eb2129c615b_00000000_bfc4e0d5-d4b2-41a8-a23a-83f580c51115",
          "bucketType": "0",
          "response": "Nicht verfügbar",
          "eventName": "WindowsWcpOtherFailure3",
          "cabGuid": "0",
          "cabId": "0"
        },
        "system": {
          "eventID": "1001",
          "keywords": "0x8000000000000000",
          "providerGuid": "{0ead09bd-2157-539a-8d6d-c87f95b64d70}",
          "level": "4",
          "channel": "Application",
          "opcode": "0",
          "message": "\"Fehlerbucket , Typ 0\r\nEreignisname: WindowsWcpOtherFailure3\r\nAntwort: Nicht verfügbar\r\nCAB-Datei-ID: 0\r\n\r\nProblemsignatur:\r\nP1: 10.0.26100.8035:1\r\nP2: wcp\\componentstore\\storelayout.cpp\r\nP3: ComponentStore::CRawStoreLayout::OpenComponentFile\r\nP4: 2203\r\nP5: 800f0983\r\nP6: 0xece948ef\r\nP7: \r\nP8: \r\nP9: \r\nP10: \r\n\r\nAngefügte Dateien:\r\n\\\\?\\C:\\ProgramData\\Microsoft\\Windows\\WER\\Temp\\WER.84e5d85f-9f49-4bd5-b940-b565752690fc.tmp.WERInternalMetadata.xml\r\n\r\nDiese Dateien befinden sich möglicherweise hier:\r\n\\\\?\\C:\\ProgramData\\Microsoft\\Windows\\WER\\ReportArchive\\Critical_10.0.26100.8035__a54e3980c8eff82236ad7cfd7faa5eb2129c615b_00000000_bfc4e0d5-d4b2-41a8-a23a-83f580c51115\r\n\r\nAnalysesymbol: \r\nEs wird erneut nach einer Lösung gesucht: 0\r\nBerichts-ID: bfc4e0d5-d4b2-41a8-a23a-83f580c51115\r\nBerichtstatus: 2147491840\r\nBucket mit Hash: \r\nCAB-Datei-Guid: 0\"",
          "version": "0",
          "systemTime": "2026-05-26T09:04:49.5823120Z",
          "eventRecordID": "29153",
          "threadID": "16432",
          "computer": "KS_2026_001.arzw.local",
          "task": "0",
          "processID": "14248",
          "severityValue": "INFORMATION",
          "providerName": "Windows Error Reporting"
        }
      }
    },
    "rule": {
      "firedtimes": 12,
      "mail": false,
      "level": 4,
      "description": "Summary event of the report's signatures.",
      "groups": [
        "windows",
        "windows_application"
      ],
      "id": "60608"
    },
    "location": "EventChannel",
    "decoder": {
      "name": "windows_eventchannel"
    },
    "id": "1779786289.19777655",
    "timestamp": "2026-05-26T09:04:49.726+0000"
  },
  {
    "input": {
      "type": "log"
    },
    "agent": {
      "ip": "172.21.5.40",
      "name": "KS_2026_001",
      "id": "104"
    },
    "manager": {
      "name": "wazuh.manager"
    },
    "data": {
      "win": {
        "eventdata": {
          "p1": "10.0.26100.8035:1",
          "p2": "wcp\\\\componentstore\\\\storelayout.cpp",
          "rechecking": "0",
          "p3": "ComponentStore::CRawStoreLayout::OpenComponentFile",
          "attachedFiles": "  \\\\\\\\?\\\\C:\\\\Windows\\\\Logs\\\\CBS\\\\CBS.log  \\\\\\\\?\\\\C:\\\\Windows\\\\Logs\\\\CBS\\\\CbsPersist_20260526070712.log  \\\\\\\\?\\\\C:\\\\Windows\\\\Logs\\\\CBS\\\\CbsPersist_20260526062655.cab  \\\\\\\\?\\\\C:\\\\Windows\\\\Logs\\\\CBS\\\\CbsPersist_20260512064627.cab  \\\\\\\\?\\\\C:\\\\Windows\\\\Logs\\\\CBS\\\\CbsPersist_20260505210117.cab  \\\\\\\\?\\\\C:\\\\Windows\\\\Logs\\\\CBS\\\\CbsPersist_20260429053520.cab  \\\\\\\\?\\\\C:\\\\Windows\\\\Logs\\\\CBS\\\\container.etl  \\\\\\\\?\\\\C:\\\\WINDOWS\\\\servicing\\\\Sessions\\\\Sessions.xml  \\\\\\\\?\\\\C:\\\\WINDOWS\\\\WinSxs\\\\poqexec.log  \\\\\\\\?\\\\C:\\\\WINDOWS\\\\Logs\\\\Cbs\\\\FilterList.log",
          "p4": "2203",
          "reportId": "bfc4e0d5-d4b2-41a8-a23a-83f580c51115",
          "p5": "800f0983",
          "p6": "0xece948ef",
          "reportStatus": "262148",
          "storePath": "NULL",
          "bucketType": "0",
          "response": "Nicht verfügbar",
          "eventName": "WindowsWcpOtherFailure3",
          "cabGuid": "0",
          "cabId": "0"
        },
        "system": {
          "eventID": "1001",
          "keywords": "0x8000000000000000",
          "providerGuid": "{0ead09bd-2157-539a-8d6d-c87f95b64d70}",
          "level": "4",
          "channel": "Application",
          "opcode": "0",
          "message": "\"Fehlerbucket , Typ 0\r\nEreignisname: WindowsWcpOtherFailure3\r\nAntwort: Nicht verfügbar\r\nCAB-Datei-ID: 0\r\n\r\nProblemsignatur:\r\nP1: 10.0.26100.8035:1\r\nP2: wcp\\componentstore\\storelayout.cpp\r\nP3: ComponentStore::CRawStoreLayout::OpenComponentFile\r\nP4: 2203\r\nP5: 800f0983\r\nP6: 0xece948ef\r\nP7: \r\nP8: \r\nP9: \r\nP10: \r\n\r\nAngefügte Dateien:\r\n\\\\?\\C:\\Windows\\Logs\\CBS\\CBS.log\r\n\\\\?\\C:\\Windows\\Logs\\CBS\\CbsPersist_20260526070712.log\r\n\\\\?\\C:\\Windows\\Logs\\CBS\\CbsPersist_20260526062655.cab\r\n\\\\?\\C:\\Windows\\Logs\\CBS\\CbsPersist_20260512064627.cab\r\n\\\\?\\C:\\Windows\\Logs\\CBS\\CbsPersist_20260505210117.cab\r\n\\\\?\\C:\\Windows\\Logs\\CBS\\CbsPersist_20260429053520.cab\r\n\\\\?\\C:\\Windows\\Logs\\CBS\\container.etl\r\n\\\\?\\C:\\WINDOWS\\servicing\\Sessions\\Sessions.xml\r\n\\\\?\\C:\\WINDOWS\\WinSxs\\poqexec.log\r\n\\\\?\\C:\\WINDOWS\\Logs\\Cbs\\FilterList.log\r\n\r\nDiese Dateien befinden sich möglicherweise hier:\r\nNULL\r\n\r\nAnalysesymbol: \r\nEs wird erneut nach einer Lösung gesucht: 0\r\nBerichts-ID: bfc4e0d5-d4b2-41a8-a23a-83f580c51115\r\nBerichtstatus: 262148\r\nBucket mit Hash: \r\nCAB-Datei-Guid: 0\"",
          "version": "0",
          "systemTime": "2026-05-26T09:04:39.9009239Z",
          "eventRecordID": "29152",
          "threadID": "12312",
          "computer": "KS_2026_001.arzw.local",
          "task": "0",
          "processID": "16524",
          "severityValue": "INFORMATION",
          "providerName": "Windows Error Reporting"
        }
      }
    },
    "rule": {
      "firedtimes": 11,
      "mail": false,
      "level": 4,
      "description": "Summary event of the report's signatures.",
      "groups": [
        "windows",
        "windows_application"
      ],
      "id": "60608"
    },
    "location": "EventChannel",
    "decoder": {
      "name": "windows_eventchannel"
    },
    "id": "1779786282.19772051",
    "timestamp": "2026-05-26T09:04:42.494+0000"
  },
  {
    "input": {
      "type": "log"
    },
    "agent": {
      "ip": "172.21.5.40",
      "name": "KS_2026_001",
      "id": "104"
    },
    "manager": {
      "name": "wazuh.manager"
    },
    "data": {
      "win": {
        "eventdata": {
          "p1": "10.0.26100.8035:1",
          "p2": "wcp\\\\componentstore\\\\storelayout.cpp",
          "rechecking": "0",
          "p3": "ComponentStore::CRawStoreLayout::OpenComponentFile",
          "p4": "2203",
          "reportId": "bfc4e0d5-d4b2-41a8-a23a-83f580c51115",
          "p5": "800f0983",
          "p6": "0xece948ef",
          "reportStatus": "4",
          "storePath": "\\\\\\\\?\\\\C:\\\\ProgramData\\\\Microsoft\\\\Windows\\\\WER\\\\ReportQueue\\\\Critical_10.0.26100.8035__a54e3980c8eff82236ad7cfd7faa5eb2129c615b_00000000_bfc4e0d5-d4b2-41a8-a23a-83f580c51115",
          "bucketType": "0",
          "response": "Nicht verfügbar",
          "eventName": "WindowsWcpOtherFailure3",
          "cabGuid": "0",
          "cabId": "0"
        },
        "system": {
          "eventID": "1001",
          "keywords": "0x8000000000000000",
          "providerGuid": "{0ead09bd-2157-539a-8d6d-c87f95b64d70}",
          "level": "4",
          "channel": "Application",
          "opcode": "0",
          "message": "\"Fehlerbucket , Typ 0\r\nEreignisname: WindowsWcpOtherFailure3\r\nAntwort: Nicht verfügbar\r\nCAB-Datei-ID: 0\r\n\r\nProblemsignatur:\r\nP1: 10.0.26100.8035:1\r\nP2: wcp\\componentstore\\storelayout.cpp\r\nP3: ComponentStore::CRawStoreLayout::OpenComponentFile\r\nP4: 2203\r\nP5: 800f0983\r\nP6: 0xece948ef\r\nP7: \r\nP8: \r\nP9: \r\nP10: \r\n\r\nAngefügte Dateien:\r\n\r\nDiese Dateien befinden sich möglicherweise hier:\r\n\\\\?\\C:\\ProgramData\\Microsoft\\Windows\\WER\\ReportQueue\\Critical_10.0.26100.8035__a54e3980c8eff82236ad7cfd7faa5eb2129c615b_00000000_bfc4e0d5-d4b2-41a8-a23a-83f580c51115\r\n\r\nAnalysesymbol: \r\nEs wird erneut nach einer Lösung gesucht: 0\r\nBerichts-ID: bfc4e0d5-d4b2-41a8-a23a-83f580c51115\r\nBerichtstatus: 4\r\nBucket mit Hash: \r\nCAB-Datei-Guid: 0\"",
          "version": "0",
          "systemTime": "2026-05-26T09:04:39.6248175Z",
          "eventRecordID": "29151",
          "threadID": "12804",
          "computer": "KS_2026_001.arzw.local",
          "task": "0",
          "processID": "3844",
          "severityValue": "INFORMATION",
          "providerName": "Windows Error Reporting"
        }
      }
    },
    "rule": {
      "firedtimes": 10,
      "mail": false,
      "level": 4,
      "description": "Summary event of the report's signatures.",
      "groups": [
        "windows",
        "windows_application"
      ],
      "id": "60608"
    },
    "location": "EventChannel",
    "decoder": {
      "name": "windows_eventchannel"
    },
    "id": "1779786282.19768074",
    "timestamp": "2026-05-26T09:04:42.452+0000"
  },
  {
    "input": {
      "type": "log"
    },
    "agent": {
      "ip": "172.21.5.40",
      "name": "KS_2026_001",
      "id": "104"
    },
    "manager": {
      "name": "wazuh.manager"
    },
    "data": {
      "win": {
        "eventdata": {
          "binary": "2D20436F64653A2020434F525356434330303030303737322D2043616C6C3A2020434F525356434330303030303735342D205049443A202030303030363930382D205449443A202030303030323733322D20434D443A2020433A5C57494E444F57535C73797374656D33325C76737376632E6578652020202D20557365723A204E616D653A204E542D4155544F524954C4545C53595354454D2C205349443A532D312D352D313820"
        },
        "system": {
          "eventID": "8224",
          "keywords": "0x80000000000000",
          "level": "4",
          "channel": "Application",
          "opcode": "0",
          "message": "\"Der VSS-Dienst wird aufgrund eines Leerlaufzeitlimits heruntergefahren. \"",
          "version": "0",
          "systemTime": "2026-05-26T09:03:03.0370125Z",
          "eventRecordID": "29148",
          "threadID": "0",
          "computer": "KS_2026_001.arzw.local",
          "task": "0",
          "processID": "6908",
          "severityValue": "INFORMATION",
          "providerName": "VSS"
        }
      }
    },
    "rule": {
      "firedtimes": 1,
      "mail": false,
      "level": 5,
      "description": "The VSS service is shutting down due to idle timeout.",
      "groups": [
        "windows",
        "windows_application"
      ],
      "id": "60702"
    },
    "location": "EventChannel",
    "decoder": {
      "name": "windows_eventchannel"
    },
    "id": "1779786183.19745820",
    "timestamp": "2026-05-26T09:03:03.157+0000"
  },
  {
    "input": {
      "type": "log"
    },
    "agent": {
      "ip": "172.21.5.40",
      "name": "KS_2026_001",
      "id": "104"
    },
    "manager": {
      "name": "wazuh.manager"
    },
    "data": {
      "win": {
        "eventdata": {
          "param3": "Automatisch starten",
          "param4": "TrustedInstaller",
          "param1": "Windows Modules Installer",
          "param2": "Manuell starten"
        },
        "system": {
          "eventID": "7040",
          "eventSourceName": "Service Control Manager",
          "keywords": "0x8080000000000000",
          "providerGuid": "{555908d1-a6d7-4695-8e1e-26931d2012f4}",
          "level": "4",
          "channel": "System",
          "opcode": "0",
          "message": "\"Der Starttyp des Diensts \"Windows Modules Installer\" wurde von Manuell starten in Automatisch starten geändert.\"",
          "version": "0",
          "systemTime": "2026-05-26T09:02:37.3746619Z",
          "eventRecordID": "44693",
          "threadID": "17036",
          "computer": "KS_2026_001.arzw.local",
          "task": "0",
          "processID": "1312",
          "severityValue": "INFORMATION",
          "providerName": "Service Control Manager"
        }
      }
    },
    "rule": {
      "firedtimes": 3,
      "mail": false,
      "level": 3,
      "pci_dss": [
        "10.6"
      ],
      "hipaa": [
        "164.312.b"
      ],
      "tsc": [
        "CC6.1",
        "CC6.8",
        "CC7.2",
        "CC7.3"
      ],
      "description": "Service startup type was changed",
      "groups": [
        "windows",
        "windows_system",
        "policy_changed"
      ],
      "id": "61104",
      "nist_800_53": [
        "AU.6"
      ],
      "info": "This does not appear to be logged on Windows 2000",
      "gdpr": [
        "IV_35.7.d"
      ]
    },
    "location": "EventChannel",
    "decoder": {
      "name": "windows_eventchannel"
    },
    "id": "1779786158.19742349",
    "timestamp": "2026-05-26T09:02:38.402+0000"
  },
  {
    "input": {
      "type": "log"
    },
    "agent": {
      "ip": "172.21.5.40",
      "name": "KS_2026_001",
      "id": "104"
    },
    "manager": {
      "name": "wazuh.manager"
    },
    "data": {
      "win": {
        "eventdata": {
          "param3": "Manuell starten",
          "param4": "TrustedInstaller",
          "param1": "Windows Modules Installer",
          "param2": "Automatisch starten"
        },
        "system": {
          "eventID": "7040",
          "eventSourceName": "Service Control Manager",
          "keywords": "0x8080000000000000",
          "providerGuid": "{555908d1-a6d7-4695-8e1e-26931d2012f4}",
          "level": "4",
          "channel": "System",
          "opcode": "0",
          "message": "\"Der Starttyp des Diensts \"Windows Modules Installer\" wurde von Automatisch starten in Manuell starten geändert.\"",
          "version": "0",
          "systemTime": "2026-05-26T09:02:30.7434555Z",
          "eventRecordID": "44692",
          "threadID": "17036",
          "computer": "KS_2026_001.arzw.local",
          "task": "0",
          "processID": "1312",
          "severityValue": "INFORMATION",
          "providerName": "Service Control Manager"
        }
      }
    },
    "rule": {
      "firedtimes": 2,
      "mail": false,
      "level": 3,
      "pci_dss": [
        "10.6"
      ],
      "hipaa": [
        "164.312.b"
      ],
      "tsc": [
        "CC6.1",
        "CC6.8",
        "CC7.2",
        "CC7.3"
      ],
      "description": "Service startup type was changed",
      "groups": [
        "windows",
        "windows_system",
        "policy_changed"
      ],
      "id": "61104",
      "nist_800_53": [
        "AU.6"
      ],
      "info": "This does not appear to be logged on Windows 2000",
      "gdpr": [
        "IV_35.7.d"
      ]
    },
    "location": "EventChannel",
    "decoder": {
      "name": "windows_eventchannel"
    },
    "id": "1779786151.19740482",
    "timestamp": "2026-05-26T09:02:31.798+0000"
  },
  {
    "input": {
      "type": "log"
    },
    "agent": {
      "ip": "172.21.5.40",
      "name": "KS_2026_001",
      "id": "104"
    },
    "manager": {
      "name": "wazuh.manager"
    },
    "data": {
      "win": {
        "eventdata": {
          "p1": "MeshAgent.exe",
          "p2": "0.0.0.0",
          "rechecking": "0",
          "p3": "0.0",
          "attachedFiles": "  \\\\\\\\?\\\\C:\\\\ProgramData\\\\Microsoft\\\\Windows\\\\WER\\\\Temp\\\\WER.3a6bed6e-fbfe-4a27-8eaa-3fe359374c50.tmp.WERInternalMetadata.xml",
          "p4": "5",
          "reportId": "eac5aa8a-d00c-4429-8780-9bc1f27f4a13",
          "p5": "0",
          "reportStatus": "268435456",
          "bucket": "2187112045827227362",
          "storePath": "\\\\\\\\?\\\\C:\\\\ProgramData\\\\Microsoft\\\\Windows\\\\WER\\\\ReportArchive\\\\NonCritical_MeshAgent.exe_3b7e336cfaa0a2d355d6fb75fda30aaecb948aa_00000000_eac5aa8a-d00c-4429-8780-9bc1f27f4a13",
          "bucketType": "5",
          "hashedBucket": "3fb636c4246ce5ad5e5a2ed15f827ee2",
          "response": "Nicht verfügbar",
          "eventName": "GDIObjectLeak",
          "cabGuid": "0",
          "cabId": "0"
        },
        "system": {
          "eventID": "1001",
          "keywords": "0x8000000000000000",
          "providerGuid": "{0ead09bd-2157-539a-8d6d-c87f95b64d70}",
          "level": "4",
          "channel": "Application",
          "opcode": "0",
          "message": "\"Fehlerbucket 2187112045827227362, Typ 5\r\nEreignisname: GDIObjectLeak\r\nAntwort: Nicht verfügbar\r\nCAB-Datei-ID: 0\r\n\r\nProblemsignatur:\r\nP1: MeshAgent.exe\r\nP2: 0.0.0.0\r\nP3: 0.0\r\nP4: 5\r\nP5: 0\r\nP6: \r\nP7: \r\nP8: \r\nP9: \r\nP10: \r\n\r\nAngefügte Dateien:\r\n\\\\?\\C:\\ProgramData\\Microsoft\\Windows\\WER\\Temp\\WER.3a6bed6e-fbfe-4a27-8eaa-3fe359374c50.tmp.WERInternalMetadata.xml\r\n\r\nDiese Dateien befinden sich möglicherweise hier:\r\n\\\\?\\C:\\ProgramData\\Microsoft\\Windows\\WER\\ReportArchive\\NonCritical_MeshAgent.exe_3b7e336cfaa0a2d355d6fb75fda30aaecb948aa_00000000_eac5aa8a-d00c-4429-8780-9bc1f27f4a13\r\n\r\nAnalysesymbol: \r\nEs wird erneut nach einer Lösung gesucht: 0\r\nBerichts-ID: eac5aa8a-d00c-4429-8780-9bc1f27f4a13\r\nBerichtstatus: 268435456\r\nBucket mit Hash: 3fb636c4246ce5ad5e5a2ed15f827ee2\r\nCAB-Datei-Guid: 0\"",
          "version": "0",
          "systemTime": "2026-05-26T09:01:06.8802320Z",
          "eventRecordID": "29147",
          "threadID": "2676",
          "computer": "KS_2026_001.arzw.local",
          "task": "0",
          "processID": "3804",
          "severityValue": "INFORMATION",
          "providerName": "Windows Error Reporting"
        }
      }
    },
    "rule": {
      "firedtimes": 9,
      "mail": false,
      "level": 4,
      "description": "Summary event of the report's signatures.",
      "groups": [
        "windows",
        "windows_application"
      ],
      "id": "60608"
    },
    "location": "EventChannel",
    "decoder": {
      "name": "windows_eventchannel"
    },
    "id": "1779786067.19727948",
    "timestamp": "2026-05-26T09:01:07.778+0000"
  },
  {
    "input": {
      "type": "log"
    },
    "agent": {
      "ip": "172.21.5.40",
      "name": "KS_2026_001",
      "id": "104"
    },
    "manager": {
      "name": "wazuh.manager"
    },
    "data": {
      "win": {
        "eventdata": {
          "p1": "MeshAgent.exe",
          "p2": "0.0.0.0",
          "rechecking": "0",
          "p3": "0.0",
          "attachedFiles": "  \\\\\\\\?\\\\C:\\\\ProgramData\\\\Microsoft\\\\Windows\\\\WER\\\\Temp\\\\WER.434d5f08-e4b1-4d7b-8db3-a3b1c1f05f54.tmp.WERInternalMetadata.xml",
          "p4": "5",
          "reportId": "15ce00de-fe79-478a-a091-55cdd467cc0d",
          "p5": "0",
          "reportStatus": "268435456",
          "bucket": "2187112045827227362",
          "storePath": "\\\\\\\\?\\\\C:\\\\ProgramData\\\\Microsoft\\\\Windows\\\\WER\\\\ReportArchive\\\\NonCritical_MeshAgent.exe_3b7e336cfaa0a2d355d6fb75fda30aaecb948aa_00000000_15ce00de-fe79-478a-a091-55cdd467cc0d",
          "bucketType": "5",
          "hashedBucket": "3fb636c4246ce5ad5e5a2ed15f827ee2",
          "response": "Nicht verfügbar",
          "eventName": "GDIObjectLeak",
          "cabGuid": "0",
          "cabId": "0"
        },
        "system": {
          "eventID": "1001",
          "keywords": "0x8000000000000000",
          "providerGuid": "{0ead09bd-2157-539a-8d6d-c87f95b64d70}",
          "level": "4",
          "channel": "Application",
          "opcode": "0",
          "message": "\"Fehlerbucket 2187112045827227362, Typ 5\r\nEreignisname: GDIObjectLeak\r\nAntwort: Nicht verfügbar\r\nCAB-Datei-ID: 0\r\n\r\nProblemsignatur:\r\nP1: MeshAgent.exe\r\nP2: 0.0.0.0\r\nP3: 0.0\r\nP4: 5\r\nP5: 0\r\nP6: \r\nP7: \r\nP8: \r\nP9: \r\nP10: \r\n\r\nAngefügte Dateien:\r\n\\\\?\\C:\\ProgramData\\Microsoft\\Windows\\WER\\Temp\\WER.434d5f08-e4b1-4d7b-8db3-a3b1c1f05f54.tmp.WERInternalMetadata.xml\r\n\r\nDiese Dateien befinden sich möglicherweise hier:\r\n\\\\?\\C:\\ProgramData\\Microsoft\\Windows\\WER\\ReportArchive\\NonCritical_MeshAgent.exe_3b7e336cfaa0a2d355d6fb75fda30aaecb948aa_00000000_15ce00de-fe79-478a-a091-55cdd467cc0d\r\n\r\nAnalysesymbol: \r\nEs wird erneut nach einer Lösung gesucht: 0\r\nBerichts-ID: 15ce00de-fe79-478a-a091-55cdd467cc0d\r\nBerichtstatus: 268435456\r\nBucket mit Hash: 3fb636c4246ce5ad5e5a2ed15f827ee2\r\nCAB-Datei-Guid: 0\"",
          "version": "0",
          "systemTime": "2026-05-26T09:01:04.8802375Z",
          "eventRecordID": "29146",
          "threadID": "2676",
          "computer": "KS_2026_001.arzw.local",
          "task": "0",
          "processID": "3804",
          "severityValue": "INFORMATION",
          "providerName": "Windows Error Reporting"
        }
      }
    },
    "rule": {
      "firedtimes": 8,
      "mail": false,
      "level": 4,
      "description": "Summary event of the report's signatures.",
      "groups": [
        "windows",
        "windows_application"
      ],
      "id": "60608"
    },
    "location": "EventChannel",
    "decoder": {
      "name": "windows_eventchannel"
    },
    "id": "1779786065.19721934",
    "timestamp": "2026-05-26T09:01:05.035+0000"
  },
  {
    "input": {
      "type": "log"
    },
    "agent": {
      "ip": "172.21.5.40",
      "name": "KS_2026_001",
      "id": "104"
    },
    "manager": {
      "name": "wazuh.manager"
    },
    "data": {
      "win": {
        "eventdata": {
          "p1": "MeshAgent.exe",
          "p2": "0.0.0.0",
          "rechecking": "0",
          "p3": "0.0",
          "attachedFiles": "  \\\\\\\\?\\\\C:\\\\ProgramData\\\\Microsoft\\\\Windows\\\\WER\\\\Temp\\\\WER.ebcfcb18-2bf3-42cb-8879-b6889598f060.tmp.WERInternalMetadata.xml",
          "p4": "1",
          "reportId": "0e9c0755-6a45-4a0c-909e-96b78fd1fd1e",
          "p5": "0",
          "reportStatus": "268435456",
          "bucket": "1343039224109262061",
          "storePath": "\\\\\\\\?\\\\C:\\\\ProgramData\\\\Microsoft\\\\Windows\\\\WER\\\\ReportArchive\\\\NonCritical_MeshAgent.exe_402e66e28fb49b473545c39649a21d3fbef721_00000000_0e9c0755-6a45-4a0c-909e-96b78fd1fd1e",
          "bucketType": "5",
          "hashedBucket": "fb471b72ecf959d062a36f0f0072e4ed",
          "response": "Nicht verfügbar",
          "eventName": "GDIObjectLeak",
          "cabGuid": "0",
          "cabId": "0"
        },
        "system": {
          "eventID": "1001",
          "keywords": "0x8000000000000000",
          "providerGuid": "{0ead09bd-2157-539a-8d6d-c87f95b64d70}",
          "level": "4",
          "channel": "Application",
          "opcode": "0",
          "message": "\"Fehlerbucket 1343039224109262061, Typ 5\r\nEreignisname: GDIObjectLeak\r\nAntwort: Nicht verfügbar\r\nCAB-Datei-ID: 0\r\n\r\nProblemsignatur:\r\nP1: MeshAgent.exe\r\nP2: 0.0.0.0\r\nP3: 0.0\r\nP4: 1\r\nP5: 0\r\nP6: \r\nP7: \r\nP8: \r\nP9: \r\nP10: \r\n\r\nAngefügte Dateien:\r\n\\\\?\\C:\\ProgramData\\Microsoft\\Windows\\WER\\Temp\\WER.ebcfcb18-2bf3-42cb-8879-b6889598f060.tmp.WERInternalMetadata.xml\r\n\r\nDiese Dateien befinden sich möglicherweise hier:\r\n\\\\?\\C:\\ProgramData\\Microsoft\\Windows\\WER\\ReportArchive\\NonCritical_MeshAgent.exe_402e66e28fb49b473545c39649a21d3fbef721_00000000_0e9c0755-6a45-4a0c-909e-96b78fd1fd1e\r\n\r\nAnalysesymbol: \r\nEs wird erneut nach einer Lösung gesucht: 0\r\nBerichts-ID: 0e9c0755-6a45-4a0c-909e-96b78fd1fd1e\r\nBerichtstatus: 268435456\r\nBucket mit Hash: fb471b72ecf959d062a36f0f0072e4ed\r\nCAB-Datei-Guid: 0\"",
          "version": "0",
          "systemTime": "2026-05-26T09:01:03.0968641Z",
          "eventRecordID": "29145",
          "threadID": "2676",
          "computer": "KS_2026_001.arzw.local",
          "task": "0",
          "processID": "3804",
          "severityValue": "INFORMATION",
          "providerName": "Windows Error Reporting"
        }
      }
    },
    "rule": {
      "firedtimes": 7,
      "mail": false,
      "level": 4,
      "description": "Summary event of the report's signatures.",
      "groups": [
        "windows",
        "windows_application"
      ],
      "id": "60608"
    },
    "location": "EventChannel",
    "decoder": {
      "name": "windows_eventchannel"
    },
    "id": "1779786063.19717550",
    "timestamp": "2026-05-26T09:01:03.924+0000"
  },
  {
    "input": {
      "type": "log"
    },
    "agent": {
      "ip": "172.21.5.40",
      "name": "KS_2026_001",
      "id": "104"
    },
    "manager": {
      "name": "wazuh.manager"
    },
    "data": {
      "win": {
        "eventdata": {
          "p1": "MeshAgent.exe",
          "p2": "0.0.0.0",
          "rechecking": "0",
          "p3": "0.0",
          "p4": "5",
          "reportId": "eac5aa8a-d00c-4429-8780-9bc1f27f4a13",
          "p5": "0",
          "reportStatus": "4",
          "storePath": "\\\\\\\\?\\\\C:\\\\ProgramData\\\\Microsoft\\\\Windows\\\\WER\\\\ReportQueue\\\\NonCritical_MeshAgent.exe_3b7e336cfaa0a2d355d6fb75fda30aaecb948aa_00000000_eac5aa8a-d00c-4429-8780-9bc1f27f4a13",
          "bucketType": "0",
          "response": "Nicht verfügbar",
          "eventName": "GDIObjectLeak",
          "cabGuid": "0",
          "cabId": "0"
        },
        "system": {
          "eventID": "1001",
          "keywords": "0x8000000000000000",
          "providerGuid": "{0ead09bd-2157-539a-8d6d-c87f95b64d70}",
          "level": "4",
          "channel": "Application",
          "opcode": "0",
          "message": "\"Fehlerbucket , Typ 0\r\nEreignisname: GDIObjectLeak\r\nAntwort: Nicht verfügbar\r\nCAB-Datei-ID: 0\r\n\r\nProblemsignatur:\r\nP1: MeshAgent.exe\r\nP2: 0.0.0.0\r\nP3: 0.0\r\nP4: 5\r\nP5: 0\r\nP6: \r\nP7: \r\nP8: \r\nP9: \r\nP10: \r\n\r\nAngefügte Dateien:\r\n\r\nDiese Dateien befinden sich möglicherweise hier:\r\n\\\\?\\C:\\ProgramData\\Microsoft\\Windows\\WER\\ReportQueue\\NonCritical_MeshAgent.exe_3b7e336cfaa0a2d355d6fb75fda30aaecb948aa_00000000_eac5aa8a-d00c-4429-8780-9bc1f27f4a13\r\n\r\nAnalysesymbol: \r\nEs wird erneut nach einer Lösung gesucht: 0\r\nBerichts-ID: eac5aa8a-d00c-4429-8780-9bc1f27f4a13\r\nBerichtstatus: 4\r\nBucket mit Hash: \r\nCAB-Datei-Guid: 0\"",
          "version": "0",
          "systemTime": "2026-05-26T09:01:01.1138995Z",
          "eventRecordID": "29144",
          "threadID": "7320",
          "computer": "KS_2026_001.arzw.local",
          "task": "0",
          "processID": "468",
          "severityValue": "INFORMATION",
          "providerName": "Windows Error Reporting"
        }
      }
    },
    "rule": {
      "firedtimes": 6,
      "mail": false,
      "level": 4,
      "description": "Summary event of the report's signatures.",
      "groups": [
        "windows",
        "windows_application"
      ],
      "id": "60608"
    },
    "location": "EventChannel",
    "decoder": {
      "name": "windows_eventchannel"
    },
    "id": "1779786062.19714050",
    "timestamp": "2026-05-26T09:01:02.037+0000"
  },
  {
    "input": {
      "type": "log"
    },
    "agent": {
      "ip": "172.21.5.40",
      "name": "KS_2026_001",
      "id": "104"
    },
    "manager": {
      "name": "wazuh.manager"
    },
    "data": {
      "win": {
        "eventdata": {
          "p1": "MeshAgent.exe",
          "p2": "0.0.0.0",
          "rechecking": "0",
          "p3": "0.0",
          "p4": "5",
          "reportId": "15ce00de-fe79-478a-a091-55cdd467cc0d",
          "p5": "0",
          "reportStatus": "4",
          "storePath": "\\\\\\\\?\\\\C:\\\\ProgramData\\\\Microsoft\\\\Windows\\\\WER\\\\ReportQueue\\\\NonCritical_MeshAgent.exe_3b7e336cfaa0a2d355d6fb75fda30aaecb948aa_00000000_15ce00de-fe79-478a-a091-55cdd467cc0d",
          "bucketType": "0",
          "response": "Nicht verfügbar",
          "eventName": "GDIObjectLeak",
          "cabGuid": "0",
          "cabId": "0"
        },
        "system": {
          "eventID": "1001",
          "keywords": "0x8000000000000000",
          "providerGuid": "{0ead09bd-2157-539a-8d6d-c87f95b64d70}",
          "level": "4",
          "channel": "Application",
          "opcode": "0",
          "message": "\"Fehlerbucket , Typ 0\r\nEreignisname: GDIObjectLeak\r\nAntwort: Nicht verfügbar\r\nCAB-Datei-ID: 0\r\n\r\nProblemsignatur:\r\nP1: MeshAgent.exe\r\nP2: 0.0.0.0\r\nP3: 0.0\r\nP4: 5\r\nP5: 0\r\nP6: \r\nP7: \r\nP8: \r\nP9: \r\nP10: \r\n\r\nAngefügte Dateien:\r\n\r\nDiese Dateien befinden sich möglicherweise hier:\r\n\\\\?\\C:\\ProgramData\\Microsoft\\Windows\\WER\\ReportQueue\\NonCritical_MeshAgent.exe_3b7e336cfaa0a2d355d6fb75fda30aaecb948aa_00000000_15ce00de-fe79-478a-a091-55cdd467cc0d\r\n\r\nAnalysesymbol: \r\nEs wird erneut nach einer Lösung gesucht: 0\r\nBerichts-ID: 15ce00de-fe79-478a-a091-55cdd467cc0d\r\nBerichtstatus: 4\r\nBucket mit Hash: \r\nCAB-Datei-Guid: 0\"",
          "version": "0",
          "systemTime": "2026-05-26T09:01:01.0691717Z",
          "eventRecordID": "29143",
          "threadID": "10640",
          "computer": "KS_2026_001.arzw.local",
          "task": "0",
          "processID": "9820",
          "severityValue": "INFORMATION",
          "providerName": "Windows Error Reporting"
        }
      }
    },
    "rule": {
      "firedtimes": 5,
      "mail": false,
      "level": 4,
      "description": "Summary event of the report's signatures.",
      "groups": [
        "windows",
        "windows_application"
      ],
      "id": "60608"
    },
    "location": "EventChannel",
    "decoder": {
      "name": "windows_eventchannel"
    },
    "id": "1779786062.19710546",
    "timestamp": "2026-05-26T09:01:02.031+0000"
  },
  {
    "input": {
      "type": "log"
    },
    "agent": {
      "ip": "172.21.5.40",
      "name": "KS_2026_001",
      "id": "104"
    },
    "manager": {
      "name": "wazuh.manager"
    },
    "data": {
      "win": {
        "eventdata": {
          "p1": "MeshAgent.exe",
          "p2": "0.0.0.0",
          "rechecking": "0",
          "p3": "0.0",
          "p4": "1",
          "reportId": "0e9c0755-6a45-4a0c-909e-96b78fd1fd1e",
          "p5": "0",
          "reportStatus": "4",
          "storePath": "\\\\\\\\?\\\\C:\\\\ProgramData\\\\Microsoft\\\\Windows\\\\WER\\\\ReportQueue\\\\NonCritical_MeshAgent.exe_402e66e28fb49b473545c39649a21d3fbef721_00000000_0e9c0755-6a45-4a0c-909e-96b78fd1fd1e",
          "bucketType": "0",
          "response": "Nicht verfügbar",
          "eventName": "GDIObjectLeak",
          "cabGuid": "0",
          "cabId": "0"
        },
        "system": {
          "eventID": "1001",
          "keywords": "0x8000000000000000",
          "providerGuid": "{0ead09bd-2157-539a-8d6d-c87f95b64d70}",
          "level": "4",
          "channel": "Application",
          "opcode": "0",
          "message": "\"Fehlerbucket , Typ 0\r\nEreignisname: GDIObjectLeak\r\nAntwort: Nicht verfügbar\r\nCAB-Datei-ID: 0\r\n\r\nProblemsignatur:\r\nP1: MeshAgent.exe\r\nP2: 0.0.0.0\r\nP3: 0.0\r\nP4: 1\r\nP5: 0\r\nP6: \r\nP7: \r\nP8: \r\nP9: \r\nP10: \r\n\r\nAngefügte Dateien:\r\n\r\nDiese Dateien befinden sich möglicherweise hier:\r\n\\\\?\\C:\\ProgramData\\Microsoft\\Windows\\WER\\ReportQueue\\NonCritical_MeshAgent.exe_402e66e28fb49b473545c39649a21d3fbef721_00000000_0e9c0755-6a45-4a0c-909e-96b78fd1fd1e\r\n\r\nAnalysesymbol: \r\nEs wird erneut nach einer Lösung gesucht: 0\r\nBerichts-ID: 0e9c0755-6a45-4a0c-909e-96b78fd1fd1e\r\nBerichtstatus: 4\r\nBucket mit Hash: \r\nCAB-Datei-Guid: 0\"",
          "version": "0",
          "systemTime": "2026-05-26T09:01:00.9724385Z",
          "eventRecordID": "29142",
          "threadID": "13936",
          "computer": "KS_2026_001.arzw.local",
          "task": "0",
          "processID": "13272",
          "severityValue": "INFORMATION",
          "providerName": "Windows Error Reporting"
        }
      }
    },
    "rule": {
      "firedtimes": 4,
      "mail": false,
      "level": 4,
      "description": "Summary event of the report's signatures.",
      "groups": [
        "windows",
        "windows_application"
      ],
      "id": "60608"
    },
    "location": "EventChannel",
    "decoder": {
      "name": "windows_eventchannel"
    },
    "id": "1779786062.19707044",
    "timestamp": "2026-05-26T09:01:02.025+0000"
  },
  {
    "input": {
      "type": "log"
    },
    "agent": {
      "ip": "172.21.5.40",
      "name": "KS_2026_001",
      "id": "104"
    },
    "manager": {
      "name": "wazuh.manager"
    },
    "data": {
      "win": {
        "eventdata": {
          "p1": "MeshAgent.exe",
          "p2": "0.0.0.0",
          "rechecking": "0",
          "p3": "0.0",
          "p4": "5",
          "reportId": "eac5aa8a-d00c-4429-8780-9bc1f27f4a13",
          "p5": "0",
          "reportStatus": "1074003968",
          "storePath": "NULL",
          "bucketType": "0",
          "response": "Nicht verfügbar",
          "eventName": "GDIObjectLeak",
          "cabGuid": "0",
          "cabId": "0"
        },
        "system": {
          "eventID": "1001",
          "keywords": "0x8000000000000000",
          "providerGuid": "{0ead09bd-2157-539a-8d6d-c87f95b64d70}",
          "level": "4",
          "channel": "Application",
          "opcode": "0",
          "message": "\"Fehlerbucket , Typ 0\r\nEreignisname: GDIObjectLeak\r\nAntwort: Nicht verfügbar\r\nCAB-Datei-ID: 0\r\n\r\nProblemsignatur:\r\nP1: MeshAgent.exe\r\nP2: 0.0.0.0\r\nP3: 0.0\r\nP4: 5\r\nP5: 0\r\nP6: \r\nP7: \r\nP8: \r\nP9: \r\nP10: \r\n\r\nAngefügte Dateien:\r\n\r\nDiese Dateien befinden sich möglicherweise hier:\r\nNULL\r\n\r\nAnalysesymbol: \r\nEs wird erneut nach einer Lösung gesucht: 0\r\nBerichts-ID: eac5aa8a-d00c-4429-8780-9bc1f27f4a13\r\nBerichtstatus: 1074003968\r\nBucket mit Hash: \r\nCAB-Datei-Guid: 0\"",
          "version": "0",
          "systemTime": "2026-05-26T09:01:00.0667055Z",
          "eventRecordID": "29141",
          "threadID": "16788",
          "computer": "KS_2026_001.arzw.local",
          "task": "0",
          "processID": "13052",
          "severityValue": "INFORMATION",
          "providerName": "Windows Error Reporting"
        }
      }
    },
    "rule": {
      "firedtimes": 3,
      "mail": false,
      "level": 4,
      "description": "Summary event of the report's signatures.",
      "groups": [
        "windows",
        "windows_application"
      ],
      "id": "60608"
    },
    "location": "EventChannel",
    "decoder": {
      "name": "windows_eventchannel"
    },
    "id": "1779786060.19701330",
    "timestamp": "2026-05-26T09:01:00.380+0000"
  },
  {
    "input": {
      "type": "log"
    },
    "agent": {
      "ip": "172.21.5.40",
      "name": "KS_2026_001",
      "id": "104"
    },
    "manager": {
      "name": "wazuh.manager"
    },
    "data": {
      "win": {
        "eventdata": {
          "p1": "MeshAgent.exe",
          "p2": "0.0.0.0",
          "rechecking": "0",
          "p3": "0.0",
          "p4": "5",
          "reportId": "15ce00de-fe79-478a-a091-55cdd467cc0d",
          "p5": "0",
          "reportStatus": "1074003968",
          "storePath": "NULL",
          "bucketType": "0",
          "response": "Nicht verfügbar",
          "eventName": "GDIObjectLeak",
          "cabGuid": "0",
          "cabId": "0"
        },
        "system": {
          "eventID": "1001",
          "keywords": "0x8000000000000000",
          "providerGuid": "{0ead09bd-2157-539a-8d6d-c87f95b64d70}",
          "level": "4",
          "channel": "Application",
          "opcode": "0",
          "message": "\"Fehlerbucket , Typ 0\r\nEreignisname: GDIObjectLeak\r\nAntwort: Nicht verfügbar\r\nCAB-Datei-ID: 0\r\n\r\nProblemsignatur:\r\nP1: MeshAgent.exe\r\nP2: 0.0.0.0\r\nP3: 0.0\r\nP4: 5\r\nP5: 0\r\nP6: \r\nP7: \r\nP8: \r\nP9: \r\nP10: \r\n\r\nAngefügte Dateien:\r\n\r\nDiese Dateien befinden sich möglicherweise hier:\r\nNULL\r\n\r\nAnalysesymbol: \r\nEs wird erneut nach einer Lösung gesucht: 0\r\nBerichts-ID: 15ce00de-fe79-478a-a091-55cdd467cc0d\r\nBerichtstatus: 1074003968\r\nBucket mit Hash: \r\nCAB-Datei-Guid: 0\"",
          "version": "0",
          "systemTime": "2026-05-26T09:00:59.9467960Z",
          "eventRecordID": "29140",
          "threadID": "16788",
          "computer": "KS_2026_001.arzw.local",
          "task": "0",
          "processID": "13052",
          "severityValue": "INFORMATION",
          "providerName": "Windows Error Reporting"
        }
      }
    },
    "rule": {
      "firedtimes": 2,
      "mail": false,
      "level": 4,
      "description": "Summary event of the report's signatures.",
      "groups": [
        "windows",
        "windows_application"
      ],
      "id": "60608"
    },
    "location": "EventChannel",
    "decoder": {
      "name": "windows_eventchannel"
    },
    "id": "1779786060.19704187",
    "timestamp": "2026-05-26T09:01:00.380+0000"
  },
  {
    "input": {
      "type": "log"
    },
    "agent": {
      "ip": "172.21.5.40",
      "name": "KS_2026_001",
      "id": "104"
    },
    "manager": {
      "name": "wazuh.manager"
    },
    "data": {
      "win": {
        "eventdata": {
          "p1": "MeshAgent.exe",
          "p2": "0.0.0.0",
          "rechecking": "0",
          "p3": "0.0",
          "p4": "1",
          "reportId": "0e9c0755-6a45-4a0c-909e-96b78fd1fd1e",
          "p5": "0",
          "reportStatus": "1074003968",
          "storePath": "NULL",
          "bucketType": "0",
          "response": "Nicht verfügbar",
          "eventName": "GDIObjectLeak",
          "cabGuid": "0",
          "cabId": "0"
        },
        "system": {
          "eventID": "1001",
          "keywords": "0x8000000000000000",
          "providerGuid": "{0ead09bd-2157-539a-8d6d-c87f95b64d70}",
          "level": "4",
          "channel": "Application",
          "opcode": "0",
          "message": "\"Fehlerbucket , Typ 0\r\nEreignisname: GDIObjectLeak\r\nAntwort: Nicht verfügbar\r\nCAB-Datei-ID: 0\r\n\r\nProblemsignatur:\r\nP1: MeshAgent.exe\r\nP2: 0.0.0.0\r\nP3: 0.0\r\nP4: 1\r\nP5: 0\r\nP6: \r\nP7: \r\nP8: \r\nP9: \r\nP10: \r\n\r\nAngefügte Dateien:\r\n\r\nDiese Dateien befinden sich möglicherweise hier:\r\nNULL\r\n\r\nAnalysesymbol: \r\nEs wird erneut nach einer Lösung gesucht: 0\r\nBerichts-ID: 0e9c0755-6a45-4a0c-909e-96b78fd1fd1e\r\nBerichtstatus: 1074003968\r\nBucket mit Hash: \r\nCAB-Datei-Guid: 0\"",
          "version": "0",
          "systemTime": "2026-05-26T09:00:59.7610150Z",
          "eventRecordID": "29139",
          "threadID": "16788",
          "computer": "KS_2026_001.arzw.local",
          "task": "0",
          "processID": "13052",
          "severityValue": "INFORMATION",
          "providerName": "Windows Error Reporting"
        }
      }
    },
    "rule": {
      "firedtimes": 1,
      "mail": false,
      "level": 4,
      "description": "Summary event of the report's signatures.",
      "groups": [
        "windows",
        "windows_application"
      ],
      "id": "60608"
    },
    "location": "EventChannel",
    "decoder": {
      "name": "windows_eventchannel"
    },
    "id": "1779786060.19698473",
    "timestamp": "2026-05-26T09:01:00.370+0000"
  },
