  {
    "input": {
      "type": "log"
    },
    "agent": {
      "ip": "172.21.5.40",
      "name": "KS_2026_001",
      "id": "104"
    },
    "manager": {
      "name": "wazuh.manager"
    },
    "data": {
      "win": {
        "eventdata": {
          "data": "C:\\\\WINDOWS\\\\system32\\\\svchost.exe -k netsvcs -p -s wuauserv, Windows Update",
          "binary": "0000000063020000590200000000000022CE28677C6DDA79E28C1C000000000000000000"
        },
        "system": {
          "eventID": "8216",
          "keywords": "0x80000000000000",
          "level": "4",
          "channel": "Application",
          "opcode": "0",
          "message": "\"Der Wiederherstellungspunkt (Prozess = \"C:\\WINDOWS\\system32\\svchost.exe -k netsvcs -p -s wuauserv\", Beschreibung = \"Windows Update\") wird nicht erstellt, da ein vorhandener Wiederherstellungspunkt aktuell genug für die Systemwiederherstellung ist.\"",
          "version": "0",
          "systemTime": "2026-05-26T06:59:19.9719486Z",
          "eventRecordID": "29086",
          "threadID": "0",
          "computer": "KS_2026_001.arzw.local",
          "task": "0",
          "processID": "4916",
          "severityValue": "INFORMATION",
          "providerName": "System Restore"
        }
      }
    },
    "rule": {
      "firedtimes": 25,
      "mail": false,
      "level": 4,
      "description": "Skipped creation of restore point for C:\\\\WINDOWS\\\\system32\\\\svchost.exe -k netsvcs -p -s wuauserv, Windows Update as there is a previous restore point available.",
      "groups": [
        "windows",
        "windows_application"
      ],
      "id": "60716"
    },
    "location": "EventChannel",
    "decoder": {
      "name": "windows_eventchannel"
    },
    "id": "1779778760.14201175",
    "timestamp": "2026-05-26T06:59:20.067+0000"
  },
  {
    "input": {
      "type": "log"
    },
    "agent": {
      "ip": "172.21.5.40",
      "name": "KS_2026_001",
      "id": "104"
    },
    "manager": {
      "name": "wazuh.manager"
    },
    "data": {
      "win": {
        "eventdata": {
          "p1": "Update;MoUpdateOrchestratorDeviceScan-MoUsoCoreWorker-SearchForAllUpdatesWithUpdateOptionsAsync",
          "p2": "80073d02",
          "rechecking": "0",
          "p3": "26200",
          "attachedFiles": "  \\\\\\\\?\\\\C:\\\\ProgramData\\\\Microsoft\\\\Windows\\\\WER\\\\Temp\\\\WER.28c630db-88c1-4e1f-af95-a23cb8ddf33d.tmp.WERInternalMetadata.xml",
          "p4": "8037",
          "reportId": "d65c8c85-9f99-47d1-8db2-a5afdd26485f",
          "p5": "Windows.Desktop",
          "p6": "9",
          "reportStatus": "268435456",
          "bucket": "1469653122992318238",
          "storePath": "\\\\\\\\?\\\\C:\\\\ProgramData\\\\Microsoft\\\\Windows\\\\WER\\\\ReportArchive\\\\NonCritical_Update;MoUpdateO_26846c709a93395afd3679fd90ebbe2394f977_00000000_d65c8c85-9f99-47d1-8db2-a5afdd26485f",
          "bucketType": "5",
          "hashedBucket": "cfb20886a5c8d774e46541ba9300271e",
          "response": "Nicht verfügbar",
          "eventName": "StoreAgentInstallFailure1",
          "cabGuid": "0",
          "cabId": "0"
        },
        "system": {
          "eventID": "1001",
          "keywords": "0x8000000000000000",
          "providerGuid": "{0ead09bd-2157-539a-8d6d-c87f95b64d70}",
          "level": "4",
          "channel": "Application",
          "opcode": "0",
          "message": "\"Fehlerbucket 1469653122992318238, Typ 5\r\nEreignisname: StoreAgentInstallFailure1\r\nAntwort: Nicht verfügbar\r\nCAB-Datei-ID: 0\r\n\r\nProblemsignatur:\r\nP1: Update;MoUpdateOrchestratorDeviceScan-MoUsoCoreWorker-SearchForAllUpdatesWithUpdateOptionsAsync\r\nP2: 80073d02\r\nP3: 26200\r\nP4: 8037\r\nP5: Windows.Desktop\r\nP6: 9\r\nP7: \r\nP8: \r\nP9: \r\nP10: \r\n\r\nAngefügte Dateien:\r\n\\\\?\\C:\\ProgramData\\Microsoft\\Windows\\WER\\Temp\\WER.28c630db-88c1-4e1f-af95-a23cb8ddf33d.tmp.WERInternalMetadata.xml\r\n\r\nDiese Dateien befinden sich möglicherweise hier:\r\n\\\\?\\C:\\ProgramData\\Microsoft\\Windows\\WER\\ReportArchive\\NonCritical_Update;MoUpdateO_26846c709a93395afd3679fd90ebbe2394f977_00000000_d65c8c85-9f99-47d1-8db2-a5afdd26485f\r\n\r\nAnalysesymbol: \r\nEs wird erneut nach einer Lösung gesucht: 0\r\nBerichts-ID: d65c8c85-9f99-47d1-8db2-a5afdd26485f\r\nBerichtstatus: 268435456\r\nBucket mit Hash: cfb20886a5c8d774e46541ba9300271e\r\nCAB-Datei-Guid: 0\"",
          "version": "0",
          "systemTime": "2026-05-26T06:59:08.1736849Z",
          "eventRecordID": "29085",
          "threadID": "7024",
          "computer": "KS_2026_001.arzw.local",
          "task": "0",
          "processID": "17184",
          "severityValue": "INFORMATION",
          "providerName": "Windows Error Reporting"
        }
      }
    },
    "rule": {
      "firedtimes": 17,
      "mail": false,
      "level": 4,
      "description": "Summary event of the report's signatures.",
      "groups": [
        "windows",
        "windows_application"
      ],
      "id": "60608"
    },
    "location": "EventChannel",
    "decoder": {
      "name": "windows_eventchannel"
    },
    "id": "1779778748.14193709",
    "timestamp": "2026-05-26T06:59:08.999+0000"
  },
  {
    "input": {
      "type": "log"
    },
    "agent": {
      "ip": "172.21.5.40",
      "name": "KS_2026_001",
      "id": "104"
    },
    "manager": {
      "name": "wazuh.manager"
    },
    "data": {
      "win": {
        "eventdata": {
          "p1": "Update;MoUpdateOrchestratorDeviceScan-MoUsoCoreWorker-SearchForAllUpdatesWithUpdateOptionsAsync",
          "p2": "80073d02",
          "rechecking": "0",
          "p3": "26200",
          "p4": "8037",
          "reportId": "d65c8c85-9f99-47d1-8db2-a5afdd26485f",
          "p5": "Windows.Desktop",
          "p6": "9",
          "reportStatus": "4",
          "storePath": "\\\\\\\\?\\\\C:\\\\ProgramData\\\\Microsoft\\\\Windows\\\\WER\\\\ReportQueue\\\\NonCritical_Update;MoUpdateO_26846c709a93395afd3679fd90ebbe2394f977_00000000_d65c8c85-9f99-47d1-8db2-a5afdd26485f",
          "bucketType": "0",
          "response": "Nicht verfügbar",
          "eventName": "StoreAgentInstallFailure1",
          "cabGuid": "0",
          "cabId": "0"
        },
        "system": {
          "eventID": "1001",
          "keywords": "0x8000000000000000",
          "providerGuid": "{0ead09bd-2157-539a-8d6d-c87f95b64d70}",
          "level": "4",
          "channel": "Application",
          "opcode": "0",
          "message": "\"Fehlerbucket , Typ 0\r\nEreignisname: StoreAgentInstallFailure1\r\nAntwort: Nicht verfügbar\r\nCAB-Datei-ID: 0\r\n\r\nProblemsignatur:\r\nP1: Update;MoUpdateOrchestratorDeviceScan-MoUsoCoreWorker-SearchForAllUpdatesWithUpdateOptionsAsync\r\nP2: 80073d02\r\nP3: 26200\r\nP4: 8037\r\nP5: Windows.Desktop\r\nP6: 9\r\nP7: \r\nP8: \r\nP9: \r\nP10: \r\n\r\nAngefügte Dateien:\r\n\r\nDiese Dateien befinden sich möglicherweise hier:\r\n\\\\?\\C:\\ProgramData\\Microsoft\\Windows\\WER\\ReportQueue\\NonCritical_Update;MoUpdateO_26846c709a93395afd3679fd90ebbe2394f977_00000000_d65c8c85-9f99-47d1-8db2-a5afdd26485f\r\n\r\nAnalysesymbol: \r\nEs wird erneut nach einer Lösung gesucht: 0\r\nBerichts-ID: d65c8c85-9f99-47d1-8db2-a5afdd26485f\r\nBerichtstatus: 4\r\nBucket mit Hash: \r\nCAB-Datei-Guid: 0\"",
          "version": "0",
          "systemTime": "2026-05-26T06:59:06.1861202Z",
          "eventRecordID": "29084",
          "threadID": "10720",
          "computer": "KS_2026_001.arzw.local",
          "task": "0",
          "processID": "13056",
          "severityValue": "INFORMATION",
          "providerName": "Windows Error Reporting"
        }
      }
    },
    "rule": {
      "firedtimes": 16,
      "mail": false,
      "level": 4,
      "description": "Summary event of the report's signatures.",
      "groups": [
        "windows",
        "windows_application"
      ],
      "id": "60608"
    },
    "location": "EventChannel",
    "decoder": {
      "name": "windows_eventchannel"
    },
    "id": "1779778746.14187530",
    "timestamp": "2026-05-26T06:59:06.786+0000"
  },
  {
    "input": {
      "type": "log"
    },
    "agent": {
      "ip": "172.21.5.40",
      "name": "KS_2026_001",
      "id": "104"
    },
    "manager": {
      "name": "wazuh.manager"
    },
    "data": {
      "win": {
        "eventdata": {
          "updateRevisionNumber": "1",
          "updateGuid": "{7562b3ba-335d-4213-a0ab-2688c3f4a1b3}",
          "serviceGuid": "{855e8a7c-ecb4-4ca3-b045-1dfa50104289}",
          "errorCode": "0x80073d02",
          "updateTitle": "9WZDNCRD29V9-MICROSOFT.MICROSOFTOFFICEHUB"
        },
        "system": {
          "eventID": "20",
          "keywords": "0x8000000000000028",
          "providerGuid": "{945a8954-c147-4acd-923f-40c45405a658}",
          "level": "2",
          "channel": "System",
          "opcode": "13",
          "message": "\"Installationsfehler: Die Installation des folgenden Updates ist mit Fehler 0x80073D02 fehlgeschlagen: 9WZDNCRD29V9-MICROSOFT.MICROSOFTOFFICEHUB\"",
          "version": "1",
          "systemTime": "2026-05-26T06:59:05.2755615Z",
          "eventRecordID": "44635",
          "threadID": "10632",
          "computer": "KS_2026_001.arzw.local",
          "task": "1",
          "processID": "4916",
          "severityValue": "ERROR",
          "providerName": "Microsoft-Windows-WindowsUpdateClient"
        }
      }
    },
    "rule": {
      "firedtimes": 18,
      "mail": false,
      "level": 5,
      "description": "Windows System error event",
      "groups": [
        "windows",
        "windows_system",
        "system_error"
      ],
      "id": "61102",
      "gpg13": [
        "4.3"
      ],
      "gdpr": [
        "IV_35.7.d"
      ]
    },
    "location": "EventChannel",
    "decoder": {
      "name": "windows_eventchannel"
    },
    "id": "1779778745.14185566",
    "timestamp": "2026-05-26T06:59:05.515+0000"
  },
  {
    "input": {
      "type": "log"
    },
    "agent": {
      "ip": "172.21.5.40",
      "name": "KS_2026_001",
      "id": "104"
    },
    "manager": {
      "name": "wazuh.manager"
    },
    "data": {
      "win": {
        "eventdata": {
          "data": "C:\\\\WINDOWS\\\\system32\\\\svchost.exe -k netsvcs -p -s wuauserv, Windows Update",
          "binary": "0000000063020000590200000000000022CE28677C6DDA79E28C1C000000000000000000"
        },
        "system": {
          "eventID": "8216",
          "keywords": "0x80000000000000",
          "level": "4",
          "channel": "Application",
          "opcode": "0",
          "message": "\"Der Wiederherstellungspunkt (Prozess = \"C:\\WINDOWS\\system32\\svchost.exe -k netsvcs -p -s wuauserv\", Beschreibung = \"Windows Update\") wird nicht erstellt, da ein vorhandener Wiederherstellungspunkt aktuell genug für die Systemwiederherstellung ist.\"",
          "version": "0",
          "systemTime": "2026-05-26T06:59:03.5583483Z",
          "eventRecordID": "29083",
          "threadID": "0",
          "computer": "KS_2026_001.arzw.local",
          "task": "0",
          "processID": "4916",
          "severityValue": "INFORMATION",
          "providerName": "System Restore"
        }
      }
    },
    "rule": {
      "firedtimes": 24,
      "mail": false,
      "level": 4,
      "description": "Skipped creation of restore point for C:\\\\WINDOWS\\\\system32\\\\svchost.exe -k netsvcs -p -s wuauserv, Windows Update as there is a previous restore point available.",
      "groups": [
        "windows",
        "windows_application"
      ],
      "id": "60716"
    },
    "location": "EventChannel",
    "decoder": {
      "name": "windows_eventchannel"
    },
    "id": "1779778743.14183561",
    "timestamp": "2026-05-26T06:59:03.659+0000"
  },
  {
    "input": {
      "type": "log"
    },
    "agent": {
      "ip": "172.21.5.40",
      "name": "KS_2026_001",
      "id": "104"
    },
    "manager": {
      "name": "wazuh.manager"
    },
    "data": {
      "win": {
        "eventdata": {
          "data": "C:\\\\WINDOWS\\\\system32\\\\svchost.exe -k netsvcs -p -s wuauserv, Windows Update",
          "binary": "0000000063020000590200000000000022CE28677C6DDA79E28C1C000000000000000000"
        },
        "system": {
          "eventID": "8216",
          "keywords": "0x80000000000000",
          "level": "4",
          "channel": "Application",
          "opcode": "0",
          "message": "\"Der Wiederherstellungspunkt (Prozess = \"C:\\WINDOWS\\system32\\svchost.exe -k netsvcs -p -s wuauserv\", Beschreibung = \"Windows Update\") wird nicht erstellt, da ein vorhandener Wiederherstellungspunkt aktuell genug für die Systemwiederherstellung ist.\"",
          "version": "0",
          "systemTime": "2026-05-26T06:58:46.1966524Z",
          "eventRecordID": "29078",
          "threadID": "0",
          "computer": "KS_2026_001.arzw.local",
          "task": "0",
          "processID": "4916",
          "severityValue": "INFORMATION",
          "providerName": "System Restore"
        }
      }
    },
    "rule": {
      "firedtimes": 23,
      "mail": false,
      "level": 4,
      "description": "Skipped creation of restore point for C:\\\\WINDOWS\\\\system32\\\\svchost.exe -k netsvcs -p -s wuauserv, Windows Update as there is a previous restore point available.",
      "groups": [
        "windows",
        "windows_application"
      ],
      "id": "60716"
    },
    "location": "EventChannel",
    "decoder": {
      "name": "windows_eventchannel"
    },
    "id": "1779778726.14177873",
    "timestamp": "2026-05-26T06:58:46.287+0000"
  },
  {
    "input": {
      "type": "log"
    },
    "agent": {
      "ip": "172.21.5.40",
      "name": "KS_2026_001",
      "id": "104"
    },
    "manager": {
      "name": "wazuh.manager"
    },
    "data": {
      "win": {
        "eventdata": {
          "p1": "Update;MoUpdateOrchestratorDeviceScan-MoUsoCoreWorker-SearchForAllUpdatesWithUpdateOptionsAsync",
          "p2": "80073d02",
          "rechecking": "0",
          "p3": "26200",
          "attachedFiles": "  \\\\\\\\?\\\\C:\\\\ProgramData\\\\Microsoft\\\\Windows\\\\WER\\\\Temp\\\\WER.1a95e40f-2fc6-43d8-bdda-4032155165f6.tmp.WERInternalMetadata.xml",
          "p4": "8037",
          "reportId": "d28be0b0-a89b-446c-9166-00b24dc36114",
          "p5": "Windows.Desktop",
          "p6": "Z",
          "reportStatus": "268435456",
          "bucket": "2173037252915677671",
          "storePath": "\\\\\\\\?\\\\C:\\\\ProgramData\\\\Microsoft\\\\Windows\\\\WER\\\\ReportArchive\\\\NonCritical_Update;MoUpdateO_70bebf150389f58b77e6227fad1088c025f58e_00000000_d28be0b0-a89b-446c-9166-00b24dc36114",
          "bucketType": "5",
          "hashedBucket": "e32b1280c161deb9ee282dde47bac9e7",
          "response": "Nicht verfügbar",
          "eventName": "StoreAgentInstallFailure1",
          "cabGuid": "0",
          "cabId": "0"
        },
        "system": {
          "eventID": "1001",
          "keywords": "0x8000000000000000",
          "providerGuid": "{0ead09bd-2157-539a-8d6d-c87f95b64d70}",
          "level": "4",
          "channel": "Application",
          "opcode": "0",
          "message": "\"Fehlerbucket 2173037252915677671, Typ 5\r\nEreignisname: StoreAgentInstallFailure1\r\nAntwort: Nicht verfügbar\r\nCAB-Datei-ID: 0\r\n\r\nProblemsignatur:\r\nP1: Update;MoUpdateOrchestratorDeviceScan-MoUsoCoreWorker-SearchForAllUpdatesWithUpdateOptionsAsync\r\nP2: 80073d02\r\nP3: 26200\r\nP4: 8037\r\nP5: Windows.Desktop\r\nP6: Z\r\nP7: \r\nP8: \r\nP9: \r\nP10: \r\n\r\nAngefügte Dateien:\r\n\\\\?\\C:\\ProgramData\\Microsoft\\Windows\\WER\\Temp\\WER.1a95e40f-2fc6-43d8-bdda-4032155165f6.tmp.WERInternalMetadata.xml\r\n\r\nDiese Dateien befinden sich möglicherweise hier:\r\n\\\\?\\C:\\ProgramData\\Microsoft\\Windows\\WER\\ReportArchive\\NonCritical_Update;MoUpdateO_70bebf150389f58b77e6227fad1088c025f58e_00000000_d28be0b0-a89b-446c-9166-00b24dc36114\r\n\r\nAnalysesymbol: \r\nEs wird erneut nach einer Lösung gesucht: 0\r\nBerichts-ID: d28be0b0-a89b-446c-9166-00b24dc36114\r\nBerichtstatus: 268435456\r\nBucket mit Hash: e32b1280c161deb9ee282dde47bac9e7\r\nCAB-Datei-Guid: 0\"",
          "version": "0",
          "systemTime": "2026-05-26T06:58:32.1670844Z",
          "eventRecordID": "29077",
          "threadID": "732",
          "computer": "KS_2026_001.arzw.local",
          "task": "0",
          "processID": "12764",
          "severityValue": "INFORMATION",
          "providerName": "Windows Error Reporting"
        }
      }
    },
    "rule": {
      "firedtimes": 15,
      "mail": false,
      "level": 4,
      "description": "Summary event of the report's signatures.",
      "groups": [
        "windows",
        "windows_application"
      ],
      "id": "60608"
    },
    "location": "EventChannel",
    "decoder": {
      "name": "windows_eventchannel"
    },
    "id": "1779778712.14148383",
    "timestamp": "2026-05-26T06:58:32.549+0000"
  },
  {
    "input": {
      "type": "log"
    },
    "agent": {
      "ip": "172.21.5.40",
      "name": "KS_2026_001",
      "id": "104"
    },
    "manager": {
      "name": "wazuh.manager"
    },
    "data": {
      "win": {
        "eventdata": {
          "p1": "Update;MoUpdateOrchestratorDeviceScan-MoUsoCoreWorker-SearchForAllUpdatesWithUpdateOptionsAsync",
          "p2": "80073d02",
          "rechecking": "0",
          "p3": "26200",
          "p4": "8037",
          "reportId": "d28be0b0-a89b-446c-9166-00b24dc36114",
          "p5": "Windows.Desktop",
          "p6": "Z",
          "reportStatus": "4",
          "storePath": "\\\\\\\\?\\\\C:\\\\ProgramData\\\\Microsoft\\\\Windows\\\\WER\\\\ReportQueue\\\\NonCritical_Update;MoUpdateO_70bebf150389f58b77e6227fad1088c025f58e_00000000_d28be0b0-a89b-446c-9166-00b24dc36114",
          "bucketType": "0",
          "response": "Nicht verfügbar",
          "eventName": "StoreAgentInstallFailure1",
          "cabGuid": "0",
          "cabId": "0"
        },
        "system": {
          "eventID": "1001",
          "keywords": "0x8000000000000000",
          "providerGuid": "{0ead09bd-2157-539a-8d6d-c87f95b64d70}",
          "level": "4",
          "channel": "Application",
          "opcode": "0",
          "message": "\"Fehlerbucket , Typ 0\r\nEreignisname: StoreAgentInstallFailure1\r\nAntwort: Nicht verfügbar\r\nCAB-Datei-ID: 0\r\n\r\nProblemsignatur:\r\nP1: Update;MoUpdateOrchestratorDeviceScan-MoUsoCoreWorker-SearchForAllUpdatesWithUpdateOptionsAsync\r\nP2: 80073d02\r\nP3: 26200\r\nP4: 8037\r\nP5: Windows.Desktop\r\nP6: Z\r\nP7: \r\nP8: \r\nP9: \r\nP10: \r\n\r\nAngefügte Dateien:\r\n\r\nDiese Dateien befinden sich möglicherweise hier:\r\n\\\\?\\C:\\ProgramData\\Microsoft\\Windows\\WER\\ReportQueue\\NonCritical_Update;MoUpdateO_70bebf150389f58b77e6227fad1088c025f58e_00000000_d28be0b0-a89b-446c-9166-00b24dc36114\r\n\r\nAnalysesymbol: \r\nEs wird erneut nach einer Lösung gesucht: 0\r\nBerichts-ID: d28be0b0-a89b-446c-9166-00b24dc36114\r\nBerichtstatus: 4\r\nBucket mit Hash: \r\nCAB-Datei-Guid: 0\"",
          "version": "0",
          "systemTime": "2026-05-26T06:58:30.5679729Z",
          "eventRecordID": "29076",
          "threadID": "15396",
          "computer": "KS_2026_001.arzw.local",
          "task": "0",
          "processID": "13056",
          "severityValue": "INFORMATION",
          "providerName": "Windows Error Reporting"
        }
      }
    },
    "rule": {
      "firedtimes": 14,
      "mail": false,
      "level": 4,
      "description": "Summary event of the report's signatures.",
      "groups": [
        "windows",
        "windows_application"
      ],
      "id": "60608"
    },
    "location": "EventChannel",
    "decoder": {
      "name": "windows_eventchannel"
    },
    "id": "1779778711.14144382",
    "timestamp": "2026-05-26T06:58:31.454+0000"
  },
  {
    "input": {
      "type": "log"
    },
    "agent": {
      "ip": "172.21.5.40",
      "name": "KS_2026_001",
      "id": "104"
    },
    "manager": {
      "name": "wazuh.manager"
    },
    "data": {
      "win": {
        "eventdata": {
          "updateRevisionNumber": "1",
          "updateGuid": "{f52a979c-23b6-4d5f-9f25-ab22c16cc485}",
          "serviceGuid": "{855e8a7c-ecb4-4ca3-b045-1dfa50104289}",
          "errorCode": "0x80073d02",
          "updateTitle": "9P8K5G2MWW6Z-AppUp.IntelArcSoftware"
        },
        "system": {
          "eventID": "20",
          "keywords": "0x8000000000000028",
          "providerGuid": "{945a8954-c147-4acd-923f-40c45405a658}",
          "level": "2",
          "channel": "System",
          "opcode": "13",
          "message": "\"Installationsfehler: Die Installation des folgenden Updates ist mit Fehler 0x80073D02 fehlgeschlagen: 9P8K5G2MWW6Z-AppUp.IntelArcSoftware\"",
          "version": "1",
          "systemTime": "2026-05-26T06:58:29.7650284Z",
          "eventRecordID": "44624",
          "threadID": "13916",
          "computer": "KS_2026_001.arzw.local",
          "task": "1",
          "processID": "4916",
          "severityValue": "ERROR",
          "providerName": "Microsoft-Windows-WindowsUpdateClient"
        }
      }
    },
    "rule": {
      "firedtimes": 17,
      "mail": false,
      "level": 5,
      "description": "Windows System error event",
      "groups": [
        "windows",
        "windows_system",
        "system_error"
      ],
      "id": "61102",
      "gpg13": [
        "4.3"
      ],
      "gdpr": [
        "IV_35.7.d"
      ]
    },
    "location": "EventChannel",
    "decoder": {
      "name": "windows_eventchannel"
    },
    "id": "1779778710.14142442",
    "timestamp": "2026-05-26T06:58:30.066+0000"
  },
  {
    "input": {
      "type": "log"
    },
    "agent": {
      "ip": "172.21.5.40",
      "name": "KS_2026_001",
      "id": "104"
    },
    "manager": {
      "name": "wazuh.manager"
    },
    "data": {
      "win": {
        "eventdata": {
          "data": "C:\\\\WINDOWS\\\\system32\\\\svchost.exe -k netsvcs -p -s wuauserv, Windows Update",
          "binary": "0000000063020000590200000000000022CE28677C6DDA79E28C1C000000000000000000"
        },
        "system": {
          "eventID": "8216",
          "keywords": "0x80000000000000",
          "level": "4",
          "channel": "Application",
          "opcode": "0",
          "message": "\"Der Wiederherstellungspunkt (Prozess = \"C:\\WINDOWS\\system32\\svchost.exe -k netsvcs -p -s wuauserv\", Beschreibung = \"Windows Update\") wird nicht erstellt, da ein vorhandener Wiederherstellungspunkt aktuell genug für die Systemwiederherstellung ist.\"",
          "version": "0",
          "systemTime": "2026-05-26T06:58:28.5665919Z",
          "eventRecordID": "29075",
          "threadID": "0",
          "computer": "KS_2026_001.arzw.local",
          "task": "0",
          "processID": "4916",
          "severityValue": "INFORMATION",
          "providerName": "System Restore"
        }
      }
    },
    "rule": {
      "firedtimes": 22,
      "mail": false,
      "level": 4,
      "description": "Skipped creation of restore point for C:\\\\WINDOWS\\\\system32\\\\svchost.exe -k netsvcs -p -s wuauserv, Windows Update as there is a previous restore point available.",
      "groups": [
        "windows",
        "windows_application"
      ],
      "id": "60716"
    },
    "location": "EventChannel",
    "decoder": {
      "name": "windows_eventchannel"
    },
    "id": "1779778708.14140437",
    "timestamp": "2026-05-26T06:58:28.659+0000"
  },
  {
    "input": {
      "type": "log"
    },
    "agent": {
      "ip": "172.21.5.40",
      "name": "KS_2026_001",
      "id": "104"
    },
    "manager": {
      "name": "wazuh.manager"
    },
    "data": {
      "win": {
        "eventdata": {
          "data": "C:\\\\WINDOWS\\\\system32\\\\svchost.exe -k netsvcs -p -s wuauserv, Windows Update",
          "binary": "0000000063020000590200000000000022CE28677C6DDA79E28C1C000000000000000000"
        },
        "system": {
          "eventID": "8216",
          "keywords": "0x80000000000000",
          "level": "4",
          "channel": "Application",
          "opcode": "0",
          "message": "\"Der Wiederherstellungspunkt (Prozess = \"C:\\WINDOWS\\system32\\svchost.exe -k netsvcs -p -s wuauserv\", Beschreibung = \"Windows Update\") wird nicht erstellt, da ein vorhandener Wiederherstellungspunkt aktuell genug für die Systemwiederherstellung ist.\"",
          "version": "0",
          "systemTime": "2026-05-26T06:58:17.1727363Z",
          "eventRecordID": "29070",
          "threadID": "0",
          "computer": "KS_2026_001.arzw.local",
          "task": "0",
          "processID": "4916",
          "severityValue": "INFORMATION",
          "providerName": "System Restore"
        }
      }
    },
    "rule": {
      "firedtimes": 21,
      "mail": false,
      "level": 4,
      "description": "Skipped creation of restore point for C:\\\\WINDOWS\\\\system32\\\\svchost.exe -k netsvcs -p -s wuauserv, Windows Update as there is a previous restore point available.",
      "groups": [
        "windows",
        "windows_application"
      ],
      "id": "60716"
    },
    "location": "EventChannel",
    "decoder": {
      "name": "windows_eventchannel"
    },
    "id": "1779778697.14121067",
    "timestamp": "2026-05-26T06:58:17.263+0000"
  },
  {
    "input": {
      "type": "log"
    },
    "agent": {
      "ip": "172.21.5.40",
      "name": "KS_2026_001",
      "id": "104"
    },
    "manager": {
      "name": "wazuh.manager"
    },
    "data": {
      "win": {
        "eventdata": {
          "data": "C:\\\\WINDOWS\\\\system32\\\\svchost.exe -k netsvcs -p -s wuauserv, Windows Update",
          "binary": "0000000063020000590200000000000022CE28677C6DDA79E28C1C000000000000000000"
        },
        "system": {
          "eventID": "8216",
          "keywords": "0x80000000000000",
          "level": "4",
          "channel": "Application",
          "opcode": "0",
          "message": "\"Der Wiederherstellungspunkt (Prozess = \"C:\\WINDOWS\\system32\\svchost.exe -k netsvcs -p -s wuauserv\", Beschreibung = \"Windows Update\") wird nicht erstellt, da ein vorhandener Wiederherstellungspunkt aktuell genug für die Systemwiederherstellung ist.\"",
          "version": "0",
          "systemTime": "2026-05-26T06:57:57.2012172Z",
          "eventRecordID": "29068",
          "threadID": "0",
          "computer": "KS_2026_001.arzw.local",
          "task": "0",
          "processID": "4916",
          "severityValue": "INFORMATION",
          "providerName": "System Restore"
        }
      }
    },
    "rule": {
      "firedtimes": 20,
      "mail": false,
      "level": 4,
      "description": "Skipped creation of restore point for C:\\\\WINDOWS\\\\system32\\\\svchost.exe -k netsvcs -p -s wuauserv, Windows Update as there is a previous restore point available.",
      "groups": [
        "windows",
        "windows_application"
      ],
      "id": "60716"
    },
    "location": "EventChannel",
    "decoder": {
      "name": "windows_eventchannel"
    },
    "id": "1779778677.14101654",
    "timestamp": "2026-05-26T06:57:57.311+0000"
  },
  {
    "input": {
      "type": "log"
    },
    "agent": {
      "ip": "172.21.5.40",
      "name": "KS_2026_001",
      "id": "104"
    },
    "manager": {
      "name": "wazuh.manager"
    },
    "data": {
      "win": {
        "eventdata": {
          "data": "C:\\\\WINDOWS\\\\system32\\\\svchost.exe -k netsvcs -p -s wuauserv, Windows Update",
          "binary": "0000000063020000590200000000000022CE28677C6DDA79E28C1C000000000000000000"
        },
        "system": {
          "eventID": "8216",
          "keywords": "0x80000000000000",
          "level": "4",
          "channel": "Application",
          "opcode": "0",
          "message": "\"Der Wiederherstellungspunkt (Prozess = \"C:\\WINDOWS\\system32\\svchost.exe -k netsvcs -p -s wuauserv\", Beschreibung = \"Windows Update\") wird nicht erstellt, da ein vorhandener Wiederherstellungspunkt aktuell genug für die Systemwiederherstellung ist.\"",
          "version": "0",
          "systemTime": "2026-05-26T06:57:51.3797826Z",
          "eventRecordID": "29067",
          "threadID": "0",
          "computer": "KS_2026_001.arzw.local",
          "task": "0",
          "processID": "4916",
          "severityValue": "INFORMATION",
          "providerName": "System Restore"
        }
      }
    },
    "rule": {
      "firedtimes": 19,
      "mail": false,
      "level": 4,
      "description": "Skipped creation of restore point for C:\\\\WINDOWS\\\\system32\\\\svchost.exe -k netsvcs -p -s wuauserv, Windows Update as there is a previous restore point available.",
      "groups": [
        "windows",
        "windows_application"
      ],
      "id": "60716"
    },
    "location": "EventChannel",
    "decoder": {
      "name": "windows_eventchannel"
    },
    "id": "1779778671.14097940",
    "timestamp": "2026-05-26T06:57:51.879+0000"
  },
  {
    "input": {
      "type": "log"
    },
    "agent": {
      "ip": "172.21.5.40",
      "name": "KS_2026_001",
      "id": "104"
    },
    "manager": {
      "name": "wazuh.manager"
    },
    "data": {
      "win": {
        "eventdata": {
          "p1": "Update;MoUpdateOrchestratorDeviceScan-MoUsoCoreWorker-SearchForAllUpdatesWithUpdateOptionsAsync",
          "p2": "80073d02",
          "rechecking": "0",
          "p3": "26200",
          "attachedFiles": "  \\\\\\\\?\\\\C:\\\\ProgramData\\\\Microsoft\\\\Windows\\\\WER\\\\Temp\\\\WER.30c7f78f-9283-46df-817a-39e928740d87.tmp.WERInternalMetadata.xml",
          "p4": "8037",
          "reportId": "fbfc7b08-69b2-401d-b646-fa381571b00c",
          "p5": "Windows.Desktop",
          "p6": "M",
          "reportStatus": "268435456",
          "bucket": "2167288972858014991",
          "storePath": "\\\\\\\\?\\\\C:\\\\ProgramData\\\\Microsoft\\\\Windows\\\\WER\\\\ReportArchive\\\\NonCritical_Update;MoUpdateO_c624286a973f319c5c728e462b56fbecf383818_00000000_fbfc7b08-69b2-401d-b646-fa381571b00c",
          "bucketType": "5",
          "hashedBucket": "ebc786f5f03c4275de13c1d688d2bd0f",
          "response": "Nicht verfügbar",
          "eventName": "StoreAgentInstallFailure1",
          "cabGuid": "0",
          "cabId": "0"
        },
        "system": {
          "eventID": "1001",
          "keywords": "0x8000000000000000",
          "providerGuid": "{0ead09bd-2157-539a-8d6d-c87f95b64d70}",
          "level": "4",
          "channel": "Application",
          "opcode": "0",
          "message": "\"Fehlerbucket 2167288972858014991, Typ 5\r\nEreignisname: StoreAgentInstallFailure1\r\nAntwort: Nicht verfügbar\r\nCAB-Datei-ID: 0\r\n\r\nProblemsignatur:\r\nP1: Update;MoUpdateOrchestratorDeviceScan-MoUsoCoreWorker-SearchForAllUpdatesWithUpdateOptionsAsync\r\nP2: 80073d02\r\nP3: 26200\r\nP4: 8037\r\nP5: Windows.Desktop\r\nP6: M\r\nP7: \r\nP8: \r\nP9: \r\nP10: \r\n\r\nAngefügte Dateien:\r\n\\\\?\\C:\\ProgramData\\Microsoft\\Windows\\WER\\Temp\\WER.30c7f78f-9283-46df-817a-39e928740d87.tmp.WERInternalMetadata.xml\r\n\r\nDiese Dateien befinden sich möglicherweise hier:\r\n\\\\?\\C:\\ProgramData\\Microsoft\\Windows\\WER\\ReportArchive\\NonCritical_Update;MoUpdateO_c624286a973f319c5c728e462b56fbecf383818_00000000_fbfc7b08-69b2-401d-b646-fa381571b00c\r\n\r\nAnalysesymbol: \r\nEs wird erneut nach einer Lösung gesucht: 0\r\nBerichts-ID: fbfc7b08-69b2-401d-b646-fa381571b00c\r\nBerichtstatus: 268435456\r\nBucket mit Hash: ebc786f5f03c4275de13c1d688d2bd0f\r\nCAB-Datei-Guid: 0\"",
          "version": "0",
          "systemTime": "2026-05-26T06:57:44.3617486Z",
          "eventRecordID": "29066",
          "threadID": "10180",
          "computer": "KS_2026_001.arzw.local",
          "task": "0",
          "processID": "8872",
          "severityValue": "INFORMATION",
          "providerName": "Windows Error Reporting"
        }
      }
    },
    "rule": {
      "firedtimes": 12,
      "mail": false,
      "level": 4,
      "description": "Summary event of the report's signatures.",
      "groups": [
        "windows",
        "windows_application"
      ],
      "id": "60608"
    },
    "location": "EventChannel",
    "decoder": {
      "name": "windows_eventchannel"
    },
    "id": "1779778665.14090470",
    "timestamp": "2026-05-26T06:57:45.156+0000"
  },
  {
    "input": {
      "type": "log"
    },
    "agent": {
      "ip": "172.21.5.40",
      "name": "KS_2026_001",
      "id": "104"
    },
    "manager": {
      "name": "wazuh.manager"
    },
    "data": {
      "win": {
        "eventdata": {
          "p1": "Update;MoUpdateOrchestratorDeviceScan-MoUsoCoreWorker-SearchForAllUpdatesWithUpdateOptionsAsync",
          "p2": "80073d02",
          "rechecking": "0",
          "p3": "26200",
          "p4": "8037",
          "reportId": "fbfc7b08-69b2-401d-b646-fa381571b00c",
          "p5": "Windows.Desktop",
          "p6": "M",
          "reportStatus": "4",
          "storePath": "\\\\\\\\?\\\\C:\\\\ProgramData\\\\Microsoft\\\\Windows\\\\WER\\\\ReportQueue\\\\NonCritical_Update;MoUpdateO_c624286a973f319c5c728e462b56fbecf383818_00000000_fbfc7b08-69b2-401d-b646-fa381571b00c",
          "bucketType": "0",
          "response": "Nicht verfügbar",
          "eventName": "StoreAgentInstallFailure1",
          "cabGuid": "0",
          "cabId": "0"
        },
        "system": {
          "eventID": "1001",
          "keywords": "0x8000000000000000",
          "providerGuid": "{0ead09bd-2157-539a-8d6d-c87f95b64d70}",
          "level": "4",
          "channel": "Application",
          "opcode": "0",
          "message": "\"Fehlerbucket , Typ 0\r\nEreignisname: StoreAgentInstallFailure1\r\nAntwort: Nicht verfügbar\r\nCAB-Datei-ID: 0\r\n\r\nProblemsignatur:\r\nP1: Update;MoUpdateOrchestratorDeviceScan-MoUsoCoreWorker-SearchForAllUpdatesWithUpdateOptionsAsync\r\nP2: 80073d02\r\nP3: 26200\r\nP4: 8037\r\nP5: Windows.Desktop\r\nP6: M\r\nP7: \r\nP8: \r\nP9: \r\nP10: \r\n\r\nAngefügte Dateien:\r\n\r\nDiese Dateien befinden sich möglicherweise hier:\r\n\\\\?\\C:\\ProgramData\\Microsoft\\Windows\\WER\\ReportQueue\\NonCritical_Update;MoUpdateO_c624286a973f319c5c728e462b56fbecf383818_00000000_fbfc7b08-69b2-401d-b646-fa381571b00c\r\n\r\nAnalysesymbol: \r\nEs wird erneut nach einer Lösung gesucht: 0\r\nBerichts-ID: fbfc7b08-69b2-401d-b646-fa381571b00c\r\nBerichtstatus: 4\r\nBucket mit Hash: \r\nCAB-Datei-Guid: 0\"",
          "version": "0",
          "systemTime": "2026-05-26T06:57:42.0807214Z",
          "eventRecordID": "29065",
          "threadID": "16280",
          "computer": "KS_2026_001.arzw.local",
          "task": "0",
          "processID": "13056",
          "severityValue": "INFORMATION",
          "providerName": "Windows Error Reporting"
        }
      }
    },
    "rule": {
      "firedtimes": 11,
      "mail": false,
      "level": 4,
      "description": "Summary event of the report's signatures.",
      "groups": [
        "windows",
        "windows_application"
      ],
      "id": "60608"
    },
    "location": "EventChannel",
    "decoder": {
      "name": "windows_eventchannel"
    },
    "id": "1779778662.14085913",
    "timestamp": "2026-05-26T06:57:42.592+0000"
  },
  {
    "input": {
      "type": "log"
    },
    "agent": {
      "ip": "172.21.5.40",
      "name": "KS_2026_001",
      "id": "104"
    },
    "manager": {
      "name": "wazuh.manager"
    },
    "data": {
      "win": {
        "eventdata": {
          "updateRevisionNumber": "1",
          "updateGuid": "{f67e3a00-27a0-404c-ad9c-5a22bb139a2c}",
          "serviceGuid": "{855e8a7c-ecb4-4ca3-b045-1dfa50104289}",
          "errorCode": "0x80073d02",
          "updateTitle": "9PC1H9VN18CM-Microsoft.StartExperiencesApp"
        },
        "system": {
          "eventID": "20",
          "keywords": "0x8000000000000028",
          "providerGuid": "{945a8954-c147-4acd-923f-40c45405a658}",
          "level": "2",
          "channel": "System",
          "opcode": "13",
          "message": "\"Installationsfehler: Die Installation des folgenden Updates ist mit Fehler 0x80073D02 fehlgeschlagen: 9PC1H9VN18CM-Microsoft.StartExperiencesApp\"",
          "version": "1",
          "systemTime": "2026-05-26T06:57:41.2381673Z",
          "eventRecordID": "44608",
          "threadID": "9532",
          "computer": "KS_2026_001.arzw.local",
          "task": "1",
          "processID": "4916",
          "severityValue": "ERROR",
          "providerName": "Microsoft-Windows-WindowsUpdateClient"
        }
      }
    },
    "rule": {
      "firedtimes": 16,
      "mail": false,
      "level": 5,
      "description": "Windows System error event",
      "groups": [
        "windows",
        "windows_system",
        "system_error"
      ],
      "id": "61102",
      "gpg13": [
        "4.3"
      ],
      "gdpr": [
        "IV_35.7.d"
      ]
    },
    "location": "EventChannel",
    "decoder": {
      "name": "windows_eventchannel"
    },
    "id": "1779778662.14083947",
    "timestamp": "2026-05-26T06:57:42.162+0000"
  },
  {
    "input": {
      "type": "log"
    },
    "agent": {
      "ip": "172.21.5.40",
      "name": "KS_2026_001",
      "id": "104"
    },
    "manager": {
      "name": "wazuh.manager"
    },
    "data": {
      "win": {
        "eventdata": {
          "data": "C:\\\\WINDOWS\\\\system32\\\\svchost.exe -k netsvcs -p -s wuauserv, Windows Update",
          "binary": "0000000063020000590200000000000022CE28677C6DDA79E28C1C000000000000000000"
        },
        "system": {
          "eventID": "8216",
          "keywords": "0x80000000000000",
          "level": "4",
          "channel": "Application",
          "opcode": "0",
          "message": "\"Der Wiederherstellungspunkt (Prozess = \"C:\\WINDOWS\\system32\\svchost.exe -k netsvcs -p -s wuauserv\", Beschreibung = \"Windows Update\") wird nicht erstellt, da ein vorhandener Wiederherstellungspunkt aktuell genug für die Systemwiederherstellung ist.\"",
          "version": "0",
          "systemTime": "2026-05-26T06:57:38.8869947Z",
          "eventRecordID": "29064",
          "threadID": "0",
          "computer": "KS_2026_001.arzw.local",
          "task": "0",
          "processID": "4916",
          "severityValue": "INFORMATION",
          "providerName": "System Restore"
        }
      }
    },
    "rule": {
      "firedtimes": 18,
      "mail": false,
      "level": 4,
      "description": "Skipped creation of restore point for C:\\\\WINDOWS\\\\system32\\\\svchost.exe -k netsvcs -p -s wuauserv, Windows Update as there is a previous restore point available.",
      "groups": [
        "windows",
        "windows_application"
      ],
      "id": "60716"
    },
    "location": "EventChannel",
    "decoder": {
      "name": "windows_eventchannel"
    },
    "id": "1779778658.14081390",
    "timestamp": "2026-05-26T06:57:38.977+0000"
  },
  {
    "input": {
      "type": "log"
    },
    "agent": {
      "ip": "172.21.5.40",
      "name": "KS_2026_001",
      "id": "104"
    },
    "manager": {
      "name": "wazuh.manager"
    },
    "data": {
      "win": {
        "eventdata": {
          "extraInfo": " "
        },
        "system": {
          "eventID": "1003",
          "eventSourceName": "Windows Search Service",
          "keywords": "0x80000000000000",
          "providerGuid": "{CA4E628D-8567-4896-AB6B-835B221F373F}",
          "level": "4",
          "channel": "Application",
          "opcode": "0",
          "message": "\"Windows Search wurde gestartet.\n\"",
          "version": "0",
          "systemTime": "2026-05-26T06:57:18.3131453Z",
          "eventRecordID": "29063",
          "threadID": "0",
          "computer": "KS_2026_001.arzw.local",
          "task": "1",
          "processID": "13904",
          "severityValue": "INFORMATION",
          "providerName": "Microsoft-Windows-Search"
        }
      }
    },
    "rule": {
      "firedtimes": 3,
      "mail": false,
      "level": 3,
      "description": "The Windows search service started.",
      "groups": [
        "windows",
        "windows_application"
      ],
      "id": "60668"
    },
    "location": "EventChannel",
    "decoder": {
      "name": "windows_eventchannel"
    },
    "id": "1779778638.14075277",
    "timestamp": "2026-05-26T06:57:18.332+0000"
  },
  {
    "input": {
      "type": "log"
    },
    "agent": {
      "ip": "172.21.5.40",
      "name": "KS_2026_001",
      "id": "104"
    },
    "manager": {
      "name": "wazuh.manager"
    },
    "data": {
      "win": {
        "eventdata": {
          "data": "C:\\\\WINDOWS\\\\system32\\\\svchost.exe -k netsvcs -p -s wuauserv, Windows Update",
          "binary": "0000000063020000590200000000000022CE28677C6DDA79E28C1C000000000000000000"
        },
        "system": {
          "eventID": "8216",
          "keywords": "0x80000000000000",
          "level": "4",
          "channel": "Application",
          "opcode": "0",
          "message": "\"Der Wiederherstellungspunkt (Prozess = \"C:\\WINDOWS\\system32\\svchost.exe -k netsvcs -p -s wuauserv\", Beschreibung = \"Windows Update\") wird nicht erstellt, da ein vorhandener Wiederherstellungspunkt aktuell genug für die Systemwiederherstellung ist.\"",
          "version": "0",
          "systemTime": "2026-05-26T06:57:08.0294329Z",
          "eventRecordID": "29062",
          "threadID": "0",
          "computer": "KS_2026_001.arzw.local",
          "task": "0",
          "processID": "4916",
          "severityValue": "INFORMATION",
          "providerName": "System Restore"
        }
      }
    },
    "rule": {
      "firedtimes": 17,
      "mail": false,
      "level": 4,
      "description": "Skipped creation of restore point for C:\\\\WINDOWS\\\\system32\\\\svchost.exe -k netsvcs -p -s wuauserv, Windows Update as there is a previous restore point available.",
      "groups": [
        "windows",
        "windows_application"
      ],
      "id": "60716"
    },
    "location": "EventChannel",
    "decoder": {
      "name": "windows_eventchannel"
    },
    "id": "1779778628.14071624",
    "timestamp": "2026-05-26T06:57:08.136+0000"
  },
  {
    "input": {
      "type": "log"
    },
    "agent": {
      "ip": "172.21.5.40",
      "name": "KS_2026_001",
      "id": "104"
    },
    "manager": {
      "name": "wazuh.manager"
    },
    "data": {
      "win": {
        "eventdata": {
          "p1": "Update;MoUpdateOrchestratorDeviceScan-MoUsoCoreWorker-SearchForAllUpdatesWithUpdateOptionsAsync",
          "p2": "80073d02",
          "rechecking": "0",
          "p3": "26200",
          "attachedFiles": "  \\\\\\\\?\\\\C:\\\\ProgramData\\\\Microsoft\\\\Windows\\\\WER\\\\Temp\\\\WER.cecf4742-43b7-4178-8e78-8bd6fedb182c.tmp.WERInternalMetadata.xml",
          "p4": "8037",
          "reportId": "02e63636-3587-4c03-85df-e8b976b03865",
          "p5": "Windows.Desktop",
          "p6": "0",
          "reportStatus": "268435456",
          "bucket": "2108898594726607851",
          "storePath": "\\\\\\\\?\\\\C:\\\\ProgramData\\\\Microsoft\\\\Windows\\\\WER\\\\ReportArchive\\\\NonCritical_Update;MoUpdateO_84d09faf44eb016c25ad5bd21d5b355234cdd7_00000000_02e63636-3587-4c03-85df-e8b976b03865",
          "bucketType": "5",
          "hashedBucket": "543ac4ad17276735cd44501935fffbeb",
          "response": "Nicht verfügbar",
          "eventName": "StoreAgentInstallFailure1",
          "cabGuid": "0",
          "cabId": "0"
        },
        "system": {
          "eventID": "1001",
          "keywords": "0x8000000000000000",
          "providerGuid": "{0ead09bd-2157-539a-8d6d-c87f95b64d70}",
          "level": "4",
          "channel": "Application",
          "opcode": "0",
          "message": "\"Fehlerbucket 2108898594726607851, Typ 5\r\nEreignisname: StoreAgentInstallFailure1\r\nAntwort: Nicht verfügbar\r\nCAB-Datei-ID: 0\r\n\r\nProblemsignatur:\r\nP1: Update;MoUpdateOrchestratorDeviceScan-MoUsoCoreWorker-SearchForAllUpdatesWithUpdateOptionsAsync\r\nP2: 80073d02\r\nP3: 26200\r\nP4: 8037\r\nP5: Windows.Desktop\r\nP6: 0\r\nP7: \r\nP8: \r\nP9: \r\nP10: \r\n\r\nAngefügte Dateien:\r\n\\\\?\\C:\\ProgramData\\Microsoft\\Windows\\WER\\Temp\\WER.cecf4742-43b7-4178-8e78-8bd6fedb182c.tmp.WERInternalMetadata.xml\r\n\r\nDiese Dateien befinden sich möglicherweise hier:\r\n\\\\?\\C:\\ProgramData\\Microsoft\\Windows\\WER\\ReportArchive\\NonCritical_Update;MoUpdateO_84d09faf44eb016c25ad5bd21d5b355234cdd7_00000000_02e63636-3587-4c03-85df-e8b976b03865\r\n\r\nAnalysesymbol: \r\nEs wird erneut nach einer Lösung gesucht: 0\r\nBerichts-ID: 02e63636-3587-4c03-85df-e8b976b03865\r\nBerichtstatus: 268435456\r\nBucket mit Hash: 543ac4ad17276735cd44501935fffbeb\r\nCAB-Datei-Guid: 0\"",
          "version": "0",
          "systemTime": "2026-05-26T06:56:57.7061745Z",
          "eventRecordID": "29061",
          "threadID": "1300",
          "computer": "KS_2026_001.arzw.local",
          "task": "0",
          "processID": "11252",
          "severityValue": "INFORMATION",
          "providerName": "Windows Error Reporting"
        }
      }
    },
    "rule": {
      "firedtimes": 10,
      "mail": false,
      "level": 4,
      "description": "Summary event of the report's signatures.",
      "groups": [
        "windows",
        "windows_application"
      ],
      "id": "60608"
    },
    "location": "EventChannel",
    "decoder": {
      "name": "windows_eventchannel"
    },
    "id": "1779778618.14062535",
    "timestamp": "2026-05-26T06:56:58.654+0000"
  },
  {
    "input": {
      "type": "log"
    },
    "agent": {
      "ip": "172.21.5.40",
      "name": "KS_2026_001",
      "id": "104"
    },
    "manager": {
      "name": "wazuh.manager"
    },
    "data": {
      "win": {
        "eventdata": {
          "p1": "Update;MoUpdateOrchestratorDeviceScan-MoUsoCoreWorker-SearchForAllUpdatesWithUpdateOptionsAsync",
          "p2": "80073d02",
          "rechecking": "0",
          "p3": "26200",
          "p4": "8037",
          "reportId": "02e63636-3587-4c03-85df-e8b976b03865",
          "p5": "Windows.Desktop",
          "p6": "0",
          "reportStatus": "4",
          "storePath": "\\\\\\\\?\\\\C:\\\\ProgramData\\\\Microsoft\\\\Windows\\\\WER\\\\ReportQueue\\\\NonCritical_Update;MoUpdateO_84d09faf44eb016c25ad5bd21d5b355234cdd7_00000000_02e63636-3587-4c03-85df-e8b976b03865",
          "bucketType": "0",
          "response": "Nicht verfügbar",
          "eventName": "StoreAgentInstallFailure1",
          "cabGuid": "0",
          "cabId": "0"
        },
        "system": {
          "eventID": "1001",
          "keywords": "0x8000000000000000",
          "providerGuid": "{0ead09bd-2157-539a-8d6d-c87f95b64d70}",
          "level": "4",
          "channel": "Application",
          "opcode": "0",
          "message": "\"Fehlerbucket , Typ 0\r\nEreignisname: StoreAgentInstallFailure1\r\nAntwort: Nicht verfügbar\r\nCAB-Datei-ID: 0\r\n\r\nProblemsignatur:\r\nP1: Update;MoUpdateOrchestratorDeviceScan-MoUsoCoreWorker-SearchForAllUpdatesWithUpdateOptionsAsync\r\nP2: 80073d02\r\nP3: 26200\r\nP4: 8037\r\nP5: Windows.Desktop\r\nP6: 0\r\nP7: \r\nP8: \r\nP9: \r\nP10: \r\n\r\nAngefügte Dateien:\r\n\r\nDiese Dateien befinden sich möglicherweise hier:\r\n\\\\?\\C:\\ProgramData\\Microsoft\\Windows\\WER\\ReportQueue\\NonCritical_Update;MoUpdateO_84d09faf44eb016c25ad5bd21d5b355234cdd7_00000000_02e63636-3587-4c03-85df-e8b976b03865\r\n\r\nAnalysesymbol: \r\nEs wird erneut nach einer Lösung gesucht: 0\r\nBerichts-ID: 02e63636-3587-4c03-85df-e8b976b03865\r\nBerichtstatus: 4\r\nBucket mit Hash: \r\nCAB-Datei-Guid: 0\"",
          "version": "0",
          "systemTime": "2026-05-26T06:56:55.6016820Z",
          "eventRecordID": "29060",
          "threadID": "9584",
          "computer": "KS_2026_001.arzw.local",
          "task": "0",
          "processID": "13056",
          "severityValue": "INFORMATION",
          "providerName": "Windows Error Reporting"
        }
      }
    },
    "rule": {
      "firedtimes": 9,
      "mail": false,
      "level": 4,
      "description": "Summary event of the report's signatures.",
      "groups": [
        "windows",
        "windows_application"
      ],
      "id": "60608"
    },
    "location": "EventChannel",
    "decoder": {
      "name": "windows_eventchannel"
    },
    "id": "1779778616.14057984",
    "timestamp": "2026-05-26T06:56:56.611+0000"
  },
