  {
    "input": {
      "type": "log"
    },
    "agent": {
      "ip": "172.21.5.3",
      "name": "KSSabine",
      "id": "024"
    },
    "manager": {
      "name": "wazuh.manager"
    },
    "data": {
      "win": {
        "eventdata": {
          "data": "2126-05-02T05:59:16Z, RulesEngine"
        },
        "system": {
          "eventID": "16384",
          "eventSourceName": "Software Protection Platform Service",
          "keywords": "0x80000000000000",
          "providerGuid": "{E23B33B0-C8C9-472C-A5F9-F2BDFEA0F156}",
          "level": "4",
          "channel": "Application",
          "opcode": "0",
          "message": "\"Der Softwareschutzdienst wurde erfolgreich für den erneuten Start bei 2126-05-02T05:59:16Z geplant. Grund: RulesEngine.\"",
          "version": "0",
          "systemTime": "2026-05-26T05:59:16.8179930Z",
          "eventRecordID": "24108",
          "threadID": "0",
          "computer": "KSSabine.arzw.local",
          "task": "0",
          "processID": "17960",
          "severityValue": "INFORMATION",
          "providerName": "Microsoft-Windows-Security-SPP"
        }
      }
    },
    "rule": {
      "firedtimes": 134,
      "mail": false,
      "level": 3,
      "description": "Software protection service scheduled successfully.",
      "groups": [
        "windows",
        "windows_application"
      ],
      "id": "60642"
    },
    "location": "EventChannel",
    "decoder": {
      "name": "windows_eventchannel"
    },
    "id": "1779775156.10977219",
    "timestamp": "2026-05-26T05:59:16.849+0000"
  },
  {
    "input": {
      "type": "log"
    },
    "agent": {
      "ip": "172.21.5.3",
      "name": "KSSabine",
      "id": "024"
    },
    "manager": {
      "name": "wazuh.manager"
    },
    "data": {
      "win": {
        "eventdata": {
          "data": "2126-05-02T05:55:38Z, RulesEngine"
        },
        "system": {
          "eventID": "16384",
          "eventSourceName": "Software Protection Platform Service",
          "keywords": "0x80000000000000",
          "providerGuid": "{E23B33B0-C8C9-472C-A5F9-F2BDFEA0F156}",
          "level": "4",
          "channel": "Application",
          "opcode": "0",
          "message": "\"Der Softwareschutzdienst wurde erfolgreich für den erneuten Start bei 2126-05-02T05:55:38Z geplant. Grund: RulesEngine.\"",
          "version": "0",
          "systemTime": "2026-05-26T05:55:38.8917441Z",
          "eventRecordID": "24106",
          "threadID": "0",
          "computer": "KSSabine.arzw.local",
          "task": "0",
          "processID": "14504",
          "severityValue": "INFORMATION",
          "providerName": "Microsoft-Windows-Security-SPP"
        }
      }
    },
    "rule": {
      "firedtimes": 121,
      "mail": false,
      "level": 3,
      "description": "Software protection service scheduled successfully.",
      "groups": [
        "windows",
        "windows_application"
      ],
      "id": "60642"
    },
    "location": "EventChannel",
    "decoder": {
      "name": "windows_eventchannel"
    },
    "id": "1779774938.10884973",
    "timestamp": "2026-05-26T05:55:38.922+0000"
  },
  {
    "input": {
      "type": "log"
    },
    "agent": {
      "ip": "172.21.5.3",
      "name": "KSSabine",
      "id": "024"
    },
    "manager": {
      "name": "wazuh.manager"
    },
    "data": {
      "win": {
        "eventdata": {
          "data": "2126-05-02T05:34:03Z, RulesEngine"
        },
        "system": {
          "eventID": "16384",
          "eventSourceName": "Software Protection Platform Service",
          "keywords": "0x80000000000000",
          "providerGuid": "{E23B33B0-C8C9-472C-A5F9-F2BDFEA0F156}",
          "level": "4",
          "channel": "Application",
          "opcode": "0",
          "message": "\"Der Softwareschutzdienst wurde erfolgreich für den erneuten Start bei 2126-05-02T05:34:03Z geplant. Grund: RulesEngine.\"",
          "version": "0",
          "systemTime": "2026-05-26T05:34:03.1100082Z",
          "eventRecordID": "24102",
          "threadID": "0",
          "computer": "KSSabine.arzw.local",
          "task": "0",
          "processID": "4624",
          "severityValue": "INFORMATION",
          "providerName": "Microsoft-Windows-Security-SPP"
        }
      }
    },
    "rule": {
      "firedtimes": 79,
      "mail": false,
      "level": 3,
      "description": "Software protection service scheduled successfully.",
      "groups": [
        "windows",
        "windows_application"
      ],
      "id": "60642"
    },
    "location": "EventChannel",
    "decoder": {
      "name": "windows_eventchannel"
    },
    "id": "1779773643.10003901",
    "timestamp": "2026-05-26T05:34:03.200+0000"
  },
  {
    "input": {
      "type": "log"
    },
    "agent": {
      "ip": "172.21.5.3",
      "name": "KSSabine",
      "id": "024"
    },
    "manager": {
      "name": "wazuh.manager"
    },
    "data": {
      "win": {
        "eventdata": {
          "binary": "2D20436F64653A2020434F525356434330303030303737322D2043616C6C3A2020434F525356434330303030303735342D205049443A202030303031313636342D205449443A202030303031333031362D20434D443A2020433A5C57494E444F57535C73797374656D33325C76737376632E6578652020202D20557365723A204E616D653A204E542D4155544F524954C4545C53595354454D2C205349443A532D312D352D313820"
        },
        "system": {
          "eventID": "8224",
          "keywords": "0x80000000000000",
          "level": "4",
          "channel": "Application",
          "opcode": "0",
          "message": "\"Der VSS-Dienst wird aufgrund eines Leerlaufzeitlimits heruntergefahren. \"",
          "version": "0",
          "systemTime": "2026-05-26T05:33:42.2124153Z",
          "eventRecordID": "24101",
          "threadID": "0",
          "computer": "KSSabine.arzw.local",
          "task": "0",
          "processID": "11664",
          "severityValue": "INFORMATION",
          "providerName": "VSS"
        }
      }
    },
    "rule": {
      "firedtimes": 3,
      "mail": false,
      "level": 5,
      "description": "The VSS service is shutting down due to idle timeout.",
      "groups": [
        "windows",
        "windows_application"
      ],
      "id": "60702"
    },
    "location": "EventChannel",
    "decoder": {
      "name": "windows_eventchannel"
    },
    "id": "1779773622.9972064",
    "timestamp": "2026-05-26T05:33:42.348+0000"
  },
  {
    "input": {
      "type": "log"
    },
    "agent": {
      "ip": "172.21.5.3",
      "name": "KSSabine",
      "id": "024"
    },
    "manager": {
      "name": "wazuh.manager"
    },
    "data": {
      "win": {
        "eventdata": {
          "data": "2126-05-02T05:32:55Z, RulesEngine"
        },
        "system": {
          "eventID": "16384",
          "eventSourceName": "Software Protection Platform Service",
          "keywords": "0x80000000000000",
          "providerGuid": "{E23B33B0-C8C9-472C-A5F9-F2BDFEA0F156}",
          "level": "4",
          "channel": "Application",
          "opcode": "0",
          "message": "\"Der Softwareschutzdienst wurde erfolgreich für den erneuten Start bei 2126-05-02T05:32:55Z geplant. Grund: RulesEngine.\"",
          "version": "0",
          "systemTime": "2026-05-26T05:32:55.9522777Z",
          "eventRecordID": "24099",
          "threadID": "0",
          "computer": "KSSabine.arzw.local",
          "task": "0",
          "processID": "3076",
          "severityValue": "INFORMATION",
          "providerName": "Microsoft-Windows-Security-SPP"
        }
      }
    },
    "rule": {
      "firedtimes": 75,
      "mail": false,
      "level": 3,
      "description": "Software protection service scheduled successfully.",
      "groups": [
        "windows",
        "windows_application"
      ],
      "id": "60642"
    },
    "location": "EventChannel",
    "decoder": {
      "name": "windows_eventchannel"
    },
    "id": "1779773576.9944720",
    "timestamp": "2026-05-26T05:32:56.015+0000"
  },
  {
    "input": {
      "type": "log"
    },
    "agent": {
      "ip": "172.21.5.3",
      "name": "KSSabine",
      "id": "024"
    },
    "manager": {
      "name": "wazuh.manager"
    },
    "data": {
      "win": {
        "eventdata": {
          "data": "svchost, 14752,D,50,0, DS_Token_DB:, 1, C:\\\\WINDOWS\\\\system32\\\\config\\\\systemprofile\\\\AppData\\\\Local\\\\DataSharing\\\\Storage\\\\DSTokenDB2.dat, 0,  [1] 0.000015 +J(0) +M(C:0K, Fs:1, WS:4K # 0K, PF:0K # 0K, P:0K) [2] 0.001815 -0.000431 (1) WT +J(0) +M(C:0K, Fs:17, WS:4K # 8K, PF:4K # 4K, P:4K) [3] 0.011876 -0.000791 (6) WT +J(CM:0, PgRf:0, Rd:0/0, Dy:0/0, Lg:3480/2) +M(C:0K, Fs:6, WS:20K # 0K, PF:20K # 0K, P:20K) [4] 0.004439 +J(0) [5] - [6] 0.001886 -0.001710 (2) CM -0.001448 (2) WT +J(CM:2, PgRf:2, Rd:0/2, Dy:0/0, Lg:0/0) +M(C:0K, Fs:2, WS:8K # 0K, PF:0K # 0K, P:0K) [7] 0.000006 +J(0) [8] 0.001956 -0.001445 (1) CM -0.001327 (1) WT +J(CM:1, PgRf:1, Rd:4/1, Dy:0/0, Lg:0/0) +M(C:16K, Fs:26, WS:104K # 68K, PF:212K # 172K, P:212K) [9] - [10] - [11] - [12] 0.000027 +J(CM:0, PgRf:0, Rd:0/0, Dy:0/0, Lg:54/1) +M(C:0K, Fs:1, WS:4K # 4K, PF:20K # 16K, P:20K) [13] 0.003059 -0.002612 (3) CM -0.002182 (3) WT +J(CM:3, PgRf:23, Rd:0/3, Dy:0/0, Lg:0/0) +M(C:0K, Fs:18, WS:72K # 72K, PF:4K # 4K, P:4K) [14] 0.000521 -0.000239 (1) CM -0.000122 (1) WT +J(CM:1, PgRf:40, Rd:0/1, Dy:0/0, Lg:0/0) +M(C:0K, Fs:4, WS:16K # 16K, PF:64K # 64K, P:64K) [15] 0.000020 +J(CM:0, PgRf:1, Rd:0/0, Dy:0/0, Lg:0/0) [16] 0.000027 +J(CM:0, PgRf:1, Rd:0/0, Dy:0/0, Lg:0/0) +M(C:0K, Fs:1, WS:4K # 4K, PF:0K # 0K, P:0K) [17] 0.000127 +J(CM:0, PgRf:42, Rd:0/0, Dy:0/0, Lg:0/0) +M(C:0K, Fs:6, WS:24K # 24K, PF:0K # 0K, P:0K) [18] 0.000003 +J(0) [19] 0.000001 +J(0) [20] 0.000074 +J(CM:0, PgRf:3, Rd:0/0, Dy:0/0, Lg:0/0) +M(C:0K, Fs:2, WS:8K # 8K, PF:0K # 0K, P:0K)., 1 0, lgposAttach = 00000017:0003:0268, dbv = 1568.300.620 (9620)"
        },
        "system": {
          "eventID": "326",
          "keywords": "0x80000000000000",
          "level": "4",
          "channel": "Application",
          "opcode": "0",
          "message": "\"svchost (14752,D,50,0) DS_Token_DB: T, mit dem Daten Bank Modul eine Datenbank angefügt (1, C:\\WINDOWS\\system32\\config\\systemprofile\\AppData\\Local\\DataSharing\\Storage\\DSTokenDB2.dat). (Zeit =0 Sekunden)  \r\n \r\nCache gespeichert:  1 0 \r\nzusätzliche Daten:  lgposAttach = 00000017:0003:0268,\ndbv = 1568.300.620 (9620) \r\n \r\ninterne Zeit Steuerungs Sequenz:  \n[1] 0.000015 +J(0) +M(C:0K, Fs:1, WS:4K # 0K, PF:0K # 0K, P:0K)\n[2] 0.001815 -0.000431 (1) WT +J(0) +M(C:0K, Fs:17, WS:4K # 8K, PF:4K # 4K, P:4K)\n[3] 0.011876 -0.000791 (6) WT +J(CM:0, PgRf:0, Rd:0/0, Dy:0/0, Lg:3480/2) +M(C:0K, Fs:6, WS:20K # 0K, PF:20K # 0K, P:20K)\n[4] 0.004439 +J(0)\n[5] -\n[6] 0.001886 -0.001710 (2) CM -0.001448 (2) WT +J(CM:2, PgRf:2, Rd:0/2, Dy:0/0, Lg:0/0) +M(C:0K, Fs:2, WS:8K # 0K, PF:0K # 0K, P:0K)\n[7] 0.000006 +J(0)\n[8] 0.001956 -0.001445 (1) CM -0.001327 (1) WT +J(CM:1, PgRf:1, Rd:4/1, Dy:0/0, Lg:0/0) +M(C:16K, Fs:26, WS:104K # 68K, PF:212K # 172K, P:212K)\n[9] -\n[10] -\n[11] -\n[12] 0.000027 +J(CM:0, PgRf:0, Rd:0/0, Dy:0/0, Lg:54/1) +M(C:0K, Fs:1, WS:4K # 4K, PF:20K # 16K, P:20K)\n[13] 0.003059 -0.002612 (3) CM -0.002182 (3) WT +J(CM:3, PgRf:23, Rd:0/3, Dy:0/0, Lg:0/0) +M(C:0K, Fs:18, WS:72K # 72K, PF:4K # 4K, P:4K)\n[14] 0.000521 -0.000239 (1) CM -0.000122 (1) WT +J(CM:1, PgRf:40, Rd:0/1, Dy:0/0, Lg:0/0) +M(C:0K, Fs:4, WS:16K # 16K, PF:64K # 64K, P:64K)\n[15] 0.000020 +J(CM:0, PgRf:1, Rd:0/0, Dy:0/0, Lg:0/0)\n[16] 0.000027 +J(CM:0, PgRf:1, Rd:0/0, Dy:0/0, Lg:0/0) +M(C:0K, Fs:1, WS:4K # 4K, PF:0K # 0K, P:0K)\n[17] 0.000127 +J(CM:0, PgRf:42, Rd:0/0, Dy:0/0, Lg:0/0) +M(C:0K, Fs:6, WS:24K # 24K, PF:0K # 0K, P:0K)\n[18] 0.000003 +J(0)\n[19] 0.000001 +J(0)\n[20] 0.000074 +J(CM:0, PgRf:3, Rd:0/0, Dy:0/0, Lg:0/0) +M(C:0K, Fs:2, WS:8K # 8K, PF:0K # 0K, P:0K).\"",
          "version": "0",
          "systemTime": "2026-05-26T05:30:26.8207641Z",
          "eventRecordID": "24090",
          "threadID": "0",
          "computer": "KSSabine.arzw.local",
          "task": "1",
          "processID": "14752",
          "severityValue": "INFORMATION",
          "providerName": "ESENT"
        }
      }
    },
    "rule": {
      "firedtimes": 5,
      "mail": false,
      "level": 3,
      "description": "The database engine attached a database.",
      "groups": [
        "windows",
        "windows_application"
      ],
      "id": "60798"
    },
    "location": "EventChannel",
    "decoder": {
      "name": "windows_eventchannel"
    },
    "id": "1779773427.9730983",
    "timestamp": "2026-05-26T05:30:27.263+0000"
  },
  {
    "input": {
      "type": "log"
    },
    "agent": {
      "ip": "172.21.5.3",
      "name": "KSSabine",
      "id": "024"
    },
    "manager": {
      "name": "wazuh.manager"
    },
    "data": {
      "win": {
        "eventdata": {
          "data": "svchost, 14752,U,98,0, DS_Token_DB:"
        },
        "system": {
          "eventID": "302",
          "keywords": "0x80000000000000",
          "level": "4",
          "channel": "Application",
          "opcode": "0",
          "message": "\"svchost (14752,U,98,0) DS_Token_DB: Das Datenbankmodul hat erfolgreich die Schritte zur Wiederherstellung abgeschlossen.\"",
          "version": "0",
          "systemTime": "2026-05-26T05:30:26.7796514Z",
          "eventRecordID": "24088",
          "threadID": "0",
          "computer": "KSSabine.arzw.local",
          "task": "3",
          "processID": "14752",
          "severityValue": "INFORMATION",
          "providerName": "ESENT"
        }
      }
    },
    "rule": {
      "firedtimes": 3,
      "mail": false,
      "level": 3,
      "description": "The database engine has completed recovery steps.",
      "groups": [
        "windows",
        "windows_application"
      ],
      "id": "60809"
    },
    "location": "EventChannel",
    "decoder": {
      "name": "windows_eventchannel"
    },
    "id": "1779773427.9729649",
    "timestamp": "2026-05-26T05:30:27.123+0000"
  },
  {
    "input": {
      "type": "log"
    },
    "agent": {
      "ip": "172.21.5.3",
      "name": "KSSabine",
      "id": "024"
    },
    "manager": {
      "name": "wazuh.manager"
    },
    "data": {
      "win": {
        "eventdata": {
          "data": "svchost, 14752,R,98,0, DS_Token_DB:, C:\\\\WINDOWS\\\\system32\\\\config\\\\systemprofile\\\\AppData\\\\Local\\\\DataSharing\\\\Storage\\\\DSS.log,  [1] 0.000013 +J(CM:0, PgRf:0, Rd:0/0, Dy:0/0, Lg:1/1) +M(C:0K, Fs:1, WS:4K # 4K, PF:0K # 0K, P:0K)., NOP, 1"
        },
        "system": {
          "eventID": "301",
          "keywords": "0x80000000000000",
          "level": "4",
          "channel": "Application",
          "opcode": "0",
          "message": "\"svchost (14752,R,98,0) DS_Token_DB: Das Datenbankmodul hat die Wiedergabe von Protokoll C:\\WINDOWS\\system32\\config\\systemprofile\\AppData\\Local\\DataSharing\\Storage\\DSS.log beendet.  \r\n \r\nVerarbeitungsstatistiken: \n[1] 0.000013 +J(CM:0, PgRf:0, Rd:0/0, Dy:0/0, Lg:1/1) +M(C:0K, Fs:1, WS:4K # 4K, PF:0K # 0K, P:0K). \r\nProtokolldatensatz vom Typ „NOP      “ wurde am häufigsten gesehen (1 Mal) \"",
          "version": "0",
          "systemTime": "2026-05-26T05:30:26.7213697Z",
          "eventRecordID": "24087",
          "threadID": "0",
          "computer": "KSSabine.arzw.local",
          "task": "3",
          "processID": "14752",
          "severityValue": "INFORMATION",
          "providerName": "ESENT"
        }
      }
    },
    "rule": {
      "firedtimes": 4,
      "mail": false,
      "level": 3,
      "description": "The database engine is replaying log file C:\\Winnt\\system32\\wins\\j50.log.",
      "groups": [
        "windows",
        "windows_application"
      ],
      "id": "60808"
    },
    "location": "EventChannel",
    "decoder": {
      "name": "windows_eventchannel"
    },
    "id": "1779773427.9727301",
    "timestamp": "2026-05-26T05:30:27.046+0000"
  },
  {
    "input": {
      "type": "log"
    },
    "agent": {
      "ip": "172.21.5.3",
      "name": "KSSabine",
      "id": "024"
    },
    "manager": {
      "name": "wazuh.manager"
    },
    "data": {
      "win": {
        "eventdata": {
          "data": "svchost, 14752,R,98,0, DS_Token_DB:, C:\\\\WINDOWS\\\\system32\\\\config\\\\systemprofile\\\\AppData\\\\Local\\\\DataSharing\\\\Storage\\\\DSS00016.log,  [1] 0.026782 -0.003301 (7) WT +J(CM:0, PgRf:0, Rd:0/0, Dy:0/0, Lg:8129/7) +M(C:0K, Fs:93, WS:292K # 296K, PF:168K # 172K, P:168K)., AttachDB, 1"
        },
        "system": {
          "eventID": "301",
          "keywords": "0x80000000000000",
          "level": "4",
          "channel": "Application",
          "opcode": "0",
          "message": "\"svchost (14752,R,98,0) DS_Token_DB: Das Datenbankmodul hat die Wiedergabe von Protokoll C:\\WINDOWS\\system32\\config\\systemprofile\\AppData\\Local\\DataSharing\\Storage\\DSS00016.log beendet.  \r\n \r\nVerarbeitungsstatistiken: \n[1] 0.026782 -0.003301 (7) WT +J(CM:0, PgRf:0, Rd:0/0, Dy:0/0, Lg:8129/7) +M(C:0K, Fs:93, WS:292K # 296K, PF:168K # 172K, P:168K). \r\nProtokolldatensatz vom Typ „AttachDB “ wurde am häufigsten gesehen (1 Mal) \"",
          "version": "0",
          "systemTime": "2026-05-26T05:30:26.7183582Z",
          "eventRecordID": "24086",
          "threadID": "0",
          "computer": "KSSabine.arzw.local",
          "task": "3",
          "processID": "14752",
          "severityValue": "INFORMATION",
          "providerName": "ESENT"
        }
      }
    },
    "rule": {
      "firedtimes": 3,
      "mail": false,
      "level": 3,
      "description": "The database engine is replaying log file C:\\Winnt\\system32\\wins\\j50.log.",
      "groups": [
        "windows",
        "windows_application"
      ],
      "id": "60808"
    },
    "location": "EventChannel",
    "decoder": {
      "name": "windows_eventchannel"
    },
    "id": "1779773426.9718961",
    "timestamp": "2026-05-26T05:30:26.974+0000"
  },
  {
    "input": {
      "type": "log"
    },
    "agent": {
      "ip": "172.21.5.3",
      "name": "KSSabine",
      "id": "024"
    },
    "manager": {
      "name": "wazuh.manager"
    },
    "data": {
      "win": {
        "eventdata": {
          "data": "svchost, 14752,R,98,0, DS_Token_DB:"
        },
        "system": {
          "eventID": "300",
          "keywords": "0x80000000000000",
          "level": "4",
          "channel": "Application",
          "opcode": "0",
          "message": "\"svchost (14752,R,98,0) DS_Token_DB: Das Datenbankmodul initiiert Schritte zur Wiederherstellung.\"",
          "version": "0",
          "systemTime": "2026-05-26T05:30:26.6880192Z",
          "eventRecordID": "24085",
          "threadID": "0",
          "computer": "KSSabine.arzw.local",
          "task": "3",
          "processID": "14752",
          "severityValue": "INFORMATION",
          "providerName": "ESENT"
        }
      }
    },
    "rule": {
      "firedtimes": 3,
      "mail": false,
      "level": 3,
      "description": "The database engine is initiating recovery steps.",
      "groups": [
        "windows",
        "windows_application"
      ],
      "id": "60807"
    },
    "location": "EventChannel",
    "decoder": {
      "name": "windows_eventchannel"
    },
    "id": "1779773426.9717675",
    "timestamp": "2026-05-26T05:30:26.906+0000"
  },
  {
    "input": {
      "type": "log"
    },
    "agent": {
      "ip": "172.21.5.3",
      "name": "KSSabine",
      "id": "024"
    },
    "manager": {
      "name": "wazuh.manager"
    },
    "data": {
      "win": {
        "eventdata": {
          "data": "svchost, 14752,P,98,0, DS_Token_DB:, 0, 10, 00, 26200, 0000"
        },
        "system": {
          "eventID": "102",
          "keywords": "0x80000000000000",
          "level": "4",
          "channel": "Application",
          "opcode": "0",
          "message": "\"svchost (14752,P,98,0) DS_Token_DB: Das Datenbankmodul (10.00.26200.0000) startet eine neue Instanz (0).\"",
          "version": "0",
          "systemTime": "2026-05-26T05:30:26.6717764Z",
          "eventRecordID": "24084",
          "threadID": "0",
          "computer": "KSSabine.arzw.local",
          "task": "1",
          "processID": "14752",
          "severityValue": "INFORMATION",
          "providerName": "ESENT"
        }
      }
    },
    "rule": {
      "firedtimes": 5,
      "mail": false,
      "level": 3,
      "description": "The database engine is starting a new instance.",
      "groups": [
        "windows",
        "windows_application"
      ],
      "id": "60805"
    },
    "location": "EventChannel",
    "decoder": {
      "name": "windows_eventchannel"
    },
    "id": "1779773426.9716327",
    "timestamp": "2026-05-26T05:30:26.826+0000"
  },
  {
    "input": {
      "type": "log"
    },
    "agent": {
      "ip": "172.21.5.3",
      "name": "KSSabine",
      "id": "024"
    },
    "manager": {
      "name": "wazuh.manager"
    },
    "data": {
      "win": {
        "eventdata": {
          "data": "2126-05-02T05:29:16Z, RulesEngine"
        },
        "system": {
          "eventID": "16384",
          "eventSourceName": "Software Protection Platform Service",
          "keywords": "0x80000000000000",
          "providerGuid": "{E23B33B0-C8C9-472C-A5F9-F2BDFEA0F156}",
          "level": "4",
          "channel": "Application",
          "opcode": "0",
          "message": "\"Der Softwareschutzdienst wurde erfolgreich für den erneuten Start bei 2126-05-02T05:29:16Z geplant. Grund: RulesEngine.\"",
          "version": "0",
          "systemTime": "2026-05-26T05:29:16.7599978Z",
          "eventRecordID": "24081",
          "threadID": "0",
          "computer": "KSSabine.arzw.local",
          "task": "0",
          "processID": "6056",
          "severityValue": "INFORMATION",
          "providerName": "Microsoft-Windows-Security-SPP"
        }
      }
    },
    "rule": {
      "firedtimes": 69,
      "mail": false,
      "level": 3,
      "description": "Software protection service scheduled successfully.",
      "groups": [
        "windows",
        "windows_application"
      ],
      "id": "60642"
    },
    "location": "EventChannel",
    "decoder": {
      "name": "windows_eventchannel"
    },
    "id": "1779773356.9678175",
    "timestamp": "2026-05-26T05:29:16.824+0000"
  },
  {
    "input": {
      "type": "log"
    },
    "agent": {
      "ip": "172.21.5.3",
      "name": "KSSabine",
      "id": "024"
    },
    "manager": {
      "name": "wazuh.manager"
    },
    "data": {
      "win": {
        "eventdata": {
          "data": "C:\\\\WINDOWS\\\\system32\\\\svchost.exe -k netsvcs -p -s wuauserv, Windows Update",
          "binary": "0000000067020000590200000000000022CE28677C6DDA79E28C1C000000000000000000"
        },
        "system": {
          "eventID": "8194",
          "keywords": "0x80000000000000",
          "level": "4",
          "channel": "Application",
          "opcode": "0",
          "message": "\"Der Wiederherstellungspunkt wurde erfolgreich erstellt (Prozess = C:\\WINDOWS\\system32\\svchost.exe -k netsvcs -p -s wuauserv; Beschreibung = Windows Update).\"",
          "version": "0",
          "systemTime": "2026-05-26T05:28:02.3132043Z",
          "eventRecordID": "24076",
          "threadID": "0",
          "computer": "KSSabine.arzw.local",
          "task": "0",
          "processID": "10120",
          "severityValue": "INFORMATION",
          "providerName": "System Restore"
        }
      }
    },
    "rule": {
      "firedtimes": 4,
      "mail": false,
      "level": 3,
      "description": "Restore point successfully created.",
      "groups": [
        "windows",
        "windows_application"
      ],
      "id": "60718"
    },
    "location": "EventChannel",
    "decoder": {
      "name": "windows_eventchannel"
    },
    "id": "1779773283.9059417",
    "timestamp": "2026-05-26T05:28:03.077+0000"
  },
  {
    "input": {
      "type": "log"
    },
    "agent": {
      "ip": "172.21.5.3",
      "name": "KSSabine",
      "id": "024"
    },
    "manager": {
      "name": "wazuh.manager"
    },
    "data": {
      "win": {
        "eventdata": {
          "p1": "msedgewebview2setup.exe",
          "p2": "148.0.3967.83",
          "rechecking": "0",
          "p3": "EdgeInstallerError|msedgewebview",
          "attachedFiles": "  \\\\\\\\?\\\\C:\\\\Windows\\\\SystemTemp\\\\msedge_installer.log",
          "p4": "0x3c",
          "reportId": "874d4dbd-56cb-4774-b1a5-d2c96448f2ca",
          "reportStatus": "268697600",
          "storePath": "NULL",
          "bucketType": "0",
          "response": "Nicht verfügbar",
          "eventName": "crashpad_log",
          "cabGuid": "0",
          "cabId": "0"
        },
        "system": {
          "eventID": "1001",
          "keywords": "0x8000000000000000",
          "providerGuid": "{0ead09bd-2157-539a-8d6d-c87f95b64d70}",
          "level": "4",
          "channel": "Application",
          "opcode": "0",
          "message": "\"Fehlerbucket , Typ 0\r\nEreignisname: crashpad_log\r\nAntwort: Nicht verfügbar\r\nCAB-Datei-ID: 0\r\n\r\nProblemsignatur:\r\nP1: msedgewebview2setup.exe\r\nP2: 148.0.3967.83\r\nP3: EdgeInstallerError|msedgewebview\r\nP4: 0x3c\r\nP5: \r\nP6: \r\nP7: \r\nP8: \r\nP9: \r\nP10: \r\n\r\nAngefügte Dateien:\r\n\\\\?\\C:\\Windows\\SystemTemp\\msedge_installer.log\r\n\r\nDiese Dateien befinden sich möglicherweise hier:\r\nNULL\r\n\r\nAnalysesymbol: \r\nEs wird erneut nach einer Lösung gesucht: 0\r\nBerichts-ID: 874d4dbd-56cb-4774-b1a5-d2c96448f2ca\r\nBerichtstatus: 268697600\r\nBucket mit Hash: \r\nCAB-Datei-Guid: 0\"",
          "version": "0",
          "systemTime": "2026-05-26T05:27:44.0736577Z",
          "eventRecordID": "24073",
          "threadID": "13672",
          "computer": "KSSabine.arzw.local",
          "task": "0",
          "processID": "10400",
          "severityValue": "INFORMATION",
          "providerName": "Windows Error Reporting"
        }
      }
    },
    "rule": {
      "firedtimes": 29,
      "mail": false,
      "level": 4,
      "description": "Summary event of the report's signatures.",
      "groups": [
        "windows",
        "windows_application"
      ],
      "id": "60608"
    },
    "location": "EventChannel",
    "decoder": {
      "name": "windows_eventchannel"
    },
    "id": "1779773264.9052493",
    "timestamp": "2026-05-26T05:27:44.364+0000"
  },
  {
    "input": {
      "type": "log"
    },
    "agent": {
      "ip": "172.21.5.3",
      "name": "KSSabine",
      "id": "024"
    },
    "manager": {
      "name": "wazuh.manager"
    },
    "data": {
      "win": {
        "eventdata": {
          "p1": "msedgewebview2setup.exe",
          "p2": "148.0.3967.83",
          "rechecking": "0",
          "p3": "EdgeInstallerError|msedgewebview",
          "attachedFiles": "  \\\\\\\\?\\\\C:\\\\Windows\\\\SystemTemp\\\\msedge_installer.log  \\\\\\\\?\\\\C:\\\\ProgramData\\\\Microsoft\\\\Windows\\\\WER\\\\Temp\\\\WER.32a9e639-e195-4cea-9d06-941e1dbef892.tmp.WERInternalMetadata.xml  \\\\\\\\?\\\\C:\\\\ProgramData\\\\Microsoft\\\\Windows\\\\WER\\\\Temp\\\\WER.7ce5baf3-e4d4-44ee-9f20-2bbb4e835c02.tmp.csv  \\\\\\\\?\\\\C:\\\\ProgramData\\\\Microsoft\\\\Windows\\\\WER\\\\Temp\\\\WER.9448bc23-59b4-4e84-8563-aed0282e3846.tmp.txt  \\\\\\\\?\\\\C:\\\\ProgramData\\\\Microsoft\\\\Windows\\\\WER\\\\Temp\\\\WER.edf4284a-f4a7-4cb4-9bb5-ee430b7aeb99.tmp.xml",
          "p4": "0x3c",
          "reportId": "874d4dbd-56cb-4774-b1a5-d2c96448f2ca",
          "reportStatus": "268435456",
          "bucket": "1199569102694407063",
          "storePath": "\\\\\\\\?\\\\C:\\\\ProgramData\\\\Microsoft\\\\Windows\\\\WER\\\\ReportArchive\\\\NonCritical_msedgewebview2se_782197a7354c9febbe28fc1beb3176472e55b75b_00000000_874d4dbd-56cb-4774-b1a5-d2c96448f2ca",
          "bucketType": "5",
          "hashedBucket": "d3ae246e5f53437700a5b9be49a25b97",
          "response": "Nicht verfügbar",
          "eventName": "crashpad_log",
          "cabGuid": "0",
          "cabId": "0"
        },
        "system": {
          "eventID": "1001",
          "keywords": "0x8000000000000000",
          "providerGuid": "{0ead09bd-2157-539a-8d6d-c87f95b64d70}",
          "level": "4",
          "channel": "Application",
          "opcode": "0",
          "message": "\"Fehlerbucket 1199569102694407063, Typ 5\r\nEreignisname: crashpad_log\r\nAntwort: Nicht verfügbar\r\nCAB-Datei-ID: 0\r\n\r\nProblemsignatur:\r\nP1: msedgewebview2setup.exe\r\nP2: 148.0.3967.83\r\nP3: EdgeInstallerError|msedgewebview\r\nP4: 0x3c\r\nP5: \r\nP6: \r\nP7: \r\nP8: \r\nP9: \r\nP10: \r\n\r\nAngefügte Dateien:\r\n\\\\?\\C:\\Windows\\SystemTemp\\msedge_installer.log\r\n\\\\?\\C:\\ProgramData\\Microsoft\\Windows\\WER\\Temp\\WER.32a9e639-e195-4cea-9d06-941e1dbef892.tmp.WERInternalMetadata.xml\r\n\\\\?\\C:\\ProgramData\\Microsoft\\Windows\\WER\\Temp\\WER.7ce5baf3-e4d4-44ee-9f20-2bbb4e835c02.tmp.csv\r\n\\\\?\\C:\\ProgramData\\Microsoft\\Windows\\WER\\Temp\\WER.9448bc23-59b4-4e84-8563-aed0282e3846.tmp.txt\r\n\\\\?\\C:\\ProgramData\\Microsoft\\Windows\\WER\\Temp\\WER.edf4284a-f4a7-4cb4-9bb5-ee430b7aeb99.tmp.xml\r\n\r\nDiese Dateien befinden sich möglicherweise hier:\r\n\\\\?\\C:\\ProgramData\\Microsoft\\Windows\\WER\\ReportArchive\\NonCritical_msedgewebview2se_782197a7354c9febbe28fc1beb3176472e55b75b_00000000_874d4dbd-56cb-4774-b1a5-d2c96448f2ca\r\n\r\nAnalysesymbol: \r\nEs wird erneut nach einer Lösung gesucht: 0\r\nBerichts-ID: 874d4dbd-56cb-4774-b1a5-d2c96448f2ca\r\nBerichtstatus: 268435456\r\nBucket mit Hash: d3ae246e5f53437700a5b9be49a25b97\r\nCAB-Datei-Guid: 0\"",
          "version": "0",
          "systemTime": "2026-05-26T05:27:44.0513222Z",
          "eventRecordID": "24072",
          "threadID": "11400",
          "computer": "KSSabine.arzw.local",
          "task": "0",
          "processID": "3200",
          "severityValue": "INFORMATION",
          "providerName": "Windows Error Reporting"
        }
      }
    },
    "rule": {
      "firedtimes": 28,
      "mail": false,
      "level": 4,
      "description": "Summary event of the report's signatures.",
      "groups": [
        "windows",
        "windows_application"
      ],
      "id": "60608"
    },
    "location": "EventChannel",
    "decoder": {
      "name": "windows_eventchannel"
    },
    "id": "1779773264.9046423",
    "timestamp": "2026-05-26T05:27:44.322+0000"
  },
  {
    "input": {
      "type": "log"
    },
    "agent": {
      "ip": "172.21.5.3",
      "name": "KSSabine",
      "id": "024"
    },
    "manager": {
      "name": "wazuh.manager"
    },
    "data": {
      "win": {
        "eventdata": {
          "param3": "Manuell starten",
          "param4": "BITS",
          "param1": "Background Intelligent Transfer Service",
          "param2": "Automatisch starten"
        },
        "system": {
          "eventID": "7040",
          "eventSourceName": "Service Control Manager",
          "keywords": "0x8080000000000000",
          "providerGuid": "{555908d1-a6d7-4695-8e1e-26931d2012f4}",
          "level": "4",
          "channel": "System",
          "opcode": "0",
          "message": "\"Der Starttyp des Diensts \"Background Intelligent Transfer Service\" wurde von Automatisch starten in Manuell starten geändert.\"",
          "version": "0",
          "systemTime": "2026-05-26T05:27:37.5874649Z",
          "eventRecordID": "25141",
          "threadID": "19176",
          "computer": "KSSabine.arzw.local",
          "task": "0",
          "processID": "1236",
          "severityValue": "INFORMATION",
          "providerName": "Service Control Manager"
        }
      }
    },
    "rule": {
      "firedtimes": 38,
      "mail": false,
      "level": 3,
      "pci_dss": [
        "10.6"
      ],
      "hipaa": [
        "164.312.b"
      ],
      "tsc": [
        "CC6.1",
        "CC6.8",
        "CC7.2",
        "CC7.3"
      ],
      "description": "Service startup type was changed",
      "groups": [
        "windows",
        "windows_system",
        "policy_changed"
      ],
      "id": "61104",
      "nist_800_53": [
        "AU.6"
      ],
      "info": "This does not appear to be logged on Windows 2000",
      "gdpr": [
        "IV_35.7.d"
      ]
    },
    "location": "EventChannel",
    "decoder": {
      "name": "windows_eventchannel"
    },
    "id": "1779773257.9043983",
    "timestamp": "2026-05-26T05:27:37.445+0000"
  },
  {
    "input": {
      "type": "log"
    },
    "agent": {
      "ip": "172.21.5.3",
      "name": "KSSabine",
      "id": "024"
    },
    "manager": {
      "name": "wazuh.manager"
    },
    "data": {
      "win": {
        "eventdata": {
          "p1": "setup.exe",
          "p2": "148.0.3967.83",
          "rechecking": "0",
          "p3": "EdgeInstallerError|msedge",
          "attachedFiles": "  \\\\\\\\?\\\\C:\\\\Windows\\\\SystemTemp\\\\msedge_installer.log",
          "p4": "0x21f",
          "reportId": "185e24a9-c793-463c-a799-d91ae1d72ab0",
          "reportStatus": "268697600",
          "storePath": "NULL",
          "bucketType": "0",
          "response": "Nicht verfügbar",
          "eventName": "crashpad_log",
          "cabGuid": "0",
          "cabId": "0"
        },
        "system": {
          "eventID": "1001",
          "keywords": "0x8000000000000000",
          "providerGuid": "{0ead09bd-2157-539a-8d6d-c87f95b64d70}",
          "level": "4",
          "channel": "Application",
          "opcode": "0",
          "message": "\"Fehlerbucket , Typ 0\r\nEreignisname: crashpad_log\r\nAntwort: Nicht verfügbar\r\nCAB-Datei-ID: 0\r\n\r\nProblemsignatur:\r\nP1: setup.exe\r\nP2: 148.0.3967.83\r\nP3: EdgeInstallerError|msedge\r\nP4: 0x21f\r\nP5: \r\nP6: \r\nP7: \r\nP8: \r\nP9: \r\nP10: \r\n\r\nAngefügte Dateien:\r\n\\\\?\\C:\\Windows\\SystemTemp\\msedge_installer.log\r\n\r\nDiese Dateien befinden sich möglicherweise hier:\r\nNULL\r\n\r\nAnalysesymbol: \r\nEs wird erneut nach einer Lösung gesucht: 0\r\nBerichts-ID: 185e24a9-c793-463c-a799-d91ae1d72ab0\r\nBerichtstatus: 268697600\r\nBucket mit Hash: \r\nCAB-Datei-Guid: 0\"",
          "version": "0",
          "systemTime": "2026-05-26T05:27:10.4825727Z",
          "eventRecordID": "24071",
          "threadID": "19208",
          "computer": "KSSabine.arzw.local",
          "task": "0",
          "processID": "4348",
          "severityValue": "INFORMATION",
          "providerName": "Windows Error Reporting"
        }
      }
    },
    "rule": {
      "firedtimes": 27,
      "mail": false,
      "level": 4,
      "description": "Summary event of the report's signatures.",
      "groups": [
        "windows",
        "windows_application"
      ],
      "id": "60608"
    },
    "location": "EventChannel",
    "decoder": {
      "name": "windows_eventchannel"
    },
    "id": "1779773230.9035235",
    "timestamp": "2026-05-26T05:27:10.612+0000"
  },
  {
    "input": {
      "type": "log"
    },
    "agent": {
      "ip": "172.21.5.3",
      "name": "KSSabine",
      "id": "024"
    },
    "manager": {
      "name": "wazuh.manager"
    },
    "data": {
      "win": {
        "eventdata": {
          "p1": "setup.exe",
          "p2": "148.0.3967.83",
          "rechecking": "0",
          "p3": "EdgeInstallerError|msedge",
          "attachedFiles": "  \\\\\\\\?\\\\C:\\\\Windows\\\\SystemTemp\\\\msedge_installer.log  \\\\\\\\?\\\\C:\\\\ProgramData\\\\Microsoft\\\\Windows\\\\WER\\\\Temp\\\\WER.879a314c-0d12-4ab6-8110-a4a3ca878dc9.tmp.WERInternalMetadata.xml  \\\\\\\\?\\\\C:\\\\ProgramData\\\\Microsoft\\\\Windows\\\\WER\\\\Temp\\\\WER.4568f768-79bf-4bda-ad23-9737cd8dda71.tmp.csv  \\\\\\\\?\\\\C:\\\\ProgramData\\\\Microsoft\\\\Windows\\\\WER\\\\Temp\\\\WER.b62ea2cb-70dd-4c91-975a-f7b9a67b3759.tmp.txt  \\\\\\\\?\\\\C:\\\\ProgramData\\\\Microsoft\\\\Windows\\\\WER\\\\Temp\\\\WER.9eebace1-95c2-4afa-84cb-ef067c660bde.tmp.xml",
          "p4": "0x21f",
          "reportId": "185e24a9-c793-463c-a799-d91ae1d72ab0",
          "reportStatus": "268435456",
          "bucket": "1630463068271559944",
          "storePath": "\\\\\\\\?\\\\C:\\\\ProgramData\\\\Microsoft\\\\Windows\\\\WER\\\\ReportArchive\\\\NonCritical_setup.exe_5e4b5fb296d51d128f35d685376c2bafcdae4e3_00000000_185e24a9-c793-463c-a799-d91ae1d72ab0",
          "bucketType": "5",
          "hashedBucket": "3b15f9bb0336ffbaa6a09185a3b84508",
          "response": "Nicht verfügbar",
          "eventName": "crashpad_log",
          "cabGuid": "0",
          "cabId": "0"
        },
        "system": {
          "eventID": "1001",
          "keywords": "0x8000000000000000",
          "providerGuid": "{0ead09bd-2157-539a-8d6d-c87f95b64d70}",
          "level": "4",
          "channel": "Application",
          "opcode": "0",
          "message": "\"Fehlerbucket 1630463068271559944, Typ 5\r\nEreignisname: crashpad_log\r\nAntwort: Nicht verfügbar\r\nCAB-Datei-ID: 0\r\n\r\nProblemsignatur:\r\nP1: setup.exe\r\nP2: 148.0.3967.83\r\nP3: EdgeInstallerError|msedge\r\nP4: 0x21f\r\nP5: \r\nP6: \r\nP7: \r\nP8: \r\nP9: \r\nP10: \r\n\r\nAngefügte Dateien:\r\n\\\\?\\C:\\Windows\\SystemTemp\\msedge_installer.log\r\n\\\\?\\C:\\ProgramData\\Microsoft\\Windows\\WER\\Temp\\WER.879a314c-0d12-4ab6-8110-a4a3ca878dc9.tmp.WERInternalMetadata.xml\r\n\\\\?\\C:\\ProgramData\\Microsoft\\Windows\\WER\\Temp\\WER.4568f768-79bf-4bda-ad23-9737cd8dda71.tmp.csv\r\n\\\\?\\C:\\ProgramData\\Microsoft\\Windows\\WER\\Temp\\WER.b62ea2cb-70dd-4c91-975a-f7b9a67b3759.tmp.txt\r\n\\\\?\\C:\\ProgramData\\Microsoft\\Windows\\WER\\Temp\\WER.9eebace1-95c2-4afa-84cb-ef067c660bde.tmp.xml\r\n\r\nDiese Dateien befinden sich möglicherweise hier:\r\n\\\\?\\C:\\ProgramData\\Microsoft\\Windows\\WER\\ReportArchive\\NonCritical_setup.exe_5e4b5fb296d51d128f35d685376c2bafcdae4e3_00000000_185e24a9-c793-463c-a799-d91ae1d72ab0\r\n\r\nAnalysesymbol: \r\nEs wird erneut nach einer Lösung gesucht: 0\r\nBerichts-ID: 185e24a9-c793-463c-a799-d91ae1d72ab0\r\nBerichtstatus: 268435456\r\nBucket mit Hash: 3b15f9bb0336ffbaa6a09185a3b84508\r\nCAB-Datei-Guid: 0\"",
          "version": "0",
          "systemTime": "2026-05-26T05:27:10.4634290Z",
          "eventRecordID": "24070",
          "threadID": "3092",
          "computer": "KSSabine.arzw.local",
          "task": "0",
          "processID": "3480",
          "severityValue": "INFORMATION",
          "providerName": "Windows Error Reporting"
        }
      }
    },
    "rule": {
      "firedtimes": 26,
      "mail": false,
      "level": 4,
      "description": "Summary event of the report's signatures.",
      "groups": [
        "windows",
        "windows_application"
      ],
      "id": "60608"
    },
    "location": "EventChannel",
    "decoder": {
      "name": "windows_eventchannel"
    },
    "id": "1779773230.9029279",
    "timestamp": "2026-05-26T05:27:10.608+0000"
  },
  {
    "input": {
      "type": "log"
    },
    "agent": {
      "ip": "172.21.5.3",
      "name": "KSSabine",
      "id": "024"
    },
    "manager": {
      "name": "wazuh.manager"
    },
    "data": {
      "win": {
        "eventdata": {
          "data": "2126-05-02T05:26:41Z, RulesEngine"
        },
        "system": {
          "eventID": "16384",
          "eventSourceName": "Software Protection Platform Service",
          "keywords": "0x80000000000000",
          "providerGuid": "{E23B33B0-C8C9-472C-A5F9-F2BDFEA0F156}",
          "level": "4",
          "channel": "Application",
          "opcode": "0",
          "message": "\"Der Softwareschutzdienst wurde erfolgreich für den erneuten Start bei 2126-05-02T05:26:41Z geplant. Grund: RulesEngine.\"",
          "version": "0",
          "systemTime": "2026-05-26T05:26:41.9080812Z",
          "eventRecordID": "24069",
          "threadID": "0",
          "computer": "KSSabine.arzw.local",
          "task": "0",
          "processID": "4532",
          "severityValue": "INFORMATION",
          "providerName": "Microsoft-Windows-Security-SPP"
        }
      }
    },
    "rule": {
      "firedtimes": 63,
      "mail": false,
      "level": 3,
      "description": "Software protection service scheduled successfully.",
      "groups": [
        "windows",
        "windows_application"
      ],
      "id": "60642"
    },
    "location": "EventChannel",
    "decoder": {
      "name": "windows_eventchannel"
    },
    "id": "1779773201.8958564",
    "timestamp": "2026-05-26T05:26:41.297+0000"
  },
  {
    "input": {
      "type": "log"
    },
    "agent": {
      "ip": "172.21.5.3",
      "name": "KSSabine",
      "id": "024"
    },
    "manager": {
      "name": "wazuh.manager"
    },
    "data": {
      "win": {
        "eventdata": {
          "data": "2126-05-02T05:26:05Z, RulesEngine"
        },
        "system": {
          "eventID": "16384",
          "eventSourceName": "Software Protection Platform Service",
          "keywords": "0x80000000000000",
          "providerGuid": "{E23B33B0-C8C9-472C-A5F9-F2BDFEA0F156}",
          "level": "4",
          "channel": "Application",
          "opcode": "0",
          "message": "\"Der Softwareschutzdienst wurde erfolgreich für den erneuten Start bei 2126-05-02T05:26:05Z geplant. Grund: RulesEngine.\"",
          "version": "0",
          "systemTime": "2026-05-26T05:26:05.8504188Z",
          "eventRecordID": "24067",
          "threadID": "0",
          "computer": "KSSabine.arzw.local",
          "task": "0",
          "processID": "19272",
          "severityValue": "INFORMATION",
          "providerName": "Microsoft-Windows-Security-SPP"
        }
      }
    },
    "rule": {
      "firedtimes": 62,
      "mail": false,
      "level": 3,
      "description": "Software protection service scheduled successfully.",
      "groups": [
        "windows",
        "windows_application"
      ],
      "id": "60642"
    },
    "location": "EventChannel",
    "decoder": {
      "name": "windows_eventchannel"
    },
    "id": "1779773165.8949576",
    "timestamp": "2026-05-26T05:26:05.029+0000"
  },
  {
    "input": {
      "type": "log"
    },
    "agent": {
      "ip": "172.21.5.3",
      "name": "KSSabine",
      "id": "024"
    },
    "manager": {
      "name": "wazuh.manager"
    },
    "data": {
      "win": {
        "eventdata": {
          "param3": "Automatisch starten",
          "param4": "BITS",
          "param1": "Background Intelligent Transfer Service",
          "param2": "Manuell starten"
        },
        "system": {
          "eventID": "7040",
          "eventSourceName": "Service Control Manager",
          "keywords": "0x8080000000000000",
          "providerGuid": "{555908d1-a6d7-4695-8e1e-26931d2012f4}",
          "level": "4",
          "channel": "System",
          "opcode": "0",
          "message": "\"Der Starttyp des Diensts \"Background Intelligent Transfer Service\" wurde von Manuell starten in Automatisch starten geändert.\"",
          "version": "0",
          "systemTime": "2026-05-26T05:24:57.8495181Z",
          "eventRecordID": "25129",
          "threadID": "17016",
          "computer": "KSSabine.arzw.local",
          "task": "0",
          "processID": "1236",
          "severityValue": "INFORMATION",
          "providerName": "Service Control Manager"
        }
      }
    },
    "rule": {
      "firedtimes": 34,
      "mail": false,
      "level": 3,
      "pci_dss": [
        "10.6"
      ],
      "hipaa": [
        "164.312.b"
      ],
      "tsc": [
        "CC6.1",
        "CC6.8",
        "CC7.2",
        "CC7.3"
      ],
      "description": "Service startup type was changed",
      "groups": [
        "windows",
        "windows_system",
        "policy_changed"
      ],
      "id": "61104",
      "nist_800_53": [
        "AU.6"
      ],
      "info": "This does not appear to be logged on Windows 2000",
      "gdpr": [
        "IV_35.7.d"
      ]
    },
    "location": "EventChannel",
    "decoder": {
      "name": "windows_eventchannel"
    },
    "id": "1779773097.8899416",
    "timestamp": "2026-05-26T05:24:57.385+0000"
  },
  {
    "input": {
      "type": "log"
    },
    "agent": {
      "ip": "172.21.5.3",
      "name": "KSSabine",
      "id": "024"
    },
    "manager": {
      "name": "wazuh.manager"
    },
    "data": {
      "win": {
        "eventdata": {
          "data": "2126-05-02T05:23:59Z, RulesEngine"
        },
        "system": {
          "eventID": "16384",
          "eventSourceName": "Software Protection Platform Service",
          "keywords": "0x80000000000000",
          "providerGuid": "{E23B33B0-C8C9-472C-A5F9-F2BDFEA0F156}",
          "level": "4",
          "channel": "Application",
          "opcode": "0",
          "message": "\"Der Softwareschutzdienst wurde erfolgreich für den erneuten Start bei 2126-05-02T05:23:59Z geplant. Grund: RulesEngine.\"",
          "version": "0",
          "systemTime": "2026-05-26T05:23:59.9929931Z",
          "eventRecordID": "24065",
          "threadID": "0",
          "computer": "KSSabine.arzw.local",
          "task": "0",
          "processID": "2632",
          "severityValue": "INFORMATION",
          "providerName": "Microsoft-Windows-Security-SPP"
        }
      }
    },
    "rule": {
      "firedtimes": 55,
      "mail": false,
      "level": 3,
      "description": "Software protection service scheduled successfully.",
      "groups": [
        "windows",
        "windows_application"
      ],
      "id": "60642"
    },
    "location": "EventChannel",
    "decoder": {
      "name": "windows_eventchannel"
    },
    "id": "1779773038.8855013",
    "timestamp": "2026-05-26T05:23:58.450+0000"
  },
  {
    "input": {
      "type": "log"
    },
    "agent": {
      "ip": "172.21.5.3",
      "name": "KSSabine",
      "id": "024"
    },
    "manager": {
      "name": "wazuh.manager"
    },
    "data": {
      "win": {
        "eventdata": {
          "bucketId": "70d8d4b41e5bce11a890c91f914e2d0e741e0fa1ca77d0a2ec2d9495d81362e4",
          "deviceAttributes": "BaseBoardManufacturer:Default string;FirmwareManufacturer:American Megatrends International, LLC.;FirmwareVersion:2.30;OEMModelNumber:XT12 Pro;OEMModelBaseBoard:XT12 Pro;OEMModelSystemFamily:XT** Pro Series;OEMManufacturerName:GEEKOM;OEMModelSKU:GEEKOM XT12 Pro;OSArchitecture:amd64;"
        },
        "system": {
          "eventID": "1801",
          "keywords": "0x8000000000000000",
          "providerGuid": "{7d5387b0-cbe0-11da-a94d-0800200c9a66}",
          "level": "2",
          "channel": "System",
          "opcode": "0",
          "message": "\"Secure Boot certificates have been updated but are not yet applied to the device firmware. Review the published guidance to complete the update and ensure full protection. This device signature information is included here.\r\nDeviceAttributes: BaseBoardManufacturer:Default string;FirmwareManufacturer:American Megatrends International, LLC.;FirmwareVersion:2.30;OEMModelNumber:XT12 Pro;OEMModelBaseBoard:XT12 Pro;OEMModelSystemFamily:XT** Pro Series;OEMManufacturerName:GEEKOM;OEMModelSKU:GEEKOM XT12 Pro;OSArchitecture:amd64;\r\nBucketId: 70d8d4b41e5bce11a890c91f914e2d0e741e0fa1ca77d0a2ec2d9495d81362e4\r\nBucketConfidenceLevel: \r\nUpdateType: \r\nFor more information, please see https://go.microsoft.com/fwlink/?linkid=2301018.\"",
          "version": "2",
          "systemTime": "2026-05-26T05:23:17.7690605Z",
          "eventRecordID": "25127",
          "threadID": "3948",
          "computer": "KSSabine.arzw.local",
          "task": "0",
          "processID": "17652",
          "severityValue": "ERROR",
          "providerName": "Microsoft-Windows-TPM-WMI"
        }
      }
    },
    "rule": {
      "firedtimes": 33,
      "mail": false,
      "level": 5,
      "description": "Windows System error event",
      "groups": [
        "windows",
        "windows_system",
        "system_error"
      ],
      "id": "61102",
      "gpg13": [
        "4.3"
      ],
      "gdpr": [
        "IV_35.7.d"
      ]
    },
    "location": "EventChannel",
    "decoder": {
      "name": "windows_eventchannel"
    },
    "id": "1779772997.8840761",
    "timestamp": "2026-05-26T05:23:17.132+0000"
  },
  {
    "input": {
      "type": "log"
    },
    "agent": {
      "ip": "172.21.5.3",
      "name": "KSSabine",
      "id": "024"
    },
    "manager": {
      "name": "wazuh.manager"
    },
    "data": {
      "win": {
        "eventdata": {
          "data": "2126-05-02T05:20:52Z, RulesEngine"
        },
        "system": {
          "eventID": "16384",
          "eventSourceName": "Software Protection Platform Service",
          "keywords": "0x80000000000000",
          "providerGuid": "{E23B33B0-C8C9-472C-A5F9-F2BDFEA0F156}",
          "level": "4",
          "channel": "Application",
          "opcode": "0",
          "message": "\"Der Softwareschutzdienst wurde erfolgreich für den erneuten Start bei 2126-05-02T05:20:52Z geplant. Grund: RulesEngine.\"",
          "version": "0",
          "systemTime": "2026-05-26T05:20:52.8283883Z",
          "eventRecordID": "24063",
          "threadID": "0",
          "computer": "KSSabine.arzw.local",
          "task": "0",
          "processID": "15292",
          "severityValue": "INFORMATION",
          "providerName": "Microsoft-Windows-Security-SPP"
        }
      }
    },
    "rule": {
      "firedtimes": 46,
      "mail": false,
      "level": 3,
      "description": "Software protection service scheduled successfully.",
      "groups": [
        "windows",
        "windows_application"
      ],
      "id": "60642"
    },
    "location": "EventChannel",
    "decoder": {
      "name": "windows_eventchannel"
    },
    "id": "1779772851.8780725",
    "timestamp": "2026-05-26T05:20:51.185+0000"
  },
