  {
    "input": {
      "type": "log"
    },
    "agent": {
      "ip": "172.21.5.132",
      "name": "MINI-PC-MINISFORUM",
      "id": "075"
    },
    "manager": {
      "name": "wazuh.manager"
    },
    "data": {
      "win": {
        "eventdata": {
          "data": "{5C37A7D7-68EE-423F-8A51-60B0D45040B5}, 142276"
        },
        "system": {
          "eventID": "1040",
          "keywords": "0x80000000000000",
          "level": "4",
          "channel": "Application",
          "opcode": "0",
          "message": "\"Eine Windows Installer-Transaktion wird gestartet: {5C37A7D7-68EE-423F-8A51-60B0D45040B5}. Clientprozess-ID: 142276.\"",
          "version": "0",
          "systemTime": "2026-05-25T12:27:35.7967172Z",
          "eventRecordID": "75694",
          "threadID": "0",
          "computer": "PROD-MINISFORUM.arzw.local",
          "task": "0",
          "processID": "138384",
          "severityValue": "INFORMATION",
          "providerName": "MsiInstaller"
        }
      }
    },
    "rule": {
      "firedtimes": 3,
      "mail": false,
      "level": 3,
      "description": "Windows installer began an installation process.",
      "groups": [
        "windows",
        "windows_application"
      ],
      "id": "60610"
    },
    "location": "EventChannel",
    "decoder": {
      "name": "windows_eventchannel"
    },
    "id": "1779712055.6977464",
    "timestamp": "2026-05-25T12:27:35.806+0000"
  },
  {
    "input": {
      "type": "log"
    },
    "agent": {
      "ip": "172.21.5.132",
      "name": "MINI-PC-MINISFORUM",
      "id": "075"
    },
    "manager": {
      "name": "wazuh.manager"
    },
    "data": {
      "win": {
        "eventdata": {
          "data": "Visual C++ Library CRT ARM64 Appx Package, 14.51.36243, 1033, 0, Microsoft Corporation",
          "binary": "7B34393745393743452D454131342D343936342D383744332D3033323245394635313044417D3030303037383933343632653036383762363336346531653335396236363438353231343030303030393034"
        },
        "system": {
          "eventID": "1034",
          "keywords": "0x80000000000000",
          "level": "4",
          "channel": "Application",
          "opcode": "0",
          "message": "\"Das Produkt wurde durch Windows Installer entfernt. Produktname: Visual C++ Library CRT ARM64 Appx Package. Produktversion: 14.51.36243. Produktsprache: 1033. Hersteller: Microsoft Corporation. Erfolg- bzw. Fehlerstatus der Deinstallation: 0.\"",
          "version": "0",
          "systemTime": "2026-05-25T12:27:35.6689005Z",
          "eventRecordID": "75692",
          "threadID": "0",
          "computer": "PROD-MINISFORUM.arzw.local",
          "task": "0",
          "processID": "138384",
          "severityValue": "INFORMATION",
          "providerName": "MsiInstaller"
        }
      }
    },
    "rule": {
      "firedtimes": 2,
      "mail": false,
      "level": 3,
      "description": "Application uninstalled Visual C++ Library CRT ARM64 Appx Package, 14.51.36243, 1033, 0, Microsoft Corporation.",
      "groups": [
        "windows",
        "windows_application"
      ],
      "id": "60611"
    },
    "location": "EventChannel",
    "decoder": {
      "name": "windows_eventchannel"
    },
    "id": "1779712055.6975317",
    "timestamp": "2026-05-25T12:27:35.694+0000"
  },
  {
    "input": {
      "type": "log"
    },
    "agent": {
      "ip": "172.21.5.132",
      "name": "MINI-PC-MINISFORUM",
      "id": "075"
    },
    "manager": {
      "name": "wazuh.manager"
    },
    "data": {
      "win": {
        "eventdata": {
          "data": "Product: Visual C++ Library CRT ARM64 Appx Package -- Removal completed successfully.",
          "binary": "7B34393745393743452D454131342D343936342D383744332D3033323245394635313044417D"
        },
        "system": {
          "eventID": "11724",
          "keywords": "0x80000000000000",
          "level": "4",
          "channel": "Application",
          "opcode": "0",
          "message": "\"Product: Visual C++ Library CRT ARM64 Appx Package -- Removal completed successfully.\"",
          "version": "0",
          "systemTime": "2026-05-25T12:27:35.6682691Z",
          "eventRecordID": "75691",
          "threadID": "0",
          "computer": "PROD-MINISFORUM.arzw.local",
          "task": "0",
          "processID": "138384",
          "severityValue": "INFORMATION",
          "providerName": "MsiInstaller"
        }
      }
    },
    "rule": {
      "firedtimes": 1,
      "mail": false,
      "level": 3,
      "description": "Application uninstalled Product: Visual C++ Library CRT ARM64 Appx Package -- Removal completed successfully..",
      "groups": [
        "windows",
        "windows_application"
      ],
      "id": "60611"
    },
    "location": "EventChannel",
    "decoder": {
      "name": "windows_eventchannel"
    },
    "id": "1779712055.6973661",
    "timestamp": "2026-05-25T12:27:35.678+0000"
  },
  {
    "input": {
      "type": "log"
    },
    "agent": {
      "ip": "172.21.5.132",
      "name": "MINI-PC-MINISFORUM",
      "id": "075"
    },
    "manager": {
      "name": "wazuh.manager"
    },
    "data": {
      "win": {
        "eventdata": {
          "data": "{497E97CE-EA14-4964-87D3-0322E9F510DA}, 142276"
        },
        "system": {
          "eventID": "1040",
          "keywords": "0x80000000000000",
          "level": "4",
          "channel": "Application",
          "opcode": "0",
          "message": "\"Eine Windows Installer-Transaktion wird gestartet: {497E97CE-EA14-4964-87D3-0322E9F510DA}. Clientprozess-ID: 142276.\"",
          "version": "0",
          "systemTime": "2026-05-25T12:27:35.3676226Z",
          "eventRecordID": "75690",
          "threadID": "0",
          "computer": "PROD-MINISFORUM.arzw.local",
          "task": "0",
          "processID": "138384",
          "severityValue": "INFORMATION",
          "providerName": "MsiInstaller"
        }
      }
    },
    "rule": {
      "firedtimes": 2,
      "mail": false,
      "level": 3,
      "description": "Windows installer began an installation process.",
      "groups": [
        "windows",
        "windows_application"
      ],
      "id": "60610"
    },
    "location": "EventChannel",
    "decoder": {
      "name": "windows_eventchannel"
    },
    "id": "1779712055.6972272",
    "timestamp": "2026-05-25T12:27:35.384+0000"
  },
  {
    "input": {
      "type": "log"
    },
    "agent": {
      "ip": "172.21.5.132",
      "name": "MINI-PC-MINISFORUM",
      "id": "075"
    },
    "manager": {
      "name": "wazuh.manager"
    },
    "data": {
      "win": {
        "eventdata": {
          "data": "Microsoft Visual Studio Setup Test MSI, 0.3.0, 1033, 0, Microsoft Corporation",
          "binary": "7B33453136384542352D444543452D343938452D384239422D3743424231433635384532437D3030303063366465383539656332323030643763656563396462326630623336623031393030303030393034"
        },
        "system": {
          "eventID": "1033",
          "keywords": "0x80000000000000",
          "level": "4",
          "channel": "Application",
          "opcode": "0",
          "message": "\"Das Produkt wurde durch Windows Installer installiert. Produktname: Microsoft Visual Studio Setup Test MSI. Produktversion: 0.3.0. Produktsprache: 1033. Hersteller: Microsoft Corporation. Erfolg- bzw. Fehlerstatus der Installation: 0.\"",
          "version": "0",
          "systemTime": "2026-05-25T12:27:30.2033205Z",
          "eventRecordID": "75673",
          "threadID": "0",
          "computer": "PROD-MINISFORUM.arzw.local",
          "task": "0",
          "processID": "138384",
          "severityValue": "INFORMATION",
          "providerName": "MsiInstaller"
        }
      }
    },
    "rule": {
      "firedtimes": 2,
      "mail": false,
      "level": 3,
      "description": "Application installed Microsoft Visual Studio Setup Test MSI, 0.3.0, 1033, 0, Microsoft Corporation.",
      "groups": [
        "windows",
        "windows_application"
      ],
      "id": "60612"
    },
    "location": "EventChannel",
    "decoder": {
      "name": "windows_eventchannel"
    },
    "id": "1779712050.6970170",
    "timestamp": "2026-05-25T12:27:30.233+0000"
  },
  {
    "input": {
      "type": "log"
    },
    "agent": {
      "ip": "172.21.5.132",
      "name": "MINI-PC-MINISFORUM",
      "id": "075"
    },
    "manager": {
      "name": "wazuh.manager"
    },
    "data": {
      "win": {
        "eventdata": {
          "data": "Product: Microsoft Visual Studio Setup Test MSI -- Installation completed successfully.",
          "binary": "7B33453136384542352D444543452D343938452D384239422D3743424231433635384532437D"
        },
        "system": {
          "eventID": "11707",
          "keywords": "0x80000000000000",
          "level": "4",
          "channel": "Application",
          "opcode": "0",
          "message": "\"Product: Microsoft Visual Studio Setup Test MSI -- Installation completed successfully.\"",
          "version": "0",
          "systemTime": "2026-05-25T12:27:30.2029420Z",
          "eventRecordID": "75672",
          "threadID": "0",
          "computer": "PROD-MINISFORUM.arzw.local",
          "task": "0",
          "processID": "138384",
          "severityValue": "INFORMATION",
          "providerName": "MsiInstaller"
        }
      }
    },
    "rule": {
      "firedtimes": 1,
      "mail": false,
      "level": 3,
      "description": "Application installed Product: Microsoft Visual Studio Setup Test MSI -- Installation completed successfully..",
      "groups": [
        "windows",
        "windows_application"
      ],
      "id": "60612"
    },
    "location": "EventChannel",
    "decoder": {
      "name": "windows_eventchannel"
    },
    "id": "1779712050.6968506",
    "timestamp": "2026-05-25T12:27:30.217+0000"
  },
  {
    "input": {
      "type": "log"
    },
    "agent": {
      "ip": "172.21.5.132",
      "name": "MINI-PC-MINISFORUM",
      "id": "075"
    },
    "manager": {
      "name": "wazuh.manager"
    },
    "data": {
      "win": {
        "eventdata": {
          "data": "C:\\\\Program Files (x86)\\\\Microsoft Visual Studio\\\\Installer\\\\PrecheckTools\\\\Microsoft.VisualStudio.Setup.TestMsi.msi, 142276"
        },
        "system": {
          "eventID": "1040",
          "keywords": "0x80000000000000",
          "level": "4",
          "channel": "Application",
          "opcode": "0",
          "message": "\"Eine Windows Installer-Transaktion wird gestartet: C:\\Program Files (x86)\\Microsoft Visual Studio\\Installer\\PrecheckTools\\Microsoft.VisualStudio.Setup.TestMsi.msi. Clientprozess-ID: 142276.\"",
          "version": "0",
          "systemTime": "2026-05-25T12:27:29.7578878Z",
          "eventRecordID": "75671",
          "threadID": "0",
          "computer": "PROD-MINISFORUM.arzw.local",
          "task": "0",
          "processID": "138384",
          "severityValue": "INFORMATION",
          "providerName": "MsiInstaller"
        }
      }
    },
    "rule": {
      "firedtimes": 1,
      "mail": false,
      "level": 3,
      "description": "Windows installer began an installation process.",
      "groups": [
        "windows",
        "windows_application"
      ],
      "id": "60610"
    },
    "location": "EventChannel",
    "decoder": {
      "name": "windows_eventchannel"
    },
    "id": "1779712049.6966800",
    "timestamp": "2026-05-25T12:27:29.773+0000"
  },
  {
    "input": {
      "type": "log"
    },
    "agent": {
      "ip": "172.21.5.132",
      "name": "MINI-PC-MINISFORUM",
      "id": "075"
    },
    "manager": {
      "name": "wazuh.manager"
    },
    "data": {
      "win": {
        "eventdata": {
          "targetLogonId": "0x8b984a74",
          "targetUserName": "m.danz",
          "targetDomainName": "ARZW",
          "targetUserSid": "S-1-5-21-228770904-35461013-1130905197-2729",
          "logonType": "7"
        },
        "system": {
          "eventID": "4634",
          "keywords": "0x8020000000000000",
          "providerGuid": "{54849625-5478-4994-a5ba-3e3b0328c30d}",
          "level": "0",
          "channel": "Security",
          "opcode": "0",
          "message": "\"Ein Konto wurde abgemeldet.\r\n\r\nAntragsteller:\r\n\tSicherheits-ID:\t\tS-1-5-21-228770904-35461013-1130905197-2729\r\n\tKontoname:\t\tm.danz\r\n\tKontodomäne:\t\tARZW\r\n\tAnmelde-ID:\t\t0x8B984A74\r\n\r\nAnmeldetyp:\t\t\t7\r\n\r\nDieses Ereignis wird generiert, wenn eine Anmeldesitzung zerstört wird. Es kann anhand des Wertes der Anmelde-ID positiv mit einem Anmeldeereignis korreliert werden. Anmelde-IDs sind nur zwischen Neustarts auf demselben Computer eindeutig.\"",
          "version": "0",
          "systemTime": "2026-05-25T12:26:52.3009160Z",
          "eventRecordID": "1723478",
          "threadID": "135588",
          "computer": "PROD-MINISFORUM.arzw.local",
          "task": "12545",
          "processID": "1836",
          "severityValue": "AUDIT_SUCCESS",
          "providerName": "Microsoft-Windows-Security-Auditing"
        }
      }
    },
    "rule": {
      "firedtimes": 4,
      "mail": false,
      "level": 3,
      "description": "Non service account logged off.",
      "groups": [
        "windows",
        " WEF"
      ],
      "id": "67023"
    },
    "location": "EventChannel",
    "decoder": {
      "name": "windows_eventchannel"
    },
    "id": "1779712013.6964325",
    "timestamp": "2026-05-25T12:26:53.494+0000"
  },
  {
    "input": {
      "type": "log"
    },
    "agent": {
      "ip": "172.21.5.132",
      "name": "MINI-PC-MINISFORUM",
      "id": "075"
    },
    "manager": {
      "name": "wazuh.manager"
    },
    "data": {
      "win": {
        "eventdata": {
          "targetLogonId": "0x8b9875ef",
          "targetUserName": "m.danz",
          "targetDomainName": "ARZW",
          "targetUserSid": "S-1-5-21-228770904-35461013-1130905197-2729",
          "logonType": "7"
        },
        "system": {
          "eventID": "4634",
          "keywords": "0x8020000000000000",
          "providerGuid": "{54849625-5478-4994-a5ba-3e3b0328c30d}",
          "level": "0",
          "channel": "Security",
          "opcode": "0",
          "message": "\"Ein Konto wurde abgemeldet.\r\n\r\nAntragsteller:\r\n\tSicherheits-ID:\t\tS-1-5-21-228770904-35461013-1130905197-2729\r\n\tKontoname:\t\tm.danz\r\n\tKontodomäne:\t\tARZW\r\n\tAnmelde-ID:\t\t0x8B9875EF\r\n\r\nAnmeldetyp:\t\t\t7\r\n\r\nDieses Ereignis wird generiert, wenn eine Anmeldesitzung zerstört wird. Es kann anhand des Wertes der Anmelde-ID positiv mit einem Anmeldeereignis korreliert werden. Anmelde-IDs sind nur zwischen Neustarts auf demselben Computer eindeutig.\"",
          "version": "0",
          "systemTime": "2026-05-25T12:26:52.2909552Z",
          "eventRecordID": "1723477",
          "threadID": "124600",
          "computer": "PROD-MINISFORUM.arzw.local",
          "task": "12545",
          "processID": "1836",
          "severityValue": "AUDIT_SUCCESS",
          "providerName": "Microsoft-Windows-Security-Auditing"
        }
      }
    },
    "rule": {
      "firedtimes": 3,
      "mail": false,
      "level": 3,
      "description": "Non service account logged off.",
      "groups": [
        "windows",
        " WEF"
      ],
      "id": "67023"
    },
    "location": "EventChannel",
    "decoder": {
      "name": "windows_eventchannel"
    },
    "id": "1779712013.6961850",
    "timestamp": "2026-05-25T12:26:53.479+0000"
  },
  {
    "input": {
      "type": "log"
    },
    "agent": {
      "ip": "172.21.5.132",
      "name": "MINI-PC-MINISFORUM",
      "id": "075"
    },
    "manager": {
      "name": "wazuh.manager"
    },
    "data": {
      "win": {
        "eventdata": {
          "subjectLogonId": "0x8b984a74",
          "subjectUserSid": "S-1-5-21-228770904-35461013-1130905197-2729",
          "subjectDomainName": "ARZW",
          "privilegeList": "SeSecurityPrivilege     SeTakeOwnershipPrivilege     SeLoadDriverPrivilege     SeBackupPrivilege     SeRestorePrivilege     SeDebugPrivilege     SeSystemEnvironmentPrivilege     SeImpersonatePrivilege     SeDelegateSessionUserImpersonatePrivilege",
          "subjectUserName": "m.danz"
        },
        "system": {
          "eventID": "4672",
          "keywords": "0x8020000000000000",
          "providerGuid": "{54849625-5478-4994-a5ba-3e3b0328c30d}",
          "level": "0",
          "channel": "Security",
          "opcode": "0",
          "message": "\"Einer neuen Anmeldung wurden besondere Rechte zugewiesen.\r\n\r\nAntragsteller:\r\n\tSicherheits-ID:\t\tS-1-5-21-228770904-35461013-1130905197-2729\r\n\tKontoname:\t\tm.danz\r\n\tKontodomäne:\t\tARZW\r\n\tAnmelde-ID:\t\t0x8B984A74\r\n\r\nBerechtigungen:\t\tSeSecurityPrivilege\r\n\t\t\tSeTakeOwnershipPrivilege\r\n\t\t\tSeLoadDriverPrivilege\r\n\t\t\tSeBackupPrivilege\r\n\t\t\tSeRestorePrivilege\r\n\t\t\tSeDebugPrivilege\r\n\t\t\tSeSystemEnvironmentPrivilege\r\n\t\t\tSeImpersonatePrivilege\r\n\t\t\tSeDelegateSessionUserImpersonatePrivilege\"",
          "version": "0",
          "systemTime": "2026-05-25T12:26:52.2907469Z",
          "eventRecordID": "1723476",
          "threadID": "136292",
          "computer": "PROD-MINISFORUM.arzw.local",
          "task": "12548",
          "processID": "1836",
          "severityValue": "AUDIT_SUCCESS",
          "providerName": "Microsoft-Windows-Security-Auditing"
        }
      }
    },
    "rule": {
      "firedtimes": 3,
      "mail": false,
      "level": 3,
      "description": "Special privileges assigned to new logon.",
      "groups": [
        "windows",
        " WEF"
      ],
      "mitre": {
        "technique": [
          "Domain Policy Modification"
        ],
        "id": [
          "T1484"
        ],
        "tactic": [
          "Defense Evasion",
          "Privilege Escalation"
        ]
      },
      "id": "67028"
    },
    "location": "EventChannel",
    "decoder": {
      "name": "windows_eventchannel"
    },
    "id": "1779712013.6958756",
    "timestamp": "2026-05-25T12:26:53.463+0000"
  },
  {
    "input": {
      "type": "log"
    },
    "agent": {
      "ip": "172.21.5.132",
      "name": "MINI-PC-MINISFORUM",
      "id": "075"
    },
    "manager": {
      "name": "wazuh.manager"
    },
    "data": {
      "win": {
        "eventdata": {
          "subjectLogonId": "0x3e7",
          "subjectDomainName": "ARZW",
          "targetLinkedLogonId": "0x8b984a74",
          "impersonationLevel": "%%1833",
          "authenticationPackageName": "Negotiate",
          "workstationName": "PROD-MINISFORUM",
          "targetLogonId": "0x8b9875ef",
          "logonProcessName": "Negotiat",
          "logonGuid": "{00000000-0000-0000-0000-000000000000}",
          "targetUserName": "m.danz",
          "keyLength": "0",
          "elevatedToken": "%%1843",
          "subjectUserSid": "S-1-5-18",
          "processId": "0x72c",
          "processName": "C:\\\\Windows\\\\System32\\\\lsass.exe",
          "targetDomainName": "ARZW",
          "targetUserSid": "S-1-5-21-228770904-35461013-1130905197-2729",
          "virtualAccount": "%%1843",
          "logonType": "7",
          "subjectUserName": "PROD-MINISFORUM$"
        },
        "system": {
          "eventID": "4624",
          "keywords": "0x8020000000000000",
          "providerGuid": "{54849625-5478-4994-a5ba-3e3b0328c30d}",
          "level": "0",
          "channel": "Security",
          "opcode": "0",
          "message": "\"Ein Konto wurde erfolgreich angemeldet.\r\n\r\nAntragsteller:\r\n\tSicherheits-ID:\t\tS-1-5-18\r\n\tKontoname:\t\tPROD-MINISFORUM$\r\n\tKontodomäne:\t\tARZW\r\n\tAnmelde-ID:\t\t0x3E7\r\n\r\nAnmeldeinformationen:\r\n\tAnmeldetyp:\t\t7\r\n\tEingeschränkter Administratormodus:\t-\r\n\tRemote Credential Guard:\t-\r\n\tVirtuelles Konto:\t\tNein\r\n\tToken mit erhöhten Rechten:\t\tNein\r\n\r\nIdentitätswechselebene:\t\tIdentitätswechsel\r\n\r\nNeue Anmeldung:\r\n\tSicherheits-ID:\t\tS-1-5-21-228770904-35461013-1130905197-2729\r\n\tKontoname:\t\tm.danz\r\n\tKontodomäne:\t\tARZW\r\n\tAnmelde-ID:\t\t0x8B9875EF\r\n\tVerknüpfte Anmelde-ID:\t\t0x8B984A74\r\n\tNetzwerk-Kontoname:\t-\r\n\tNetzwerk-Kontodomäne:\t-\r\n\tAnmelde-GUID:\t\t{00000000-0000-0000-0000-000000000000}\r\n\r\nProzessinformationen:\r\n\tProzess-ID:\t\t0x72c\r\n\tProzessname:\t\tC:\\Windows\\System32\\lsass.exe\r\n\r\nNetzwerkinformationen:\r\n\tArbeitsstationsname:\tPROD-MINISFORUM\r\n\tQuellnetzwerkadresse:\t-\r\n\tQuellport:\t\t-\r\n\r\nDetaillierte Authentifizierungsinformationen:\r\n\tAnmeldeprozess:\t\tNegotiat\r\n\tAuthentifizierungspaket:\tNegotiate\r\n\tÜbertragene Dienste:\t-\r\n\tPaketname (nur NTLM):\t-\r\n\tSchlüssellänge:\t\t0\r\n\r\nDieses Ereignis wird beim Erstellen einer Anmeldesitzung generiert. Es wird auf dem Computer generiert, auf den zugegriffen wurde.\r\n\r\nDie Antragstellerfelder geben das Konto auf dem lokalen System an, von dem die Anmeldung angefordert wurde. Dies ist meistens ein Dienst wie der Serverdienst oder ein lokaler Prozess wie Winlogon.exe oder Services.exe.\r\n\r\nDas Anmeldetypfeld gibt den jeweiligen Anmeldetyp an. Die häufigsten Typen sind 2 (interaktiv) und 3 (Netzwerk).\r\n\r\nDie Felder für die neue Anmeldung geben das Konto an, für das die neue Anmeldung erstellt wurde, d. h. das angemeldete Konto.\r\n\r\nDie Netzwerkfelder geben den Ursprung einer Remoteanmeldeanforderung an. Der Arbeitsstationsname ist nicht immer verfügbar und kann in manchen Fällen leer bleiben.\r\n\r\nDas Feld für die Identitätswechselebene gibt an, in welchem Umfang ein Prozess in der Anmeldesitzung einen Identitätswechsel vornehmen kann.\r\n\r\nDie Felder für die Authentifizierungsinformationen enthalten detaillierte Informationen zu dieser spezifische Anmeldeanforderung.\r\n\t– Die Anmelde-GUID ist ein eindeutiger Bezeichner, der verwendet werden kann, um dieses Ereignis mit einem KDC-Ereignis zu korrelieren.\r\n\t– Die übertragenen Dienste geben an, welche Zwischendienste an der Anmeldeanforderung beteiligt waren.\r\n\t– Der Paketname gibt das in den NTLM-Protokollen verwendete Unterprotokoll an.\r\n\t– Die Schlüssellänge gibt die Länge des generierten Sitzungsschlüssels an. Wenn kein Sitzungsschlüssel angefordert wurde, ist dieser Wert 0.\"",
          "version": "3",
          "systemTime": "2026-05-25T12:26:52.2907417Z",
          "eventRecordID": "1723475",
          "threadID": "136292",
          "computer": "PROD-MINISFORUM.arzw.local",
          "task": "12544",
          "processID": "1836",
          "severityValue": "AUDIT_SUCCESS",
          "providerName": "Microsoft-Windows-Security-Auditing"
        }
      }
    },
    "rule": {
      "firedtimes": 2,
      "mail": false,
      "level": 3,
      "description": "Non network or service local logon.",
      "groups": [
        "windows",
        " WEF"
      ],
      "id": "67022"
    },
    "location": "EventChannel",
    "decoder": {
      "name": "windows_eventchannel"
    },
    "id": "1779712013.6950664",
    "timestamp": "2026-05-25T12:26:53.448+0000"
  },
  {
    "input": {
      "type": "log"
    },
    "agent": {
      "ip": "172.21.5.132",
      "name": "MINI-PC-MINISFORUM",
      "id": "075"
    },
    "manager": {
      "name": "wazuh.manager"
    },
    "data": {
      "win": {
        "eventdata": {
          "subjectLogonId": "0x3e7",
          "subjectDomainName": "ARZW",
          "targetLinkedLogonId": "0x8b9875ef",
          "impersonationLevel": "%%1833",
          "authenticationPackageName": "Negotiate",
          "workstationName": "PROD-MINISFORUM",
          "targetLogonId": "0x8b984a74",
          "logonProcessName": "Negotiat",
          "logonGuid": "{b6683b71-96ef-29b5-a038-a81c36405a20}",
          "targetUserName": "m.danz",
          "keyLength": "0",
          "elevatedToken": "%%1842",
          "subjectUserSid": "S-1-5-18",
          "processId": "0x72c",
          "processName": "C:\\\\Windows\\\\System32\\\\lsass.exe",
          "targetDomainName": "ARZW",
          "targetUserSid": "S-1-5-21-228770904-35461013-1130905197-2729",
          "virtualAccount": "%%1843",
          "logonType": "7",
          "subjectUserName": "PROD-MINISFORUM$"
        },
        "system": {
          "eventID": "4624",
          "keywords": "0x8020000000000000",
          "providerGuid": "{54849625-5478-4994-a5ba-3e3b0328c30d}",
          "level": "0",
          "channel": "Security",
          "opcode": "0",
          "message": "\"Ein Konto wurde erfolgreich angemeldet.\r\n\r\nAntragsteller:\r\n\tSicherheits-ID:\t\tS-1-5-18\r\n\tKontoname:\t\tPROD-MINISFORUM$\r\n\tKontodomäne:\t\tARZW\r\n\tAnmelde-ID:\t\t0x3E7\r\n\r\nAnmeldeinformationen:\r\n\tAnmeldetyp:\t\t7\r\n\tEingeschränkter Administratormodus:\t-\r\n\tRemote Credential Guard:\t-\r\n\tVirtuelles Konto:\t\tNein\r\n\tToken mit erhöhten Rechten:\t\tJa\r\n\r\nIdentitätswechselebene:\t\tIdentitätswechsel\r\n\r\nNeue Anmeldung:\r\n\tSicherheits-ID:\t\tS-1-5-21-228770904-35461013-1130905197-2729\r\n\tKontoname:\t\tm.danz\r\n\tKontodomäne:\t\tARZW\r\n\tAnmelde-ID:\t\t0x8B984A74\r\n\tVerknüpfte Anmelde-ID:\t\t0x8B9875EF\r\n\tNetzwerk-Kontoname:\t-\r\n\tNetzwerk-Kontodomäne:\t-\r\n\tAnmelde-GUID:\t\t{b6683b71-96ef-29b5-a038-a81c36405a20}\r\n\r\nProzessinformationen:\r\n\tProzess-ID:\t\t0x72c\r\n\tProzessname:\t\tC:\\Windows\\System32\\lsass.exe\r\n\r\nNetzwerkinformationen:\r\n\tArbeitsstationsname:\tPROD-MINISFORUM\r\n\tQuellnetzwerkadresse:\t-\r\n\tQuellport:\t\t-\r\n\r\nDetaillierte Authentifizierungsinformationen:\r\n\tAnmeldeprozess:\t\tNegotiat\r\n\tAuthentifizierungspaket:\tNegotiate\r\n\tÜbertragene Dienste:\t-\r\n\tPaketname (nur NTLM):\t-\r\n\tSchlüssellänge:\t\t0\r\n\r\nDieses Ereignis wird beim Erstellen einer Anmeldesitzung generiert. Es wird auf dem Computer generiert, auf den zugegriffen wurde.\r\n\r\nDie Antragstellerfelder geben das Konto auf dem lokalen System an, von dem die Anmeldung angefordert wurde. Dies ist meistens ein Dienst wie der Serverdienst oder ein lokaler Prozess wie Winlogon.exe oder Services.exe.\r\n\r\nDas Anmeldetypfeld gibt den jeweiligen Anmeldetyp an. Die häufigsten Typen sind 2 (interaktiv) und 3 (Netzwerk).\r\n\r\nDie Felder für die neue Anmeldung geben das Konto an, für das die neue Anmeldung erstellt wurde, d. h. das angemeldete Konto.\r\n\r\nDie Netzwerkfelder geben den Ursprung einer Remoteanmeldeanforderung an. Der Arbeitsstationsname ist nicht immer verfügbar und kann in manchen Fällen leer bleiben.\r\n\r\nDas Feld für die Identitätswechselebene gibt an, in welchem Umfang ein Prozess in der Anmeldesitzung einen Identitätswechsel vornehmen kann.\r\n\r\nDie Felder für die Authentifizierungsinformationen enthalten detaillierte Informationen zu dieser spezifische Anmeldeanforderung.\r\n\t– Die Anmelde-GUID ist ein eindeutiger Bezeichner, der verwendet werden kann, um dieses Ereignis mit einem KDC-Ereignis zu korrelieren.\r\n\t– Die übertragenen Dienste geben an, welche Zwischendienste an der Anmeldeanforderung beteiligt waren.\r\n\t– Der Paketname gibt das in den NTLM-Protokollen verwendete Unterprotokoll an.\r\n\t– Die Schlüssellänge gibt die Länge des generierten Sitzungsschlüssels an. Wenn kein Sitzungsschlüssel angefordert wurde, ist dieser Wert 0.\"",
          "version": "3",
          "systemTime": "2026-05-25T12:26:52.2907327Z",
          "eventRecordID": "1723474",
          "threadID": "136292",
          "computer": "PROD-MINISFORUM.arzw.local",
          "task": "12544",
          "processID": "1836",
          "severityValue": "AUDIT_SUCCESS",
          "providerName": "Microsoft-Windows-Security-Auditing"
        }
      }
    },
    "rule": {
      "firedtimes": 1,
      "mail": false,
      "level": 3,
      "description": "Non network or service local logon.",
      "groups": [
        "windows",
        " WEF"
      ],
      "id": "67022"
    },
    "location": "EventChannel",
    "decoder": {
      "name": "windows_eventchannel"
    },
    "id": "1779712013.6942576",
    "timestamp": "2026-05-25T12:26:53.432+0000"
  },
  {
    "input": {
      "type": "log"
    },
    "agent": {
      "ip": "172.21.5.132",
      "name": "MINI-PC-MINISFORUM",
      "id": "075"
    },
    "manager": {
      "name": "wazuh.manager"
    },
    "data": {
      "win": {
        "eventdata": {
          "targetLogonId": "0x8b9848ef",
          "targetUserName": "m.danz",
          "targetDomainName": "ARZW",
          "targetUserSid": "S-1-5-21-228770904-35461013-1130905197-2729",
          "logonType": "7"
        },
        "system": {
          "eventID": "4634",
          "keywords": "0x8020000000000000",
          "providerGuid": "{54849625-5478-4994-a5ba-3e3b0328c30d}",
          "level": "0",
          "channel": "Security",
          "opcode": "0",
          "message": "\"Ein Konto wurde abgemeldet.\r\n\r\nAntragsteller:\r\n\tSicherheits-ID:\t\tS-1-5-21-228770904-35461013-1130905197-2729\r\n\tKontoname:\t\tm.danz\r\n\tKontodomäne:\t\tARZW\r\n\tAnmelde-ID:\t\t0x8B9848EF\r\n\r\nAnmeldetyp:\t\t\t7\r\n\r\nDieses Ereignis wird generiert, wenn eine Anmeldesitzung zerstört wird. Es kann anhand des Wertes der Anmelde-ID positiv mit einem Anmeldeereignis korreliert werden. Anmelde-IDs sind nur zwischen Neustarts auf demselben Computer eindeutig.\"",
          "version": "0",
          "systemTime": "2026-05-25T12:26:52.0686095Z",
          "eventRecordID": "1723470",
          "threadID": "135588",
          "computer": "PROD-MINISFORUM.arzw.local",
          "task": "12545",
          "processID": "1836",
          "severityValue": "AUDIT_SUCCESS",
          "providerName": "Microsoft-Windows-Security-Auditing"
        }
      }
    },
    "rule": {
      "firedtimes": 1,
      "mail": false,
      "level": 3,
      "description": "Non service account logged off.",
      "groups": [
        "windows",
        " WEF"
      ],
      "id": "67023"
    },
    "location": "EventChannel",
    "decoder": {
      "name": "windows_eventchannel"
    },
    "id": "1779712012.6937630",
    "timestamp": "2026-05-25T12:26:52.354+0000"
  },
  {
    "input": {
      "type": "log"
    },
    "agent": {
      "ip": "172.21.5.132",
      "name": "MINI-PC-MINISFORUM",
      "id": "075"
    },
    "manager": {
      "name": "wazuh.manager"
    },
    "data": {
      "win": {
        "eventdata": {
          "targetLogonId": "0x8b984938",
          "targetUserName": "m.danz",
          "targetDomainName": "ARZW",
          "targetUserSid": "S-1-5-21-228770904-35461013-1130905197-2729",
          "logonType": "7"
        },
        "system": {
          "eventID": "4634",
          "keywords": "0x8020000000000000",
          "providerGuid": "{54849625-5478-4994-a5ba-3e3b0328c30d}",
          "level": "0",
          "channel": "Security",
          "opcode": "0",
          "message": "\"Ein Konto wurde abgemeldet.\r\n\r\nAntragsteller:\r\n\tSicherheits-ID:\t\tS-1-5-21-228770904-35461013-1130905197-2729\r\n\tKontoname:\t\tm.danz\r\n\tKontodomäne:\t\tARZW\r\n\tAnmelde-ID:\t\t0x8B984938\r\n\r\nAnmeldetyp:\t\t\t7\r\n\r\nDieses Ereignis wird generiert, wenn eine Anmeldesitzung zerstört wird. Es kann anhand des Wertes der Anmelde-ID positiv mit einem Anmeldeereignis korreliert werden. Anmelde-IDs sind nur zwischen Neustarts auf demselben Computer eindeutig.\"",
          "version": "0",
          "systemTime": "2026-05-25T12:26:52.0683855Z",
          "eventRecordID": "1723469",
          "threadID": "1872",
          "computer": "PROD-MINISFORUM.arzw.local",
          "task": "12545",
          "processID": "1836",
          "severityValue": "AUDIT_SUCCESS",
          "providerName": "Microsoft-Windows-Security-Auditing"
        }
      }
    },
    "rule": {
      "firedtimes": 2,
      "mail": false,
      "level": 3,
      "description": "Non service account logged off.",
      "groups": [
        "windows",
        " WEF"
      ],
      "id": "67023"
    },
    "location": "EventChannel",
    "decoder": {
      "name": "windows_eventchannel"
    },
    "id": "1779712012.6940105",
    "timestamp": "2026-05-25T12:26:52.354+0000"
  },
  {
    "input": {
      "type": "log"
    },
    "agent": {
      "ip": "172.21.5.132",
      "name": "MINI-PC-MINISFORUM",
      "id": "075"
    },
    "manager": {
      "name": "wazuh.manager"
    },
    "data": {
      "win": {
        "eventdata": {
          "subjectLogonId": "0x8b9848ef",
          "subjectUserSid": "S-1-5-21-228770904-35461013-1130905197-2729",
          "subjectDomainName": "ARZW",
          "privilegeList": "SeSecurityPrivilege     SeTakeOwnershipPrivilege     SeLoadDriverPrivilege     SeBackupPrivilege     SeRestorePrivilege     SeDebugPrivilege     SeSystemEnvironmentPrivilege     SeImpersonatePrivilege     SeDelegateSessionUserImpersonatePrivilege",
          "subjectUserName": "m.danz"
        },
        "system": {
          "eventID": "4672",
          "keywords": "0x8020000000000000",
          "providerGuid": "{54849625-5478-4994-a5ba-3e3b0328c30d}",
          "level": "0",
          "channel": "Security",
          "opcode": "0",
          "message": "\"Einer neuen Anmeldung wurden besondere Rechte zugewiesen.\r\n\r\nAntragsteller:\r\n\tSicherheits-ID:\t\tS-1-5-21-228770904-35461013-1130905197-2729\r\n\tKontoname:\t\tm.danz\r\n\tKontodomäne:\t\tARZW\r\n\tAnmelde-ID:\t\t0x8B9848EF\r\n\r\nBerechtigungen:\t\tSeSecurityPrivilege\r\n\t\t\tSeTakeOwnershipPrivilege\r\n\t\t\tSeLoadDriverPrivilege\r\n\t\t\tSeBackupPrivilege\r\n\t\t\tSeRestorePrivilege\r\n\t\t\tSeDebugPrivilege\r\n\t\t\tSeSystemEnvironmentPrivilege\r\n\t\t\tSeImpersonatePrivilege\r\n\t\t\tSeDelegateSessionUserImpersonatePrivilege\"",
          "version": "0",
          "systemTime": "2026-05-25T12:26:52.0672289Z",
          "eventRecordID": "1723468",
          "threadID": "1872",
          "computer": "PROD-MINISFORUM.arzw.local",
          "task": "12548",
          "processID": "1836",
          "severityValue": "AUDIT_SUCCESS",
          "providerName": "Microsoft-Windows-Security-Auditing"
        }
      }
    },
    "rule": {
      "firedtimes": 2,
      "mail": false,
      "level": 3,
      "description": "Special privileges assigned to new logon.",
      "groups": [
        "windows",
        " WEF"
      ],
      "mitre": {
        "technique": [
          "Domain Policy Modification"
        ],
        "id": [
          "T1484"
        ],
        "tactic": [
          "Defense Evasion",
          "Privilege Escalation"
        ]
      },
      "id": "67028"
    },
    "location": "EventChannel",
    "decoder": {
      "name": "windows_eventchannel"
    },
    "id": "1779712012.6934540",
    "timestamp": "2026-05-25T12:26:52.323+0000"
  },
  {
    "input": {
      "type": "log"
    },
    "agent": {
      "ip": "172.21.5.132",
      "name": "MINI-PC-MINISFORUM",
      "id": "075"
    },
    "manager": {
      "name": "wazuh.manager"
    },
    "data": {
      "win": {
        "eventdata": {
          "subjectLogonId": "0x0",
          "targetLinkedLogonId": "0x0",
          "impersonationLevel": "%%1833",
          "ipAddress": "172.21.5.86",
          "authenticationPackageName": "NTLM",
          "workstationName": "SWE_2025_001",
          "lmPackageName": "NTLM V2",
          "targetLogonId": "0x8b96ff9f",
          "logonProcessName": "NtLmSsp",
          "logonGuid": "{00000000-0000-0000-0000-000000000000}",
          "targetUserName": "m.danz",
          "keyLength": "128",
          "elevatedToken": "%%1842",
          "subjectUserSid": "S-1-0-0",
          "processId": "0x0",
          "ipPort": "0",
          "targetDomainName": "ARZW",
          "targetUserSid": "S-1-5-21-228770904-35461013-1130905197-2729",
          "virtualAccount": "%%1843",
          "logonType": "3"
        },
        "system": {
          "eventID": "4624",
          "keywords": "0x8020000000000000",
          "providerGuid": "{54849625-5478-4994-a5ba-3e3b0328c30d}",
          "level": "0",
          "channel": "Security",
          "opcode": "0",
          "message": "\"Ein Konto wurde erfolgreich angemeldet.\r\n\r\nAntragsteller:\r\n\tSicherheits-ID:\t\tS-1-0-0\r\n\tKontoname:\t\t-\r\n\tKontodomäne:\t\t-\r\n\tAnmelde-ID:\t\t0x0\r\n\r\nAnmeldeinformationen:\r\n\tAnmeldetyp:\t\t3\r\n\tEingeschränkter Administratormodus:\t-\r\n\tRemote Credential Guard:\t-\r\n\tVirtuelles Konto:\t\tNein\r\n\tToken mit erhöhten Rechten:\t\tJa\r\n\r\nIdentitätswechselebene:\t\tIdentitätswechsel\r\n\r\nNeue Anmeldung:\r\n\tSicherheits-ID:\t\tS-1-5-21-228770904-35461013-1130905197-2729\r\n\tKontoname:\t\tm.danz\r\n\tKontodomäne:\t\tARZW\r\n\tAnmelde-ID:\t\t0x8B96FF9F\r\n\tVerknüpfte Anmelde-ID:\t\t0x0\r\n\tNetzwerk-Kontoname:\t-\r\n\tNetzwerk-Kontodomäne:\t-\r\n\tAnmelde-GUID:\t\t{00000000-0000-0000-0000-000000000000}\r\n\r\nProzessinformationen:\r\n\tProzess-ID:\t\t0x0\r\n\tProzessname:\t\t-\r\n\r\nNetzwerkinformationen:\r\n\tArbeitsstationsname:\tSWE_2025_001\r\n\tQuellnetzwerkadresse:\t172.21.5.86\r\n\tQuellport:\t\t0\r\n\r\nDetaillierte Authentifizierungsinformationen:\r\n\tAnmeldeprozess:\t\tNtLmSsp \r\n\tAuthentifizierungspaket:\tNTLM\r\n\tÜbertragene Dienste:\t-\r\n\tPaketname (nur NTLM):\tNTLM V2\r\n\tSchlüssellänge:\t\t128\r\n\r\nDieses Ereignis wird beim Erstellen einer Anmeldesitzung generiert. Es wird auf dem Computer generiert, auf den zugegriffen wurde.\r\n\r\nDie Antragstellerfelder geben das Konto auf dem lokalen System an, von dem die Anmeldung angefordert wurde. Dies ist meistens ein Dienst wie der Serverdienst oder ein lokaler Prozess wie Winlogon.exe oder Services.exe.\r\n\r\nDas Anmeldetypfeld gibt den jeweiligen Anmeldetyp an. Die häufigsten Typen sind 2 (interaktiv) und 3 (Netzwerk).\r\n\r\nDie Felder für die neue Anmeldung geben das Konto an, für das die neue Anmeldung erstellt wurde, d. h. das angemeldete Konto.\r\n\r\nDie Netzwerkfelder geben den Ursprung einer Remoteanmeldeanforderung an. Der Arbeitsstationsname ist nicht immer verfügbar und kann in manchen Fällen leer bleiben.\r\n\r\nDas Feld für die Identitätswechselebene gibt an, in welchem Umfang ein Prozess in der Anmeldesitzung einen Identitätswechsel vornehmen kann.\r\n\r\nDie Felder für die Authentifizierungsinformationen enthalten detaillierte Informationen zu dieser spezifische Anmeldeanforderung.\r\n\t– Die Anmelde-GUID ist ein eindeutiger Bezeichner, der verwendet werden kann, um dieses Ereignis mit einem KDC-Ereignis zu korrelieren.\r\n\t– Die übertragenen Dienste geben an, welche Zwischendienste an der Anmeldeanforderung beteiligt waren.\r\n\t– Der Paketname gibt das in den NTLM-Protokollen verwendete Unterprotokoll an.\r\n\t– Die Schlüssellänge gibt die Länge des generierten Sitzungsschlüssels an. Wenn kein Sitzungsschlüssel angefordert wurde, ist dieser Wert 0.\"",
          "version": "3",
          "systemTime": "2026-05-25T12:26:50.8980088Z",
          "eventRecordID": "1723456",
          "threadID": "103664",
          "computer": "PROD-MINISFORUM.arzw.local",
          "task": "12544",
          "processID": "1836",
          "severityValue": "AUDIT_SUCCESS",
          "providerName": "Microsoft-Windows-Security-Auditing"
        }
      }
    },
    "rule": {
      "mail": false,
      "level": 6,
      "pci_dss": [
        "10.2.5"
      ],
      "hipaa": [
        "164.312.b"
      ],
      "tsc": [
        "CC6.8",
        "CC7.2",
        "CC7.3"
      ],
      "description": "Successful Remote Logon Detected - User:\\m.danz - NTLM authentication, possible pass-the-hash attack - Possible RDP connection. Verify that SWE_2025_001 is allowed to perform RDP connections",
      "groups": [
        "win_evt_channel",
        "windows",
        "authentication_success"
      ],
      "nist_800_53": [
        "AU.14",
        "AC.7"
      ],
      "gdpr": [
        "IV_32.2"
      ],
      "firedtimes": 1,
      "mitre": {
        "technique": [
          "Pass the Hash",
          "Domain Accounts",
          "Remote Desktop Protocol"
        ],
        "id": [
          "T1550.002",
          "T1078.002",
          "T1021.001"
        ],
        "tactic": [
          "Defense Evasion",
          "Lateral Movement",
          "Persistence",
          "Privilege Escalation",
          "Initial Access"
        ]
      },
      "id": "92657",
      "gpg13": [
        "7.1",
        "7.2"
      ]
    },
    "location": "EventChannel",
    "decoder": {
      "name": "windows_eventchannel"
    },
    "id": "1779712012.6926372",
    "full_log": "{\"win\":{\"system\":{\"providerName\":\"Microsoft-Windows-Security-Auditing\",\"providerGuid\":\"{54849625-5478-4994-a5ba-3e3b0328c30d}\",\"eventID\":\"4624\",\"version\":\"3\",\"level\":\"0\",\"task\":\"12544\",\"opcode\":\"0\",\"keywords\":\"0x8020000000000000\",\"systemTime\":\"2026-05-25T12:26:50.8980088Z\",\"eventRecordID\":\"1723456\",\"processID\":\"1836\",\"threadID\":\"103664\",\"channel\":\"Security\",\"computer\":\"PROD-MINISFORUM.arzw.local\",\"severityValue\":\"AUDIT_SUCCESS\",\"message\":\"\\\"Ein Konto wurde erfolgreich angemeldet.\\r\\n\\r\\nAntragsteller:\\r\\n\\tSicherheits-ID:\\t\\tS-1-0-0\\r\\n\\tKontoname:\\t\\t-\\r\\n\\tKontodomäne:\\t\\t-\\r\\n\\tAnmelde-ID:\\t\\t0x0\\r\\n\\r\\nAnmeldeinformationen:\\r\\n\\tAnmeldetyp:\\t\\t3\\r\\n\\tEingeschränkter Administratormodus:\\t-\\r\\n\\tRemote Credential Guard:\\t-\\r\\n\\tVirtuelles Konto:\\t\\tNein\\r\\n\\tToken mit erhöhten Rechten:\\t\\tJa\\r\\n\\r\\nIdentitätswechselebene:\\t\\tIdentitätswechsel\\r\\n\\r\\nNeue Anmeldung:\\r\\n\\tSicherheits-ID:\\t\\tS-1-5-21-228770904-35461013-1130905197-2729\\r\\n\\tKontoname:\\t\\tm.danz\\r\\n\\tKontodomäne:\\t\\tARZW\\r\\n\\tAnmelde-ID:\\t\\t0x8B96FF9F\\r\\n\\tVerknüpfte Anmelde-ID:\\t\\t0x0\\r\\n\\tNetzwerk-Kontoname:\\t-\\r\\n\\tNetzwerk-Kontodomäne:\\t-\\r\\n\\tAnmelde-GUID:\\t\\t{00000000-0000-0000-0000-000000000000}\\r\\n\\r\\nProzessinformationen:\\r\\n\\tProzess-ID:\\t\\t0x0\\r\\n\\tProzessname:\\t\\t-\\r\\n\\r\\nNetzwerkinformationen:\\r\\n\\tArbeitsstationsname:\\tSWE_2025_001\\r\\n\\tQuellnetzwerkadresse:\\t172.21.5.86\\r\\n\\tQuellport:\\t\\t0\\r\\n\\r\\nDetaillierte Authentifizierungsinformationen:\\r\\n\\tAnmeldeprozess:\\t\\tNtLmSsp \\r\\n\\tAuthentifizierungspaket:\\tNTLM\\r\\n\\tÜbertragene Dienste:\\t-\\r\\n\\tPaketname (nur NTLM):\\tNTLM V2\\r\\n\\tSchlüssellänge:\\t\\t128\\r\\n\\r\\nDieses Ereignis wird beim Erstellen einer Anmeldesitzung generiert. Es wird auf dem Computer generiert, auf den zugegriffen wurde.\\r\\n\\r\\nDie Antragstellerfelder geben das Konto auf dem lokalen System an, von dem die Anmeldung angefordert wurde. Dies ist meistens ein Dienst wie der Serverdienst oder ein lokaler Prozess wie Winlogon.exe oder Services.exe.\\r\\n\\r\\nDas Anmeldetypfeld gibt den jeweiligen Anmeldetyp an. Die häufigsten Typen sind 2 (interaktiv) und 3 (Netzwerk).\\r\\n\\r\\nDie Felder für die neue Anmeldung geben das Konto an, für das die neue Anmeldung erstellt wurde, d. h. das angemeldete Konto.\\r\\n\\r\\nDie Netzwerkfelder geben den Ursprung einer Remoteanmeldeanforderung an. Der Arbeitsstationsname ist nicht immer verfügbar und kann in manchen Fällen leer bleiben.\\r\\n\\r\\nDas Feld für die Identitätswechselebene gibt an, in welchem Umfang ein Prozess in der Anmeldesitzung einen Identitätswechsel vornehmen kann.\\r\\n\\r\\nDie Felder für die Authentifizierungsinformationen enthalten detaillierte Informationen zu dieser spezifische Anmeldeanforderung.\\r\\n\\t– Die Anmelde-GUID ist ein eindeutiger Bezeichner, der verwendet werden kann, um dieses Ereignis mit einem KDC-Ereignis zu korrelieren.\\r\\n\\t– Die übertragenen Dienste geben an, welche Zwischendienste an der Anmeldeanforderung beteiligt waren.\\r\\n\\t– Der Paketname gibt das in den NTLM-Protokollen verwendete Unterprotokoll an.\\r\\n\\t– Die Schlüssellänge gibt die Länge des generierten Sitzungsschlüssels an. Wenn kein Sitzungsschlüssel angefordert wurde, ist dieser Wert 0.\\\"\"},\"eventdata\":{\"subjectUserSid\":\"S-1-0-0\",\"subjectLogonId\":\"0x0\",\"targetUserSid\":\"S-1-5-21-228770904-35461013-1130905197-2729\",\"targetUserName\":\"m.danz\",\"targetDomainName\":\"ARZW\",\"targetLogonId\":\"0x8b96ff9f\",\"logonType\":\"3\",\"logonProcessName\":\"NtLmSsp\",\"authenticationPackageName\":\"NTLM\",\"workstationName\":\"SWE_2025_001\",\"logonGuid\":\"{00000000-0000-0000-0000-000000000000}\",\"lmPackageName\":\"NTLM V2\",\"keyLength\":\"128\",\"processId\":\"0x0\",\"ipAddress\":\"172.21.5.86\",\"ipPort\":\"0\",\"impersonationLevel\":\"%%1833\",\"virtualAccount\":\"%%1843\",\"targetLinkedLogonId\":\"0x0\",\"elevatedToken\":\"%%1842\"}}}",
    "timestamp": "2026-05-25T12:26:52.143+0000"
  },
  {
    "input": {
      "type": "log"
    },
    "agent": {
      "ip": "172.21.5.132",
      "name": "MINI-PC-MINISFORUM",
      "id": "075"
    },
    "manager": {
      "name": "wazuh.manager"
    },
    "data": {
      "win": {
        "eventdata": {
          "subjectLogonId": "0x8b96ff9f",
          "subjectUserSid": "S-1-5-21-228770904-35461013-1130905197-2729",
          "subjectDomainName": "ARZW",
          "privilegeList": "SeSecurityPrivilege     SeBackupPrivilege     SeRestorePrivilege     SeTakeOwnershipPrivilege     SeDebugPrivilege     SeSystemEnvironmentPrivilege     SeLoadDriverPrivilege     SeImpersonatePrivilege     SeDelegateSessionUserImpersonatePrivilege",
          "subjectUserName": "m.danz"
        },
        "system": {
          "eventID": "4672",
          "keywords": "0x8020000000000000",
          "providerGuid": "{54849625-5478-4994-a5ba-3e3b0328c30d}",
          "level": "0",
          "channel": "Security",
          "opcode": "0",
          "message": "\"Einer neuen Anmeldung wurden besondere Rechte zugewiesen.\r\n\r\nAntragsteller:\r\n\tSicherheits-ID:\t\tS-1-5-21-228770904-35461013-1130905197-2729\r\n\tKontoname:\t\tm.danz\r\n\tKontodomäne:\t\tARZW\r\n\tAnmelde-ID:\t\t0x8B96FF9F\r\n\r\nBerechtigungen:\t\tSeSecurityPrivilege\r\n\t\t\tSeBackupPrivilege\r\n\t\t\tSeRestorePrivilege\r\n\t\t\tSeTakeOwnershipPrivilege\r\n\t\t\tSeDebugPrivilege\r\n\t\t\tSeSystemEnvironmentPrivilege\r\n\t\t\tSeLoadDriverPrivilege\r\n\t\t\tSeImpersonatePrivilege\r\n\t\t\tSeDelegateSessionUserImpersonatePrivilege\"",
          "version": "0",
          "systemTime": "2026-05-25T12:26:50.8977437Z",
          "eventRecordID": "1723455",
          "threadID": "103664",
          "computer": "PROD-MINISFORUM.arzw.local",
          "task": "12548",
          "processID": "1836",
          "severityValue": "AUDIT_SUCCESS",
          "providerName": "Microsoft-Windows-Security-Auditing"
        }
      }
    },
    "rule": {
      "firedtimes": 1,
      "mail": false,
      "level": 3,
      "description": "Special privileges assigned to new logon.",
      "groups": [
        "windows",
        " WEF"
      ],
      "mitre": {
        "technique": [
          "Domain Policy Modification"
        ],
        "id": [
          "T1484"
        ],
        "tactic": [
          "Defense Evasion",
          "Privilege Escalation"
        ]
      },
      "id": "67028"
    },
    "location": "EventChannel",
    "decoder": {
      "name": "windows_eventchannel"
    },
    "id": "1779712012.6923278",
    "timestamp": "2026-05-25T12:26:52.139+0000"
  },
  {
    "input": {
      "type": "log"
    },
    "agent": {
      "ip": "172.21.5.132",
      "name": "MINI-PC-MINISFORUM",
      "id": "075"
    },
    "manager": {
      "name": "wazuh.manager"
    },
    "data": {
      "win": {
        "eventdata": {
          "data": "2126-05-01T12:20:48Z, RulesEngine"
        },
        "system": {
          "eventID": "16384",
          "eventSourceName": "Software Protection Platform Service",
          "keywords": "0x80000000000000",
          "providerGuid": "{E23B33B0-C8C9-472C-A5F9-F2BDFEA0F156}",
          "level": "4",
          "channel": "Application",
          "opcode": "0",
          "message": "\"Der Softwareschutzdienst wurde erfolgreich für den erneuten Start bei 2126-05-01T12:20:48Z geplant. Grund: RulesEngine.\"",
          "version": "0",
          "systemTime": "2026-05-25T12:20:48.2184254Z",
          "eventRecordID": "75668",
          "threadID": "0",
          "computer": "PROD-MINISFORUM.arzw.local",
          "task": "0",
          "processID": "138676",
          "severityValue": "INFORMATION",
          "providerName": "Microsoft-Windows-Security-SPP"
        }
      }
    },
    "rule": {
      "firedtimes": 11,
      "mail": false,
      "level": 3,
      "description": "Software protection service scheduled successfully.",
      "groups": [
        "windows",
        "windows_application"
      ],
      "id": "60642"
    },
    "location": "EventChannel",
    "decoder": {
      "name": "windows_eventchannel"
    },
    "id": "1779711648.6871144",
    "timestamp": "2026-05-25T12:20:48.232+0000"
  },
