  {
    "input": {
      "type": "log"
    },
    "agent": {
      "ip": "172.21.5.66",
      "name": "Minis-forum_development",
      "id": "089"
    },
    "manager": {
      "name": "wazuh.manager"
    },
    "data": {
      "win": {
        "eventdata": {
          "targetLogonId": "0x10fb53d47",
          "targetUserName": "m.danz",
          "targetDomainName": "ARZW",
          "targetUserSid": "S-1-5-21-228770904-35461013-1130905197-2729",
          "logonType": "7"
        },
        "system": {
          "eventID": "4634",
          "keywords": "0x8020000000000000",
          "providerGuid": "{54849625-5478-4994-a5ba-3e3b0328c30d}",
          "level": "0",
          "channel": "Security",
          "opcode": "0",
          "message": "\"Ein Konto wurde abgemeldet.\r\n\r\nAntragsteller:\r\n\tSicherheits-ID:\t\tS-1-5-21-228770904-35461013-1130905197-2729\r\n\tKontoname:\t\tm.danz\r\n\tKontodomäne:\t\tARZW\r\n\tAnmelde-ID:\t\t0x10FB53D47\r\n\r\nAnmeldetyp:\t\t\t7\r\n\r\nDieses Ereignis wird generiert, wenn eine Anmeldesitzung zerstört wird. Es kann anhand des Wertes der Anmelde-ID positiv mit einem Anmeldeereignis korreliert werden. Anmelde-IDs sind nur zwischen Neustarts auf demselben Computer eindeutig.\"",
          "version": "0",
          "systemTime": "2026-05-26T07:41:06.1601629Z",
          "eventRecordID": "1719169",
          "threadID": "28116",
          "computer": "DEV-MINISFORUM.arzw.local",
          "task": "12545",
          "processID": "1760",
          "severityValue": "AUDIT_SUCCESS",
          "providerName": "Microsoft-Windows-Security-Auditing"
        }
      }
    },
    "rule": {
      "firedtimes": 9,
      "mail": false,
      "level": 3,
      "description": "Non service account logged off.",
      "groups": [
        "windows",
        " WEF"
      ],
      "id": "67023"
    },
    "location": "EventChannel",
    "decoder": {
      "name": "windows_eventchannel"
    },
    "id": "1779781267.16491889",
    "timestamp": "2026-05-26T07:41:07.232+0000"
  },
  {
    "input": {
      "type": "log"
    },
    "agent": {
      "ip": "172.21.5.66",
      "name": "Minis-forum_development",
      "id": "089"
    },
    "manager": {
      "name": "wazuh.manager"
    },
    "data": {
      "win": {
        "eventdata": {
          "subjectLogonId": "0x10fb53cca",
          "subjectUserSid": "S-1-5-21-228770904-35461013-1130905197-2729",
          "subjectDomainName": "ARZW",
          "privilegeList": "SeSecurityPrivilege     SeTakeOwnershipPrivilege     SeLoadDriverPrivilege     SeBackupPrivilege     SeRestorePrivilege     SeDebugPrivilege     SeSystemEnvironmentPrivilege     SeImpersonatePrivilege     SeDelegateSessionUserImpersonatePrivilege",
          "subjectUserName": "m.danz"
        },
        "system": {
          "eventID": "4672",
          "keywords": "0x8020000000000000",
          "providerGuid": "{54849625-5478-4994-a5ba-3e3b0328c30d}",
          "level": "0",
          "channel": "Security",
          "opcode": "0",
          "message": "\"Einer neuen Anmeldung wurden besondere Rechte zugewiesen.\r\n\r\nAntragsteller:\r\n\tSicherheits-ID:\t\tS-1-5-21-228770904-35461013-1130905197-2729\r\n\tKontoname:\t\tm.danz\r\n\tKontodomäne:\t\tARZW\r\n\tAnmelde-ID:\t\t0x10FB53CCA\r\n\r\nBerechtigungen:\t\tSeSecurityPrivilege\r\n\t\t\tSeTakeOwnershipPrivilege\r\n\t\t\tSeLoadDriverPrivilege\r\n\t\t\tSeBackupPrivilege\r\n\t\t\tSeRestorePrivilege\r\n\t\t\tSeDebugPrivilege\r\n\t\t\tSeSystemEnvironmentPrivilege\r\n\t\t\tSeImpersonatePrivilege\r\n\t\t\tSeDelegateSessionUserImpersonatePrivilege\"",
          "version": "0",
          "systemTime": "2026-05-26T07:41:06.1590580Z",
          "eventRecordID": "1719168",
          "threadID": "28116",
          "computer": "DEV-MINISFORUM.arzw.local",
          "task": "12548",
          "processID": "1760",
          "severityValue": "AUDIT_SUCCESS",
          "providerName": "Microsoft-Windows-Security-Auditing"
        }
      }
    },
    "rule": {
      "firedtimes": 10,
      "mail": false,
      "level": 3,
      "description": "Special privileges assigned to new logon.",
      "groups": [
        "windows",
        " WEF"
      ],
      "mitre": {
        "technique": [
          "Domain Policy Modification"
        ],
        "id": [
          "T1484"
        ],
        "tactic": [
          "Defense Evasion",
          "Privilege Escalation"
        ]
      },
      "id": "67028"
    },
    "location": "EventChannel",
    "decoder": {
      "name": "windows_eventchannel"
    },
    "id": "1779781267.16488789",
    "timestamp": "2026-05-26T07:41:07.216+0000"
  },
  {
    "input": {
      "type": "log"
    },
    "agent": {
      "ip": "172.21.5.66",
      "name": "Minis-forum_development",
      "id": "089"
    },
    "manager": {
      "name": "wazuh.manager"
    },
    "data": {
      "win": {
        "eventdata": {
          "subjectLogonId": "0x0",
          "targetLinkedLogonId": "0x0",
          "impersonationLevel": "%%1833",
          "ipAddress": "172.21.4.38",
          "authenticationPackageName": "NTLM",
          "workstationName": "NIXDA-LAPTOP",
          "lmPackageName": "NTLM V2",
          "targetLogonId": "0x10fb3962d",
          "logonProcessName": "NtLmSsp",
          "logonGuid": "{00000000-0000-0000-0000-000000000000}",
          "targetUserName": "m.danz",
          "keyLength": "128",
          "elevatedToken": "%%1842",
          "subjectUserSid": "S-1-0-0",
          "processId": "0x0",
          "ipPort": "0",
          "targetDomainName": "ARZW",
          "targetUserSid": "S-1-5-21-228770904-35461013-1130905197-2729",
          "virtualAccount": "%%1843",
          "logonType": "3"
        },
        "system": {
          "eventID": "4624",
          "keywords": "0x8020000000000000",
          "providerGuid": "{54849625-5478-4994-a5ba-3e3b0328c30d}",
          "level": "0",
          "channel": "Security",
          "opcode": "0",
          "message": "\"Ein Konto wurde erfolgreich angemeldet.\r\n\r\nAntragsteller:\r\n\tSicherheits-ID:\t\tS-1-0-0\r\n\tKontoname:\t\t-\r\n\tKontodomäne:\t\t-\r\n\tAnmelde-ID:\t\t0x0\r\n\r\nAnmeldeinformationen:\r\n\tAnmeldetyp:\t\t3\r\n\tEingeschränkter Administratormodus:\t-\r\n\tRemote Credential Guard:\t-\r\n\tVirtuelles Konto:\t\tNein\r\n\tToken mit erhöhten Rechten:\t\tJa\r\n\r\nIdentitätswechselebene:\t\tIdentitätswechsel\r\n\r\nNeue Anmeldung:\r\n\tSicherheits-ID:\t\tS-1-5-21-228770904-35461013-1130905197-2729\r\n\tKontoname:\t\tm.danz\r\n\tKontodomäne:\t\tARZW\r\n\tAnmelde-ID:\t\t0x10FB3962D\r\n\tVerknüpfte Anmelde-ID:\t\t0x0\r\n\tNetzwerk-Kontoname:\t-\r\n\tNetzwerk-Kontodomäne:\t-\r\n\tAnmelde-GUID:\t\t{00000000-0000-0000-0000-000000000000}\r\n\r\nProzessinformationen:\r\n\tProzess-ID:\t\t0x0\r\n\tProzessname:\t\t-\r\n\r\nNetzwerkinformationen:\r\n\tArbeitsstationsname:\tNIXDA-LAPTOP\r\n\tQuellnetzwerkadresse:\t172.21.4.38\r\n\tQuellport:\t\t0\r\n\r\nDetaillierte Authentifizierungsinformationen:\r\n\tAnmeldeprozess:\t\tNtLmSsp \r\n\tAuthentifizierungspaket:\tNTLM\r\n\tÜbertragene Dienste:\t-\r\n\tPaketname (nur NTLM):\tNTLM V2\r\n\tSchlüssellänge:\t\t128\r\n\r\nDieses Ereignis wird beim Erstellen einer Anmeldesitzung generiert. Es wird auf dem Computer generiert, auf den zugegriffen wurde.\r\n\r\nDie Antragstellerfelder geben das Konto auf dem lokalen System an, von dem die Anmeldung angefordert wurde. Dies ist meistens ein Dienst wie der Serverdienst oder ein lokaler Prozess wie Winlogon.exe oder Services.exe.\r\n\r\nDas Anmeldetypfeld gibt den jeweiligen Anmeldetyp an. Die häufigsten Typen sind 2 (interaktiv) und 3 (Netzwerk).\r\n\r\nDie Felder für die neue Anmeldung geben das Konto an, für das die neue Anmeldung erstellt wurde, d. h. das angemeldete Konto.\r\n\r\nDie Netzwerkfelder geben den Ursprung einer Remoteanmeldeanforderung an. Der Arbeitsstationsname ist nicht immer verfügbar und kann in manchen Fällen leer bleiben.\r\n\r\nDas Feld für die Identitätswechselebene gibt an, in welchem Umfang ein Prozess in der Anmeldesitzung einen Identitätswechsel vornehmen kann.\r\n\r\nDie Felder für die Authentifizierungsinformationen enthalten detaillierte Informationen zu dieser spezifische Anmeldeanforderung.\r\n\t– Die Anmelde-GUID ist ein eindeutiger Bezeichner, der verwendet werden kann, um dieses Ereignis mit einem KDC-Ereignis zu korrelieren.\r\n\t– Die übertragenen Dienste geben an, welche Zwischendienste an der Anmeldeanforderung beteiligt waren.\r\n\t– Der Paketname gibt das in den NTLM-Protokollen verwendete Unterprotokoll an.\r\n\t– Die Schlüssellänge gibt die Länge des generierten Sitzungsschlüssels an. Wenn kein Sitzungsschlüssel angefordert wurde, ist dieser Wert 0.\"",
          "version": "3",
          "systemTime": "2026-05-26T07:41:04.5740933Z",
          "eventRecordID": "1719158",
          "threadID": "4564",
          "computer": "DEV-MINISFORUM.arzw.local",
          "task": "12544",
          "processID": "1760",
          "severityValue": "AUDIT_SUCCESS",
          "providerName": "Microsoft-Windows-Security-Auditing"
        }
      }
    },
    "rule": {
      "mail": false,
      "level": 6,
      "pci_dss": [
        "10.2.5"
      ],
      "hipaa": [
        "164.312.b"
      ],
      "tsc": [
        "CC6.8",
        "CC7.2",
        "CC7.3"
      ],
      "description": "Successful Remote Logon Detected - User:\\m.danz - NTLM authentication, possible pass-the-hash attack - Possible RDP connection. Verify that NIXDA-LAPTOP is allowed to perform RDP connections",
      "groups": [
        "win_evt_channel",
        "windows",
        "authentication_success"
      ],
      "nist_800_53": [
        "AU.14",
        "AC.7"
      ],
      "gdpr": [
        "IV_32.2"
      ],
      "firedtimes": 6,
      "mitre": {
        "technique": [
          "Pass the Hash",
          "Domain Accounts",
          "Remote Desktop Protocol"
        ],
        "id": [
          "T1550.002",
          "T1078.002",
          "T1021.001"
        ],
        "tactic": [
          "Defense Evasion",
          "Lateral Movement",
          "Persistence",
          "Privilege Escalation",
          "Initial Access"
        ]
      },
      "id": "92657",
      "gpg13": [
        "7.1",
        "7.2"
      ]
    },
    "location": "EventChannel",
    "decoder": {
      "name": "windows_eventchannel"
    },
    "id": "1779781265.16480065",
    "full_log": "{\"win\":{\"system\":{\"providerName\":\"Microsoft-Windows-Security-Auditing\",\"providerGuid\":\"{54849625-5478-4994-a5ba-3e3b0328c30d}\",\"eventID\":\"4624\",\"version\":\"3\",\"level\":\"0\",\"task\":\"12544\",\"opcode\":\"0\",\"keywords\":\"0x8020000000000000\",\"systemTime\":\"2026-05-26T07:41:04.5740933Z\",\"eventRecordID\":\"1719158\",\"processID\":\"1760\",\"threadID\":\"4564\",\"channel\":\"Security\",\"computer\":\"DEV-MINISFORUM.arzw.local\",\"severityValue\":\"AUDIT_SUCCESS\",\"message\":\"\\\"Ein Konto wurde erfolgreich angemeldet.\\r\\n\\r\\nAntragsteller:\\r\\n\\tSicherheits-ID:\\t\\tS-1-0-0\\r\\n\\tKontoname:\\t\\t-\\r\\n\\tKontodomäne:\\t\\t-\\r\\n\\tAnmelde-ID:\\t\\t0x0\\r\\n\\r\\nAnmeldeinformationen:\\r\\n\\tAnmeldetyp:\\t\\t3\\r\\n\\tEingeschränkter Administratormodus:\\t-\\r\\n\\tRemote Credential Guard:\\t-\\r\\n\\tVirtuelles Konto:\\t\\tNein\\r\\n\\tToken mit erhöhten Rechten:\\t\\tJa\\r\\n\\r\\nIdentitätswechselebene:\\t\\tIdentitätswechsel\\r\\n\\r\\nNeue Anmeldung:\\r\\n\\tSicherheits-ID:\\t\\tS-1-5-21-228770904-35461013-1130905197-2729\\r\\n\\tKontoname:\\t\\tm.danz\\r\\n\\tKontodomäne:\\t\\tARZW\\r\\n\\tAnmelde-ID:\\t\\t0x10FB3962D\\r\\n\\tVerknüpfte Anmelde-ID:\\t\\t0x0\\r\\n\\tNetzwerk-Kontoname:\\t-\\r\\n\\tNetzwerk-Kontodomäne:\\t-\\r\\n\\tAnmelde-GUID:\\t\\t{00000000-0000-0000-0000-000000000000}\\r\\n\\r\\nProzessinformationen:\\r\\n\\tProzess-ID:\\t\\t0x0\\r\\n\\tProzessname:\\t\\t-\\r\\n\\r\\nNetzwerkinformationen:\\r\\n\\tArbeitsstationsname:\\tNIXDA-LAPTOP\\r\\n\\tQuellnetzwerkadresse:\\t172.21.4.38\\r\\n\\tQuellport:\\t\\t0\\r\\n\\r\\nDetaillierte Authentifizierungsinformationen:\\r\\n\\tAnmeldeprozess:\\t\\tNtLmSsp \\r\\n\\tAuthentifizierungspaket:\\tNTLM\\r\\n\\tÜbertragene Dienste:\\t-\\r\\n\\tPaketname (nur NTLM):\\tNTLM V2\\r\\n\\tSchlüssellänge:\\t\\t128\\r\\n\\r\\nDieses Ereignis wird beim Erstellen einer Anmeldesitzung generiert. Es wird auf dem Computer generiert, auf den zugegriffen wurde.\\r\\n\\r\\nDie Antragstellerfelder geben das Konto auf dem lokalen System an, von dem die Anmeldung angefordert wurde. Dies ist meistens ein Dienst wie der Serverdienst oder ein lokaler Prozess wie Winlogon.exe oder Services.exe.\\r\\n\\r\\nDas Anmeldetypfeld gibt den jeweiligen Anmeldetyp an. Die häufigsten Typen sind 2 (interaktiv) und 3 (Netzwerk).\\r\\n\\r\\nDie Felder für die neue Anmeldung geben das Konto an, für das die neue Anmeldung erstellt wurde, d. h. das angemeldete Konto.\\r\\n\\r\\nDie Netzwerkfelder geben den Ursprung einer Remoteanmeldeanforderung an. Der Arbeitsstationsname ist nicht immer verfügbar und kann in manchen Fällen leer bleiben.\\r\\n\\r\\nDas Feld für die Identitätswechselebene gibt an, in welchem Umfang ein Prozess in der Anmeldesitzung einen Identitätswechsel vornehmen kann.\\r\\n\\r\\nDie Felder für die Authentifizierungsinformationen enthalten detaillierte Informationen zu dieser spezifische Anmeldeanforderung.\\r\\n\\t– Die Anmelde-GUID ist ein eindeutiger Bezeichner, der verwendet werden kann, um dieses Ereignis mit einem KDC-Ereignis zu korrelieren.\\r\\n\\t– Die übertragenen Dienste geben an, welche Zwischendienste an der Anmeldeanforderung beteiligt waren.\\r\\n\\t– Der Paketname gibt das in den NTLM-Protokollen verwendete Unterprotokoll an.\\r\\n\\t– Die Schlüssellänge gibt die Länge des generierten Sitzungsschlüssels an. Wenn kein Sitzungsschlüssel angefordert wurde, ist dieser Wert 0.\\\"\"},\"eventdata\":{\"subjectUserSid\":\"S-1-0-0\",\"subjectLogonId\":\"0x0\",\"targetUserSid\":\"S-1-5-21-228770904-35461013-1130905197-2729\",\"targetUserName\":\"m.danz\",\"targetDomainName\":\"ARZW\",\"targetLogonId\":\"0x10fb3962d\",\"logonType\":\"3\",\"logonProcessName\":\"NtLmSsp\",\"authenticationPackageName\":\"NTLM\",\"workstationName\":\"NIXDA-LAPTOP\",\"logonGuid\":\"{00000000-0000-0000-0000-000000000000}\",\"lmPackageName\":\"NTLM V2\",\"keyLength\":\"128\",\"processId\":\"0x0\",\"ipAddress\":\"172.21.4.38\",\"ipPort\":\"0\",\"impersonationLevel\":\"%%1833\",\"virtualAccount\":\"%%1843\",\"targetLinkedLogonId\":\"0x0\",\"elevatedToken\":\"%%1842\"}}}",
    "timestamp": "2026-05-26T07:41:05.606+0000"
  },
  {
    "input": {
      "type": "log"
    },
    "agent": {
      "ip": "172.21.5.66",
      "name": "Minis-forum_development",
      "id": "089"
    },
    "manager": {
      "name": "wazuh.manager"
    },
    "data": {
      "win": {
        "eventdata": {
          "subjectLogonId": "0x10fb3962d",
          "subjectUserSid": "S-1-5-21-228770904-35461013-1130905197-2729",
          "subjectDomainName": "ARZW",
          "privilegeList": "SeSecurityPrivilege     SeBackupPrivilege     SeRestorePrivilege     SeTakeOwnershipPrivilege     SeDebugPrivilege     SeSystemEnvironmentPrivilege     SeLoadDriverPrivilege     SeImpersonatePrivilege     SeDelegateSessionUserImpersonatePrivilege",
          "subjectUserName": "m.danz"
        },
        "system": {
          "eventID": "4672",
          "keywords": "0x8020000000000000",
          "providerGuid": "{54849625-5478-4994-a5ba-3e3b0328c30d}",
          "level": "0",
          "channel": "Security",
          "opcode": "0",
          "message": "\"Einer neuen Anmeldung wurden besondere Rechte zugewiesen.\r\n\r\nAntragsteller:\r\n\tSicherheits-ID:\t\tS-1-5-21-228770904-35461013-1130905197-2729\r\n\tKontoname:\t\tm.danz\r\n\tKontodomäne:\t\tARZW\r\n\tAnmelde-ID:\t\t0x10FB3962D\r\n\r\nBerechtigungen:\t\tSeSecurityPrivilege\r\n\t\t\tSeBackupPrivilege\r\n\t\t\tSeRestorePrivilege\r\n\t\t\tSeTakeOwnershipPrivilege\r\n\t\t\tSeDebugPrivilege\r\n\t\t\tSeSystemEnvironmentPrivilege\r\n\t\t\tSeLoadDriverPrivilege\r\n\t\t\tSeImpersonatePrivilege\r\n\t\t\tSeDelegateSessionUserImpersonatePrivilege\"",
          "version": "0",
          "systemTime": "2026-05-26T07:41:04.5740003Z",
          "eventRecordID": "1719157",
          "threadID": "4564",
          "computer": "DEV-MINISFORUM.arzw.local",
          "task": "12548",
          "processID": "1760",
          "severityValue": "AUDIT_SUCCESS",
          "providerName": "Microsoft-Windows-Security-Auditing"
        }
      }
    },
    "rule": {
      "firedtimes": 9,
      "mail": false,
      "level": 3,
      "description": "Special privileges assigned to new logon.",
      "groups": [
        "windows",
        " WEF"
      ],
      "mitre": {
        "technique": [
          "Domain Policy Modification"
        ],
        "id": [
          "T1484"
        ],
        "tactic": [
          "Defense Evasion",
          "Privilege Escalation"
        ]
      },
      "id": "67028"
    },
    "location": "EventChannel",
    "decoder": {
      "name": "windows_eventchannel"
    },
    "id": "1779781265.16476967",
    "timestamp": "2026-05-26T07:41:05.602+0000"
  },
  {
    "input": {
      "type": "log"
    },
    "agent": {
      "ip": "172.21.5.66",
      "name": "Minis-forum_development",
      "id": "089"
    },
    "manager": {
      "name": "wazuh.manager"
    },
    "data": {
      "win": {
        "eventdata": {
          "data": "2126-05-02T07:40:41Z, RulesEngine"
        },
        "system": {
          "eventID": "16384",
          "eventSourceName": "Software Protection Platform Service",
          "keywords": "0x80000000000000",
          "providerGuid": "{E23B33B0-C8C9-472C-A5F9-F2BDFEA0F156}",
          "level": "4",
          "channel": "Application",
          "opcode": "0",
          "message": "\"Der Softwareschutzdienst wurde erfolgreich für den erneuten Start bei 2126-05-02T07:40:41Z geplant. Grund: RulesEngine.\"",
          "version": "0",
          "systemTime": "2026-05-26T07:40:41.3226230Z",
          "eventRecordID": "75166",
          "threadID": "0",
          "computer": "DEV-MINISFORUM.arzw.local",
          "task": "0",
          "processID": "25032",
          "severityValue": "INFORMATION",
          "providerName": "Microsoft-Windows-Security-SPP"
        }
      }
    },
    "rule": {
      "firedtimes": 121,
      "mail": false,
      "level": 3,
      "description": "Software protection service scheduled successfully.",
      "groups": [
        "windows",
        "windows_application"
      ],
      "id": "60642"
    },
    "location": "EventChannel",
    "decoder": {
      "name": "windows_eventchannel"
    },
    "id": "1779781241.16465780",
    "timestamp": "2026-05-26T07:40:41.090+0000"
  },
  {
    "input": {
      "type": "log"
    },
    "agent": {
      "ip": "172.21.5.66",
      "name": "Minis-forum_development",
      "id": "089"
    },
    "manager": {
      "name": "wazuh.manager"
    },
    "data": {
      "win": {
        "eventdata": {
          "data": "2126-05-02T07:23:10Z, RulesEngine"
        },
        "system": {
          "eventID": "16384",
          "eventSourceName": "Software Protection Platform Service",
          "keywords": "0x80000000000000",
          "providerGuid": "{E23B33B0-C8C9-472C-A5F9-F2BDFEA0F156}",
          "level": "4",
          "channel": "Application",
          "opcode": "0",
          "message": "\"Der Softwareschutzdienst wurde erfolgreich für den erneuten Start bei 2126-05-02T07:23:10Z geplant. Grund: RulesEngine.\"",
          "version": "0",
          "systemTime": "2026-05-26T07:23:10.9007763Z",
          "eventRecordID": "75164",
          "threadID": "0",
          "computer": "DEV-MINISFORUM.arzw.local",
          "task": "0",
          "processID": "34772",
          "severityValue": "INFORMATION",
          "providerName": "Microsoft-Windows-Security-SPP"
        }
      }
    },
    "rule": {
      "firedtimes": 72,
      "mail": false,
      "level": 3,
      "description": "Software protection service scheduled successfully.",
      "groups": [
        "windows",
        "windows_application"
      ],
      "id": "60642"
    },
    "location": "EventChannel",
    "decoder": {
      "name": "windows_eventchannel"
    },
    "id": "1779780190.15749872",
    "timestamp": "2026-05-26T07:23:10.649+0000"
  },
  {
    "input": {
      "type": "log"
    },
    "agent": {
      "ip": "172.21.5.66",
      "name": "Minis-forum_development",
      "id": "089"
    },
    "manager": {
      "name": "wazuh.manager"
    },
    "data": {
      "win": {
        "eventdata": {
          "data": "2126-05-02T07:21:38Z, RulesEngine"
        },
        "system": {
          "eventID": "16384",
          "eventSourceName": "Software Protection Platform Service",
          "keywords": "0x80000000000000",
          "providerGuid": "{E23B33B0-C8C9-472C-A5F9-F2BDFEA0F156}",
          "level": "4",
          "channel": "Application",
          "opcode": "0",
          "message": "\"Der Softwareschutzdienst wurde erfolgreich für den erneuten Start bei 2126-05-02T07:21:38Z geplant. Grund: RulesEngine.\"",
          "version": "0",
          "systemTime": "2026-05-26T07:21:38.7545003Z",
          "eventRecordID": "75162",
          "threadID": "0",
          "computer": "DEV-MINISFORUM.arzw.local",
          "task": "0",
          "processID": "4176",
          "severityValue": "INFORMATION",
          "providerName": "Microsoft-Windows-Security-SPP"
        }
      }
    },
    "rule": {
      "firedtimes": 65,
      "mail": false,
      "level": 3,
      "description": "Software protection service scheduled successfully.",
      "groups": [
        "windows",
        "windows_application"
      ],
      "id": "60642"
    },
    "location": "EventChannel",
    "decoder": {
      "name": "windows_eventchannel"
    },
    "id": "1779780098.15667235",
    "timestamp": "2026-05-26T07:21:38.498+0000"
  },
  {
    "input": {
      "type": "log"
    },
    "agent": {
      "ip": "172.21.5.66",
      "name": "Minis-forum_development",
      "id": "089"
    },
    "manager": {
      "name": "wazuh.manager"
    },
    "data": {
      "win": {
        "eventdata": {
          "data": "2126-05-02T07:18:07Z, RulesEngine"
        },
        "system": {
          "eventID": "16384",
          "eventSourceName": "Software Protection Platform Service",
          "keywords": "0x80000000000000",
          "providerGuid": "{E23B33B0-C8C9-472C-A5F9-F2BDFEA0F156}",
          "level": "4",
          "channel": "Application",
          "opcode": "0",
          "message": "\"Der Softwareschutzdienst wurde erfolgreich für den erneuten Start bei 2126-05-02T07:18:07Z geplant. Grund: RulesEngine.\"",
          "version": "0",
          "systemTime": "2026-05-26T07:18:07.3031019Z",
          "eventRecordID": "75160",
          "threadID": "0",
          "computer": "DEV-MINISFORUM.arzw.local",
          "task": "0",
          "processID": "33480",
          "severityValue": "INFORMATION",
          "providerName": "Microsoft-Windows-Security-SPP"
        }
      }
    },
    "rule": {
      "firedtimes": 50,
      "mail": false,
      "level": 3,
      "description": "Software protection service scheduled successfully.",
      "groups": [
        "windows",
        "windows_application"
      ],
      "id": "60642"
    },
    "location": "EventChannel",
    "decoder": {
      "name": "windows_eventchannel"
    },
    "id": "1779779887.15486578",
    "timestamp": "2026-05-26T07:18:07.043+0000"
  },
  {
    "input": {
      "type": "log"
    },
    "agent": {
      "ip": "172.21.5.66",
      "name": "Minis-forum_development",
      "id": "089"
    },
    "manager": {
      "name": "wazuh.manager"
    },
    "data": {
      "win": {
        "eventdata": {
          "targetLogonId": "0x10f5f8162",
          "targetUserName": "DEV-MINISFORUM$",
          "targetDomainName": "ARZW",
          "targetUserSid": "S-1-5-18",
          "logonType": "3"
        },
        "system": {
          "eventID": "4634",
          "keywords": "0x8020000000000000",
          "providerGuid": "{54849625-5478-4994-a5ba-3e3b0328c30d}",
          "level": "0",
          "channel": "Security",
          "opcode": "0",
          "message": "\"Ein Konto wurde abgemeldet.\r\n\r\nAntragsteller:\r\n\tSicherheits-ID:\t\tS-1-5-18\r\n\tKontoname:\t\tDEV-MINISFORUM$\r\n\tKontodomäne:\t\tARZW\r\n\tAnmelde-ID:\t\t0x10F5F8162\r\n\r\nAnmeldetyp:\t\t\t3\r\n\r\nDieses Ereignis wird generiert, wenn eine Anmeldesitzung zerstört wird. Es kann anhand des Wertes der Anmelde-ID positiv mit einem Anmeldeereignis korreliert werden. Anmelde-IDs sind nur zwischen Neustarts auf demselben Computer eindeutig.\"",
          "version": "0",
          "systemTime": "2026-05-26T07:05:12.2690341Z",
          "eventRecordID": "1719090",
          "threadID": "4564",
          "computer": "DEV-MINISFORUM.arzw.local",
          "task": "12545",
          "processID": "1760",
          "severityValue": "AUDIT_SUCCESS",
          "providerName": "Microsoft-Windows-Security-Auditing"
        }
      }
    },
    "rule": {
      "firedtimes": 6,
      "mail": false,
      "level": 3,
      "pci_dss": [
        "10.2.5"
      ],
      "hipaa": [
        "164.312.b"
      ],
      "tsc": [
        "CC6.8",
        "CC7.2",
        "CC7.3"
      ],
      "description": "Windows User Logoff",
      "groups": [
        "windows",
        "windows_security"
      ],
      "id": "60137",
      "nist_800_53": [
        "AU.14",
        "AC.7"
      ],
      "gdpr": [
        "IV_32.2"
      ]
    },
    "location": "EventChannel",
    "decoder": {
      "name": "windows_eventchannel"
    },
    "id": "1779779113.14438352",
    "timestamp": "2026-05-26T07:05:13.274+0000"
  },
  {
    "input": {
      "type": "log"
    },
    "agent": {
      "ip": "172.21.5.66",
      "name": "Minis-forum_development",
      "id": "089"
    },
    "manager": {
      "name": "wazuh.manager"
    },
    "data": {
      "win": {
        "eventdata": {
          "subjectLogonId": "0x0",
          "targetLinkedLogonId": "0x0",
          "impersonationLevel": "%%1833",
          "ipAddress": "::1",
          "authenticationPackageName": "Kerberos",
          "targetLogonId": "0x10f5f8162",
          "logonProcessName": "Kerberos",
          "logonGuid": "{2b3d00fd-0bb7-2740-8663-038d03f943f9}",
          "targetUserName": "DEV-MINISFORUM$",
          "keyLength": "0",
          "elevatedToken": "%%1842",
          "subjectUserSid": "S-1-0-0",
          "processId": "0x0",
          "ipPort": "0",
          "targetDomainName": "ARZW.LOCAL",
          "targetUserSid": "S-1-5-18",
          "virtualAccount": "%%1843",
          "logonType": "3"
        },
        "system": {
          "eventID": "4624",
          "keywords": "0x8020000000000000",
          "providerGuid": "{54849625-5478-4994-a5ba-3e3b0328c30d}",
          "level": "0",
          "channel": "Security",
          "opcode": "0",
          "message": "\"Ein Konto wurde erfolgreich angemeldet.\r\n\r\nAntragsteller:\r\n\tSicherheits-ID:\t\tS-1-0-0\r\n\tKontoname:\t\t-\r\n\tKontodomäne:\t\t-\r\n\tAnmelde-ID:\t\t0x0\r\n\r\nAnmeldeinformationen:\r\n\tAnmeldetyp:\t\t3\r\n\tEingeschränkter Administratormodus:\t-\r\n\tRemote Credential Guard:\t-\r\n\tVirtuelles Konto:\t\tNein\r\n\tToken mit erhöhten Rechten:\t\tJa\r\n\r\nIdentitätswechselebene:\t\tIdentitätswechsel\r\n\r\nNeue Anmeldung:\r\n\tSicherheits-ID:\t\tS-1-5-18\r\n\tKontoname:\t\tDEV-MINISFORUM$\r\n\tKontodomäne:\t\tARZW.LOCAL\r\n\tAnmelde-ID:\t\t0x10F5F8162\r\n\tVerknüpfte Anmelde-ID:\t\t0x0\r\n\tNetzwerk-Kontoname:\t-\r\n\tNetzwerk-Kontodomäne:\t-\r\n\tAnmelde-GUID:\t\t{2b3d00fd-0bb7-2740-8663-038d03f943f9}\r\n\r\nProzessinformationen:\r\n\tProzess-ID:\t\t0x0\r\n\tProzessname:\t\t-\r\n\r\nNetzwerkinformationen:\r\n\tArbeitsstationsname:\t-\r\n\tQuellnetzwerkadresse:\t::1\r\n\tQuellport:\t\t0\r\n\r\nDetaillierte Authentifizierungsinformationen:\r\n\tAnmeldeprozess:\t\tKerberos\r\n\tAuthentifizierungspaket:\tKerberos\r\n\tÜbertragene Dienste:\t-\r\n\tPaketname (nur NTLM):\t-\r\n\tSchlüssellänge:\t\t0\r\n\r\nDieses Ereignis wird beim Erstellen einer Anmeldesitzung generiert. Es wird auf dem Computer generiert, auf den zugegriffen wurde.\r\n\r\nDie Antragstellerfelder geben das Konto auf dem lokalen System an, von dem die Anmeldung angefordert wurde. Dies ist meistens ein Dienst wie der Serverdienst oder ein lokaler Prozess wie Winlogon.exe oder Services.exe.\r\n\r\nDas Anmeldetypfeld gibt den jeweiligen Anmeldetyp an. Die häufigsten Typen sind 2 (interaktiv) und 3 (Netzwerk).\r\n\r\nDie Felder für die neue Anmeldung geben das Konto an, für das die neue Anmeldung erstellt wurde, d. h. das angemeldete Konto.\r\n\r\nDie Netzwerkfelder geben den Ursprung einer Remoteanmeldeanforderung an. Der Arbeitsstationsname ist nicht immer verfügbar und kann in manchen Fällen leer bleiben.\r\n\r\nDas Feld für die Identitätswechselebene gibt an, in welchem Umfang ein Prozess in der Anmeldesitzung einen Identitätswechsel vornehmen kann.\r\n\r\nDie Felder für die Authentifizierungsinformationen enthalten detaillierte Informationen zu dieser spezifische Anmeldeanforderung.\r\n\t– Die Anmelde-GUID ist ein eindeutiger Bezeichner, der verwendet werden kann, um dieses Ereignis mit einem KDC-Ereignis zu korrelieren.\r\n\t– Die übertragenen Dienste geben an, welche Zwischendienste an der Anmeldeanforderung beteiligt waren.\r\n\t– Der Paketname gibt das in den NTLM-Protokollen verwendete Unterprotokoll an.\r\n\t– Die Schlüssellänge gibt die Länge des generierten Sitzungsschlüssels an. Wenn kein Sitzungsschlüssel angefordert wurde, ist dieser Wert 0.\"",
          "version": "3",
          "systemTime": "2026-05-26T07:05:12.2684089Z",
          "eventRecordID": "1719089",
          "threadID": "4564",
          "computer": "DEV-MINISFORUM.arzw.local",
          "task": "12544",
          "processID": "1760",
          "severityValue": "AUDIT_SUCCESS",
          "providerName": "Microsoft-Windows-Security-Auditing"
        }
      }
    },
    "rule": {
      "mail": false,
      "level": 3,
      "pci_dss": [
        "10.2.5"
      ],
      "hipaa": [
        "164.312.b"
      ],
      "tsc": [
        "CC6.8",
        "CC7.2",
        "CC7.3"
      ],
      "description": "Windows Logon Success",
      "groups": [
        "windows",
        "windows_security",
        "authentication_success"
      ],
      "nist_800_53": [
        "AU.14",
        "AC.9"
      ],
      "gdpr": [
        "IV_32.2"
      ],
      "firedtimes": 6,
      "mitre": {
        "technique": [
          "Valid Accounts"
        ],
        "id": [
          "T1078"
        ],
        "tactic": [
          "Defense Evasion",
          "Persistence",
          "Privilege Escalation",
          "Initial Access"
        ]
      },
      "id": "60106",
      "gpg13": [
        "7.1",
        "7.2"
      ]
    },
    "location": "EventChannel",
    "decoder": {
      "name": "windows_eventchannel"
    },
    "id": "1779779113.14430624",
    "timestamp": "2026-05-26T07:05:13.258+0000"
  },
  {
    "input": {
      "type": "log"
    },
    "agent": {
      "ip": "172.21.5.66",
      "name": "Minis-forum_development",
      "id": "089"
    },
    "manager": {
      "name": "wazuh.manager"
    },
    "data": {
      "win": {
        "eventdata": {
          "targetLogonId": "0x10f5f7205",
          "targetUserName": "DEV-MINISFORUM$",
          "targetDomainName": "ARZW",
          "targetUserSid": "S-1-5-18",
          "logonType": "3"
        },
        "system": {
          "eventID": "4634",
          "keywords": "0x8020000000000000",
          "providerGuid": "{54849625-5478-4994-a5ba-3e3b0328c30d}",
          "level": "0",
          "channel": "Security",
          "opcode": "0",
          "message": "\"Ein Konto wurde abgemeldet.\r\n\r\nAntragsteller:\r\n\tSicherheits-ID:\t\tS-1-5-18\r\n\tKontoname:\t\tDEV-MINISFORUM$\r\n\tKontodomäne:\t\tARZW\r\n\tAnmelde-ID:\t\t0x10F5F7205\r\n\r\nAnmeldetyp:\t\t\t3\r\n\r\nDieses Ereignis wird generiert, wenn eine Anmeldesitzung zerstört wird. Es kann anhand des Wertes der Anmelde-ID positiv mit einem Anmeldeereignis korreliert werden. Anmelde-IDs sind nur zwischen Neustarts auf demselben Computer eindeutig.\"",
          "version": "0",
          "systemTime": "2026-05-26T07:05:12.2659269Z",
          "eventRecordID": "1719087",
          "threadID": "1892",
          "computer": "DEV-MINISFORUM.arzw.local",
          "task": "12545",
          "processID": "1760",
          "severityValue": "AUDIT_SUCCESS",
          "providerName": "Microsoft-Windows-Security-Auditing"
        }
      }
    },
    "rule": {
      "firedtimes": 5,
      "mail": false,
      "level": 3,
      "pci_dss": [
        "10.2.5"
      ],
      "hipaa": [
        "164.312.b"
      ],
      "tsc": [
        "CC6.8",
        "CC7.2",
        "CC7.3"
      ],
      "description": "Windows User Logoff",
      "groups": [
        "windows",
        "windows_security"
      ],
      "id": "60137",
      "nist_800_53": [
        "AU.14",
        "AC.7"
      ],
      "gdpr": [
        "IV_32.2"
      ]
    },
    "location": "EventChannel",
    "decoder": {
      "name": "windows_eventchannel"
    },
    "id": "1779779113.14428139",
    "timestamp": "2026-05-26T07:05:13.245+0000"
  },
  {
    "input": {
      "type": "log"
    },
    "agent": {
      "ip": "172.21.5.66",
      "name": "Minis-forum_development",
      "id": "089"
    },
    "manager": {
      "name": "wazuh.manager"
    },
    "data": {
      "win": {
        "eventdata": {
          "subjectLogonId": "0x0",
          "targetLinkedLogonId": "0x0",
          "impersonationLevel": "%%1833",
          "ipAddress": "::1",
          "authenticationPackageName": "Kerberos",
          "targetLogonId": "0x10f5f7205",
          "logonProcessName": "Kerberos",
          "logonGuid": "{2b3d00fd-0bb7-2740-8663-038d03f943f9}",
          "targetUserName": "DEV-MINISFORUM$",
          "keyLength": "0",
          "elevatedToken": "%%1842",
          "subjectUserSid": "S-1-0-0",
          "processId": "0x0",
          "ipPort": "0",
          "targetDomainName": "ARZW.LOCAL",
          "targetUserSid": "S-1-5-18",
          "virtualAccount": "%%1843",
          "logonType": "3"
        },
        "system": {
          "eventID": "4624",
          "keywords": "0x8020000000000000",
          "providerGuid": "{54849625-5478-4994-a5ba-3e3b0328c30d}",
          "level": "0",
          "channel": "Security",
          "opcode": "0",
          "message": "\"Ein Konto wurde erfolgreich angemeldet.\r\n\r\nAntragsteller:\r\n\tSicherheits-ID:\t\tS-1-0-0\r\n\tKontoname:\t\t-\r\n\tKontodomäne:\t\t-\r\n\tAnmelde-ID:\t\t0x0\r\n\r\nAnmeldeinformationen:\r\n\tAnmeldetyp:\t\t3\r\n\tEingeschränkter Administratormodus:\t-\r\n\tRemote Credential Guard:\t-\r\n\tVirtuelles Konto:\t\tNein\r\n\tToken mit erhöhten Rechten:\t\tJa\r\n\r\nIdentitätswechselebene:\t\tIdentitätswechsel\r\n\r\nNeue Anmeldung:\r\n\tSicherheits-ID:\t\tS-1-5-18\r\n\tKontoname:\t\tDEV-MINISFORUM$\r\n\tKontodomäne:\t\tARZW.LOCAL\r\n\tAnmelde-ID:\t\t0x10F5F7205\r\n\tVerknüpfte Anmelde-ID:\t\t0x0\r\n\tNetzwerk-Kontoname:\t-\r\n\tNetzwerk-Kontodomäne:\t-\r\n\tAnmelde-GUID:\t\t{2b3d00fd-0bb7-2740-8663-038d03f943f9}\r\n\r\nProzessinformationen:\r\n\tProzess-ID:\t\t0x0\r\n\tProzessname:\t\t-\r\n\r\nNetzwerkinformationen:\r\n\tArbeitsstationsname:\t-\r\n\tQuellnetzwerkadresse:\t::1\r\n\tQuellport:\t\t0\r\n\r\nDetaillierte Authentifizierungsinformationen:\r\n\tAnmeldeprozess:\t\tKerberos\r\n\tAuthentifizierungspaket:\tKerberos\r\n\tÜbertragene Dienste:\t-\r\n\tPaketname (nur NTLM):\t-\r\n\tSchlüssellänge:\t\t0\r\n\r\nDieses Ereignis wird beim Erstellen einer Anmeldesitzung generiert. Es wird auf dem Computer generiert, auf den zugegriffen wurde.\r\n\r\nDie Antragstellerfelder geben das Konto auf dem lokalen System an, von dem die Anmeldung angefordert wurde. Dies ist meistens ein Dienst wie der Serverdienst oder ein lokaler Prozess wie Winlogon.exe oder Services.exe.\r\n\r\nDas Anmeldetypfeld gibt den jeweiligen Anmeldetyp an. Die häufigsten Typen sind 2 (interaktiv) und 3 (Netzwerk).\r\n\r\nDie Felder für die neue Anmeldung geben das Konto an, für das die neue Anmeldung erstellt wurde, d. h. das angemeldete Konto.\r\n\r\nDie Netzwerkfelder geben den Ursprung einer Remoteanmeldeanforderung an. Der Arbeitsstationsname ist nicht immer verfügbar und kann in manchen Fällen leer bleiben.\r\n\r\nDas Feld für die Identitätswechselebene gibt an, in welchem Umfang ein Prozess in der Anmeldesitzung einen Identitätswechsel vornehmen kann.\r\n\r\nDie Felder für die Authentifizierungsinformationen enthalten detaillierte Informationen zu dieser spezifische Anmeldeanforderung.\r\n\t– Die Anmelde-GUID ist ein eindeutiger Bezeichner, der verwendet werden kann, um dieses Ereignis mit einem KDC-Ereignis zu korrelieren.\r\n\t– Die übertragenen Dienste geben an, welche Zwischendienste an der Anmeldeanforderung beteiligt waren.\r\n\t– Der Paketname gibt das in den NTLM-Protokollen verwendete Unterprotokoll an.\r\n\t– Die Schlüssellänge gibt die Länge des generierten Sitzungsschlüssels an. Wenn kein Sitzungsschlüssel angefordert wurde, ist dieser Wert 0.\"",
          "version": "3",
          "systemTime": "2026-05-26T07:05:09.3974949Z",
          "eventRecordID": "1719086",
          "threadID": "1892",
          "computer": "DEV-MINISFORUM.arzw.local",
          "task": "12544",
          "processID": "1760",
          "severityValue": "AUDIT_SUCCESS",
          "providerName": "Microsoft-Windows-Security-Auditing"
        }
      }
    },
    "rule": {
      "mail": false,
      "level": 3,
      "pci_dss": [
        "10.2.5"
      ],
      "hipaa": [
        "164.312.b"
      ],
      "tsc": [
        "CC6.8",
        "CC7.2",
        "CC7.3"
      ],
      "description": "Windows Logon Success",
      "groups": [
        "windows",
        "windows_security",
        "authentication_success"
      ],
      "nist_800_53": [
        "AU.14",
        "AC.9"
      ],
      "gdpr": [
        "IV_32.2"
      ],
      "firedtimes": 5,
      "mitre": {
        "technique": [
          "Valid Accounts"
        ],
        "id": [
          "T1078"
        ],
        "tactic": [
          "Defense Evasion",
          "Persistence",
          "Privilege Escalation",
          "Initial Access"
        ]
      },
      "id": "60106",
      "gpg13": [
        "7.1",
        "7.2"
      ]
    },
    "location": "EventChannel",
    "decoder": {
      "name": "windows_eventchannel"
    },
    "id": "1779779110.14420411",
    "timestamp": "2026-05-26T07:05:10.380+0000"
  },
  {
    "input": {
      "type": "log"
    },
    "agent": {
      "ip": "172.21.5.66",
      "name": "Minis-forum_development",
      "id": "089"
    },
    "manager": {
      "name": "wazuh.manager"
    },
    "data": {
      "win": {
        "eventdata": {
          "data": "2126-05-02T07:04:18Z, RulesEngine"
        },
        "system": {
          "eventID": "16384",
          "eventSourceName": "Software Protection Platform Service",
          "keywords": "0x80000000000000",
          "providerGuid": "{E23B33B0-C8C9-472C-A5F9-F2BDFEA0F156}",
          "level": "4",
          "channel": "Application",
          "opcode": "0",
          "message": "\"Der Softwareschutzdienst wurde erfolgreich für den erneuten Start bei 2126-05-02T07:04:18Z geplant. Grund: RulesEngine.\"",
          "version": "0",
          "systemTime": "2026-05-26T07:04:18.3884920Z",
          "eventRecordID": "75158",
          "threadID": "0",
          "computer": "DEV-MINISFORUM.arzw.local",
          "task": "0",
          "processID": "20692",
          "severityValue": "INFORMATION",
          "providerName": "Microsoft-Windows-Security-SPP"
        }
      }
    },
    "rule": {
      "firedtimes": 11,
      "mail": false,
      "level": 3,
      "description": "Software protection service scheduled successfully.",
      "groups": [
        "windows",
        "windows_application"
      ],
      "id": "60642"
    },
    "location": "EventChannel",
    "decoder": {
      "name": "windows_eventchannel"
    },
    "id": "1779779058.14402974",
    "timestamp": "2026-05-26T07:04:18.107+0000"
  },
  {
    "input": {
      "type": "log"
    },
    "agent": {
      "ip": "172.21.5.66",
      "name": "Minis-forum_development",
      "id": "089"
    },
    "manager": {
      "name": "wazuh.manager"
    },
    "data": {
      "win": {
        "eventdata": {
          "data": "2126-05-02T06:47:56Z, RulesEngine"
        },
        "system": {
          "eventID": "16384",
          "eventSourceName": "Software Protection Platform Service",
          "keywords": "0x80000000000000",
          "providerGuid": "{E23B33B0-C8C9-472C-A5F9-F2BDFEA0F156}",
          "level": "4",
          "channel": "Application",
          "opcode": "0",
          "message": "\"Der Softwareschutzdienst wurde erfolgreich für den erneuten Start bei 2126-05-02T06:47:56Z geplant. Grund: RulesEngine.\"",
          "version": "0",
          "systemTime": "2026-05-26T06:47:56.8879821Z",
          "eventRecordID": "75156",
          "threadID": "0",
          "computer": "DEV-MINISFORUM.arzw.local",
          "task": "0",
          "processID": "2340",
          "severityValue": "INFORMATION",
          "providerName": "Microsoft-Windows-Security-SPP"
        }
      }
    },
    "rule": {
      "firedtimes": 124,
      "mail": false,
      "level": 3,
      "description": "Software protection service scheduled successfully.",
      "groups": [
        "windows",
        "windows_application"
      ],
      "id": "60642"
    },
    "location": "EventChannel",
    "decoder": {
      "name": "windows_eventchannel"
    },
    "id": "1779778076.13370359",
    "timestamp": "2026-05-26T06:47:56.581+0000"
  },
  {
    "input": {
      "type": "log"
    },
    "agent": {
      "ip": "172.21.5.66",
      "name": "Minis-forum_development",
      "id": "089"
    },
    "manager": {
      "name": "wazuh.manager"
    },
    "data": {
      "win": {
        "eventdata": {
          "data": "2126-05-02T06:17:56Z, RulesEngine"
        },
        "system": {
          "eventID": "16384",
          "eventSourceName": "Software Protection Platform Service",
          "keywords": "0x80000000000000",
          "providerGuid": "{E23B33B0-C8C9-472C-A5F9-F2BDFEA0F156}",
          "level": "4",
          "channel": "Application",
          "opcode": "0",
          "message": "\"Der Softwareschutzdienst wurde erfolgreich für den erneuten Start bei 2126-05-02T06:17:56Z geplant. Grund: RulesEngine.\"",
          "version": "0",
          "systemTime": "2026-05-26T06:17:56.7058463Z",
          "eventRecordID": "75152",
          "threadID": "0",
          "computer": "DEV-MINISFORUM.arzw.local",
          "task": "0",
          "processID": "29496",
          "severityValue": "INFORMATION",
          "providerName": "Microsoft-Windows-Security-SPP"
        }
      }
    },
    "rule": {
      "firedtimes": 44,
      "mail": false,
      "level": 3,
      "description": "Software protection service scheduled successfully.",
      "groups": [
        "windows",
        "windows_application"
      ],
      "id": "60642"
    },
    "location": "EventChannel",
    "decoder": {
      "name": "windows_eventchannel"
    },
    "id": "1779776276.12106551",
    "timestamp": "2026-05-26T06:17:56.417+0000"
  },
  {
    "input": {
      "type": "log"
    },
    "agent": {
      "ip": "172.21.5.66",
      "name": "Minis-forum_development",
      "id": "089"
    },
    "manager": {
      "name": "wazuh.manager"
    },
    "data": {
      "win": {
        "eventdata": {
          "data": "2126-05-02T06:10:17Z, RulesEngine"
        },
        "system": {
          "eventID": "16384",
          "eventSourceName": "Software Protection Platform Service",
          "keywords": "0x80000000000000",
          "providerGuid": "{E23B33B0-C8C9-472C-A5F9-F2BDFEA0F156}",
          "level": "4",
          "channel": "Application",
          "opcode": "0",
          "message": "\"Der Softwareschutzdienst wurde erfolgreich für den erneuten Start bei 2126-05-02T06:10:17Z geplant. Grund: RulesEngine.\"",
          "version": "0",
          "systemTime": "2026-05-26T06:10:17.1060949Z",
          "eventRecordID": "75150",
          "threadID": "0",
          "computer": "DEV-MINISFORUM.arzw.local",
          "task": "0",
          "processID": "10816",
          "severityValue": "INFORMATION",
          "providerName": "Microsoft-Windows-Security-SPP"
        }
      }
    },
    "rule": {
      "firedtimes": 25,
      "mail": false,
      "level": 3,
      "description": "Software protection service scheduled successfully.",
      "groups": [
        "windows",
        "windows_application"
      ],
      "id": "60642"
    },
    "location": "EventChannel",
    "decoder": {
      "name": "windows_eventchannel"
    },
    "id": "1779775816.11502473",
    "timestamp": "2026-05-26T06:10:16.821+0000"
  },
  {
    "input": {
      "type": "log"
    },
    "agent": {
      "ip": "172.21.5.66",
      "name": "Minis-forum_development",
      "id": "089"
    },
    "manager": {
      "name": "wazuh.manager"
    },
    "data": {
      "win": {
        "eventdata": {
          "data": "2126-05-02T05:58:13Z, RulesEngine"
        },
        "system": {
          "eventID": "16384",
          "eventSourceName": "Software Protection Platform Service",
          "keywords": "0x80000000000000",
          "providerGuid": "{E23B33B0-C8C9-472C-A5F9-F2BDFEA0F156}",
          "level": "4",
          "channel": "Application",
          "opcode": "0",
          "message": "\"Der Softwareschutzdienst wurde erfolgreich für den erneuten Start bei 2126-05-02T05:58:13Z geplant. Grund: RulesEngine.\"",
          "version": "0",
          "systemTime": "2026-05-26T05:58:13.1611056Z",
          "eventRecordID": "75148",
          "threadID": "0",
          "computer": "DEV-MINISFORUM.arzw.local",
          "task": "0",
          "processID": "22120",
          "severityValue": "INFORMATION",
          "providerName": "Microsoft-Windows-Security-SPP"
        }
      }
    },
    "rule": {
      "firedtimes": 129,
      "mail": false,
      "level": 3,
      "description": "Software protection service scheduled successfully.",
      "groups": [
        "windows",
        "windows_application"
      ],
      "id": "60642"
    },
    "location": "EventChannel",
    "decoder": {
      "name": "windows_eventchannel"
    },
    "id": "1779775092.10943128",
    "timestamp": "2026-05-26T05:58:12.884+0000"
  },
  {
    "input": {
      "type": "log"
    },
    "agent": {
      "ip": "172.21.5.66",
      "name": "Minis-forum_development",
      "id": "089"
    },
    "manager": {
      "name": "wazuh.manager"
    },
    "data": {
      "win": {
        "eventdata": {
          "data": "2126-05-02T05:47:57Z, RulesEngine"
        },
        "system": {
          "eventID": "16384",
          "eventSourceName": "Software Protection Platform Service",
          "keywords": "0x80000000000000",
          "providerGuid": "{E23B33B0-C8C9-472C-A5F9-F2BDFEA0F156}",
          "level": "4",
          "channel": "Application",
          "opcode": "0",
          "message": "\"Der Softwareschutzdienst wurde erfolgreich für den erneuten Start bei 2126-05-02T05:47:57Z geplant. Grund: RulesEngine.\"",
          "version": "0",
          "systemTime": "2026-05-26T05:47:57.9947187Z",
          "eventRecordID": "75146",
          "threadID": "0",
          "computer": "DEV-MINISFORUM.arzw.local",
          "task": "0",
          "processID": "28432",
          "severityValue": "INFORMATION",
          "providerName": "Microsoft-Windows-Security-SPP"
        }
      }
    },
    "rule": {
      "firedtimes": 107,
      "mail": false,
      "level": 3,
      "description": "Software protection service scheduled successfully.",
      "groups": [
        "windows",
        "windows_application"
      ],
      "id": "60642"
    },
    "location": "EventChannel",
    "decoder": {
      "name": "windows_eventchannel"
    },
    "id": "1779774477.10583108",
    "timestamp": "2026-05-26T05:47:57.724+0000"
  },
  {
    "input": {
      "type": "log"
    },
    "agent": {
      "ip": "172.21.5.66",
      "name": "Minis-forum_development",
      "id": "089"
    },
    "manager": {
      "name": "wazuh.manager"
    },
    "data": {
      "win": {
        "eventdata": {
          "data": "2126-05-02T05:40:40Z, RulesEngine"
        },
        "system": {
          "eventID": "16384",
          "eventSourceName": "Software Protection Platform Service",
          "keywords": "0x80000000000000",
          "providerGuid": "{E23B33B0-C8C9-472C-A5F9-F2BDFEA0F156}",
          "level": "4",
          "channel": "Application",
          "opcode": "0",
          "message": "\"Der Softwareschutzdienst wurde erfolgreich für den erneuten Start bei 2126-05-02T05:40:40Z geplant. Grund: RulesEngine.\"",
          "version": "0",
          "systemTime": "2026-05-26T05:40:40.9656694Z",
          "eventRecordID": "75144",
          "threadID": "0",
          "computer": "DEV-MINISFORUM.arzw.local",
          "task": "0",
          "processID": "25668",
          "severityValue": "INFORMATION",
          "providerName": "Microsoft-Windows-Security-SPP"
        }
      }
    },
    "rule": {
      "firedtimes": 95,
      "mail": false,
      "level": 3,
      "description": "Software protection service scheduled successfully.",
      "groups": [
        "windows",
        "windows_application"
      ],
      "id": "60642"
    },
    "location": "EventChannel",
    "decoder": {
      "name": "windows_eventchannel"
    },
    "id": "1779774040.10382228",
    "timestamp": "2026-05-26T05:40:40.699+0000"
  },
