  {
    "input": {
      "type": "log"
    },
    "agent": {
      "ip": "172.21.5.132",
      "name": "MINI-PC-MINISFORUM",
      "id": "075"
    },
    "manager": {
      "name": "wazuh.manager"
    },
    "data": {
      "win": {
        "eventdata": {
          "subjectLogonId": "0x0",
          "targetLinkedLogonId": "0x0",
          "impersonationLevel": "%%1833",
          "ipAddress": "::1",
          "authenticationPackageName": "Kerberos",
          "targetLogonId": "0x8bc30d3a",
          "logonProcessName": "Kerberos",
          "logonGuid": "{bb1c8e06-033c-4e32-c998-472460883c92}",
          "targetUserName": "PROD-MINISFORUM$",
          "keyLength": "0",
          "elevatedToken": "%%1842",
          "subjectUserSid": "S-1-0-0",
          "processId": "0x0",
          "ipPort": "0",
          "targetDomainName": "ARZW.LOCAL",
          "targetUserSid": "S-1-5-18",
          "virtualAccount": "%%1843",
          "logonType": "3"
        },
        "system": {
          "eventID": "4624",
          "keywords": "0x8020000000000000",
          "providerGuid": "{54849625-5478-4994-a5ba-3e3b0328c30d}",
          "level": "0",
          "channel": "Security",
          "opcode": "0",
          "message": "\"Ein Konto wurde erfolgreich angemeldet.\r\n\r\nAntragsteller:\r\n\tSicherheits-ID:\t\tS-1-0-0\r\n\tKontoname:\t\t-\r\n\tKontodomäne:\t\t-\r\n\tAnmelde-ID:\t\t0x0\r\n\r\nAnmeldeinformationen:\r\n\tAnmeldetyp:\t\t3\r\n\tEingeschränkter Administratormodus:\t-\r\n\tRemote Credential Guard:\t-\r\n\tVirtuelles Konto:\t\tNein\r\n\tToken mit erhöhten Rechten:\t\tJa\r\n\r\nIdentitätswechselebene:\t\tIdentitätswechsel\r\n\r\nNeue Anmeldung:\r\n\tSicherheits-ID:\t\tS-1-5-18\r\n\tKontoname:\t\tPROD-MINISFORUM$\r\n\tKontodomäne:\t\tARZW.LOCAL\r\n\tAnmelde-ID:\t\t0x8BC30D3A\r\n\tVerknüpfte Anmelde-ID:\t\t0x0\r\n\tNetzwerk-Kontoname:\t-\r\n\tNetzwerk-Kontodomäne:\t-\r\n\tAnmelde-GUID:\t\t{bb1c8e06-033c-4e32-c998-472460883c92}\r\n\r\nProzessinformationen:\r\n\tProzess-ID:\t\t0x0\r\n\tProzessname:\t\t-\r\n\r\nNetzwerkinformationen:\r\n\tArbeitsstationsname:\t-\r\n\tQuellnetzwerkadresse:\t::1\r\n\tQuellport:\t\t0\r\n\r\nDetaillierte Authentifizierungsinformationen:\r\n\tAnmeldeprozess:\t\tKerberos\r\n\tAuthentifizierungspaket:\tKerberos\r\n\tÜbertragene Dienste:\t-\r\n\tPaketname (nur NTLM):\t-\r\n\tSchlüssellänge:\t\t0\r\n\r\nDieses Ereignis wird beim Erstellen einer Anmeldesitzung generiert. Es wird auf dem Computer generiert, auf den zugegriffen wurde.\r\n\r\nDie Antragstellerfelder geben das Konto auf dem lokalen System an, von dem die Anmeldung angefordert wurde. Dies ist meistens ein Dienst wie der Serverdienst oder ein lokaler Prozess wie Winlogon.exe oder Services.exe.\r\n\r\nDas Anmeldetypfeld gibt den jeweiligen Anmeldetyp an. Die häufigsten Typen sind 2 (interaktiv) und 3 (Netzwerk).\r\n\r\nDie Felder für die neue Anmeldung geben das Konto an, für das die neue Anmeldung erstellt wurde, d. h. das angemeldete Konto.\r\n\r\nDie Netzwerkfelder geben den Ursprung einer Remoteanmeldeanforderung an. Der Arbeitsstationsname ist nicht immer verfügbar und kann in manchen Fällen leer bleiben.\r\n\r\nDas Feld für die Identitätswechselebene gibt an, in welchem Umfang ein Prozess in der Anmeldesitzung einen Identitätswechsel vornehmen kann.\r\n\r\nDie Felder für die Authentifizierungsinformationen enthalten detaillierte Informationen zu dieser spezifische Anmeldeanforderung.\r\n\t– Die Anmelde-GUID ist ein eindeutiger Bezeichner, der verwendet werden kann, um dieses Ereignis mit einem KDC-Ereignis zu korrelieren.\r\n\t– Die übertragenen Dienste geben an, welche Zwischendienste an der Anmeldeanforderung beteiligt waren.\r\n\t– Der Paketname gibt das in den NTLM-Protokollen verwendete Unterprotokoll an.\r\n\t– Die Schlüssellänge gibt die Länge des generierten Sitzungsschlüssels an. Wenn kein Sitzungsschlüssel angefordert wurde, ist dieser Wert 0.\"",
          "version": "3",
          "systemTime": "2026-05-25T12:43:16.6016446Z",
          "eventRecordID": "1723569",
          "threadID": "86524",
          "computer": "PROD-MINISFORUM.arzw.local",
          "task": "12544",
          "processID": "1836",
          "severityValue": "AUDIT_SUCCESS",
          "providerName": "Microsoft-Windows-Security-Auditing"
        }
      }
    },
    "rule": {
      "mail": false,
      "level": 3,
      "pci_dss": [
        "10.2.5"
      ],
      "hipaa": [
        "164.312.b"
      ],
      "tsc": [
        "CC6.8",
        "CC7.2",
        "CC7.3"
      ],
      "description": "Windows Logon Success",
      "groups": [
        "windows",
        "windows_security",
        "authentication_success"
      ],
      "nist_800_53": [
        "AU.14",
        "AC.9"
      ],
      "gdpr": [
        "IV_32.2"
      ],
      "firedtimes": 7,
      "mitre": {
        "technique": [
          "Valid Accounts"
        ],
        "id": [
          "T1078"
        ],
        "tactic": [
          "Defense Evasion",
          "Persistence",
          "Privilege Escalation",
          "Initial Access"
        ]
      },
      "id": "60106",
      "gpg13": [
        "7.1",
        "7.2"
      ]
    },
    "location": "EventChannel",
    "decoder": {
      "name": "windows_eventchannel"
    },
    "id": "1779712997.7280380",
    "timestamp": "2026-05-25T12:43:17.898+0000"
  },
  {
    "input": {
      "type": "log"
    },
    "agent": {
      "ip": "172.21.5.132",
      "name": "MINI-PC-MINISFORUM",
      "id": "075"
    },
    "manager": {
      "name": "wazuh.manager"
    },
    "data": {
      "win": {
        "eventdata": {
          "data": "Visual C++ Library CRT ARM64 Appx Package, 14.51.36244, 1033, 0, Microsoft Corporation",
          "binary": "7B36343834333445442D343143442D343445322D424432302D4131434634304232423736337D3030303037636161383031653839356464663234376263356564656238663961633133643030303030393034"
        },
        "system": {
          "eventID": "1033",
          "keywords": "0x80000000000000",
          "level": "4",
          "channel": "Application",
          "opcode": "0",
          "message": "\"Das Produkt wurde durch Windows Installer installiert. Produktname: Visual C++ Library CRT ARM64 Appx Package. Produktversion: 14.51.36244. Produktsprache: 1033. Hersteller: Microsoft Corporation. Erfolg- bzw. Fehlerstatus der Installation: 0.\"",
          "version": "0",
          "systemTime": "2026-05-25T12:28:27.7496267Z",
          "eventRecordID": "75745",
          "threadID": "0",
          "computer": "PROD-MINISFORUM.arzw.local",
          "task": "0",
          "processID": "138384",
          "severityValue": "INFORMATION",
          "providerName": "MsiInstaller"
        }
      }
    },
    "rule": {
      "firedtimes": 12,
      "mail": false,
      "level": 3,
      "description": "Application installed Visual C++ Library CRT ARM64 Appx Package, 14.51.36244, 1033, 0, Microsoft Corporation.",
      "groups": [
        "windows",
        "windows_application"
      ],
      "id": "60612"
    },
    "location": "EventChannel",
    "decoder": {
      "name": "windows_eventchannel"
    },
    "id": "1779712107.7080628",
    "timestamp": "2026-05-25T12:28:27.779+0000"
  },
  {
    "input": {
      "type": "log"
    },
    "agent": {
      "ip": "172.21.5.132",
      "name": "MINI-PC-MINISFORUM",
      "id": "075"
    },
    "manager": {
      "name": "wazuh.manager"
    },
    "data": {
      "win": {
        "eventdata": {
          "data": "Product: Visual C++ Library CRT ARM64 Appx Package -- Installation completed successfully.",
          "binary": "7B36343834333445442D343143442D343445322D424432302D4131434634304232423736337D"
        },
        "system": {
          "eventID": "11707",
          "keywords": "0x80000000000000",
          "level": "4",
          "channel": "Application",
          "opcode": "0",
          "message": "\"Product: Visual C++ Library CRT ARM64 Appx Package -- Installation completed successfully.\"",
          "version": "0",
          "systemTime": "2026-05-25T12:28:27.7489322Z",
          "eventRecordID": "75744",
          "threadID": "0",
          "computer": "PROD-MINISFORUM.arzw.local",
          "task": "0",
          "processID": "138384",
          "severityValue": "INFORMATION",
          "providerName": "MsiInstaller"
        }
      }
    },
    "rule": {
      "firedtimes": 11,
      "mail": false,
      "level": 3,
      "description": "Application installed Product: Visual C++ Library CRT ARM64 Appx Package -- Installation completed successfully..",
      "groups": [
        "windows",
        "windows_application"
      ],
      "id": "60612"
    },
    "location": "EventChannel",
    "decoder": {
      "name": "windows_eventchannel"
    },
    "id": "1779712107.7078949",
    "timestamp": "2026-05-25T12:28:27.758+0000"
  },
  {
    "input": {
      "type": "log"
    },
    "agent": {
      "ip": "172.21.5.132",
      "name": "MINI-PC-MINISFORUM",
      "id": "075"
    },
    "manager": {
      "name": "wazuh.manager"
    },
    "data": {
      "win": {
        "eventdata": {
          "data": "C:\\\\ProgramData\\\\Microsoft\\\\VisualStudio\\\\Packages\\\\Microsoft.VisualCpp.CRT.Appx.ARM64.Msi,version=14.51.36244\\\\VC_CRT.Appx.ARM64.msi, 142276"
        },
        "system": {
          "eventID": "1040",
          "keywords": "0x80000000000000",
          "level": "4",
          "channel": "Application",
          "opcode": "0",
          "message": "\"Eine Windows Installer-Transaktion wird gestartet: C:\\ProgramData\\Microsoft\\VisualStudio\\Packages\\Microsoft.VisualCpp.CRT.Appx.ARM64.Msi,version=14.51.36244\\VC_CRT.Appx.ARM64.msi. Clientprozess-ID: 142276.\"",
          "version": "0",
          "systemTime": "2026-05-25T12:28:27.3830672Z",
          "eventRecordID": "75743",
          "threadID": "0",
          "computer": "PROD-MINISFORUM.arzw.local",
          "task": "0",
          "processID": "138384",
          "severityValue": "INFORMATION",
          "providerName": "MsiInstaller"
        }
      }
    },
    "rule": {
      "firedtimes": 11,
      "mail": false,
      "level": 3,
      "description": "Windows installer began an installation process.",
      "groups": [
        "windows",
        "windows_application"
      ],
      "id": "60610"
    },
    "location": "EventChannel",
    "decoder": {
      "name": "windows_eventchannel"
    },
    "id": "1779712107.7077174",
    "timestamp": "2026-05-25T12:28:27.395+0000"
  },
  {
    "input": {
      "type": "log"
    },
    "agent": {
      "ip": "172.21.5.132",
      "name": "MINI-PC-MINISFORUM",
      "id": "075"
    },
    "manager": {
      "name": "wazuh.manager"
    },
    "data": {
      "win": {
        "eventdata": {
          "data": "Visual C++ Library CRT Desktop Appx Package, 14.51.36244, 1033, 0, Microsoft Corporation",
          "binary": "7B41314233313437462D334339432D343936312D394445452D4238424441303635363443307D3030303039346136613737343336326330653135626233396161373537303135636337663030303030393034"
        },
        "system": {
          "eventID": "1033",
          "keywords": "0x80000000000000",
          "level": "4",
          "channel": "Application",
          "opcode": "0",
          "message": "\"Das Produkt wurde durch Windows Installer installiert. Produktname: Visual C++ Library CRT Desktop Appx Package. Produktversion: 14.51.36244. Produktsprache: 1033. Hersteller: Microsoft Corporation. Erfolg- bzw. Fehlerstatus der Installation: 0.\"",
          "version": "0",
          "systemTime": "2026-05-25T12:28:27.1790265Z",
          "eventRecordID": "75741",
          "threadID": "0",
          "computer": "PROD-MINISFORUM.arzw.local",
          "task": "0",
          "processID": "138384",
          "severityValue": "INFORMATION",
          "providerName": "MsiInstaller"
        }
      }
    },
    "rule": {
      "firedtimes": 10,
      "mail": false,
      "level": 3,
      "description": "Application installed Visual C++ Library CRT Desktop Appx Package, 14.51.36244, 1033, 0, Microsoft Corporation.",
      "groups": [
        "windows",
        "windows_application"
      ],
      "id": "60612"
    },
    "location": "EventChannel",
    "decoder": {
      "name": "windows_eventchannel"
    },
    "id": "1779712107.7075017",
    "timestamp": "2026-05-25T12:28:27.206+0000"
  },
  {
    "input": {
      "type": "log"
    },
    "agent": {
      "ip": "172.21.5.132",
      "name": "MINI-PC-MINISFORUM",
      "id": "075"
    },
    "manager": {
      "name": "wazuh.manager"
    },
    "data": {
      "win": {
        "eventdata": {
          "data": "Product: Visual C++ Library CRT Desktop Appx Package -- Installation completed successfully.",
          "binary": "7B41314233313437462D334339432D343936312D394445452D4238424441303635363443307D"
        },
        "system": {
          "eventID": "11707",
          "keywords": "0x80000000000000",
          "level": "4",
          "channel": "Application",
          "opcode": "0",
          "message": "\"Product: Visual C++ Library CRT Desktop Appx Package -- Installation completed successfully.\"",
          "version": "0",
          "systemTime": "2026-05-25T12:28:27.1780144Z",
          "eventRecordID": "75740",
          "threadID": "0",
          "computer": "PROD-MINISFORUM.arzw.local",
          "task": "0",
          "processID": "138384",
          "severityValue": "INFORMATION",
          "providerName": "MsiInstaller"
        }
      }
    },
    "rule": {
      "firedtimes": 9,
      "mail": false,
      "level": 3,
      "description": "Application installed Product: Visual C++ Library CRT Desktop Appx Package -- Installation completed successfully..",
      "groups": [
        "windows",
        "windows_application"
      ],
      "id": "60612"
    },
    "location": "EventChannel",
    "decoder": {
      "name": "windows_eventchannel"
    },
    "id": "1779712107.7073328",
    "timestamp": "2026-05-25T12:28:27.186+0000"
  },
  {
    "input": {
      "type": "log"
    },
    "agent": {
      "ip": "172.21.5.132",
      "name": "MINI-PC-MINISFORUM",
      "id": "075"
    },
    "manager": {
      "name": "wazuh.manager"
    },
    "data": {
      "win": {
        "eventdata": {
          "data": "C:\\\\ProgramData\\\\Microsoft\\\\VisualStudio\\\\Packages\\\\Microsoft.VisualCpp.CRT.Appx.Desktop.140.Msi,version=14.51.36244\\\\VC_CRT.Desktop.Appx.140.msi, 142276"
        },
        "system": {
          "eventID": "1040",
          "keywords": "0x80000000000000",
          "level": "4",
          "channel": "Application",
          "opcode": "0",
          "message": "\"Eine Windows Installer-Transaktion wird gestartet: C:\\ProgramData\\Microsoft\\VisualStudio\\Packages\\Microsoft.VisualCpp.CRT.Appx.Desktop.140.Msi,version=14.51.36244\\VC_CRT.Desktop.Appx.140.msi. Clientprozess-ID: 142276.\"",
          "version": "0",
          "systemTime": "2026-05-25T12:28:26.6312985Z",
          "eventRecordID": "75734",
          "threadID": "0",
          "computer": "PROD-MINISFORUM.arzw.local",
          "task": "0",
          "processID": "138384",
          "severityValue": "INFORMATION",
          "providerName": "MsiInstaller"
        }
      }
    },
    "rule": {
      "firedtimes": 10,
      "mail": false,
      "level": 3,
      "description": "Windows installer began an installation process.",
      "groups": [
        "windows",
        "windows_application"
      ],
      "id": "60610"
    },
    "location": "EventChannel",
    "decoder": {
      "name": "windows_eventchannel"
    },
    "id": "1779712106.7071505",
    "timestamp": "2026-05-25T12:28:26.640+0000"
  },
  {
    "input": {
      "type": "log"
    },
    "agent": {
      "ip": "172.21.5.132",
      "name": "MINI-PC-MINISFORUM",
      "id": "075"
    },
    "manager": {
      "name": "wazuh.manager"
    },
    "data": {
      "win": {
        "eventdata": {
          "data": "Visual C++ Library CRT Appx Package, 14.51.36244, 1033, 0, Microsoft Corporation",
          "binary": "7B46354533433431412D444236452D344235452D423838342D4336323632363835433931467D3030303032326164613838313364616663346533376166633030316436626635333431653030303030393034"
        },
        "system": {
          "eventID": "1033",
          "keywords": "0x80000000000000",
          "level": "4",
          "channel": "Application",
          "opcode": "0",
          "message": "\"Das Produkt wurde durch Windows Installer installiert. Produktname: Visual C++ Library CRT Appx Package. Produktversion: 14.51.36244. Produktsprache: 1033. Hersteller: Microsoft Corporation. Erfolg- bzw. Fehlerstatus der Installation: 0.\"",
          "version": "0",
          "systemTime": "2026-05-25T12:28:26.5354940Z",
          "eventRecordID": "75732",
          "threadID": "0",
          "computer": "PROD-MINISFORUM.arzw.local",
          "task": "0",
          "processID": "138384",
          "severityValue": "INFORMATION",
          "providerName": "MsiInstaller"
        }
      }
    },
    "rule": {
      "firedtimes": 8,
      "mail": false,
      "level": 3,
      "description": "Application installed Visual C++ Library CRT Appx Package, 14.51.36244, 1033, 0, Microsoft Corporation.",
      "groups": [
        "windows",
        "windows_application"
      ],
      "id": "60612"
    },
    "location": "EventChannel",
    "decoder": {
      "name": "windows_eventchannel"
    },
    "id": "1779712106.7069388",
    "timestamp": "2026-05-25T12:28:26.565+0000"
  },
  {
    "input": {
      "type": "log"
    },
    "agent": {
      "ip": "172.21.5.132",
      "name": "MINI-PC-MINISFORUM",
      "id": "075"
    },
    "manager": {
      "name": "wazuh.manager"
    },
    "data": {
      "win": {
        "eventdata": {
          "data": "Product: Visual C++ Library CRT Appx Package -- Installation completed successfully.",
          "binary": "7B46354533433431412D444236452D344235452D423838342D4336323632363835433931467D"
        },
        "system": {
          "eventID": "11707",
          "keywords": "0x80000000000000",
          "level": "4",
          "channel": "Application",
          "opcode": "0",
          "message": "\"Product: Visual C++ Library CRT Appx Package -- Installation completed successfully.\"",
          "version": "0",
          "systemTime": "2026-05-25T12:28:26.5345297Z",
          "eventRecordID": "75731",
          "threadID": "0",
          "computer": "PROD-MINISFORUM.arzw.local",
          "task": "0",
          "processID": "138384",
          "severityValue": "INFORMATION",
          "providerName": "MsiInstaller"
        }
      }
    },
    "rule": {
      "firedtimes": 7,
      "mail": false,
      "level": 3,
      "description": "Application installed Product: Visual C++ Library CRT Appx Package -- Installation completed successfully..",
      "groups": [
        "windows",
        "windows_application"
      ],
      "id": "60612"
    },
    "location": "EventChannel",
    "decoder": {
      "name": "windows_eventchannel"
    },
    "id": "1779712106.7067739",
    "timestamp": "2026-05-25T12:28:26.544+0000"
  },
  {
    "input": {
      "type": "log"
    },
    "agent": {
      "ip": "172.21.5.132",
      "name": "MINI-PC-MINISFORUM",
      "id": "075"
    },
    "manager": {
      "name": "wazuh.manager"
    },
    "data": {
      "win": {
        "eventdata": {
          "data": "C:\\\\ProgramData\\\\Microsoft\\\\VisualStudio\\\\Packages\\\\Microsoft.VisualCpp.CRT.Appx.Msi,version=14.51.36244\\\\VC_CRT.Appx.msi, 142276"
        },
        "system": {
          "eventID": "1040",
          "keywords": "0x80000000000000",
          "level": "4",
          "channel": "Application",
          "opcode": "0",
          "message": "\"Eine Windows Installer-Transaktion wird gestartet: C:\\ProgramData\\Microsoft\\VisualStudio\\Packages\\Microsoft.VisualCpp.CRT.Appx.Msi,version=14.51.36244\\VC_CRT.Appx.msi. Clientprozess-ID: 142276.\"",
          "version": "0",
          "systemTime": "2026-05-25T12:28:26.1484856Z",
          "eventRecordID": "75730",
          "threadID": "0",
          "computer": "PROD-MINISFORUM.arzw.local",
          "task": "0",
          "processID": "138384",
          "severityValue": "INFORMATION",
          "providerName": "MsiInstaller"
        }
      }
    },
    "rule": {
      "firedtimes": 9,
      "mail": false,
      "level": 3,
      "description": "Windows installer began an installation process.",
      "groups": [
        "windows",
        "windows_application"
      ],
      "id": "60610"
    },
    "location": "EventChannel",
    "decoder": {
      "name": "windows_eventchannel"
    },
    "id": "1779712106.7066012",
    "timestamp": "2026-05-25T12:28:26.160+0000"
  },
  {
    "input": {
      "type": "log"
    },
    "agent": {
      "ip": "172.21.5.132",
      "name": "MINI-PC-MINISFORUM",
      "id": "075"
    },
    "manager": {
      "name": "wazuh.manager"
    },
    "data": {
      "win": {
        "eventdata": {
          "data": "Visual C++ Library CRT Appx Resource Package, 14.51.36244, 1033, 0, Microsoft Corporation",
          "binary": "7B38374141434235312D463839372D343642412D413033372D4430383845393935443342317D3030303064643136656665386139643035383434303832323864373361313163326465323030303030393034"
        },
        "system": {
          "eventID": "1033",
          "keywords": "0x80000000000000",
          "level": "4",
          "channel": "Application",
          "opcode": "0",
          "message": "\"Das Produkt wurde durch Windows Installer installiert. Produktname: Visual C++ Library CRT Appx Resource Package. Produktversion: 14.51.36244. Produktsprache: 1033. Hersteller: Microsoft Corporation. Erfolg- bzw. Fehlerstatus der Installation: 0.\"",
          "version": "0",
          "systemTime": "2026-05-25T12:28:26.0713756Z",
          "eventRecordID": "75728",
          "threadID": "0",
          "computer": "PROD-MINISFORUM.arzw.local",
          "task": "0",
          "processID": "138384",
          "severityValue": "INFORMATION",
          "providerName": "MsiInstaller"
        }
      }
    },
    "rule": {
      "firedtimes": 6,
      "mail": false,
      "level": 3,
      "description": "Application installed Visual C++ Library CRT Appx Resource Package, 14.51.36244, 1033, 0, Microsoft Corporation.",
      "groups": [
        "windows",
        "windows_application"
      ],
      "id": "60612"
    },
    "location": "EventChannel",
    "decoder": {
      "name": "windows_eventchannel"
    },
    "id": "1779712106.7063850",
    "timestamp": "2026-05-25T12:28:26.097+0000"
  },
  {
    "input": {
      "type": "log"
    },
    "agent": {
      "ip": "172.21.5.132",
      "name": "MINI-PC-MINISFORUM",
      "id": "075"
    },
    "manager": {
      "name": "wazuh.manager"
    },
    "data": {
      "win": {
        "eventdata": {
          "data": "Product: Visual C++ Library CRT Appx Resource Package -- Installation completed successfully.",
          "binary": "7B38374141434235312D463839372D343642412D413033372D4430383845393935443342317D"
        },
        "system": {
          "eventID": "11707",
          "keywords": "0x80000000000000",
          "level": "4",
          "channel": "Application",
          "opcode": "0",
          "message": "\"Product: Visual C++ Library CRT Appx Resource Package -- Installation completed successfully.\"",
          "version": "0",
          "systemTime": "2026-05-25T12:28:26.0702888Z",
          "eventRecordID": "75727",
          "threadID": "0",
          "computer": "PROD-MINISFORUM.arzw.local",
          "task": "0",
          "processID": "138384",
          "severityValue": "INFORMATION",
          "providerName": "MsiInstaller"
        }
      }
    },
    "rule": {
      "firedtimes": 5,
      "mail": false,
      "level": 3,
      "description": "Application installed Product: Visual C++ Library CRT Appx Resource Package -- Installation completed successfully..",
      "groups": [
        "windows",
        "windows_application"
      ],
      "id": "60612"
    },
    "location": "EventChannel",
    "decoder": {
      "name": "windows_eventchannel"
    },
    "id": "1779712106.7062156",
    "timestamp": "2026-05-25T12:28:26.079+0000"
  },
  {
    "input": {
      "type": "log"
    },
    "agent": {
      "ip": "172.21.5.132",
      "name": "MINI-PC-MINISFORUM",
      "id": "075"
    },
    "manager": {
      "name": "wazuh.manager"
    },
    "data": {
      "win": {
        "eventdata": {
          "data": "C:\\\\ProgramData\\\\Microsoft\\\\VisualStudio\\\\Packages\\\\Microsoft.VisualCpp.CRT.Appx.Resources.Msi,version=14.51.36244,language=en-US\\\\VC_CRT.Appx.Res.msi, 142276"
        },
        "system": {
          "eventID": "1040",
          "keywords": "0x80000000000000",
          "level": "4",
          "channel": "Application",
          "opcode": "0",
          "message": "\"Eine Windows Installer-Transaktion wird gestartet: C:\\ProgramData\\Microsoft\\VisualStudio\\Packages\\Microsoft.VisualCpp.CRT.Appx.Resources.Msi,version=14.51.36244,language=en-US\\VC_CRT.Appx.Res.msi. Clientprozess-ID: 142276.\"",
          "version": "0",
          "systemTime": "2026-05-25T12:28:25.7497387Z",
          "eventRecordID": "75726",
          "threadID": "0",
          "computer": "PROD-MINISFORUM.arzw.local",
          "task": "0",
          "processID": "138384",
          "severityValue": "INFORMATION",
          "providerName": "MsiInstaller"
        }
      }
    },
    "rule": {
      "firedtimes": 8,
      "mail": false,
      "level": 3,
      "description": "Windows installer began an installation process.",
      "groups": [
        "windows",
        "windows_application"
      ],
      "id": "60610"
    },
    "location": "EventChannel",
    "decoder": {
      "name": "windows_eventchannel"
    },
    "id": "1779712105.7060313",
    "timestamp": "2026-05-25T12:28:25.762+0000"
  },
  {
    "input": {
      "type": "log"
    },
    "agent": {
      "ip": "172.21.5.132",
      "name": "MINI-PC-MINISFORUM",
      "id": "075"
    },
    "manager": {
      "name": "wazuh.manager"
    },
    "data": {
      "win": {
        "eventdata": {
          "data": "Microsoft ASP.NET Diagnostic Pack for Visual Studio, 18.6.51.37858, 1033, 0, Microsoft Corporation",
          "binary": "7B35383036314642302D353134462D333030342D414635302D3345423844303745424643347D3030303065393837383231396336396464313430656335376333353630633833393936643030303030393034"
        },
        "system": {
          "eventID": "1033",
          "keywords": "0x80000000000000",
          "level": "4",
          "channel": "Application",
          "opcode": "0",
          "message": "\"Das Produkt wurde durch Windows Installer installiert. Produktname: Microsoft ASP.NET Diagnostic Pack for Visual Studio. Produktversion: 18.6.51.37858. Produktsprache: 1033. Hersteller: Microsoft Corporation. Erfolg- bzw. Fehlerstatus der Installation: 0.\"",
          "version": "0",
          "systemTime": "2026-05-25T12:28:04.2857053Z",
          "eventRecordID": "75723",
          "threadID": "0",
          "computer": "PROD-MINISFORUM.arzw.local",
          "task": "0",
          "processID": "138384",
          "severityValue": "INFORMATION",
          "providerName": "MsiInstaller"
        }
      }
    },
    "rule": {
      "firedtimes": 4,
      "mail": false,
      "level": 3,
      "description": "Application installed Microsoft ASP.NET Diagnostic Pack for Visual Studio, 18.6.51.37858, 1033, 0, Microsoft Corporation.",
      "groups": [
        "windows",
        "windows_application"
      ],
      "id": "60612"
    },
    "location": "EventChannel",
    "decoder": {
      "name": "windows_eventchannel"
    },
    "id": "1779712084.7021219",
    "timestamp": "2026-05-25T12:28:04.311+0000"
  },
  {
    "input": {
      "type": "log"
    },
    "agent": {
      "ip": "172.21.5.132",
      "name": "MINI-PC-MINISFORUM",
      "id": "075"
    },
    "manager": {
      "name": "wazuh.manager"
    },
    "data": {
      "win": {
        "eventdata": {
          "data": "Product: Microsoft ASP.NET Diagnostic Pack for Visual Studio -- Installation completed successfully.",
          "binary": "7B35383036314642302D353134462D333030342D414635302D3345423844303745424643347D"
        },
        "system": {
          "eventID": "11707",
          "keywords": "0x80000000000000",
          "level": "4",
          "channel": "Application",
          "opcode": "0",
          "message": "\"Product: Microsoft ASP.NET Diagnostic Pack for Visual Studio -- Installation completed successfully.\"",
          "version": "0",
          "systemTime": "2026-05-25T12:28:04.2850210Z",
          "eventRecordID": "75722",
          "threadID": "0",
          "computer": "PROD-MINISFORUM.arzw.local",
          "task": "0",
          "processID": "138384",
          "severityValue": "INFORMATION",
          "providerName": "MsiInstaller"
        }
      }
    },
    "rule": {
      "firedtimes": 3,
      "mail": false,
      "level": 3,
      "description": "Application installed Product: Microsoft ASP.NET Diagnostic Pack for Visual Studio -- Installation completed successfully..",
      "groups": [
        "windows",
        "windows_application"
      ],
      "id": "60612"
    },
    "location": "EventChannel",
    "decoder": {
      "name": "windows_eventchannel"
    },
    "id": "1779712084.7019490",
    "timestamp": "2026-05-25T12:28:04.293+0000"
  },
  {
    "input": {
      "type": "log"
    },
    "agent": {
      "ip": "172.21.5.132",
      "name": "MINI-PC-MINISFORUM",
      "id": "075"
    },
    "manager": {
      "name": "wazuh.manager"
    },
    "data": {
      "win": {
        "eventdata": {
          "data": "C:\\\\ProgramData\\\\Microsoft\\\\VisualStudio\\\\Packages\\\\Microsoft.VisualStudio.AspNetDiagnosticPack.Msi,version=18.6.51.37858\\\\AspNetDiagnosticPack.msi, 142276"
        },
        "system": {
          "eventID": "1040",
          "keywords": "0x80000000000000",
          "level": "4",
          "channel": "Application",
          "opcode": "0",
          "message": "\"Eine Windows Installer-Transaktion wird gestartet: C:\\ProgramData\\Microsoft\\VisualStudio\\Packages\\Microsoft.VisualStudio.AspNetDiagnosticPack.Msi,version=18.6.51.37858\\AspNetDiagnosticPack.msi. Clientprozess-ID: 142276.\"",
          "version": "0",
          "systemTime": "2026-05-25T12:28:03.4718573Z",
          "eventRecordID": "75720",
          "threadID": "0",
          "computer": "PROD-MINISFORUM.arzw.local",
          "task": "0",
          "processID": "138384",
          "severityValue": "INFORMATION",
          "providerName": "MsiInstaller"
        }
      }
    },
    "rule": {
      "firedtimes": 7,
      "mail": false,
      "level": 3,
      "description": "Windows installer began an installation process.",
      "groups": [
        "windows",
        "windows_application"
      ],
      "id": "60610"
    },
    "location": "EventChannel",
    "decoder": {
      "name": "windows_eventchannel"
    },
    "id": "1779712083.7009604",
    "timestamp": "2026-05-25T12:28:03.489+0000"
  },
  {
    "input": {
      "type": "log"
    },
    "agent": {
      "ip": "172.21.5.132",
      "name": "MINI-PC-MINISFORUM",
      "id": "075"
    },
    "manager": {
      "name": "wazuh.manager"
    },
    "data": {
      "win": {
        "eventdata": {
          "data": "Microsoft ASP.NET Diagnostic Pack for Visual Studio, 18.6.50.20513, 1033, 0, Microsoft Corporation",
          "binary": "7B46344538443631322D343137352D334231452D413246372D4134373844303535373837397D3030303030666539333236393663303933623632336337383332383030643232363232373030303030393034"
        },
        "system": {
          "eventID": "1034",
          "keywords": "0x80000000000000",
          "level": "4",
          "channel": "Application",
          "opcode": "0",
          "message": "\"Das Produkt wurde durch Windows Installer entfernt. Produktname: Microsoft ASP.NET Diagnostic Pack for Visual Studio. Produktversion: 18.6.50.20513. Produktsprache: 1033. Hersteller: Microsoft Corporation. Erfolg- bzw. Fehlerstatus der Deinstallation: 0.\"",
          "version": "0",
          "systemTime": "2026-05-25T12:27:40.3084855Z",
          "eventRecordID": "75717",
          "threadID": "0",
          "computer": "PROD-MINISFORUM.arzw.local",
          "task": "0",
          "processID": "138384",
          "severityValue": "INFORMATION",
          "providerName": "MsiInstaller"
        }
      }
    },
    "rule": {
      "firedtimes": 10,
      "mail": false,
      "level": 3,
      "description": "Application uninstalled Microsoft ASP.NET Diagnostic Pack for Visual Studio, 18.6.50.20513, 1033, 0, Microsoft Corporation.",
      "groups": [
        "windows",
        "windows_application"
      ],
      "id": "60611"
    },
    "location": "EventChannel",
    "decoder": {
      "name": "windows_eventchannel"
    },
    "id": "1779712060.6996125",
    "timestamp": "2026-05-25T12:27:40.338+0000"
  },
  {
    "input": {
      "type": "log"
    },
    "agent": {
      "ip": "172.21.5.132",
      "name": "MINI-PC-MINISFORUM",
      "id": "075"
    },
    "manager": {
      "name": "wazuh.manager"
    },
    "data": {
      "win": {
        "eventdata": {
          "data": "Product: Microsoft ASP.NET Diagnostic Pack for Visual Studio -- Removal completed successfully.",
          "binary": "7B46344538443631322D343137352D334231452D413246372D4134373844303535373837397D"
        },
        "system": {
          "eventID": "11724",
          "keywords": "0x80000000000000",
          "level": "4",
          "channel": "Application",
          "opcode": "0",
          "message": "\"Product: Microsoft ASP.NET Diagnostic Pack for Visual Studio -- Removal completed successfully.\"",
          "version": "0",
          "systemTime": "2026-05-25T12:27:40.3073885Z",
          "eventRecordID": "75716",
          "threadID": "0",
          "computer": "PROD-MINISFORUM.arzw.local",
          "task": "0",
          "processID": "138384",
          "severityValue": "INFORMATION",
          "providerName": "MsiInstaller"
        }
      }
    },
    "rule": {
      "firedtimes": 9,
      "mail": false,
      "level": 3,
      "description": "Application uninstalled Product: Microsoft ASP.NET Diagnostic Pack for Visual Studio -- Removal completed successfully..",
      "groups": [
        "windows",
        "windows_application"
      ],
      "id": "60611"
    },
    "location": "EventChannel",
    "decoder": {
      "name": "windows_eventchannel"
    },
    "id": "1779712060.6994419",
    "timestamp": "2026-05-25T12:27:40.317+0000"
  },
  {
    "input": {
      "type": "log"
    },
    "agent": {
      "ip": "172.21.5.132",
      "name": "MINI-PC-MINISFORUM",
      "id": "075"
    },
    "manager": {
      "name": "wazuh.manager"
    },
    "data": {
      "win": {
        "eventdata": {
          "data": "{F4E8D612-4175-3B1E-A2F7-A478D0557879}, 142276"
        },
        "system": {
          "eventID": "1040",
          "keywords": "0x80000000000000",
          "level": "4",
          "channel": "Application",
          "opcode": "0",
          "message": "\"Eine Windows Installer-Transaktion wird gestartet: {F4E8D612-4175-3B1E-A2F7-A478D0557879}. Clientprozess-ID: 142276.\"",
          "version": "0",
          "systemTime": "2026-05-25T12:27:39.4837989Z",
          "eventRecordID": "75714",
          "threadID": "0",
          "computer": "PROD-MINISFORUM.arzw.local",
          "task": "0",
          "processID": "138384",
          "severityValue": "INFORMATION",
          "providerName": "MsiInstaller"
        }
      }
    },
    "rule": {
      "firedtimes": 6,
      "mail": false,
      "level": 3,
      "description": "Windows installer began an installation process.",
      "groups": [
        "windows",
        "windows_application"
      ],
      "id": "60610"
    },
    "location": "EventChannel",
    "decoder": {
      "name": "windows_eventchannel"
    },
    "id": "1779712059.6993030",
    "timestamp": "2026-05-25T12:27:39.494+0000"
  },
  {
    "input": {
      "type": "log"
    },
    "agent": {
      "ip": "172.21.5.132",
      "name": "MINI-PC-MINISFORUM",
      "id": "075"
    },
    "manager": {
      "name": "wazuh.manager"
    },
    "data": {
      "win": {
        "eventdata": {
          "data": "Visual C++ Library CRT Appx Resource Package, 14.51.36243, 1033, 0, Microsoft Corporation",
          "binary": "7B39393046393339442D454439412D343839392D413335312D3134413033303631423241357D3030303064636565353932393234623666313130623938643531646161653165343964333030303030393034"
        },
        "system": {
          "eventID": "1034",
          "keywords": "0x80000000000000",
          "level": "4",
          "channel": "Application",
          "opcode": "0",
          "message": "\"Das Produkt wurde durch Windows Installer entfernt. Produktname: Visual C++ Library CRT Appx Resource Package. Produktversion: 14.51.36243. Produktsprache: 1033. Hersteller: Microsoft Corporation. Erfolg- bzw. Fehlerstatus der Deinstallation: 0.\"",
          "version": "0",
          "systemTime": "2026-05-25T12:27:36.8694990Z",
          "eventRecordID": "75711",
          "threadID": "0",
          "computer": "PROD-MINISFORUM.arzw.local",
          "task": "0",
          "processID": "138384",
          "severityValue": "INFORMATION",
          "providerName": "MsiInstaller"
        }
      }
    },
    "rule": {
      "firedtimes": 8,
      "mail": false,
      "level": 3,
      "description": "Application uninstalled Visual C++ Library CRT Appx Resource Package, 14.51.36243, 1033, 0, Microsoft Corporation.",
      "groups": [
        "windows",
        "windows_application"
      ],
      "id": "60611"
    },
    "location": "EventChannel",
    "decoder": {
      "name": "windows_eventchannel"
    },
    "id": "1779712056.6990868",
    "timestamp": "2026-05-25T12:27:36.896+0000"
  },
  {
    "input": {
      "type": "log"
    },
    "agent": {
      "ip": "172.21.5.132",
      "name": "MINI-PC-MINISFORUM",
      "id": "075"
    },
    "manager": {
      "name": "wazuh.manager"
    },
    "data": {
      "win": {
        "eventdata": {
          "data": "Product: Visual C++ Library CRT Appx Resource Package -- Removal completed successfully.",
          "binary": "7B39393046393339442D454439412D343839392D413335312D3134413033303631423241357D"
        },
        "system": {
          "eventID": "11724",
          "keywords": "0x80000000000000",
          "level": "4",
          "channel": "Application",
          "opcode": "0",
          "message": "\"Product: Visual C++ Library CRT Appx Resource Package -- Removal completed successfully.\"",
          "version": "0",
          "systemTime": "2026-05-25T12:27:36.8688395Z",
          "eventRecordID": "75710",
          "threadID": "0",
          "computer": "PROD-MINISFORUM.arzw.local",
          "task": "0",
          "processID": "138384",
          "severityValue": "INFORMATION",
          "providerName": "MsiInstaller"
        }
      }
    },
    "rule": {
      "firedtimes": 7,
      "mail": false,
      "level": 3,
      "description": "Application uninstalled Product: Visual C++ Library CRT Appx Resource Package -- Removal completed successfully..",
      "groups": [
        "windows",
        "windows_application"
      ],
      "id": "60611"
    },
    "location": "EventChannel",
    "decoder": {
      "name": "windows_eventchannel"
    },
    "id": "1779712056.6989197",
    "timestamp": "2026-05-25T12:27:36.879+0000"
  },
  {
    "input": {
      "type": "log"
    },
    "agent": {
      "ip": "172.21.5.132",
      "name": "MINI-PC-MINISFORUM",
      "id": "075"
    },
    "manager": {
      "name": "wazuh.manager"
    },
    "data": {
      "win": {
        "eventdata": {
          "data": "{990F939D-ED9A-4899-A351-14A03061B2A5}, 142276"
        },
        "system": {
          "eventID": "1040",
          "keywords": "0x80000000000000",
          "level": "4",
          "channel": "Application",
          "opcode": "0",
          "message": "\"Eine Windows Installer-Transaktion wird gestartet: {990F939D-ED9A-4899-A351-14A03061B2A5}. Clientprozess-ID: 142276.\"",
          "version": "0",
          "systemTime": "2026-05-25T12:27:36.5988632Z",
          "eventRecordID": "75702",
          "threadID": "0",
          "computer": "PROD-MINISFORUM.arzw.local",
          "task": "0",
          "processID": "138384",
          "severityValue": "INFORMATION",
          "providerName": "MsiInstaller"
        }
      }
    },
    "rule": {
      "firedtimes": 5,
      "mail": false,
      "level": 3,
      "description": "Windows installer began an installation process.",
      "groups": [
        "windows",
        "windows_application"
      ],
      "id": "60610"
    },
    "location": "EventChannel",
    "decoder": {
      "name": "windows_eventchannel"
    },
    "id": "1779712056.6987808",
    "timestamp": "2026-05-25T12:27:36.611+0000"
  },
  {
    "input": {
      "type": "log"
    },
    "agent": {
      "ip": "172.21.5.132",
      "name": "MINI-PC-MINISFORUM",
      "id": "075"
    },
    "manager": {
      "name": "wazuh.manager"
    },
    "data": {
      "win": {
        "eventdata": {
          "data": "Visual C++ Library CRT Appx Package, 14.51.36243, 1033, 0, Microsoft Corporation",
          "binary": "7B41423742413841432D413941452D343645312D413243322D4439393032424236333330317D3030303032393061303935323064626264323561313635323863366533663831326633363030303030393034"
        },
        "system": {
          "eventID": "1034",
          "keywords": "0x80000000000000",
          "level": "4",
          "channel": "Application",
          "opcode": "0",
          "message": "\"Das Produkt wurde durch Windows Installer entfernt. Produktname: Visual C++ Library CRT Appx Package. Produktversion: 14.51.36243. Produktsprache: 1033. Hersteller: Microsoft Corporation. Erfolg- bzw. Fehlerstatus der Deinstallation: 0.\"",
          "version": "0",
          "systemTime": "2026-05-25T12:27:36.5082348Z",
          "eventRecordID": "75700",
          "threadID": "0",
          "computer": "PROD-MINISFORUM.arzw.local",
          "task": "0",
          "processID": "138384",
          "severityValue": "INFORMATION",
          "providerName": "MsiInstaller"
        }
      }
    },
    "rule": {
      "firedtimes": 6,
      "mail": false,
      "level": 3,
      "description": "Application uninstalled Visual C++ Library CRT Appx Package, 14.51.36243, 1033, 0, Microsoft Corporation.",
      "groups": [
        "windows",
        "windows_application"
      ],
      "id": "60611"
    },
    "location": "EventChannel",
    "decoder": {
      "name": "windows_eventchannel"
    },
    "id": "1779712056.6985691",
    "timestamp": "2026-05-25T12:27:36.534+0000"
  },
  {
    "input": {
      "type": "log"
    },
    "agent": {
      "ip": "172.21.5.132",
      "name": "MINI-PC-MINISFORUM",
      "id": "075"
    },
    "manager": {
      "name": "wazuh.manager"
    },
    "data": {
      "win": {
        "eventdata": {
          "data": "Product: Visual C++ Library CRT Appx Package -- Removal completed successfully.",
          "binary": "7B41423742413841432D413941452D343645312D413243322D4439393032424236333330317D"
        },
        "system": {
          "eventID": "11724",
          "keywords": "0x80000000000000",
          "level": "4",
          "channel": "Application",
          "opcode": "0",
          "message": "\"Product: Visual C++ Library CRT Appx Package -- Removal completed successfully.\"",
          "version": "0",
          "systemTime": "2026-05-25T12:27:36.5072164Z",
          "eventRecordID": "75699",
          "threadID": "0",
          "computer": "PROD-MINISFORUM.arzw.local",
          "task": "0",
          "processID": "138384",
          "severityValue": "INFORMATION",
          "providerName": "MsiInstaller"
        }
      }
    },
    "rule": {
      "firedtimes": 5,
      "mail": false,
      "level": 3,
      "description": "Application uninstalled Product: Visual C++ Library CRT Appx Package -- Removal completed successfully..",
      "groups": [
        "windows",
        "windows_application"
      ],
      "id": "60611"
    },
    "location": "EventChannel",
    "decoder": {
      "name": "windows_eventchannel"
    },
    "id": "1779712056.6984065",
    "timestamp": "2026-05-25T12:27:36.516+0000"
  },
  {
    "input": {
      "type": "log"
    },
    "agent": {
      "ip": "172.21.5.132",
      "name": "MINI-PC-MINISFORUM",
      "id": "075"
    },
    "manager": {
      "name": "wazuh.manager"
    },
    "data": {
      "win": {
        "eventdata": {
          "data": "{AB7BA8AC-A9AE-46E1-A2C2-D9902BB63301}, 142276"
        },
        "system": {
          "eventID": "1040",
          "keywords": "0x80000000000000",
          "level": "4",
          "channel": "Application",
          "opcode": "0",
          "message": "\"Eine Windows Installer-Transaktion wird gestartet: {AB7BA8AC-A9AE-46E1-A2C2-D9902BB63301}. Clientprozess-ID: 142276.\"",
          "version": "0",
          "systemTime": "2026-05-25T12:27:36.1895547Z",
          "eventRecordID": "75698",
          "threadID": "0",
          "computer": "PROD-MINISFORUM.arzw.local",
          "task": "0",
          "processID": "138384",
          "severityValue": "INFORMATION",
          "providerName": "MsiInstaller"
        }
      }
    },
    "rule": {
      "firedtimes": 4,
      "mail": false,
      "level": 3,
      "description": "Windows installer began an installation process.",
      "groups": [
        "windows",
        "windows_application"
      ],
      "id": "60610"
    },
    "location": "EventChannel",
    "decoder": {
      "name": "windows_eventchannel"
    },
    "id": "1779712056.6982676",
    "timestamp": "2026-05-25T12:27:36.201+0000"
  },
  {
    "input": {
      "type": "log"
    },
    "agent": {
      "ip": "172.21.5.132",
      "name": "MINI-PC-MINISFORUM",
      "id": "075"
    },
    "manager": {
      "name": "wazuh.manager"
    },
    "data": {
      "win": {
        "eventdata": {
          "data": "Visual C++ Library CRT Desktop Appx Package, 14.51.36243, 1033, 0, Microsoft Corporation",
          "binary": "7B35433337413744372D363845452D343233462D384135312D3630423044343530343042357D3030303063333765366137353936383230346166666264643932633766653536366436623030303030393034"
        },
        "system": {
          "eventID": "1034",
          "keywords": "0x80000000000000",
          "level": "4",
          "channel": "Application",
          "opcode": "0",
          "message": "\"Das Produkt wurde durch Windows Installer entfernt. Produktname: Visual C++ Library CRT Desktop Appx Package. Produktversion: 14.51.36243. Produktsprache: 1033. Hersteller: Microsoft Corporation. Erfolg- bzw. Fehlerstatus der Deinstallation: 0.\"",
          "version": "0",
          "systemTime": "2026-05-25T12:27:36.1114858Z",
          "eventRecordID": "75696",
          "threadID": "0",
          "computer": "PROD-MINISFORUM.arzw.local",
          "task": "0",
          "processID": "138384",
          "severityValue": "INFORMATION",
          "providerName": "MsiInstaller"
        }
      }
    },
    "rule": {
      "firedtimes": 4,
      "mail": false,
      "level": 3,
      "description": "Application uninstalled Visual C++ Library CRT Desktop Appx Package, 14.51.36243, 1033, 0, Microsoft Corporation.",
      "groups": [
        "windows",
        "windows_application"
      ],
      "id": "60611"
    },
    "location": "EventChannel",
    "decoder": {
      "name": "windows_eventchannel"
    },
    "id": "1779712056.6980519",
    "timestamp": "2026-05-25T12:27:36.137+0000"
  },
  {
    "input": {
      "type": "log"
    },
    "agent": {
      "ip": "172.21.5.132",
      "name": "MINI-PC-MINISFORUM",
      "id": "075"
    },
    "manager": {
      "name": "wazuh.manager"
    },
    "data": {
      "win": {
        "eventdata": {
          "data": "Product: Visual C++ Library CRT Desktop Appx Package -- Removal completed successfully.",
          "binary": "7B35433337413744372D363845452D343233462D384135312D3630423044343530343042357D"
        },
        "system": {
          "eventID": "11724",
          "keywords": "0x80000000000000",
          "level": "4",
          "channel": "Application",
          "opcode": "0",
          "message": "\"Product: Visual C++ Library CRT Desktop Appx Package -- Removal completed successfully.\"",
          "version": "0",
          "systemTime": "2026-05-25T12:27:36.1104815Z",
          "eventRecordID": "75695",
          "threadID": "0",
          "computer": "PROD-MINISFORUM.arzw.local",
          "task": "0",
          "processID": "138384",
          "severityValue": "INFORMATION",
          "providerName": "MsiInstaller"
        }
      }
    },
    "rule": {
      "firedtimes": 3,
      "mail": false,
      "level": 3,
      "description": "Application uninstalled Product: Visual C++ Library CRT Desktop Appx Package -- Removal completed successfully..",
      "groups": [
        "windows",
        "windows_application"
      ],
      "id": "60611"
    },
    "location": "EventChannel",
    "decoder": {
      "name": "windows_eventchannel"
    },
    "id": "1779712056.6978853",
    "timestamp": "2026-05-25T12:27:36.119+0000"
  },
