  {
    "input": {
      "type": "log"
    },
    "agent": {
      "ip": "172.21.5.66",
      "name": "Minis-forum_development",
      "id": "089"
    },
    "manager": {
      "name": "wazuh.manager"
    },
    "data": {
      "win": {
        "eventdata": {
          "binary": "2D20436F64653A2020434F525356434330303030303737322D2043616C6C3A2020434F525356434330303030303735342D205049443A202030303032393539322D205449443A202030303030303836302D20434D443A2020433A5C57494E444F57535C73797374656D33325C76737376632E6578652020202D20557365723A204E616D653A204E542D4155544F524954C4545C53595354454D2C205349443A532D312D352D313820"
        },
        "system": {
          "eventID": "8224",
          "keywords": "0x80000000000000",
          "level": "4",
          "channel": "Application",
          "opcode": "0",
          "message": "\"Der VSS-Dienst wird aufgrund eines Leerlaufzeitlimits heruntergefahren. \"",
          "version": "0",
          "systemTime": "2026-05-26T08:40:58.8787385Z",
          "eventRecordID": "75194",
          "threadID": "0",
          "computer": "DEV-MINISFORUM.arzw.local",
          "task": "0",
          "processID": "29592",
          "severityValue": "INFORMATION",
          "providerName": "VSS"
        }
      }
    },
    "rule": {
      "firedtimes": 2,
      "mail": false,
      "level": 5,
      "description": "The VSS service is shutting down due to idle timeout.",
      "groups": [
        "windows",
        "windows_application"
      ],
      "id": "60702"
    },
    "location": "EventChannel",
    "decoder": {
      "name": "windows_eventchannel"
    },
    "id": "1779784858.19143728",
    "timestamp": "2026-05-26T08:40:58.711+0000"
  },
  {
    "input": {
      "type": "log"
    },
    "agent": {
      "ip": "172.21.5.66",
      "name": "Minis-forum_development",
      "id": "089"
    },
    "manager": {
      "name": "wazuh.manager"
    },
    "data": {
      "win": {
        "eventdata": {
          "p1": "Update;MoUpdateOrchestratorDeviceScan-MoUsoCoreWorker-SearchForAllUpdatesWithUpdateOptionsAsync",
          "p2": "80073d02",
          "rechecking": "0",
          "p3": "26200",
          "attachedFiles": "  \\\\\\\\?\\\\C:\\\\ProgramData\\\\Microsoft\\\\Windows\\\\WER\\\\Temp\\\\WER.49a9b556-5305-450f-8579-db732bf19349.tmp.WERInternalMetadata.xml",
          "p4": "8246",
          "reportId": "c2c589b0-56a7-4797-af69-6148fc9bcad7",
          "p5": "Windows.Desktop",
          "p6": "1",
          "reportStatus": "268435456",
          "bucket": "1512309699664466614",
          "storePath": "\\\\\\\\?\\\\C:\\\\ProgramData\\\\Microsoft\\\\Windows\\\\WER\\\\ReportArchive\\\\NonCritical_Update;MoUpdateO_ee8e0711cf5c3cd4e82f3bf6b8799ef5bc645c_00000000_c2c589b0-56a7-4797-af69-6148fc9bcad7",
          "bucketType": "5",
          "hashedBucket": "9da802780bcc389844fccda8c6e0d2b6",
          "response": "Nicht verfügbar",
          "eventName": "StoreAgentInstallFailure1",
          "cabGuid": "0",
          "cabId": "0"
        },
        "system": {
          "eventID": "1001",
          "keywords": "0x8000000000000000",
          "providerGuid": "{0ead09bd-2157-539a-8d6d-c87f95b64d70}",
          "level": "4",
          "channel": "Application",
          "opcode": "0",
          "message": "\"Fehlerbucket 1512309699664466614, Typ 5\r\nEreignisname: StoreAgentInstallFailure1\r\nAntwort: Nicht verfügbar\r\nCAB-Datei-ID: 0\r\n\r\nProblemsignatur:\r\nP1: Update;MoUpdateOrchestratorDeviceScan-MoUsoCoreWorker-SearchForAllUpdatesWithUpdateOptionsAsync\r\nP2: 80073d02\r\nP3: 26200\r\nP4: 8246\r\nP5: Windows.Desktop\r\nP6: 1\r\nP7: \r\nP8: \r\nP9: \r\nP10: \r\n\r\nAngefügte Dateien:\r\n\\\\?\\C:\\ProgramData\\Microsoft\\Windows\\WER\\Temp\\WER.49a9b556-5305-450f-8579-db732bf19349.tmp.WERInternalMetadata.xml\r\n\r\nDiese Dateien befinden sich möglicherweise hier:\r\n\\\\?\\C:\\ProgramData\\Microsoft\\Windows\\WER\\ReportArchive\\NonCritical_Update;MoUpdateO_ee8e0711cf5c3cd4e82f3bf6b8799ef5bc645c_00000000_c2c589b0-56a7-4797-af69-6148fc9bcad7\r\n\r\nAnalysesymbol: \r\nEs wird erneut nach einer Lösung gesucht: 0\r\nBerichts-ID: c2c589b0-56a7-4797-af69-6148fc9bcad7\r\nBerichtstatus: 268435456\r\nBucket mit Hash: 9da802780bcc389844fccda8c6e0d2b6\r\nCAB-Datei-Guid: 0\"",
          "version": "0",
          "systemTime": "2026-05-26T08:37:50.7971781Z",
          "eventRecordID": "75187",
          "threadID": "2284",
          "computer": "DEV-MINISFORUM.arzw.local",
          "task": "0",
          "processID": "41708",
          "severityValue": "INFORMATION",
          "providerName": "Windows Error Reporting"
        }
      }
    },
    "rule": {
      "firedtimes": 15,
      "mail": false,
      "level": 4,
      "description": "Summary event of the report's signatures.",
      "groups": [
        "windows",
        "windows_application"
      ],
      "id": "60608"
    },
    "location": "EventChannel",
    "decoder": {
      "name": "windows_eventchannel"
    },
    "id": "1779784671.19063377",
    "timestamp": "2026-05-26T08:37:51.965+0000"
  },
  {
    "input": {
      "type": "log"
    },
    "agent": {
      "ip": "172.21.5.66",
      "name": "Minis-forum_development",
      "id": "089"
    },
    "manager": {
      "name": "wazuh.manager"
    },
    "data": {
      "win": {
        "eventdata": {
          "p1": "Update;MoUpdateOrchestratorDeviceScan-MoUsoCoreWorker-SearchForAllUpdatesWithUpdateOptionsAsync",
          "p2": "80073d02",
          "rechecking": "0",
          "p3": "26200",
          "p4": "8246",
          "reportId": "c2c589b0-56a7-4797-af69-6148fc9bcad7",
          "p5": "Windows.Desktop",
          "p6": "1",
          "reportStatus": "4",
          "storePath": "\\\\\\\\?\\\\C:\\\\ProgramData\\\\Microsoft\\\\Windows\\\\WER\\\\ReportQueue\\\\NonCritical_Update;MoUpdateO_ee8e0711cf5c3cd4e82f3bf6b8799ef5bc645c_00000000_c2c589b0-56a7-4797-af69-6148fc9bcad7",
          "bucketType": "0",
          "response": "Nicht verfügbar",
          "eventName": "StoreAgentInstallFailure1",
          "cabGuid": "0",
          "cabId": "0"
        },
        "system": {
          "eventID": "1001",
          "keywords": "0x8000000000000000",
          "providerGuid": "{0ead09bd-2157-539a-8d6d-c87f95b64d70}",
          "level": "4",
          "channel": "Application",
          "opcode": "0",
          "message": "\"Fehlerbucket , Typ 0\r\nEreignisname: StoreAgentInstallFailure1\r\nAntwort: Nicht verfügbar\r\nCAB-Datei-ID: 0\r\n\r\nProblemsignatur:\r\nP1: Update;MoUpdateOrchestratorDeviceScan-MoUsoCoreWorker-SearchForAllUpdatesWithUpdateOptionsAsync\r\nP2: 80073d02\r\nP3: 26200\r\nP4: 8246\r\nP5: Windows.Desktop\r\nP6: 1\r\nP7: \r\nP8: \r\nP9: \r\nP10: \r\n\r\nAngefügte Dateien:\r\n\r\nDiese Dateien befinden sich möglicherweise hier:\r\n\\\\?\\C:\\ProgramData\\Microsoft\\Windows\\WER\\ReportQueue\\NonCritical_Update;MoUpdateO_ee8e0711cf5c3cd4e82f3bf6b8799ef5bc645c_00000000_c2c589b0-56a7-4797-af69-6148fc9bcad7\r\n\r\nAnalysesymbol: \r\nEs wird erneut nach einer Lösung gesucht: 0\r\nBerichts-ID: c2c589b0-56a7-4797-af69-6148fc9bcad7\r\nBerichtstatus: 4\r\nBucket mit Hash: \r\nCAB-Datei-Guid: 0\"",
          "version": "0",
          "systemTime": "2026-05-26T08:37:49.5378484Z",
          "eventRecordID": "75186",
          "threadID": "6768",
          "computer": "DEV-MINISFORUM.arzw.local",
          "task": "0",
          "processID": "6964",
          "severityValue": "INFORMATION",
          "providerName": "Windows Error Reporting"
        }
      }
    },
    "rule": {
      "firedtimes": 14,
      "mail": false,
      "level": 4,
      "description": "Summary event of the report's signatures.",
      "groups": [
        "windows",
        "windows_application"
      ],
      "id": "60608"
    },
    "location": "EventChannel",
    "decoder": {
      "name": "windows_eventchannel"
    },
    "id": "1779784671.19059362",
    "timestamp": "2026-05-26T08:37:51.920+0000"
  },
  {
    "input": {
      "type": "log"
    },
    "agent": {
      "ip": "172.21.5.66",
      "name": "Minis-forum_development",
      "id": "089"
    },
    "manager": {
      "name": "wazuh.manager"
    },
    "data": {
      "win": {
        "eventdata": {
          "updateRevisionNumber": "1",
          "updateGuid": "{fcb6d905-2786-48a5-b610-ae377440fe5a}",
          "serviceGuid": "{855e8a7c-ecb4-4ca3-b045-1dfa50104289}",
          "errorCode": "0x80073d02",
          "updateTitle": "9N0DX20HK701-Microsoft.WindowsTerminal"
        },
        "system": {
          "eventID": "20",
          "keywords": "0x8000000000000028",
          "providerGuid": "{945a8954-c147-4acd-923f-40c45405a658}",
          "level": "2",
          "channel": "System",
          "opcode": "13",
          "message": "\"Installationsfehler: Die Installation des folgenden Updates ist mit Fehler 0x80073D02 fehlgeschlagen: 9N0DX20HK701-Microsoft.WindowsTerminal\"",
          "version": "1",
          "systemTime": "2026-05-26T08:37:49.2968253Z",
          "eventRecordID": "56948",
          "threadID": "37692",
          "computer": "DEV-MINISFORUM.arzw.local",
          "task": "1",
          "processID": "22932",
          "severityValue": "ERROR",
          "providerName": "Microsoft-Windows-WindowsUpdateClient"
        }
      }
    },
    "rule": {
      "firedtimes": 10,
      "mail": false,
      "level": 5,
      "description": "Windows System error event",
      "groups": [
        "windows",
        "windows_system",
        "system_error"
      ],
      "id": "61102",
      "gpg13": [
        "4.3"
      ],
      "gdpr": [
        "IV_35.7.d"
      ]
    },
    "location": "EventChannel",
    "decoder": {
      "name": "windows_eventchannel"
    },
    "id": "1779784671.19057390",
    "timestamp": "2026-05-26T08:37:51.905+0000"
  },
  {
    "input": {
      "type": "log"
    },
    "agent": {
      "ip": "172.21.5.66",
      "name": "Minis-forum_development",
      "id": "089"
    },
    "manager": {
      "name": "wazuh.manager"
    },
    "data": {
      "win": {
        "eventdata": {
          "data": "C:\\\\WINDOWS\\\\system32\\\\svchost.exe -k netsvcs -p -s wuauserv, Windows Update",
          "binary": "0000000067020000590200000000000022CE28677C6DDA79E28C1C000000000000000000"
        },
        "system": {
          "eventID": "8194",
          "keywords": "0x80000000000000",
          "level": "4",
          "channel": "Application",
          "opcode": "0",
          "message": "\"Der Wiederherstellungspunkt wurde erfolgreich erstellt (Prozess = C:\\WINDOWS\\system32\\svchost.exe -k netsvcs -p -s wuauserv; Beschreibung = Windows Update).\"",
          "version": "0",
          "systemTime": "2026-05-26T08:37:48.7759849Z",
          "eventRecordID": "75185",
          "threadID": "0",
          "computer": "DEV-MINISFORUM.arzw.local",
          "task": "0",
          "processID": "22932",
          "severityValue": "INFORMATION",
          "providerName": "System Restore"
        }
      }
    },
    "rule": {
      "firedtimes": 2,
      "mail": false,
      "level": 3,
      "description": "Restore point successfully created.",
      "groups": [
        "windows",
        "windows_application"
      ],
      "id": "60718"
    },
    "location": "EventChannel",
    "decoder": {
      "name": "windows_eventchannel"
    },
    "id": "1779784669.19054971",
    "timestamp": "2026-05-26T08:37:49.090+0000"
  },
  {
    "input": {
      "type": "log"
    },
    "agent": {
      "ip": "172.21.5.66",
      "name": "Minis-forum_development",
      "id": "089"
    },
    "manager": {
      "name": "wazuh.manager"
    },
    "data": {
      "win": {
        "eventdata": {
          "p1": "Update;MoUpdateOrchestratorDeviceScan-MoUsoCoreWorker-SearchForAllUpdatesWithUpdateOptionsAsync",
          "p2": "80073d02",
          "rechecking": "0",
          "p3": "26200",
          "attachedFiles": "  \\\\\\\\?\\\\C:\\\\ProgramData\\\\Microsoft\\\\Windows\\\\WER\\\\Temp\\\\WER.d8af80e9-13c2-4222-9791-6726ae1728aa.tmp.WERInternalMetadata.xml",
          "p4": "8246",
          "reportId": "fb130998-3829-4f5d-afe9-fe400404897d",
          "p5": "Windows.Desktop",
          "p6": "1",
          "reportStatus": "268435456",
          "bucket": "1512309699664466614",
          "storePath": "\\\\\\\\?\\\\C:\\\\ProgramData\\\\Microsoft\\\\Windows\\\\WER\\\\ReportArchive\\\\NonCritical_Update;MoUpdateO_ee8e0711cf5c3cd4e82f3bf6b8799ef5bc645c_00000000_fb130998-3829-4f5d-afe9-fe400404897d",
          "bucketType": "5",
          "hashedBucket": "9da802780bcc389844fccda8c6e0d2b6",
          "response": "Nicht verfügbar",
          "eventName": "StoreAgentInstallFailure1",
          "cabGuid": "0",
          "cabId": "0"
        },
        "system": {
          "eventID": "1001",
          "keywords": "0x8000000000000000",
          "providerGuid": "{0ead09bd-2157-539a-8d6d-c87f95b64d70}",
          "level": "4",
          "channel": "Application",
          "opcode": "0",
          "message": "\"Fehlerbucket 1512309699664466614, Typ 5\r\nEreignisname: StoreAgentInstallFailure1\r\nAntwort: Nicht verfügbar\r\nCAB-Datei-ID: 0\r\n\r\nProblemsignatur:\r\nP1: Update;MoUpdateOrchestratorDeviceScan-MoUsoCoreWorker-SearchForAllUpdatesWithUpdateOptionsAsync\r\nP2: 80073d02\r\nP3: 26200\r\nP4: 8246\r\nP5: Windows.Desktop\r\nP6: 1\r\nP7: \r\nP8: \r\nP9: \r\nP10: \r\n\r\nAngefügte Dateien:\r\n\\\\?\\C:\\ProgramData\\Microsoft\\Windows\\WER\\Temp\\WER.d8af80e9-13c2-4222-9791-6726ae1728aa.tmp.WERInternalMetadata.xml\r\n\r\nDiese Dateien befinden sich möglicherweise hier:\r\n\\\\?\\C:\\ProgramData\\Microsoft\\Windows\\WER\\ReportArchive\\NonCritical_Update;MoUpdateO_ee8e0711cf5c3cd4e82f3bf6b8799ef5bc645c_00000000_fb130998-3829-4f5d-afe9-fe400404897d\r\n\r\nAnalysesymbol: \r\nEs wird erneut nach einer Lösung gesucht: 0\r\nBerichts-ID: fb130998-3829-4f5d-afe9-fe400404897d\r\nBerichtstatus: 268435456\r\nBucket mit Hash: 9da802780bcc389844fccda8c6e0d2b6\r\nCAB-Datei-Guid: 0\"",
          "version": "0",
          "systemTime": "2026-05-26T08:37:42.9063214Z",
          "eventRecordID": "75183",
          "threadID": "38368",
          "computer": "DEV-MINISFORUM.arzw.local",
          "task": "0",
          "processID": "27460",
          "severityValue": "INFORMATION",
          "providerName": "Windows Error Reporting"
        }
      }
    },
    "rule": {
      "firedtimes": 13,
      "mail": false,
      "level": 4,
      "description": "Summary event of the report's signatures.",
      "groups": [
        "windows",
        "windows_application"
      ],
      "id": "60608"
    },
    "location": "EventChannel",
    "decoder": {
      "name": "windows_eventchannel"
    },
    "id": "1779784663.19044334",
    "timestamp": "2026-05-26T08:37:43.959+0000"
  },
  {
    "input": {
      "type": "log"
    },
    "agent": {
      "ip": "172.21.5.66",
      "name": "Minis-forum_development",
      "id": "089"
    },
    "manager": {
      "name": "wazuh.manager"
    },
    "data": {
      "win": {
        "eventdata": {
          "updateRevisionNumber": "1",
          "updateGuid": "{f068bd44-e87a-4ede-b312-0fb9a20360dc}",
          "serviceGuid": "{855e8a7c-ecb4-4ca3-b045-1dfa50104289}",
          "errorCode": "0x80073d02",
          "updateTitle": "9NBLGGH4NNS1-Microsoft.DesktopAppInstaller"
        },
        "system": {
          "eventID": "20",
          "keywords": "0x8000000000000028",
          "providerGuid": "{945a8954-c147-4acd-923f-40c45405a658}",
          "level": "2",
          "channel": "System",
          "opcode": "13",
          "message": "\"Installationsfehler: Die Installation des folgenden Updates ist mit Fehler 0x80073D02 fehlgeschlagen: 9NBLGGH4NNS1-Microsoft.DesktopAppInstaller\"",
          "version": "1",
          "systemTime": "2026-05-26T08:37:41.0239236Z",
          "eventRecordID": "56945",
          "threadID": "6096",
          "computer": "DEV-MINISFORUM.arzw.local",
          "task": "1",
          "processID": "22932",
          "severityValue": "ERROR",
          "providerName": "Microsoft-Windows-WindowsUpdateClient"
        }
      }
    },
    "rule": {
      "firedtimes": 9,
      "mail": false,
      "level": 5,
      "description": "Windows System error event",
      "groups": [
        "windows",
        "windows_system",
        "system_error"
      ],
      "id": "61102",
      "gpg13": [
        "4.3"
      ],
      "gdpr": [
        "IV_35.7.d"
      ]
    },
    "location": "EventChannel",
    "decoder": {
      "name": "windows_eventchannel"
    },
    "id": "1779784663.19042348",
    "timestamp": "2026-05-26T08:37:43.352+0000"
  },
  {
    "input": {
      "type": "log"
    },
    "agent": {
      "ip": "172.21.5.66",
      "name": "Minis-forum_development",
      "id": "089"
    },
    "manager": {
      "name": "wazuh.manager"
    },
    "data": {
      "win": {
        "eventdata": {
          "p1": "Update;MoUpdateOrchestratorDeviceScan-MoUsoCoreWorker-SearchForAllUpdatesWithUpdateOptionsAsync",
          "p2": "80073d02",
          "rechecking": "0",
          "p3": "26200",
          "p4": "8246",
          "reportId": "fb130998-3829-4f5d-afe9-fe400404897d",
          "p5": "Windows.Desktop",
          "p6": "1",
          "reportStatus": "4",
          "storePath": "\\\\\\\\?\\\\C:\\\\ProgramData\\\\Microsoft\\\\Windows\\\\WER\\\\ReportQueue\\\\NonCritical_Update;MoUpdateO_ee8e0711cf5c3cd4e82f3bf6b8799ef5bc645c_00000000_fb130998-3829-4f5d-afe9-fe400404897d",
          "bucketType": "0",
          "response": "Nicht verfügbar",
          "eventName": "StoreAgentInstallFailure1",
          "cabGuid": "0",
          "cabId": "0"
        },
        "system": {
          "eventID": "1001",
          "keywords": "0x8000000000000000",
          "providerGuid": "{0ead09bd-2157-539a-8d6d-c87f95b64d70}",
          "level": "4",
          "channel": "Application",
          "opcode": "0",
          "message": "\"Fehlerbucket , Typ 0\r\nEreignisname: StoreAgentInstallFailure1\r\nAntwort: Nicht verfügbar\r\nCAB-Datei-ID: 0\r\n\r\nProblemsignatur:\r\nP1: Update;MoUpdateOrchestratorDeviceScan-MoUsoCoreWorker-SearchForAllUpdatesWithUpdateOptionsAsync\r\nP2: 80073d02\r\nP3: 26200\r\nP4: 8246\r\nP5: Windows.Desktop\r\nP6: 1\r\nP7: \r\nP8: \r\nP9: \r\nP10: \r\n\r\nAngefügte Dateien:\r\n\r\nDiese Dateien befinden sich möglicherweise hier:\r\n\\\\?\\C:\\ProgramData\\Microsoft\\Windows\\WER\\ReportQueue\\NonCritical_Update;MoUpdateO_ee8e0711cf5c3cd4e82f3bf6b8799ef5bc645c_00000000_fb130998-3829-4f5d-afe9-fe400404897d\r\n\r\nAnalysesymbol: \r\nEs wird erneut nach einer Lösung gesucht: 0\r\nBerichts-ID: fb130998-3829-4f5d-afe9-fe400404897d\r\nBerichtstatus: 4\r\nBucket mit Hash: \r\nCAB-Datei-Guid: 0\"",
          "version": "0",
          "systemTime": "2026-05-26T08:37:41.3331665Z",
          "eventRecordID": "75182",
          "threadID": "28544",
          "computer": "DEV-MINISFORUM.arzw.local",
          "task": "0",
          "processID": "6964",
          "severityValue": "INFORMATION",
          "providerName": "Windows Error Reporting"
        }
      }
    },
    "rule": {
      "firedtimes": 12,
      "mail": false,
      "level": 4,
      "description": "Summary event of the report's signatures.",
      "groups": [
        "windows",
        "windows_application"
      ],
      "id": "60608"
    },
    "location": "EventChannel",
    "decoder": {
      "name": "windows_eventchannel"
    },
    "id": "1779784663.19038331",
    "timestamp": "2026-05-26T08:37:43.337+0000"
  },
  {
    "input": {
      "type": "log"
    },
    "agent": {
      "ip": "172.21.5.66",
      "name": "Minis-forum_development",
      "id": "089"
    },
    "manager": {
      "name": "wazuh.manager"
    },
    "data": {
      "win": {
        "eventdata": {
          "data": "C:\\\\WINDOWS\\\\system32\\\\svchost.exe -k netsvcs -p -s wuauserv, Windows Update",
          "binary": "0000000067020000590200000000000022CE28677C6DDA79E28C1C000000000000000000"
        },
        "system": {
          "eventID": "8194",
          "keywords": "0x80000000000000",
          "level": "4",
          "channel": "Application",
          "opcode": "0",
          "message": "\"Der Wiederherstellungspunkt wurde erfolgreich erstellt (Prozess = C:\\WINDOWS\\system32\\svchost.exe -k netsvcs -p -s wuauserv; Beschreibung = Windows Update).\"",
          "version": "0",
          "systemTime": "2026-05-26T08:37:40.2551550Z",
          "eventRecordID": "75181",
          "threadID": "0",
          "computer": "DEV-MINISFORUM.arzw.local",
          "task": "0",
          "processID": "22932",
          "severityValue": "INFORMATION",
          "providerName": "System Restore"
        }
      }
    },
    "rule": {
      "firedtimes": 1,
      "mail": false,
      "level": 3,
      "description": "Restore point successfully created.",
      "groups": [
        "windows",
        "windows_application"
      ],
      "id": "60718"
    },
    "location": "EventChannel",
    "decoder": {
      "name": "windows_eventchannel"
    },
    "id": "1779784660.19036621",
    "timestamp": "2026-05-26T08:37:40.409+0000"
  },
  {
    "input": {
      "type": "log"
    },
    "agent": {
      "ip": "172.21.5.66",
      "name": "Minis-forum_development",
      "id": "089"
    },
    "manager": {
      "name": "wazuh.manager"
    },
    "data": {
      "win": {
        "eventdata": {
          "data": "2126-05-02T08:37:05Z, RulesEngine"
        },
        "system": {
          "eventID": "16384",
          "eventSourceName": "Software Protection Platform Service",
          "keywords": "0x80000000000000",
          "providerGuid": "{E23B33B0-C8C9-472C-A5F9-F2BDFEA0F156}",
          "level": "4",
          "channel": "Application",
          "opcode": "0",
          "message": "\"Der Softwareschutzdienst wurde erfolgreich für den erneuten Start bei 2126-05-02T08:37:05Z geplant. Grund: RulesEngine.\"",
          "version": "0",
          "systemTime": "2026-05-26T08:37:06.0086458Z",
          "eventRecordID": "75179",
          "threadID": "0",
          "computer": "DEV-MINISFORUM.arzw.local",
          "task": "0",
          "processID": "35396",
          "severityValue": "INFORMATION",
          "providerName": "Microsoft-Windows-Security-SPP"
        }
      }
    },
    "rule": {
      "firedtimes": 123,
      "mail": false,
      "level": 3,
      "description": "Software protection service scheduled successfully.",
      "groups": [
        "windows",
        "windows_application"
      ],
      "id": "60642"
    },
    "location": "EventChannel",
    "decoder": {
      "name": "windows_eventchannel"
    },
    "id": "1779784625.19024359",
    "timestamp": "2026-05-26T08:37:05.823+0000"
  },
  {
    "input": {
      "type": "log"
    },
    "agent": {
      "ip": "172.21.5.66",
      "name": "Minis-forum_development",
      "id": "089"
    },
    "manager": {
      "name": "wazuh.manager"
    },
    "data": {
      "win": {
        "eventdata": {
          "targetLogonId": "0x1103432ef",
          "targetUserName": "m.danz",
          "targetDomainName": "ARZW",
          "targetUserSid": "S-1-5-21-228770904-35461013-1130905197-2729",
          "logonType": "3"
        },
        "system": {
          "eventID": "4634",
          "keywords": "0x8020000000000000",
          "providerGuid": "{54849625-5478-4994-a5ba-3e3b0328c30d}",
          "level": "0",
          "channel": "Security",
          "opcode": "0",
          "message": "\"Ein Konto wurde abgemeldet.\r\n\r\nAntragsteller:\r\n\tSicherheits-ID:\t\tS-1-5-21-228770904-35461013-1130905197-2729\r\n\tKontoname:\t\tm.danz\r\n\tKontodomäne:\t\tARZW\r\n\tAnmelde-ID:\t\t0x1103432EF\r\n\r\nAnmeldetyp:\t\t\t3\r\n\r\nDieses Ereignis wird generiert, wenn eine Anmeldesitzung zerstört wird. Es kann anhand des Wertes der Anmelde-ID positiv mit einem Anmeldeereignis korreliert werden. Anmelde-IDs sind nur zwischen Neustarts auf demselben Computer eindeutig.\"",
          "version": "0",
          "systemTime": "2026-05-26T08:22:12.4303440Z",
          "eventRecordID": "1719361",
          "threadID": "4564",
          "computer": "DEV-MINISFORUM.arzw.local",
          "task": "12545",
          "processID": "1760",
          "severityValue": "AUDIT_SUCCESS",
          "providerName": "Microsoft-Windows-Security-Auditing"
        }
      }
    },
    "rule": {
      "firedtimes": 12,
      "mail": false,
      "level": 3,
      "pci_dss": [
        "10.2.5"
      ],
      "hipaa": [
        "164.312.b"
      ],
      "tsc": [
        "CC6.8",
        "CC7.2",
        "CC7.3"
      ],
      "description": "Windows User Logoff",
      "groups": [
        "windows",
        "windows_security"
      ],
      "id": "60137",
      "nist_800_53": [
        "AU.14",
        "AC.7"
      ],
      "gdpr": [
        "IV_32.2"
      ]
    },
    "location": "EventChannel",
    "decoder": {
      "name": "windows_eventchannel"
    },
    "id": "1779783733.17905146",
    "timestamp": "2026-05-26T08:22:13.498+0000"
  },
  {
    "input": {
      "type": "log"
    },
    "agent": {
      "ip": "172.21.5.66",
      "name": "Minis-forum_development",
      "id": "089"
    },
    "manager": {
      "name": "wazuh.manager"
    },
    "data": {
      "win": {
        "eventdata": {
          "targetLogonId": "0x1103584d4",
          "targetUserName": "m.danz",
          "targetDomainName": "ARZW",
          "targetUserSid": "S-1-5-21-228770904-35461013-1130905197-2729",
          "logonType": "7"
        },
        "system": {
          "eventID": "4634",
          "keywords": "0x8020000000000000",
          "providerGuid": "{54849625-5478-4994-a5ba-3e3b0328c30d}",
          "level": "0",
          "channel": "Security",
          "opcode": "0",
          "message": "\"Ein Konto wurde abgemeldet.\r\n\r\nAntragsteller:\r\n\tSicherheits-ID:\t\tS-1-5-21-228770904-35461013-1130905197-2729\r\n\tKontoname:\t\tm.danz\r\n\tKontodomäne:\t\tARZW\r\n\tAnmelde-ID:\t\t0x1103584D4\r\n\r\nAnmeldetyp:\t\t\t7\r\n\r\nDieses Ereignis wird generiert, wenn eine Anmeldesitzung zerstört wird. Es kann anhand des Wertes der Anmelde-ID positiv mit einem Anmeldeereignis korreliert werden. Anmelde-IDs sind nur zwischen Neustarts auf demselben Computer eindeutig.\"",
          "version": "0",
          "systemTime": "2026-05-26T08:21:32.8192645Z",
          "eventRecordID": "1719358",
          "threadID": "25936",
          "computer": "DEV-MINISFORUM.arzw.local",
          "task": "12545",
          "processID": "1760",
          "severityValue": "AUDIT_SUCCESS",
          "providerName": "Microsoft-Windows-Security-Auditing"
        }
      }
    },
    "rule": {
      "firedtimes": 8,
      "mail": false,
      "level": 3,
      "description": "Non service account logged off.",
      "groups": [
        "windows",
        " WEF"
      ],
      "id": "67023"
    },
    "location": "EventChannel",
    "decoder": {
      "name": "windows_eventchannel"
    },
    "id": "1779783693.17846503",
    "timestamp": "2026-05-26T08:21:33.790+0000"
  },
  {
    "input": {
      "type": "log"
    },
    "agent": {
      "ip": "172.21.5.66",
      "name": "Minis-forum_development",
      "id": "089"
    },
    "manager": {
      "name": "wazuh.manager"
    },
    "data": {
      "win": {
        "eventdata": {
          "targetLogonId": "0x11035b0fa",
          "targetUserName": "m.danz",
          "targetDomainName": "ARZW",
          "targetUserSid": "S-1-5-21-228770904-35461013-1130905197-2729",
          "logonType": "7"
        },
        "system": {
          "eventID": "4634",
          "keywords": "0x8020000000000000",
          "providerGuid": "{54849625-5478-4994-a5ba-3e3b0328c30d}",
          "level": "0",
          "channel": "Security",
          "opcode": "0",
          "message": "\"Ein Konto wurde abgemeldet.\r\n\r\nAntragsteller:\r\n\tSicherheits-ID:\t\tS-1-5-21-228770904-35461013-1130905197-2729\r\n\tKontoname:\t\tm.danz\r\n\tKontodomäne:\t\tARZW\r\n\tAnmelde-ID:\t\t0x11035B0FA\r\n\r\nAnmeldetyp:\t\t\t7\r\n\r\nDieses Ereignis wird generiert, wenn eine Anmeldesitzung zerstört wird. Es kann anhand des Wertes der Anmelde-ID positiv mit einem Anmeldeereignis korreliert werden. Anmelde-IDs sind nur zwischen Neustarts auf demselben Computer eindeutig.\"",
          "version": "0",
          "systemTime": "2026-05-26T08:21:32.8095813Z",
          "eventRecordID": "1719357",
          "threadID": "1892",
          "computer": "DEV-MINISFORUM.arzw.local",
          "task": "12545",
          "processID": "1760",
          "severityValue": "AUDIT_SUCCESS",
          "providerName": "Microsoft-Windows-Security-Auditing"
        }
      }
    },
    "rule": {
      "firedtimes": 7,
      "mail": false,
      "level": 3,
      "description": "Non service account logged off.",
      "groups": [
        "windows",
        " WEF"
      ],
      "id": "67023"
    },
    "location": "EventChannel",
    "decoder": {
      "name": "windows_eventchannel"
    },
    "id": "1779783693.17844024",
    "timestamp": "2026-05-26T08:21:33.774+0000"
  },
  {
    "input": {
      "type": "log"
    },
    "agent": {
      "ip": "172.21.5.66",
      "name": "Minis-forum_development",
      "id": "089"
    },
    "manager": {
      "name": "wazuh.manager"
    },
    "data": {
      "win": {
        "eventdata": {
          "subjectLogonId": "0x1103584d4",
          "subjectUserSid": "S-1-5-21-228770904-35461013-1130905197-2729",
          "subjectDomainName": "ARZW",
          "privilegeList": "SeSecurityPrivilege     SeTakeOwnershipPrivilege     SeLoadDriverPrivilege     SeBackupPrivilege     SeRestorePrivilege     SeDebugPrivilege     SeSystemEnvironmentPrivilege     SeImpersonatePrivilege     SeDelegateSessionUserImpersonatePrivilege",
          "subjectUserName": "m.danz"
        },
        "system": {
          "eventID": "4672",
          "keywords": "0x8020000000000000",
          "providerGuid": "{54849625-5478-4994-a5ba-3e3b0328c30d}",
          "level": "0",
          "channel": "Security",
          "opcode": "0",
          "message": "\"Einer neuen Anmeldung wurden besondere Rechte zugewiesen.\r\n\r\nAntragsteller:\r\n\tSicherheits-ID:\t\tS-1-5-21-228770904-35461013-1130905197-2729\r\n\tKontoname:\t\tm.danz\r\n\tKontodomäne:\t\tARZW\r\n\tAnmelde-ID:\t\t0x1103584D4\r\n\r\nBerechtigungen:\t\tSeSecurityPrivilege\r\n\t\t\tSeTakeOwnershipPrivilege\r\n\t\t\tSeLoadDriverPrivilege\r\n\t\t\tSeBackupPrivilege\r\n\t\t\tSeRestorePrivilege\r\n\t\t\tSeDebugPrivilege\r\n\t\t\tSeSystemEnvironmentPrivilege\r\n\t\t\tSeImpersonatePrivilege\r\n\t\t\tSeDelegateSessionUserImpersonatePrivilege\"",
          "version": "0",
          "systemTime": "2026-05-26T08:21:32.8094862Z",
          "eventRecordID": "1719356",
          "threadID": "21156",
          "computer": "DEV-MINISFORUM.arzw.local",
          "task": "12548",
          "processID": "1760",
          "severityValue": "AUDIT_SUCCESS",
          "providerName": "Microsoft-Windows-Security-Auditing"
        }
      }
    },
    "rule": {
      "firedtimes": 5,
      "mail": false,
      "level": 3,
      "description": "Special privileges assigned to new logon.",
      "groups": [
        "windows",
        " WEF"
      ],
      "mitre": {
        "technique": [
          "Domain Policy Modification"
        ],
        "id": [
          "T1484"
        ],
        "tactic": [
          "Defense Evasion",
          "Privilege Escalation"
        ]
      },
      "id": "67028"
    },
    "location": "EventChannel",
    "decoder": {
      "name": "windows_eventchannel"
    },
    "id": "1779783693.17840924",
    "timestamp": "2026-05-26T08:21:33.758+0000"
  },
  {
    "input": {
      "type": "log"
    },
    "agent": {
      "ip": "172.21.5.66",
      "name": "Minis-forum_development",
      "id": "089"
    },
    "manager": {
      "name": "wazuh.manager"
    },
    "data": {
      "win": {
        "eventdata": {
          "subjectLogonId": "0x3e7",
          "subjectDomainName": "ARZW",
          "targetLinkedLogonId": "0x1103584d4",
          "impersonationLevel": "%%1833",
          "authenticationPackageName": "Negotiate",
          "workstationName": "DEV-MINISFORUM",
          "targetLogonId": "0x11035b0fa",
          "logonProcessName": "Negotiat",
          "logonGuid": "{00000000-0000-0000-0000-000000000000}",
          "targetUserName": "m.danz",
          "keyLength": "0",
          "elevatedToken": "%%1843",
          "subjectUserSid": "S-1-5-18",
          "processId": "0x6e0",
          "processName": "C:\\\\Windows\\\\System32\\\\lsass.exe",
          "targetDomainName": "ARZW",
          "targetUserSid": "S-1-5-21-228770904-35461013-1130905197-2729",
          "virtualAccount": "%%1843",
          "logonType": "7",
          "subjectUserName": "DEV-MINISFORUM$"
        },
        "system": {
          "eventID": "4624",
          "keywords": "0x8020000000000000",
          "providerGuid": "{54849625-5478-4994-a5ba-3e3b0328c30d}",
          "level": "0",
          "channel": "Security",
          "opcode": "0",
          "message": "\"Ein Konto wurde erfolgreich angemeldet.\r\n\r\nAntragsteller:\r\n\tSicherheits-ID:\t\tS-1-5-18\r\n\tKontoname:\t\tDEV-MINISFORUM$\r\n\tKontodomäne:\t\tARZW\r\n\tAnmelde-ID:\t\t0x3E7\r\n\r\nAnmeldeinformationen:\r\n\tAnmeldetyp:\t\t7\r\n\tEingeschränkter Administratormodus:\t-\r\n\tRemote Credential Guard:\t-\r\n\tVirtuelles Konto:\t\tNein\r\n\tToken mit erhöhten Rechten:\t\tNein\r\n\r\nIdentitätswechselebene:\t\tIdentitätswechsel\r\n\r\nNeue Anmeldung:\r\n\tSicherheits-ID:\t\tS-1-5-21-228770904-35461013-1130905197-2729\r\n\tKontoname:\t\tm.danz\r\n\tKontodomäne:\t\tARZW\r\n\tAnmelde-ID:\t\t0x11035B0FA\r\n\tVerknüpfte Anmelde-ID:\t\t0x1103584D4\r\n\tNetzwerk-Kontoname:\t-\r\n\tNetzwerk-Kontodomäne:\t-\r\n\tAnmelde-GUID:\t\t{00000000-0000-0000-0000-000000000000}\r\n\r\nProzessinformationen:\r\n\tProzess-ID:\t\t0x6e0\r\n\tProzessname:\t\tC:\\Windows\\System32\\lsass.exe\r\n\r\nNetzwerkinformationen:\r\n\tArbeitsstationsname:\tDEV-MINISFORUM\r\n\tQuellnetzwerkadresse:\t-\r\n\tQuellport:\t\t-\r\n\r\nDetaillierte Authentifizierungsinformationen:\r\n\tAnmeldeprozess:\t\tNegotiat\r\n\tAuthentifizierungspaket:\tNegotiate\r\n\tÜbertragene Dienste:\t-\r\n\tPaketname (nur NTLM):\t-\r\n\tSchlüssellänge:\t\t0\r\n\r\nDieses Ereignis wird beim Erstellen einer Anmeldesitzung generiert. Es wird auf dem Computer generiert, auf den zugegriffen wurde.\r\n\r\nDie Antragstellerfelder geben das Konto auf dem lokalen System an, von dem die Anmeldung angefordert wurde. Dies ist meistens ein Dienst wie der Serverdienst oder ein lokaler Prozess wie Winlogon.exe oder Services.exe.\r\n\r\nDas Anmeldetypfeld gibt den jeweiligen Anmeldetyp an. Die häufigsten Typen sind 2 (interaktiv) und 3 (Netzwerk).\r\n\r\nDie Felder für die neue Anmeldung geben das Konto an, für das die neue Anmeldung erstellt wurde, d. h. das angemeldete Konto.\r\n\r\nDie Netzwerkfelder geben den Ursprung einer Remoteanmeldeanforderung an. Der Arbeitsstationsname ist nicht immer verfügbar und kann in manchen Fällen leer bleiben.\r\n\r\nDas Feld für die Identitätswechselebene gibt an, in welchem Umfang ein Prozess in der Anmeldesitzung einen Identitätswechsel vornehmen kann.\r\n\r\nDie Felder für die Authentifizierungsinformationen enthalten detaillierte Informationen zu dieser spezifische Anmeldeanforderung.\r\n\t– Die Anmelde-GUID ist ein eindeutiger Bezeichner, der verwendet werden kann, um dieses Ereignis mit einem KDC-Ereignis zu korrelieren.\r\n\t– Die übertragenen Dienste geben an, welche Zwischendienste an der Anmeldeanforderung beteiligt waren.\r\n\t– Der Paketname gibt das in den NTLM-Protokollen verwendete Unterprotokoll an.\r\n\t– Die Schlüssellänge gibt die Länge des generierten Sitzungsschlüssels an. Wenn kein Sitzungsschlüssel angefordert wurde, ist dieser Wert 0.\"",
          "version": "3",
          "systemTime": "2026-05-26T08:21:32.8094807Z",
          "eventRecordID": "1719355",
          "threadID": "21156",
          "computer": "DEV-MINISFORUM.arzw.local",
          "task": "12544",
          "processID": "1760",
          "severityValue": "AUDIT_SUCCESS",
          "providerName": "Microsoft-Windows-Security-Auditing"
        }
      }
    },
    "rule": {
      "firedtimes": 11,
      "mail": false,
      "level": 3,
      "description": "Non network or service local logon.",
      "groups": [
        "windows",
        " WEF"
      ],
      "id": "67022"
    },
    "location": "EventChannel",
    "decoder": {
      "name": "windows_eventchannel"
    },
    "id": "1779783693.17832830",
    "timestamp": "2026-05-26T08:21:33.744+0000"
  },
  {
    "input": {
      "type": "log"
    },
    "agent": {
      "ip": "172.21.5.66",
      "name": "Minis-forum_development",
      "id": "089"
    },
    "manager": {
      "name": "wazuh.manager"
    },
    "data": {
      "win": {
        "eventdata": {
          "subjectLogonId": "0x3e7",
          "subjectDomainName": "ARZW",
          "targetLinkedLogonId": "0x11035b0fa",
          "impersonationLevel": "%%1833",
          "authenticationPackageName": "Negotiate",
          "workstationName": "DEV-MINISFORUM",
          "targetLogonId": "0x1103584d4",
          "logonProcessName": "Negotiat",
          "logonGuid": "{e13838d0-6637-ac37-5eaf-2534faca98ca}",
          "targetUserName": "m.danz",
          "keyLength": "0",
          "elevatedToken": "%%1842",
          "subjectUserSid": "S-1-5-18",
          "processId": "0x6e0",
          "processName": "C:\\\\Windows\\\\System32\\\\lsass.exe",
          "targetDomainName": "ARZW",
          "targetUserSid": "S-1-5-21-228770904-35461013-1130905197-2729",
          "virtualAccount": "%%1843",
          "logonType": "7",
          "subjectUserName": "DEV-MINISFORUM$"
        },
        "system": {
          "eventID": "4624",
          "keywords": "0x8020000000000000",
          "providerGuid": "{54849625-5478-4994-a5ba-3e3b0328c30d}",
          "level": "0",
          "channel": "Security",
          "opcode": "0",
          "message": "\"Ein Konto wurde erfolgreich angemeldet.\r\n\r\nAntragsteller:\r\n\tSicherheits-ID:\t\tS-1-5-18\r\n\tKontoname:\t\tDEV-MINISFORUM$\r\n\tKontodomäne:\t\tARZW\r\n\tAnmelde-ID:\t\t0x3E7\r\n\r\nAnmeldeinformationen:\r\n\tAnmeldetyp:\t\t7\r\n\tEingeschränkter Administratormodus:\t-\r\n\tRemote Credential Guard:\t-\r\n\tVirtuelles Konto:\t\tNein\r\n\tToken mit erhöhten Rechten:\t\tJa\r\n\r\nIdentitätswechselebene:\t\tIdentitätswechsel\r\n\r\nNeue Anmeldung:\r\n\tSicherheits-ID:\t\tS-1-5-21-228770904-35461013-1130905197-2729\r\n\tKontoname:\t\tm.danz\r\n\tKontodomäne:\t\tARZW\r\n\tAnmelde-ID:\t\t0x1103584D4\r\n\tVerknüpfte Anmelde-ID:\t\t0x11035B0FA\r\n\tNetzwerk-Kontoname:\t-\r\n\tNetzwerk-Kontodomäne:\t-\r\n\tAnmelde-GUID:\t\t{e13838d0-6637-ac37-5eaf-2534faca98ca}\r\n\r\nProzessinformationen:\r\n\tProzess-ID:\t\t0x6e0\r\n\tProzessname:\t\tC:\\Windows\\System32\\lsass.exe\r\n\r\nNetzwerkinformationen:\r\n\tArbeitsstationsname:\tDEV-MINISFORUM\r\n\tQuellnetzwerkadresse:\t-\r\n\tQuellport:\t\t-\r\n\r\nDetaillierte Authentifizierungsinformationen:\r\n\tAnmeldeprozess:\t\tNegotiat\r\n\tAuthentifizierungspaket:\tNegotiate\r\n\tÜbertragene Dienste:\t-\r\n\tPaketname (nur NTLM):\t-\r\n\tSchlüssellänge:\t\t0\r\n\r\nDieses Ereignis wird beim Erstellen einer Anmeldesitzung generiert. Es wird auf dem Computer generiert, auf den zugegriffen wurde.\r\n\r\nDie Antragstellerfelder geben das Konto auf dem lokalen System an, von dem die Anmeldung angefordert wurde. Dies ist meistens ein Dienst wie der Serverdienst oder ein lokaler Prozess wie Winlogon.exe oder Services.exe.\r\n\r\nDas Anmeldetypfeld gibt den jeweiligen Anmeldetyp an. Die häufigsten Typen sind 2 (interaktiv) und 3 (Netzwerk).\r\n\r\nDie Felder für die neue Anmeldung geben das Konto an, für das die neue Anmeldung erstellt wurde, d. h. das angemeldete Konto.\r\n\r\nDie Netzwerkfelder geben den Ursprung einer Remoteanmeldeanforderung an. Der Arbeitsstationsname ist nicht immer verfügbar und kann in manchen Fällen leer bleiben.\r\n\r\nDas Feld für die Identitätswechselebene gibt an, in welchem Umfang ein Prozess in der Anmeldesitzung einen Identitätswechsel vornehmen kann.\r\n\r\nDie Felder für die Authentifizierungsinformationen enthalten detaillierte Informationen zu dieser spezifische Anmeldeanforderung.\r\n\t– Die Anmelde-GUID ist ein eindeutiger Bezeichner, der verwendet werden kann, um dieses Ereignis mit einem KDC-Ereignis zu korrelieren.\r\n\t– Die übertragenen Dienste geben an, welche Zwischendienste an der Anmeldeanforderung beteiligt waren.\r\n\t– Der Paketname gibt das in den NTLM-Protokollen verwendete Unterprotokoll an.\r\n\t– Die Schlüssellänge gibt die Länge des generierten Sitzungsschlüssels an. Wenn kein Sitzungsschlüssel angefordert wurde, ist dieser Wert 0.\"",
          "version": "3",
          "systemTime": "2026-05-26T08:21:32.8094705Z",
          "eventRecordID": "1719354",
          "threadID": "21156",
          "computer": "DEV-MINISFORUM.arzw.local",
          "task": "12544",
          "processID": "1760",
          "severityValue": "AUDIT_SUCCESS",
          "providerName": "Microsoft-Windows-Security-Auditing"
        }
      }
    },
    "rule": {
      "firedtimes": 10,
      "mail": false,
      "level": 3,
      "description": "Non network or service local logon.",
      "groups": [
        "windows",
        " WEF"
      ],
      "id": "67022"
    },
    "location": "EventChannel",
    "decoder": {
      "name": "windows_eventchannel"
    },
    "id": "1779783693.17824740",
    "timestamp": "2026-05-26T08:21:33.743+0000"
  },
  {
    "input": {
      "type": "log"
    },
    "agent": {
      "ip": "172.21.5.66",
      "name": "Minis-forum_development",
      "id": "089"
    },
    "manager": {
      "name": "wazuh.manager"
    },
    "data": {
      "win": {
        "eventdata": {
          "targetLogonId": "0x11035834a",
          "targetUserName": "m.danz",
          "targetDomainName": "ARZW",
          "targetUserSid": "S-1-5-21-228770904-35461013-1130905197-2729",
          "logonType": "7"
        },
        "system": {
          "eventID": "4634",
          "keywords": "0x8020000000000000",
          "providerGuid": "{54849625-5478-4994-a5ba-3e3b0328c30d}",
          "level": "0",
          "channel": "Security",
          "opcode": "0",
          "message": "\"Ein Konto wurde abgemeldet.\r\n\r\nAntragsteller:\r\n\tSicherheits-ID:\t\tS-1-5-21-228770904-35461013-1130905197-2729\r\n\tKontoname:\t\tm.danz\r\n\tKontodomäne:\t\tARZW\r\n\tAnmelde-ID:\t\t0x11035834A\r\n\r\nAnmeldetyp:\t\t\t7\r\n\r\nDieses Ereignis wird generiert, wenn eine Anmeldesitzung zerstört wird. Es kann anhand des Wertes der Anmelde-ID positiv mit einem Anmeldeereignis korreliert werden. Anmelde-IDs sind nur zwischen Neustarts auf demselben Computer eindeutig.\"",
          "version": "0",
          "systemTime": "2026-05-26T08:21:32.6299526Z",
          "eventRecordID": "1719352",
          "threadID": "4564",
          "computer": "DEV-MINISFORUM.arzw.local",
          "task": "12545",
          "processID": "1760",
          "severityValue": "AUDIT_SUCCESS",
          "providerName": "Microsoft-Windows-Security-Auditing"
        }
      }
    },
    "rule": {
      "firedtimes": 6,
      "mail": false,
      "level": 3,
      "description": "Non service account logged off.",
      "groups": [
        "windows",
        " WEF"
      ],
      "id": "67023"
    },
    "location": "EventChannel",
    "decoder": {
      "name": "windows_eventchannel"
    },
    "id": "1779783693.17822261",
    "timestamp": "2026-05-26T08:21:33.712+0000"
  },
  {
    "input": {
      "type": "log"
    },
    "agent": {
      "ip": "172.21.5.66",
      "name": "Minis-forum_development",
      "id": "089"
    },
    "manager": {
      "name": "wazuh.manager"
    },
    "data": {
      "win": {
        "eventdata": {
          "targetLogonId": "0x110358410",
          "targetUserName": "m.danz",
          "targetDomainName": "ARZW",
          "targetUserSid": "S-1-5-21-228770904-35461013-1130905197-2729",
          "logonType": "7"
        },
        "system": {
          "eventID": "4634",
          "keywords": "0x8020000000000000",
          "providerGuid": "{54849625-5478-4994-a5ba-3e3b0328c30d}",
          "level": "0",
          "channel": "Security",
          "opcode": "0",
          "message": "\"Ein Konto wurde abgemeldet.\r\n\r\nAntragsteller:\r\n\tSicherheits-ID:\t\tS-1-5-21-228770904-35461013-1130905197-2729\r\n\tKontoname:\t\tm.danz\r\n\tKontodomäne:\t\tARZW\r\n\tAnmelde-ID:\t\t0x110358410\r\n\r\nAnmeldetyp:\t\t\t7\r\n\r\nDieses Ereignis wird generiert, wenn eine Anmeldesitzung zerstört wird. Es kann anhand des Wertes der Anmelde-ID positiv mit einem Anmeldeereignis korreliert werden. Anmelde-IDs sind nur zwischen Neustarts auf demselben Computer eindeutig.\"",
          "version": "0",
          "systemTime": "2026-05-26T08:21:32.6253738Z",
          "eventRecordID": "1719351",
          "threadID": "1892",
          "computer": "DEV-MINISFORUM.arzw.local",
          "task": "12545",
          "processID": "1760",
          "severityValue": "AUDIT_SUCCESS",
          "providerName": "Microsoft-Windows-Security-Auditing"
        }
      }
    },
    "rule": {
      "firedtimes": 5,
      "mail": false,
      "level": 3,
      "description": "Non service account logged off.",
      "groups": [
        "windows",
        " WEF"
      ],
      "id": "67023"
    },
    "location": "EventChannel",
    "decoder": {
      "name": "windows_eventchannel"
    },
    "id": "1779783693.17819782",
    "timestamp": "2026-05-26T08:21:33.697+0000"
  },
  {
    "input": {
      "type": "log"
    },
    "agent": {
      "ip": "172.21.5.66",
      "name": "Minis-forum_development",
      "id": "089"
    },
    "manager": {
      "name": "wazuh.manager"
    },
    "data": {
      "win": {
        "eventdata": {
          "subjectLogonId": "0x11035834a",
          "subjectUserSid": "S-1-5-21-228770904-35461013-1130905197-2729",
          "subjectDomainName": "ARZW",
          "privilegeList": "SeSecurityPrivilege     SeTakeOwnershipPrivilege     SeLoadDriverPrivilege     SeBackupPrivilege     SeRestorePrivilege     SeDebugPrivilege     SeSystemEnvironmentPrivilege     SeImpersonatePrivilege     SeDelegateSessionUserImpersonatePrivilege",
          "subjectUserName": "m.danz"
        },
        "system": {
          "eventID": "4672",
          "keywords": "0x8020000000000000",
          "providerGuid": "{54849625-5478-4994-a5ba-3e3b0328c30d}",
          "level": "0",
          "channel": "Security",
          "opcode": "0",
          "message": "\"Einer neuen Anmeldung wurden besondere Rechte zugewiesen.\r\n\r\nAntragsteller:\r\n\tSicherheits-ID:\t\tS-1-5-21-228770904-35461013-1130905197-2729\r\n\tKontoname:\t\tm.danz\r\n\tKontodomäne:\t\tARZW\r\n\tAnmelde-ID:\t\t0x11035834A\r\n\r\nBerechtigungen:\t\tSeSecurityPrivilege\r\n\t\t\tSeTakeOwnershipPrivilege\r\n\t\t\tSeLoadDriverPrivilege\r\n\t\t\tSeBackupPrivilege\r\n\t\t\tSeRestorePrivilege\r\n\t\t\tSeDebugPrivilege\r\n\t\t\tSeSystemEnvironmentPrivilege\r\n\t\t\tSeImpersonatePrivilege\r\n\t\t\tSeDelegateSessionUserImpersonatePrivilege\"",
          "version": "0",
          "systemTime": "2026-05-26T08:21:32.6243857Z",
          "eventRecordID": "1719350",
          "threadID": "1892",
          "computer": "DEV-MINISFORUM.arzw.local",
          "task": "12548",
          "processID": "1760",
          "severityValue": "AUDIT_SUCCESS",
          "providerName": "Microsoft-Windows-Security-Auditing"
        }
      }
    },
    "rule": {
      "firedtimes": 4,
      "mail": false,
      "level": 3,
      "description": "Special privileges assigned to new logon.",
      "groups": [
        "windows",
        " WEF"
      ],
      "mitre": {
        "technique": [
          "Domain Policy Modification"
        ],
        "id": [
          "T1484"
        ],
        "tactic": [
          "Defense Evasion",
          "Privilege Escalation"
        ]
      },
      "id": "67028"
    },
    "location": "EventChannel",
    "decoder": {
      "name": "windows_eventchannel"
    },
    "id": "1779783693.17816684",
    "timestamp": "2026-05-26T08:21:33.692+0000"
  },
