  {
    "input": {
      "type": "log"
    },
    "agent": {
      "ip": "172.21.5.66",
      "name": "Minis-forum_development",
      "id": "089"
    },
    "manager": {
      "name": "wazuh.manager"
    },
    "data": {
      "win": {
        "eventdata": {
          "subjectLogonId": "0x10535f82c",
          "subjectUserSid": "S-1-5-21-228770904-35461013-1130905197-2729",
          "subjectDomainName": "ARZW",
          "privilegeList": "SeSecurityPrivilege     SeBackupPrivilege     SeRestorePrivilege     SeTakeOwnershipPrivilege     SeDebugPrivilege     SeSystemEnvironmentPrivilege     SeLoadDriverPrivilege     SeImpersonatePrivilege     SeDelegateSessionUserImpersonatePrivilege",
          "subjectUserName": "m.danz"
        },
        "system": {
          "eventID": "4672",
          "keywords": "0x8020000000000000",
          "providerGuid": "{54849625-5478-4994-a5ba-3e3b0328c30d}",
          "level": "0",
          "channel": "Security",
          "opcode": "0",
          "message": "\"Einer neuen Anmeldung wurden besondere Rechte zugewiesen.\r\n\r\nAntragsteller:\r\n\tSicherheits-ID:\t\tS-1-5-21-228770904-35461013-1130905197-2729\r\n\tKontoname:\t\tm.danz\r\n\tKontodomäne:\t\tARZW\r\n\tAnmelde-ID:\t\t0x10535F82C\r\n\r\nBerechtigungen:\t\tSeSecurityPrivilege\r\n\t\t\tSeBackupPrivilege\r\n\t\t\tSeRestorePrivilege\r\n\t\t\tSeTakeOwnershipPrivilege\r\n\t\t\tSeDebugPrivilege\r\n\t\t\tSeSystemEnvironmentPrivilege\r\n\t\t\tSeLoadDriverPrivilege\r\n\t\t\tSeImpersonatePrivilege\r\n\t\t\tSeDelegateSessionUserImpersonatePrivilege\"",
          "version": "0",
          "systemTime": "2026-05-25T12:52:25.0577312Z",
          "eventRecordID": "1716577",
          "threadID": "28116",
          "computer": "DEV-MINISFORUM.arzw.local",
          "task": "12548",
          "processID": "1760",
          "severityValue": "AUDIT_SUCCESS",
          "providerName": "Microsoft-Windows-Security-Auditing"
        }
      }
    },
    "rule": {
      "firedtimes": 7,
      "mail": false,
      "level": 3,
      "description": "Special privileges assigned to new logon.",
      "groups": [
        "windows",
        " WEF"
      ],
      "mitre": {
        "technique": [
          "Domain Policy Modification"
        ],
        "id": [
          "T1484"
        ],
        "tactic": [
          "Defense Evasion",
          "Privilege Escalation"
        ]
      },
      "id": "67028"
    },
    "location": "EventChannel",
    "decoder": {
      "name": "windows_eventchannel"
    },
    "id": "1779713546.7337112",
    "timestamp": "2026-05-25T12:52:26.025+0000"
  },
  {
    "input": {
      "type": "log"
    },
    "agent": {
      "ip": "172.21.5.66",
      "name": "Minis-forum_development",
      "id": "089"
    },
    "manager": {
      "name": "wazuh.manager"
    },
    "data": {
      "win": {
        "eventdata": {
          "data": "2126-05-01T12:50:03Z, RulesEngine"
        },
        "system": {
          "eventID": "16384",
          "eventSourceName": "Software Protection Platform Service",
          "keywords": "0x80000000000000",
          "providerGuid": "{E23B33B0-C8C9-472C-A5F9-F2BDFEA0F156}",
          "level": "4",
          "channel": "Application",
          "opcode": "0",
          "message": "\"Der Softwareschutzdienst wurde erfolgreich für den erneuten Start bei 2126-05-01T12:50:03Z geplant. Grund: RulesEngine.\"",
          "version": "0",
          "systemTime": "2026-05-25T12:50:03.4956680Z",
          "eventRecordID": "74956",
          "threadID": "0",
          "computer": "DEV-MINISFORUM.arzw.local",
          "task": "0",
          "processID": "15100",
          "severityValue": "INFORMATION",
          "providerName": "Microsoft-Windows-Security-SPP"
        }
      }
    },
    "rule": {
      "firedtimes": 21,
      "mail": false,
      "level": 3,
      "description": "Software protection service scheduled successfully.",
      "groups": [
        "windows",
        "windows_application"
      ],
      "id": "60642"
    },
    "location": "EventChannel",
    "decoder": {
      "name": "windows_eventchannel"
    },
    "id": "1779713403.7306655",
    "timestamp": "2026-05-25T12:50:03.211+0000"
  },
  {
    "input": {
      "type": "log"
    },
    "agent": {
      "ip": "172.21.5.66",
      "name": "Minis-forum_development",
      "id": "089"
    },
    "manager": {
      "name": "wazuh.manager"
    },
    "data": {
      "win": {
        "eventdata": {
          "targetLogonId": "0x104d234f1",
          "targetUserName": "m.danz",
          "targetDomainName": "ARZW",
          "targetUserSid": "S-1-5-21-228770904-35461013-1130905197-2729",
          "logonType": "3"
        },
        "system": {
          "eventID": "4634",
          "keywords": "0x8020000000000000",
          "providerGuid": "{54849625-5478-4994-a5ba-3e3b0328c30d}",
          "level": "0",
          "channel": "Security",
          "opcode": "0",
          "message": "\"Ein Konto wurde abgemeldet.\r\n\r\nAntragsteller:\r\n\tSicherheits-ID:\t\tS-1-5-21-228770904-35461013-1130905197-2729\r\n\tKontoname:\t\tm.danz\r\n\tKontodomäne:\t\tARZW\r\n\tAnmelde-ID:\t\t0x104D234F1\r\n\r\nAnmeldetyp:\t\t\t3\r\n\r\nDieses Ereignis wird generiert, wenn eine Anmeldesitzung zerstört wird. Es kann anhand des Wertes der Anmelde-ID positiv mit einem Anmeldeereignis korreliert werden. Anmelde-IDs sind nur zwischen Neustarts auf demselben Computer eindeutig.\"",
          "version": "0",
          "systemTime": "2026-05-25T12:49:31.8818790Z",
          "eventRecordID": "1716572",
          "threadID": "4564",
          "computer": "DEV-MINISFORUM.arzw.local",
          "task": "12545",
          "processID": "1760",
          "severityValue": "AUDIT_SUCCESS",
          "providerName": "Microsoft-Windows-Security-Auditing"
        }
      }
    },
    "rule": {
      "firedtimes": 9,
      "mail": false,
      "level": 3,
      "pci_dss": [
        "10.2.5"
      ],
      "hipaa": [
        "164.312.b"
      ],
      "tsc": [
        "CC6.8",
        "CC7.2",
        "CC7.3"
      ],
      "description": "Windows User Logoff",
      "groups": [
        "windows",
        "windows_security"
      ],
      "id": "60137",
      "nist_800_53": [
        "AU.14",
        "AC.7"
      ],
      "gdpr": [
        "IV_32.2"
      ]
    },
    "location": "EventChannel",
    "decoder": {
      "name": "windows_eventchannel"
    },
    "id": "1779713372.7304067",
    "timestamp": "2026-05-25T12:49:32.848+0000"
  },
  {
    "input": {
      "type": "log"
    },
    "agent": {
      "ip": "172.21.5.66",
      "name": "Minis-forum_development",
      "id": "089"
    },
    "manager": {
      "name": "wazuh.manager"
    },
    "data": {
      "win": {
        "eventdata": {
          "data": "2126-05-01T12:47:58Z, RulesEngine"
        },
        "system": {
          "eventID": "16384",
          "eventSourceName": "Software Protection Platform Service",
          "keywords": "0x80000000000000",
          "providerGuid": "{E23B33B0-C8C9-472C-A5F9-F2BDFEA0F156}",
          "level": "4",
          "channel": "Application",
          "opcode": "0",
          "message": "\"Der Softwareschutzdienst wurde erfolgreich für den erneuten Start bei 2126-05-01T12:47:58Z geplant. Grund: RulesEngine.\"",
          "version": "0",
          "systemTime": "2026-05-25T12:47:58.3227336Z",
          "eventRecordID": "74954",
          "threadID": "0",
          "computer": "DEV-MINISFORUM.arzw.local",
          "task": "0",
          "processID": "40652",
          "severityValue": "INFORMATION",
          "providerName": "Microsoft-Windows-Security-SPP"
        }
      }
    },
    "rule": {
      "firedtimes": 19,
      "mail": false,
      "level": 3,
      "description": "Software protection service scheduled successfully.",
      "groups": [
        "windows",
        "windows_application"
      ],
      "id": "60642"
    },
    "location": "EventChannel",
    "decoder": {
      "name": "windows_eventchannel"
    },
    "id": "1779713278.7300796",
    "timestamp": "2026-05-25T12:47:58.035+0000"
  },
  {
    "input": {
      "type": "log"
    },
    "agent": {
      "ip": "172.21.5.66",
      "name": "Minis-forum_development",
      "id": "089"
    },
    "manager": {
      "name": "wazuh.manager"
    },
    "data": {
      "win": {
        "eventdata": {
          "data": "Visual C++ Library CRT ARM64 Appx Package, 14.51.36244, 1033, 0, Microsoft Corporation",
          "binary": "7B36343834333445442D343143442D343445322D424432302D4131434634304232423736337D3030303037636161383031653839356464663234376263356564656238663961633133643030303030393034"
        },
        "system": {
          "eventID": "1033",
          "keywords": "0x80000000000000",
          "level": "4",
          "channel": "Application",
          "opcode": "0",
          "message": "\"Das Produkt wurde durch Windows Installer installiert. Produktname: Visual C++ Library CRT ARM64 Appx Package. Produktversion: 14.51.36244. Produktsprache: 1033. Hersteller: Microsoft Corporation. Erfolg- bzw. Fehlerstatus der Installation: 0.\"",
          "version": "0",
          "systemTime": "2026-05-25T12:31:53.8953172Z",
          "eventRecordID": "74947",
          "threadID": "0",
          "computer": "DEV-MINISFORUM.arzw.local",
          "task": "0",
          "processID": "15776",
          "severityValue": "INFORMATION",
          "providerName": "MsiInstaller"
        }
      }
    },
    "rule": {
      "firedtimes": 26,
      "mail": false,
      "level": 3,
      "description": "Application installed Visual C++ Library CRT ARM64 Appx Package, 14.51.36244, 1033, 0, Microsoft Corporation.",
      "groups": [
        "windows",
        "windows_application"
      ],
      "id": "60612"
    },
    "location": "EventChannel",
    "decoder": {
      "name": "windows_eventchannel"
    },
    "id": "1779712313.7183864",
    "timestamp": "2026-05-25T12:31:53.626+0000"
  },
  {
    "input": {
      "type": "log"
    },
    "agent": {
      "ip": "172.21.5.66",
      "name": "Minis-forum_development",
      "id": "089"
    },
    "manager": {
      "name": "wazuh.manager"
    },
    "data": {
      "win": {
        "eventdata": {
          "data": "Product: Visual C++ Library CRT ARM64 Appx Package -- Installation completed successfully.",
          "binary": "7B36343834333445442D343143442D343445322D424432302D4131434634304232423736337D"
        },
        "system": {
          "eventID": "11707",
          "keywords": "0x80000000000000",
          "level": "4",
          "channel": "Application",
          "opcode": "0",
          "message": "\"Product: Visual C++ Library CRT ARM64 Appx Package -- Installation completed successfully.\"",
          "version": "0",
          "systemTime": "2026-05-25T12:31:53.8941694Z",
          "eventRecordID": "74946",
          "threadID": "0",
          "computer": "DEV-MINISFORUM.arzw.local",
          "task": "0",
          "processID": "15776",
          "severityValue": "INFORMATION",
          "providerName": "MsiInstaller"
        }
      }
    },
    "rule": {
      "firedtimes": 25,
      "mail": false,
      "level": 3,
      "description": "Application installed Product: Visual C++ Library CRT ARM64 Appx Package -- Installation completed successfully..",
      "groups": [
        "windows",
        "windows_application"
      ],
      "id": "60612"
    },
    "location": "EventChannel",
    "decoder": {
      "name": "windows_eventchannel"
    },
    "id": "1779712313.7182184",
    "timestamp": "2026-05-25T12:31:53.606+0000"
  },
  {
    "input": {
      "type": "log"
    },
    "agent": {
      "ip": "172.21.5.66",
      "name": "Minis-forum_development",
      "id": "089"
    },
    "manager": {
      "name": "wazuh.manager"
    },
    "data": {
      "win": {
        "eventdata": {
          "data": "C:\\\\ProgramData\\\\Microsoft\\\\VisualStudio\\\\Packages\\\\Microsoft.VisualCpp.CRT.Appx.ARM64.Msi,version=14.51.36244\\\\VC_CRT.Appx.ARM64.msi, 35984"
        },
        "system": {
          "eventID": "1040",
          "keywords": "0x80000000000000",
          "level": "4",
          "channel": "Application",
          "opcode": "0",
          "message": "\"Eine Windows Installer-Transaktion wird gestartet: C:\\ProgramData\\Microsoft\\VisualStudio\\Packages\\Microsoft.VisualCpp.CRT.Appx.ARM64.Msi,version=14.51.36244\\VC_CRT.Appx.ARM64.msi. Clientprozess-ID: 35984.\"",
          "version": "0",
          "systemTime": "2026-05-25T12:31:53.5416768Z",
          "eventRecordID": "74945",
          "threadID": "0",
          "computer": "DEV-MINISFORUM.arzw.local",
          "task": "0",
          "processID": "15776",
          "severityValue": "INFORMATION",
          "providerName": "MsiInstaller"
        }
      }
    },
    "rule": {
      "firedtimes": 23,
      "mail": false,
      "level": 3,
      "description": "Windows installer began an installation process.",
      "groups": [
        "windows",
        "windows_application"
      ],
      "id": "60610"
    },
    "location": "EventChannel",
    "decoder": {
      "name": "windows_eventchannel"
    },
    "id": "1779712313.7180412",
    "timestamp": "2026-05-25T12:31:53.254+0000"
  },
  {
    "input": {
      "type": "log"
    },
    "agent": {
      "ip": "172.21.5.66",
      "name": "Minis-forum_development",
      "id": "089"
    },
    "manager": {
      "name": "wazuh.manager"
    },
    "data": {
      "win": {
        "eventdata": {
          "data": "Visual C++ Library CRT Desktop Appx Package, 14.51.36244, 1033, 0, Microsoft Corporation",
          "binary": "7B41314233313437462D334339432D343936312D394445452D4238424441303635363443307D3030303039346136613737343336326330653135626233396161373537303135636337663030303030393034"
        },
        "system": {
          "eventID": "1033",
          "keywords": "0x80000000000000",
          "level": "4",
          "channel": "Application",
          "opcode": "0",
          "message": "\"Das Produkt wurde durch Windows Installer installiert. Produktname: Visual C++ Library CRT Desktop Appx Package. Produktversion: 14.51.36244. Produktsprache: 1033. Hersteller: Microsoft Corporation. Erfolg- bzw. Fehlerstatus der Installation: 0.\"",
          "version": "0",
          "systemTime": "2026-05-25T12:31:53.2729910Z",
          "eventRecordID": "74938",
          "threadID": "0",
          "computer": "DEV-MINISFORUM.arzw.local",
          "task": "0",
          "processID": "15776",
          "severityValue": "INFORMATION",
          "providerName": "MsiInstaller"
        }
      }
    },
    "rule": {
      "firedtimes": 24,
      "mail": false,
      "level": 3,
      "description": "Application installed Visual C++ Library CRT Desktop Appx Package, 14.51.36244, 1033, 0, Microsoft Corporation.",
      "groups": [
        "windows",
        "windows_application"
      ],
      "id": "60612"
    },
    "location": "EventChannel",
    "decoder": {
      "name": "windows_eventchannel"
    },
    "id": "1779712313.7178254",
    "timestamp": "2026-05-25T12:31:53.002+0000"
  },
  {
    "input": {
      "type": "log"
    },
    "agent": {
      "ip": "172.21.5.66",
      "name": "Minis-forum_development",
      "id": "089"
    },
    "manager": {
      "name": "wazuh.manager"
    },
    "data": {
      "win": {
        "eventdata": {
          "data": "Product: Visual C++ Library CRT Desktop Appx Package -- Installation completed successfully.",
          "binary": "7B41314233313437462D334339432D343936312D394445452D4238424441303635363443307D"
        },
        "system": {
          "eventID": "11707",
          "keywords": "0x80000000000000",
          "level": "4",
          "channel": "Application",
          "opcode": "0",
          "message": "\"Product: Visual C++ Library CRT Desktop Appx Package -- Installation completed successfully.\"",
          "version": "0",
          "systemTime": "2026-05-25T12:31:53.2723947Z",
          "eventRecordID": "74937",
          "threadID": "0",
          "computer": "DEV-MINISFORUM.arzw.local",
          "task": "0",
          "processID": "15776",
          "severityValue": "INFORMATION",
          "providerName": "MsiInstaller"
        }
      }
    },
    "rule": {
      "firedtimes": 23,
      "mail": false,
      "level": 3,
      "description": "Application installed Product: Visual C++ Library CRT Desktop Appx Package -- Installation completed successfully..",
      "groups": [
        "windows",
        "windows_application"
      ],
      "id": "60612"
    },
    "location": "EventChannel",
    "decoder": {
      "name": "windows_eventchannel"
    },
    "id": "1779712312.7176564",
    "timestamp": "2026-05-25T12:31:52.983+0000"
  },
  {
    "input": {
      "type": "log"
    },
    "agent": {
      "ip": "172.21.5.66",
      "name": "Minis-forum_development",
      "id": "089"
    },
    "manager": {
      "name": "wazuh.manager"
    },
    "data": {
      "win": {
        "eventdata": {
          "data": "C:\\\\ProgramData\\\\Microsoft\\\\VisualStudio\\\\Packages\\\\Microsoft.VisualCpp.CRT.Appx.Desktop.140.Msi,version=14.51.36244\\\\VC_CRT.Desktop.Appx.140.msi, 35984"
        },
        "system": {
          "eventID": "1040",
          "keywords": "0x80000000000000",
          "level": "4",
          "channel": "Application",
          "opcode": "0",
          "message": "\"Eine Windows Installer-Transaktion wird gestartet: C:\\ProgramData\\Microsoft\\VisualStudio\\Packages\\Microsoft.VisualCpp.CRT.Appx.Desktop.140.Msi,version=14.51.36244\\VC_CRT.Desktop.Appx.140.msi. Clientprozess-ID: 35984.\"",
          "version": "0",
          "systemTime": "2026-05-25T12:31:52.7736518Z",
          "eventRecordID": "74936",
          "threadID": "0",
          "computer": "DEV-MINISFORUM.arzw.local",
          "task": "0",
          "processID": "15776",
          "severityValue": "INFORMATION",
          "providerName": "MsiInstaller"
        }
      }
    },
    "rule": {
      "firedtimes": 22,
      "mail": false,
      "level": 3,
      "description": "Windows installer began an installation process.",
      "groups": [
        "windows",
        "windows_application"
      ],
      "id": "60610"
    },
    "location": "EventChannel",
    "decoder": {
      "name": "windows_eventchannel"
    },
    "id": "1779712312.7174744",
    "timestamp": "2026-05-25T12:31:52.489+0000"
  },
  {
    "input": {
      "type": "log"
    },
    "agent": {
      "ip": "172.21.5.66",
      "name": "Minis-forum_development",
      "id": "089"
    },
    "manager": {
      "name": "wazuh.manager"
    },
    "data": {
      "win": {
        "eventdata": {
          "data": "Visual C++ Library CRT Appx Package, 14.51.36244, 1033, 0, Microsoft Corporation",
          "binary": "7B46354533433431412D444236452D344235452D423838342D4336323632363835433931467D3030303032326164613838313364616663346533376166633030316436626635333431653030303030393034"
        },
        "system": {
          "eventID": "1033",
          "keywords": "0x80000000000000",
          "level": "4",
          "channel": "Application",
          "opcode": "0",
          "message": "\"Das Produkt wurde durch Windows Installer installiert. Produktname: Visual C++ Library CRT Appx Package. Produktversion: 14.51.36244. Produktsprache: 1033. Hersteller: Microsoft Corporation. Erfolg- bzw. Fehlerstatus der Installation: 0.\"",
          "version": "0",
          "systemTime": "2026-05-25T12:31:52.6634277Z",
          "eventRecordID": "74934",
          "threadID": "0",
          "computer": "DEV-MINISFORUM.arzw.local",
          "task": "0",
          "processID": "15776",
          "severityValue": "INFORMATION",
          "providerName": "MsiInstaller"
        }
      }
    },
    "rule": {
      "firedtimes": 22,
      "mail": false,
      "level": 3,
      "description": "Application installed Visual C++ Library CRT Appx Package, 14.51.36244, 1033, 0, Microsoft Corporation.",
      "groups": [
        "windows",
        "windows_application"
      ],
      "id": "60612"
    },
    "location": "EventChannel",
    "decoder": {
      "name": "windows_eventchannel"
    },
    "id": "1779712312.7172626",
    "timestamp": "2026-05-25T12:31:52.396+0000"
  },
  {
    "input": {
      "type": "log"
    },
    "agent": {
      "ip": "172.21.5.66",
      "name": "Minis-forum_development",
      "id": "089"
    },
    "manager": {
      "name": "wazuh.manager"
    },
    "data": {
      "win": {
        "eventdata": {
          "data": "Product: Visual C++ Library CRT Appx Package -- Installation completed successfully.",
          "binary": "7B46354533433431412D444236452D344235452D423838342D4336323632363835433931467D"
        },
        "system": {
          "eventID": "11707",
          "keywords": "0x80000000000000",
          "level": "4",
          "channel": "Application",
          "opcode": "0",
          "message": "\"Product: Visual C++ Library CRT Appx Package -- Installation completed successfully.\"",
          "version": "0",
          "systemTime": "2026-05-25T12:31:52.6623013Z",
          "eventRecordID": "74933",
          "threadID": "0",
          "computer": "DEV-MINISFORUM.arzw.local",
          "task": "0",
          "processID": "15776",
          "severityValue": "INFORMATION",
          "providerName": "MsiInstaller"
        }
      }
    },
    "rule": {
      "firedtimes": 21,
      "mail": false,
      "level": 3,
      "description": "Application installed Product: Visual C++ Library CRT Appx Package -- Installation completed successfully..",
      "groups": [
        "windows",
        "windows_application"
      ],
      "id": "60612"
    },
    "location": "EventChannel",
    "decoder": {
      "name": "windows_eventchannel"
    },
    "id": "1779712312.7170976",
    "timestamp": "2026-05-25T12:31:52.375+0000"
  },
  {
    "input": {
      "type": "log"
    },
    "agent": {
      "ip": "172.21.5.66",
      "name": "Minis-forum_development",
      "id": "089"
    },
    "manager": {
      "name": "wazuh.manager"
    },
    "data": {
      "win": {
        "eventdata": {
          "data": "C:\\\\ProgramData\\\\Microsoft\\\\VisualStudio\\\\Packages\\\\Microsoft.VisualCpp.CRT.Appx.Msi,version=14.51.36244\\\\VC_CRT.Appx.msi, 35984"
        },
        "system": {
          "eventID": "1040",
          "keywords": "0x80000000000000",
          "level": "4",
          "channel": "Application",
          "opcode": "0",
          "message": "\"Eine Windows Installer-Transaktion wird gestartet: C:\\ProgramData\\Microsoft\\VisualStudio\\Packages\\Microsoft.VisualCpp.CRT.Appx.Msi,version=14.51.36244\\VC_CRT.Appx.msi. Clientprozess-ID: 35984.\"",
          "version": "0",
          "systemTime": "2026-05-25T12:31:52.2889204Z",
          "eventRecordID": "74932",
          "threadID": "0",
          "computer": "DEV-MINISFORUM.arzw.local",
          "task": "0",
          "processID": "15776",
          "severityValue": "INFORMATION",
          "providerName": "MsiInstaller"
        }
      }
    },
    "rule": {
      "firedtimes": 21,
      "mail": false,
      "level": 3,
      "description": "Windows installer began an installation process.",
      "groups": [
        "windows",
        "windows_application"
      ],
      "id": "60610"
    },
    "location": "EventChannel",
    "decoder": {
      "name": "windows_eventchannel"
    },
    "id": "1779712312.7169252",
    "timestamp": "2026-05-25T12:31:52.003+0000"
  },
  {
    "input": {
      "type": "log"
    },
    "agent": {
      "ip": "172.21.5.66",
      "name": "Minis-forum_development",
      "id": "089"
    },
    "manager": {
      "name": "wazuh.manager"
    },
    "data": {
      "win": {
        "eventdata": {
          "data": "Visual C++ Library CRT Appx Resource Package, 14.51.36244, 1033, 0, Microsoft Corporation",
          "binary": "7B38374141434235312D463839372D343642412D413033372D4430383845393935443342317D3030303064643136656665386139643035383434303832323864373361313163326465323030303030393034"
        },
        "system": {
          "eventID": "1033",
          "keywords": "0x80000000000000",
          "level": "4",
          "channel": "Application",
          "opcode": "0",
          "message": "\"Das Produkt wurde durch Windows Installer installiert. Produktname: Visual C++ Library CRT Appx Resource Package. Produktversion: 14.51.36244. Produktsprache: 1033. Hersteller: Microsoft Corporation. Erfolg- bzw. Fehlerstatus der Installation: 0.\"",
          "version": "0",
          "systemTime": "2026-05-25T12:31:52.1875403Z",
          "eventRecordID": "74930",
          "threadID": "0",
          "computer": "DEV-MINISFORUM.arzw.local",
          "task": "0",
          "processID": "15776",
          "severityValue": "INFORMATION",
          "providerName": "MsiInstaller"
        }
      }
    },
    "rule": {
      "firedtimes": 20,
      "mail": false,
      "level": 3,
      "description": "Application installed Visual C++ Library CRT Appx Resource Package, 14.51.36244, 1033, 0, Microsoft Corporation.",
      "groups": [
        "windows",
        "windows_application"
      ],
      "id": "60612"
    },
    "location": "EventChannel",
    "decoder": {
      "name": "windows_eventchannel"
    },
    "id": "1779712311.7167089",
    "timestamp": "2026-05-25T12:31:51.921+0000"
  },
  {
    "input": {
      "type": "log"
    },
    "agent": {
      "ip": "172.21.5.66",
      "name": "Minis-forum_development",
      "id": "089"
    },
    "manager": {
      "name": "wazuh.manager"
    },
    "data": {
      "win": {
        "eventdata": {
          "data": "Product: Visual C++ Library CRT Appx Resource Package -- Installation completed successfully.",
          "binary": "7B38374141434235312D463839372D343642412D413033372D4430383845393935443342317D"
        },
        "system": {
          "eventID": "11707",
          "keywords": "0x80000000000000",
          "level": "4",
          "channel": "Application",
          "opcode": "0",
          "message": "\"Product: Visual C++ Library CRT Appx Resource Package -- Installation completed successfully.\"",
          "version": "0",
          "systemTime": "2026-05-25T12:31:52.1862283Z",
          "eventRecordID": "74929",
          "threadID": "0",
          "computer": "DEV-MINISFORUM.arzw.local",
          "task": "0",
          "processID": "15776",
          "severityValue": "INFORMATION",
          "providerName": "MsiInstaller"
        }
      }
    },
    "rule": {
      "firedtimes": 19,
      "mail": false,
      "level": 3,
      "description": "Application installed Product: Visual C++ Library CRT Appx Resource Package -- Installation completed successfully..",
      "groups": [
        "windows",
        "windows_application"
      ],
      "id": "60612"
    },
    "location": "EventChannel",
    "decoder": {
      "name": "windows_eventchannel"
    },
    "id": "1779712311.7165394",
    "timestamp": "2026-05-25T12:31:51.901+0000"
  },
  {
    "input": {
      "type": "log"
    },
    "agent": {
      "ip": "172.21.5.66",
      "name": "Minis-forum_development",
      "id": "089"
    },
    "manager": {
      "name": "wazuh.manager"
    },
    "data": {
      "win": {
        "eventdata": {
          "data": "C:\\\\ProgramData\\\\Microsoft\\\\VisualStudio\\\\Packages\\\\Microsoft.VisualCpp.CRT.Appx.Resources.Msi,version=14.51.36244,language=en-US\\\\VC_CRT.Appx.Res.msi, 35984"
        },
        "system": {
          "eventID": "1040",
          "keywords": "0x80000000000000",
          "level": "4",
          "channel": "Application",
          "opcode": "0",
          "message": "\"Eine Windows Installer-Transaktion wird gestartet: C:\\ProgramData\\Microsoft\\VisualStudio\\Packages\\Microsoft.VisualCpp.CRT.Appx.Resources.Msi,version=14.51.36244,language=en-US\\VC_CRT.Appx.Res.msi. Clientprozess-ID: 35984.\"",
          "version": "0",
          "systemTime": "2026-05-25T12:31:51.8465006Z",
          "eventRecordID": "74927",
          "threadID": "0",
          "computer": "DEV-MINISFORUM.arzw.local",
          "task": "0",
          "processID": "15776",
          "severityValue": "INFORMATION",
          "providerName": "MsiInstaller"
        }
      }
    },
    "rule": {
      "firedtimes": 20,
      "mail": false,
      "level": 3,
      "description": "Windows installer began an installation process.",
      "groups": [
        "windows",
        "windows_application"
      ],
      "id": "60610"
    },
    "location": "EventChannel",
    "decoder": {
      "name": "windows_eventchannel"
    },
    "id": "1779712311.7163554",
    "timestamp": "2026-05-25T12:31:51.562+0000"
  },
  {
    "input": {
      "type": "log"
    },
    "agent": {
      "ip": "172.21.5.66",
      "name": "Minis-forum_development",
      "id": "089"
    },
    "manager": {
      "name": "wazuh.manager"
    },
    "data": {
      "win": {
        "eventdata": {
          "data": "Microsoft ASP.NET Diagnostic Pack for Visual Studio, 18.6.51.37858, 1033, 0, Microsoft Corporation",
          "binary": "7B35383036314642302D353134462D333030342D414635302D3345423844303745424643347D3030303065393837383231396336396464313430656335376333353630633833393936643030303030393034"
        },
        "system": {
          "eventID": "1033",
          "keywords": "0x80000000000000",
          "level": "4",
          "channel": "Application",
          "opcode": "0",
          "message": "\"Das Produkt wurde durch Windows Installer installiert. Produktname: Microsoft ASP.NET Diagnostic Pack for Visual Studio. Produktversion: 18.6.51.37858. Produktsprache: 1033. Hersteller: Microsoft Corporation. Erfolg- bzw. Fehlerstatus der Installation: 0.\"",
          "version": "0",
          "systemTime": "2026-05-25T12:31:29.6506900Z",
          "eventRecordID": "74923",
          "threadID": "0",
          "computer": "DEV-MINISFORUM.arzw.local",
          "task": "0",
          "processID": "15776",
          "severityValue": "INFORMATION",
          "providerName": "MsiInstaller"
        }
      }
    },
    "rule": {
      "firedtimes": 18,
      "mail": false,
      "level": 3,
      "description": "Application installed Microsoft ASP.NET Diagnostic Pack for Visual Studio, 18.6.51.37858, 1033, 0, Microsoft Corporation.",
      "groups": [
        "windows",
        "windows_application"
      ],
      "id": "60612"
    },
    "location": "EventChannel",
    "decoder": {
      "name": "windows_eventchannel"
    },
    "id": "1779712289.7161346",
    "timestamp": "2026-05-25T12:31:29.384+0000"
  },
  {
    "input": {
      "type": "log"
    },
    "agent": {
      "ip": "172.21.5.66",
      "name": "Minis-forum_development",
      "id": "089"
    },
    "manager": {
      "name": "wazuh.manager"
    },
    "data": {
      "win": {
        "eventdata": {
          "data": "Product: Microsoft ASP.NET Diagnostic Pack for Visual Studio -- Installation completed successfully.",
          "binary": "7B35383036314642302D353134462D333030342D414635302D3345423844303745424643347D"
        },
        "system": {
          "eventID": "11707",
          "keywords": "0x80000000000000",
          "level": "4",
          "channel": "Application",
          "opcode": "0",
          "message": "\"Product: Microsoft ASP.NET Diagnostic Pack for Visual Studio -- Installation completed successfully.\"",
          "version": "0",
          "systemTime": "2026-05-25T12:31:29.6500511Z",
          "eventRecordID": "74922",
          "threadID": "0",
          "computer": "DEV-MINISFORUM.arzw.local",
          "task": "0",
          "processID": "15776",
          "severityValue": "INFORMATION",
          "providerName": "MsiInstaller"
        }
      }
    },
    "rule": {
      "firedtimes": 17,
      "mail": false,
      "level": 3,
      "description": "Application installed Product: Microsoft ASP.NET Diagnostic Pack for Visual Studio -- Installation completed successfully..",
      "groups": [
        "windows",
        "windows_application"
      ],
      "id": "60612"
    },
    "location": "EventChannel",
    "decoder": {
      "name": "windows_eventchannel"
    },
    "id": "1779712289.7159616",
    "timestamp": "2026-05-25T12:31:29.363+0000"
  },
  {
    "input": {
      "type": "log"
    },
    "agent": {
      "ip": "172.21.5.66",
      "name": "Minis-forum_development",
      "id": "089"
    },
    "manager": {
      "name": "wazuh.manager"
    },
    "data": {
      "win": {
        "eventdata": {
          "data": "C:\\\\ProgramData\\\\Microsoft\\\\VisualStudio\\\\Packages\\\\Microsoft.VisualStudio.AspNetDiagnosticPack.Msi,version=18.6.51.37858\\\\AspNetDiagnosticPack.msi, 35984"
        },
        "system": {
          "eventID": "1040",
          "keywords": "0x80000000000000",
          "level": "4",
          "channel": "Application",
          "opcode": "0",
          "message": "\"Eine Windows Installer-Transaktion wird gestartet: C:\\ProgramData\\Microsoft\\VisualStudio\\Packages\\Microsoft.VisualStudio.AspNetDiagnosticPack.Msi,version=18.6.51.37858\\AspNetDiagnosticPack.msi. Clientprozess-ID: 35984.\"",
          "version": "0",
          "systemTime": "2026-05-25T12:31:28.9725877Z",
          "eventRecordID": "74921",
          "threadID": "0",
          "computer": "DEV-MINISFORUM.arzw.local",
          "task": "0",
          "processID": "15776",
          "severityValue": "INFORMATION",
          "providerName": "MsiInstaller"
        }
      }
    },
    "rule": {
      "firedtimes": 19,
      "mail": false,
      "level": 3,
      "description": "Windows installer began an installation process.",
      "groups": [
        "windows",
        "windows_application"
      ],
      "id": "60610"
    },
    "location": "EventChannel",
    "decoder": {
      "name": "windows_eventchannel"
    },
    "id": "1779712288.7157788",
    "timestamp": "2026-05-25T12:31:28.695+0000"
  },
  {
    "input": {
      "type": "log"
    },
    "agent": {
      "ip": "172.21.5.66",
      "name": "Minis-forum_development",
      "id": "089"
    },
    "manager": {
      "name": "wazuh.manager"
    },
    "data": {
      "win": {
        "eventdata": {
          "data": "Microsoft ASP.NET Diagnostic Pack for Visual Studio, 18.6.50.20513, 1033, 0, Microsoft Corporation",
          "binary": "7B46344538443631322D343137352D334231452D413246372D4134373844303535373837397D3030303030666539333236393663303933623632336337383332383030643232363232373030303030393034"
        },
        "system": {
          "eventID": "1034",
          "keywords": "0x80000000000000",
          "level": "4",
          "channel": "Application",
          "opcode": "0",
          "message": "\"Das Produkt wurde durch Windows Installer entfernt. Produktname: Microsoft ASP.NET Diagnostic Pack for Visual Studio. Produktversion: 18.6.50.20513. Produktsprache: 1033. Hersteller: Microsoft Corporation. Erfolg- bzw. Fehlerstatus der Deinstallation: 0.\"",
          "version": "0",
          "systemTime": "2026-05-25T12:31:03.8658081Z",
          "eventRecordID": "74918",
          "threadID": "0",
          "computer": "DEV-MINISFORUM.arzw.local",
          "task": "0",
          "processID": "15776",
          "severityValue": "INFORMATION",
          "providerName": "MsiInstaller"
        }
      }
    },
    "rule": {
      "firedtimes": 20,
      "mail": false,
      "level": 3,
      "description": "Application uninstalled Microsoft ASP.NET Diagnostic Pack for Visual Studio, 18.6.50.20513, 1033, 0, Microsoft Corporation.",
      "groups": [
        "windows",
        "windows_application"
      ],
      "id": "60611"
    },
    "location": "EventChannel",
    "decoder": {
      "name": "windows_eventchannel"
    },
    "id": "1779712263.7155580",
    "timestamp": "2026-05-25T12:31:03.597+0000"
  },
  {
    "input": {
      "type": "log"
    },
    "agent": {
      "ip": "172.21.5.66",
      "name": "Minis-forum_development",
      "id": "089"
    },
    "manager": {
      "name": "wazuh.manager"
    },
    "data": {
      "win": {
        "eventdata": {
          "data": "Product: Microsoft ASP.NET Diagnostic Pack for Visual Studio -- Removal completed successfully.",
          "binary": "7B46344538443631322D343137352D334231452D413246372D4134373844303535373837397D"
        },
        "system": {
          "eventID": "11724",
          "keywords": "0x80000000000000",
          "level": "4",
          "channel": "Application",
          "opcode": "0",
          "message": "\"Product: Microsoft ASP.NET Diagnostic Pack for Visual Studio -- Removal completed successfully.\"",
          "version": "0",
          "systemTime": "2026-05-25T12:31:03.8651448Z",
          "eventRecordID": "74917",
          "threadID": "0",
          "computer": "DEV-MINISFORUM.arzw.local",
          "task": "0",
          "processID": "15776",
          "severityValue": "INFORMATION",
          "providerName": "MsiInstaller"
        }
      }
    },
    "rule": {
      "firedtimes": 19,
      "mail": false,
      "level": 3,
      "description": "Application uninstalled Product: Microsoft ASP.NET Diagnostic Pack for Visual Studio -- Removal completed successfully..",
      "groups": [
        "windows",
        "windows_application"
      ],
      "id": "60611"
    },
    "location": "EventChannel",
    "decoder": {
      "name": "windows_eventchannel"
    },
    "id": "1779712263.7153873",
    "timestamp": "2026-05-25T12:31:03.577+0000"
  },
  {
    "input": {
      "type": "log"
    },
    "agent": {
      "ip": "172.21.5.66",
      "name": "Minis-forum_development",
      "id": "089"
    },
    "manager": {
      "name": "wazuh.manager"
    },
    "data": {
      "win": {
        "eventdata": {
          "data": "{F4E8D612-4175-3B1E-A2F7-A478D0557879}, 35984"
        },
        "system": {
          "eventID": "1040",
          "keywords": "0x80000000000000",
          "level": "4",
          "channel": "Application",
          "opcode": "0",
          "message": "\"Eine Windows Installer-Transaktion wird gestartet: {F4E8D612-4175-3B1E-A2F7-A478D0557879}. Clientprozess-ID: 35984.\"",
          "version": "0",
          "systemTime": "2026-05-25T12:31:03.2075212Z",
          "eventRecordID": "74915",
          "threadID": "0",
          "computer": "DEV-MINISFORUM.arzw.local",
          "task": "0",
          "processID": "15776",
          "severityValue": "INFORMATION",
          "providerName": "MsiInstaller"
        }
      }
    },
    "rule": {
      "firedtimes": 18,
      "mail": false,
      "level": 3,
      "description": "Windows installer began an installation process.",
      "groups": [
        "windows",
        "windows_application"
      ],
      "id": "60610"
    },
    "location": "EventChannel",
    "decoder": {
      "name": "windows_eventchannel"
    },
    "id": "1779712262.7152487",
    "timestamp": "2026-05-25T12:31:02.922+0000"
  },
  {
    "input": {
      "type": "log"
    },
    "agent": {
      "ip": "172.21.5.66",
      "name": "Minis-forum_development",
      "id": "089"
    },
    "manager": {
      "name": "wazuh.manager"
    },
    "data": {
      "win": {
        "eventdata": {
          "data": "Visual C++ Library CRT Appx Resource Package, 14.51.36243, 1033, 0, Microsoft Corporation",
          "binary": "7B39393046393339442D454439412D343839392D413335312D3134413033303631423241357D3030303064636565353932393234623666313130623938643531646161653165343964333030303030393034"
        },
        "system": {
          "eventID": "1034",
          "keywords": "0x80000000000000",
          "level": "4",
          "channel": "Application",
          "opcode": "0",
          "message": "\"Das Produkt wurde durch Windows Installer entfernt. Produktname: Visual C++ Library CRT Appx Resource Package. Produktversion: 14.51.36243. Produktsprache: 1033. Hersteller: Microsoft Corporation. Erfolg- bzw. Fehlerstatus der Deinstallation: 0.\"",
          "version": "0",
          "systemTime": "2026-05-25T12:31:00.6365060Z",
          "eventRecordID": "74907",
          "threadID": "0",
          "computer": "DEV-MINISFORUM.arzw.local",
          "task": "0",
          "processID": "15776",
          "severityValue": "INFORMATION",
          "providerName": "MsiInstaller"
        }
      }
    },
    "rule": {
      "firedtimes": 18,
      "mail": false,
      "level": 3,
      "description": "Application uninstalled Visual C++ Library CRT Appx Resource Package, 14.51.36243, 1033, 0, Microsoft Corporation.",
      "groups": [
        "windows",
        "windows_application"
      ],
      "id": "60611"
    },
    "location": "EventChannel",
    "decoder": {
      "name": "windows_eventchannel"
    },
    "id": "1779712260.7150324",
    "timestamp": "2026-05-25T12:31:00.363+0000"
  },
  {
    "input": {
      "type": "log"
    },
    "agent": {
      "ip": "172.21.5.66",
      "name": "Minis-forum_development",
      "id": "089"
    },
    "manager": {
      "name": "wazuh.manager"
    },
    "data": {
      "win": {
        "eventdata": {
          "data": "Product: Visual C++ Library CRT Appx Resource Package -- Removal completed successfully.",
          "binary": "7B39393046393339442D454439412D343839392D413335312D3134413033303631423241357D"
        },
        "system": {
          "eventID": "11724",
          "keywords": "0x80000000000000",
          "level": "4",
          "channel": "Application",
          "opcode": "0",
          "message": "\"Product: Visual C++ Library CRT Appx Resource Package -- Removal completed successfully.\"",
          "version": "0",
          "systemTime": "2026-05-25T12:31:00.6355789Z",
          "eventRecordID": "74906",
          "threadID": "0",
          "computer": "DEV-MINISFORUM.arzw.local",
          "task": "0",
          "processID": "15776",
          "severityValue": "INFORMATION",
          "providerName": "MsiInstaller"
        }
      }
    },
    "rule": {
      "firedtimes": 17,
      "mail": false,
      "level": 3,
      "description": "Application uninstalled Product: Visual C++ Library CRT Appx Resource Package -- Removal completed successfully..",
      "groups": [
        "windows",
        "windows_application"
      ],
      "id": "60611"
    },
    "location": "EventChannel",
    "decoder": {
      "name": "windows_eventchannel"
    },
    "id": "1779712260.7148652",
    "timestamp": "2026-05-25T12:31:00.347+0000"
  },
  {
    "input": {
      "type": "log"
    },
    "agent": {
      "ip": "172.21.5.66",
      "name": "Minis-forum_development",
      "id": "089"
    },
    "manager": {
      "name": "wazuh.manager"
    },
    "data": {
      "win": {
        "eventdata": {
          "data": "{990F939D-ED9A-4899-A351-14A03061B2A5}, 35984"
        },
        "system": {
          "eventID": "1040",
          "keywords": "0x80000000000000",
          "level": "4",
          "channel": "Application",
          "opcode": "0",
          "message": "\"Eine Windows Installer-Transaktion wird gestartet: {990F939D-ED9A-4899-A351-14A03061B2A5}. Clientprozess-ID: 35984.\"",
          "version": "0",
          "systemTime": "2026-05-25T12:31:00.3973030Z",
          "eventRecordID": "74905",
          "threadID": "0",
          "computer": "DEV-MINISFORUM.arzw.local",
          "task": "0",
          "processID": "15776",
          "severityValue": "INFORMATION",
          "providerName": "MsiInstaller"
        }
      }
    },
    "rule": {
      "firedtimes": 17,
      "mail": false,
      "level": 3,
      "description": "Windows installer began an installation process.",
      "groups": [
        "windows",
        "windows_application"
      ],
      "id": "60610"
    },
    "location": "EventChannel",
    "decoder": {
      "name": "windows_eventchannel"
    },
    "id": "1779712260.7147266",
    "timestamp": "2026-05-25T12:31:00.115+0000"
  },
  {
    "input": {
      "type": "log"
    },
    "agent": {
      "ip": "172.21.5.66",
      "name": "Minis-forum_development",
      "id": "089"
    },
    "manager": {
      "name": "wazuh.manager"
    },
    "data": {
      "win": {
        "eventdata": {
          "data": "Visual C++ Library CRT Appx Package, 14.51.36243, 1033, 0, Microsoft Corporation",
          "binary": "7B41423742413841432D413941452D343645312D413243322D4439393032424236333330317D3030303032393061303935323064626264323561313635323863366533663831326633363030303030393034"
        },
        "system": {
          "eventID": "1034",
          "keywords": "0x80000000000000",
          "level": "4",
          "channel": "Application",
          "opcode": "0",
          "message": "\"Das Produkt wurde durch Windows Installer entfernt. Produktname: Visual C++ Library CRT Appx Package. Produktversion: 14.51.36243. Produktsprache: 1033. Hersteller: Microsoft Corporation. Erfolg- bzw. Fehlerstatus der Deinstallation: 0.\"",
          "version": "0",
          "systemTime": "2026-05-25T12:31:00.3217899Z",
          "eventRecordID": "74903",
          "threadID": "0",
          "computer": "DEV-MINISFORUM.arzw.local",
          "task": "0",
          "processID": "15776",
          "severityValue": "INFORMATION",
          "providerName": "MsiInstaller"
        }
      }
    },
    "rule": {
      "firedtimes": 16,
      "mail": false,
      "level": 3,
      "description": "Application uninstalled Visual C++ Library CRT Appx Package, 14.51.36243, 1033, 0, Microsoft Corporation.",
      "groups": [
        "windows",
        "windows_application"
      ],
      "id": "60611"
    },
    "location": "EventChannel",
    "decoder": {
      "name": "windows_eventchannel"
    },
    "id": "1779712260.7145148",
    "timestamp": "2026-05-25T12:31:00.049+0000"
  },
  {
    "input": {
      "type": "log"
    },
    "agent": {
      "ip": "172.21.5.66",
      "name": "Minis-forum_development",
      "id": "089"
    },
    "manager": {
      "name": "wazuh.manager"
    },
    "data": {
      "win": {
        "eventdata": {
          "data": "Product: Visual C++ Library CRT Appx Package -- Removal completed successfully.",
          "binary": "7B41423742413841432D413941452D343645312D413243322D4439393032424236333330317D"
        },
        "system": {
          "eventID": "11724",
          "keywords": "0x80000000000000",
          "level": "4",
          "channel": "Application",
          "opcode": "0",
          "message": "\"Product: Visual C++ Library CRT Appx Package -- Removal completed successfully.\"",
          "version": "0",
          "systemTime": "2026-05-25T12:31:00.3210983Z",
          "eventRecordID": "74902",
          "threadID": "0",
          "computer": "DEV-MINISFORUM.arzw.local",
          "task": "0",
          "processID": "15776",
          "severityValue": "INFORMATION",
          "providerName": "MsiInstaller"
        }
      }
    },
    "rule": {
      "firedtimes": 15,
      "mail": false,
      "level": 3,
      "description": "Application uninstalled Product: Visual C++ Library CRT Appx Package -- Removal completed successfully..",
      "groups": [
        "windows",
        "windows_application"
      ],
      "id": "60611"
    },
    "location": "EventChannel",
    "decoder": {
      "name": "windows_eventchannel"
    },
    "id": "1779712260.7143521",
    "timestamp": "2026-05-25T12:31:00.033+0000"
  },
  {
    "input": {
      "type": "log"
    },
    "agent": {
      "ip": "172.21.5.66",
      "name": "Minis-forum_development",
      "id": "089"
    },
    "manager": {
      "name": "wazuh.manager"
    },
    "data": {
      "win": {
        "eventdata": {
          "data": "{AB7BA8AC-A9AE-46E1-A2C2-D9902BB63301}, 35984"
        },
        "system": {
          "eventID": "1040",
          "keywords": "0x80000000000000",
          "level": "4",
          "channel": "Application",
          "opcode": "0",
          "message": "\"Eine Windows Installer-Transaktion wird gestartet: {AB7BA8AC-A9AE-46E1-A2C2-D9902BB63301}. Clientprozess-ID: 35984.\"",
          "version": "0",
          "systemTime": "2026-05-25T12:31:00.0225498Z",
          "eventRecordID": "74901",
          "threadID": "0",
          "computer": "DEV-MINISFORUM.arzw.local",
          "task": "0",
          "processID": "15776",
          "severityValue": "INFORMATION",
          "providerName": "MsiInstaller"
        }
      }
    },
    "rule": {
      "firedtimes": 16,
      "mail": false,
      "level": 3,
      "description": "Windows installer began an installation process.",
      "groups": [
        "windows",
        "windows_application"
      ],
      "id": "60610"
    },
    "location": "EventChannel",
    "decoder": {
      "name": "windows_eventchannel"
    },
    "id": "1779712259.7142135",
    "timestamp": "2026-05-25T12:30:59.735+0000"
  },
