  {
    "input": {
      "type": "log"
    },
    "agent": {
      "ip": "172.21.5.66",
      "name": "Minis-forum_development",
      "id": "089"
    },
    "manager": {
      "name": "wazuh.manager"
    },
    "data": {
      "win": {
        "eventdata": {
          "targetLogonId": "0x101032813",
          "targetUserName": "DEV-MINISFORUM$",
          "targetDomainName": "ARZW",
          "targetUserSid": "S-1-5-18",
          "logonType": "3"
        },
        "system": {
          "eventID": "4634",
          "keywords": "0x8020000000000000",
          "providerGuid": "{54849625-5478-4994-a5ba-3e3b0328c30d}",
          "level": "0",
          "channel": "Security",
          "opcode": "0",
          "message": "\"Ein Konto wurde abgemeldet.\r\n\r\nAntragsteller:\r\n\tSicherheits-ID:\t\tS-1-5-18\r\n\tKontoname:\t\tDEV-MINISFORUM$\r\n\tKontodomäne:\t\tARZW\r\n\tAnmelde-ID:\t\t0x101032813\r\n\r\nAnmeldetyp:\t\t\t3\r\n\r\nDieses Ereignis wird generiert, wenn eine Anmeldesitzung zerstört wird. Es kann anhand des Wertes der Anmelde-ID positiv mit einem Anmeldeereignis korreliert werden. Anmelde-IDs sind nur zwischen Neustarts auf demselben Computer eindeutig.\"",
          "version": "0",
          "systemTime": "2026-05-25T05:13:03.6467375Z",
          "eventRecordID": "1715477",
          "threadID": "18116",
          "computer": "DEV-MINISFORUM.arzw.local",
          "task": "12545",
          "processID": "1760",
          "severityValue": "AUDIT_SUCCESS",
          "providerName": "Microsoft-Windows-Security-Auditing"
        }
      }
    },
    "rule": {
      "firedtimes": 5,
      "mail": false,
      "level": 3,
      "pci_dss": [
        "10.2.5"
      ],
      "hipaa": [
        "164.312.b"
      ],
      "tsc": [
        "CC6.8",
        "CC7.2",
        "CC7.3"
      ],
      "description": "Windows User Logoff",
      "groups": [
        "windows",
        "windows_security"
      ],
      "id": "60137",
      "nist_800_53": [
        "AU.14",
        "AC.7"
      ],
      "gdpr": [
        "IV_32.2"
      ]
    },
    "location": "EventChannel",
    "decoder": {
      "name": "windows_eventchannel"
    },
    "id": "1779685984.2604610",
    "timestamp": "2026-05-25T05:13:04.722+0000"
  },
  {
    "input": {
      "type": "log"
    },
    "agent": {
      "ip": "172.21.5.66",
      "name": "Minis-forum_development",
      "id": "089"
    },
    "manager": {
      "name": "wazuh.manager"
    },
    "data": {
      "win": {
        "eventdata": {
          "subjectLogonId": "0x0",
          "targetLinkedLogonId": "0x0",
          "impersonationLevel": "%%1833",
          "authenticationPackageName": "Kerberos",
          "targetLogonId": "0x101032813",
          "logonProcessName": "Kerberos",
          "logonGuid": "{88d3dbdb-ca68-e012-f698-e4d652afb949}",
          "targetUserName": "DEV-MINISFORUM$",
          "keyLength": "0",
          "elevatedToken": "%%1842",
          "subjectUserSid": "S-1-0-0",
          "processId": "0x0",
          "targetDomainName": "ARZW.LOCAL",
          "targetUserSid": "S-1-5-18",
          "virtualAccount": "%%1843",
          "logonType": "3"
        },
        "system": {
          "eventID": "4624",
          "keywords": "0x8020000000000000",
          "providerGuid": "{54849625-5478-4994-a5ba-3e3b0328c30d}",
          "level": "0",
          "channel": "Security",
          "opcode": "0",
          "message": "\"Ein Konto wurde erfolgreich angemeldet.\r\n\r\nAntragsteller:\r\n\tSicherheits-ID:\t\tS-1-0-0\r\n\tKontoname:\t\t-\r\n\tKontodomäne:\t\t-\r\n\tAnmelde-ID:\t\t0x0\r\n\r\nAnmeldeinformationen:\r\n\tAnmeldetyp:\t\t3\r\n\tEingeschränkter Administratormodus:\t-\r\n\tRemote Credential Guard:\t-\r\n\tVirtuelles Konto:\t\tNein\r\n\tToken mit erhöhten Rechten:\t\tJa\r\n\r\nIdentitätswechselebene:\t\tIdentitätswechsel\r\n\r\nNeue Anmeldung:\r\n\tSicherheits-ID:\t\tS-1-5-18\r\n\tKontoname:\t\tDEV-MINISFORUM$\r\n\tKontodomäne:\t\tARZW.LOCAL\r\n\tAnmelde-ID:\t\t0x101032813\r\n\tVerknüpfte Anmelde-ID:\t\t0x0\r\n\tNetzwerk-Kontoname:\t-\r\n\tNetzwerk-Kontodomäne:\t-\r\n\tAnmelde-GUID:\t\t{88d3dbdb-ca68-e012-f698-e4d652afb949}\r\n\r\nProzessinformationen:\r\n\tProzess-ID:\t\t0x0\r\n\tProzessname:\t\t-\r\n\r\nNetzwerkinformationen:\r\n\tArbeitsstationsname:\t-\r\n\tQuellnetzwerkadresse:\t-\r\n\tQuellport:\t\t-\r\n\r\nDetaillierte Authentifizierungsinformationen:\r\n\tAnmeldeprozess:\t\tKerberos\r\n\tAuthentifizierungspaket:\tKerberos\r\n\tÜbertragene Dienste:\t-\r\n\tPaketname (nur NTLM):\t-\r\n\tSchlüssellänge:\t\t0\r\n\r\nDieses Ereignis wird beim Erstellen einer Anmeldesitzung generiert. Es wird auf dem Computer generiert, auf den zugegriffen wurde.\r\n\r\nDie Antragstellerfelder geben das Konto auf dem lokalen System an, von dem die Anmeldung angefordert wurde. Dies ist meistens ein Dienst wie der Serverdienst oder ein lokaler Prozess wie Winlogon.exe oder Services.exe.\r\n\r\nDas Anmeldetypfeld gibt den jeweiligen Anmeldetyp an. Die häufigsten Typen sind 2 (interaktiv) und 3 (Netzwerk).\r\n\r\nDie Felder für die neue Anmeldung geben das Konto an, für das die neue Anmeldung erstellt wurde, d. h. das angemeldete Konto.\r\n\r\nDie Netzwerkfelder geben den Ursprung einer Remoteanmeldeanforderung an. Der Arbeitsstationsname ist nicht immer verfügbar und kann in manchen Fällen leer bleiben.\r\n\r\nDas Feld für die Identitätswechselebene gibt an, in welchem Umfang ein Prozess in der Anmeldesitzung einen Identitätswechsel vornehmen kann.\r\n\r\nDie Felder für die Authentifizierungsinformationen enthalten detaillierte Informationen zu dieser spezifische Anmeldeanforderung.\r\n\t– Die Anmelde-GUID ist ein eindeutiger Bezeichner, der verwendet werden kann, um dieses Ereignis mit einem KDC-Ereignis zu korrelieren.\r\n\t– Die übertragenen Dienste geben an, welche Zwischendienste an der Anmeldeanforderung beteiligt waren.\r\n\t– Der Paketname gibt das in den NTLM-Protokollen verwendete Unterprotokoll an.\r\n\t– Die Schlüssellänge gibt die Länge des generierten Sitzungsschlüssels an. Wenn kein Sitzungsschlüssel angefordert wurde, ist dieser Wert 0.\"",
          "version": "3",
          "systemTime": "2026-05-25T05:13:03.6298050Z",
          "eventRecordID": "1715476",
          "threadID": "1892",
          "computer": "DEV-MINISFORUM.arzw.local",
          "task": "12544",
          "processID": "1760",
          "severityValue": "AUDIT_SUCCESS",
          "providerName": "Microsoft-Windows-Security-Auditing"
        }
      }
    },
    "rule": {
      "mail": false,
      "level": 3,
      "pci_dss": [
        "10.2.5"
      ],
      "hipaa": [
        "164.312.b"
      ],
      "tsc": [
        "CC6.8",
        "CC7.2",
        "CC7.3"
      ],
      "description": "Windows Logon Success",
      "groups": [
        "windows",
        "windows_security",
        "authentication_success"
      ],
      "nist_800_53": [
        "AU.14",
        "AC.9"
      ],
      "gdpr": [
        "IV_32.2"
      ],
      "firedtimes": 5,
      "mitre": {
        "technique": [
          "Valid Accounts"
        ],
        "id": [
          "T1078"
        ],
        "tactic": [
          "Defense Evasion",
          "Persistence",
          "Privilege Escalation",
          "Initial Access"
        ]
      },
      "id": "60106",
      "gpg13": [
        "7.1",
        "7.2"
      ]
    },
    "location": "EventChannel",
    "decoder": {
      "name": "windows_eventchannel"
    },
    "id": "1779685984.2596971",
    "timestamp": "2026-05-25T05:13:04.704+0000"
  },
  {
    "input": {
      "type": "log"
    },
    "agent": {
      "ip": "172.21.5.66",
      "name": "Minis-forum_development",
      "id": "089"
    },
    "manager": {
      "name": "wazuh.manager"
    },
    "data": {
      "win": {
        "eventdata": {
          "targetLogonId": "0x100e37377",
          "targetUserName": "DEV-MINISFORUM$",
          "targetDomainName": "ARZW",
          "targetUserSid": "S-1-5-18",
          "logonType": "3"
        },
        "system": {
          "eventID": "4634",
          "keywords": "0x8020000000000000",
          "providerGuid": "{54849625-5478-4994-a5ba-3e3b0328c30d}",
          "level": "0",
          "channel": "Security",
          "opcode": "0",
          "message": "\"Ein Konto wurde abgemeldet.\r\n\r\nAntragsteller:\r\n\tSicherheits-ID:\t\tS-1-5-18\r\n\tKontoname:\t\tDEV-MINISFORUM$\r\n\tKontodomäne:\t\tARZW\r\n\tAnmelde-ID:\t\t0x100E37377\r\n\r\nAnmeldetyp:\t\t\t3\r\n\r\nDieses Ereignis wird generiert, wenn eine Anmeldesitzung zerstört wird. Es kann anhand des Wertes der Anmelde-ID positiv mit einem Anmeldeereignis korreliert werden. Anmelde-IDs sind nur zwischen Neustarts auf demselben Computer eindeutig.\"",
          "version": "0",
          "systemTime": "2026-05-25T04:57:09.9361239Z",
          "eventRecordID": "1715455",
          "threadID": "1892",
          "computer": "DEV-MINISFORUM.arzw.local",
          "task": "12545",
          "processID": "1760",
          "severityValue": "AUDIT_SUCCESS",
          "providerName": "Microsoft-Windows-Security-Auditing"
        }
      }
    },
    "rule": {
      "firedtimes": 8,
      "mail": false,
      "level": 3,
      "pci_dss": [
        "10.2.5"
      ],
      "hipaa": [
        "164.312.b"
      ],
      "tsc": [
        "CC6.8",
        "CC7.2",
        "CC7.3"
      ],
      "description": "Windows User Logoff",
      "groups": [
        "windows",
        "windows_security"
      ],
      "id": "60137",
      "nist_800_53": [
        "AU.14",
        "AC.7"
      ],
      "gdpr": [
        "IV_32.2"
      ]
    },
    "location": "EventChannel",
    "decoder": {
      "name": "windows_eventchannel"
    },
    "id": "1779685030.2387428",
    "timestamp": "2026-05-25T04:57:10.693+0000"
  },
  {
    "input": {
      "type": "log"
    },
    "agent": {
      "ip": "172.21.5.66",
      "name": "Minis-forum_development",
      "id": "089"
    },
    "manager": {
      "name": "wazuh.manager"
    },
    "data": {
      "win": {
        "eventdata": {
          "subjectLogonId": "0x0",
          "targetLinkedLogonId": "0x0",
          "impersonationLevel": "%%1833",
          "ipAddress": "::1",
          "authenticationPackageName": "Kerberos",
          "targetLogonId": "0x100e37377",
          "logonProcessName": "Kerberos",
          "logonGuid": "{2fad8d6d-ba42-4f2f-9bdc-94d41c1636a8}",
          "targetUserName": "DEV-MINISFORUM$",
          "keyLength": "0",
          "elevatedToken": "%%1842",
          "subjectUserSid": "S-1-0-0",
          "processId": "0x0",
          "ipPort": "0",
          "targetDomainName": "ARZW.LOCAL",
          "targetUserSid": "S-1-5-18",
          "virtualAccount": "%%1843",
          "logonType": "3"
        },
        "system": {
          "eventID": "4624",
          "keywords": "0x8020000000000000",
          "providerGuid": "{54849625-5478-4994-a5ba-3e3b0328c30d}",
          "level": "0",
          "channel": "Security",
          "opcode": "0",
          "message": "\"Ein Konto wurde erfolgreich angemeldet.\r\n\r\nAntragsteller:\r\n\tSicherheits-ID:\t\tS-1-0-0\r\n\tKontoname:\t\t-\r\n\tKontodomäne:\t\t-\r\n\tAnmelde-ID:\t\t0x0\r\n\r\nAnmeldeinformationen:\r\n\tAnmeldetyp:\t\t3\r\n\tEingeschränkter Administratormodus:\t-\r\n\tRemote Credential Guard:\t-\r\n\tVirtuelles Konto:\t\tNein\r\n\tToken mit erhöhten Rechten:\t\tJa\r\n\r\nIdentitätswechselebene:\t\tIdentitätswechsel\r\n\r\nNeue Anmeldung:\r\n\tSicherheits-ID:\t\tS-1-5-18\r\n\tKontoname:\t\tDEV-MINISFORUM$\r\n\tKontodomäne:\t\tARZW.LOCAL\r\n\tAnmelde-ID:\t\t0x100E37377\r\n\tVerknüpfte Anmelde-ID:\t\t0x0\r\n\tNetzwerk-Kontoname:\t-\r\n\tNetzwerk-Kontodomäne:\t-\r\n\tAnmelde-GUID:\t\t{2fad8d6d-ba42-4f2f-9bdc-94d41c1636a8}\r\n\r\nProzessinformationen:\r\n\tProzess-ID:\t\t0x0\r\n\tProzessname:\t\t-\r\n\r\nNetzwerkinformationen:\r\n\tArbeitsstationsname:\t-\r\n\tQuellnetzwerkadresse:\t::1\r\n\tQuellport:\t\t0\r\n\r\nDetaillierte Authentifizierungsinformationen:\r\n\tAnmeldeprozess:\t\tKerberos\r\n\tAuthentifizierungspaket:\tKerberos\r\n\tÜbertragene Dienste:\t-\r\n\tPaketname (nur NTLM):\t-\r\n\tSchlüssellänge:\t\t0\r\n\r\nDieses Ereignis wird beim Erstellen einer Anmeldesitzung generiert. Es wird auf dem Computer generiert, auf den zugegriffen wurde.\r\n\r\nDie Antragstellerfelder geben das Konto auf dem lokalen System an, von dem die Anmeldung angefordert wurde. Dies ist meistens ein Dienst wie der Serverdienst oder ein lokaler Prozess wie Winlogon.exe oder Services.exe.\r\n\r\nDas Anmeldetypfeld gibt den jeweiligen Anmeldetyp an. Die häufigsten Typen sind 2 (interaktiv) und 3 (Netzwerk).\r\n\r\nDie Felder für die neue Anmeldung geben das Konto an, für das die neue Anmeldung erstellt wurde, d. h. das angemeldete Konto.\r\n\r\nDie Netzwerkfelder geben den Ursprung einer Remoteanmeldeanforderung an. Der Arbeitsstationsname ist nicht immer verfügbar und kann in manchen Fällen leer bleiben.\r\n\r\nDas Feld für die Identitätswechselebene gibt an, in welchem Umfang ein Prozess in der Anmeldesitzung einen Identitätswechsel vornehmen kann.\r\n\r\nDie Felder für die Authentifizierungsinformationen enthalten detaillierte Informationen zu dieser spezifische Anmeldeanforderung.\r\n\t– Die Anmelde-GUID ist ein eindeutiger Bezeichner, der verwendet werden kann, um dieses Ereignis mit einem KDC-Ereignis zu korrelieren.\r\n\t– Die übertragenen Dienste geben an, welche Zwischendienste an der Anmeldeanforderung beteiligt waren.\r\n\t– Der Paketname gibt das in den NTLM-Protokollen verwendete Unterprotokoll an.\r\n\t– Die Schlüssellänge gibt die Länge des generierten Sitzungsschlüssels an. Wenn kein Sitzungsschlüssel angefordert wurde, ist dieser Wert 0.\"",
          "version": "3",
          "systemTime": "2026-05-25T04:57:09.9355687Z",
          "eventRecordID": "1715454",
          "threadID": "1892",
          "computer": "DEV-MINISFORUM.arzw.local",
          "task": "12544",
          "processID": "1760",
          "severityValue": "AUDIT_SUCCESS",
          "providerName": "Microsoft-Windows-Security-Auditing"
        }
      }
    },
    "rule": {
      "mail": false,
      "level": 3,
      "pci_dss": [
        "10.2.5"
      ],
      "hipaa": [
        "164.312.b"
      ],
      "tsc": [
        "CC6.8",
        "CC7.2",
        "CC7.3"
      ],
      "description": "Windows Logon Success",
      "groups": [
        "windows",
        "windows_security",
        "authentication_success"
      ],
      "nist_800_53": [
        "AU.14",
        "AC.9"
      ],
      "gdpr": [
        "IV_32.2"
      ],
      "firedtimes": 8,
      "mitre": {
        "technique": [
          "Valid Accounts"
        ],
        "id": [
          "T1078"
        ],
        "tactic": [
          "Defense Evasion",
          "Persistence",
          "Privilege Escalation",
          "Initial Access"
        ]
      },
      "id": "60106",
      "gpg13": [
        "7.1",
        "7.2"
      ]
    },
    "location": "EventChannel",
    "decoder": {
      "name": "windows_eventchannel"
    },
    "id": "1779685030.2379701",
    "timestamp": "2026-05-25T04:57:10.677+0000"
  },
  {
    "input": {
      "type": "log"
    },
    "agent": {
      "ip": "172.21.5.66",
      "name": "Minis-forum_development",
      "id": "089"
    },
    "manager": {
      "name": "wazuh.manager"
    },
    "data": {
      "win": {
        "eventdata": {
          "targetLogonId": "0x100e36e2c",
          "targetUserName": "DEV-MINISFORUM$",
          "targetDomainName": "ARZW",
          "targetUserSid": "S-1-5-18",
          "logonType": "3"
        },
        "system": {
          "eventID": "4634",
          "keywords": "0x8020000000000000",
          "providerGuid": "{54849625-5478-4994-a5ba-3e3b0328c30d}",
          "level": "0",
          "channel": "Security",
          "opcode": "0",
          "message": "\"Ein Konto wurde abgemeldet.\r\n\r\nAntragsteller:\r\n\tSicherheits-ID:\t\tS-1-5-18\r\n\tKontoname:\t\tDEV-MINISFORUM$\r\n\tKontodomäne:\t\tARZW\r\n\tAnmelde-ID:\t\t0x100E36E2C\r\n\r\nAnmeldetyp:\t\t\t3\r\n\r\nDieses Ereignis wird generiert, wenn eine Anmeldesitzung zerstört wird. Es kann anhand des Wertes der Anmelde-ID positiv mit einem Anmeldeereignis korreliert werden. Anmelde-IDs sind nur zwischen Neustarts auf demselben Computer eindeutig.\"",
          "version": "0",
          "systemTime": "2026-05-25T04:57:09.9336667Z",
          "eventRecordID": "1715452",
          "threadID": "1892",
          "computer": "DEV-MINISFORUM.arzw.local",
          "task": "12545",
          "processID": "1760",
          "severityValue": "AUDIT_SUCCESS",
          "providerName": "Microsoft-Windows-Security-Auditing"
        }
      }
    },
    "rule": {
      "firedtimes": 7,
      "mail": false,
      "level": 3,
      "pci_dss": [
        "10.2.5"
      ],
      "hipaa": [
        "164.312.b"
      ],
      "tsc": [
        "CC6.8",
        "CC7.2",
        "CC7.3"
      ],
      "description": "Windows User Logoff",
      "groups": [
        "windows",
        "windows_security"
      ],
      "id": "60137",
      "nist_800_53": [
        "AU.14",
        "AC.7"
      ],
      "gdpr": [
        "IV_32.2"
      ]
    },
    "location": "EventChannel",
    "decoder": {
      "name": "windows_eventchannel"
    },
    "id": "1779685030.2377217",
    "timestamp": "2026-05-25T04:57:10.644+0000"
  },
  {
    "input": {
      "type": "log"
    },
    "agent": {
      "ip": "172.21.5.66",
      "name": "Minis-forum_development",
      "id": "089"
    },
    "manager": {
      "name": "wazuh.manager"
    },
    "data": {
      "win": {
        "eventdata": {
          "subjectLogonId": "0x0",
          "targetLinkedLogonId": "0x0",
          "impersonationLevel": "%%1833",
          "ipAddress": "::1",
          "authenticationPackageName": "Kerberos",
          "targetLogonId": "0x100e36e2c",
          "logonProcessName": "Kerberos",
          "logonGuid": "{2fad8d6d-ba42-4f2f-9bdc-94d41c1636a8}",
          "targetUserName": "DEV-MINISFORUM$",
          "keyLength": "0",
          "elevatedToken": "%%1842",
          "subjectUserSid": "S-1-0-0",
          "processId": "0x0",
          "ipPort": "0",
          "targetDomainName": "ARZW.LOCAL",
          "targetUserSid": "S-1-5-18",
          "virtualAccount": "%%1843",
          "logonType": "3"
        },
        "system": {
          "eventID": "4624",
          "keywords": "0x8020000000000000",
          "providerGuid": "{54849625-5478-4994-a5ba-3e3b0328c30d}",
          "level": "0",
          "channel": "Security",
          "opcode": "0",
          "message": "\"Ein Konto wurde erfolgreich angemeldet.\r\n\r\nAntragsteller:\r\n\tSicherheits-ID:\t\tS-1-0-0\r\n\tKontoname:\t\t-\r\n\tKontodomäne:\t\t-\r\n\tAnmelde-ID:\t\t0x0\r\n\r\nAnmeldeinformationen:\r\n\tAnmeldetyp:\t\t3\r\n\tEingeschränkter Administratormodus:\t-\r\n\tRemote Credential Guard:\t-\r\n\tVirtuelles Konto:\t\tNein\r\n\tToken mit erhöhten Rechten:\t\tJa\r\n\r\nIdentitätswechselebene:\t\tIdentitätswechsel\r\n\r\nNeue Anmeldung:\r\n\tSicherheits-ID:\t\tS-1-5-18\r\n\tKontoname:\t\tDEV-MINISFORUM$\r\n\tKontodomäne:\t\tARZW.LOCAL\r\n\tAnmelde-ID:\t\t0x100E36E2C\r\n\tVerknüpfte Anmelde-ID:\t\t0x0\r\n\tNetzwerk-Kontoname:\t-\r\n\tNetzwerk-Kontodomäne:\t-\r\n\tAnmelde-GUID:\t\t{2fad8d6d-ba42-4f2f-9bdc-94d41c1636a8}\r\n\r\nProzessinformationen:\r\n\tProzess-ID:\t\t0x0\r\n\tProzessname:\t\t-\r\n\r\nNetzwerkinformationen:\r\n\tArbeitsstationsname:\t-\r\n\tQuellnetzwerkadresse:\t::1\r\n\tQuellport:\t\t0\r\n\r\nDetaillierte Authentifizierungsinformationen:\r\n\tAnmeldeprozess:\t\tKerberos\r\n\tAuthentifizierungspaket:\tKerberos\r\n\tÜbertragene Dienste:\t-\r\n\tPaketname (nur NTLM):\t-\r\n\tSchlüssellänge:\t\t0\r\n\r\nDieses Ereignis wird beim Erstellen einer Anmeldesitzung generiert. Es wird auf dem Computer generiert, auf den zugegriffen wurde.\r\n\r\nDie Antragstellerfelder geben das Konto auf dem lokalen System an, von dem die Anmeldung angefordert wurde. Dies ist meistens ein Dienst wie der Serverdienst oder ein lokaler Prozess wie Winlogon.exe oder Services.exe.\r\n\r\nDas Anmeldetypfeld gibt den jeweiligen Anmeldetyp an. Die häufigsten Typen sind 2 (interaktiv) und 3 (Netzwerk).\r\n\r\nDie Felder für die neue Anmeldung geben das Konto an, für das die neue Anmeldung erstellt wurde, d. h. das angemeldete Konto.\r\n\r\nDie Netzwerkfelder geben den Ursprung einer Remoteanmeldeanforderung an. Der Arbeitsstationsname ist nicht immer verfügbar und kann in manchen Fällen leer bleiben.\r\n\r\nDas Feld für die Identitätswechselebene gibt an, in welchem Umfang ein Prozess in der Anmeldesitzung einen Identitätswechsel vornehmen kann.\r\n\r\nDie Felder für die Authentifizierungsinformationen enthalten detaillierte Informationen zu dieser spezifische Anmeldeanforderung.\r\n\t– Die Anmelde-GUID ist ein eindeutiger Bezeichner, der verwendet werden kann, um dieses Ereignis mit einem KDC-Ereignis zu korrelieren.\r\n\t– Die übertragenen Dienste geben an, welche Zwischendienste an der Anmeldeanforderung beteiligt waren.\r\n\t– Der Paketname gibt das in den NTLM-Protokollen verwendete Unterprotokoll an.\r\n\t– Die Schlüssellänge gibt die Länge des generierten Sitzungsschlüssels an. Wenn kein Sitzungsschlüssel angefordert wurde, ist dieser Wert 0.\"",
          "version": "3",
          "systemTime": "2026-05-25T04:57:09.6015591Z",
          "eventRecordID": "1715451",
          "threadID": "1892",
          "computer": "DEV-MINISFORUM.arzw.local",
          "task": "12544",
          "processID": "1760",
          "severityValue": "AUDIT_SUCCESS",
          "providerName": "Microsoft-Windows-Security-Auditing"
        }
      }
    },
    "rule": {
      "mail": false,
      "level": 3,
      "pci_dss": [
        "10.2.5"
      ],
      "hipaa": [
        "164.312.b"
      ],
      "tsc": [
        "CC6.8",
        "CC7.2",
        "CC7.3"
      ],
      "description": "Windows Logon Success",
      "groups": [
        "windows",
        "windows_security",
        "authentication_success"
      ],
      "nist_800_53": [
        "AU.14",
        "AC.9"
      ],
      "gdpr": [
        "IV_32.2"
      ],
      "firedtimes": 7,
      "mitre": {
        "technique": [
          "Valid Accounts"
        ],
        "id": [
          "T1078"
        ],
        "tactic": [
          "Defense Evasion",
          "Persistence",
          "Privilege Escalation",
          "Initial Access"
        ]
      },
      "id": "60106",
      "gpg13": [
        "7.1",
        "7.2"
      ]
    },
    "location": "EventChannel",
    "decoder": {
      "name": "windows_eventchannel"
    },
    "id": "1779685030.2369490",
    "timestamp": "2026-05-25T04:57:10.628+0000"
  },
  {
    "input": {
      "type": "log"
    },
    "agent": {
      "ip": "172.21.5.66",
      "name": "Minis-forum_development",
      "id": "089"
    },
    "manager": {
      "name": "wazuh.manager"
    },
    "data": {
      "win": {
        "eventdata": {
          "data": "2126-05-01T04:47:58Z, RulesEngine"
        },
        "system": {
          "eventID": "16384",
          "eventSourceName": "Software Protection Platform Service",
          "keywords": "0x80000000000000",
          "providerGuid": "{E23B33B0-C8C9-472C-A5F9-F2BDFEA0F156}",
          "level": "4",
          "channel": "Application",
          "opcode": "0",
          "message": "\"Der Softwareschutzdienst wurde erfolgreich für den erneuten Start bei 2126-05-01T04:47:58Z geplant. Grund: RulesEngine.\"",
          "version": "0",
          "systemTime": "2026-05-25T04:47:58.7651376Z",
          "eventRecordID": "74778",
          "threadID": "0",
          "computer": "DEV-MINISFORUM.arzw.local",
          "task": "0",
          "processID": "37748",
          "severityValue": "INFORMATION",
          "providerName": "Microsoft-Windows-Security-SPP"
        }
      }
    },
    "rule": {
      "firedtimes": 16,
      "mail": false,
      "level": 3,
      "description": "Software protection service scheduled successfully.",
      "groups": [
        "windows",
        "windows_application"
      ],
      "id": "60642"
    },
    "location": "EventChannel",
    "decoder": {
      "name": "windows_eventchannel"
    },
    "id": "1779684478.2302901",
    "timestamp": "2026-05-25T04:47:58.574+0000"
  },
  {
    "input": {
      "type": "log"
    },
    "agent": {
      "ip": "172.21.5.66",
      "name": "Minis-forum_development",
      "id": "089"
    },
    "manager": {
      "name": "wazuh.manager"
    },
    "data": {
      "win": {
        "eventdata": {
          "data": "2126-05-01T04:17:58Z, RulesEngine"
        },
        "system": {
          "eventID": "16384",
          "eventSourceName": "Software Protection Platform Service",
          "keywords": "0x80000000000000",
          "providerGuid": "{E23B33B0-C8C9-472C-A5F9-F2BDFEA0F156}",
          "level": "4",
          "channel": "Application",
          "opcode": "0",
          "message": "\"Der Softwareschutzdienst wurde erfolgreich für den erneuten Start bei 2126-05-01T04:17:58Z geplant. Grund: RulesEngine.\"",
          "version": "0",
          "systemTime": "2026-05-25T04:17:58.9080425Z",
          "eventRecordID": "74776",
          "threadID": "0",
          "computer": "DEV-MINISFORUM.arzw.local",
          "task": "0",
          "processID": "30588",
          "severityValue": "INFORMATION",
          "providerName": "Microsoft-Windows-Security-SPP"
        }
      }
    },
    "rule": {
      "firedtimes": 6,
      "mail": false,
      "level": 3,
      "description": "Software protection service scheduled successfully.",
      "groups": [
        "windows",
        "windows_application"
      ],
      "id": "60642"
    },
    "location": "EventChannel",
    "decoder": {
      "name": "windows_eventchannel"
    },
    "id": "1779682678.2092695",
    "timestamp": "2026-05-25T04:17:58.688+0000"
  },
  {
    "input": {
      "type": "log"
    },
    "agent": {
      "ip": "172.21.5.66",
      "name": "Minis-forum_development",
      "id": "089"
    },
    "manager": {
      "name": "wazuh.manager"
    },
    "data": {
      "win": {
        "eventdata": {
          "data": "2126-05-01T04:15:33Z, RulesEngine"
        },
        "system": {
          "eventID": "16384",
          "eventSourceName": "Software Protection Platform Service",
          "keywords": "0x80000000000000",
          "providerGuid": "{E23B33B0-C8C9-472C-A5F9-F2BDFEA0F156}",
          "level": "4",
          "channel": "Application",
          "opcode": "0",
          "message": "\"Der Softwareschutzdienst wurde erfolgreich für den erneuten Start bei 2126-05-01T04:15:33Z geplant. Grund: RulesEngine.\"",
          "version": "0",
          "systemTime": "2026-05-25T04:15:33.5726485Z",
          "eventRecordID": "74774",
          "threadID": "0",
          "computer": "DEV-MINISFORUM.arzw.local",
          "task": "0",
          "processID": "30236",
          "severityValue": "INFORMATION",
          "providerName": "Microsoft-Windows-Security-SPP"
        }
      }
    },
    "rule": {
      "firedtimes": 4,
      "mail": false,
      "level": 3,
      "description": "Software protection service scheduled successfully.",
      "groups": [
        "windows",
        "windows_application"
      ],
      "id": "60642"
    },
    "location": "EventChannel",
    "decoder": {
      "name": "windows_eventchannel"
    },
    "id": "1779682533.2084904",
    "timestamp": "2026-05-25T04:15:33.349+0000"
  },
  {
    "input": {
      "type": "log"
    },
    "agent": {
      "ip": "172.21.5.66",
      "name": "Minis-forum_development",
      "id": "089"
    },
    "manager": {
      "name": "wazuh.manager"
    },
    "data": {
      "win": {
        "eventdata": {
          "data": "2126-05-01T03:24:35Z, RulesEngine"
        },
        "system": {
          "eventID": "16384",
          "eventSourceName": "Software Protection Platform Service",
          "keywords": "0x80000000000000",
          "providerGuid": "{E23B33B0-C8C9-472C-A5F9-F2BDFEA0F156}",
          "level": "4",
          "channel": "Application",
          "opcode": "0",
          "message": "\"Der Softwareschutzdienst wurde erfolgreich für den erneuten Start bei 2126-05-01T03:24:35Z geplant. Grund: RulesEngine.\"",
          "version": "0",
          "systemTime": "2026-05-25T03:24:35.5771436Z",
          "eventRecordID": "74770",
          "threadID": "0",
          "computer": "DEV-MINISFORUM.arzw.local",
          "task": "0",
          "processID": "40300",
          "severityValue": "INFORMATION",
          "providerName": "Microsoft-Windows-Security-SPP"
        }
      }
    },
    "rule": {
      "firedtimes": 8,
      "mail": false,
      "level": 3,
      "description": "Software protection service scheduled successfully.",
      "groups": [
        "windows",
        "windows_application"
      ],
      "id": "60642"
    },
    "location": "EventChannel",
    "decoder": {
      "name": "windows_eventchannel"
    },
    "id": "1779679475.1741330",
    "timestamp": "2026-05-25T03:24:35.289+0000"
  },
  {
    "input": {
      "type": "log"
    },
    "agent": {
      "ip": "172.21.5.66",
      "name": "Minis-forum_development",
      "id": "089"
    },
    "manager": {
      "name": "wazuh.manager"
    },
    "data": {
      "win": {
        "eventdata": {
          "data": "2126-05-01T03:22:41Z, RulesEngine"
        },
        "system": {
          "eventID": "16384",
          "eventSourceName": "Software Protection Platform Service",
          "keywords": "0x80000000000000",
          "providerGuid": "{E23B33B0-C8C9-472C-A5F9-F2BDFEA0F156}",
          "level": "4",
          "channel": "Application",
          "opcode": "0",
          "message": "\"Der Softwareschutzdienst wurde erfolgreich für den erneuten Start bei 2126-05-01T03:22:41Z geplant. Grund: RulesEngine.\"",
          "version": "0",
          "systemTime": "2026-05-25T03:22:41.3465140Z",
          "eventRecordID": "74768",
          "threadID": "0",
          "computer": "DEV-MINISFORUM.arzw.local",
          "task": "0",
          "processID": "21840",
          "severityValue": "INFORMATION",
          "providerName": "Microsoft-Windows-Security-SPP"
        }
      }
    },
    "rule": {
      "firedtimes": 7,
      "mail": false,
      "level": 3,
      "description": "Software protection service scheduled successfully.",
      "groups": [
        "windows",
        "windows_application"
      ],
      "id": "60642"
    },
    "location": "EventChannel",
    "decoder": {
      "name": "windows_eventchannel"
    },
    "id": "1779679361.1739675",
    "timestamp": "2026-05-25T03:22:41.060+0000"
  },
  {
    "input": {
      "type": "log"
    },
    "agent": {
      "ip": "172.21.5.66",
      "name": "Minis-forum_development",
      "id": "089"
    },
    "manager": {
      "name": "wazuh.manager"
    },
    "data": {
      "win": {
        "eventdata": {
          "data": "2126-05-01T03:17:59Z, RulesEngine"
        },
        "system": {
          "eventID": "16384",
          "eventSourceName": "Software Protection Platform Service",
          "keywords": "0x80000000000000",
          "providerGuid": "{E23B33B0-C8C9-472C-A5F9-F2BDFEA0F156}",
          "level": "4",
          "channel": "Application",
          "opcode": "0",
          "message": "\"Der Softwareschutzdienst wurde erfolgreich für den erneuten Start bei 2126-05-01T03:17:59Z geplant. Grund: RulesEngine.\"",
          "version": "0",
          "systemTime": "2026-05-25T03:17:59.5503220Z",
          "eventRecordID": "74766",
          "threadID": "0",
          "computer": "DEV-MINISFORUM.arzw.local",
          "task": "0",
          "processID": "15600",
          "severityValue": "INFORMATION",
          "providerName": "Microsoft-Windows-Security-SPP"
        }
      }
    },
    "rule": {
      "firedtimes": 5,
      "mail": false,
      "level": 3,
      "description": "Software protection service scheduled successfully.",
      "groups": [
        "windows",
        "windows_application"
      ],
      "id": "60642"
    },
    "location": "EventChannel",
    "decoder": {
      "name": "windows_eventchannel"
    },
    "id": "1779679079.1736404",
    "timestamp": "2026-05-25T03:17:59.267+0000"
  },
  {
    "input": {
      "type": "log"
    },
    "agent": {
      "ip": "172.21.5.66",
      "name": "Minis-forum_development",
      "id": "089"
    },
    "manager": {
      "name": "wazuh.manager"
    },
    "data": {
      "win": {
        "eventdata": {
          "targetLogonId": "0xfff00dcf",
          "targetUserName": "DEV-MINISFORUM$",
          "targetDomainName": "ARZW",
          "targetUserSid": "S-1-5-18",
          "logonType": "3"
        },
        "system": {
          "eventID": "4634",
          "keywords": "0x8020000000000000",
          "providerGuid": "{54849625-5478-4994-a5ba-3e3b0328c30d}",
          "level": "0",
          "channel": "Security",
          "opcode": "0",
          "message": "\"Ein Konto wurde abgemeldet.\r\n\r\nAntragsteller:\r\n\tSicherheits-ID:\t\tS-1-5-18\r\n\tKontoname:\t\tDEV-MINISFORUM$\r\n\tKontodomäne:\t\tARZW\r\n\tAnmelde-ID:\t\t0xFFF00DCF\r\n\r\nAnmeldetyp:\t\t\t3\r\n\r\nDieses Ereignis wird generiert, wenn eine Anmeldesitzung zerstört wird. Es kann anhand des Wertes der Anmelde-ID positiv mit einem Anmeldeereignis korreliert werden. Anmelde-IDs sind nur zwischen Neustarts auf demselben Computer eindeutig.\"",
          "version": "0",
          "systemTime": "2026-05-25T03:05:10.4343163Z",
          "eventRecordID": "1715286",
          "threadID": "25936",
          "computer": "DEV-MINISFORUM.arzw.local",
          "task": "12545",
          "processID": "1760",
          "severityValue": "AUDIT_SUCCESS",
          "providerName": "Microsoft-Windows-Security-Auditing"
        }
      }
    },
    "rule": {
      "firedtimes": 2,
      "mail": false,
      "level": 3,
      "pci_dss": [
        "10.2.5"
      ],
      "hipaa": [
        "164.312.b"
      ],
      "tsc": [
        "CC6.8",
        "CC7.2",
        "CC7.3"
      ],
      "description": "Windows User Logoff",
      "groups": [
        "windows",
        "windows_security"
      ],
      "id": "60137",
      "nist_800_53": [
        "AU.14",
        "AC.7"
      ],
      "gdpr": [
        "IV_32.2"
      ]
    },
    "location": "EventChannel",
    "decoder": {
      "name": "windows_eventchannel"
    },
    "id": "1779678311.1588291",
    "timestamp": "2026-05-25T03:05:11.076+0000"
  },
  {
    "input": {
      "type": "log"
    },
    "agent": {
      "ip": "172.21.5.66",
      "name": "Minis-forum_development",
      "id": "089"
    },
    "manager": {
      "name": "wazuh.manager"
    },
    "data": {
      "win": {
        "eventdata": {
          "subjectLogonId": "0x0",
          "targetLinkedLogonId": "0x0",
          "impersonationLevel": "%%1833",
          "ipAddress": "::1",
          "authenticationPackageName": "Kerberos",
          "targetLogonId": "0xfff00dcf",
          "logonProcessName": "Kerberos",
          "logonGuid": "{1717e8fe-bf99-ad6d-4293-9fe2e027725e}",
          "targetUserName": "DEV-MINISFORUM$",
          "keyLength": "0",
          "elevatedToken": "%%1842",
          "subjectUserSid": "S-1-0-0",
          "processId": "0x0",
          "ipPort": "0",
          "targetDomainName": "ARZW.LOCAL",
          "targetUserSid": "S-1-5-18",
          "virtualAccount": "%%1843",
          "logonType": "3"
        },
        "system": {
          "eventID": "4624",
          "keywords": "0x8020000000000000",
          "providerGuid": "{54849625-5478-4994-a5ba-3e3b0328c30d}",
          "level": "0",
          "channel": "Security",
          "opcode": "0",
          "message": "\"Ein Konto wurde erfolgreich angemeldet.\r\n\r\nAntragsteller:\r\n\tSicherheits-ID:\t\tS-1-0-0\r\n\tKontoname:\t\t-\r\n\tKontodomäne:\t\t-\r\n\tAnmelde-ID:\t\t0x0\r\n\r\nAnmeldeinformationen:\r\n\tAnmeldetyp:\t\t3\r\n\tEingeschränkter Administratormodus:\t-\r\n\tRemote Credential Guard:\t-\r\n\tVirtuelles Konto:\t\tNein\r\n\tToken mit erhöhten Rechten:\t\tJa\r\n\r\nIdentitätswechselebene:\t\tIdentitätswechsel\r\n\r\nNeue Anmeldung:\r\n\tSicherheits-ID:\t\tS-1-5-18\r\n\tKontoname:\t\tDEV-MINISFORUM$\r\n\tKontodomäne:\t\tARZW.LOCAL\r\n\tAnmelde-ID:\t\t0xFFF00DCF\r\n\tVerknüpfte Anmelde-ID:\t\t0x0\r\n\tNetzwerk-Kontoname:\t-\r\n\tNetzwerk-Kontodomäne:\t-\r\n\tAnmelde-GUID:\t\t{1717e8fe-bf99-ad6d-4293-9fe2e027725e}\r\n\r\nProzessinformationen:\r\n\tProzess-ID:\t\t0x0\r\n\tProzessname:\t\t-\r\n\r\nNetzwerkinformationen:\r\n\tArbeitsstationsname:\t-\r\n\tQuellnetzwerkadresse:\t::1\r\n\tQuellport:\t\t0\r\n\r\nDetaillierte Authentifizierungsinformationen:\r\n\tAnmeldeprozess:\t\tKerberos\r\n\tAuthentifizierungspaket:\tKerberos\r\n\tÜbertragene Dienste:\t-\r\n\tPaketname (nur NTLM):\t-\r\n\tSchlüssellänge:\t\t0\r\n\r\nDieses Ereignis wird beim Erstellen einer Anmeldesitzung generiert. Es wird auf dem Computer generiert, auf den zugegriffen wurde.\r\n\r\nDie Antragstellerfelder geben das Konto auf dem lokalen System an, von dem die Anmeldung angefordert wurde. Dies ist meistens ein Dienst wie der Serverdienst oder ein lokaler Prozess wie Winlogon.exe oder Services.exe.\r\n\r\nDas Anmeldetypfeld gibt den jeweiligen Anmeldetyp an. Die häufigsten Typen sind 2 (interaktiv) und 3 (Netzwerk).\r\n\r\nDie Felder für die neue Anmeldung geben das Konto an, für das die neue Anmeldung erstellt wurde, d. h. das angemeldete Konto.\r\n\r\nDie Netzwerkfelder geben den Ursprung einer Remoteanmeldeanforderung an. Der Arbeitsstationsname ist nicht immer verfügbar und kann in manchen Fällen leer bleiben.\r\n\r\nDas Feld für die Identitätswechselebene gibt an, in welchem Umfang ein Prozess in der Anmeldesitzung einen Identitätswechsel vornehmen kann.\r\n\r\nDie Felder für die Authentifizierungsinformationen enthalten detaillierte Informationen zu dieser spezifische Anmeldeanforderung.\r\n\t– Die Anmelde-GUID ist ein eindeutiger Bezeichner, der verwendet werden kann, um dieses Ereignis mit einem KDC-Ereignis zu korrelieren.\r\n\t– Die übertragenen Dienste geben an, welche Zwischendienste an der Anmeldeanforderung beteiligt waren.\r\n\t– Der Paketname gibt das in den NTLM-Protokollen verwendete Unterprotokoll an.\r\n\t– Die Schlüssellänge gibt die Länge des generierten Sitzungsschlüssels an. Wenn kein Sitzungsschlüssel angefordert wurde, ist dieser Wert 0.\"",
          "version": "3",
          "systemTime": "2026-05-25T03:05:10.4336613Z",
          "eventRecordID": "1715285",
          "threadID": "25936",
          "computer": "DEV-MINISFORUM.arzw.local",
          "task": "12544",
          "processID": "1760",
          "severityValue": "AUDIT_SUCCESS",
          "providerName": "Microsoft-Windows-Security-Auditing"
        }
      }
    },
    "rule": {
      "mail": false,
      "level": 3,
      "pci_dss": [
        "10.2.5"
      ],
      "hipaa": [
        "164.312.b"
      ],
      "tsc": [
        "CC6.8",
        "CC7.2",
        "CC7.3"
      ],
      "description": "Windows Logon Success",
      "groups": [
        "windows",
        "windows_security",
        "authentication_success"
      ],
      "nist_800_53": [
        "AU.14",
        "AC.9"
      ],
      "gdpr": [
        "IV_32.2"
      ],
      "firedtimes": 2,
      "mitre": {
        "technique": [
          "Valid Accounts"
        ],
        "id": [
          "T1078"
        ],
        "tactic": [
          "Defense Evasion",
          "Persistence",
          "Privilege Escalation",
          "Initial Access"
        ]
      },
      "id": "60106",
      "gpg13": [
        "7.1",
        "7.2"
      ]
    },
    "location": "EventChannel",
    "decoder": {
      "name": "windows_eventchannel"
    },
    "id": "1779678311.1580566",
    "timestamp": "2026-05-25T03:05:11.028+0000"
  },
  {
    "input": {
      "type": "log"
    },
    "agent": {
      "ip": "172.21.5.66",
      "name": "Minis-forum_development",
      "id": "089"
    },
    "manager": {
      "name": "wazuh.manager"
    },
    "data": {
      "win": {
        "eventdata": {
          "targetLogonId": "0xfff007f4",
          "targetUserName": "DEV-MINISFORUM$",
          "targetDomainName": "ARZW",
          "targetUserSid": "S-1-5-18",
          "logonType": "3"
        },
        "system": {
          "eventID": "4634",
          "keywords": "0x8020000000000000",
          "providerGuid": "{54849625-5478-4994-a5ba-3e3b0328c30d}",
          "level": "0",
          "channel": "Security",
          "opcode": "0",
          "message": "\"Ein Konto wurde abgemeldet.\r\n\r\nAntragsteller:\r\n\tSicherheits-ID:\t\tS-1-5-18\r\n\tKontoname:\t\tDEV-MINISFORUM$\r\n\tKontodomäne:\t\tARZW\r\n\tAnmelde-ID:\t\t0xFFF007F4\r\n\r\nAnmeldetyp:\t\t\t3\r\n\r\nDieses Ereignis wird generiert, wenn eine Anmeldesitzung zerstört wird. Es kann anhand des Wertes der Anmelde-ID positiv mit einem Anmeldeereignis korreliert werden. Anmelde-IDs sind nur zwischen Neustarts auf demselben Computer eindeutig.\"",
          "version": "0",
          "systemTime": "2026-05-25T03:05:10.4311759Z",
          "eventRecordID": "1715283",
          "threadID": "39984",
          "computer": "DEV-MINISFORUM.arzw.local",
          "task": "12545",
          "processID": "1760",
          "severityValue": "AUDIT_SUCCESS",
          "providerName": "Microsoft-Windows-Security-Auditing"
        }
      }
    },
    "rule": {
      "firedtimes": 1,
      "mail": false,
      "level": 3,
      "pci_dss": [
        "10.2.5"
      ],
      "hipaa": [
        "164.312.b"
      ],
      "tsc": [
        "CC6.8",
        "CC7.2",
        "CC7.3"
      ],
      "description": "Windows User Logoff",
      "groups": [
        "windows",
        "windows_security"
      ],
      "id": "60137",
      "nist_800_53": [
        "AU.14",
        "AC.7"
      ],
      "gdpr": [
        "IV_32.2"
      ]
    },
    "location": "EventChannel",
    "decoder": {
      "name": "windows_eventchannel"
    },
    "id": "1779678310.1578084",
    "timestamp": "2026-05-25T03:05:10.995+0000"
  },
  {
    "input": {
      "type": "log"
    },
    "agent": {
      "ip": "172.21.5.66",
      "name": "Minis-forum_development",
      "id": "089"
    },
    "manager": {
      "name": "wazuh.manager"
    },
    "data": {
      "win": {
        "eventdata": {
          "subjectLogonId": "0x0",
          "targetLinkedLogonId": "0x0",
          "impersonationLevel": "%%1833",
          "ipAddress": "::1",
          "authenticationPackageName": "Kerberos",
          "targetLogonId": "0xfff007f4",
          "logonProcessName": "Kerberos",
          "logonGuid": "{1717e8fe-bf99-ad6d-4293-9fe2e027725e}",
          "targetUserName": "DEV-MINISFORUM$",
          "keyLength": "0",
          "elevatedToken": "%%1842",
          "subjectUserSid": "S-1-0-0",
          "processId": "0x0",
          "ipPort": "0",
          "targetDomainName": "ARZW.LOCAL",
          "targetUserSid": "S-1-5-18",
          "virtualAccount": "%%1843",
          "logonType": "3"
        },
        "system": {
          "eventID": "4624",
          "keywords": "0x8020000000000000",
          "providerGuid": "{54849625-5478-4994-a5ba-3e3b0328c30d}",
          "level": "0",
          "channel": "Security",
          "opcode": "0",
          "message": "\"Ein Konto wurde erfolgreich angemeldet.\r\n\r\nAntragsteller:\r\n\tSicherheits-ID:\t\tS-1-0-0\r\n\tKontoname:\t\t-\r\n\tKontodomäne:\t\t-\r\n\tAnmelde-ID:\t\t0x0\r\n\r\nAnmeldeinformationen:\r\n\tAnmeldetyp:\t\t3\r\n\tEingeschränkter Administratormodus:\t-\r\n\tRemote Credential Guard:\t-\r\n\tVirtuelles Konto:\t\tNein\r\n\tToken mit erhöhten Rechten:\t\tJa\r\n\r\nIdentitätswechselebene:\t\tIdentitätswechsel\r\n\r\nNeue Anmeldung:\r\n\tSicherheits-ID:\t\tS-1-5-18\r\n\tKontoname:\t\tDEV-MINISFORUM$\r\n\tKontodomäne:\t\tARZW.LOCAL\r\n\tAnmelde-ID:\t\t0xFFF007F4\r\n\tVerknüpfte Anmelde-ID:\t\t0x0\r\n\tNetzwerk-Kontoname:\t-\r\n\tNetzwerk-Kontodomäne:\t-\r\n\tAnmelde-GUID:\t\t{1717e8fe-bf99-ad6d-4293-9fe2e027725e}\r\n\r\nProzessinformationen:\r\n\tProzess-ID:\t\t0x0\r\n\tProzessname:\t\t-\r\n\r\nNetzwerkinformationen:\r\n\tArbeitsstationsname:\t-\r\n\tQuellnetzwerkadresse:\t::1\r\n\tQuellport:\t\t0\r\n\r\nDetaillierte Authentifizierungsinformationen:\r\n\tAnmeldeprozess:\t\tKerberos\r\n\tAuthentifizierungspaket:\tKerberos\r\n\tÜbertragene Dienste:\t-\r\n\tPaketname (nur NTLM):\t-\r\n\tSchlüssellänge:\t\t0\r\n\r\nDieses Ereignis wird beim Erstellen einer Anmeldesitzung generiert. Es wird auf dem Computer generiert, auf den zugegriffen wurde.\r\n\r\nDie Antragstellerfelder geben das Konto auf dem lokalen System an, von dem die Anmeldung angefordert wurde. Dies ist meistens ein Dienst wie der Serverdienst oder ein lokaler Prozess wie Winlogon.exe oder Services.exe.\r\n\r\nDas Anmeldetypfeld gibt den jeweiligen Anmeldetyp an. Die häufigsten Typen sind 2 (interaktiv) und 3 (Netzwerk).\r\n\r\nDie Felder für die neue Anmeldung geben das Konto an, für das die neue Anmeldung erstellt wurde, d. h. das angemeldete Konto.\r\n\r\nDie Netzwerkfelder geben den Ursprung einer Remoteanmeldeanforderung an. Der Arbeitsstationsname ist nicht immer verfügbar und kann in manchen Fällen leer bleiben.\r\n\r\nDas Feld für die Identitätswechselebene gibt an, in welchem Umfang ein Prozess in der Anmeldesitzung einen Identitätswechsel vornehmen kann.\r\n\r\nDie Felder für die Authentifizierungsinformationen enthalten detaillierte Informationen zu dieser spezifische Anmeldeanforderung.\r\n\t– Die Anmelde-GUID ist ein eindeutiger Bezeichner, der verwendet werden kann, um dieses Ereignis mit einem KDC-Ereignis zu korrelieren.\r\n\t– Die übertragenen Dienste geben an, welche Zwischendienste an der Anmeldeanforderung beteiligt waren.\r\n\t– Der Paketname gibt das in den NTLM-Protokollen verwendete Unterprotokoll an.\r\n\t– Die Schlüssellänge gibt die Länge des generierten Sitzungsschlüssels an. Wenn kein Sitzungsschlüssel angefordert wurde, ist dieser Wert 0.\"",
          "version": "3",
          "systemTime": "2026-05-25T03:05:10.0044423Z",
          "eventRecordID": "1715282",
          "threadID": "25936",
          "computer": "DEV-MINISFORUM.arzw.local",
          "task": "12544",
          "processID": "1760",
          "severityValue": "AUDIT_SUCCESS",
          "providerName": "Microsoft-Windows-Security-Auditing"
        }
      }
    },
    "rule": {
      "mail": false,
      "level": 3,
      "pci_dss": [
        "10.2.5"
      ],
      "hipaa": [
        "164.312.b"
      ],
      "tsc": [
        "CC6.8",
        "CC7.2",
        "CC7.3"
      ],
      "description": "Windows Logon Success",
      "groups": [
        "windows",
        "windows_security",
        "authentication_success"
      ],
      "nist_800_53": [
        "AU.14",
        "AC.9"
      ],
      "gdpr": [
        "IV_32.2"
      ],
      "firedtimes": 1,
      "mitre": {
        "technique": [
          "Valid Accounts"
        ],
        "id": [
          "T1078"
        ],
        "tactic": [
          "Defense Evasion",
          "Persistence",
          "Privilege Escalation",
          "Initial Access"
        ]
      },
      "id": "60106",
      "gpg13": [
        "7.1",
        "7.2"
      ]
    },
    "location": "EventChannel",
    "decoder": {
      "name": "windows_eventchannel"
    },
    "id": "1779678310.1570359",
    "timestamp": "2026-05-25T03:05:10.984+0000"
  },
  {
    "input": {
      "type": "log"
    },
    "agent": {
      "ip": "172.21.5.66",
      "name": "Minis-forum_development",
      "id": "089"
    },
    "manager": {
      "name": "wazuh.manager"
    },
    "data": {
      "win": {
        "eventdata": {
          "data": "2126-05-01T02:58:19Z, RulesEngine"
        },
        "system": {
          "eventID": "16384",
          "eventSourceName": "Software Protection Platform Service",
          "keywords": "0x80000000000000",
          "providerGuid": "{E23B33B0-C8C9-472C-A5F9-F2BDFEA0F156}",
          "level": "4",
          "channel": "Application",
          "opcode": "0",
          "message": "\"Der Softwareschutzdienst wurde erfolgreich für den erneuten Start bei 2126-05-01T02:58:19Z geplant. Grund: RulesEngine.\"",
          "version": "0",
          "systemTime": "2026-05-25T02:58:19.5446242Z",
          "eventRecordID": "74764",
          "threadID": "0",
          "computer": "DEV-MINISFORUM.arzw.local",
          "task": "0",
          "processID": "22152",
          "severityValue": "INFORMATION",
          "providerName": "Microsoft-Windows-Security-SPP"
        }
      }
    },
    "rule": {
      "firedtimes": 22,
      "mail": false,
      "level": 3,
      "description": "Software protection service scheduled successfully.",
      "groups": [
        "windows",
        "windows_application"
      ],
      "id": "60642"
    },
    "location": "EventChannel",
    "decoder": {
      "name": "windows_eventchannel"
    },
    "id": "1779677899.1560706",
    "timestamp": "2026-05-25T02:58:19.273+0000"
  },
