  {
    "input": {
      "type": "log"
    },
    "agent": {
      "ip": "172.21.5.48",
      "name": "RZ-2025-001",
      "id": "005"
    },
    "manager": {
      "name": "wazuh.manager"
    },
    "data": {
      "win": {
        "eventdata": {
          "binary": "2D20436F64653A2020434F525356434330303030303737322D2043616C6C3A2020434F525356434330303030303735342D205049443A202030303030343634382D205449443A202030303030393634302D20434D443A2020433A5C57494E444F57535C73797374656D33325C76737376632E6578652020202D20557365723A204E616D653A204E542D4155544F524954C4545C53595354454D2C205349443A532D312D352D313820"
        },
        "system": {
          "eventID": "8224",
          "keywords": "0x80000000000000",
          "level": "4",
          "channel": "Application",
          "opcode": "0",
          "message": "\"Der VSS-Dienst wird aufgrund eines Leerlaufzeitlimits heruntergefahren. \"",
          "version": "0",
          "systemTime": "2026-05-26T04:15:44.5812337Z",
          "eventRecordID": "95382",
          "threadID": "0",
          "computer": "RZ-2025-001.arzw.local",
          "task": "0",
          "processID": "4648",
          "severityValue": "INFORMATION",
          "providerName": "VSS"
        }
      }
    },
    "rule": {
      "firedtimes": 4,
      "mail": false,
      "level": 5,
      "description": "The VSS service is shutting down due to idle timeout.",
      "groups": [
        "windows",
        "windows_application"
      ],
      "id": "60702"
    },
    "location": "EventChannel",
    "decoder": {
      "name": "windows_eventchannel"
    },
    "id": "1779768945.3589346",
    "timestamp": "2026-05-26T04:15:45.011+0000"
  },
  {
    "input": {
      "type": "log"
    },
    "agent": {
      "ip": "172.21.5.48",
      "name": "RZ-2025-001",
      "id": "005"
    },
    "manager": {
      "name": "wazuh.manager"
    },
    "data": {
      "win": {
        "eventdata": {
          "data": "2126-05-02T04:14:44Z, RulesEngine"
        },
        "system": {
          "eventID": "16384",
          "eventSourceName": "Software Protection Platform Service",
          "keywords": "0x80000000000000",
          "providerGuid": "{E23B33B0-C8C9-472C-A5F9-F2BDFEA0F156}",
          "level": "4",
          "channel": "Application",
          "opcode": "0",
          "message": "\"Der Softwareschutzdienst wurde erfolgreich für den erneuten Start bei 2126-05-02T04:14:44Z geplant. Grund: RulesEngine.\"",
          "version": "0",
          "systemTime": "2026-05-26T04:14:44.3591157Z",
          "eventRecordID": "95381",
          "threadID": "0",
          "computer": "RZ-2025-001.arzw.local",
          "task": "0",
          "processID": "6016",
          "severityValue": "INFORMATION",
          "providerName": "Microsoft-Windows-Security-SPP"
        }
      }
    },
    "rule": {
      "firedtimes": 30,
      "mail": false,
      "level": 3,
      "description": "Software protection service scheduled successfully.",
      "groups": [
        "windows",
        "windows_application"
      ],
      "id": "60642"
    },
    "location": "EventChannel",
    "decoder": {
      "name": "windows_eventchannel"
    },
    "id": "1779768884.3578516",
    "timestamp": "2026-05-26T04:14:44.432+0000"
  },
  {
    "input": {
      "type": "log"
    },
    "agent": {
      "ip": "172.21.5.48",
      "name": "RZ-2025-001",
      "id": "005"
    },
    "manager": {
      "name": "wazuh.manager"
    },
    "data": {
      "win": {
        "eventdata": {
          "param3": "Manuell starten",
          "param4": "BITS",
          "param1": "Background Intelligent Transfer Service",
          "param2": "Automatisch starten"
        },
        "system": {
          "eventID": "7040",
          "eventSourceName": "Service Control Manager",
          "keywords": "0x8080000000000000",
          "providerGuid": "{555908d1-a6d7-4695-8e1e-26931d2012f4}",
          "level": "4",
          "channel": "System",
          "opcode": "0",
          "message": "\"Der Starttyp des Diensts \"Background Intelligent Transfer Service\" wurde von Automatisch starten in Manuell starten geändert.\"",
          "version": "0",
          "systemTime": "2026-05-26T04:13:30.0882629Z",
          "eventRecordID": "83338",
          "threadID": "7692",
          "computer": "RZ-2025-001.arzw.local",
          "task": "0",
          "processID": "1136",
          "severityValue": "INFORMATION",
          "providerName": "Service Control Manager"
        }
      }
    },
    "rule": {
      "firedtimes": 27,
      "mail": false,
      "level": 3,
      "pci_dss": [
        "10.6"
      ],
      "hipaa": [
        "164.312.b"
      ],
      "tsc": [
        "CC6.1",
        "CC6.8",
        "CC7.2",
        "CC7.3"
      ],
      "description": "Service startup type was changed",
      "groups": [
        "windows",
        "windows_system",
        "policy_changed"
      ],
      "id": "61104",
      "nist_800_53": [
        "AU.6"
      ],
      "info": "This does not appear to be logged on Windows 2000",
      "gdpr": [
        "IV_35.7.d"
      ]
    },
    "location": "EventChannel",
    "decoder": {
      "name": "windows_eventchannel"
    },
    "id": "1779768811.3574639",
    "timestamp": "2026-05-26T04:13:31.166+0000"
  },
  {
    "input": {
      "type": "log"
    },
    "agent": {
      "ip": "172.21.5.48",
      "name": "RZ-2025-001",
      "id": "005"
    },
    "manager": {
      "name": "wazuh.manager"
    },
    "data": {
      "win": {
        "eventdata": {
          "data": "svchost, 3976,D,50,0, DS_Token_DB:, 1, C:\\\\WINDOWS\\\\system32\\\\config\\\\systemprofile\\\\AppData\\\\Local\\\\DataSharing\\\\Storage\\\\DSTokenDB2.dat, 0,  [1] 0.000004 +J(0) +M(C:0K, Fs:1, WS:4K # 0K, PF:0K # 0K, P:0K) [2] 0.001126 -0.000806 (1) WT +J(0) +M(C:0K, Fs:17, WS:4K # 12K, PF:4K # 8K, P:4K) [3] 0.042795 -0.002815 (8) WT +J(CM:0, PgRf:0, Rd:0/0, Dy:0/0, Lg:255/1) +M(C:0K, Fs:28, WS:96K # 36K, PF:20K # 0K, P:20K) [4] 0.118727 +J(0) [5] - [6] 0.000627 -0.000571 (2) CM -0.000525 (2) WT +J(CM:2, PgRf:2, Rd:0/2, Dy:0/0, Lg:0/0) +M(C:0K, Fs:2, WS:8K # 4K, PF:0K # 0K, P:0K) [7] 0.000001 +J(0) [8] 0.000614 -0.000492 (1) CM -0.000470 (1) WT +J(CM:1, PgRf:1, Rd:4/1, Dy:0/0, Lg:0/0) +M(C:16K, Fs:23, WS:92K # 92K, PF:208K # 168K, P:208K) [9] - [10] - [11] - [12] 0.000008 +J(CM:0, PgRf:0, Rd:0/0, Dy:0/0, Lg:54/1) +M(C:0K, Fs:1, WS:4K # 4K, PF:20K # 16K, P:20K) [13] 0.000845 -0.000745 (2) CM -0.000685 (2) WT +J(CM:2, PgRf:23, Rd:0/2, Dy:0/0, Lg:0/0) +M(C:-8K, Fs:20, WS:72K # 76K, PF:-4K # 4K, P:-4K) [14] 0.000822 -0.000740 (2) CM -0.000706 (2) WT +J(CM:2, PgRf:40, Rd:0/2, Dy:0/0, Lg:0/0) +M(C:0K, Fs:5, WS:20K # 16K, PF:68K # 60K, P:68K) [15] 0.000003 +J(CM:0, PgRf:1, Rd:0/0, Dy:0/0, Lg:0/0) [16] 0.000004 +J(CM:0, PgRf:1, Rd:0/0, Dy:0/0, Lg:0/0) +M(C:0K, Fs:1, WS:4K # 4K, PF:0K # 0K, P:0K) [17] 0.000025 +J(CM:0, PgRf:42, Rd:0/0, Dy:0/0, Lg:0/0) +M(C:0K, Fs:8, WS:32K # 32K, PF:0K # 0K, P:0K) [18] 0.0 +J(0) [19] 0.0 +J(0) [20] 0.000013 +J(CM:0, PgRf:3, Rd:0/0, Dy:0/0, Lg:0/0) +M(C:0K, Fs:3, WS:12K # 12K, PF:0K # 0K, P:0K)., 1 0, lgposAttach = 00000050:000E:0268, dbv = 1568.300.620 (9620)"
        },
        "system": {
          "eventID": "326",
          "keywords": "0x80000000000000",
          "level": "4",
          "channel": "Application",
          "opcode": "0",
          "message": "\"svchost (3976,D,50,0) DS_Token_DB: T, mit dem Daten Bank Modul eine Datenbank angefügt (1, C:\\WINDOWS\\system32\\config\\systemprofile\\AppData\\Local\\DataSharing\\Storage\\DSTokenDB2.dat). (Zeit =0 Sekunden)  \r\n \r\nCache gespeichert:  1 0 \r\nzusätzliche Daten:  lgposAttach = 00000050:000E:0268,\ndbv = 1568.300.620 (9620) \r\n \r\ninterne Zeit Steuerungs Sequenz:  \n[1] 0.000004 +J(0) +M(C:0K, Fs:1, WS:4K # 0K, PF:0K # 0K, P:0K)\n[2] 0.001126 -0.000806 (1) WT +J(0) +M(C:0K, Fs:17, WS:4K # 12K, PF:4K # 8K, P:4K)\n[3] 0.042795 -0.002815 (8) WT +J(CM:0, PgRf:0, Rd:0/0, Dy:0/0, Lg:255/1) +M(C:0K, Fs:28, WS:96K # 36K, PF:20K # 0K, P:20K)\n[4] 0.118727 +J(0)\n[5] -\n[6] 0.000627 -0.000571 (2) CM -0.000525 (2) WT +J(CM:2, PgRf:2, Rd:0/2, Dy:0/0, Lg:0/0) +M(C:0K, Fs:2, WS:8K # 4K, PF:0K # 0K, P:0K)\n[7] 0.000001 +J(0)\n[8] 0.000614 -0.000492 (1) CM -0.000470 (1) WT +J(CM:1, PgRf:1, Rd:4/1, Dy:0/0, Lg:0/0) +M(C:16K, Fs:23, WS:92K # 92K, PF:208K # 168K, P:208K)\n[9] -\n[10] -\n[11] -\n[12] 0.000008 +J(CM:0, PgRf:0, Rd:0/0, Dy:0/0, Lg:54/1) +M(C:0K, Fs:1, WS:4K # 4K, PF:20K # 16K, P:20K)\n[13] 0.000845 -0.000745 (2) CM -0.000685 (2) WT +J(CM:2, PgRf:23, Rd:0/2, Dy:0/0, Lg:0/0) +M(C:-8K, Fs:20, WS:72K # 76K, PF:-4K # 4K, P:-4K)\n[14] 0.000822 -0.000740 (2) CM -0.000706 (2) WT +J(CM:2, PgRf:40, Rd:0/2, Dy:0/0, Lg:0/0) +M(C:0K, Fs:5, WS:20K # 16K, PF:68K # 60K, P:68K)\n[15] 0.000003 +J(CM:0, PgRf:1, Rd:0/0, Dy:0/0, Lg:0/0)\n[16] 0.000004 +J(CM:0, PgRf:1, Rd:0/0, Dy:0/0, Lg:0/0) +M(C:0K, Fs:1, WS:4K # 4K, PF:0K # 0K, P:0K)\n[17] 0.000025 +J(CM:0, PgRf:42, Rd:0/0, Dy:0/0, Lg:0/0) +M(C:0K, Fs:8, WS:32K # 32K, PF:0K # 0K, P:0K)\n[18] 0.0 +J(0)\n[19] 0.0 +J(0)\n[20] 0.000013 +J(CM:0, PgRf:3, Rd:0/0, Dy:0/0, Lg:0/0) +M(C:0K, Fs:3, WS:12K # 12K, PF:0K # 0K, P:0K).\"",
          "version": "0",
          "systemTime": "2026-05-26T04:12:29.0964440Z",
          "eventRecordID": "95378",
          "threadID": "0",
          "computer": "RZ-2025-001.arzw.local",
          "task": "1",
          "processID": "3976",
          "severityValue": "INFORMATION",
          "providerName": "ESENT"
        }
      }
    },
    "rule": {
      "firedtimes": 3,
      "mail": false,
      "level": 3,
      "description": "The database engine attached a database.",
      "groups": [
        "windows",
        "windows_application"
      ],
      "id": "60798"
    },
    "location": "EventChannel",
    "decoder": {
      "name": "windows_eventchannel"
    },
    "id": "1779768749.3550693",
    "timestamp": "2026-05-26T04:12:29.173+0000"
  },
  {
    "input": {
      "type": "log"
    },
    "agent": {
      "ip": "172.21.5.48",
      "name": "RZ-2025-001",
      "id": "005"
    },
    "manager": {
      "name": "wazuh.manager"
    },
    "data": {
      "win": {
        "eventdata": {
          "data": "svchost, 3976,U,98,0, DS_Token_DB:"
        },
        "system": {
          "eventID": "302",
          "keywords": "0x80000000000000",
          "level": "4",
          "channel": "Application",
          "opcode": "0",
          "message": "\"svchost (3976,U,98,0) DS_Token_DB: Das Datenbankmodul hat erfolgreich die Schritte zur Wiederherstellung abgeschlossen.\"",
          "version": "0",
          "systemTime": "2026-05-26T04:12:28.7235383Z",
          "eventRecordID": "95376",
          "threadID": "0",
          "computer": "RZ-2025-001.arzw.local",
          "task": "3",
          "processID": "3976",
          "severityValue": "INFORMATION",
          "providerName": "ESENT"
        }
      }
    },
    "rule": {
      "firedtimes": 3,
      "mail": false,
      "level": 3,
      "description": "The database engine has completed recovery steps.",
      "groups": [
        "windows",
        "windows_application"
      ],
      "id": "60809"
    },
    "location": "EventChannel",
    "decoder": {
      "name": "windows_eventchannel"
    },
    "id": "1779768748.3549356",
    "timestamp": "2026-05-26T04:12:28.804+0000"
  },
  {
    "input": {
      "type": "log"
    },
    "agent": {
      "ip": "172.21.5.48",
      "name": "RZ-2025-001",
      "id": "005"
    },
    "manager": {
      "name": "wazuh.manager"
    },
    "data": {
      "win": {
        "eventdata": {
          "data": "svchost, 3976,R,98,0, DS_Token_DB:, C:\\\\WINDOWS\\\\system32\\\\config\\\\systemprofile\\\\AppData\\\\Local\\\\DataSharing\\\\Storage\\\\DSS.log,  [1] 2.964782 -0.209894 (8) WT +J(CM:0, PgRf:0, Rd:0/0, Dy:0/0, Lg:44616/30) +M(C:0K, Fs:107, WS:212K # 152K, PF:148K # 88K, P:148K)., AttachDB, 3"
        },
        "system": {
          "eventID": "301",
          "keywords": "0x80000000000000",
          "level": "4",
          "channel": "Application",
          "opcode": "0",
          "message": "\"svchost (3976,R,98,0) DS_Token_DB: Das Datenbankmodul hat die Wiedergabe von Protokoll C:\\WINDOWS\\system32\\config\\systemprofile\\AppData\\Local\\DataSharing\\Storage\\DSS.log beendet.  \r\n \r\nVerarbeitungsstatistiken: \n[1] 2.964782 -0.209894 (8) WT +J(CM:0, PgRf:0, Rd:0/0, Dy:0/0, Lg:44616/30) +M(C:0K, Fs:107, WS:212K # 152K, PF:148K # 88K, P:148K). \r\nProtokolldatensatz vom Typ „AttachDB “ wurde am häufigsten gesehen (3 Mal) \"",
          "version": "0",
          "systemTime": "2026-05-26T04:12:25.8681273Z",
          "eventRecordID": "95373",
          "threadID": "0",
          "computer": "RZ-2025-001.arzw.local",
          "task": "3",
          "processID": "3976",
          "severityValue": "INFORMATION",
          "providerName": "ESENT"
        }
      }
    },
    "rule": {
      "firedtimes": 3,
      "mail": false,
      "level": 3,
      "description": "The database engine is replaying log file C:\\Winnt\\system32\\wins\\j50.log.",
      "groups": [
        "windows",
        "windows_application"
      ],
      "id": "60808"
    },
    "location": "EventChannel",
    "decoder": {
      "name": "windows_eventchannel"
    },
    "id": "1779768745.3545234",
    "timestamp": "2026-05-26T04:12:25.946+0000"
  },
  {
    "input": {
      "type": "log"
    },
    "agent": {
      "ip": "172.21.5.48",
      "name": "RZ-2025-001",
      "id": "005"
    },
    "manager": {
      "name": "wazuh.manager"
    },
    "data": {
      "win": {
        "eventdata": {
          "data": "svchost, 3976,R,98,0, DS_Token_DB:"
        },
        "system": {
          "eventID": "300",
          "keywords": "0x80000000000000",
          "level": "4",
          "channel": "Application",
          "opcode": "0",
          "message": "\"svchost (3976,R,98,0) DS_Token_DB: Das Datenbankmodul initiiert Schritte zur Wiederherstellung.\"",
          "version": "0",
          "systemTime": "2026-05-26T04:12:22.8084221Z",
          "eventRecordID": "95372",
          "threadID": "0",
          "computer": "RZ-2025-001.arzw.local",
          "task": "3",
          "processID": "3976",
          "severityValue": "INFORMATION",
          "providerName": "ESENT"
        }
      }
    },
    "rule": {
      "firedtimes": 3,
      "mail": false,
      "level": 3,
      "description": "The database engine is initiating recovery steps.",
      "groups": [
        "windows",
        "windows_application"
      ],
      "id": "60807"
    },
    "location": "EventChannel",
    "decoder": {
      "name": "windows_eventchannel"
    },
    "id": "1779768742.3543945",
    "timestamp": "2026-05-26T04:12:22.884+0000"
  },
  {
    "input": {
      "type": "log"
    },
    "agent": {
      "ip": "172.21.5.48",
      "name": "RZ-2025-001",
      "id": "005"
    },
    "manager": {
      "name": "wazuh.manager"
    },
    "data": {
      "win": {
        "eventdata": {
          "data": "svchost, 3976,P,98,0, DS_Token_DB:, 0, 10, 00, 26100, 0000"
        },
        "system": {
          "eventID": "102",
          "keywords": "0x80000000000000",
          "level": "4",
          "channel": "Application",
          "opcode": "0",
          "message": "\"svchost (3976,P,98,0) DS_Token_DB: Das Datenbankmodul (10.00.26100.0000) startet eine neue Instanz (0).\"",
          "version": "0",
          "systemTime": "2026-05-26T04:12:22.5628394Z",
          "eventRecordID": "95371",
          "threadID": "0",
          "computer": "RZ-2025-001.arzw.local",
          "task": "1",
          "processID": "3976",
          "severityValue": "INFORMATION",
          "providerName": "ESENT"
        }
      }
    },
    "rule": {
      "firedtimes": 3,
      "mail": false,
      "level": 3,
      "description": "The database engine is starting a new instance.",
      "groups": [
        "windows",
        "windows_application"
      ],
      "id": "60805"
    },
    "location": "EventChannel",
    "decoder": {
      "name": "windows_eventchannel"
    },
    "id": "1779768742.3542594",
    "timestamp": "2026-05-26T04:12:22.643+0000"
  },
  {
    "input": {
      "type": "log"
    },
    "agent": {
      "ip": "172.21.5.48",
      "name": "RZ-2025-001",
      "id": "005"
    },
    "manager": {
      "name": "wazuh.manager"
    },
    "data": {
      "win": {
        "eventdata": {
          "param3": "Automatisch starten",
          "param4": "BITS",
          "param1": "Background Intelligent Transfer Service",
          "param2": "Manuell starten"
        },
        "system": {
          "eventID": "7040",
          "eventSourceName": "Service Control Manager",
          "keywords": "0x8080000000000000",
          "providerGuid": "{555908d1-a6d7-4695-8e1e-26931d2012f4}",
          "level": "4",
          "channel": "System",
          "opcode": "0",
          "message": "\"Der Starttyp des Diensts \"Background Intelligent Transfer Service\" wurde von Manuell starten in Automatisch starten geändert.\"",
          "version": "0",
          "systemTime": "2026-05-26T04:11:14.5348616Z",
          "eventRecordID": "83337",
          "threadID": "6056",
          "computer": "RZ-2025-001.arzw.local",
          "task": "0",
          "processID": "1136",
          "severityValue": "INFORMATION",
          "providerName": "Service Control Manager"
        }
      }
    },
    "rule": {
      "firedtimes": 24,
      "mail": false,
      "level": 3,
      "pci_dss": [
        "10.6"
      ],
      "hipaa": [
        "164.312.b"
      ],
      "tsc": [
        "CC6.1",
        "CC6.8",
        "CC7.2",
        "CC7.3"
      ],
      "description": "Service startup type was changed",
      "groups": [
        "windows",
        "windows_system",
        "policy_changed"
      ],
      "id": "61104",
      "nist_800_53": [
        "AU.6"
      ],
      "info": "This does not appear to be logged on Windows 2000",
      "gdpr": [
        "IV_35.7.d"
      ]
    },
    "location": "EventChannel",
    "decoder": {
      "name": "windows_eventchannel"
    },
    "id": "1779768675.3532135",
    "timestamp": "2026-05-26T04:11:15.477+0000"
  },
  {
    "input": {
      "type": "log"
    },
    "agent": {
      "ip": "172.21.5.48",
      "name": "RZ-2025-001",
      "id": "005"
    },
    "manager": {
      "name": "wazuh.manager"
    },
    "data": {
      "win": {
        "eventdata": {
          "data": "2126-05-02T04:10:29Z, RulesEngine"
        },
        "system": {
          "eventID": "16384",
          "eventSourceName": "Software Protection Platform Service",
          "keywords": "0x80000000000000",
          "providerGuid": "{E23B33B0-C8C9-472C-A5F9-F2BDFEA0F156}",
          "level": "4",
          "channel": "Application",
          "opcode": "0",
          "message": "\"Der Softwareschutzdienst wurde erfolgreich für den erneuten Start bei 2126-05-02T04:10:29Z geplant. Grund: RulesEngine.\"",
          "version": "0",
          "systemTime": "2026-05-26T04:10:29.0491736Z",
          "eventRecordID": "95369",
          "threadID": "0",
          "computer": "RZ-2025-001.arzw.local",
          "task": "0",
          "processID": "11936",
          "severityValue": "INFORMATION",
          "providerName": "Microsoft-Windows-Security-SPP"
        }
      }
    },
    "rule": {
      "firedtimes": 24,
      "mail": false,
      "level": 3,
      "description": "Software protection service scheduled successfully.",
      "groups": [
        "windows",
        "windows_application"
      ],
      "id": "60642"
    },
    "location": "EventChannel",
    "decoder": {
      "name": "windows_eventchannel"
    },
    "id": "1779768629.3504146",
    "timestamp": "2026-05-26T04:10:29.110+0000"
  },
  {
    "input": {
      "type": "log"
    },
    "agent": {
      "ip": "172.21.5.48",
      "name": "RZ-2025-001",
      "id": "005"
    },
    "manager": {
      "name": "wazuh.manager"
    },
    "data": {
      "win": {
        "eventdata": {
          "param3": "Manuell starten",
          "param4": "BITS",
          "param1": "Background Intelligent Transfer Service",
          "param2": "Automatisch starten"
        },
        "system": {
          "eventID": "7040",
          "eventSourceName": "Service Control Manager",
          "keywords": "0x8080000000000000",
          "providerGuid": "{555908d1-a6d7-4695-8e1e-26931d2012f4}",
          "level": "4",
          "channel": "System",
          "opcode": "0",
          "message": "\"Der Starttyp des Diensts \"Background Intelligent Transfer Service\" wurde von Automatisch starten in Manuell starten geändert.\"",
          "version": "0",
          "systemTime": "2026-05-26T04:10:17.9345915Z",
          "eventRecordID": "83335",
          "threadID": "7692",
          "computer": "RZ-2025-001.arzw.local",
          "task": "0",
          "processID": "1136",
          "severityValue": "INFORMATION",
          "providerName": "Service Control Manager"
        }
      }
    },
    "rule": {
      "firedtimes": 21,
      "mail": false,
      "level": 3,
      "pci_dss": [
        "10.6"
      ],
      "hipaa": [
        "164.312.b"
      ],
      "tsc": [
        "CC6.1",
        "CC6.8",
        "CC7.2",
        "CC7.3"
      ],
      "description": "Service startup type was changed",
      "groups": [
        "windows",
        "windows_system",
        "policy_changed"
      ],
      "id": "61104",
      "nist_800_53": [
        "AU.6"
      ],
      "info": "This does not appear to be logged on Windows 2000",
      "gdpr": [
        "IV_35.7.d"
      ]
    },
    "location": "EventChannel",
    "decoder": {
      "name": "windows_eventchannel"
    },
    "id": "1779768618.3500362",
    "timestamp": "2026-05-26T04:10:18.058+0000"
  },
  {
    "input": {
      "type": "log"
    },
    "agent": {
      "ip": "172.21.5.48",
      "name": "RZ-2025-001",
      "id": "005"
    },
    "manager": {
      "name": "wazuh.manager"
    },
    "data": {
      "win": {
        "eventdata": {
          "data": "2126-05-02T04:08:26Z, RulesEngine"
        },
        "system": {
          "eventID": "16384",
          "eventSourceName": "Software Protection Platform Service",
          "keywords": "0x80000000000000",
          "providerGuid": "{E23B33B0-C8C9-472C-A5F9-F2BDFEA0F156}",
          "level": "4",
          "channel": "Application",
          "opcode": "0",
          "message": "\"Der Softwareschutzdienst wurde erfolgreich für den erneuten Start bei 2126-05-02T04:08:26Z geplant. Grund: RulesEngine.\"",
          "version": "0",
          "systemTime": "2026-05-26T04:08:26.2008691Z",
          "eventRecordID": "95367",
          "threadID": "0",
          "computer": "RZ-2025-001.arzw.local",
          "task": "0",
          "processID": "3136",
          "severityValue": "INFORMATION",
          "providerName": "Microsoft-Windows-Security-SPP"
        }
      }
    },
    "rule": {
      "firedtimes": 19,
      "mail": false,
      "level": 3,
      "description": "Software protection service scheduled successfully.",
      "groups": [
        "windows",
        "windows_application"
      ],
      "id": "60642"
    },
    "location": "EventChannel",
    "decoder": {
      "name": "windows_eventchannel"
    },
    "id": "1779768506.3410627",
    "timestamp": "2026-05-26T04:08:26.333+0000"
  },
  {
    "input": {
      "type": "log"
    },
    "agent": {
      "ip": "172.21.5.48",
      "name": "RZ-2025-001",
      "id": "005"
    },
    "manager": {
      "name": "wazuh.manager"
    },
    "data": {
      "win": {
        "eventdata": {
          "data": "2126-05-02T04:07:37Z, RulesEngine"
        },
        "system": {
          "eventID": "16384",
          "eventSourceName": "Software Protection Platform Service",
          "keywords": "0x80000000000000",
          "providerGuid": "{E23B33B0-C8C9-472C-A5F9-F2BDFEA0F156}",
          "level": "4",
          "channel": "Application",
          "opcode": "0",
          "message": "\"Der Softwareschutzdienst wurde erfolgreich für den erneuten Start bei 2126-05-02T04:07:37Z geplant. Grund: RulesEngine.\"",
          "version": "0",
          "systemTime": "2026-05-26T04:07:40.8304544Z",
          "eventRecordID": "95365",
          "threadID": "0",
          "computer": "RZ-2025-001.arzw.local",
          "task": "0",
          "processID": "2868",
          "severityValue": "INFORMATION",
          "providerName": "Microsoft-Windows-Security-SPP"
        }
      }
    },
    "rule": {
      "firedtimes": 17,
      "mail": false,
      "level": 3,
      "description": "Software protection service scheduled successfully.",
      "groups": [
        "windows",
        "windows_application"
      ],
      "id": "60642"
    },
    "location": "EventChannel",
    "decoder": {
      "name": "windows_eventchannel"
    },
    "id": "1779768461.3366265",
    "timestamp": "2026-05-26T04:07:41.122+0000"
  },
  {
    "input": {
      "type": "log"
    },
    "agent": {
      "ip": "172.21.5.48",
      "name": "RZ-2025-001",
      "id": "005"
    },
    "manager": {
      "name": "wazuh.manager"
    },
    "data": {
      "win": {
        "eventdata": {
          "param3": "Automatisch starten",
          "param4": "BITS",
          "param1": "Background Intelligent Transfer Service",
          "param2": "Manuell starten"
        },
        "system": {
          "eventID": "7040",
          "eventSourceName": "Service Control Manager",
          "keywords": "0x8080000000000000",
          "providerGuid": "{555908d1-a6d7-4695-8e1e-26931d2012f4}",
          "level": "4",
          "channel": "System",
          "opcode": "0",
          "message": "\"Der Starttyp des Diensts \"Background Intelligent Transfer Service\" wurde von Manuell starten in Automatisch starten geändert.\"",
          "version": "0",
          "systemTime": "2026-05-26T04:06:49.5212934Z",
          "eventRecordID": "83331",
          "threadID": "8320",
          "computer": "RZ-2025-001.arzw.local",
          "task": "0",
          "processID": "1136",
          "severityValue": "INFORMATION",
          "providerName": "Service Control Manager"
        }
      }
    },
    "rule": {
      "firedtimes": 9,
      "mail": false,
      "level": 3,
      "pci_dss": [
        "10.6"
      ],
      "hipaa": [
        "164.312.b"
      ],
      "tsc": [
        "CC6.1",
        "CC6.8",
        "CC7.2",
        "CC7.3"
      ],
      "description": "Service startup type was changed",
      "groups": [
        "windows",
        "windows_system",
        "policy_changed"
      ],
      "id": "61104",
      "nist_800_53": [
        "AU.6"
      ],
      "info": "This does not appear to be logged on Windows 2000",
      "gdpr": [
        "IV_35.7.d"
      ]
    },
    "location": "EventChannel",
    "decoder": {
      "name": "windows_eventchannel"
    },
    "id": "1779768411.3333579",
    "timestamp": "2026-05-26T04:06:51.000+0000"
  },
  {
    "input": {
      "type": "log"
    },
    "agent": {
      "ip": "172.21.5.48",
      "name": "RZ-2025-001",
      "id": "005"
    },
    "manager": {
      "name": "wazuh.manager"
    },
    "data": {
      "sca": {
        "scan_id": "1369503830",
        "check": {
          "result": "not applicable",
          "remediation": "To establish the recommended configuration via GP, set the following UI path to 24 or more password(s): Computer Configuration\\Policies\\Windows Settings\\Security Settings\\Account Policies\\Password Policy\\Enforce password history.",
          "reason": "Timeout overtaken running command 'powershell secedit /export /cfg $env:TEMP\\secpol.cfg; Get-Content $env:TEMP\\secpol.cfg | Select-String \"PasswordHistorySize\"; Remove-Item $env:TEMP\\secpol.cfg'",
          "references": "https://www.cisecurity.org/white-papers/cis-password-policy-guide/,https://learn.microsoft.com/en-us/windows/security/threat-protection/security-policy-settings/password-policy",
          "compliance": {
            "pci_dss_v4": {
              "0": "2.2.2,8.3.5,8.3.6,8.6.3"
            },
            "cis_csc_v8": "5.2",
            "soc_2": "CC6.1",
            "cis": "1.1.1",
            "cmmc_v2": {
              "0": "IA.L2-3.5.7"
            },
            "cis_csc_v7": "16.2"
          },
          "description": "This policy setting determines the number of renewed, unique passwords that have to be associated with a user account before you can reuse an old password. The value for this policy setting must be between 0 and 24 passwords. The default value for stand-alone systems is 0 passwords, but the default setting when joined to a domain is 24 passwords. To maintain the effectiveness of this policy setting, use the Minimum password age setting to prevent users from repeatedly changing their password. The recommended state for this setting is: 24 or more password(s). Note: Password Policy settings (section 1.1) and Account Lockout Policy settings (section 1.2) must be applied via the Default Domain Policy GPO in order to be globally in effect on domain user accounts as their default behavior. If these settings are configured in another GPO, they will only affect local user accounts on the computers that receive the GPO. However, custom exceptions to the default password policy and account lockout policy rules for specific domain users and/or groups can be defined using Password Settings Objects (PSOs), which are completely separate from Group Policy and most easily configured using Active Directory Administrative Center. Note #2: As of the publication of this benchmark, Microsoft currently has a maximum limit of 24 saved passwords. For more information, please visit Enforce password history (Windows 10) - Windows security | Microsoft Docs.",
          "id": "26000",
          "title": "Ensure 'Enforce password history' is set to '24 or more password(s)'.",
          "rationale": "The longer a user uses the same password, the greater the chance that an attacker can determine the password through brute force attacks. Also, any accounts that may have been compromised will remain exploitable for as long as the password is left unchanged. If password changes are required but password reuse is not prevented, or if users continually reuse a small number of passwords, the effectiveness of a good password policy is greatly reduced. If you specify a low number for this policy setting, users will be able to use the same small number of passwords repeatedly. If you do not also configure the Minimum password age setting, users might repeatedly change their passwords until they can reuse their original password.",
          "command": [
            "powershell secedit /export /cfg $env:TEMP\\secpol.cfg; Get-Content $env:TEMP\\secpol.cfg | Select-String \"PasswordHistorySize\"; Remove-Item $env:TEMP\\secpol.cfg"
          ]
        },
        "type": "check",
        "policy": "CIS Microsoft Windows 11 Enterprise Benchmark v3.0.0"
      }
    },
    "rule": {
      "cis_csc_v8": [
        "5.2"
      ],
      "mail": false,
      "level": 3,
      "pci_dss": [
        "2.2"
      ],
      "tsc": [
        "CC7.1",
        "CC7.2"
      ],
      "description": "CIS Microsoft Windows 11 Enterprise Benchmark v3.0.0: Ensure 'Enforce password history' is set to '24 or more password(s)'.",
      "groups": [
        "sca"
      ],
      "cis": [
        "1.1.1"
      ],
      "nist_800_53": [
        "CM.1"
      ],
      "gdpr": [
        "IV_35.7.d"
      ],
      "firedtimes": 2,
      "soc_2": [
        "CC6.1"
      ],
      "id": "19009",
      "cis_csc_v7": [
        "16.2"
      ]
    },
    "location": "sca",
    "decoder": {
      "name": "sca"
    },
    "id": "1779768350.3286496",
    "timestamp": "2026-05-26T04:05:50.762+0000"
  },
  {
    "input": {
      "type": "log"
    },
    "agent": {
      "ip": "172.21.5.48",
      "name": "RZ-2025-001",
      "id": "005"
    },
    "manager": {
      "name": "wazuh.manager"
    },
    "data": {
      "sca": {
        "scan_id": "1369503830",
        "check": {
          "result": "not applicable",
          "remediation": "To establish the recommended configuration via GP, set the following UI path to 24 or more password(s): Computer Configuration\\Policies\\Windows Settings\\Security Settings\\Account Policies\\Password Policy\\Enforce password history.",
          "reason": "Timeout overtaken running command 'powershell secedit /export /cfg $env:TEMP\\secpol.cfg; Get-Content $env:TEMP\\secpol.cfg | Select-String \"PasswordHistorySize\"; Remove-Item $env:TEMP\\secpol.cfg'",
          "references": "https://www.cisecurity.org/white-papers/cis-password-policy-guide/,https://learn.microsoft.com/en-us/windows/security/threat-protection/security-policy-settings/password-policy",
          "compliance": {
            "pci_dss_v4": {
              "0": "2.2.2,8.3.5,8.3.6,8.6.3"
            },
            "cis_csc_v8": "5.2",
            "soc_2": "CC6.1",
            "cis": "1.1.1",
            "cmmc_v2": {
              "0": "IA.L2-3.5.7"
            },
            "cis_csc_v7": "16.2"
          },
          "description": "This policy setting determines the number of renewed, unique passwords that have to be associated with a user account before you can reuse an old password. The value for this policy setting must be between 0 and 24 passwords. The default value for stand-alone systems is 0 passwords, but the default setting when joined to a domain is 24 passwords. To maintain the effectiveness of this policy setting, use the Minimum password age setting to prevent users from repeatedly changing their password. The recommended state for this setting is: 24 or more password(s). Note: Password Policy settings (section 1.1) and Account Lockout Policy settings (section 1.2) must be applied via the Default Domain Policy GPO in order to be globally in effect on domain user accounts as their default behavior. If these settings are configured in another GPO, they will only affect local user accounts on the computers that receive the GPO. However, custom exceptions to the default password policy and account lockout policy rules for specific domain users and/or groups can be defined using Password Settings Objects (PSOs), which are completely separate from Group Policy and most easily configured using Active Directory Administrative Center. Note #2: As of the publication of this benchmark, Microsoft currently has a maximum limit of 24 saved passwords. For more information, please visit Enforce password history (Windows 10) - Windows security | Microsoft Docs.",
          "id": "26000",
          "title": "Ensure 'Enforce password history' is set to '24 or more password(s)'.",
          "rationale": "The longer a user uses the same password, the greater the chance that an attacker can determine the password through brute force attacks. Also, any accounts that may have been compromised will remain exploitable for as long as the password is left unchanged. If password changes are required but password reuse is not prevented, or if users continually reuse a small number of passwords, the effectiveness of a good password policy is greatly reduced. If you specify a low number for this policy setting, users will be able to use the same small number of passwords repeatedly. If you do not also configure the Minimum password age setting, users might repeatedly change their passwords until they can reuse their original password.",
          "command": [
            "powershell secedit /export /cfg $env:TEMP\\secpol.cfg; Get-Content $env:TEMP\\secpol.cfg | Select-String \"PasswordHistorySize\"; Remove-Item $env:TEMP\\secpol.cfg"
          ]
        },
        "type": "check",
        "policy": "CIS Microsoft Windows 11 Enterprise Benchmark v3.0.0"
      }
    },
    "rule": {
      "cis_csc_v8": [
        "5.2"
      ],
      "mail": false,
      "level": 3,
      "pci_dss": [
        "2.2"
      ],
      "tsc": [
        "CC7.1",
        "CC7.2"
      ],
      "description": "CIS Microsoft Windows 11 Enterprise Benchmark v3.0.0: Ensure 'Enforce password history' is set to '24 or more password(s)'.",
      "groups": [
        "sca"
      ],
      "cis": [
        "1.1.1"
      ],
      "nist_800_53": [
        "CM.1"
      ],
      "gdpr": [
        "IV_35.7.d"
      ],
      "firedtimes": 1,
      "soc_2": [
        "CC6.1"
      ],
      "id": "19009",
      "cis_csc_v7": [
        "16.2"
      ]
    },
    "location": "sca",
    "decoder": {
      "name": "sca"
    },
    "id": "1779768228.3266681",
    "timestamp": "2026-05-26T04:03:48.281+0000"
  },
  {
    "input": {
      "type": "log"
    },
    "agent": {
      "ip": "172.21.5.48",
      "name": "RZ-2025-001",
      "id": "005"
    },
    "manager": {
      "name": "wazuh.manager"
    },
    "data": {
      "win": {
        "eventdata": {
          "hResult": "-2147020471"
        },
        "system": {
          "eventID": "1796",
          "keywords": "0x8000000000000000",
          "providerGuid": "{7d5387b0-cbe0-11da-a94d-0800200c9a66}",
          "level": "2",
          "channel": "System",
          "opcode": "0",
          "message": "\"Beim Update für den sicheren Start konnte eine Variable für den sicheren Start nicht aktualisiert werden. Fehler: Sicheres Starten ist auf diesem Computer nicht aktiviert.. Weitere Informationen finden Sie unter https://go.microsoft.com/fwlink/?linkid=2169931\"",
          "version": "0",
          "systemTime": "2026-05-26T04:03:18.8873258Z",
          "eventRecordID": "83329",
          "threadID": "8208",
          "computer": "RZ-2025-001.arzw.local",
          "task": "0",
          "processID": "10820",
          "severityValue": "ERROR",
          "providerName": "Microsoft-Windows-TPM-WMI"
        }
      }
    },
    "rule": {
      "firedtimes": 16,
      "mail": false,
      "level": 5,
      "description": "Windows System error event",
      "groups": [
        "windows",
        "windows_system",
        "system_error"
      ],
      "id": "61102",
      "gpg13": [
        "4.3"
      ],
      "gdpr": [
        "IV_35.7.d"
      ]
    },
    "location": "EventChannel",
    "decoder": {
      "name": "windows_eventchannel"
    },
    "id": "1779768201.3255644",
    "timestamp": "2026-05-26T04:03:21.040+0000"
  },
  {
    "input": {
      "type": "log"
    },
    "agent": {
      "ip": "172.21.5.48",
      "name": "RZ-2025-001",
      "id": "005"
    },
    "manager": {
      "name": "wazuh.manager"
    },
    "data": {
      "win": {
        "eventdata": {
          "hResult": "-2147020471"
        },
        "system": {
          "eventID": "1796",
          "keywords": "0x8000000000000000",
          "providerGuid": "{7d5387b0-cbe0-11da-a94d-0800200c9a66}",
          "level": "2",
          "channel": "System",
          "opcode": "0",
          "message": "\"Beim Update für den sicheren Start konnte eine Variable für den sicheren Start nicht aktualisiert werden. Fehler: Sicheres Starten ist auf diesem Computer nicht aktiviert.. Weitere Informationen finden Sie unter https://go.microsoft.com/fwlink/?linkid=2169931\"",
          "version": "0",
          "systemTime": "2026-05-26T04:03:18.8873151Z",
          "eventRecordID": "83328",
          "threadID": "8208",
          "computer": "RZ-2025-001.arzw.local",
          "task": "0",
          "processID": "10820",
          "severityValue": "ERROR",
          "providerName": "Microsoft-Windows-TPM-WMI"
        }
      }
    },
    "rule": {
      "firedtimes": 15,
      "mail": false,
      "level": 5,
      "description": "Windows System error event",
      "groups": [
        "windows",
        "windows_system",
        "system_error"
      ],
      "id": "61102",
      "gpg13": [
        "4.3"
      ],
      "gdpr": [
        "IV_35.7.d"
      ]
    },
    "location": "EventChannel",
    "decoder": {
      "name": "windows_eventchannel"
    },
    "id": "1779768201.3253901",
    "timestamp": "2026-05-26T04:03:21.000+0000"
  },
  {
    "input": {
      "type": "log"
    },
    "agent": {
      "ip": "172.21.5.48",
      "name": "RZ-2025-001",
      "id": "005"
    },
    "manager": {
      "name": "wazuh.manager"
    },
    "data": {
      "win": {
        "eventdata": {
          "param3": "Manuell starten",
          "param4": "BITS",
          "param1": "Background Intelligent Transfer Service",
          "param2": "Automatisch starten"
        },
        "system": {
          "eventID": "7040",
          "eventSourceName": "Service Control Manager",
          "keywords": "0x8080000000000000",
          "providerGuid": "{555908d1-a6d7-4695-8e1e-26931d2012f4}",
          "level": "4",
          "channel": "System",
          "opcode": "0",
          "message": "\"Der Starttyp des Diensts \"Background Intelligent Transfer Service\" wurde von Automatisch starten in Manuell starten geändert.\"",
          "version": "0",
          "systemTime": "2026-05-26T04:02:16.6178575Z",
          "eventRecordID": "83327",
          "threadID": "8320",
          "computer": "RZ-2025-001.arzw.local",
          "task": "0",
          "processID": "1136",
          "severityValue": "INFORMATION",
          "providerName": "Service Control Manager"
        }
      }
    },
    "rule": {
      "firedtimes": 4,
      "mail": false,
      "level": 3,
      "pci_dss": [
        "10.6"
      ],
      "hipaa": [
        "164.312.b"
      ],
      "tsc": [
        "CC6.1",
        "CC6.8",
        "CC7.2",
        "CC7.3"
      ],
      "description": "Service startup type was changed",
      "groups": [
        "windows",
        "windows_system",
        "policy_changed"
      ],
      "id": "61104",
      "nist_800_53": [
        "AU.6"
      ],
      "info": "This does not appear to be logged on Windows 2000",
      "gdpr": [
        "IV_35.7.d"
      ]
    },
    "location": "EventChannel",
    "decoder": {
      "name": "windows_eventchannel"
    },
    "id": "1779768138.3232746",
    "timestamp": "2026-05-26T04:02:18.728+0000"
  },
  {
    "input": {
      "type": "log"
    },
    "agent": {
      "ip": "172.21.5.48",
      "name": "RZ-2025-001",
      "id": "005"
    },
    "manager": {
      "name": "wazuh.manager"
    },
    "data": {
      "win": {
        "eventdata": {
          "data": "2126-05-02T04:01:31Z, RulesEngine"
        },
        "system": {
          "eventID": "16384",
          "eventSourceName": "Software Protection Platform Service",
          "keywords": "0x80000000000000",
          "providerGuid": "{E23B33B0-C8C9-472C-A5F9-F2BDFEA0F156}",
          "level": "4",
          "channel": "Application",
          "opcode": "0",
          "message": "\"Der Softwareschutzdienst wurde erfolgreich für den erneuten Start bei 2126-05-02T04:01:31Z geplant. Grund: RulesEngine.\"",
          "version": "0",
          "systemTime": "2026-05-26T04:01:31.4992428Z",
          "eventRecordID": "95360",
          "threadID": "0",
          "computer": "RZ-2025-001.arzw.local",
          "task": "0",
          "processID": "8560",
          "severityValue": "INFORMATION",
          "providerName": "Microsoft-Windows-Security-SPP"
        }
      }
    },
    "rule": {
      "firedtimes": 5,
      "mail": false,
      "level": 3,
      "description": "Software protection service scheduled successfully.",
      "groups": [
        "windows",
        "windows_application"
      ],
      "id": "60642"
    },
    "location": "EventChannel",
    "decoder": {
      "name": "windows_eventchannel"
    },
    "id": "1779768092.3202657",
    "timestamp": "2026-05-26T04:01:32.598+0000"
  },
  {
    "input": {
      "type": "log"
    },
    "agent": {
      "ip": "172.21.5.48",
      "name": "RZ-2025-001",
      "id": "005"
    },
    "manager": {
      "name": "wazuh.manager"
    },
    "data": {
      "win": {
        "eventdata": {
          "subjectLogonId": "0x2ce44b",
          "subjectUserSid": "S-1-5-21-228770904-35461013-1130905197-2128",
          "subjectDomainName": "ARZW",
          "privilegeList": "SeImpersonatePrivilege",
          "subjectUserName": "RZAdmin"
        },
        "system": {
          "eventID": "4672",
          "keywords": "0x8020000000000000",
          "providerGuid": "{54849625-5478-4994-a5ba-3e3b0328c30d}",
          "level": "0",
          "channel": "Security",
          "opcode": "0",
          "message": "\"Einer neuen Anmeldung wurden besondere Rechte zugewiesen.\r\n\r\nAntragsteller:\r\n\tSicherheits-ID:\t\tS-1-5-21-228770904-35461013-1130905197-2128\r\n\tKontoname:\t\tRZAdmin\r\n\tKontodomäne:\t\tARZW\r\n\tAnmelde-ID:\t\t0x2CE44B\r\n\r\nBerechtigungen:\t\tSeImpersonatePrivilege\"",
          "version": "0",
          "systemTime": "2026-05-26T04:01:00.7912107Z",
          "eventRecordID": "1032179",
          "threadID": "9864",
          "computer": "RZ-2025-001.arzw.local",
          "task": "12548",
          "processID": "1184",
          "severityValue": "AUDIT_SUCCESS",
          "providerName": "Microsoft-Windows-Security-Auditing"
        }
      }
    },
    "rule": {
      "firedtimes": 1,
      "mail": false,
      "level": 3,
      "description": "Special privileges assigned to new logon.",
      "groups": [
        "windows",
        " WEF"
      ],
      "mitre": {
        "technique": [
          "Domain Policy Modification"
        ],
        "id": [
          "T1484"
        ],
        "tactic": [
          "Defense Evasion",
          "Privilege Escalation"
        ]
      },
      "id": "67028"
    },
    "location": "EventChannel",
    "decoder": {
      "name": "windows_eventchannel"
    },
    "id": "1779768062.3195300",
    "timestamp": "2026-05-26T04:01:02.924+0000"
  },
