  {
    "input": {
      "type": "log"
    },
    "agent": {
      "ip": "172.21.5.77",
      "name": "rz-katja-falk-t",
      "id": "062"
    },
    "manager": {
      "name": "wazuh.manager"
    },
    "data": {
      "win": {
        "eventdata": {
          "messageText": "SubmitDone Submit(Request): Bad Request {\\\"Message\\\":\\\"No valid TPM EK/Platform certificate provided in the TPM identity request message.\\\"} HTTP/1.1 400 Bad Request Date: Tue, 26 May 2026 06:40:32 GMT Content-Length: 96 Content-Type: application/json; charset=utf-8 X-Content-Type-Options: nosniff Strict-Transport-Security: max-age=31536000;includeSubDomains x-ms-request-id: 9480e1eb-e770-4fb9-beeb-621089aae36e",
          "method": "POST(1672ms)",
          "stage": "SubmitDone",
          "context": "ARZW\\\\rz-katja-falk-t$",
          "errorCode": "Ungültige Anforderung (400). 0x80190190 (-2145844848 HTTP_E_STATUS_BAD_REQUEST)",
          "url": "https://INTC-KeyId-134d03d6581dabea3bf82eb2e34bf98192826962.microsoftaik.azure.net/templates/Aik/scep"
        },
        "system": {
          "eventID": "87",
          "eventSourceName": "CertEnroll",
          "keywords": "0x80000000000000",
          "providerGuid": "{54164045-7C50-4905-963F-E5BC1EEF0CCA}",
          "level": "2",
          "channel": "Application",
          "opcode": "0",
          "message": "\"Fehler bei der SCEP-Zertifikatregistrierung für ARZW\\rz-katja-falk-t$ über https://INTC-KeyId-134d03d6581dabea3bf82eb2e34bf98192826962.microsoftaik.azure.net/templates/Aik/scep:\r\n\r\nSubmitDone\nSubmit(Request): Bad Request\n{\"Message\":\"No valid TPM EK/Platform certificate provided in the TPM identity request message.\"}\nHTTP/1.1 400 Bad Request\nDate: Tue, 26 May 2026 06:40:32 GMT\nContent-Length: 96\nContent-Type: application/json; charset=utf-8\nX-Content-Type-Options: nosniff\nStrict-Transport-Security: max-age=31536000;includeSubDomains\nx-ms-request-id: 9480e1eb-e770-4fb9-beeb-621089aae36e\n\r\nMethode: POST(1672ms)\r\nPhase: SubmitDone\r\nUngültige Anforderung (400). 0x80190190 (-2145844848 HTTP_E_STATUS_BAD_REQUEST)\"",
          "version": "0",
          "systemTime": "2026-05-26T06:40:33.7551312Z",
          "eventRecordID": "12643",
          "threadID": "0",
          "computer": "rz-katja-falk-t.arzw.local",
          "task": "0",
          "processID": "1636",
          "severityValue": "ERROR",
          "providerName": "Microsoft-Windows-CertificateServicesClient-CertEnroll"
        }
      }
    },
    "rule": {
      "firedtimes": 8,
      "mail": false,
      "level": 9,
      "description": "Windows application error event.",
      "groups": [
        "windows",
        "windows_application",
        "system_error"
      ],
      "id": "60602",
      "gdpr": [
        "IV_35.7.d"
      ],
      "gpg13": [
        "4.3"
      ]
    },
    "location": "EventChannel",
    "decoder": {
      "name": "windows_eventchannel"
    },
    "id": "1779777633.12890921",
    "timestamp": "2026-05-26T06:40:33.867+0000"
  },
  {
    "input": {
      "type": "log"
    },
    "agent": {
      "ip": "172.21.5.77",
      "name": "rz-katja-falk-t",
      "id": "062"
    },
    "manager": {
      "name": "wazuh.manager"
    },
    "data": {
      "win": {
        "eventdata": {
          "messageText": "SubmitDone Submit(Request): Bad Request {\\\"Message\\\":\\\"No valid TPM EK/Platform certificate provided in the TPM identity request message.\\\"} HTTP/1.1 400 Bad Request Date: Tue, 26 May 2026 06:40:31 GMT Content-Length: 96 Content-Type: application/json; charset=utf-8 X-Content-Type-Options: nosniff Strict-Transport-Security: max-age=31536000;includeSubDomains x-ms-request-id: cf74e980-338d-4ba2-8ed0-b4dae2d612c3",
          "method": "POST(1344ms)",
          "stage": "SubmitDone",
          "context": "Lokales System",
          "errorCode": "Ungültige Anforderung (400). 0x80190190 (-2145844848 HTTP_E_STATUS_BAD_REQUEST)",
          "url": "https://INTC-KeyId-134d03d6581dabea3bf82eb2e34bf98192826962.microsoftaik.azure.net/templates/Aik/scep"
        },
        "system": {
          "eventID": "87",
          "eventSourceName": "CertEnroll",
          "keywords": "0x80000000000000",
          "providerGuid": "{54164045-7C50-4905-963F-E5BC1EEF0CCA}",
          "level": "2",
          "channel": "Application",
          "opcode": "0",
          "message": "\"Fehler bei der SCEP-Zertifikatregistrierung für Lokales System über https://INTC-KeyId-134d03d6581dabea3bf82eb2e34bf98192826962.microsoftaik.azure.net/templates/Aik/scep:\r\n\r\nSubmitDone\nSubmit(Request): Bad Request\n{\"Message\":\"No valid TPM EK/Platform certificate provided in the TPM identity request message.\"}\nHTTP/1.1 400 Bad Request\nDate: Tue, 26 May 2026 06:40:31 GMT\nContent-Length: 96\nContent-Type: application/json; charset=utf-8\nX-Content-Type-Options: nosniff\nStrict-Transport-Security: max-age=31536000;includeSubDomains\nx-ms-request-id: cf74e980-338d-4ba2-8ed0-b4dae2d612c3\n\r\nMethode: POST(1344ms)\r\nPhase: SubmitDone\r\nUngültige Anforderung (400). 0x80190190 (-2145844848 HTTP_E_STATUS_BAD_REQUEST)\"",
          "version": "0",
          "systemTime": "2026-05-26T06:40:32.0084156Z",
          "eventRecordID": "12642",
          "threadID": "0",
          "computer": "rz-katja-falk-t.arzw.local",
          "task": "0",
          "processID": "1636",
          "severityValue": "ERROR",
          "providerName": "Microsoft-Windows-CertificateServicesClient-CertEnroll"
        }
      }
    },
    "rule": {
      "firedtimes": 7,
      "mail": false,
      "level": 9,
      "description": "Windows application error event.",
      "groups": [
        "windows",
        "windows_application",
        "system_error"
      ],
      "id": "60602",
      "gdpr": [
        "IV_35.7.d"
      ],
      "gpg13": [
        "4.3"
      ]
    },
    "location": "EventChannel",
    "decoder": {
      "name": "windows_eventchannel"
    },
    "id": "1779777633.12886677",
    "timestamp": "2026-05-26T06:40:33.851+0000"
  },
  {
    "input": {
      "type": "log"
    },
    "agent": {
      "ip": "172.21.5.77",
      "name": "rz-katja-falk-t",
      "id": "062"
    },
    "manager": {
      "name": "wazuh.manager"
    },
    "data": {
      "win": {
        "eventdata": {
          "data": "ARZW, %%1359",
          "binary": "E50000C0"
        },
        "system": {
          "eventID": "5719",
          "keywords": "0x80000000000000",
          "level": "2",
          "channel": "System",
          "opcode": "0",
          "message": "\"Der Computer konnte eine sichere Sitzung mit einem Domänencontroller in der Domäne ARZW aufgrund der folgenden Ursache nicht einrichten: \r\nInterner Fehler. \r\nDies kann zu Authentifizierungsproblemen führen. Stellen Sie sicher, dass der Computer mit dem Netzwerk verbunden ist. Wenden Sie sich an den Domänenadministrator, wenn das Problem weiterhin besteht.  \r\n\r\nZUSÄTZLICHE INFORMATIONEN \r\nWenn dieser Computer ein Domänencontroller der bestimmten Domäne ist, wird eine sichere Sitzung zum primären Domänencontrolleremulator in der bestimmten Domäne eingerichtet. Andernfalls richtet dieser Computer eine sichere Sitzung zu einem beliebigen Domänencontroller in der bestimmten Domäne ein.\"",
          "version": "0",
          "systemTime": "2026-05-26T06:40:31.7704668Z",
          "eventRecordID": "28996",
          "threadID": "0",
          "computer": "rz-katja-falk-t.arzw.local",
          "task": "0",
          "processID": "1484",
          "severityValue": "ERROR",
          "providerName": "NETLOGON"
        }
      }
    },
    "rule": {
      "firedtimes": 11,
      "mail": false,
      "level": 5,
      "description": "Windows System error event",
      "groups": [
        "windows",
        "windows_system",
        "system_error"
      ],
      "id": "61102",
      "gpg13": [
        "4.3"
      ],
      "gdpr": [
        "IV_35.7.d"
      ]
    },
    "location": "EventChannel",
    "decoder": {
      "name": "windows_eventchannel"
    },
    "id": "1779777633.12884150",
    "timestamp": "2026-05-26T06:40:33.518+0000"
  },
  {
    "input": {
      "type": "log"
    },
    "agent": {
      "ip": "172.21.5.77",
      "name": "rz-katja-falk-t",
      "id": "062"
    },
    "manager": {
      "name": "wazuh.manager"
    },
    "data": {
      "extra_data": "rz-katja-falk-t->any"
    },
    "rule": {
      "firedtimes": 2,
      "mail": false,
      "level": 3,
      "pci_dss": [
        "10.6.1",
        "10.2.6"
      ],
      "hipaa": [
        "164.312.b"
      ],
      "tsc": [
        "CC7.2",
        "CC7.3",
        "CC6.8"
      ],
      "description": "Wazuh agent started.",
      "groups": [
        "ossec"
      ],
      "id": "503",
      "nist_800_53": [
        "AU.6",
        "AU.14",
        "AU.5"
      ],
      "gpg13": [
        "10.1"
      ],
      "gdpr": [
        "IV_35.7.d"
      ]
    },
    "location": "wazuh-agent",
    "decoder": {
      "parent": "ossec",
      "name": "ossec"
    },
    "id": "1779777632.12883808",
    "full_log": "ossec: Agent started: 'rz-katja-falk-t->any'.",
    "timestamp": "2026-05-26T06:40:32.335+0000"
  }
]