  {
    "input": {
      "type": "log"
    },
    "agent": {
      "ip": "172.21.5.20",
      "name": "RZ_MANU2",
      "id": "016"
    },
    "manager": {
      "name": "wazuh.manager"
    },
    "data": {
      "win": {
        "eventdata": {
          "subjectLogonId": "0x3e7",
          "subjectDomainName": "ARZW",
          "targetLinkedLogonId": "0x0",
          "impersonationLevel": "%%1833",
          "ipAddress": "127.0.0.1",
          "authenticationPackageName": "Negotiate",
          "workstationName": "RZ_MANU2",
          "targetLogonId": "0x9e2aa",
          "logonProcessName": "User32",
          "logonGuid": "{00000000-0000-0000-0000-000000000000}",
          "targetUserName": "RZAdmin",
          "keyLength": "0",
          "elevatedToken": "%%1843",
          "subjectUserSid": "S-1-5-18",
          "processId": "0x760",
          "processName": "C:\\\\Windows\\\\System32\\\\svchost.exe",
          "ipPort": "0",
          "targetDomainName": "ARZW",
          "targetUserSid": "S-1-5-21-228770904-35461013-1130905197-2128",
          "virtualAccount": "%%1843",
          "logonType": "11",
          "subjectUserName": "RZ_MANU2$"
        },
        "system": {
          "eventID": "4624",
          "keywords": "0x8020000000000000",
          "providerGuid": "{54849625-5478-4994-a5ba-3e3b0328c30d}",
          "level": "0",
          "channel": "Security",
          "opcode": "0",
          "message": "\"Ein Konto wurde erfolgreich angemeldet.\r\n\r\nAntragsteller:\r\n\tSicherheits-ID:\t\tS-1-5-18\r\n\tKontoname:\t\tRZ_MANU2$\r\n\tKontodomäne:\t\tARZW\r\n\tAnmelde-ID:\t\t0x3E7\r\n\r\nAnmeldeinformationen:\r\n\tAnmeldetyp:\t\t11\r\n\tEingeschränkter Administratormodus:\t-\r\n\tVirtuelles Konto:\t\tNein\r\n\tToken mit erhöhten Rechten:\t\tNein\r\n\r\nIdentitätswechselebene:\t\tIdentitätswechsel\r\n\r\nNeue Anmeldung:\r\n\tSicherheits-ID:\t\tS-1-5-21-228770904-35461013-1130905197-2128\r\n\tKontoname:\t\tRZAdmin\r\n\tKontodomäne:\t\tARZW\r\n\tAnmelde-ID:\t\t0x9E2AA\r\n\tVerknüpfte Anmelde-ID:\t\t0x0\r\n\tNetzwerk-Kontoname:\t-\r\n\tNetzwerk-Kontodomäne:\t-\r\n\tAnmelde-GUID:\t\t{00000000-0000-0000-0000-000000000000}\r\n\r\nProzessinformationen:\r\n\tProzess-ID:\t\t0x760\r\n\tProzessname:\t\tC:\\Windows\\System32\\svchost.exe\r\n\r\nNetzwerkinformationen:\r\n\tArbeitsstationsname:\tRZ_MANU2\r\n\tQuellnetzwerkadresse:\t127.0.0.1\r\n\tQuellport:\t\t0\r\n\r\nDetaillierte Authentifizierungsinformationen:\r\n\tAnmeldeprozess:\t\tUser32 \r\n\tAuthentifizierungspaket:\tNegotiate\r\n\tÜbertragene Dienste:\t-\r\n\tPaketname (nur NTLM):\t-\r\n\tSchlüssellänge:\t\t0\r\n\r\nDieses Ereignis wird beim Erstellen einer Anmeldesitzung generiert. Es wird auf dem Computer generiert, auf den zugegriffen wurde.\r\n\r\nDie Antragstellerfelder geben das Konto auf dem lokalen System an, von dem die Anmeldung angefordert wurde. Dies ist meistens ein Dienst wie der Serverdienst oder ein lokaler Prozess wie \"Winlogon.exe\" oder \"Services.exe\".\r\n\r\nDas Anmeldetypfeld gibt den jeweiligen Anmeldetyp an. Die häufigsten Typen sind 2 (interaktiv) und 3 (Netzwerk).\r\n\r\nDie Felder für die neue Anmeldung geben das Konto an, für das die neue Anmeldung erstellt wurde, d. h. das angemeldete Konto.\r\n\r\nDie Netzwerkfelder geben die Quelle einer Remoteanmeldeanforderung an. Der Arbeitsstationsname ist nicht immer verfügbar und kann in manchen Fällen leer bleiben.\r\n\r\nDas Feld für die Identitätswechselebene gibt an, in welchem Umfang ein Prozess in der Anmeldesitzung einen Identitätswechsel vornehmen kann.\r\n\r\nDie Felder für die Authentifizierungsinformationen enthalten detaillierte Informationen zu dieser speziellen Anmeldeanforderung.\r\n\t- Die Anmelde-GUID ist ein eindeutiger Bezeichner, der verwendet werden kann, um dieses Ereignis mit einem KDC-Ereignis zu korrelieren.\r\n\t- Die übertragenen Dienste geben an, welche Zwischendienste an der Anmeldeanforderung beteiligt waren.\r\n\t- Der Paketname gibt das in den NTLM-Protokollen verwendete Unterprotokoll an.\r\n\t- Die Schlüssellänge gibt die Länge des generierten Sitzungsschlüssels an. Wenn kein Sitzungsschlüssel angefordert wurde, ist dieser Wert 0.\"",
          "version": "2",
          "systemTime": "2026-05-26T11:01:51.3273393Z",
          "eventRecordID": "4846457",
          "threadID": "368",
          "computer": "RZ_MANU2.arzw.local",
          "task": "12544",
          "processID": "928",
          "severityValue": "AUDIT_SUCCESS",
          "providerName": "Microsoft-Windows-Security-Auditing"
        }
      }
    },
    "rule": {
      "firedtimes": 1,
      "mail": false,
      "level": 3,
      "description": "Non network or service local logon.",
      "groups": [
        "windows",
        " WEF"
      ],
      "id": "67022"
    },
    "location": "EventChannel",
    "decoder": {
      "name": "windows_eventchannel"
    },
    "id": "1779793335.23011362",
    "timestamp": "2026-05-26T11:02:15.924+0000"
  },
  {
    "input": {
      "type": "log"
    },
    "agent": {
      "ip": "172.21.5.20",
      "name": "RZ_MANU2",
      "id": "016"
    },
    "manager": {
      "name": "wazuh.manager"
    },
    "data": {
      "win": {
        "eventdata": {
          "targetLogonId": "0x916bc",
          "targetUserName": "RZ_MANU2$",
          "targetDomainName": "ARZW",
          "targetUserSid": "S-1-5-18",
          "logonType": "3"
        },
        "system": {
          "eventID": "4634",
          "keywords": "0x8020000000000000",
          "providerGuid": "{54849625-5478-4994-a5ba-3e3b0328c30d}",
          "level": "0",
          "channel": "Security",
          "opcode": "0",
          "message": "\"Ein Konto wurde abgemeldet.\r\n\r\nAntragsteller:\r\n\tSicherheits-ID:\t\tS-1-5-18\r\n\tKontoname:\t\tRZ_MANU2$\r\n\tKontodomäne:\t\tARZW\r\n\tAnmelde-ID:\t\t0x916BC\r\n\r\nAnmeldetyp:\t\t\t3\r\n\r\nDieses Ereignis wird generiert, wenn eine Anmeldesitzung zerstört wird. Es kann anhand des Wertes der Anmelde-ID positiv mit einem Anmeldeereignis korreliert werden. Anmelde-IDs sind nur zwischen Neustarts auf demselben Computer eindeutig.\"",
          "version": "0",
          "systemTime": "2026-05-26T11:01:50.5312668Z",
          "eventRecordID": "4846447",
          "threadID": "3788",
          "computer": "RZ_MANU2.arzw.local",
          "task": "12545",
          "processID": "928",
          "severityValue": "AUDIT_SUCCESS",
          "providerName": "Microsoft-Windows-Security-Auditing"
        }
      }
    },
    "rule": {
      "firedtimes": 3,
      "mail": false,
      "level": 3,
      "pci_dss": [
        "10.2.5"
      ],
      "hipaa": [
        "164.312.b"
      ],
      "tsc": [
        "CC6.8",
        "CC7.2",
        "CC7.3"
      ],
      "description": "Windows User Logoff",
      "groups": [
        "windows",
        "windows_security"
      ],
      "id": "60137",
      "nist_800_53": [
        "AU.14",
        "AC.7"
      ],
      "gdpr": [
        "IV_32.2"
      ]
    },
    "location": "EventChannel",
    "decoder": {
      "name": "windows_eventchannel"
    },
    "id": "1779793335.23008946",
    "timestamp": "2026-05-26T11:02:15.767+0000"
  },
  {
    "input": {
      "type": "log"
    },
    "agent": {
      "ip": "172.21.5.20",
      "name": "RZ_MANU2",
      "id": "016"
    },
    "manager": {
      "name": "wazuh.manager"
    },
    "data": {
      "win": {
        "eventdata": {
          "subjectLogonId": "0x0",
          "targetLinkedLogonId": "0x0",
          "impersonationLevel": "%%1833",
          "ipAddress": "::1",
          "authenticationPackageName": "Kerberos",
          "targetLogonId": "0x916bc",
          "logonProcessName": "Kerberos",
          "logonGuid": "{27db7009-39fa-cef2-6e79-0d573c57c88a}",
          "targetUserName": "RZ_MANU2$",
          "keyLength": "0",
          "elevatedToken": "%%1842",
          "subjectUserSid": "S-1-0-0",
          "processId": "0x0",
          "ipPort": "0",
          "targetDomainName": "ARZW.LOCAL",
          "targetUserSid": "S-1-5-18",
          "virtualAccount": "%%1843",
          "logonType": "3"
        },
        "system": {
          "eventID": "4624",
          "keywords": "0x8020000000000000",
          "providerGuid": "{54849625-5478-4994-a5ba-3e3b0328c30d}",
          "level": "0",
          "channel": "Security",
          "opcode": "0",
          "message": "\"Ein Konto wurde erfolgreich angemeldet.\r\n\r\nAntragsteller:\r\n\tSicherheits-ID:\t\tS-1-0-0\r\n\tKontoname:\t\t-\r\n\tKontodomäne:\t\t-\r\n\tAnmelde-ID:\t\t0x0\r\n\r\nAnmeldeinformationen:\r\n\tAnmeldetyp:\t\t3\r\n\tEingeschränkter Administratormodus:\t-\r\n\tVirtuelles Konto:\t\tNein\r\n\tToken mit erhöhten Rechten:\t\tJa\r\n\r\nIdentitätswechselebene:\t\tIdentitätswechsel\r\n\r\nNeue Anmeldung:\r\n\tSicherheits-ID:\t\tS-1-5-18\r\n\tKontoname:\t\tRZ_MANU2$\r\n\tKontodomäne:\t\tARZW.LOCAL\r\n\tAnmelde-ID:\t\t0x916BC\r\n\tVerknüpfte Anmelde-ID:\t\t0x0\r\n\tNetzwerk-Kontoname:\t-\r\n\tNetzwerk-Kontodomäne:\t-\r\n\tAnmelde-GUID:\t\t{27db7009-39fa-cef2-6e79-0d573c57c88a}\r\n\r\nProzessinformationen:\r\n\tProzess-ID:\t\t0x0\r\n\tProzessname:\t\t-\r\n\r\nNetzwerkinformationen:\r\n\tArbeitsstationsname:\t-\r\n\tQuellnetzwerkadresse:\t::1\r\n\tQuellport:\t\t0\r\n\r\nDetaillierte Authentifizierungsinformationen:\r\n\tAnmeldeprozess:\t\tKerberos\r\n\tAuthentifizierungspaket:\tKerberos\r\n\tÜbertragene Dienste:\t-\r\n\tPaketname (nur NTLM):\t-\r\n\tSchlüssellänge:\t\t0\r\n\r\nDieses Ereignis wird beim Erstellen einer Anmeldesitzung generiert. Es wird auf dem Computer generiert, auf den zugegriffen wurde.\r\n\r\nDie Antragstellerfelder geben das Konto auf dem lokalen System an, von dem die Anmeldung angefordert wurde. Dies ist meistens ein Dienst wie der Serverdienst oder ein lokaler Prozess wie \"Winlogon.exe\" oder \"Services.exe\".\r\n\r\nDas Anmeldetypfeld gibt den jeweiligen Anmeldetyp an. Die häufigsten Typen sind 2 (interaktiv) und 3 (Netzwerk).\r\n\r\nDie Felder für die neue Anmeldung geben das Konto an, für das die neue Anmeldung erstellt wurde, d. h. das angemeldete Konto.\r\n\r\nDie Netzwerkfelder geben die Quelle einer Remoteanmeldeanforderung an. Der Arbeitsstationsname ist nicht immer verfügbar und kann in manchen Fällen leer bleiben.\r\n\r\nDas Feld für die Identitätswechselebene gibt an, in welchem Umfang ein Prozess in der Anmeldesitzung einen Identitätswechsel vornehmen kann.\r\n\r\nDie Felder für die Authentifizierungsinformationen enthalten detaillierte Informationen zu dieser speziellen Anmeldeanforderung.\r\n\t- Die Anmelde-GUID ist ein eindeutiger Bezeichner, der verwendet werden kann, um dieses Ereignis mit einem KDC-Ereignis zu korrelieren.\r\n\t- Die übertragenen Dienste geben an, welche Zwischendienste an der Anmeldeanforderung beteiligt waren.\r\n\t- Der Paketname gibt das in den NTLM-Protokollen verwendete Unterprotokoll an.\r\n\t- Die Schlüssellänge gibt die Länge des generierten Sitzungsschlüssels an. Wenn kein Sitzungsschlüssel angefordert wurde, ist dieser Wert 0.\"",
          "version": "2",
          "systemTime": "2026-05-26T11:01:50.5309564Z",
          "eventRecordID": "4846446",
          "threadID": "3788",
          "computer": "RZ_MANU2.arzw.local",
          "task": "12544",
          "processID": "928",
          "severityValue": "AUDIT_SUCCESS",
          "providerName": "Microsoft-Windows-Security-Auditing"
        }
      }
    },
    "rule": {
      "mail": false,
      "level": 3,
      "pci_dss": [
        "10.2.5"
      ],
      "hipaa": [
        "164.312.b"
      ],
      "tsc": [
        "CC6.8",
        "CC7.2",
        "CC7.3"
      ],
      "description": "Windows Logon Success",
      "groups": [
        "windows",
        "windows_security",
        "authentication_success"
      ],
      "nist_800_53": [
        "AU.14",
        "AC.9"
      ],
      "gdpr": [
        "IV_32.2"
      ],
      "firedtimes": 2,
      "mitre": {
        "technique": [
          "Valid Accounts"
        ],
        "id": [
          "T1078"
        ],
        "tactic": [
          "Defense Evasion",
          "Persistence",
          "Privilege Escalation",
          "Initial Access"
        ]
      },
      "id": "60106",
      "gpg13": [
        "7.1",
        "7.2"
      ]
    },
    "location": "EventChannel",
    "decoder": {
      "name": "windows_eventchannel"
    },
    "id": "1779793335.23001359",
    "timestamp": "2026-05-26T11:02:15.752+0000"
  },
  {
    "input": {
      "type": "log"
    },
    "agent": {
      "ip": "172.21.5.20",
      "name": "RZ_MANU2",
      "id": "016"
    },
    "manager": {
      "name": "wazuh.manager"
    },
    "data": {
      "win": {
        "eventdata": {
          "targetLogonId": "0x8bb6e",
          "targetUserName": "RZ_MANU2$",
          "targetDomainName": "ARZW",
          "targetUserSid": "S-1-5-18",
          "logonType": "3"
        },
        "system": {
          "eventID": "4634",
          "keywords": "0x8020000000000000",
          "providerGuid": "{54849625-5478-4994-a5ba-3e3b0328c30d}",
          "level": "0",
          "channel": "Security",
          "opcode": "0",
          "message": "\"Ein Konto wurde abgemeldet.\r\n\r\nAntragsteller:\r\n\tSicherheits-ID:\t\tS-1-5-18\r\n\tKontoname:\t\tRZ_MANU2$\r\n\tKontodomäne:\t\tARZW\r\n\tAnmelde-ID:\t\t0x8BB6E\r\n\r\nAnmeldetyp:\t\t\t3\r\n\r\nDieses Ereignis wird generiert, wenn eine Anmeldesitzung zerstört wird. Es kann anhand des Wertes der Anmelde-ID positiv mit einem Anmeldeereignis korreliert werden. Anmelde-IDs sind nur zwischen Neustarts auf demselben Computer eindeutig.\"",
          "version": "0",
          "systemTime": "2026-05-26T11:01:50.5285935Z",
          "eventRecordID": "4846444",
          "threadID": "3788",
          "computer": "RZ_MANU2.arzw.local",
          "task": "12545",
          "processID": "928",
          "severityValue": "AUDIT_SUCCESS",
          "providerName": "Microsoft-Windows-Security-Auditing"
        }
      }
    },
    "rule": {
      "firedtimes": 2,
      "mail": false,
      "level": 3,
      "pci_dss": [
        "10.2.5"
      ],
      "hipaa": [
        "164.312.b"
      ],
      "tsc": [
        "CC6.8",
        "CC7.2",
        "CC7.3"
      ],
      "description": "Windows User Logoff",
      "groups": [
        "windows",
        "windows_security"
      ],
      "id": "60137",
      "nist_800_53": [
        "AU.14",
        "AC.7"
      ],
      "gdpr": [
        "IV_32.2"
      ]
    },
    "location": "EventChannel",
    "decoder": {
      "name": "windows_eventchannel"
    },
    "id": "1779793335.22998943",
    "timestamp": "2026-05-26T11:02:15.736+0000"
  },
  {
    "input": {
      "type": "log"
    },
    "agent": {
      "ip": "172.21.5.20",
      "name": "RZ_MANU2",
      "id": "016"
    },
    "manager": {
      "name": "wazuh.manager"
    },
    "data": {
      "win": {
        "eventdata": {
          "subjectLogonId": "0x0",
          "targetLinkedLogonId": "0x0",
          "impersonationLevel": "%%1833",
          "ipAddress": "::1",
          "authenticationPackageName": "Kerberos",
          "targetLogonId": "0x8bb6e",
          "logonProcessName": "Kerberos",
          "logonGuid": "{27db7009-39fa-cef2-6e79-0d573c57c88a}",
          "targetUserName": "RZ_MANU2$",
          "keyLength": "0",
          "elevatedToken": "%%1842",
          "subjectUserSid": "S-1-0-0",
          "processId": "0x0",
          "ipPort": "0",
          "targetDomainName": "ARZW.LOCAL",
          "targetUserSid": "S-1-5-18",
          "virtualAccount": "%%1843",
          "logonType": "3"
        },
        "system": {
          "eventID": "4624",
          "keywords": "0x8020000000000000",
          "providerGuid": "{54849625-5478-4994-a5ba-3e3b0328c30d}",
          "level": "0",
          "channel": "Security",
          "opcode": "0",
          "message": "\"Ein Konto wurde erfolgreich angemeldet.\r\n\r\nAntragsteller:\r\n\tSicherheits-ID:\t\tS-1-0-0\r\n\tKontoname:\t\t-\r\n\tKontodomäne:\t\t-\r\n\tAnmelde-ID:\t\t0x0\r\n\r\nAnmeldeinformationen:\r\n\tAnmeldetyp:\t\t3\r\n\tEingeschränkter Administratormodus:\t-\r\n\tVirtuelles Konto:\t\tNein\r\n\tToken mit erhöhten Rechten:\t\tJa\r\n\r\nIdentitätswechselebene:\t\tIdentitätswechsel\r\n\r\nNeue Anmeldung:\r\n\tSicherheits-ID:\t\tS-1-5-18\r\n\tKontoname:\t\tRZ_MANU2$\r\n\tKontodomäne:\t\tARZW.LOCAL\r\n\tAnmelde-ID:\t\t0x8BB6E\r\n\tVerknüpfte Anmelde-ID:\t\t0x0\r\n\tNetzwerk-Kontoname:\t-\r\n\tNetzwerk-Kontodomäne:\t-\r\n\tAnmelde-GUID:\t\t{27db7009-39fa-cef2-6e79-0d573c57c88a}\r\n\r\nProzessinformationen:\r\n\tProzess-ID:\t\t0x0\r\n\tProzessname:\t\t-\r\n\r\nNetzwerkinformationen:\r\n\tArbeitsstationsname:\t-\r\n\tQuellnetzwerkadresse:\t::1\r\n\tQuellport:\t\t0\r\n\r\nDetaillierte Authentifizierungsinformationen:\r\n\tAnmeldeprozess:\t\tKerberos\r\n\tAuthentifizierungspaket:\tKerberos\r\n\tÜbertragene Dienste:\t-\r\n\tPaketname (nur NTLM):\t-\r\n\tSchlüssellänge:\t\t0\r\n\r\nDieses Ereignis wird beim Erstellen einer Anmeldesitzung generiert. Es wird auf dem Computer generiert, auf den zugegriffen wurde.\r\n\r\nDie Antragstellerfelder geben das Konto auf dem lokalen System an, von dem die Anmeldung angefordert wurde. Dies ist meistens ein Dienst wie der Serverdienst oder ein lokaler Prozess wie \"Winlogon.exe\" oder \"Services.exe\".\r\n\r\nDas Anmeldetypfeld gibt den jeweiligen Anmeldetyp an. Die häufigsten Typen sind 2 (interaktiv) und 3 (Netzwerk).\r\n\r\nDie Felder für die neue Anmeldung geben das Konto an, für das die neue Anmeldung erstellt wurde, d. h. das angemeldete Konto.\r\n\r\nDie Netzwerkfelder geben die Quelle einer Remoteanmeldeanforderung an. Der Arbeitsstationsname ist nicht immer verfügbar und kann in manchen Fällen leer bleiben.\r\n\r\nDas Feld für die Identitätswechselebene gibt an, in welchem Umfang ein Prozess in der Anmeldesitzung einen Identitätswechsel vornehmen kann.\r\n\r\nDie Felder für die Authentifizierungsinformationen enthalten detaillierte Informationen zu dieser speziellen Anmeldeanforderung.\r\n\t- Die Anmelde-GUID ist ein eindeutiger Bezeichner, der verwendet werden kann, um dieses Ereignis mit einem KDC-Ereignis zu korrelieren.\r\n\t- Die übertragenen Dienste geben an, welche Zwischendienste an der Anmeldeanforderung beteiligt waren.\r\n\t- Der Paketname gibt das in den NTLM-Protokollen verwendete Unterprotokoll an.\r\n\t- Die Schlüssellänge gibt die Länge des generierten Sitzungsschlüssels an. Wenn kein Sitzungsschlüssel angefordert wurde, ist dieser Wert 0.\"",
          "version": "2",
          "systemTime": "2026-05-26T11:01:50.0017836Z",
          "eventRecordID": "4846358",
          "threadID": "368",
          "computer": "RZ_MANU2.arzw.local",
          "task": "12544",
          "processID": "928",
          "severityValue": "AUDIT_SUCCESS",
          "providerName": "Microsoft-Windows-Security-Auditing"
        }
      }
    },
    "rule": {
      "mail": false,
      "level": 3,
      "pci_dss": [
        "10.2.5"
      ],
      "hipaa": [
        "164.312.b"
      ],
      "tsc": [
        "CC6.8",
        "CC7.2",
        "CC7.3"
      ],
      "description": "Windows Logon Success",
      "groups": [
        "windows",
        "windows_security",
        "authentication_success"
      ],
      "nist_800_53": [
        "AU.14",
        "AC.9"
      ],
      "gdpr": [
        "IV_32.2"
      ],
      "firedtimes": 1,
      "mitre": {
        "technique": [
          "Valid Accounts"
        ],
        "id": [
          "T1078"
        ],
        "tactic": [
          "Defense Evasion",
          "Persistence",
          "Privilege Escalation",
          "Initial Access"
        ]
      },
      "id": "60106",
      "gpg13": [
        "7.1",
        "7.2"
      ]
    },
    "location": "EventChannel",
    "decoder": {
      "name": "windows_eventchannel"
    },
    "id": "1779793334.22989461",
    "timestamp": "2026-05-26T11:02:14.315+0000"
  },
  {
    "input": {
      "type": "log"
    },
    "agent": {
      "ip": "172.21.5.20",
      "name": "RZ_MANU2",
      "id": "016"
    },
    "manager": {
      "name": "wazuh.manager"
    },
    "data": {
      "win": {
        "eventdata": {
          "subjectLogonId": "0x3e7",
          "subjectDomainName": "ARZW",
          "ipAddress": "127.0.0.1",
          "authenticationPackageName": "Negotiate",
          "workstationName": "RZ_MANU2",
          "subStatus": "0xc000006a",
          "logonProcessName": "User32",
          "targetUserName": "RZAdmin",
          "keyLength": "0",
          "subjectUserSid": "S-1-5-18",
          "processId": "0x760",
          "processName": "C:\\\\Windows\\\\System32\\\\svchost.exe",
          "ipPort": "0",
          "failureReason": "%%2313",
          "targetDomainName": "ARZW",
          "targetUserSid": "S-1-0-0",
          "logonType": "2",
          "subjectUserName": "RZ_MANU2$",
          "status": "0xc000006d"
        },
        "system": {
          "eventID": "4625",
          "keywords": "0x8010000000000000",
          "providerGuid": "{54849625-5478-4994-a5ba-3e3b0328c30d}",
          "level": "0",
          "channel": "Security",
          "opcode": "0",
          "message": "\"Fehler beim Anmelden eines Kontos.\r\n\r\nAntragsteller:\r\n\tSicherheits-ID:\t\tS-1-5-18\r\n\tKontoname:\t\tRZ_MANU2$\r\n\tKontodomäne:\t\tARZW\r\n\tAnmelde-ID:\t\t0x3E7\r\n\r\nAnmeldetyp:\t\t\t2\r\n\r\nKonto, für das die Anmeldung fehlgeschlagen ist:\r\n\tSicherheits-ID:\t\tS-1-0-0\r\n\tKontoname:\t\tRZAdmin\r\n\tKontodomäne:\t\tARZW\r\n\r\nFehlerinformationen:\r\n\tFehlerursache:\t\tUnbekannter Benutzername oder ungültiges Kennwort.\r\n\tStatus:\t\t\t0xC000006D\r\n\tUnterstatus::\t\t0xC000006A\r\n\r\nProzessinformationen:\r\n\tAufrufprozess-ID:\t0x760\r\n\tAufrufprozessname:\tC:\\Windows\\System32\\svchost.exe\r\n\r\nNetzwerkinformationen:\r\n\tArbeitsstationsname:\tRZ_MANU2\r\n\tQuellnetzwerkadresse:\t127.0.0.1\r\n\tQuellport:\t\t0\r\n\r\nDetaillierte Authentifizierungsinformationen:\r\n\tAnmeldeprozess:\t\tUser32 \r\n\tAuthentifizierungspaket:\tNegotiate\r\n\tÜbertragene Dienste:\t-\r\n\tPaketname (nur NTLM):\t-\r\n\tSchlüssellänge:\t\t0\r\n\r\nDieses Ereignis wird beim Erstellen einer Anmeldesitzung generiert. Es wird auf dem Computer generiert, auf den zugegriffen wurde.\r\n\r\nDie Antragstellerfelder geben das Konto auf dem lokalen System an, von dem die Anmeldung angefordert wurde. Dies ist meistens ein Dienst wie der Serverdienst oder ein lokaler Prozess wie \"Winlogon.exe\" oder \"Services.exe\".\r\n\r\nDas Anmeldetypfeld gibt den jeweiligen Anmeldetyp an. Die häufigsten Typen sind 2 (interaktiv) und 3 (Netzwerk).\r\n\r\nDie Felder für die Prozessinformationen geben den Prozess und das Konto an, für die die Anmeldung angefordert wurde.\r\n\r\nDie Netzwerkfelder geben die Quelle einer Remoteanmeldeanforderung an.  Der Arbeitsstationsname ist nicht immer verfügbar und kann in manchen Fällen leer bleiben.\r\n\r\nDie Felder für die Authentifizierungsinformationen enthalten detaillierte Informationen zu dieser speziellen Anmeldeanforderung.\r\n\t- Die übertragenen Dienste geben an, welche Zwischendienste an der Anmeldeanforderung beteiligt waren.\r\n\t- Der Paketname gibt das in den NTLM-Protokollen verwendete Unterprotokoll an.\r\n\t- Die Schlüssellänge gibt die Länge des generierten Sitzungsschlüssels an. Wenn kein Sitzungsschlüssel angefordert wurde, ist dieser Wert 0.\"",
          "version": "0",
          "systemTime": "2026-05-26T11:01:48.0486760Z",
          "eventRecordID": "4846131",
          "threadID": "968",
          "computer": "RZ_MANU2.arzw.local",
          "task": "12544",
          "processID": "928",
          "severityValue": "AUDIT_FAILURE",
          "providerName": "Microsoft-Windows-Security-Auditing"
        }
      }
    },
    "rule": {
      "mail": false,
      "level": 5,
      "pci_dss": [
        "10.2.4",
        "10.2.5"
      ],
      "hipaa": [
        "164.312.b"
      ],
      "tsc": [
        "CC6.1",
        "CC6.8",
        "CC7.2",
        "CC7.3"
      ],
      "description": "Logon Failure - Unknown user or bad password",
      "groups": [
        "windows",
        "windows_security",
        "authentication_failed"
      ],
      "nist_800_53": [
        "AU.14",
        "AC.7"
      ],
      "gdpr": [
        "IV_35.7.d",
        "IV_32.2"
      ],
      "firedtimes": 1,
      "mitre": {
        "technique": [
          "Account Access Removal"
        ],
        "id": [
          "T1531"
        ],
        "tactic": [
          "Impact"
        ]
      },
      "id": "60122",
      "gpg13": [
        "7.1"
      ]
    },
    "location": "EventChannel",
    "decoder": {
      "name": "windows_eventchannel"
    },
    "id": "1779793330.22982582",
    "timestamp": "2026-05-26T11:02:10.566+0000"
  },
  {
    "input": {
      "type": "log"
    },
    "agent": {
      "ip": "172.21.5.20",
      "name": "RZ_MANU2",
      "id": "016"
    },
    "manager": {
      "name": "wazuh.manager"
    },
    "data": {
      "win": {
        "eventdata": {
          "extraInfo": " "
        },
        "system": {
          "eventID": "1003",
          "eventSourceName": "Windows Search Service",
          "keywords": "0x80000000000000",
          "providerGuid": "{CA4E628D-8567-4896-AB6B-835B221F373F}",
          "level": "4",
          "channel": "Application",
          "opcode": "0",
          "message": "\"Windows Search wurde gestartet.\n\"",
          "version": "0",
          "systemTime": "2026-05-26T11:01:47.3810636Z",
          "eventRecordID": "308570",
          "threadID": "0",
          "computer": "RZ_MANU2.arzw.local",
          "task": "1",
          "processID": "0",
          "severityValue": "INFORMATION",
          "providerName": "Microsoft-Windows-Search"
        }
      }
    },
    "rule": {
      "firedtimes": 1,
      "mail": false,
      "level": 3,
      "description": "The Windows search service started.",
      "groups": [
        "windows",
        "windows_application"
      ],
      "id": "60668"
    },
    "location": "EventChannel",
    "decoder": {
      "name": "windows_eventchannel"
    },
    "id": "1779793327.22981246",
    "timestamp": "2026-05-26T11:02:07.539+0000"
  },
  {
    "input": {
      "type": "log"
    },
    "agent": {
      "ip": "172.21.5.20",
      "name": "RZ_MANU2",
      "id": "016"
    },
    "manager": {
      "name": "wazuh.manager"
    },
    "data": {
      "win": {
        "eventdata": {
          "data": "SearchIndexer, 6680,D,50, Windows:, 1, C:\\\\ProgramData\\\\Microsoft\\\\Search\\\\Data\\\\Applications\\\\Windows\\\\Windows.edb, 0,  [1] 0.000003 +J(0) +M(C:0K, Fs:1, WS:4K # 0K, PF:0K # 0K, P:0K) [2] 0.002868 -0.000312 (1) WT +J(0) +M(C:0K, Fs:27, WS:44K # 0K, PF:36K # 0K, P:36K) [3] 0.018940 -0.015913 (8) WT +J(CM:0, PgRf:0, Rd:0/0, Dy:0/0, Lg:3480/2) +M(C:0K, Fs:54, WS:172K # 0K, PF:176K # 0K, P:176K) [4] 0.000096 +J(0) +M(C:0K, Fs:1, WS:4K # 0K, PF:0K # 0K, P:0K) [5] - [6] - [7] - [8] 0.001011 -0.000782 (2) CM +J(CM:2, PgRf:2, Rd:14/2, Dy:0/0, Lg:54/1) +M(C:0K, Fs:46, WS:184K # 0K, PF:680K # 0K, P:680K) [9] 0.017458 -0.000490 (5) CM -0.016799 (1) WT +J(CM:5, PgRf:23, Rd:0/5, Dy:0/0, Lg:0/0) +M(C:0K, Fs:72, WS:288K # 44K, PF:288K # 216K, P:288K) [10] 0.000286 -0.000229 (1) CM +J(CM:1, PgRf:40, Rd:0/1, Dy:0/0, Lg:0/0) +M(C:0K, Fs:9, WS:36K # 36K, PF:96K # 96K, P:96K) [11] 0.000008 +J(CM:0, PgRf:1, Rd:0/0, Dy:0/0, Lg:0/0) +M(C:0K, Fs:2, WS:8K # 8K, PF:0K # 0K, P:0K) [12] 0.000024 +J(CM:0, PgRf:42, Rd:0/0, Dy:0/0, Lg:0/0) +M(C:0K, Fs:3, WS:12K # 12K, PF:0K # 0K, P:0K) [13] 0.0 +J(0) [14] 0.0 +J(0) [15] 0.000002 +J(CM:0, PgRf:1, Rd:0/0, Dy:0/0, Lg:0/0)., 0 0, lgposAttach = 0000199E:0095:0268, dbv = 1568.110.240"
        },
        "system": {
          "eventID": "326",
          "keywords": "0x80000000000000",
          "level": "4",
          "channel": "Application",
          "opcode": "0",
          "message": "\"SearchIndexer (6680,D,50) Windows: The database engine attached a database (1, C:\\ProgramData\\Microsoft\\Search\\Data\\Applications\\Windows\\Windows.edb). (Time=0 seconds) \r\n \r\nSaved Cache: 0 0 \r\nAdditional Data: lgposAttach = 0000199E:0095:0268,\ndbv = 1568.110.240 \r\n \r\nInternal Timing Sequence: \n[1] 0.000003 +J(0) +M(C:0K, Fs:1, WS:4K # 0K, PF:0K # 0K, P:0K)\n[2] 0.002868 -0.000312 (1) WT +J(0) +M(C:0K, Fs:27, WS:44K # 0K, PF:36K # 0K, P:36K)\n[3] 0.018940 -0.015913 (8) WT +J(CM:0, PgRf:0, Rd:0/0, Dy:0/0, Lg:3480/2) +M(C:0K, Fs:54, WS:172K # 0K, PF:176K # 0K, P:176K)\n[4] 0.000096 +J(0) +M(C:0K, Fs:1, WS:4K # 0K, PF:0K # 0K, P:0K)\n[5] -\n[6] -\n[7] -\n[8] 0.001011 -0.000782 (2) CM +J(CM:2, PgRf:2, Rd:14/2, Dy:0/0, Lg:54/1) +M(C:0K, Fs:46, WS:184K # 0K, PF:680K # 0K, P:680K)\n[9] 0.017458 -0.000490 (5) CM -0.016799 (1) WT +J(CM:5, PgRf:23, Rd:0/5, Dy:0/0, Lg:0/0) +M(C:0K, Fs:72, WS:288K # 44K, PF:288K # 216K, P:288K)\n[10] 0.000286 -0.000229 (1) CM +J(CM:1, PgRf:40, Rd:0/1, Dy:0/0, Lg:0/0) +M(C:0K, Fs:9, WS:36K # 36K, PF:96K # 96K, P:96K)\n[11] 0.000008 +J(CM:0, PgRf:1, Rd:0/0, Dy:0/0, Lg:0/0) +M(C:0K, Fs:2, WS:8K # 8K, PF:0K # 0K, P:0K)\n[12] 0.000024 +J(CM:0, PgRf:42, Rd:0/0, Dy:0/0, Lg:0/0) +M(C:0K, Fs:3, WS:12K # 12K, PF:0K # 0K, P:0K)\n[13] 0.0 +J(0)\n[14] 0.0 +J(0)\n[15] 0.000002 +J(CM:0, PgRf:1, Rd:0/0, Dy:0/0, Lg:0/0).\"",
          "version": "0",
          "systemTime": "2026-05-26T11:01:47.2248143Z",
          "eventRecordID": "308568",
          "threadID": "0",
          "computer": "RZ_MANU2.arzw.local",
          "task": "1",
          "processID": "0",
          "severityValue": "INFORMATION",
          "providerName": "ESENT"
        }
      }
    },
    "rule": {
      "firedtimes": 1,
      "mail": false,
      "level": 3,
      "description": "The database engine attached a database.",
      "groups": [
        "windows",
        "windows_application"
      ],
      "id": "60798"
    },
    "location": "EventChannel",
    "decoder": {
      "name": "windows_eventchannel"
    },
    "id": "1779793327.22975093",
    "timestamp": "2026-05-26T11:02:07.499+0000"
  },
  {
    "input": {
      "type": "log"
    },
    "agent": {
      "ip": "172.21.5.20",
      "name": "RZ_MANU2",
      "id": "016"
    },
    "manager": {
      "name": "wazuh.manager"
    },
    "data": {
      "win": {
        "eventdata": {
          "data": "SearchIndexer, 6680,P,98, Windows:, 0, 10, 00, 19045, 0000"
        },
        "system": {
          "eventID": "102",
          "keywords": "0x80000000000000",
          "level": "4",
          "channel": "Application",
          "opcode": "0",
          "message": "\"SearchIndexer (6680,P,98) Windows: Das Datenbankmodul (10.00.19045.0000) startet eine neue Instanz (0).\"",
          "version": "0",
          "systemTime": "2026-05-26T11:01:47.1623142Z",
          "eventRecordID": "308566",
          "threadID": "0",
          "computer": "RZ_MANU2.arzw.local",
          "task": "1",
          "processID": "0",
          "severityValue": "INFORMATION",
          "providerName": "ESENT"
        }
      }
    },
    "rule": {
      "firedtimes": 1,
      "mail": false,
      "level": 3,
      "description": "The database engine is starting a new instance.",
      "groups": [
        "windows",
        "windows_application"
      ],
      "id": "60805"
    },
    "location": "EventChannel",
    "decoder": {
      "name": "windows_eventchannel"
    },
    "id": "1779793327.22973754",
    "timestamp": "2026-05-26T11:02:07.484+0000"
  },
  {
    "input": {
      "type": "log"
    },
    "agent": {
      "ip": "172.21.5.20",
      "name": "RZ_MANU2",
      "id": "016"
    },
    "manager": {
      "name": "wazuh.manager"
    },
    "data": {
      "extra_data": "RZ_MANU2->any"
    },
    "rule": {
      "firedtimes": 1,
      "mail": false,
      "level": 3,
      "pci_dss": [
        "10.6.1",
        "10.2.6"
      ],
      "hipaa": [
        "164.312.b"
      ],
      "tsc": [
        "CC7.2",
        "CC7.3",
        "CC6.8"
      ],
      "description": "Wazuh agent started.",
      "groups": [
        "ossec"
      ],
      "id": "503",
      "nist_800_53": [
        "AU.6",
        "AU.14",
        "AU.5"
      ],
      "gpg13": [
        "10.1"
      ],
      "gdpr": [
        "IV_35.7.d"
      ]
    },
    "location": "wazuh-agent",
    "decoder": {
      "parent": "ossec",
      "name": "ossec"
    },
    "id": "1779793325.22973426",
    "full_log": "ossec: Agent started: 'RZ_MANU2->any'.",
    "timestamp": "2026-05-26T11:02:05.341+0000"
  },
  {
    "input": {
      "type": "log"
    },
    "agent": {
      "ip": "172.21.5.20",
      "name": "RZ_MANU2",
      "id": "016"
    },
    "manager": {
      "name": "wazuh.manager"
    },
    "data": {
      "win": {
        "eventdata": {
          "targetLogonId": "0x154d39",
          "targetUserName": "RZAdmin",
          "targetDomainName": "ARZW",
          "targetUserSid": "S-1-5-21-228770904-35461013-1130905197-2128"
        },
        "system": {
          "eventID": "4647",
          "keywords": "0x8020000000000000",
          "providerGuid": "{54849625-5478-4994-a5ba-3e3b0328c30d}",
          "level": "0",
          "channel": "Security",
          "opcode": "0",
          "message": "\"Benutzerinitiierte Abmeldung:\r\n\r\nAntragsteller:\r\n\tSicherheits-ID:\t\tS-1-5-21-228770904-35461013-1130905197-2128\r\n\tKontoname:\t\tRZAdmin\r\n\tKontodomäne:\t\tARZW\r\n\tAnmelde-ID:\t\t0x154D39\r\n\r\nDieses Ereignis wird generiert, wenn eine Abmeldung initiiert wird. Es kann keine weitere benutzerinitiierte Aktivität erfolgen. Dieses Ereignis kann als Abmeldeereignis interpretiert werden.\"",
          "version": "0",
          "systemTime": "2026-05-26T11:01:16.5076409Z",
          "eventRecordID": "4846003",
          "threadID": "9188",
          "computer": "RZ_MANU2.arzw.local",
          "task": "12545",
          "processID": "920",
          "severityValue": "AUDIT_SUCCESS",
          "providerName": "Microsoft-Windows-Security-Auditing"
        }
      }
    },
    "rule": {
      "firedtimes": 1,
      "mail": false,
      "level": 3,
      "pci_dss": [
        "10.2.5"
      ],
      "hipaa": [
        "164.312.b"
      ],
      "tsc": [
        "CC6.8",
        "CC7.2",
        "CC7.3"
      ],
      "description": "Windows User Logoff",
      "groups": [
        "windows",
        "windows_security"
      ],
      "id": "60137",
      "nist_800_53": [
        "AU.14",
        "AC.7"
      ],
      "gdpr": [
        "IV_32.2"
      ]
    },
    "location": "EventChannel",
    "decoder": {
      "name": "windows_eventchannel"
    },
    "id": "1779793277.22964940",
    "timestamp": "2026-05-26T11:01:17.697+0000"
  },
  {
    "input": {
      "type": "log"
    },
    "agent": {
      "ip": "172.21.5.20",
      "name": "RZ_MANU2",
      "id": "016"
    },
    "manager": {
      "name": "wazuh.manager"
    },
    "data": {
      "win": {
        "eventdata": {
          "data": "WSearch",
          "binary": "D9060000"
        },
        "system": {
          "eventID": "6000",
          "eventSourceName": "Wlclntfy",
          "keywords": "0x80000000000000",
          "providerGuid": "{DBE9B383-7CF3-4331-91CC-A3CB16A3B538}",
          "level": "4",
          "channel": "Application",
          "opcode": "0",
          "message": "\"Der Winlogon-Benachrichtigungsabonnent <WSearch> war nicht verfügbar, um das Benachrichtigungsereignis zu verarbeiten.\"",
          "version": "0",
          "systemTime": "2026-05-26T11:01:16.5520863Z",
          "eventRecordID": "308547",
          "threadID": "0",
          "computer": "RZ_MANU2.arzw.local",
          "task": "0",
          "processID": "0",
          "severityValue": "INFORMATION",
          "providerName": "Microsoft-Windows-Winlogon"
        }
      }
    },
    "rule": {
      "firedtimes": 1,
      "mail": false,
      "level": 5,
      "description": "WSearch was unavailable to handle a notification event.",
      "groups": [
        "windows",
        "windows_application"
      ],
      "id": "60775"
    },
    "location": "EventChannel",
    "decoder": {
      "name": "windows_eventchannel"
    },
    "id": "1779793276.22963382",
    "timestamp": "2026-05-26T11:01:16.791+0000"
  },
  {
    "input": {
      "type": "log"
    },
    "agent": {
      "ip": "172.21.5.20",
      "name": "RZ_MANU2",
      "id": "016"
    },
    "manager": {
      "name": "wazuh.manager"
    },
    "data": {
      "win": {
        "eventdata": {
          "param7": "ARZW\\\\RZAdmin",
          "param5": "neu starten",
          "param3": "Anderer Grund (nicht geplant)",
          "param4": "0x0",
          "param1": "C:\\\\Windows\\\\System32\\\\RuntimeBroker.exe (RZ_MANU2)",
          "param2": "RZ_MANU2"
        },
        "system": {
          "eventID": "1074",
          "eventSourceName": "User32",
          "keywords": "0x8080000000000000",
          "providerGuid": "{b0aa8734-56f7-41cc-b2f4-de228e98b946}",
          "level": "4",
          "channel": "System",
          "opcode": "0",
          "message": "\"Vom Prozess \"C:\\Windows\\System32\\RuntimeBroker.exe (RZ_MANU2)\" wurde auf Anforderung des Benutzers \"ARZW\\RZAdmin\" das Ereignis \"neu starten\" für den Computer \"RZ_MANU2\" aus folgendem Grund initiiert: \"Anderer Grund (nicht geplant)\"\r\n Ursachencode: \"0x0\"\r\n Herunterfahrtyp: \"neu starten\"\r\n Kommentar: \"\"\"",
          "version": "0",
          "systemTime": "2026-05-26T11:01:05.2051062Z",
          "eventRecordID": "127861",
          "threadID": "792",
          "computer": "RZ_MANU2.arzw.local",
          "task": "0",
          "processID": "660",
          "severityValue": "INFORMATION",
          "providerName": "User32"
        }
      }
    },
    "rule": {
      "firedtimes": 1,
      "mail": false,
      "level": 3,
      "description": "System shutdown initiated.",
      "groups": [
        "windows",
        " WEF"
      ],
      "mitre": {
        "technique": [
          "System Shutdown/Reboot"
        ],
        "id": [
          "T1529"
        ],
        "tactic": [
          "Impact"
        ]
      },
      "id": "67018"
    },
    "location": "EventChannel",
    "decoder": {
      "name": "windows_eventchannel"
    },
    "id": "1779793266.22961165",
    "timestamp": "2026-05-26T11:01:06.426+0000"
  },
  {
    "input": {
      "type": "log"
    },
    "agent": {
      "ip": "172.21.5.20",
      "name": "RZ_MANU2",
      "id": "016"
    },
    "manager": {
      "name": "wazuh.manager"
    },
    "data": {
      "win": {
        "eventdata": {
          "data": "1581691364352025169, 1, APPCRASH, Nicht verfügbar, 0, physio1.exe, 0.0.0.0, 2a425e19, physio1.exe, 0.0.0.0, 2a425e19, c0000005, 00004a32,   \\\\\\\\?\\\\C:\\\\ProgramData\\\\Microsoft\\\\Windows\\\\WER\\\\Temp\\\\WER44B.tmp.dmp  \\\\\\\\?\\\\C:\\\\ProgramData\\\\Microsoft\\\\Windows\\\\WER\\\\Temp\\\\WER6AD.tmp.WERInternalMetadata.xml  \\\\\\\\?\\\\C:\\\\ProgramData\\\\Microsoft\\\\Windows\\\\WER\\\\Temp\\\\WER6BE.tmp.xml  \\\\\\\\?\\\\C:\\\\ProgramData\\\\Microsoft\\\\Windows\\\\WER\\\\Temp\\\\WER6C4.tmp.csv  \\\\\\\\?\\\\C:\\\\ProgramData\\\\Microsoft\\\\Windows\\\\WER\\\\Temp\\\\WER6E4.tmp.txt, \\\\\\\\?\\\\C:\\\\ProgramData\\\\Microsoft\\\\Windows\\\\WER\\\\ReportArchive\\\\AppCrash_physio1.exe_f068313bf6d5a5753a9ad84b63e535443fbbeba0_aca822f1_9778b478-4944-45b7-980d-9b8263268536, 0, 9ad47c70-5fd6-46e8-bdc6-4a2e3229f3de, 268435456, eba3c5aa2f22780815f34bea6c816251, 0"
        },
        "system": {
          "eventID": "1001",
          "keywords": "0x80000000000000",
          "level": "4",
          "channel": "Application",
          "opcode": "0",
          "message": "\"Fehlerbucket 1581691364352025169, Typ 1\r\nEreignisname: APPCRASH\r\nAntwort: Nicht verfügbar\r\nCAB-Datei-ID: 0\r\n\r\nProblemsignatur:\r\nP1: physio1.exe\r\nP2: 0.0.0.0\r\nP3: 2a425e19\r\nP4: physio1.exe\r\nP5: 0.0.0.0\r\nP6: 2a425e19\r\nP7: c0000005\r\nP8: 00004a32\r\nP9: \r\nP10: \r\n\r\nAngefügte Dateien:\r\n\\\\?\\C:\\ProgramData\\Microsoft\\Windows\\WER\\Temp\\WER44B.tmp.dmp\r\n\\\\?\\C:\\ProgramData\\Microsoft\\Windows\\WER\\Temp\\WER6AD.tmp.WERInternalMetadata.xml\r\n\\\\?\\C:\\ProgramData\\Microsoft\\Windows\\WER\\Temp\\WER6BE.tmp.xml\r\n\\\\?\\C:\\ProgramData\\Microsoft\\Windows\\WER\\Temp\\WER6C4.tmp.csv\r\n\\\\?\\C:\\ProgramData\\Microsoft\\Windows\\WER\\Temp\\WER6E4.tmp.txt\r\n\r\nDiese Dateien befinden sich möglicherweise hier:\r\n\\\\?\\C:\\ProgramData\\Microsoft\\Windows\\WER\\ReportArchive\\AppCrash_physio1.exe_f068313bf6d5a5753a9ad84b63e535443fbbeba0_aca822f1_9778b478-4944-45b7-980d-9b8263268536\r\n\r\nAnalysesymbol: \r\nEs wird erneut nach einer Lösung gesucht: 0\r\nBerichts-ID: 9ad47c70-5fd6-46e8-bdc6-4a2e3229f3de\r\nBerichtstatus: 268435456\r\nBucket mit Hash: eba3c5aa2f22780815f34bea6c816251\r\nCAB-Datei-Guid: 0\"",
          "version": "0",
          "systemTime": "2026-05-26T11:01:03.0064837Z",
          "eventRecordID": "308543",
          "threadID": "0",
          "computer": "RZ_MANU2.arzw.local",
          "task": "0",
          "processID": "0",
          "severityValue": "INFORMATION",
          "providerName": "Windows Error Reporting"
        }
      }
    },
    "rule": {
      "firedtimes": 2,
      "mail": false,
      "level": 4,
      "description": "Summary event of the report's signatures.",
      "groups": [
        "windows",
        "windows_application"
      ],
      "id": "60608"
    },
    "location": "EventChannel",
    "decoder": {
      "name": "windows_eventchannel"
    },
    "id": "1779793263.22956262",
    "timestamp": "2026-05-26T11:01:03.214+0000"
  },
  {
    "input": {
      "type": "log"
    },
    "agent": {
      "ip": "172.21.5.20",
      "name": "RZ_MANU2",
      "id": "016"
    },
    "manager": {
      "name": "wazuh.manager"
    },
    "data": {
      "win": {
        "eventdata": {
          "data": "physio1.exe, 0.0.0.0, 2a425e19, physio1.exe, 0.0.0.0, 2a425e19, c0000005, 00004a32, 252c, 01dcecfee4545e7c, K:\\\\phyorg\\\\APPROGR\\\\physio1.exe, K:\\\\phyorg\\\\APPROGR\\\\physio1.exe, 9ad47c70-5fd6-46e8-bdc6-4a2e3229f3de"
        },
        "system": {
          "eventID": "1000",
          "keywords": "0x80000000000000",
          "level": "2",
          "channel": "Application",
          "opcode": "0",
          "message": "\"Name der fehlerhaften Anwendung: physio1.exe, Version: 0.0.0.0, Zeitstempel: 0x2a425e19\r\nName des fehlerhaften Moduls: physio1.exe, Version: 0.0.0.0, Zeitstempel: 0x2a425e19\r\nAusnahmecode: 0xc0000005\r\nFehleroffset: 0x00004a32\r\nID des fehlerhaften Prozesses: 0x252c\r\nStartzeit der fehlerhaften Anwendung: 0x01dcecfee4545e7c\r\nPfad der fehlerhaften Anwendung: K:\\phyorg\\APPROGR\\physio1.exe\r\nPfad des fehlerhaften Moduls: K:\\phyorg\\APPROGR\\physio1.exe\r\nBerichtskennung: 9ad47c70-5fd6-46e8-bdc6-4a2e3229f3de\r\nVollständiger Name des fehlerhaften Pakets: \r\nAnwendungs-ID, die relativ zum fehlerhaften Paket ist: \"",
          "version": "0",
          "systemTime": "2026-05-26T11:01:00.7095493Z",
          "eventRecordID": "308542",
          "threadID": "0",
          "computer": "RZ_MANU2.arzw.local",
          "task": "100",
          "processID": "0",
          "severityValue": "ERROR",
          "providerName": "Application Error"
        }
      }
    },
    "rule": {
      "firedtimes": 2,
      "mail": false,
      "level": 9,
      "description": "Windows application error event.",
      "groups": [
        "windows",
        "windows_application",
        "system_error"
      ],
      "id": "60602",
      "gdpr": [
        "IV_35.7.d"
      ],
      "gpg13": [
        "4.3"
      ]
    },
    "location": "EventChannel",
    "decoder": {
      "name": "windows_eventchannel"
    },
    "id": "1779793260.22953530",
    "timestamp": "2026-05-26T11:01:00.918+0000"
  },
  {
    "input": {
      "type": "log"
    },
    "agent": {
      "ip": "172.21.5.20",
      "name": "RZ_MANU2",
      "id": "016"
    },
    "manager": {
      "name": "wazuh.manager"
    },
    "data": {
      "win": {
        "eventdata": {
          "data": "1581691364352025169, 1, APPCRASH, Nicht verfügbar, 0, physio1.exe, 0.0.0.0, 2a425e19, physio1.exe, 0.0.0.0, 2a425e19, c0000005, 00004a32,   \\\\\\\\?\\\\C:\\\\ProgramData\\\\Microsoft\\\\Windows\\\\WER\\\\Temp\\\\WER9574.tmp.dmp  \\\\\\\\?\\\\C:\\\\ProgramData\\\\Microsoft\\\\Windows\\\\WER\\\\Temp\\\\WER9805.tmp.WERInternalMetadata.xml  \\\\\\\\?\\\\C:\\\\ProgramData\\\\Microsoft\\\\Windows\\\\WER\\\\Temp\\\\WER9816.tmp.xml  \\\\\\\\?\\\\C:\\\\ProgramData\\\\Microsoft\\\\Windows\\\\WER\\\\Temp\\\\WER981A.tmp.csv  \\\\\\\\?\\\\C:\\\\ProgramData\\\\Microsoft\\\\Windows\\\\WER\\\\Temp\\\\WER982A.tmp.txt, \\\\\\\\?\\\\C:\\\\ProgramData\\\\Microsoft\\\\Windows\\\\WER\\\\ReportArchive\\\\AppCrash_physio1.exe_f068313bf6d5a5753a9ad84b63e535443fbbeba0_aca822f1_eadab2a0-a40d-4df0-a3af-74d4af790d7f, 0, 47b1875c-f700-410f-a022-bfa3f8dcb946, 268435456, eba3c5aa2f22780815f34bea6c816251, 0"
        },
        "system": {
          "eventID": "1001",
          "keywords": "0x80000000000000",
          "level": "4",
          "channel": "Application",
          "opcode": "0",
          "message": "\"Fehlerbucket 1581691364352025169, Typ 1\r\nEreignisname: APPCRASH\r\nAntwort: Nicht verfügbar\r\nCAB-Datei-ID: 0\r\n\r\nProblemsignatur:\r\nP1: physio1.exe\r\nP2: 0.0.0.0\r\nP3: 2a425e19\r\nP4: physio1.exe\r\nP5: 0.0.0.0\r\nP6: 2a425e19\r\nP7: c0000005\r\nP8: 00004a32\r\nP9: \r\nP10: \r\n\r\nAngefügte Dateien:\r\n\\\\?\\C:\\ProgramData\\Microsoft\\Windows\\WER\\Temp\\WER9574.tmp.dmp\r\n\\\\?\\C:\\ProgramData\\Microsoft\\Windows\\WER\\Temp\\WER9805.tmp.WERInternalMetadata.xml\r\n\\\\?\\C:\\ProgramData\\Microsoft\\Windows\\WER\\Temp\\WER9816.tmp.xml\r\n\\\\?\\C:\\ProgramData\\Microsoft\\Windows\\WER\\Temp\\WER981A.tmp.csv\r\n\\\\?\\C:\\ProgramData\\Microsoft\\Windows\\WER\\Temp\\WER982A.tmp.txt\r\n\r\nDiese Dateien befinden sich möglicherweise hier:\r\n\\\\?\\C:\\ProgramData\\Microsoft\\Windows\\WER\\ReportArchive\\AppCrash_physio1.exe_f068313bf6d5a5753a9ad84b63e535443fbbeba0_aca822f1_eadab2a0-a40d-4df0-a3af-74d4af790d7f\r\n\r\nAnalysesymbol: \r\nEs wird erneut nach einer Lösung gesucht: 0\r\nBerichts-ID: 47b1875c-f700-410f-a022-bfa3f8dcb946\r\nBerichtstatus: 268435456\r\nBucket mit Hash: eba3c5aa2f22780815f34bea6c816251\r\nCAB-Datei-Guid: 0\"",
          "version": "0",
          "systemTime": "2026-05-26T11:00:34.6276439Z",
          "eventRecordID": "308541",
          "threadID": "0",
          "computer": "RZ_MANU2.arzw.local",
          "task": "0",
          "processID": "0",
          "severityValue": "INFORMATION",
          "providerName": "Windows Error Reporting"
        }
      }
    },
    "rule": {
      "firedtimes": 1,
      "mail": false,
      "level": 4,
      "description": "Summary event of the report's signatures.",
      "groups": [
        "windows",
        "windows_application"
      ],
      "id": "60608"
    },
    "location": "EventChannel",
    "decoder": {
      "name": "windows_eventchannel"
    },
    "id": "1779793234.22937856",
    "timestamp": "2026-05-26T11:00:34.823+0000"
  },
  {
    "input": {
      "type": "log"
    },
    "agent": {
      "ip": "172.21.5.20",
      "name": "RZ_MANU2",
      "id": "016"
    },
    "manager": {
      "name": "wazuh.manager"
    },
    "data": {
      "win": {
        "eventdata": {
          "data": "physio1.exe, 0.0.0.0, 2a425e19, physio1.exe, 0.0.0.0, 2a425e19, c0000005, 00004a32, 1910, 01dcecfea936c151, K:\\\\phyorg\\\\APPROGR\\\\physio1.exe, K:\\\\phyorg\\\\APPROGR\\\\physio1.exe, 47b1875c-f700-410f-a022-bfa3f8dcb946"
        },
        "system": {
          "eventID": "1000",
          "keywords": "0x80000000000000",
          "level": "2",
          "channel": "Application",
          "opcode": "0",
          "message": "\"Name der fehlerhaften Anwendung: physio1.exe, Version: 0.0.0.0, Zeitstempel: 0x2a425e19\r\nName des fehlerhaften Moduls: physio1.exe, Version: 0.0.0.0, Zeitstempel: 0x2a425e19\r\nAusnahmecode: 0xc0000005\r\nFehleroffset: 0x00004a32\r\nID des fehlerhaften Prozesses: 0x1910\r\nStartzeit der fehlerhaften Anwendung: 0x01dcecfea936c151\r\nPfad der fehlerhaften Anwendung: K:\\phyorg\\APPROGR\\physio1.exe\r\nPfad des fehlerhaften Moduls: K:\\phyorg\\APPROGR\\physio1.exe\r\nBerichtskennung: 47b1875c-f700-410f-a022-bfa3f8dcb946\r\nVollständiger Name des fehlerhaften Pakets: \r\nAnwendungs-ID, die relativ zum fehlerhaften Paket ist: \"",
          "version": "0",
          "systemTime": "2026-05-26T11:00:32.2765785Z",
          "eventRecordID": "308540",
          "threadID": "0",
          "computer": "RZ_MANU2.arzw.local",
          "task": "100",
          "processID": "0",
          "severityValue": "ERROR",
          "providerName": "Application Error"
        }
      }
    },
    "rule": {
      "firedtimes": 1,
      "mail": false,
      "level": 9,
      "description": "Windows application error event.",
      "groups": [
        "windows",
        "windows_application",
        "system_error"
      ],
      "id": "60602",
      "gdpr": [
        "IV_35.7.d"
      ],
      "gpg13": [
        "4.3"
      ]
    },
    "location": "EventChannel",
    "decoder": {
      "name": "windows_eventchannel"
    },
    "id": "1779793232.22935124",
    "timestamp": "2026-05-26T11:00:32.472+0000"
  },
