  {
    "input": {
      "type": "log"
    },
    "agent": {
      "ip": "172.21.4.241",
      "name": "RZ_Scan_03_004",
      "id": "082"
    },
    "manager": {
      "name": "wazuh.manager"
    },
    "data": {
      "win": {
        "eventdata": {
          "entityName": "ARZW\\\\RZUser",
          "currentSize": "60",
          "currentLimit": "60"
        },
        "system": {
          "eventID": "16398",
          "keywords": "0x8000000000000000",
          "providerGuid": "{ef1cc15b-46c1-414e-bb95-e76b077bd51e}",
          "level": "2",
          "channel": "System",
          "opcode": "0",
          "message": "\"Ein neuer BITS-Auftrag konnte nicht erstellt werden. Die aktuelle Auftragsanzahl für den ARZW\\RZUser-Benutzer (\"60\") ist gleich oder größer als das durch die Gruppenrichtlinie angegebene Auftragslimit (\"60\"). Sie können das Problem beheben, indem Sie die BITS-Aufträge beenden oder abbrechen, für die kein Fortschritt festgestellt wurde, indem Sie sich den Fehler ansehen, und den BITS-Dienst anschließend neu starten. Falls der Fehler weiterhin angezeigt wird, bitten Sie den Administrator, die durch die Gruppenrichtlinie angegebenen Auftragslimits pro Benutzer und pro Computer zu erhöhen.\"",
          "version": "0",
          "systemTime": "2026-05-26T05:29:46.1354728Z",
          "eventRecordID": "214833",
          "threadID": "4048",
          "computer": "RZ_Scan_03_004.arzw.local",
          "task": "0",
          "processID": "9200",
          "severityValue": "ERROR",
          "providerName": "Microsoft-Windows-Bits-Client"
        }
      }
    },
    "rule": {
      "firedtimes": 39,
      "mail": false,
      "level": 5,
      "description": "Windows System error event",
      "groups": [
        "windows",
        "windows_system",
        "system_error"
      ],
      "id": "61102",
      "gpg13": [
        "4.3"
      ],
      "gdpr": [
        "IV_35.7.d"
      ]
    },
    "location": "EventChannel",
    "decoder": {
      "name": "windows_eventchannel"
    },
    "id": "1779773387.9694908",
    "timestamp": "2026-05-26T05:29:47.164+0000"
  },
  {
    "input": {
      "type": "log"
    },
    "agent": {
      "ip": "172.21.4.241",
      "name": "RZ_Scan_03_004",
      "id": "082"
    },
    "manager": {
      "name": "wazuh.manager"
    },
    "data": {
      "win": {
        "eventdata": {
          "param3": "Automatisch starten",
          "param4": "BITS",
          "param1": "Background Intelligent Transfer Service",
          "param2": "Manuell starten"
        },
        "system": {
          "eventID": "7040",
          "eventSourceName": "Service Control Manager",
          "keywords": "0x8080000000000000",
          "providerGuid": "{555908d1-a6d7-4695-8e1e-26931d2012f4}",
          "level": "4",
          "channel": "System",
          "opcode": "0",
          "message": "\"Der Starttyp des Diensts \"Background Intelligent Transfer Service\" wurde von Manuell starten in Automatisch starten geändert.\"",
          "version": "0",
          "systemTime": "2026-05-26T05:29:41.9696491Z",
          "eventRecordID": "214832",
          "threadID": "11860",
          "computer": "RZ_Scan_03_004.arzw.local",
          "task": "0",
          "processID": "788",
          "severityValue": "INFORMATION",
          "providerName": "Service Control Manager"
        }
      }
    },
    "rule": {
      "firedtimes": 41,
      "mail": false,
      "level": 3,
      "pci_dss": [
        "10.6"
      ],
      "hipaa": [
        "164.312.b"
      ],
      "tsc": [
        "CC6.1",
        "CC6.8",
        "CC7.2",
        "CC7.3"
      ],
      "description": "Service startup type was changed",
      "groups": [
        "windows",
        "windows_system",
        "policy_changed"
      ],
      "id": "61104",
      "nist_800_53": [
        "AU.6"
      ],
      "info": "This does not appear to be logged on Windows 2000",
      "gdpr": [
        "IV_35.7.d"
      ]
    },
    "location": "EventChannel",
    "decoder": {
      "name": "windows_eventchannel"
    },
    "id": "1779773383.9692450",
    "timestamp": "2026-05-26T05:29:43.014+0000"
  },
  {
    "input": {
      "type": "log"
    },
    "agent": {
      "ip": "172.21.4.241",
      "name": "RZ_Scan_03_004",
      "id": "082"
    },
    "manager": {
      "name": "wazuh.manager"
    },
    "data": {
      "win": {
        "eventdata": {
          "data": "2126-05-02T05:24:12Z, RulesEngine"
        },
        "system": {
          "eventID": "16384",
          "eventSourceName": "Software Protection Platform Service",
          "keywords": "0x80000000000000",
          "providerGuid": "{E23B33B0-C8C9-472C-A5F9-F2BDFEA0F156}",
          "level": "4",
          "channel": "Application",
          "opcode": "0",
          "message": "\"Der Softwareschutzdienst wurde erfolgreich für den erneuten Start bei 2126-05-02T05:24:12Z geplant. Grund: RulesEngine.\"",
          "version": "0",
          "systemTime": "2026-05-26T05:24:12.7057068Z",
          "eventRecordID": "152086",
          "threadID": "0",
          "computer": "RZ_Scan_03_004.arzw.local",
          "task": "0",
          "processID": "0",
          "severityValue": "INFORMATION",
          "providerName": "Microsoft-Windows-Security-SPP"
        }
      }
    },
    "rule": {
      "firedtimes": 58,
      "mail": false,
      "level": 3,
      "description": "Software protection service scheduled successfully.",
      "groups": [
        "windows",
        "windows_application"
      ],
      "id": "60642"
    },
    "location": "EventChannel",
    "decoder": {
      "name": "windows_eventchannel"
    },
    "id": "1779773052.8865615",
    "timestamp": "2026-05-26T05:24:12.744+0000"
  },
  {
    "input": {
      "type": "log"
    },
    "agent": {
      "ip": "172.21.4.241",
      "name": "RZ_Scan_03_004",
      "id": "082"
    },
    "manager": {
      "name": "wazuh.manager"
    },
    "data": {
      "win": {
        "eventdata": {
          "data": "2126-05-02T05:10:25Z, RulesEngine"
        },
        "system": {
          "eventID": "16384",
          "eventSourceName": "Software Protection Platform Service",
          "keywords": "0x80000000000000",
          "providerGuid": "{E23B33B0-C8C9-472C-A5F9-F2BDFEA0F156}",
          "level": "4",
          "channel": "Application",
          "opcode": "0",
          "message": "\"Der Softwareschutzdienst wurde erfolgreich für den erneuten Start bei 2126-05-02T05:10:25Z geplant. Grund: RulesEngine.\"",
          "version": "0",
          "systemTime": "2026-05-26T05:10:25.7609197Z",
          "eventRecordID": "152084",
          "threadID": "0",
          "computer": "RZ_Scan_03_004.arzw.local",
          "task": "0",
          "processID": "0",
          "severityValue": "INFORMATION",
          "providerName": "Microsoft-Windows-Security-SPP"
        }
      }
    },
    "rule": {
      "firedtimes": 23,
      "mail": false,
      "level": 3,
      "description": "Software protection service scheduled successfully.",
      "groups": [
        "windows",
        "windows_application"
      ],
      "id": "60642"
    },
    "location": "EventChannel",
    "decoder": {
      "name": "windows_eventchannel"
    },
    "id": "1779772225.7124242",
    "timestamp": "2026-05-26T05:10:25.807+0000"
  },
  {
    "input": {
      "type": "log"
    },
    "agent": {
      "ip": "172.21.4.241",
      "name": "RZ_Scan_03_004",
      "id": "082"
    },
    "manager": {
      "name": "wazuh.manager"
    },
    "data": {
      "win": {
        "eventdata": {
          "data": "2126-05-02T05:04:30Z, RulesEngine"
        },
        "system": {
          "eventID": "16384",
          "eventSourceName": "Software Protection Platform Service",
          "keywords": "0x80000000000000",
          "providerGuid": "{E23B33B0-C8C9-472C-A5F9-F2BDFEA0F156}",
          "level": "4",
          "channel": "Application",
          "opcode": "0",
          "message": "\"Der Softwareschutzdienst wurde erfolgreich für den erneuten Start bei 2126-05-02T05:04:30Z geplant. Grund: RulesEngine.\"",
          "version": "0",
          "systemTime": "2026-05-26T05:04:30.2059776Z",
          "eventRecordID": "152082",
          "threadID": "0",
          "computer": "RZ_Scan_03_004.arzw.local",
          "task": "0",
          "processID": "0",
          "severityValue": "INFORMATION",
          "providerName": "Microsoft-Windows-Security-SPP"
        }
      }
    },
    "rule": {
      "firedtimes": 7,
      "mail": false,
      "level": 3,
      "description": "Software protection service scheduled successfully.",
      "groups": [
        "windows",
        "windows_application"
      ],
      "id": "60642"
    },
    "location": "EventChannel",
    "decoder": {
      "name": "windows_eventchannel"
    },
    "id": "1779771870.6965513",
    "timestamp": "2026-05-26T05:04:30.235+0000"
  },
  {
    "input": {
      "type": "log"
    },
    "agent": {
      "ip": "172.21.4.241",
      "name": "RZ_Scan_03_004",
      "id": "082"
    },
    "manager": {
      "name": "wazuh.manager"
    },
    "data": {
      "win": {
        "eventdata": {
          "param3": "Manuell starten",
          "param4": "BITS",
          "param1": "Background Intelligent Transfer Service",
          "param2": "Automatisch starten"
        },
        "system": {
          "eventID": "7040",
          "eventSourceName": "Service Control Manager",
          "keywords": "0x8080000000000000",
          "providerGuid": "{555908d1-a6d7-4695-8e1e-26931d2012f4}",
          "level": "4",
          "channel": "System",
          "opcode": "0",
          "message": "\"Der Starttyp des Diensts \"Background Intelligent Transfer Service\" wurde von Automatisch starten in Manuell starten geändert.\"",
          "version": "0",
          "systemTime": "2026-05-26T05:03:54.3140657Z",
          "eventRecordID": "214828",
          "threadID": "10156",
          "computer": "RZ_Scan_03_004.arzw.local",
          "task": "0",
          "processID": "788",
          "severityValue": "INFORMATION",
          "providerName": "Service Control Manager"
        }
      }
    },
    "rule": {
      "firedtimes": 10,
      "mail": false,
      "level": 3,
      "pci_dss": [
        "10.6"
      ],
      "hipaa": [
        "164.312.b"
      ],
      "tsc": [
        "CC6.1",
        "CC6.8",
        "CC7.2",
        "CC7.3"
      ],
      "description": "Service startup type was changed",
      "groups": [
        "windows",
        "windows_system",
        "policy_changed"
      ],
      "id": "61104",
      "nist_800_53": [
        "AU.6"
      ],
      "info": "This does not appear to be logged on Windows 2000",
      "gdpr": [
        "IV_35.7.d"
      ]
    },
    "location": "EventChannel",
    "decoder": {
      "name": "windows_eventchannel"
    },
    "id": "1779771835.6954165",
    "timestamp": "2026-05-26T05:03:55.343+0000"
  },
  {
    "input": {
      "type": "log"
    },
    "agent": {
      "ip": "172.21.4.241",
      "name": "RZ_Scan_03_004",
      "id": "082"
    },
    "manager": {
      "name": "wazuh.manager"
    },
    "data": {
      "win": {
        "eventdata": {
          "entityName": "ARZW\\\\RZUser",
          "currentSize": "60",
          "currentLimit": "60"
        },
        "system": {
          "eventID": "16398",
          "keywords": "0x8000000000000000",
          "providerGuid": "{ef1cc15b-46c1-414e-bb95-e76b077bd51e}",
          "level": "2",
          "channel": "System",
          "opcode": "0",
          "message": "\"Ein neuer BITS-Auftrag konnte nicht erstellt werden. Die aktuelle Auftragsanzahl für den ARZW\\RZUser-Benutzer (\"60\") ist gleich oder größer als das durch die Gruppenrichtlinie angegebene Auftragslimit (\"60\"). Sie können das Problem beheben, indem Sie die BITS-Aufträge beenden oder abbrechen, für die kein Fortschritt festgestellt wurde, indem Sie sich den Fehler ansehen, und den BITS-Dienst anschließend neu starten. Falls der Fehler weiterhin angezeigt wird, bitten Sie den Administrator, die durch die Gruppenrichtlinie angegebenen Auftragslimits pro Benutzer und pro Computer zu erhöhen.\"",
          "version": "0",
          "systemTime": "2026-05-26T05:01:43.9875096Z",
          "eventRecordID": "214827",
          "threadID": "11664",
          "computer": "RZ_Scan_03_004.arzw.local",
          "task": "0",
          "processID": "10744",
          "severityValue": "ERROR",
          "providerName": "Microsoft-Windows-Bits-Client"
        }
      }
    },
    "rule": {
      "firedtimes": 4,
      "mail": false,
      "level": 5,
      "description": "Windows System error event",
      "groups": [
        "windows",
        "windows_system",
        "system_error"
      ],
      "id": "61102",
      "gpg13": [
        "4.3"
      ],
      "gdpr": [
        "IV_35.7.d"
      ]
    },
    "location": "EventChannel",
    "decoder": {
      "name": "windows_eventchannel"
    },
    "id": "1779771705.6834072",
    "timestamp": "2026-05-26T05:01:45.018+0000"
  },
  {
    "input": {
      "type": "log"
    },
    "agent": {
      "ip": "172.21.4.241",
      "name": "RZ_Scan_03_004",
      "id": "082"
    },
    "manager": {
      "name": "wazuh.manager"
    },
    "data": {
      "win": {
        "eventdata": {
          "entityName": "ARZW\\\\RZUser",
          "currentSize": "60",
          "currentLimit": "60"
        },
        "system": {
          "eventID": "16398",
          "keywords": "0x8000000000000000",
          "providerGuid": "{ef1cc15b-46c1-414e-bb95-e76b077bd51e}",
          "level": "2",
          "channel": "System",
          "opcode": "0",
          "message": "\"Ein neuer BITS-Auftrag konnte nicht erstellt werden. Die aktuelle Auftragsanzahl für den ARZW\\RZUser-Benutzer (\"60\") ist gleich oder größer als das durch die Gruppenrichtlinie angegebene Auftragslimit (\"60\"). Sie können das Problem beheben, indem Sie die BITS-Aufträge beenden oder abbrechen, für die kein Fortschritt festgestellt wurde, indem Sie sich den Fehler ansehen, und den BITS-Dienst anschließend neu starten. Falls der Fehler weiterhin angezeigt wird, bitten Sie den Administrator, die durch die Gruppenrichtlinie angegebenen Auftragslimits pro Benutzer und pro Computer zu erhöhen.\"",
          "version": "0",
          "systemTime": "2026-05-26T05:01:33.9873476Z",
          "eventRecordID": "214826",
          "threadID": "1528",
          "computer": "RZ_Scan_03_004.arzw.local",
          "task": "0",
          "processID": "10744",
          "severityValue": "ERROR",
          "providerName": "Microsoft-Windows-Bits-Client"
        }
      }
    },
    "rule": {
      "firedtimes": 3,
      "mail": false,
      "level": 5,
      "description": "Windows System error event",
      "groups": [
        "windows",
        "windows_system",
        "system_error"
      ],
      "id": "61102",
      "gpg13": [
        "4.3"
      ],
      "gdpr": [
        "IV_35.7.d"
      ]
    },
    "location": "EventChannel",
    "decoder": {
      "name": "windows_eventchannel"
    },
    "id": "1779771695.6829899",
    "timestamp": "2026-05-26T05:01:35.016+0000"
  },
  {
    "input": {
      "type": "log"
    },
    "agent": {
      "ip": "172.21.4.241",
      "name": "RZ_Scan_03_004",
      "id": "082"
    },
    "manager": {
      "name": "wazuh.manager"
    },
    "data": {
      "win": {
        "eventdata": {
          "entityName": "ARZW\\\\RZUser",
          "currentSize": "60",
          "currentLimit": "60"
        },
        "system": {
          "eventID": "16398",
          "keywords": "0x8000000000000000",
          "providerGuid": "{ef1cc15b-46c1-414e-bb95-e76b077bd51e}",
          "level": "2",
          "channel": "System",
          "opcode": "0",
          "message": "\"Ein neuer BITS-Auftrag konnte nicht erstellt werden. Die aktuelle Auftragsanzahl für den ARZW\\RZUser-Benutzer (\"60\") ist gleich oder größer als das durch die Gruppenrichtlinie angegebene Auftragslimit (\"60\"). Sie können das Problem beheben, indem Sie die BITS-Aufträge beenden oder abbrechen, für die kein Fortschritt festgestellt wurde, indem Sie sich den Fehler ansehen, und den BITS-Dienst anschließend neu starten. Falls der Fehler weiterhin angezeigt wird, bitten Sie den Administrator, die durch die Gruppenrichtlinie angegebenen Auftragslimits pro Benutzer und pro Computer zu erhöhen.\"",
          "version": "0",
          "systemTime": "2026-05-26T05:01:23.9788876Z",
          "eventRecordID": "214825",
          "threadID": "1528",
          "computer": "RZ_Scan_03_004.arzw.local",
          "task": "0",
          "processID": "10744",
          "severityValue": "ERROR",
          "providerName": "Microsoft-Windows-Bits-Client"
        }
      }
    },
    "rule": {
      "firedtimes": 2,
      "mail": false,
      "level": 5,
      "description": "Windows System error event",
      "groups": [
        "windows",
        "windows_system",
        "system_error"
      ],
      "id": "61102",
      "gpg13": [
        "4.3"
      ],
      "gdpr": [
        "IV_35.7.d"
      ]
    },
    "location": "EventChannel",
    "decoder": {
      "name": "windows_eventchannel"
    },
    "id": "1779771685.6827342",
    "timestamp": "2026-05-26T05:01:25.008+0000"
  },
  {
    "input": {
      "type": "log"
    },
    "agent": {
      "ip": "172.21.4.241",
      "name": "RZ_Scan_03_004",
      "id": "082"
    },
    "manager": {
      "name": "wazuh.manager"
    },
    "data": {
      "win": {
        "eventdata": {
          "entityName": "ARZW\\\\RZUser",
          "currentSize": "60",
          "currentLimit": "60"
        },
        "system": {
          "eventID": "16398",
          "keywords": "0x8000000000000000",
          "providerGuid": "{ef1cc15b-46c1-414e-bb95-e76b077bd51e}",
          "level": "2",
          "channel": "System",
          "opcode": "0",
          "message": "\"Ein neuer BITS-Auftrag konnte nicht erstellt werden. Die aktuelle Auftragsanzahl für den ARZW\\RZUser-Benutzer (\"60\") ist gleich oder größer als das durch die Gruppenrichtlinie angegebene Auftragslimit (\"60\"). Sie können das Problem beheben, indem Sie die BITS-Aufträge beenden oder abbrechen, für die kein Fortschritt festgestellt wurde, indem Sie sich den Fehler ansehen, und den BITS-Dienst anschließend neu starten. Falls der Fehler weiterhin angezeigt wird, bitten Sie den Administrator, die durch die Gruppenrichtlinie angegebenen Auftragslimits pro Benutzer und pro Computer zu erhöhen.\"",
          "version": "0",
          "systemTime": "2026-05-26T05:01:13.9674616Z",
          "eventRecordID": "214824",
          "threadID": "1528",
          "computer": "RZ_Scan_03_004.arzw.local",
          "task": "0",
          "processID": "10744",
          "severityValue": "ERROR",
          "providerName": "Microsoft-Windows-Bits-Client"
        }
      }
    },
    "rule": {
      "firedtimes": 1,
      "mail": false,
      "level": 5,
      "description": "Windows System error event",
      "groups": [
        "windows",
        "windows_system",
        "system_error"
      ],
      "id": "61102",
      "gpg13": [
        "4.3"
      ],
      "gdpr": [
        "IV_35.7.d"
      ]
    },
    "location": "EventChannel",
    "decoder": {
      "name": "windows_eventchannel"
    },
    "id": "1779771674.6823165",
    "timestamp": "2026-05-26T05:01:14.987+0000"
  },
  {
    "input": {
      "type": "log"
    },
    "agent": {
      "ip": "172.21.4.241",
      "name": "RZ_Scan_03_004",
      "id": "082"
    },
    "manager": {
      "name": "wazuh.manager"
    },
    "data": {
      "win": {
        "eventdata": {
          "param3": "Automatisch starten",
          "param4": "BITS",
          "param1": "Background Intelligent Transfer Service",
          "param2": "Manuell starten"
        },
        "system": {
          "eventID": "7040",
          "eventSourceName": "Service Control Manager",
          "keywords": "0x8080000000000000",
          "providerGuid": "{555908d1-a6d7-4695-8e1e-26931d2012f4}",
          "level": "4",
          "channel": "System",
          "opcode": "0",
          "message": "\"Der Starttyp des Diensts \"Background Intelligent Transfer Service\" wurde von Manuell starten in Automatisch starten geändert.\"",
          "version": "0",
          "systemTime": "2026-05-26T05:01:09.7746740Z",
          "eventRecordID": "214823",
          "threadID": "8260",
          "computer": "RZ_Scan_03_004.arzw.local",
          "task": "0",
          "processID": "788",
          "severityValue": "INFORMATION",
          "providerName": "Service Control Manager"
        }
      }
    },
    "rule": {
      "firedtimes": 3,
      "mail": false,
      "level": 3,
      "pci_dss": [
        "10.6"
      ],
      "hipaa": [
        "164.312.b"
      ],
      "tsc": [
        "CC6.1",
        "CC6.8",
        "CC7.2",
        "CC7.3"
      ],
      "description": "Service startup type was changed",
      "groups": [
        "windows",
        "windows_system",
        "policy_changed"
      ],
      "id": "61104",
      "nist_800_53": [
        "AU.6"
      ],
      "info": "This does not appear to be logged on Windows 2000",
      "gdpr": [
        "IV_35.7.d"
      ]
    },
    "location": "EventChannel",
    "decoder": {
      "name": "windows_eventchannel"
    },
    "id": "1779771670.6821260",
    "timestamp": "2026-05-26T05:01:10.812+0000"
  },
  {
    "input": {
      "type": "log"
    },
    "agent": {
      "ip": "172.21.4.241",
      "name": "RZ_Scan_03_004",
      "id": "082"
    },
    "manager": {
      "name": "wazuh.manager"
    },
    "data": {
      "win": {
        "eventdata": {
          "data": "2126-05-02T04:40:13Z, RulesEngine"
        },
        "system": {
          "eventID": "16384",
          "eventSourceName": "Software Protection Platform Service",
          "keywords": "0x80000000000000",
          "providerGuid": "{E23B33B0-C8C9-472C-A5F9-F2BDFEA0F156}",
          "level": "4",
          "channel": "Application",
          "opcode": "0",
          "message": "\"Der Softwareschutzdienst wurde erfolgreich für den erneuten Start bei 2126-05-02T04:40:13Z geplant. Grund: RulesEngine.\"",
          "version": "0",
          "systemTime": "2026-05-26T04:40:13.0383857Z",
          "eventRecordID": "152080",
          "threadID": "0",
          "computer": "RZ_Scan_03_004.arzw.local",
          "task": "0",
          "processID": "0",
          "severityValue": "INFORMATION",
          "providerName": "Microsoft-Windows-Security-SPP"
        }
      }
    },
    "rule": {
      "firedtimes": 66,
      "mail": false,
      "level": 3,
      "description": "Software protection service scheduled successfully.",
      "groups": [
        "windows",
        "windows_application"
      ],
      "id": "60642"
    },
    "location": "EventChannel",
    "decoder": {
      "name": "windows_eventchannel"
    },
    "id": "1779770413.4522773",
    "timestamp": "2026-05-26T04:40:13.069+0000"
  },
  {
    "input": {
      "type": "log"
    },
    "agent": {
      "ip": "172.21.4.241",
      "name": "RZ_Scan_03_004",
      "id": "082"
    },
    "manager": {
      "name": "wazuh.manager"
    },
    "data": {
      "win": {
        "eventdata": {
          "binary": "2D20436F64653A2020434F525356434330303030303737342D2043616C6C3A2020434F525356434330303030303735362D205049443A202030303031313335362D205449443A202030303030373733362D20434D443A2020433A5C57494E444F57535C73797374656D33325C76737376632E6578652020202D20557365723A204E616D653A204E542D4155544F524954C4545C53595354454D2C205349443A532D312D352D313820"
        },
        "system": {
          "eventID": "8224",
          "keywords": "0x80000000000000",
          "level": "4",
          "channel": "Application",
          "opcode": "0",
          "message": "\"Der VSS-Dienst wird aufgrund eines Leerlaufzeitlimits heruntergefahren. \"",
          "version": "0",
          "systemTime": "2026-05-26T04:15:19.4443234Z",
          "eventRecordID": "152078",
          "threadID": "0",
          "computer": "RZ_Scan_03_004.arzw.local",
          "task": "0",
          "processID": "0",
          "severityValue": "INFORMATION",
          "providerName": "VSS"
        }
      }
    },
    "rule": {
      "firedtimes": 3,
      "mail": false,
      "level": 5,
      "description": "The VSS service is shutting down due to idle timeout.",
      "groups": [
        "windows",
        "windows_application"
      ],
      "id": "60702"
    },
    "location": "EventChannel",
    "decoder": {
      "name": "windows_eventchannel"
    },
    "id": "1779768919.3587488",
    "timestamp": "2026-05-26T04:15:19.393+0000"
  },
  {
    "input": {
      "type": "log"
    },
    "agent": {
      "ip": "172.21.4.241",
      "name": "RZ_Scan_03_004",
      "id": "082"
    },
    "manager": {
      "name": "wazuh.manager"
    },
    "data": {
      "win": {
        "eventdata": {
          "data": "2126-05-02T04:14:41Z, RulesEngine"
        },
        "system": {
          "eventID": "16384",
          "eventSourceName": "Software Protection Platform Service",
          "keywords": "0x80000000000000",
          "providerGuid": "{E23B33B0-C8C9-472C-A5F9-F2BDFEA0F156}",
          "level": "4",
          "channel": "Application",
          "opcode": "0",
          "message": "\"Der Softwareschutzdienst wurde erfolgreich für den erneuten Start bei 2126-05-02T04:14:41Z geplant. Grund: RulesEngine.\"",
          "version": "0",
          "systemTime": "2026-05-26T04:14:41.9079746Z",
          "eventRecordID": "152077",
          "threadID": "0",
          "computer": "RZ_Scan_03_004.arzw.local",
          "task": "0",
          "processID": "0",
          "severityValue": "INFORMATION",
          "providerName": "Microsoft-Windows-Security-SPP"
        }
      }
    },
    "rule": {
      "firedtimes": 29,
      "mail": false,
      "level": 3,
      "description": "Software protection service scheduled successfully.",
      "groups": [
        "windows",
        "windows_application"
      ],
      "id": "60642"
    },
    "location": "EventChannel",
    "decoder": {
      "name": "windows_eventchannel"
    },
    "id": "1779768881.3576876",
    "timestamp": "2026-05-26T04:14:41.815+0000"
  },
  {
    "input": {
      "type": "log"
    },
    "agent": {
      "ip": "172.21.4.241",
      "name": "RZ_Scan_03_004",
      "id": "082"
    },
    "manager": {
      "name": "wazuh.manager"
    },
    "data": {
      "win": {
        "eventdata": {
          "data": "2126-05-02T04:10:12Z, RulesEngine"
        },
        "system": {
          "eventID": "16384",
          "eventSourceName": "Software Protection Platform Service",
          "keywords": "0x80000000000000",
          "providerGuid": "{E23B33B0-C8C9-472C-A5F9-F2BDFEA0F156}",
          "level": "4",
          "channel": "Application",
          "opcode": "0",
          "message": "\"Der Softwareschutzdienst wurde erfolgreich für den erneuten Start bei 2126-05-02T04:10:12Z geplant. Grund: RulesEngine.\"",
          "version": "0",
          "systemTime": "2026-05-26T04:10:12.8918583Z",
          "eventRecordID": "152073",
          "threadID": "0",
          "computer": "RZ_Scan_03_004.arzw.local",
          "task": "0",
          "processID": "0",
          "severityValue": "INFORMATION",
          "providerName": "Microsoft-Windows-Security-SPP"
        }
      }
    },
    "rule": {
      "firedtimes": 23,
      "mail": false,
      "level": 3,
      "description": "Software protection service scheduled successfully.",
      "groups": [
        "windows",
        "windows_application"
      ],
      "id": "60642"
    },
    "location": "EventChannel",
    "decoder": {
      "name": "windows_eventchannel"
    },
    "id": "1779768612.3498722",
    "timestamp": "2026-05-26T04:10:12.793+0000"
  },
  {
    "input": {
      "type": "log"
    },
    "agent": {
      "ip": "172.21.4.241",
      "name": "RZ_Scan_03_004",
      "id": "082"
    },
    "manager": {
      "name": "wazuh.manager"
    },
    "data": {
      "win": {
        "eventdata": {
          "param3": "Manuell starten",
          "param4": "TrustedInstaller",
          "param1": "Windows Modules Installer",
          "param2": "Automatisch starten"
        },
        "system": {
          "eventID": "7040",
          "eventSourceName": "Service Control Manager",
          "keywords": "0x8080000000000000",
          "providerGuid": "{555908d1-a6d7-4695-8e1e-26931d2012f4}",
          "level": "4",
          "channel": "System",
          "opcode": "0",
          "message": "\"Der Starttyp des Diensts \"Windows Modules Installer\" wurde von Automatisch starten in Manuell starten geändert.\"",
          "version": "0",
          "systemTime": "2026-05-26T04:09:39.3327740Z",
          "eventRecordID": "214819",
          "threadID": "11424",
          "computer": "RZ_Scan_03_004.arzw.local",
          "task": "0",
          "processID": "788",
          "severityValue": "INFORMATION",
          "providerName": "Service Control Manager"
        }
      }
    },
    "rule": {
      "firedtimes": 20,
      "mail": false,
      "level": 3,
      "pci_dss": [
        "10.6"
      ],
      "hipaa": [
        "164.312.b"
      ],
      "tsc": [
        "CC6.1",
        "CC6.8",
        "CC7.2",
        "CC7.3"
      ],
      "description": "Service startup type was changed",
      "groups": [
        "windows",
        "windows_system",
        "policy_changed"
      ],
      "id": "61104",
      "nist_800_53": [
        "AU.6"
      ],
      "info": "This does not appear to be logged on Windows 2000",
      "gdpr": [
        "IV_35.7.d"
      ]
    },
    "location": "EventChannel",
    "decoder": {
      "name": "windows_eventchannel"
    },
    "id": "1779768579.3496847",
    "timestamp": "2026-05-26T04:09:39.998+0000"
  },
  {
    "input": {
      "type": "log"
    },
    "agent": {
      "ip": "172.21.4.241",
      "name": "RZ_Scan_03_004",
      "id": "082"
    },
    "manager": {
      "name": "wazuh.manager"
    },
    "data": {
      "win": {
        "eventdata": {
          "param3": "Automatisch starten",
          "param4": "TrustedInstaller",
          "param1": "Windows Modules Installer",
          "param2": "Manuell starten"
        },
        "system": {
          "eventID": "7040",
          "eventSourceName": "Service Control Manager",
          "keywords": "0x8080000000000000",
          "providerGuid": "{555908d1-a6d7-4695-8e1e-26931d2012f4}",
          "level": "4",
          "channel": "System",
          "opcode": "0",
          "message": "\"Der Starttyp des Diensts \"Windows Modules Installer\" wurde von Manuell starten in Automatisch starten geändert.\"",
          "version": "0",
          "systemTime": "2026-05-26T04:09:32.5112510Z",
          "eventRecordID": "214817",
          "threadID": "11424",
          "computer": "RZ_Scan_03_004.arzw.local",
          "task": "0",
          "processID": "788",
          "severityValue": "INFORMATION",
          "providerName": "Service Control Manager"
        }
      }
    },
    "rule": {
      "firedtimes": 19,
      "mail": false,
      "level": 3,
      "pci_dss": [
        "10.6"
      ],
      "hipaa": [
        "164.312.b"
      ],
      "tsc": [
        "CC6.1",
        "CC6.8",
        "CC7.2",
        "CC7.3"
      ],
      "description": "Service startup type was changed",
      "groups": [
        "windows",
        "windows_system",
        "policy_changed"
      ],
      "id": "61104",
      "nist_800_53": [
        "AU.6"
      ],
      "info": "This does not appear to be logged on Windows 2000",
      "gdpr": [
        "IV_35.7.d"
      ]
    },
    "location": "EventChannel",
    "decoder": {
      "name": "windows_eventchannel"
    },
    "id": "1779768573.3493347",
    "timestamp": "2026-05-26T04:09:33.074+0000"
  },
  {
    "input": {
      "type": "log"
    },
    "agent": {
      "ip": "172.21.4.241",
      "name": "RZ_Scan_03_004",
      "id": "082"
    },
    "manager": {
      "name": "wazuh.manager"
    },
    "data": {
      "win": {
        "eventdata": {
          "param3": "Manuell starten",
          "param4": "TrustedInstaller",
          "param1": "Windows Modules Installer",
          "param2": "Automatisch starten"
        },
        "system": {
          "eventID": "7040",
          "eventSourceName": "Service Control Manager",
          "keywords": "0x8080000000000000",
          "providerGuid": "{555908d1-a6d7-4695-8e1e-26931d2012f4}",
          "level": "4",
          "channel": "System",
          "opcode": "0",
          "message": "\"Der Starttyp des Diensts \"Windows Modules Installer\" wurde von Automatisch starten in Manuell starten geändert.\"",
          "version": "0",
          "systemTime": "2026-05-26T04:09:32.1705795Z",
          "eventRecordID": "214816",
          "threadID": "11424",
          "computer": "RZ_Scan_03_004.arzw.local",
          "task": "0",
          "processID": "788",
          "severityValue": "INFORMATION",
          "providerName": "Service Control Manager"
        }
      }
    },
    "rule": {
      "firedtimes": 18,
      "mail": false,
      "level": 3,
      "pci_dss": [
        "10.6"
      ],
      "hipaa": [
        "164.312.b"
      ],
      "tsc": [
        "CC6.1",
        "CC6.8",
        "CC7.2",
        "CC7.3"
      ],
      "description": "Service startup type was changed",
      "groups": [
        "windows",
        "windows_system",
        "policy_changed"
      ],
      "id": "61104",
      "nist_800_53": [
        "AU.6"
      ],
      "info": "This does not appear to be logged on Windows 2000",
      "gdpr": [
        "IV_35.7.d"
      ]
    },
    "location": "EventChannel",
    "decoder": {
      "name": "windows_eventchannel"
    },
    "id": "1779768573.3491472",
    "timestamp": "2026-05-26T04:09:33.073+0000"
  },
  {
    "input": {
      "type": "log"
    },
    "agent": {
      "ip": "172.21.4.241",
      "name": "RZ_Scan_03_004",
      "id": "082"
    },
    "manager": {
      "name": "wazuh.manager"
    },
    "data": {
      "win": {
        "eventdata": {
          "param3": "Automatisch starten",
          "param4": "TrustedInstaller",
          "param1": "Windows Modules Installer",
          "param2": "Manuell starten"
        },
        "system": {
          "eventID": "7040",
          "eventSourceName": "Service Control Manager",
          "keywords": "0x8080000000000000",
          "providerGuid": "{555908d1-a6d7-4695-8e1e-26931d2012f4}",
          "level": "4",
          "channel": "System",
          "opcode": "0",
          "message": "\"Der Starttyp des Diensts \"Windows Modules Installer\" wurde von Manuell starten in Automatisch starten geändert.\"",
          "version": "0",
          "systemTime": "2026-05-26T04:09:30.7643130Z",
          "eventRecordID": "214815",
          "threadID": "11424",
          "computer": "RZ_Scan_03_004.arzw.local",
          "task": "0",
          "processID": "788",
          "severityValue": "INFORMATION",
          "providerName": "Service Control Manager"
        }
      }
    },
    "rule": {
      "firedtimes": 17,
      "mail": false,
      "level": 3,
      "pci_dss": [
        "10.6"
      ],
      "hipaa": [
        "164.312.b"
      ],
      "tsc": [
        "CC6.1",
        "CC6.8",
        "CC7.2",
        "CC7.3"
      ],
      "description": "Service startup type was changed",
      "groups": [
        "windows",
        "windows_system",
        "policy_changed"
      ],
      "id": "61104",
      "nist_800_53": [
        "AU.6"
      ],
      "info": "This does not appear to be logged on Windows 2000",
      "gdpr": [
        "IV_35.7.d"
      ]
    },
    "location": "EventChannel",
    "decoder": {
      "name": "windows_eventchannel"
    },
    "id": "1779768571.3489597",
    "timestamp": "2026-05-26T04:09:31.538+0000"
  },
  {
    "input": {
      "type": "log"
    },
    "agent": {
      "ip": "172.21.4.241",
      "name": "RZ_Scan_03_004",
      "id": "082"
    },
    "manager": {
      "name": "wazuh.manager"
    },
    "data": {
      "win": {
        "eventdata": {
          "data": "svchost, 11348,D,50, DS_Token_DB:, 1, C:\\\\WINDOWS\\\\system32\\\\config\\\\systemprofile\\\\AppData\\\\Local\\\\DataSharing\\\\Storage\\\\DSTokenDB2.dat, 0,  [1] 0.000003 +J(0) [2] 0.001129 -0.000900 (1) WT +J(0) +M(C:0K, Fs:17, WS:4K # 12K, PF:4K # 0K, P:4K) [3] 0.006043 -0.000422 (6) WT +J(CM:0, PgRf:0, Rd:0/0, Dy:0/0, Lg:3480/2) +M(C:0K, Fs:11, WS:40K # 0K, PF:36K # 0K, P:36K) [4] 0.001078 +J(0) [5] - [6] - [7] - [8] 0.000404 -0.000301 (2) CM -0.000249 (2) WT +J(CM:2, PgRf:2, Rd:4/2, Dy:0/0, Lg:54/1) +M(C:8K, Fs:5, WS:20K # 0K, PF:32K # 4K, P:32K) [9] 0.001505 -0.000877 (5) CM -0.000595 (5) WT +J(CM:5, PgRf:23, Rd:0/5, Dy:0/0, Lg:0/0) +M(C:0K, Fs:22, WS:88K # 84K, PF:196K # 196K, P:196K) [10] 0.000783 -0.000693 (3) CM -0.000614 (3) WT +J(CM:3, PgRf:40, Rd:0/3, Dy:0/0, Lg:0/0) +M(C:0K, Fs:1, WS:4K # 4K, PF:64K # 64K, P:64K) [11] 0.000178 -0.000157 (1) CM -0.000120 (1) WT +J(CM:1, PgRf:1, Rd:0/1, Dy:0/0, Lg:0/0) +M(C:0K, Fs:2, WS:8K # 8K, PF:0K # 0K, P:0K) [12] 0.000189 -0.000142 (1) CM -0.000121 (1) WT +J(CM:1, PgRf:42, Rd:0/1, Dy:0/0, Lg:0/0) +M(C:0K, Fs:6, WS:24K # 24K, PF:0K # 0K, P:0K) [13] 0.000001 +J(0) [14] 0.0 +J(0) [15] 0.000159 -0.000142 (1) CM -0.000119 (1) WT +J(CM:1, PgRf:1, Rd:0/1, Dy:0/0, Lg:0/0)., 1 0, lgposAttach = 00000145:000D:0268, dbv = 1568.110.240"
        },
        "system": {
          "eventID": "326",
          "keywords": "0x80000000000000",
          "level": "4",
          "channel": "Application",
          "opcode": "0",
          "message": "\"svchost (11348,D,50) DS_Token_DB: The database engine attached a database (1, C:\\WINDOWS\\system32\\config\\systemprofile\\AppData\\Local\\DataSharing\\Storage\\DSTokenDB2.dat). (Time=0 seconds) \r\n \r\nSaved Cache: 1 0 \r\nAdditional Data: lgposAttach = 00000145:000D:0268,\ndbv = 1568.110.240 \r\n \r\nInternal Timing Sequence: \n[1] 0.000003 +J(0)\n[2] 0.001129 -0.000900 (1) WT +J(0) +M(C:0K, Fs:17, WS:4K # 12K, PF:4K # 0K, P:4K)\n[3] 0.006043 -0.000422 (6) WT +J(CM:0, PgRf:0, Rd:0/0, Dy:0/0, Lg:3480/2) +M(C:0K, Fs:11, WS:40K # 0K, PF:36K # 0K, P:36K)\n[4] 0.001078 +J(0)\n[5] -\n[6] -\n[7] -\n[8] 0.000404 -0.000301 (2) CM -0.000249 (2) WT +J(CM:2, PgRf:2, Rd:4/2, Dy:0/0, Lg:54/1) +M(C:8K, Fs:5, WS:20K # 0K, PF:32K # 4K, P:32K)\n[9] 0.001505 -0.000877 (5) CM -0.000595 (5) WT +J(CM:5, PgRf:23, Rd:0/5, Dy:0/0, Lg:0/0) +M(C:0K, Fs:22, WS:88K # 84K, PF:196K # 196K, P:196K)\n[10] 0.000783 -0.000693 (3) CM -0.000614 (3) WT +J(CM:3, PgRf:40, Rd:0/3, Dy:0/0, Lg:0/0) +M(C:0K, Fs:1, WS:4K # 4K, PF:64K # 64K, P:64K)\n[11] 0.000178 -0.000157 (1) CM -0.000120 (1) WT +J(CM:1, PgRf:1, Rd:0/1, Dy:0/0, Lg:0/0) +M(C:0K, Fs:2, WS:8K # 8K, PF:0K # 0K, P:0K)\n[12] 0.000189 -0.000142 (1) CM -0.000121 (1) WT +J(CM:1, PgRf:42, Rd:0/1, Dy:0/0, Lg:0/0) +M(C:0K, Fs:6, WS:24K # 24K, PF:0K # 0K, P:0K)\n[13] 0.000001 +J(0)\n[14] 0.0 +J(0)\n[15] 0.000159 -0.000142 (1) CM -0.000119 (1) WT +J(CM:1, PgRf:1, Rd:0/1, Dy:0/0, Lg:0/0).\"",
          "version": "0",
          "systemTime": "2026-05-26T04:09:30.9543010Z",
          "eventRecordID": "152071",
          "threadID": "0",
          "computer": "RZ_Scan_03_004.arzw.local",
          "task": "1",
          "processID": "0",
          "severityValue": "INFORMATION",
          "providerName": "ESENT"
        }
      }
    },
    "rule": {
      "firedtimes": 2,
      "mail": false,
      "level": 3,
      "description": "The database engine attached a database.",
      "groups": [
        "windows",
        "windows_application"
      ],
      "id": "60798"
    },
    "location": "EventChannel",
    "decoder": {
      "name": "windows_eventchannel"
    },
    "id": "1779768570.3483189",
    "timestamp": "2026-05-26T04:09:30.921+0000"
  },
  {
    "input": {
      "type": "log"
    },
    "agent": {
      "ip": "172.21.4.241",
      "name": "RZ_Scan_03_004",
      "id": "082"
    },
    "manager": {
      "name": "wazuh.manager"
    },
    "data": {
      "win": {
        "eventdata": {
          "data": "svchost, 11348,U,98, DS_Token_DB:"
        },
        "system": {
          "eventID": "302",
          "keywords": "0x80000000000000",
          "level": "4",
          "channel": "Application",
          "opcode": "0",
          "message": "\"svchost (11348,U,98) DS_Token_DB: Das Datenbankmodul hat erfolgreich die Schritte zur Wiederherstellung abgeschlossen.\"",
          "version": "0",
          "systemTime": "2026-05-26T04:09:30.9367650Z",
          "eventRecordID": "152069",
          "threadID": "0",
          "computer": "RZ_Scan_03_004.arzw.local",
          "task": "3",
          "processID": "0",
          "severityValue": "INFORMATION",
          "providerName": "ESENT"
        }
      }
    },
    "rule": {
      "firedtimes": 2,
      "mail": false,
      "level": 3,
      "description": "The database engine has completed recovery steps.",
      "groups": [
        "windows",
        "windows_application"
      ],
      "id": "60809"
    },
    "location": "EventChannel",
    "decoder": {
      "name": "windows_eventchannel"
    },
    "id": "1779768570.3481851",
    "timestamp": "2026-05-26T04:09:30.887+0000"
  },
  {
    "input": {
      "type": "log"
    },
    "agent": {
      "ip": "172.21.4.241",
      "name": "RZ_Scan_03_004",
      "id": "082"
    },
    "manager": {
      "name": "wazuh.manager"
    },
    "data": {
      "win": {
        "eventdata": {
          "data": "svchost, 11348,R,98, DS_Token_DB:, C:\\\\WINDOWS\\\\system32\\\\config\\\\systemprofile\\\\AppData\\\\Local\\\\DataSharing\\\\Storage\\\\DSS.log,  [1] 0.015663 -0.006290 (9) WT +J(CM:0, PgRf:0, Rd:0/0, Dy:0/0, Lg:40560/28) +M(C:0K, Fs:113, WS:240K # 244K, PF:148K # 152K, P:148K)., AttachDB, 3"
        },
        "system": {
          "eventID": "301",
          "keywords": "0x80000000000000",
          "level": "4",
          "channel": "Application",
          "opcode": "0",
          "message": "\"svchost (11348,R,98) DS_Token_DB: The database engine has finished replaying logfile C:\\WINDOWS\\system32\\config\\systemprofile\\AppData\\Local\\DataSharing\\Storage\\DSS.log. \r\n \r\nProcessing Stats: \n[1] 0.015663 -0.006290 (9) WT +J(CM:0, PgRf:0, Rd:0/0, Dy:0/0, Lg:40560/28) +M(C:0K, Fs:113, WS:240K # 244K, PF:148K # 152K, P:148K). \r\nLog record of type 'AttachDB ' was seen most frequently (3 times)\"",
          "version": "0",
          "systemTime": "2026-05-26T04:09:30.9056622Z",
          "eventRecordID": "152068",
          "threadID": "0",
          "computer": "RZ_Scan_03_004.arzw.local",
          "task": "3",
          "processID": "0",
          "severityValue": "INFORMATION",
          "providerName": "ESENT"
        }
      }
    },
    "rule": {
      "firedtimes": 2,
      "mail": false,
      "level": 3,
      "description": "The database engine is replaying log file C:\\Winnt\\system32\\wins\\j50.log.",
      "groups": [
        "windows",
        "windows_application"
      ],
      "id": "60808"
    },
    "location": "EventChannel",
    "decoder": {
      "name": "windows_eventchannel"
    },
    "id": "1779768570.3479419",
    "timestamp": "2026-05-26T04:09:30.870+0000"
  },
  {
    "input": {
      "type": "log"
    },
    "agent": {
      "ip": "172.21.4.241",
      "name": "RZ_Scan_03_004",
      "id": "082"
    },
    "manager": {
      "name": "wazuh.manager"
    },
    "data": {
      "win": {
        "eventdata": {
          "data": "svchost, 11348,R,98, DS_Token_DB:"
        },
        "system": {
          "eventID": "300",
          "keywords": "0x80000000000000",
          "level": "4",
          "channel": "Application",
          "opcode": "0",
          "message": "\"svchost (11348,R,98) DS_Token_DB: Das Datenbankmodul initiiert Schritte zur Wiederherstellung.\"",
          "version": "0",
          "systemTime": "2026-05-26T04:09:30.8870859Z",
          "eventRecordID": "152067",
          "threadID": "0",
          "computer": "RZ_Scan_03_004.arzw.local",
          "task": "3",
          "processID": "0",
          "severityValue": "INFORMATION",
          "providerName": "ESENT"
        }
      }
    },
    "rule": {
      "firedtimes": 2,
      "mail": false,
      "level": 3,
      "description": "The database engine is initiating recovery steps.",
      "groups": [
        "windows",
        "windows_application"
      ],
      "id": "60807"
    },
    "location": "EventChannel",
    "decoder": {
      "name": "windows_eventchannel"
    },
    "id": "1779768570.3478129",
    "timestamp": "2026-05-26T04:09:30.853+0000"
  },
  {
    "input": {
      "type": "log"
    },
    "agent": {
      "ip": "172.21.4.241",
      "name": "RZ_Scan_03_004",
      "id": "082"
    },
    "manager": {
      "name": "wazuh.manager"
    },
    "data": {
      "win": {
        "eventdata": {
          "data": "svchost, 11348,P,98, DS_Token_DB:, 0, 10, 00, 19045, 0000"
        },
        "system": {
          "eventID": "102",
          "keywords": "0x80000000000000",
          "level": "4",
          "channel": "Application",
          "opcode": "0",
          "message": "\"svchost (11348,P,98) DS_Token_DB: Das Datenbankmodul (10.00.19045.0000) startet eine neue Instanz (0).\"",
          "version": "0",
          "systemTime": "2026-05-26T04:09:30.8720743Z",
          "eventRecordID": "152065",
          "threadID": "0",
          "computer": "RZ_Scan_03_004.arzw.local",
          "task": "1",
          "processID": "0",
          "severityValue": "INFORMATION",
          "providerName": "ESENT"
        }
      }
    },
    "rule": {
      "firedtimes": 2,
      "mail": false,
      "level": 3,
      "description": "The database engine is starting a new instance.",
      "groups": [
        "windows",
        "windows_application"
      ],
      "id": "60805"
    },
    "location": "EventChannel",
    "decoder": {
      "name": "windows_eventchannel"
    },
    "id": "1779768570.3476777",
    "timestamp": "2026-05-26T04:09:30.838+0000"
  },
  {
    "input": {
      "type": "log"
    },
    "agent": {
      "ip": "172.21.4.241",
      "name": "RZ_Scan_03_004",
      "id": "082"
    },
    "manager": {
      "name": "wazuh.manager"
    },
    "data": {
      "win": {
        "eventdata": {
          "data": "2126-05-02T04:06:31Z, RulesEngine"
        },
        "system": {
          "eventID": "16384",
          "eventSourceName": "Software Protection Platform Service",
          "keywords": "0x80000000000000",
          "providerGuid": "{E23B33B0-C8C9-472C-A5F9-F2BDFEA0F156}",
          "level": "4",
          "channel": "Application",
          "opcode": "0",
          "message": "\"Der Softwareschutzdienst wurde erfolgreich für den erneuten Start bei 2126-05-02T04:06:31Z geplant. Grund: RulesEngine.\"",
          "version": "0",
          "systemTime": "2026-05-26T04:06:31.7042706Z",
          "eventRecordID": "152063",
          "threadID": "0",
          "computer": "RZ_Scan_03_004.arzw.local",
          "task": "0",
          "processID": "0",
          "severityValue": "INFORMATION",
          "providerName": "Microsoft-Windows-Security-SPP"
        }
      }
    },
    "rule": {
      "firedtimes": 14,
      "mail": false,
      "level": 3,
      "description": "Software protection service scheduled successfully.",
      "groups": [
        "windows",
        "windows_application"
      ],
      "id": "60642"
    },
    "location": "EventChannel",
    "decoder": {
      "name": "windows_eventchannel"
    },
    "id": "1779768387.3295722",
    "timestamp": "2026-05-26T04:06:27.992+0000"
  },
  {
    "input": {
      "type": "log"
    },
    "agent": {
      "ip": "172.21.4.241",
      "name": "RZ_Scan_03_004",
      "id": "082"
    },
    "manager": {
      "name": "wazuh.manager"
    },
    "data": {
      "win": {
        "eventdata": {
          "data": "2126-05-02T04:05:08Z, RulesEngine"
        },
        "system": {
          "eventID": "16384",
          "eventSourceName": "Software Protection Platform Service",
          "keywords": "0x80000000000000",
          "providerGuid": "{E23B33B0-C8C9-472C-A5F9-F2BDFEA0F156}",
          "level": "4",
          "channel": "Application",
          "opcode": "0",
          "message": "\"Der Softwareschutzdienst wurde erfolgreich für den erneuten Start bei 2126-05-02T04:05:08Z geplant. Grund: RulesEngine.\"",
          "version": "0",
          "systemTime": "2026-05-26T04:05:09.6734027Z",
          "eventRecordID": "152061",
          "threadID": "0",
          "computer": "RZ_Scan_03_004.arzw.local",
          "task": "0",
          "processID": "0",
          "severityValue": "INFORMATION",
          "providerName": "Microsoft-Windows-Security-SPP"
        }
      }
    },
    "rule": {
      "firedtimes": 12,
      "mail": false,
      "level": 3,
      "description": "Software protection service scheduled successfully.",
      "groups": [
        "windows",
        "windows_application"
      ],
      "id": "60642"
    },
    "location": "EventChannel",
    "decoder": {
      "name": "windows_eventchannel"
    },
    "id": "1779768304.3284856",
    "timestamp": "2026-05-26T04:05:04.372+0000"
  },
