  {
    "input": {
      "type": "log"
    },
    "agent": {
      "ip": "172.21.4.241",
      "name": "RZ_Scan_03_004",
      "id": "082"
    },
    "manager": {
      "name": "wazuh.manager"
    },
    "data": {
      "win": {
        "eventdata": {
          "param3": "Manuell starten",
          "param4": "BITS",
          "param1": "Background Intelligent Transfer Service",
          "param2": "Automatisch starten"
        },
        "system": {
          "eventID": "7040",
          "eventSourceName": "Service Control Manager",
          "keywords": "0x8080000000000000",
          "providerGuid": "{555908d1-a6d7-4695-8e1e-26931d2012f4}",
          "level": "4",
          "channel": "System",
          "opcode": "0",
          "message": "\"Der Starttyp des Diensts \"Background Intelligent Transfer Service\" wurde von Automatisch starten in Manuell starten geändert.\"",
          "version": "0",
          "systemTime": "2026-05-26T04:04:52.5097021Z",
          "eventRecordID": "214778",
          "threadID": "952",
          "computer": "RZ_Scan_03_004.arzw.local",
          "task": "0",
          "processID": "788",
          "severityValue": "INFORMATION",
          "providerName": "Service Control Manager"
        }
      }
    },
    "rule": {
      "firedtimes": 7,
      "mail": false,
      "level": 3,
      "pci_dss": [
        "10.6"
      ],
      "hipaa": [
        "164.312.b"
      ],
      "tsc": [
        "CC6.1",
        "CC6.8",
        "CC7.2",
        "CC7.3"
      ],
      "description": "Service startup type was changed",
      "groups": [
        "windows",
        "windows_system",
        "policy_changed"
      ],
      "id": "61104",
      "nist_800_53": [
        "AU.6"
      ],
      "info": "This does not appear to be logged on Windows 2000",
      "gdpr": [
        "IV_35.7.d"
      ]
    },
    "location": "EventChannel",
    "decoder": {
      "name": "windows_eventchannel"
    },
    "id": "1779768287.3282953",
    "timestamp": "2026-05-26T04:04:47.788+0000"
  },
  {
    "input": {
      "type": "log"
    },
    "agent": {
      "ip": "172.21.4.241",
      "name": "RZ_Scan_03_004",
      "id": "082"
    },
    "manager": {
      "name": "wazuh.manager"
    },
    "data": {
      "win": {
        "eventdata": {
          "bucketId": "88492e2031d6038a74bff8f9a28ed22375509c00523ac5e871bf66292f6a0ffe",
          "deviceAttributes": "BaseBoardManufacturer:Gigabyte Technology Co., Ltd.;FirmwareManufacturer:American Megatrends Inc.;FirmwareVersion:F2;OEMModelNumber:B365 M AORUS ELITE;OEMModelBaseBoard:B365 M AORUS ELITE-CF;OEMModelSystemFamily:Default string;OEMManufacturerName:Gigabyte Technology Co., Ltd.;OEMModelSKU:Default string;OSArchitecture:amd64;",
          "updateType": "0",
          "hResult": "0"
        },
        "system": {
          "eventID": "1801",
          "keywords": "0x8000000000000000",
          "providerGuid": "{7d5387b0-cbe0-11da-a94d-0800200c9a66}",
          "level": "2",
          "channel": "System",
          "opcode": "0",
          "message": "\"Die Zertifizierungsstelle/Schlüssel für den sicheren Start müssen aktualisiert werden. Diese Gerätesignaturinformationen sind hier enthalten.\r\nDeviceAttributes: BaseBoardManufacturer:Gigabyte Technology Co., Ltd.;FirmwareManufacturer:American Megatrends Inc.;FirmwareVersion:F2;OEMModelNumber:B365 M AORUS ELITE;OEMModelBaseBoard:B365 M AORUS ELITE-CF;OEMModelSystemFamily:Default string;OEMManufacturerName:Gigabyte Technology Co., Ltd.;OEMModelSKU:Default string;OSArchitecture:amd64;\r\nBucketId: 88492e2031d6038a74bff8f9a28ed22375509c00523ac5e871bf66292f6a0ffe\r\nBucketConfidenceLevel: \r\nUpdateType: 0\r\nHResult: Der Vorgang wurde erfolgreich beendet.\"",
          "version": "0",
          "systemTime": "2026-05-26T04:04:11.1605596Z",
          "eventRecordID": "214709",
          "threadID": "10332",
          "computer": "RZ_Scan_03_004.arzw.local",
          "task": "0",
          "processID": "11168",
          "severityValue": "ERROR",
          "providerName": "Microsoft-Windows-TPM-WMI"
        }
      }
    },
    "rule": {
      "firedtimes": 17,
      "mail": false,
      "level": 5,
      "description": "Windows System error event",
      "groups": [
        "windows",
        "windows_system",
        "system_error"
      ],
      "id": "61102",
      "gpg13": [
        "4.3"
      ],
      "gdpr": [
        "IV_35.7.d"
      ]
    },
    "location": "EventChannel",
    "decoder": {
      "name": "windows_eventchannel"
    },
    "id": "1779768246.3279502",
    "timestamp": "2026-05-26T04:04:06.125+0000"
  },
  {
    "input": {
      "type": "log"
    },
    "agent": {
      "ip": "172.21.4.241",
      "name": "RZ_Scan_03_004",
      "id": "082"
    },
    "manager": {
      "name": "wazuh.manager"
    },
    "data": {
      "win": {
        "eventdata": {
          "data": "2126-05-02T04:03:57Z, RulesEngine"
        },
        "system": {
          "eventID": "16384",
          "eventSourceName": "Software Protection Platform Service",
          "keywords": "0x80000000000000",
          "providerGuid": "{E23B33B0-C8C9-472C-A5F9-F2BDFEA0F156}",
          "level": "4",
          "channel": "Application",
          "opcode": "0",
          "message": "\"Der Softwareschutzdienst wurde erfolgreich für den erneuten Start bei 2126-05-02T04:03:57Z geplant. Grund: RulesEngine.\"",
          "version": "0",
          "systemTime": "2026-05-26T04:03:57.6816741Z",
          "eventRecordID": "152059",
          "threadID": "0",
          "computer": "RZ_Scan_03_004.arzw.local",
          "task": "0",
          "processID": "0",
          "severityValue": "INFORMATION",
          "providerName": "Microsoft-Windows-Security-SPP"
        }
      }
    },
    "rule": {
      "firedtimes": 10,
      "mail": false,
      "level": 3,
      "description": "Software protection service scheduled successfully.",
      "groups": [
        "windows",
        "windows_application"
      ],
      "id": "60642"
    },
    "location": "EventChannel",
    "decoder": {
      "name": "windows_eventchannel"
    },
    "id": "1779768231.3274253",
    "timestamp": "2026-05-26T04:03:51.636+0000"
  },
  {
    "input": {
      "type": "log"
    },
    "agent": {
      "ip": "172.21.4.241",
      "name": "RZ_Scan_03_004",
      "id": "082"
    },
    "manager": {
      "name": "wazuh.manager"
    },
    "data": {
      "win": {
        "eventdata": {
          "data": "0, crashpad_log, Nicht verfügbar, 0, setup.exe, 148.0.3967.83, EdgeInstallerError|msedge, 0x3c,   \\\\\\\\?\\\\C:\\\\WINDOWS\\\\SystemTemp\\\\msedge_installer.log, 0, 35bdfb02-600c-4841-aba2-93fa9f212010, 268697600, 0"
        },
        "system": {
          "eventID": "1001",
          "keywords": "0x80000000000000",
          "level": "4",
          "channel": "Application",
          "opcode": "0",
          "message": "\"Fehlerbucket , Typ 0\r\nEreignisname: crashpad_log\r\nAntwort: Nicht verfügbar\r\nCAB-Datei-ID: 0\r\n\r\nProblemsignatur:\r\nP1: setup.exe\r\nP2: 148.0.3967.83\r\nP3: EdgeInstallerError|msedge\r\nP4: 0x3c\r\nP5: \r\nP6: \r\nP7: \r\nP8: \r\nP9: \r\nP10: \r\n\r\nAngefügte Dateien:\r\n\\\\?\\C:\\WINDOWS\\SystemTemp\\msedge_installer.log\r\n\r\nDiese Dateien befinden sich möglicherweise hier:\r\n\r\n\r\nAnalysesymbol: \r\nEs wird erneut nach einer Lösung gesucht: 0\r\nBerichts-ID: 35bdfb02-600c-4841-aba2-93fa9f212010\r\nBerichtstatus: 268697600\r\nBucket mit Hash: \r\nCAB-Datei-Guid: 0\"",
          "version": "0",
          "systemTime": "2026-05-26T04:03:06.0937989Z",
          "eventRecordID": "152057",
          "threadID": "0",
          "computer": "RZ_Scan_03_004.arzw.local",
          "task": "0",
          "processID": "0",
          "severityValue": "INFORMATION",
          "providerName": "Windows Error Reporting"
        }
      }
    },
    "rule": {
      "firedtimes": 2,
      "mail": false,
      "level": 4,
      "description": "Summary event of the report's signatures.",
      "groups": [
        "windows",
        "windows_application"
      ],
      "id": "60608"
    },
    "location": "EventChannel",
    "decoder": {
      "name": "windows_eventchannel"
    },
    "id": "1779768180.3246181",
    "timestamp": "2026-05-26T04:03:00.109+0000"
  },
  {
    "input": {
      "type": "log"
    },
    "agent": {
      "ip": "172.21.4.241",
      "name": "RZ_Scan_03_004",
      "id": "082"
    },
    "manager": {
      "name": "wazuh.manager"
    },
    "data": {
      "win": {
        "eventdata": {
          "data": "1644748291674397411, 5, crashpad_log, Nicht verfügbar, 0, setup.exe, 148.0.3967.83, EdgeInstallerError|msedge, 0x3c,   \\\\\\\\?\\\\C:\\\\WINDOWS\\\\SystemTemp\\\\msedge_installer.log  \\\\\\\\?\\\\C:\\\\ProgramData\\\\Microsoft\\\\Windows\\\\WER\\\\Temp\\\\WERB641.tmp.WERInternalMetadata.xml  \\\\\\\\?\\\\C:\\\\ProgramData\\\\Microsoft\\\\Windows\\\\WER\\\\Temp\\\\WERB78A.tmp.xml  \\\\\\\\?\\\\C:\\\\ProgramData\\\\Microsoft\\\\Windows\\\\WER\\\\Temp\\\\WERB7A9.tmp.csv  \\\\\\\\?\\\\C:\\\\ProgramData\\\\Microsoft\\\\Windows\\\\WER\\\\Temp\\\\WERB7B9.tmp.txt, \\\\\\\\?\\\\C:\\\\ProgramData\\\\Microsoft\\\\Windows\\\\WER\\\\ReportArchive\\\\NonCritical_setup.exe_2692127bd6ceee956acd987bea5ac491d0b9e834_00000000_35bdfb02-600c-4841-aba2-93fa9f212010, 0, 35bdfb02-600c-4841-aba2-93fa9f212010, 268435456, 7713d550f313ba1946d351db662edae3, 0"
        },
        "system": {
          "eventID": "1001",
          "keywords": "0x80000000000000",
          "level": "4",
          "channel": "Application",
          "opcode": "0",
          "message": "\"Fehlerbucket 1644748291674397411, Typ 5\r\nEreignisname: crashpad_log\r\nAntwort: Nicht verfügbar\r\nCAB-Datei-ID: 0\r\n\r\nProblemsignatur:\r\nP1: setup.exe\r\nP2: 148.0.3967.83\r\nP3: EdgeInstallerError|msedge\r\nP4: 0x3c\r\nP5: \r\nP6: \r\nP7: \r\nP8: \r\nP9: \r\nP10: \r\n\r\nAngefügte Dateien:\r\n\\\\?\\C:\\WINDOWS\\SystemTemp\\msedge_installer.log\r\n\\\\?\\C:\\ProgramData\\Microsoft\\Windows\\WER\\Temp\\WERB641.tmp.WERInternalMetadata.xml\r\n\\\\?\\C:\\ProgramData\\Microsoft\\Windows\\WER\\Temp\\WERB78A.tmp.xml\r\n\\\\?\\C:\\ProgramData\\Microsoft\\Windows\\WER\\Temp\\WERB7A9.tmp.csv\r\n\\\\?\\C:\\ProgramData\\Microsoft\\Windows\\WER\\Temp\\WERB7B9.tmp.txt\r\n\r\nDiese Dateien befinden sich möglicherweise hier:\r\n\\\\?\\C:\\ProgramData\\Microsoft\\Windows\\WER\\ReportArchive\\NonCritical_setup.exe_2692127bd6ceee956acd987bea5ac491d0b9e834_00000000_35bdfb02-600c-4841-aba2-93fa9f212010\r\n\r\nAnalysesymbol: \r\nEs wird erneut nach einer Lösung gesucht: 0\r\nBerichts-ID: 35bdfb02-600c-4841-aba2-93fa9f212010\r\nBerichtstatus: 268435456\r\nBucket mit Hash: 7713d550f313ba1946d351db662edae3\r\nCAB-Datei-Guid: 0\"",
          "version": "0",
          "systemTime": "2026-05-26T04:03:06.0937989Z",
          "eventRecordID": "152056",
          "threadID": "0",
          "computer": "RZ_Scan_03_004.arzw.local",
          "task": "0",
          "processID": "0",
          "severityValue": "INFORMATION",
          "providerName": "Windows Error Reporting"
        }
      }
    },
    "rule": {
      "firedtimes": 1,
      "mail": false,
      "level": 4,
      "description": "Summary event of the report's signatures.",
      "groups": [
        "windows",
        "windows_application"
      ],
      "id": "60608"
    },
    "location": "EventChannel",
    "decoder": {
      "name": "windows_eventchannel"
    },
    "id": "1779768180.3241380",
    "timestamp": "2026-05-26T04:03:00.090+0000"
  },
  {
    "input": {
      "type": "log"
    },
    "agent": {
      "ip": "172.21.4.241",
      "name": "RZ_Scan_03_004",
      "id": "082"
    },
    "manager": {
      "name": "wazuh.manager"
    },
    "data": {
      "win": {
        "eventdata": {
          "entityName": "ARZW\\\\RZUser",
          "currentSize": "60",
          "currentLimit": "60"
        },
        "system": {
          "eventID": "16398",
          "keywords": "0x8000000000000000",
          "providerGuid": "{ef1cc15b-46c1-414e-bb95-e76b077bd51e}",
          "level": "2",
          "channel": "System",
          "opcode": "0",
          "message": "\"Ein neuer BITS-Auftrag konnte nicht erstellt werden. Die aktuelle Auftragsanzahl für den ARZW\\RZUser-Benutzer (\"60\") ist gleich oder größer als das durch die Gruppenrichtlinie angegebene Auftragslimit (\"60\"). Sie können das Problem beheben, indem Sie die BITS-Aufträge beenden oder abbrechen, für die kein Fortschritt festgestellt wurde, indem Sie sich den Fehler ansehen, und den BITS-Dienst anschließend neu starten. Falls der Fehler weiterhin angezeigt wird, bitten Sie den Administrator, die durch die Gruppenrichtlinie angegebenen Auftragslimits pro Benutzer und pro Computer zu erhöhen.\"",
          "version": "0",
          "systemTime": "2026-05-26T04:02:42.5124536Z",
          "eventRecordID": "214708",
          "threadID": "7124",
          "computer": "RZ_Scan_03_004.arzw.local",
          "task": "0",
          "processID": "8844",
          "severityValue": "ERROR",
          "providerName": "Microsoft-Windows-Bits-Client"
        }
      }
    },
    "rule": {
      "firedtimes": 14,
      "mail": false,
      "level": 5,
      "description": "Windows System error event",
      "groups": [
        "windows",
        "windows_system",
        "system_error"
      ],
      "id": "61102",
      "gpg13": [
        "4.3"
      ],
      "gdpr": [
        "IV_35.7.d"
      ]
    },
    "location": "EventChannel",
    "decoder": {
      "name": "windows_eventchannel"
    },
    "id": "1779768156.3238825",
    "timestamp": "2026-05-26T04:02:36.701+0000"
  },
  {
    "input": {
      "type": "log"
    },
    "agent": {
      "ip": "172.21.4.241",
      "name": "RZ_Scan_03_004",
      "id": "082"
    },
    "manager": {
      "name": "wazuh.manager"
    },
    "data": {
      "win": {
        "eventdata": {
          "entityName": "ARZW\\\\RZUser",
          "currentSize": "60",
          "currentLimit": "60"
        },
        "system": {
          "eventID": "16398",
          "keywords": "0x8000000000000000",
          "providerGuid": "{ef1cc15b-46c1-414e-bb95-e76b077bd51e}",
          "level": "2",
          "channel": "System",
          "opcode": "0",
          "message": "\"Ein neuer BITS-Auftrag konnte nicht erstellt werden. Die aktuelle Auftragsanzahl für den ARZW\\RZUser-Benutzer (\"60\") ist gleich oder größer als das durch die Gruppenrichtlinie angegebene Auftragslimit (\"60\"). Sie können das Problem beheben, indem Sie die BITS-Aufträge beenden oder abbrechen, für die kein Fortschritt festgestellt wurde, indem Sie sich den Fehler ansehen, und den BITS-Dienst anschließend neu starten. Falls der Fehler weiterhin angezeigt wird, bitten Sie den Administrator, die durch die Gruppenrichtlinie angegebenen Auftragslimits pro Benutzer und pro Computer zu erhöhen.\"",
          "version": "0",
          "systemTime": "2026-05-26T04:02:32.4177656Z",
          "eventRecordID": "214707",
          "threadID": "7124",
          "computer": "RZ_Scan_03_004.arzw.local",
          "task": "0",
          "processID": "8844",
          "severityValue": "ERROR",
          "providerName": "Microsoft-Windows-Bits-Client"
        }
      }
    },
    "rule": {
      "firedtimes": 13,
      "mail": false,
      "level": 5,
      "description": "Windows System error event",
      "groups": [
        "windows",
        "windows_system",
        "system_error"
      ],
      "id": "61102",
      "gpg13": [
        "4.3"
      ],
      "gdpr": [
        "IV_35.7.d"
      ]
    },
    "location": "EventChannel",
    "decoder": {
      "name": "windows_eventchannel"
    },
    "id": "1779768146.3234642",
    "timestamp": "2026-05-26T04:02:26.741+0000"
  },
  {
    "input": {
      "type": "log"
    },
    "agent": {
      "ip": "172.21.4.241",
      "name": "RZ_Scan_03_004",
      "id": "082"
    },
    "manager": {
      "name": "wazuh.manager"
    },
    "data": {
      "win": {
        "eventdata": {
          "entityName": "ARZW\\\\RZUser",
          "currentSize": "60",
          "currentLimit": "60"
        },
        "system": {
          "eventID": "16398",
          "keywords": "0x8000000000000000",
          "providerGuid": "{ef1cc15b-46c1-414e-bb95-e76b077bd51e}",
          "level": "2",
          "channel": "System",
          "opcode": "0",
          "message": "\"Ein neuer BITS-Auftrag konnte nicht erstellt werden. Die aktuelle Auftragsanzahl für den ARZW\\RZUser-Benutzer (\"60\") ist gleich oder größer als das durch die Gruppenrichtlinie angegebene Auftragslimit (\"60\"). Sie können das Problem beheben, indem Sie die BITS-Aufträge beenden oder abbrechen, für die kein Fortschritt festgestellt wurde, indem Sie sich den Fehler ansehen, und den BITS-Dienst anschließend neu starten. Falls der Fehler weiterhin angezeigt wird, bitten Sie den Administrator, die durch die Gruppenrichtlinie angegebenen Auftragslimits pro Benutzer und pro Computer zu erhöhen.\"",
          "version": "0",
          "systemTime": "2026-05-26T04:02:22.4014066Z",
          "eventRecordID": "214706",
          "threadID": "7124",
          "computer": "RZ_Scan_03_004.arzw.local",
          "task": "0",
          "processID": "8844",
          "severityValue": "ERROR",
          "providerName": "Microsoft-Windows-Bits-Client"
        }
      }
    },
    "rule": {
      "firedtimes": 12,
      "mail": false,
      "level": 5,
      "description": "Windows System error event",
      "groups": [
        "windows",
        "windows_system",
        "system_error"
      ],
      "id": "61102",
      "gpg13": [
        "4.3"
      ],
      "gdpr": [
        "IV_35.7.d"
      ]
    },
    "location": "EventChannel",
    "decoder": {
      "name": "windows_eventchannel"
    },
    "id": "1779768137.3230191",
    "timestamp": "2026-05-26T04:02:17.376+0000"
  },
  {
    "input": {
      "type": "log"
    },
    "agent": {
      "ip": "172.21.4.241",
      "name": "RZ_Scan_03_004",
      "id": "082"
    },
    "manager": {
      "name": "wazuh.manager"
    },
    "data": {
      "win": {
        "eventdata": {
          "entityName": "ARZW\\\\RZUser",
          "currentSize": "60",
          "currentLimit": "60"
        },
        "system": {
          "eventID": "16398",
          "keywords": "0x8000000000000000",
          "providerGuid": "{ef1cc15b-46c1-414e-bb95-e76b077bd51e}",
          "level": "2",
          "channel": "System",
          "opcode": "0",
          "message": "\"Ein neuer BITS-Auftrag konnte nicht erstellt werden. Die aktuelle Auftragsanzahl für den ARZW\\RZUser-Benutzer (\"60\") ist gleich oder größer als das durch die Gruppenrichtlinie angegebene Auftragslimit (\"60\"). Sie können das Problem beheben, indem Sie die BITS-Aufträge beenden oder abbrechen, für die kein Fortschritt festgestellt wurde, indem Sie sich den Fehler ansehen, und den BITS-Dienst anschließend neu starten. Falls der Fehler weiterhin angezeigt wird, bitten Sie den Administrator, die durch die Gruppenrichtlinie angegebenen Auftragslimits pro Benutzer und pro Computer zu erhöhen.\"",
          "version": "0",
          "systemTime": "2026-05-26T04:02:13.8250582Z",
          "eventRecordID": "214704",
          "threadID": "7792",
          "computer": "RZ_Scan_03_004.arzw.local",
          "task": "0",
          "processID": "8844",
          "severityValue": "ERROR",
          "providerName": "Microsoft-Windows-Bits-Client"
        }
      }
    },
    "rule": {
      "firedtimes": 11,
      "mail": false,
      "level": 5,
      "description": "Windows System error event",
      "groups": [
        "windows",
        "windows_system",
        "system_error"
      ],
      "id": "61102",
      "gpg13": [
        "4.3"
      ],
      "gdpr": [
        "IV_35.7.d"
      ]
    },
    "location": "EventChannel",
    "decoder": {
      "name": "windows_eventchannel"
    },
    "id": "1779768128.3227636",
    "timestamp": "2026-05-26T04:02:08.410+0000"
  },
  {
    "input": {
      "type": "log"
    },
    "agent": {
      "ip": "172.21.4.241",
      "name": "RZ_Scan_03_004",
      "id": "082"
    },
    "manager": {
      "name": "wazuh.manager"
    },
    "data": {
      "win": {
        "eventdata": {
          "entityName": "ARZW\\\\RZUser",
          "currentSize": "60",
          "currentLimit": "60"
        },
        "system": {
          "eventID": "16398",
          "keywords": "0x8000000000000000",
          "providerGuid": "{ef1cc15b-46c1-414e-bb95-e76b077bd51e}",
          "level": "2",
          "channel": "System",
          "opcode": "0",
          "message": "\"Ein neuer BITS-Auftrag konnte nicht erstellt werden. Die aktuelle Auftragsanzahl für den ARZW\\RZUser-Benutzer (\"60\") ist gleich oder größer als das durch die Gruppenrichtlinie angegebene Auftragslimit (\"60\"). Sie können das Problem beheben, indem Sie die BITS-Aufträge beenden oder abbrechen, für die kein Fortschritt festgestellt wurde, indem Sie sich den Fehler ansehen, und den BITS-Dienst anschließend neu starten. Falls der Fehler weiterhin angezeigt wird, bitten Sie den Administrator, die durch die Gruppenrichtlinie angegebenen Auftragslimits pro Benutzer und pro Computer zu erhöhen.\"",
          "version": "0",
          "systemTime": "2026-05-26T04:02:13.5811653Z",
          "eventRecordID": "214703",
          "threadID": "10644",
          "computer": "RZ_Scan_03_004.arzw.local",
          "task": "0",
          "processID": "8844",
          "severityValue": "ERROR",
          "providerName": "Microsoft-Windows-Bits-Client"
        }
      }
    },
    "rule": {
      "firedtimes": 10,
      "mail": false,
      "level": 5,
      "description": "Windows System error event",
      "groups": [
        "windows",
        "windows_system",
        "system_error"
      ],
      "id": "61102",
      "gpg13": [
        "4.3"
      ],
      "gdpr": [
        "IV_35.7.d"
      ]
    },
    "location": "EventChannel",
    "decoder": {
      "name": "windows_eventchannel"
    },
    "id": "1779768128.3225079",
    "timestamp": "2026-05-26T04:02:08.394+0000"
  },
  {
    "input": {
      "type": "log"
    },
    "agent": {
      "ip": "172.21.4.241",
      "name": "RZ_Scan_03_004",
      "id": "082"
    },
    "manager": {
      "name": "wazuh.manager"
    },
    "data": {
      "win": {
        "eventdata": {
          "entityName": "ARZW\\\\RZUser",
          "currentSize": "60",
          "currentLimit": "60"
        },
        "system": {
          "eventID": "16398",
          "keywords": "0x8000000000000000",
          "providerGuid": "{ef1cc15b-46c1-414e-bb95-e76b077bd51e}",
          "level": "2",
          "channel": "System",
          "opcode": "0",
          "message": "\"Ein neuer BITS-Auftrag konnte nicht erstellt werden. Die aktuelle Auftragsanzahl für den ARZW\\RZUser-Benutzer (\"60\") ist gleich oder größer als das durch die Gruppenrichtlinie angegebene Auftragslimit (\"60\"). Sie können das Problem beheben, indem Sie die BITS-Aufträge beenden oder abbrechen, für die kein Fortschritt festgestellt wurde, indem Sie sich den Fehler ansehen, und den BITS-Dienst anschließend neu starten. Falls der Fehler weiterhin angezeigt wird, bitten Sie den Administrator, die durch die Gruppenrichtlinie angegebenen Auftragslimits pro Benutzer und pro Computer zu erhöhen.\"",
          "version": "0",
          "systemTime": "2026-05-26T04:02:13.4428939Z",
          "eventRecordID": "214702",
          "threadID": "10644",
          "computer": "RZ_Scan_03_004.arzw.local",
          "task": "0",
          "processID": "8844",
          "severityValue": "ERROR",
          "providerName": "Microsoft-Windows-Bits-Client"
        }
      }
    },
    "rule": {
      "firedtimes": 9,
      "mail": false,
      "level": 5,
      "description": "Windows System error event",
      "groups": [
        "windows",
        "windows_system",
        "system_error"
      ],
      "id": "61102",
      "gpg13": [
        "4.3"
      ],
      "gdpr": [
        "IV_35.7.d"
      ]
    },
    "location": "EventChannel",
    "decoder": {
      "name": "windows_eventchannel"
    },
    "id": "1779768128.3222522",
    "timestamp": "2026-05-26T04:02:08.393+0000"
  },
  {
    "input": {
      "type": "log"
    },
    "agent": {
      "ip": "172.21.4.241",
      "name": "RZ_Scan_03_004",
      "id": "082"
    },
    "previous_output": "{\"win\":{\"system\":{\"providerName\":\"Microsoft-Windows-Bits-Client\",\"providerGuid\":\"{ef1cc15b-46c1-414e-bb95-e76b077bd51e}\",\"eventID\":\"16398\",\"version\":\"0\",\"level\":\"2\",\"task\":\"0\",\"opcode\":\"0\",\"keywords\":\"0x8000000000000000\",\"systemTime\":\"2026-05-26T04:02:12.3995303Z\",\"eventRecordID\":\"214700\",\"processID\":\"8844\",\"threadID\":\"8096\",\"channel\":\"System\",\"computer\":\"RZ_Scan_03_004.arzw.local\",\"severityValue\":\"ERROR\",\"message\":\"\\\"Ein neuer BITS-Auftrag konnte nicht erstellt werden. Die aktuelle Auftragsanzahl für den ARZW\\\\RZUser-Benutzer (\\\"60\\\") ist gleich oder größer als das durch die Gruppenrichtlinie angegebene Auftragslimit (\\\"60\\\"). Sie können das Problem beheben, indem Sie die BITS-Aufträge beenden oder abbrechen, für die kein Fortschritt festgestellt wurde, indem Sie sich den Fehler ansehen, und den BITS-Dienst anschließend neu starten. Falls der Fehler weiterhin angezeigt wird, bitten Sie den Administrator, die durch die Gruppenrichtlinie angegebenen Auftragslimits pro Benutzer und pro Computer zu erhöhen.\\\"\"},\"eventdata\":{\"entityName\":\"ARZW\\\\\\\\RZUser\",\"currentSize\":\"60\",\"currentLimit\":\"60\"}}}\n{\"win\":{\"system\":{\"providerName\":\"Service Control Manager\",\"providerGuid\":\"{555908d1-a6d7-4695-8e1e-26931d2012f4}\",\"eventSourceName\":\"Service Control Manager\",\"eventID\":\"7000\",\"version\":\"0\",\"level\":\"2\",\"task\":\"0\",\"opcode\":\"0\",\"keywords\":\"0x8080000000000000\",\"systemTime\":\"2026-05-26T04:01:12.9977916Z\",\"eventRecordID\":\"214697\",\"processID\":\"788\",\"threadID\":\"6048\",\"channel\":\"System\",\"computer\":\"RZ_Scan_03_004.arzw.local\",\"severityValue\":\"ERROR\",\"message\":\"\\\"Der Dienst \\\"Google Update-Dienst (gupdate)\\\" wurde aufgrund folgenden Fehlers nicht gestartet: \\r\\nDer Dienst antwortete nicht rechtzeitig auf die Start- oder Steuerungsanforderung.\\\"\"},\"eventdata\":{\"param1\":\"Google Update-Dienst (gupdate)\",\"param2\":\"%%1053\",\"binary\":\"67007500700064006100740065000000\"}}}\n{\"win\":{\"system\":{\"providerName\":\"Service Control Manager\",\"providerGuid\":\"{555908d1-a6d7-4695-8e1e-26931d2012f4}\",\"eventSourceName\":\"Service Control Manager\",\"eventID\":\"7009\",\"version\":\"0\",\"level\":\"2\",\"task\":\"0\",\"opcode\":\"0\",\"keywords\":\"0x8080000000000000\",\"systemTime\":\"2026-05-26T04:01:12.9977916Z\",\"eventRecordID\":\"214696\",\"processID\":\"788\",\"threadID\":\"6048\",\"channel\":\"System\",\"computer\":\"RZ_Scan_03_004.arzw.local\",\"severityValue\":\"ERROR\",\"message\":\"\\\"Das Zeitlimit (30000 ms) wurde beim Verbindungsversuch mit dem Dienst Google Update-Dienst (gupdate) erreicht.\\\"\"},\"eventdata\":{\"param1\":\"30000\",\"param2\":\"Google Update-Dienst (gupdate)\",\"binary\":\"67007500700064006100740065000000\"}}}\n{\"win\":{\"system\":{\"providerName\":\"Microsoft-Windows-Bits-Client\",\"providerGuid\":\"{ef1cc15b-46c1-414e-bb95-e76b077bd51e}\",\"eventID\":\"16398\",\"version\":\"0\",\"level\":\"2\",\"task\":\"0\",\"opcode\":\"0\",\"keywords\":\"0x8000000000000000\",\"systemTime\":\"2026-05-26T04:00:39.9082003Z\",\"eventRecordID\":\"214695\",\"processID\":\"8844\",\"threadID\":\"8096\",\"channel\":\"System\",\"computer\":\"RZ_Scan_03_004.arzw.local\",\"severityValue\":\"ERROR\",\"message\":\"\\\"Ein neuer BITS-Auftrag konnte nicht erstellt werden. Die aktuelle Auftragsanzahl für den ARZW\\\\RZUser-Benutzer (\\\"60\\\") ist gleich oder größer als das durch die Gruppenrichtlinie angegebene Auftragslimit (\\\"60\\\"). Sie können das Problem beheben, indem Sie die BITS-Aufträge beenden oder abbrechen, für die kein Fortschritt festgestellt wurde, indem Sie sich den Fehler ansehen, und den BITS-Dienst anschließend neu starten. Falls der Fehler weiterhin angezeigt wird, bitten Sie den Administrator, die durch die Gruppenrichtlinie angegebenen Auftragslimits pro Benutzer und pro Computer zu erhöhen.\\\"\"},\"eventdata\":{\"entityName\":\"ARZW\\\\\\\\RZUser\",\"currentSize\":\"60\",\"currentLimit\":\"60\"}}}\n{\"win\":{\"system\":{\"providerName\":\"Microsoft-Windows-Bits-Client\",\"providerGuid\":\"{ef1cc15b-46c1-414e-bb95-e76b077bd51e}\",\"eventID\":\"16398\",\"version\":\"0\",\"level\":\"2\",\"task\":\"0\",\"opcode\":\"0\",\"keywords\":\"0x8000000000000000\",\"systemTime\":\"2026-05-26T04:00:29.9081807Z\",\"eventRecordID\":\"214694\",\"processID\":\"8844\",\"threadID\":\"10644\",\"channel\":\"System\",\"computer\":\"RZ_Scan_03_004.arzw.local\",\"severityValue\":\"ERROR\",\"message\":\"\\\"Ein neuer BITS-Auftrag konnte nicht erstellt werden. Die aktuelle Auftragsanzahl für den ARZW\\\\RZUser-Benutzer (\\\"60\\\") ist gleich oder größer als das durch die Gruppenrichtlinie angegebene Auftragslimit (\\\"60\\\"). Sie können das Problem beheben, indem Sie die BITS-Aufträge beenden oder abbrechen, für die kein Fortschritt festgestellt wurde, indem Sie sich den Fehler ansehen, und den BITS-Dienst anschließend neu starten. Falls der Fehler weiterhin angezeigt wird, bitten Sie den Administrator, die durch die Gruppenrichtlinie angegebenen Auftragslimits pro Benutzer und pro Computer zu erhöhen.\\\"\"},\"eventdata\":{\"entityName\":\"ARZW\\\\\\\\RZUser\",\"currentSize\":\"60\",\"currentLimit\":\"60\"}}}\n{\"win\":{\"system\":{\"providerName\":\"Microsoft-Windows-Bits-Client\",\"providerGuid\":\"{ef1cc15b-46c1-414e-bb95-e76b077bd51e}\",\"eventID\":\"16398\",\"version\":\"0\",\"level\":\"2\",\"task\":\"0\",\"opcode\":\"0\",\"keywords\":\"0x8000000000000000\",\"systemTime\":\"2026-05-26T04:00:19.9037315Z\",\"eventRecordID\":\"214693\",\"processID\":\"8844\",\"threadID\":\"10644\",\"channel\":\"System\",\"computer\":\"RZ_Scan_03_004.arzw.local\",\"severityValue\":\"ERROR\",\"message\":\"\\\"Ein neuer BITS-Auftrag konnte nicht erstellt werden. Die aktuelle Auftragsanzahl für den ARZW\\\\RZUser-Benutzer (\\\"60\\\") ist gleich oder größer als das durch die Gruppenrichtlinie angegebene Auftragslimit (\\\"60\\\"). Sie können das Problem beheben, indem Sie die BITS-Aufträge beenden oder abbrechen, für die kein Fortschritt festgestellt wurde, indem Sie sich den Fehler ansehen, und den BITS-Dienst anschließend neu starten. Falls der Fehler weiterhin angezeigt wird, bitten Sie den Administrator, die durch die Gruppenrichtlinie angegebenen Auftragslimits pro Benutzer und pro Computer zu erhöhen.\\\"\"},\"eventdata\":{\"entityName\":\"ARZW\\\\\\\\RZUser\",\"currentSize\":\"60\",\"currentLimit\":\"60\"}}}\n{\"win\":{\"system\":{\"providerName\":\"Microsoft-Windows-Bits-Client\",\"providerGuid\":\"{ef1cc15b-46c1-414e-bb95-e76b077bd51e}\",\"eventID\":\"16398\",\"version\":\"0\",\"level\":\"2\",\"task\":\"0\",\"opcode\":\"0\",\"keywords\":\"0x8000000000000000\",\"systemTime\":\"2026-05-26T04:00:09.8972569Z\",\"eventRecordID\":\"214692\",\"processID\":\"8844\",\"threadID\":\"10644\",\"channel\":\"System\",\"computer\":\"RZ_Scan_03_004.arzw.local\",\"severityValue\":\"ERROR\",\"message\":\"\\\"Ein neuer BITS-Auftrag konnte nicht erstellt werden. Die aktuelle Auftragsanzahl für den ARZW\\\\RZUser-Benutzer (\\\"60\\\") ist gleich oder größer als das durch die Gruppenrichtlinie angegebene Auftragslimit (\\\"60\\\"). Sie können das Problem beheben, indem Sie die BITS-Aufträge beenden oder abbrechen, für die kein Fortschritt festgestellt wurde, indem Sie sich den Fehler ansehen, und den BITS-Dienst anschließend neu starten. Falls der Fehler weiterhin angezeigt wird, bitten Sie den Administrator, die durch die Gruppenrichtlinie angegebenen Auftragslimits pro Benutzer und pro Computer zu erhöhen.\\\"\"},\"eventdata\":{\"entityName\":\"ARZW\\\\\\\\RZUser\",\"currentSize\":\"60\",\"currentLimit\":\"60\"}}}",
    "manager": {
      "name": "wazuh.manager"
    },
    "data": {
      "win": {
        "eventdata": {
          "entityName": "ARZW\\\\RZUser",
          "currentSize": "60",
          "currentLimit": "60"
        },
        "system": {
          "eventID": "16398",
          "keywords": "0x8000000000000000",
          "providerGuid": "{ef1cc15b-46c1-414e-bb95-e76b077bd51e}",
          "level": "2",
          "channel": "System",
          "opcode": "0",
          "message": "\"Ein neuer BITS-Auftrag konnte nicht erstellt werden. Die aktuelle Auftragsanzahl für den ARZW\\RZUser-Benutzer (\"60\") ist gleich oder größer als das durch die Gruppenrichtlinie angegebene Auftragslimit (\"60\"). Sie können das Problem beheben, indem Sie die BITS-Aufträge beenden oder abbrechen, für die kein Fortschritt festgestellt wurde, indem Sie sich den Fehler ansehen, und den BITS-Dienst anschließend neu starten. Falls der Fehler weiterhin angezeigt wird, bitten Sie den Administrator, die durch die Gruppenrichtlinie angegebenen Auftragslimits pro Benutzer und pro Computer zu erhöhen.\"",
          "version": "0",
          "systemTime": "2026-05-26T04:02:12.4114074Z",
          "eventRecordID": "214701",
          "threadID": "10644",
          "computer": "RZ_Scan_03_004.arzw.local",
          "task": "0",
          "processID": "8844",
          "severityValue": "ERROR",
          "providerName": "Microsoft-Windows-Bits-Client"
        }
      }
    },
    "rule": {
      "firedtimes": 1,
      "mail": false,
      "level": 10,
      "description": "Multiple System error events",
      "groups": [
        "windows",
        "windows_system"
      ],
      "id": "61110",
      "frequency": 8
    },
    "location": "EventChannel",
    "decoder": {
      "name": "windows_eventchannel"
    },
    "id": "1779768127.3212955",
    "timestamp": "2026-05-26T04:02:07.032+0000"
  },
  {
    "input": {
      "type": "log"
    },
    "agent": {
      "ip": "172.21.4.241",
      "name": "RZ_Scan_03_004",
      "id": "082"
    },
    "manager": {
      "name": "wazuh.manager"
    },
    "data": {
      "win": {
        "eventdata": {
          "entityName": "ARZW\\\\RZUser",
          "currentSize": "60",
          "currentLimit": "60"
        },
        "system": {
          "eventID": "16398",
          "keywords": "0x8000000000000000",
          "providerGuid": "{ef1cc15b-46c1-414e-bb95-e76b077bd51e}",
          "level": "2",
          "channel": "System",
          "opcode": "0",
          "message": "\"Ein neuer BITS-Auftrag konnte nicht erstellt werden. Die aktuelle Auftragsanzahl für den ARZW\\RZUser-Benutzer (\"60\") ist gleich oder größer als das durch die Gruppenrichtlinie angegebene Auftragslimit (\"60\"). Sie können das Problem beheben, indem Sie die BITS-Aufträge beenden oder abbrechen, für die kein Fortschritt festgestellt wurde, indem Sie sich den Fehler ansehen, und den BITS-Dienst anschließend neu starten. Falls der Fehler weiterhin angezeigt wird, bitten Sie den Administrator, die durch die Gruppenrichtlinie angegebenen Auftragslimits pro Benutzer und pro Computer zu erhöhen.\"",
          "version": "0",
          "systemTime": "2026-05-26T04:02:12.3995303Z",
          "eventRecordID": "214700",
          "threadID": "8096",
          "computer": "RZ_Scan_03_004.arzw.local",
          "task": "0",
          "processID": "8844",
          "severityValue": "ERROR",
          "providerName": "Microsoft-Windows-Bits-Client"
        }
      }
    },
    "rule": {
      "firedtimes": 8,
      "mail": false,
      "level": 5,
      "description": "Windows System error event",
      "groups": [
        "windows",
        "windows_system",
        "system_error"
      ],
      "id": "61102",
      "gpg13": [
        "4.3"
      ],
      "gdpr": [
        "IV_35.7.d"
      ]
    },
    "location": "EventChannel",
    "decoder": {
      "name": "windows_eventchannel"
    },
    "id": "1779768127.3210400",
    "timestamp": "2026-05-26T04:02:07.017+0000"
  },
  {
    "input": {
      "type": "log"
    },
    "agent": {
      "ip": "172.21.4.241",
      "name": "RZ_Scan_03_004",
      "id": "082"
    },
    "manager": {
      "name": "wazuh.manager"
    },
    "data": {
      "win": {
        "eventdata": {
          "data": "2126-05-02T04:01:22Z, RulesEngine"
        },
        "system": {
          "eventID": "16384",
          "eventSourceName": "Software Protection Platform Service",
          "keywords": "0x80000000000000",
          "providerGuid": "{E23B33B0-C8C9-472C-A5F9-F2BDFEA0F156}",
          "level": "4",
          "channel": "Application",
          "opcode": "0",
          "message": "\"Der Softwareschutzdienst wurde erfolgreich für den erneuten Start bei 2126-05-02T04:01:22Z geplant. Grund: RulesEngine.\"",
          "version": "0",
          "systemTime": "2026-05-26T04:01:22.4005013Z",
          "eventRecordID": "152054",
          "threadID": "0",
          "computer": "RZ_Scan_03_004.arzw.local",
          "task": "0",
          "processID": "0",
          "severityValue": "INFORMATION",
          "providerName": "Microsoft-Windows-Security-SPP"
        }
      }
    },
    "rule": {
      "firedtimes": 4,
      "mail": false,
      "level": 3,
      "description": "Software protection service scheduled successfully.",
      "groups": [
        "windows",
        "windows_application"
      ],
      "id": "60642"
    },
    "location": "EventChannel",
    "decoder": {
      "name": "windows_eventchannel"
    },
    "id": "1779768076.3201017",
    "timestamp": "2026-05-26T04:01:16.352+0000"
  },
  {
    "input": {
      "type": "log"
    },
    "agent": {
      "ip": "172.21.4.241",
      "name": "RZ_Scan_03_004",
      "id": "082"
    },
    "manager": {
      "name": "wazuh.manager"
    },
    "data": {
      "win": {
        "eventdata": {
          "binary": "67007500700064006100740065000000",
          "param1": "Google Update-Dienst (gupdate)",
          "param2": "%%1053"
        },
        "system": {
          "eventID": "7000",
          "eventSourceName": "Service Control Manager",
          "keywords": "0x8080000000000000",
          "providerGuid": "{555908d1-a6d7-4695-8e1e-26931d2012f4}",
          "level": "2",
          "channel": "System",
          "opcode": "0",
          "message": "\"Der Dienst \"Google Update-Dienst (gupdate)\" wurde aufgrund folgenden Fehlers nicht gestartet: \r\nDer Dienst antwortete nicht rechtzeitig auf die Start- oder Steuerungsanforderung.\"",
          "version": "0",
          "systemTime": "2026-05-26T04:01:12.9977916Z",
          "eventRecordID": "214697",
          "threadID": "6048",
          "computer": "RZ_Scan_03_004.arzw.local",
          "task": "0",
          "processID": "788",
          "severityValue": "ERROR",
          "providerName": "Service Control Manager"
        }
      }
    },
    "rule": {
      "firedtimes": 6,
      "mail": false,
      "level": 5,
      "description": "Windows System error event",
      "groups": [
        "windows",
        "windows_system",
        "system_error"
      ],
      "id": "61102",
      "gpg13": [
        "4.3"
      ],
      "gdpr": [
        "IV_35.7.d"
      ]
    },
    "location": "EventChannel",
    "decoder": {
      "name": "windows_eventchannel"
    },
    "id": "1779768067.3199155",
    "timestamp": "2026-05-26T04:01:07.976+0000"
  },
  {
    "input": {
      "type": "log"
    },
    "agent": {
      "ip": "172.21.4.241",
      "name": "RZ_Scan_03_004",
      "id": "082"
    },
    "manager": {
      "name": "wazuh.manager"
    },
    "data": {
      "win": {
        "eventdata": {
          "binary": "67007500700064006100740065000000",
          "param1": "30000",
          "param2": "Google Update-Dienst (gupdate)"
        },
        "system": {
          "eventID": "7009",
          "eventSourceName": "Service Control Manager",
          "keywords": "0x8080000000000000",
          "providerGuid": "{555908d1-a6d7-4695-8e1e-26931d2012f4}",
          "level": "2",
          "channel": "System",
          "opcode": "0",
          "message": "\"Das Zeitlimit (30000 ms) wurde beim Verbindungsversuch mit dem Dienst Google Update-Dienst (gupdate) erreicht.\"",
          "version": "0",
          "systemTime": "2026-05-26T04:01:12.9977916Z",
          "eventRecordID": "214696",
          "threadID": "6048",
          "computer": "RZ_Scan_03_004.arzw.local",
          "task": "0",
          "processID": "788",
          "severityValue": "ERROR",
          "providerName": "Service Control Manager"
        }
      }
    },
    "rule": {
      "firedtimes": 5,
      "mail": false,
      "level": 5,
      "description": "Windows System error event",
      "groups": [
        "windows",
        "windows_system",
        "system_error"
      ],
      "id": "61102",
      "gpg13": [
        "4.3"
      ],
      "gdpr": [
        "IV_35.7.d"
      ]
    },
    "location": "EventChannel",
    "decoder": {
      "name": "windows_eventchannel"
    },
    "id": "1779768067.3197435",
    "timestamp": "2026-05-26T04:01:07.958+0000"
  },
  {
    "input": {
      "type": "log"
    },
    "agent": {
      "ip": "172.21.4.241",
      "name": "RZ_Scan_03_004",
      "id": "082"
    },
    "manager": {
      "name": "wazuh.manager"
    },
    "data": {
      "win": {
        "eventdata": {
          "entityName": "ARZW\\\\RZUser",
          "currentSize": "60",
          "currentLimit": "60"
        },
        "system": {
          "eventID": "16398",
          "keywords": "0x8000000000000000",
          "providerGuid": "{ef1cc15b-46c1-414e-bb95-e76b077bd51e}",
          "level": "2",
          "channel": "System",
          "opcode": "0",
          "message": "\"Ein neuer BITS-Auftrag konnte nicht erstellt werden. Die aktuelle Auftragsanzahl für den ARZW\\RZUser-Benutzer (\"60\") ist gleich oder größer als das durch die Gruppenrichtlinie angegebene Auftragslimit (\"60\"). Sie können das Problem beheben, indem Sie die BITS-Aufträge beenden oder abbrechen, für die kein Fortschritt festgestellt wurde, indem Sie sich den Fehler ansehen, und den BITS-Dienst anschließend neu starten. Falls der Fehler weiterhin angezeigt wird, bitten Sie den Administrator, die durch die Gruppenrichtlinie angegebenen Auftragslimits pro Benutzer und pro Computer zu erhöhen.\"",
          "version": "0",
          "systemTime": "2026-05-26T04:00:39.9082003Z",
          "eventRecordID": "214695",
          "threadID": "8096",
          "computer": "RZ_Scan_03_004.arzw.local",
          "task": "0",
          "processID": "8844",
          "severityValue": "ERROR",
          "providerName": "Microsoft-Windows-Bits-Client"
        }
      }
    },
    "rule": {
      "firedtimes": 4,
      "mail": false,
      "level": 5,
      "description": "Windows System error event",
      "groups": [
        "windows",
        "windows_system",
        "system_error"
      ],
      "id": "61102",
      "gpg13": [
        "4.3"
      ],
      "gdpr": [
        "IV_35.7.d"
      ]
    },
    "location": "EventChannel",
    "decoder": {
      "name": "windows_eventchannel"
    },
    "id": "1779768034.3155318",
    "timestamp": "2026-05-26T04:00:34.859+0000"
  },
  {
    "input": {
      "type": "log"
    },
    "agent": {
      "ip": "172.21.4.241",
      "name": "RZ_Scan_03_004",
      "id": "082"
    },
    "manager": {
      "name": "wazuh.manager"
    },
    "data": {
      "win": {
        "eventdata": {
          "entityName": "ARZW\\\\RZUser",
          "currentSize": "60",
          "currentLimit": "60"
        },
        "system": {
          "eventID": "16398",
          "keywords": "0x8000000000000000",
          "providerGuid": "{ef1cc15b-46c1-414e-bb95-e76b077bd51e}",
          "level": "2",
          "channel": "System",
          "opcode": "0",
          "message": "\"Ein neuer BITS-Auftrag konnte nicht erstellt werden. Die aktuelle Auftragsanzahl für den ARZW\\RZUser-Benutzer (\"60\") ist gleich oder größer als das durch die Gruppenrichtlinie angegebene Auftragslimit (\"60\"). Sie können das Problem beheben, indem Sie die BITS-Aufträge beenden oder abbrechen, für die kein Fortschritt festgestellt wurde, indem Sie sich den Fehler ansehen, und den BITS-Dienst anschließend neu starten. Falls der Fehler weiterhin angezeigt wird, bitten Sie den Administrator, die durch die Gruppenrichtlinie angegebenen Auftragslimits pro Benutzer und pro Computer zu erhöhen.\"",
          "version": "0",
          "systemTime": "2026-05-26T04:00:29.9081807Z",
          "eventRecordID": "214694",
          "threadID": "10644",
          "computer": "RZ_Scan_03_004.arzw.local",
          "task": "0",
          "processID": "8844",
          "severityValue": "ERROR",
          "providerName": "Microsoft-Windows-Bits-Client"
        }
      }
    },
    "rule": {
      "firedtimes": 3,
      "mail": false,
      "level": 5,
      "description": "Windows System error event",
      "groups": [
        "windows",
        "windows_system",
        "system_error"
      ],
      "id": "61102",
      "gpg13": [
        "4.3"
      ],
      "gdpr": [
        "IV_35.7.d"
      ]
    },
    "location": "EventChannel",
    "decoder": {
      "name": "windows_eventchannel"
    },
    "id": "1779768024.3152761",
    "timestamp": "2026-05-26T04:00:24.867+0000"
  },
  {
    "input": {
      "type": "log"
    },
    "agent": {
      "ip": "172.21.4.241",
      "name": "RZ_Scan_03_004",
      "id": "082"
    },
    "manager": {
      "name": "wazuh.manager"
    },
    "data": {
      "win": {
        "eventdata": {
          "data": "2126-05-02T04:00:24Z, RulesEngine"
        },
        "system": {
          "eventID": "16384",
          "eventSourceName": "Software Protection Platform Service",
          "keywords": "0x80000000000000",
          "providerGuid": "{E23B33B0-C8C9-472C-A5F9-F2BDFEA0F156}",
          "level": "4",
          "channel": "Application",
          "opcode": "0",
          "message": "\"Der Softwareschutzdienst wurde erfolgreich für den erneuten Start bei 2126-05-02T04:00:24Z geplant. Grund: RulesEngine.\"",
          "version": "0",
          "systemTime": "2026-05-26T04:00:24.3663742Z",
          "eventRecordID": "152044",
          "threadID": "0",
          "computer": "RZ_Scan_03_004.arzw.local",
          "task": "0",
          "processID": "0",
          "severityValue": "INFORMATION",
          "providerName": "Microsoft-Windows-Security-SPP"
        }
      }
    },
    "rule": {
      "firedtimes": 2,
      "mail": false,
      "level": 3,
      "description": "Software protection service scheduled successfully.",
      "groups": [
        "windows",
        "windows_application"
      ],
      "id": "60642"
    },
    "location": "EventChannel",
    "decoder": {
      "name": "windows_eventchannel"
    },
    "id": "1779768018.3151121",
    "timestamp": "2026-05-26T04:00:18.391+0000"
  },
  {
    "input": {
      "type": "log"
    },
    "agent": {
      "ip": "172.21.4.241",
      "name": "RZ_Scan_03_004",
      "id": "082"
    },
    "manager": {
      "name": "wazuh.manager"
    },
    "data": {
      "win": {
        "eventdata": {
          "entityName": "ARZW\\\\RZUser",
          "currentSize": "60",
          "currentLimit": "60"
        },
        "system": {
          "eventID": "16398",
          "keywords": "0x8000000000000000",
          "providerGuid": "{ef1cc15b-46c1-414e-bb95-e76b077bd51e}",
          "level": "2",
          "channel": "System",
          "opcode": "0",
          "message": "\"Ein neuer BITS-Auftrag konnte nicht erstellt werden. Die aktuelle Auftragsanzahl für den ARZW\\RZUser-Benutzer (\"60\") ist gleich oder größer als das durch die Gruppenrichtlinie angegebene Auftragslimit (\"60\"). Sie können das Problem beheben, indem Sie die BITS-Aufträge beenden oder abbrechen, für die kein Fortschritt festgestellt wurde, indem Sie sich den Fehler ansehen, und den BITS-Dienst anschließend neu starten. Falls der Fehler weiterhin angezeigt wird, bitten Sie den Administrator, die durch die Gruppenrichtlinie angegebenen Auftragslimits pro Benutzer und pro Computer zu erhöhen.\"",
          "version": "0",
          "systemTime": "2026-05-26T04:00:19.9037315Z",
          "eventRecordID": "214693",
          "threadID": "10644",
          "computer": "RZ_Scan_03_004.arzw.local",
          "task": "0",
          "processID": "8844",
          "severityValue": "ERROR",
          "providerName": "Microsoft-Windows-Bits-Client"
        }
      }
    },
    "rule": {
      "firedtimes": 2,
      "mail": false,
      "level": 5,
      "description": "Windows System error event",
      "groups": [
        "windows",
        "windows_system",
        "system_error"
      ],
      "id": "61102",
      "gpg13": [
        "4.3"
      ],
      "gdpr": [
        "IV_35.7.d"
      ]
    },
    "location": "EventChannel",
    "decoder": {
      "name": "windows_eventchannel"
    },
    "id": "1779768014.3148564",
    "timestamp": "2026-05-26T04:00:14.859+0000"
  },
