  {
    "input": {
      "type": "log"
    },
    "agent": {
      "ip": "172.21.4.241",
      "name": "RZ_Scan_03_004",
      "id": "082"
    },
    "manager": {
      "name": "wazuh.manager"
    },
    "data": {
      "win": {
        "eventdata": {
          "subjectLogonId": "0x0",
          "targetLinkedLogonId": "0x0",
          "impersonationLevel": "%%1833",
          "ipAddress": "::1",
          "authenticationPackageName": "Kerberos",
          "targetLogonId": "0xbf0307",
          "logonProcessName": "Kerberos",
          "logonGuid": "{6e293975-79e6-9dd5-5671-c4d2a3fee7bd}",
          "targetUserName": "RZ_SCAN_03_004$",
          "keyLength": "0",
          "elevatedToken": "%%1842",
          "subjectUserSid": "S-1-0-0",
          "processId": "0x0",
          "ipPort": "0",
          "targetDomainName": "ARZW.LOCAL",
          "targetUserSid": "S-1-5-18",
          "virtualAccount": "%%1843",
          "logonType": "3"
        },
        "system": {
          "eventID": "4624",
          "keywords": "0x8020000000000000",
          "providerGuid": "{54849625-5478-4994-a5ba-3e3b0328c30d}",
          "level": "0",
          "channel": "Security",
          "opcode": "0",
          "message": "\"Ein Konto wurde erfolgreich angemeldet.\r\n\r\nAntragsteller:\r\n\tSicherheits-ID:\t\tS-1-0-0\r\n\tKontoname:\t\t-\r\n\tKontodomäne:\t\t-\r\n\tAnmelde-ID:\t\t0x0\r\n\r\nAnmeldeinformationen:\r\n\tAnmeldetyp:\t\t3\r\n\tEingeschränkter Administratormodus:\t-\r\n\tVirtuelles Konto:\t\tNein\r\n\tToken mit erhöhten Rechten:\t\tJa\r\n\r\nIdentitätswechselebene:\t\tIdentitätswechsel\r\n\r\nNeue Anmeldung:\r\n\tSicherheits-ID:\t\tS-1-5-18\r\n\tKontoname:\t\tRZ_SCAN_03_004$\r\n\tKontodomäne:\t\tARZW.LOCAL\r\n\tAnmelde-ID:\t\t0xBF0307\r\n\tVerknüpfte Anmelde-ID:\t\t0x0\r\n\tNetzwerk-Kontoname:\t-\r\n\tNetzwerk-Kontodomäne:\t-\r\n\tAnmelde-GUID:\t\t{6e293975-79e6-9dd5-5671-c4d2a3fee7bd}\r\n\r\nProzessinformationen:\r\n\tProzess-ID:\t\t0x0\r\n\tProzessname:\t\t-\r\n\r\nNetzwerkinformationen:\r\n\tArbeitsstationsname:\t-\r\n\tQuellnetzwerkadresse:\t::1\r\n\tQuellport:\t\t0\r\n\r\nDetaillierte Authentifizierungsinformationen:\r\n\tAnmeldeprozess:\t\tKerberos\r\n\tAuthentifizierungspaket:\tKerberos\r\n\tÜbertragene Dienste:\t-\r\n\tPaketname (nur NTLM):\t-\r\n\tSchlüssellänge:\t\t0\r\n\r\nDieses Ereignis wird beim Erstellen einer Anmeldesitzung generiert. Es wird auf dem Computer generiert, auf den zugegriffen wurde.\r\n\r\nDie Antragstellerfelder geben das Konto auf dem lokalen System an, von dem die Anmeldung angefordert wurde. Dies ist meistens ein Dienst wie der Serverdienst oder ein lokaler Prozess wie \"Winlogon.exe\" oder \"Services.exe\".\r\n\r\nDas Anmeldetypfeld gibt den jeweiligen Anmeldetyp an. Die häufigsten Typen sind 2 (interaktiv) und 3 (Netzwerk).\r\n\r\nDie Felder für die neue Anmeldung geben das Konto an, für das die neue Anmeldung erstellt wurde, d. h. das angemeldete Konto.\r\n\r\nDie Netzwerkfelder geben die Quelle einer Remoteanmeldeanforderung an. Der Arbeitsstationsname ist nicht immer verfügbar und kann in manchen Fällen leer bleiben.\r\n\r\nDas Feld für die Identitätswechselebene gibt an, in welchem Umfang ein Prozess in der Anmeldesitzung einen Identitätswechsel vornehmen kann.\r\n\r\nDie Felder für die Authentifizierungsinformationen enthalten detaillierte Informationen zu dieser speziellen Anmeldeanforderung.\r\n\t- Die Anmelde-GUID ist ein eindeutiger Bezeichner, der verwendet werden kann, um dieses Ereignis mit einem KDC-Ereignis zu korrelieren.\r\n\t- Die übertragenen Dienste geben an, welche Zwischendienste an der Anmeldeanforderung beteiligt waren.\r\n\t- Der Paketname gibt das in den NTLM-Protokollen verwendete Unterprotokoll an.\r\n\t- Die Schlüssellänge gibt die Länge des generierten Sitzungsschlüssels an. Wenn kein Sitzungsschlüssel angefordert wurde, ist dieser Wert 0.\"",
          "version": "2",
          "systemTime": "2026-05-26T05:48:18.0051065Z",
          "eventRecordID": "1214081",
          "threadID": "1856",
          "computer": "RZ_Scan_03_004.arzw.local",
          "task": "12544",
          "processID": "796",
          "severityValue": "AUDIT_SUCCESS",
          "providerName": "Microsoft-Windows-Security-Auditing"
        }
      }
    },
    "rule": {
      "mail": false,
      "level": 3,
      "pci_dss": [
        "10.2.5"
      ],
      "hipaa": [
        "164.312.b"
      ],
      "tsc": [
        "CC6.8",
        "CC7.2",
        "CC7.3"
      ],
      "description": "Windows Logon Success",
      "groups": [
        "windows",
        "windows_security",
        "authentication_success"
      ],
      "nist_800_53": [
        "AU.14",
        "AC.9"
      ],
      "gdpr": [
        "IV_32.2"
      ],
      "firedtimes": 56,
      "mitre": {
        "technique": [
          "Valid Accounts"
        ],
        "id": [
          "T1078"
        ],
        "tactic": [
          "Defense Evasion",
          "Persistence",
          "Privilege Escalation",
          "Initial Access"
        ]
      },
      "id": "60106",
      "gpg13": [
        "7.1",
        "7.2"
      ]
    },
    "location": "EventChannel",
    "decoder": {
      "name": "windows_eventchannel"
    },
    "id": "1779774498.10597028",
    "timestamp": "2026-05-26T05:48:18.615+0000"
  },
  {
    "input": {
      "type": "log"
    },
    "agent": {
      "ip": "172.21.4.241",
      "name": "RZ_Scan_03_004",
      "id": "082"
    },
    "manager": {
      "name": "wazuh.manager"
    },
    "data": {
      "win": {
        "eventdata": {
          "subjectLogonId": "0x0",
          "targetLinkedLogonId": "0x0",
          "impersonationLevel": "%%1833",
          "ipAddress": "::1",
          "authenticationPackageName": "Kerberos",
          "targetLogonId": "0xbeffbb",
          "logonProcessName": "Kerberos",
          "logonGuid": "{6e293975-79e6-9dd5-5671-c4d2a3fee7bd}",
          "targetUserName": "RZ_SCAN_03_004$",
          "keyLength": "0",
          "elevatedToken": "%%1842",
          "subjectUserSid": "S-1-0-0",
          "processId": "0x0",
          "ipPort": "0",
          "targetDomainName": "ARZW.LOCAL",
          "targetUserSid": "S-1-5-18",
          "virtualAccount": "%%1843",
          "logonType": "3"
        },
        "system": {
          "eventID": "4624",
          "keywords": "0x8020000000000000",
          "providerGuid": "{54849625-5478-4994-a5ba-3e3b0328c30d}",
          "level": "0",
          "channel": "Security",
          "opcode": "0",
          "message": "\"Ein Konto wurde erfolgreich angemeldet.\r\n\r\nAntragsteller:\r\n\tSicherheits-ID:\t\tS-1-0-0\r\n\tKontoname:\t\t-\r\n\tKontodomäne:\t\t-\r\n\tAnmelde-ID:\t\t0x0\r\n\r\nAnmeldeinformationen:\r\n\tAnmeldetyp:\t\t3\r\n\tEingeschränkter Administratormodus:\t-\r\n\tVirtuelles Konto:\t\tNein\r\n\tToken mit erhöhten Rechten:\t\tJa\r\n\r\nIdentitätswechselebene:\t\tIdentitätswechsel\r\n\r\nNeue Anmeldung:\r\n\tSicherheits-ID:\t\tS-1-5-18\r\n\tKontoname:\t\tRZ_SCAN_03_004$\r\n\tKontodomäne:\t\tARZW.LOCAL\r\n\tAnmelde-ID:\t\t0xBEFFBB\r\n\tVerknüpfte Anmelde-ID:\t\t0x0\r\n\tNetzwerk-Kontoname:\t-\r\n\tNetzwerk-Kontodomäne:\t-\r\n\tAnmelde-GUID:\t\t{6e293975-79e6-9dd5-5671-c4d2a3fee7bd}\r\n\r\nProzessinformationen:\r\n\tProzess-ID:\t\t0x0\r\n\tProzessname:\t\t-\r\n\r\nNetzwerkinformationen:\r\n\tArbeitsstationsname:\t-\r\n\tQuellnetzwerkadresse:\t::1\r\n\tQuellport:\t\t0\r\n\r\nDetaillierte Authentifizierungsinformationen:\r\n\tAnmeldeprozess:\t\tKerberos\r\n\tAuthentifizierungspaket:\tKerberos\r\n\tÜbertragene Dienste:\t-\r\n\tPaketname (nur NTLM):\t-\r\n\tSchlüssellänge:\t\t0\r\n\r\nDieses Ereignis wird beim Erstellen einer Anmeldesitzung generiert. Es wird auf dem Computer generiert, auf den zugegriffen wurde.\r\n\r\nDie Antragstellerfelder geben das Konto auf dem lokalen System an, von dem die Anmeldung angefordert wurde. Dies ist meistens ein Dienst wie der Serverdienst oder ein lokaler Prozess wie \"Winlogon.exe\" oder \"Services.exe\".\r\n\r\nDas Anmeldetypfeld gibt den jeweiligen Anmeldetyp an. Die häufigsten Typen sind 2 (interaktiv) und 3 (Netzwerk).\r\n\r\nDie Felder für die neue Anmeldung geben das Konto an, für das die neue Anmeldung erstellt wurde, d. h. das angemeldete Konto.\r\n\r\nDie Netzwerkfelder geben die Quelle einer Remoteanmeldeanforderung an. Der Arbeitsstationsname ist nicht immer verfügbar und kann in manchen Fällen leer bleiben.\r\n\r\nDas Feld für die Identitätswechselebene gibt an, in welchem Umfang ein Prozess in der Anmeldesitzung einen Identitätswechsel vornehmen kann.\r\n\r\nDie Felder für die Authentifizierungsinformationen enthalten detaillierte Informationen zu dieser speziellen Anmeldeanforderung.\r\n\t- Die Anmelde-GUID ist ein eindeutiger Bezeichner, der verwendet werden kann, um dieses Ereignis mit einem KDC-Ereignis zu korrelieren.\r\n\t- Die übertragenen Dienste geben an, welche Zwischendienste an der Anmeldeanforderung beteiligt waren.\r\n\t- Der Paketname gibt das in den NTLM-Protokollen verwendete Unterprotokoll an.\r\n\t- Die Schlüssellänge gibt die Länge des generierten Sitzungsschlüssels an. Wenn kein Sitzungsschlüssel angefordert wurde, ist dieser Wert 0.\"",
          "version": "2",
          "systemTime": "2026-05-26T05:48:17.5585227Z",
          "eventRecordID": "1214078",
          "threadID": "1856",
          "computer": "RZ_Scan_03_004.arzw.local",
          "task": "12544",
          "processID": "796",
          "severityValue": "AUDIT_SUCCESS",
          "providerName": "Microsoft-Windows-Security-Auditing"
        }
      }
    },
    "rule": {
      "mail": false,
      "level": 3,
      "pci_dss": [
        "10.2.5"
      ],
      "hipaa": [
        "164.312.b"
      ],
      "tsc": [
        "CC6.8",
        "CC7.2",
        "CC7.3"
      ],
      "description": "Windows Logon Success",
      "groups": [
        "windows",
        "windows_security",
        "authentication_success"
      ],
      "nist_800_53": [
        "AU.14",
        "AC.9"
      ],
      "gdpr": [
        "IV_32.2"
      ],
      "firedtimes": 55,
      "mitre": {
        "technique": [
          "Valid Accounts"
        ],
        "id": [
          "T1078"
        ],
        "tactic": [
          "Defense Evasion",
          "Persistence",
          "Privilege Escalation",
          "Initial Access"
        ]
      },
      "id": "60106",
      "gpg13": [
        "7.1",
        "7.2"
      ]
    },
    "location": "EventChannel",
    "decoder": {
      "name": "windows_eventchannel"
    },
    "id": "1779774498.10586933",
    "timestamp": "2026-05-26T05:48:18.584+0000"
  },
  {
    "input": {
      "type": "log"
    },
    "agent": {
      "ip": "172.21.4.241",
      "name": "RZ_Scan_03_004",
      "id": "082"
    },
    "manager": {
      "name": "wazuh.manager"
    },
    "data": {
      "win": {
        "eventdata": {
          "targetLogonId": "0xbeffbb",
          "targetUserName": "RZ_SCAN_03_004$",
          "targetDomainName": "ARZW",
          "targetUserSid": "S-1-5-18",
          "logonType": "3"
        },
        "system": {
          "eventID": "4634",
          "keywords": "0x8020000000000000",
          "providerGuid": "{54849625-5478-4994-a5ba-3e3b0328c30d}",
          "level": "0",
          "channel": "Security",
          "opcode": "0",
          "message": "\"Ein Konto wurde abgemeldet.\r\n\r\nAntragsteller:\r\n\tSicherheits-ID:\t\tS-1-5-18\r\n\tKontoname:\t\tRZ_SCAN_03_004$\r\n\tKontodomäne:\t\tARZW\r\n\tAnmelde-ID:\t\t0xBEFFBB\r\n\r\nAnmeldetyp:\t\t\t3\r\n\r\nDieses Ereignis wird generiert, wenn eine Anmeldesitzung zerstört wird. Es kann anhand des Wertes der Anmelde-ID positiv mit einem Anmeldeereignis korreliert werden. Anmelde-IDs sind nur zwischen Neustarts auf demselben Computer eindeutig.\"",
          "version": "0",
          "systemTime": "2026-05-26T05:48:18.0034749Z",
          "eventRecordID": "1214079",
          "threadID": "1856",
          "computer": "RZ_Scan_03_004.arzw.local",
          "task": "12545",
          "processID": "796",
          "severityValue": "AUDIT_SUCCESS",
          "providerName": "Microsoft-Windows-Security-Auditing"
        }
      }
    },
    "rule": {
      "firedtimes": 56,
      "mail": false,
      "level": 3,
      "pci_dss": [
        "10.2.5"
      ],
      "hipaa": [
        "164.312.b"
      ],
      "tsc": [
        "CC6.8",
        "CC7.2",
        "CC7.3"
      ],
      "description": "Windows User Logoff",
      "groups": [
        "windows",
        "windows_security"
      ],
      "id": "60137",
      "nist_800_53": [
        "AU.14",
        "AC.7"
      ],
      "gdpr": [
        "IV_32.2"
      ]
    },
    "location": "EventChannel",
    "decoder": {
      "name": "windows_eventchannel"
    },
    "id": "1779774498.10594566",
    "timestamp": "2026-05-26T05:48:18.584+0000"
  },
  {
    "input": {
      "type": "log"
    },
    "agent": {
      "ip": "172.21.4.241",
      "name": "RZ_Scan_03_004",
      "id": "082"
    },
    "manager": {
      "name": "wazuh.manager"
    },
    "data": {
      "win": {
        "eventdata": {
          "data": "2126-05-02T05:40:12Z, RulesEngine"
        },
        "system": {
          "eventID": "16384",
          "eventSourceName": "Software Protection Platform Service",
          "keywords": "0x80000000000000",
          "providerGuid": "{E23B33B0-C8C9-472C-A5F9-F2BDFEA0F156}",
          "level": "4",
          "channel": "Application",
          "opcode": "0",
          "message": "\"Der Softwareschutzdienst wurde erfolgreich für den erneuten Start bei 2126-05-02T05:40:12Z geplant. Grund: RulesEngine.\"",
          "version": "0",
          "systemTime": "2026-05-26T05:40:12.8236413Z",
          "eventRecordID": "152088",
          "threadID": "0",
          "computer": "RZ_Scan_03_004.arzw.local",
          "task": "0",
          "processID": "0",
          "severityValue": "INFORMATION",
          "providerName": "Microsoft-Windows-Security-SPP"
        }
      }
    },
    "rule": {
      "firedtimes": 91,
      "mail": false,
      "level": 3,
      "description": "Software protection service scheduled successfully.",
      "groups": [
        "windows",
        "windows_application"
      ],
      "id": "60642"
    },
    "location": "EventChannel",
    "decoder": {
      "name": "windows_eventchannel"
    },
    "id": "1779774012.10316718",
    "timestamp": "2026-05-26T05:40:12.850+0000"
  },
  {
    "input": {
      "type": "log"
    },
    "agent": {
      "ip": "172.21.4.241",
      "name": "RZ_Scan_03_004",
      "id": "082"
    },
    "manager": {
      "name": "wazuh.manager"
    },
    "data": {
      "win": {
        "eventdata": {
          "param3": "Manuell starten",
          "param4": "BITS",
          "param1": "Background Intelligent Transfer Service",
          "param2": "Automatisch starten"
        },
        "system": {
          "eventID": "7040",
          "eventSourceName": "Service Control Manager",
          "keywords": "0x8080000000000000",
          "providerGuid": "{555908d1-a6d7-4695-8e1e-26931d2012f4}",
          "level": "4",
          "channel": "System",
          "opcode": "0",
          "message": "\"Der Starttyp des Diensts \"Background Intelligent Transfer Service\" wurde von Automatisch starten in Manuell starten geändert.\"",
          "version": "0",
          "systemTime": "2026-05-26T05:33:52.5623476Z",
          "eventRecordID": "214845",
          "threadID": "11860",
          "computer": "RZ_Scan_03_004.arzw.local",
          "task": "0",
          "processID": "788",
          "severityValue": "INFORMATION",
          "providerName": "Service Control Manager"
        }
      }
    },
    "rule": {
      "firedtimes": 48,
      "mail": false,
      "level": 3,
      "pci_dss": [
        "10.6"
      ],
      "hipaa": [
        "164.312.b"
      ],
      "tsc": [
        "CC6.1",
        "CC6.8",
        "CC7.2",
        "CC7.3"
      ],
      "description": "Service startup type was changed",
      "groups": [
        "windows",
        "windows_system",
        "policy_changed"
      ],
      "id": "61104",
      "nist_800_53": [
        "AU.6"
      ],
      "info": "This does not appear to be logged on Windows 2000",
      "gdpr": [
        "IV_35.7.d"
      ]
    },
    "location": "EventChannel",
    "decoder": {
      "name": "windows_eventchannel"
    },
    "id": "1779773633.9975012",
    "timestamp": "2026-05-26T05:33:53.590+0000"
  },
  {
    "input": {
      "type": "log"
    },
    "agent": {
      "ip": "172.21.4.241",
      "name": "RZ_Scan_03_004",
      "id": "082"
    },
    "manager": {
      "name": "wazuh.manager"
    },
    "data": {
      "win": {
        "eventdata": {
          "entityName": "ARZW\\\\RZUser",
          "currentSize": "60",
          "currentLimit": "60"
        },
        "system": {
          "eventID": "16398",
          "keywords": "0x8000000000000000",
          "providerGuid": "{ef1cc15b-46c1-414e-bb95-e76b077bd51e}",
          "level": "2",
          "channel": "System",
          "opcode": "0",
          "message": "\"Ein neuer BITS-Auftrag konnte nicht erstellt werden. Die aktuelle Auftragsanzahl für den ARZW\\RZUser-Benutzer (\"60\") ist gleich oder größer als das durch die Gruppenrichtlinie angegebene Auftragslimit (\"60\"). Sie können das Problem beheben, indem Sie die BITS-Aufträge beenden oder abbrechen, für die kein Fortschritt festgestellt wurde, indem Sie sich den Fehler ansehen, und den BITS-Dienst anschließend neu starten. Falls der Fehler weiterhin angezeigt wird, bitten Sie den Administrator, die durch die Gruppenrichtlinie angegebenen Auftragslimits pro Benutzer und pro Computer zu erhöhen.\"",
          "version": "0",
          "systemTime": "2026-05-26T05:31:42.2358853Z",
          "eventRecordID": "214844",
          "threadID": "8936",
          "computer": "RZ_Scan_03_004.arzw.local",
          "task": "0",
          "processID": "9200",
          "severityValue": "ERROR",
          "providerName": "Microsoft-Windows-Bits-Client"
        }
      }
    },
    "rule": {
      "firedtimes": 49,
      "mail": false,
      "level": 5,
      "description": "Windows System error event",
      "groups": [
        "windows",
        "windows_system",
        "system_error"
      ],
      "id": "61102",
      "gpg13": [
        "4.3"
      ],
      "gdpr": [
        "IV_35.7.d"
      ]
    },
    "location": "EventChannel",
    "decoder": {
      "name": "windows_eventchannel"
    },
    "id": "1779773503.9862641",
    "timestamp": "2026-05-26T05:31:43.264+0000"
  },
  {
    "input": {
      "type": "log"
    },
    "agent": {
      "ip": "172.21.4.241",
      "name": "RZ_Scan_03_004",
      "id": "082"
    },
    "manager": {
      "name": "wazuh.manager"
    },
    "data": {
      "win": {
        "eventdata": {
          "entityName": "ARZW\\\\RZUser",
          "currentSize": "60",
          "currentLimit": "60"
        },
        "system": {
          "eventID": "16398",
          "keywords": "0x8000000000000000",
          "providerGuid": "{ef1cc15b-46c1-414e-bb95-e76b077bd51e}",
          "level": "2",
          "channel": "System",
          "opcode": "0",
          "message": "\"Ein neuer BITS-Auftrag konnte nicht erstellt werden. Die aktuelle Auftragsanzahl für den ARZW\\RZUser-Benutzer (\"60\") ist gleich oder größer als das durch die Gruppenrichtlinie angegebene Auftragslimit (\"60\"). Sie können das Problem beheben, indem Sie die BITS-Aufträge beenden oder abbrechen, für die kein Fortschritt festgestellt wurde, indem Sie sich den Fehler ansehen, und den BITS-Dienst anschließend neu starten. Falls der Fehler weiterhin angezeigt wird, bitten Sie den Administrator, die durch die Gruppenrichtlinie angegebenen Auftragslimits pro Benutzer und pro Computer zu erhöhen.\"",
          "version": "0",
          "systemTime": "2026-05-26T05:31:32.2201820Z",
          "eventRecordID": "214843",
          "threadID": "8936",
          "computer": "RZ_Scan_03_004.arzw.local",
          "task": "0",
          "processID": "9200",
          "severityValue": "ERROR",
          "providerName": "Microsoft-Windows-Bits-Client"
        }
      }
    },
    "rule": {
      "firedtimes": 48,
      "mail": false,
      "level": 5,
      "description": "Windows System error event",
      "groups": [
        "windows",
        "windows_system",
        "system_error"
      ],
      "id": "61102",
      "gpg13": [
        "4.3"
      ],
      "gdpr": [
        "IV_35.7.d"
      ]
    },
    "location": "EventChannel",
    "decoder": {
      "name": "windows_eventchannel"
    },
    "id": "1779773493.9828813",
    "timestamp": "2026-05-26T05:31:33.249+0000"
  },
  {
    "input": {
      "type": "log"
    },
    "agent": {
      "ip": "172.21.4.241",
      "name": "RZ_Scan_03_004",
      "id": "082"
    },
    "manager": {
      "name": "wazuh.manager"
    },
    "data": {
      "win": {
        "eventdata": {
          "entityName": "ARZW\\\\RZUser",
          "currentSize": "60",
          "currentLimit": "60"
        },
        "system": {
          "eventID": "16398",
          "keywords": "0x8000000000000000",
          "providerGuid": "{ef1cc15b-46c1-414e-bb95-e76b077bd51e}",
          "level": "2",
          "channel": "System",
          "opcode": "0",
          "message": "\"Ein neuer BITS-Auftrag konnte nicht erstellt werden. Die aktuelle Auftragsanzahl für den ARZW\\RZUser-Benutzer (\"60\") ist gleich oder größer als das durch die Gruppenrichtlinie angegebene Auftragslimit (\"60\"). Sie können das Problem beheben, indem Sie die BITS-Aufträge beenden oder abbrechen, für die kein Fortschritt festgestellt wurde, indem Sie sich den Fehler ansehen, und den BITS-Dienst anschließend neu starten. Falls der Fehler weiterhin angezeigt wird, bitten Sie den Administrator, die durch die Gruppenrichtlinie angegebenen Auftragslimits pro Benutzer und pro Computer zu erhöhen.\"",
          "version": "0",
          "systemTime": "2026-05-26T05:31:22.2099281Z",
          "eventRecordID": "214842",
          "threadID": "8936",
          "computer": "RZ_Scan_03_004.arzw.local",
          "task": "0",
          "processID": "9200",
          "severityValue": "ERROR",
          "providerName": "Microsoft-Windows-Bits-Client"
        }
      }
    },
    "rule": {
      "firedtimes": 47,
      "mail": false,
      "level": 5,
      "description": "Windows System error event",
      "groups": [
        "windows",
        "windows_system",
        "system_error"
      ],
      "id": "61102",
      "gpg13": [
        "4.3"
      ],
      "gdpr": [
        "IV_35.7.d"
      ]
    },
    "location": "EventChannel",
    "decoder": {
      "name": "windows_eventchannel"
    },
    "id": "1779773483.9809772",
    "timestamp": "2026-05-26T05:31:23.238+0000"
  },
  {
    "input": {
      "type": "log"
    },
    "agent": {
      "ip": "172.21.4.241",
      "name": "RZ_Scan_03_004",
      "id": "082"
    },
    "manager": {
      "name": "wazuh.manager"
    },
    "data": {
      "win": {
        "eventdata": {
          "entityName": "ARZW\\\\RZUser",
          "currentSize": "60",
          "currentLimit": "60"
        },
        "system": {
          "eventID": "16398",
          "keywords": "0x8000000000000000",
          "providerGuid": "{ef1cc15b-46c1-414e-bb95-e76b077bd51e}",
          "level": "2",
          "channel": "System",
          "opcode": "0",
          "message": "\"Ein neuer BITS-Auftrag konnte nicht erstellt werden. Die aktuelle Auftragsanzahl für den ARZW\\RZUser-Benutzer (\"60\") ist gleich oder größer als das durch die Gruppenrichtlinie angegebene Auftragslimit (\"60\"). Sie können das Problem beheben, indem Sie die BITS-Aufträge beenden oder abbrechen, für die kein Fortschritt festgestellt wurde, indem Sie sich den Fehler ansehen, und den BITS-Dienst anschließend neu starten. Falls der Fehler weiterhin angezeigt wird, bitten Sie den Administrator, die durch die Gruppenrichtlinie angegebenen Auftragslimits pro Benutzer und pro Computer zu erhöhen.\"",
          "version": "0",
          "systemTime": "2026-05-26T05:31:12.1951561Z",
          "eventRecordID": "214841",
          "threadID": "8936",
          "computer": "RZ_Scan_03_004.arzw.local",
          "task": "0",
          "processID": "9200",
          "severityValue": "ERROR",
          "providerName": "Microsoft-Windows-Bits-Client"
        }
      }
    },
    "rule": {
      "firedtimes": 46,
      "mail": false,
      "level": 5,
      "description": "Windows System error event",
      "groups": [
        "windows",
        "windows_system",
        "system_error"
      ],
      "id": "61102",
      "gpg13": [
        "4.3"
      ],
      "gdpr": [
        "IV_35.7.d"
      ]
    },
    "location": "EventChannel",
    "decoder": {
      "name": "windows_eventchannel"
    },
    "id": "1779773473.9804089",
    "timestamp": "2026-05-26T05:31:13.221+0000"
  },
  {
    "input": {
      "type": "log"
    },
    "agent": {
      "ip": "172.21.4.241",
      "name": "RZ_Scan_03_004",
      "id": "082"
    },
    "previous_output": "{\"win\":{\"system\":{\"providerName\":\"Microsoft-Windows-Bits-Client\",\"providerGuid\":\"{ef1cc15b-46c1-414e-bb95-e76b077bd51e}\",\"eventID\":\"16398\",\"version\":\"0\",\"level\":\"2\",\"task\":\"0\",\"opcode\":\"0\",\"keywords\":\"0x8000000000000000\",\"systemTime\":\"2026-05-26T05:30:46.6434320Z\",\"eventRecordID\":\"214839\",\"processID\":\"9200\",\"threadID\":\"8936\",\"channel\":\"System\",\"computer\":\"RZ_Scan_03_004.arzw.local\",\"severityValue\":\"ERROR\",\"message\":\"\\\"Ein neuer BITS-Auftrag konnte nicht erstellt werden. Die aktuelle Auftragsanzahl für den ARZW\\\\RZUser-Benutzer (\\\"60\\\") ist gleich oder größer als das durch die Gruppenrichtlinie angegebene Auftragslimit (\\\"60\\\"). Sie können das Problem beheben, indem Sie die BITS-Aufträge beenden oder abbrechen, für die kein Fortschritt festgestellt wurde, indem Sie sich den Fehler ansehen, und den BITS-Dienst anschließend neu starten. Falls der Fehler weiterhin angezeigt wird, bitten Sie den Administrator, die durch die Gruppenrichtlinie angegebenen Auftragslimits pro Benutzer und pro Computer zu erhöhen.\\\"\"},\"eventdata\":{\"entityName\":\"ARZW\\\\\\\\RZUser\",\"currentSize\":\"60\",\"currentLimit\":\"60\"}}}\n{\"win\":{\"system\":{\"providerName\":\"Microsoft-Windows-Bits-Client\",\"providerGuid\":\"{ef1cc15b-46c1-414e-bb95-e76b077bd51e}\",\"eventID\":\"16398\",\"version\":\"0\",\"level\":\"2\",\"task\":\"0\",\"opcode\":\"0\",\"keywords\":\"0x8000000000000000\",\"systemTime\":\"2026-05-26T05:30:36.6300697Z\",\"eventRecordID\":\"214838\",\"processID\":\"9200\",\"threadID\":\"8936\",\"channel\":\"System\",\"computer\":\"RZ_Scan_03_004.arzw.local\",\"severityValue\":\"ERROR\",\"message\":\"\\\"Ein neuer BITS-Auftrag konnte nicht erstellt werden. Die aktuelle Auftragsanzahl für den ARZW\\\\RZUser-Benutzer (\\\"60\\\") ist gleich oder größer als das durch die Gruppenrichtlinie angegebene Auftragslimit (\\\"60\\\"). Sie können das Problem beheben, indem Sie die BITS-Aufträge beenden oder abbrechen, für die kein Fortschritt festgestellt wurde, indem Sie sich den Fehler ansehen, und den BITS-Dienst anschließend neu starten. Falls der Fehler weiterhin angezeigt wird, bitten Sie den Administrator, die durch die Gruppenrichtlinie angegebenen Auftragslimits pro Benutzer und pro Computer zu erhöhen.\\\"\"},\"eventdata\":{\"entityName\":\"ARZW\\\\\\\\RZUser\",\"currentSize\":\"60\",\"currentLimit\":\"60\"}}}\n{\"win\":{\"system\":{\"providerName\":\"Microsoft-Windows-Bits-Client\",\"providerGuid\":\"{ef1cc15b-46c1-414e-bb95-e76b077bd51e}\",\"eventID\":\"16398\",\"version\":\"0\",\"level\":\"2\",\"task\":\"0\",\"opcode\":\"0\",\"keywords\":\"0x8000000000000000\",\"systemTime\":\"2026-05-26T05:30:26.6223091Z\",\"eventRecordID\":\"214837\",\"processID\":\"9200\",\"threadID\":\"8936\",\"channel\":\"System\",\"computer\":\"RZ_Scan_03_004.arzw.local\",\"severityValue\":\"ERROR\",\"message\":\"\\\"Ein neuer BITS-Auftrag konnte nicht erstellt werden. Die aktuelle Auftragsanzahl für den ARZW\\\\RZUser-Benutzer (\\\"60\\\") ist gleich oder größer als das durch die Gruppenrichtlinie angegebene Auftragslimit (\\\"60\\\"). Sie können das Problem beheben, indem Sie die BITS-Aufträge beenden oder abbrechen, für die kein Fortschritt festgestellt wurde, indem Sie sich den Fehler ansehen, und den BITS-Dienst anschließend neu starten. Falls der Fehler weiterhin angezeigt wird, bitten Sie den Administrator, die durch die Gruppenrichtlinie angegebenen Auftragslimits pro Benutzer und pro Computer zu erhöhen.\\\"\"},\"eventdata\":{\"entityName\":\"ARZW\\\\\\\\RZUser\",\"currentSize\":\"60\",\"currentLimit\":\"60\"}}}\n{\"win\":{\"system\":{\"providerName\":\"Microsoft-Windows-Bits-Client\",\"providerGuid\":\"{ef1cc15b-46c1-414e-bb95-e76b077bd51e}\",\"eventID\":\"16398\",\"version\":\"0\",\"level\":\"2\",\"task\":\"0\",\"opcode\":\"0\",\"keywords\":\"0x8000000000000000\",\"systemTime\":\"2026-05-26T05:30:16.1591978Z\",\"eventRecordID\":\"214836\",\"processID\":\"9200\",\"threadID\":\"8936\",\"channel\":\"System\",\"computer\":\"RZ_Scan_03_004.arzw.local\",\"severityValue\":\"ERROR\",\"message\":\"\\\"Ein neuer BITS-Auftrag konnte nicht erstellt werden. Die aktuelle Auftragsanzahl für den ARZW\\\\RZUser-Benutzer (\\\"60\\\") ist gleich oder größer als das durch die Gruppenrichtlinie angegebene Auftragslimit (\\\"60\\\"). Sie können das Problem beheben, indem Sie die BITS-Aufträge beenden oder abbrechen, für die kein Fortschritt festgestellt wurde, indem Sie sich den Fehler ansehen, und den BITS-Dienst anschließend neu starten. Falls der Fehler weiterhin angezeigt wird, bitten Sie den Administrator, die durch die Gruppenrichtlinie angegebenen Auftragslimits pro Benutzer und pro Computer zu erhöhen.\\\"\"},\"eventdata\":{\"entityName\":\"ARZW\\\\\\\\RZUser\",\"currentSize\":\"60\",\"currentLimit\":\"60\"}}}\n{\"win\":{\"system\":{\"providerName\":\"Microsoft-Windows-Bits-Client\",\"providerGuid\":\"{ef1cc15b-46c1-414e-bb95-e76b077bd51e}\",\"eventID\":\"16398\",\"version\":\"0\",\"level\":\"2\",\"task\":\"0\",\"opcode\":\"0\",\"keywords\":\"0x8000000000000000\",\"systemTime\":\"2026-05-26T05:30:06.1567405Z\",\"eventRecordID\":\"214835\",\"processID\":\"9200\",\"threadID\":\"4048\",\"channel\":\"System\",\"computer\":\"RZ_Scan_03_004.arzw.local\",\"severityValue\":\"ERROR\",\"message\":\"\\\"Ein neuer BITS-Auftrag konnte nicht erstellt werden. Die aktuelle Auftragsanzahl für den ARZW\\\\RZUser-Benutzer (\\\"60\\\") ist gleich oder größer als das durch die Gruppenrichtlinie angegebene Auftragslimit (\\\"60\\\"). Sie können das Problem beheben, indem Sie die BITS-Aufträge beenden oder abbrechen, für die kein Fortschritt festgestellt wurde, indem Sie sich den Fehler ansehen, und den BITS-Dienst anschließend neu starten. Falls der Fehler weiterhin angezeigt wird, bitten Sie den Administrator, die durch die Gruppenrichtlinie angegebenen Auftragslimits pro Benutzer und pro Computer zu erhöhen.\\\"\"},\"eventdata\":{\"entityName\":\"ARZW\\\\\\\\RZUser\",\"currentSize\":\"60\",\"currentLimit\":\"60\"}}}\n{\"win\":{\"system\":{\"providerName\":\"Microsoft-Windows-Bits-Client\",\"providerGuid\":\"{ef1cc15b-46c1-414e-bb95-e76b077bd51e}\",\"eventID\":\"16398\",\"version\":\"0\",\"level\":\"2\",\"task\":\"0\",\"opcode\":\"0\",\"keywords\":\"0x8000000000000000\",\"systemTime\":\"2026-05-26T05:29:56.1530992Z\",\"eventRecordID\":\"214834\",\"processID\":\"9200\",\"threadID\":\"4048\",\"channel\":\"System\",\"computer\":\"RZ_Scan_03_004.arzw.local\",\"severityValue\":\"ERROR\",\"message\":\"\\\"Ein neuer BITS-Auftrag konnte nicht erstellt werden. Die aktuelle Auftragsanzahl für den ARZW\\\\RZUser-Benutzer (\\\"60\\\") ist gleich oder größer als das durch die Gruppenrichtlinie angegebene Auftragslimit (\\\"60\\\"). Sie können das Problem beheben, indem Sie die BITS-Aufträge beenden oder abbrechen, für die kein Fortschritt festgestellt wurde, indem Sie sich den Fehler ansehen, und den BITS-Dienst anschließend neu starten. Falls der Fehler weiterhin angezeigt wird, bitten Sie den Administrator, die durch die Gruppenrichtlinie angegebenen Auftragslimits pro Benutzer und pro Computer zu erhöhen.\\\"\"},\"eventdata\":{\"entityName\":\"ARZW\\\\\\\\RZUser\",\"currentSize\":\"60\",\"currentLimit\":\"60\"}}}\n{\"win\":{\"system\":{\"providerName\":\"Microsoft-Windows-Bits-Client\",\"providerGuid\":\"{ef1cc15b-46c1-414e-bb95-e76b077bd51e}\",\"eventID\":\"16398\",\"version\":\"0\",\"level\":\"2\",\"task\":\"0\",\"opcode\":\"0\",\"keywords\":\"0x8000000000000000\",\"systemTime\":\"2026-05-26T05:29:46.1354728Z\",\"eventRecordID\":\"214833\",\"processID\":\"9200\",\"threadID\":\"4048\",\"channel\":\"System\",\"computer\":\"RZ_Scan_03_004.arzw.local\",\"severityValue\":\"ERROR\",\"message\":\"\\\"Ein neuer BITS-Auftrag konnte nicht erstellt werden. Die aktuelle Auftragsanzahl für den ARZW\\\\RZUser-Benutzer (\\\"60\\\") ist gleich oder größer als das durch die Gruppenrichtlinie angegebene Auftragslimit (\\\"60\\\"). Sie können das Problem beheben, indem Sie die BITS-Aufträge beenden oder abbrechen, für die kein Fortschritt festgestellt wurde, indem Sie sich den Fehler ansehen, und den BITS-Dienst anschließend neu starten. Falls der Fehler weiterhin angezeigt wird, bitten Sie den Administrator, die durch die Gruppenrichtlinie angegebenen Auftragslimits pro Benutzer und pro Computer zu erhöhen.\\\"\"},\"eventdata\":{\"entityName\":\"ARZW\\\\\\\\RZUser\",\"currentSize\":\"60\",\"currentLimit\":\"60\"}}}",
    "manager": {
      "name": "wazuh.manager"
    },
    "data": {
      "win": {
        "eventdata": {
          "entityName": "ARZW\\\\RZUser",
          "currentSize": "60",
          "currentLimit": "60"
        },
        "system": {
          "eventID": "16398",
          "keywords": "0x8000000000000000",
          "providerGuid": "{ef1cc15b-46c1-414e-bb95-e76b077bd51e}",
          "level": "2",
          "channel": "System",
          "opcode": "0",
          "message": "\"Ein neuer BITS-Auftrag konnte nicht erstellt werden. Die aktuelle Auftragsanzahl für den ARZW\\RZUser-Benutzer (\"60\") ist gleich oder größer als das durch die Gruppenrichtlinie angegebene Auftragslimit (\"60\"). Sie können das Problem beheben, indem Sie die BITS-Aufträge beenden oder abbrechen, für die kein Fortschritt festgestellt wurde, indem Sie sich den Fehler ansehen, und den BITS-Dienst anschließend neu starten. Falls der Fehler weiterhin angezeigt wird, bitten Sie den Administrator, die durch die Gruppenrichtlinie angegebenen Auftragslimits pro Benutzer und pro Computer zu erhöhen.\"",
          "version": "0",
          "systemTime": "2026-05-26T05:30:56.6482407Z",
          "eventRecordID": "214840",
          "threadID": "8936",
          "computer": "RZ_Scan_03_004.arzw.local",
          "task": "0",
          "processID": "9200",
          "severityValue": "ERROR",
          "providerName": "Microsoft-Windows-Bits-Client"
        }
      }
    },
    "rule": {
      "firedtimes": 1,
      "mail": false,
      "level": 10,
      "description": "Multiple System error events",
      "groups": [
        "windows",
        "windows_system"
      ],
      "id": "61110",
      "frequency": 8
    },
    "location": "EventChannel",
    "decoder": {
      "name": "windows_eventchannel"
    },
    "id": "1779773457.9789548",
    "timestamp": "2026-05-26T05:30:57.690+0000"
  },
  {
    "input": {
      "type": "log"
    },
    "agent": {
      "ip": "172.21.4.241",
      "name": "RZ_Scan_03_004",
      "id": "082"
    },
    "manager": {
      "name": "wazuh.manager"
    },
    "data": {
      "win": {
        "eventdata": {
          "entityName": "ARZW\\\\RZUser",
          "currentSize": "60",
          "currentLimit": "60"
        },
        "system": {
          "eventID": "16398",
          "keywords": "0x8000000000000000",
          "providerGuid": "{ef1cc15b-46c1-414e-bb95-e76b077bd51e}",
          "level": "2",
          "channel": "System",
          "opcode": "0",
          "message": "\"Ein neuer BITS-Auftrag konnte nicht erstellt werden. Die aktuelle Auftragsanzahl für den ARZW\\RZUser-Benutzer (\"60\") ist gleich oder größer als das durch die Gruppenrichtlinie angegebene Auftragslimit (\"60\"). Sie können das Problem beheben, indem Sie die BITS-Aufträge beenden oder abbrechen, für die kein Fortschritt festgestellt wurde, indem Sie sich den Fehler ansehen, und den BITS-Dienst anschließend neu starten. Falls der Fehler weiterhin angezeigt wird, bitten Sie den Administrator, die durch die Gruppenrichtlinie angegebenen Auftragslimits pro Benutzer und pro Computer zu erhöhen.\"",
          "version": "0",
          "systemTime": "2026-05-26T05:30:46.6434320Z",
          "eventRecordID": "214839",
          "threadID": "8936",
          "computer": "RZ_Scan_03_004.arzw.local",
          "task": "0",
          "processID": "9200",
          "severityValue": "ERROR",
          "providerName": "Microsoft-Windows-Bits-Client"
        }
      }
    },
    "rule": {
      "firedtimes": 45,
      "mail": false,
      "level": 5,
      "description": "Windows System error event",
      "groups": [
        "windows",
        "windows_system",
        "system_error"
      ],
      "id": "61102",
      "gpg13": [
        "4.3"
      ],
      "gdpr": [
        "IV_35.7.d"
      ]
    },
    "location": "EventChannel",
    "decoder": {
      "name": "windows_eventchannel"
    },
    "id": "1779773447.9785891",
    "timestamp": "2026-05-26T05:30:47.676+0000"
  },
  {
    "input": {
      "type": "log"
    },
    "agent": {
      "ip": "172.21.4.241",
      "name": "RZ_Scan_03_004",
      "id": "082"
    },
    "manager": {
      "name": "wazuh.manager"
    },
    "data": {
      "win": {
        "eventdata": {
          "entityName": "ARZW\\\\RZUser",
          "currentSize": "60",
          "currentLimit": "60"
        },
        "system": {
          "eventID": "16398",
          "keywords": "0x8000000000000000",
          "providerGuid": "{ef1cc15b-46c1-414e-bb95-e76b077bd51e}",
          "level": "2",
          "channel": "System",
          "opcode": "0",
          "message": "\"Ein neuer BITS-Auftrag konnte nicht erstellt werden. Die aktuelle Auftragsanzahl für den ARZW\\RZUser-Benutzer (\"60\") ist gleich oder größer als das durch die Gruppenrichtlinie angegebene Auftragslimit (\"60\"). Sie können das Problem beheben, indem Sie die BITS-Aufträge beenden oder abbrechen, für die kein Fortschritt festgestellt wurde, indem Sie sich den Fehler ansehen, und den BITS-Dienst anschließend neu starten. Falls der Fehler weiterhin angezeigt wird, bitten Sie den Administrator, die durch die Gruppenrichtlinie angegebenen Auftragslimits pro Benutzer und pro Computer zu erhöhen.\"",
          "version": "0",
          "systemTime": "2026-05-26T05:30:36.6300697Z",
          "eventRecordID": "214838",
          "threadID": "8936",
          "computer": "RZ_Scan_03_004.arzw.local",
          "task": "0",
          "processID": "9200",
          "severityValue": "ERROR",
          "providerName": "Microsoft-Windows-Bits-Client"
        }
      }
    },
    "rule": {
      "firedtimes": 44,
      "mail": false,
      "level": 5,
      "description": "Windows System error event",
      "groups": [
        "windows",
        "windows_system",
        "system_error"
      ],
      "id": "61102",
      "gpg13": [
        "4.3"
      ],
      "gdpr": [
        "IV_35.7.d"
      ]
    },
    "location": "EventChannel",
    "decoder": {
      "name": "windows_eventchannel"
    },
    "id": "1779773437.9743477",
    "timestamp": "2026-05-26T05:30:37.656+0000"
  },
  {
    "input": {
      "type": "log"
    },
    "agent": {
      "ip": "172.21.4.241",
      "name": "RZ_Scan_03_004",
      "id": "082"
    },
    "manager": {
      "name": "wazuh.manager"
    },
    "data": {
      "win": {
        "eventdata": {
          "entityName": "ARZW\\\\RZUser",
          "currentSize": "60",
          "currentLimit": "60"
        },
        "system": {
          "eventID": "16398",
          "keywords": "0x8000000000000000",
          "providerGuid": "{ef1cc15b-46c1-414e-bb95-e76b077bd51e}",
          "level": "2",
          "channel": "System",
          "opcode": "0",
          "message": "\"Ein neuer BITS-Auftrag konnte nicht erstellt werden. Die aktuelle Auftragsanzahl für den ARZW\\RZUser-Benutzer (\"60\") ist gleich oder größer als das durch die Gruppenrichtlinie angegebene Auftragslimit (\"60\"). Sie können das Problem beheben, indem Sie die BITS-Aufträge beenden oder abbrechen, für die kein Fortschritt festgestellt wurde, indem Sie sich den Fehler ansehen, und den BITS-Dienst anschließend neu starten. Falls der Fehler weiterhin angezeigt wird, bitten Sie den Administrator, die durch die Gruppenrichtlinie angegebenen Auftragslimits pro Benutzer und pro Computer zu erhöhen.\"",
          "version": "0",
          "systemTime": "2026-05-26T05:30:26.6223091Z",
          "eventRecordID": "214837",
          "threadID": "8936",
          "computer": "RZ_Scan_03_004.arzw.local",
          "task": "0",
          "processID": "9200",
          "severityValue": "ERROR",
          "providerName": "Microsoft-Windows-Bits-Client"
        }
      }
    },
    "rule": {
      "firedtimes": 43,
      "mail": false,
      "level": 5,
      "description": "Windows System error event",
      "groups": [
        "windows",
        "windows_system",
        "system_error"
      ],
      "id": "61102",
      "gpg13": [
        "4.3"
      ],
      "gdpr": [
        "IV_35.7.d"
      ]
    },
    "location": "EventChannel",
    "decoder": {
      "name": "windows_eventchannel"
    },
    "id": "1779773427.9738746",
    "timestamp": "2026-05-26T05:30:27.657+0000"
  },
  {
    "input": {
      "type": "log"
    },
    "agent": {
      "ip": "172.21.4.241",
      "name": "RZ_Scan_03_004",
      "id": "082"
    },
    "manager": {
      "name": "wazuh.manager"
    },
    "data": {
      "win": {
        "eventdata": {
          "entityName": "ARZW\\\\RZUser",
          "currentSize": "60",
          "currentLimit": "60"
        },
        "system": {
          "eventID": "16398",
          "keywords": "0x8000000000000000",
          "providerGuid": "{ef1cc15b-46c1-414e-bb95-e76b077bd51e}",
          "level": "2",
          "channel": "System",
          "opcode": "0",
          "message": "\"Ein neuer BITS-Auftrag konnte nicht erstellt werden. Die aktuelle Auftragsanzahl für den ARZW\\RZUser-Benutzer (\"60\") ist gleich oder größer als das durch die Gruppenrichtlinie angegebene Auftragslimit (\"60\"). Sie können das Problem beheben, indem Sie die BITS-Aufträge beenden oder abbrechen, für die kein Fortschritt festgestellt wurde, indem Sie sich den Fehler ansehen, und den BITS-Dienst anschließend neu starten. Falls der Fehler weiterhin angezeigt wird, bitten Sie den Administrator, die durch die Gruppenrichtlinie angegebenen Auftragslimits pro Benutzer und pro Computer zu erhöhen.\"",
          "version": "0",
          "systemTime": "2026-05-26T05:30:16.1591978Z",
          "eventRecordID": "214836",
          "threadID": "8936",
          "computer": "RZ_Scan_03_004.arzw.local",
          "task": "0",
          "processID": "9200",
          "severityValue": "ERROR",
          "providerName": "Microsoft-Windows-Bits-Client"
        }
      }
    },
    "rule": {
      "firedtimes": 42,
      "mail": false,
      "level": 5,
      "description": "Windows System error event",
      "groups": [
        "windows",
        "windows_system",
        "system_error"
      ],
      "id": "61102",
      "gpg13": [
        "4.3"
      ],
      "gdpr": [
        "IV_35.7.d"
      ]
    },
    "location": "EventChannel",
    "decoder": {
      "name": "windows_eventchannel"
    },
    "id": "1779773417.9713772",
    "timestamp": "2026-05-26T05:30:17.204+0000"
  },
  {
    "input": {
      "type": "log"
    },
    "agent": {
      "ip": "172.21.4.241",
      "name": "RZ_Scan_03_004",
      "id": "082"
    },
    "manager": {
      "name": "wazuh.manager"
    },
    "data": {
      "win": {
        "eventdata": {
          "entityName": "ARZW\\\\RZUser",
          "currentSize": "60",
          "currentLimit": "60"
        },
        "system": {
          "eventID": "16398",
          "keywords": "0x8000000000000000",
          "providerGuid": "{ef1cc15b-46c1-414e-bb95-e76b077bd51e}",
          "level": "2",
          "channel": "System",
          "opcode": "0",
          "message": "\"Ein neuer BITS-Auftrag konnte nicht erstellt werden. Die aktuelle Auftragsanzahl für den ARZW\\RZUser-Benutzer (\"60\") ist gleich oder größer als das durch die Gruppenrichtlinie angegebene Auftragslimit (\"60\"). Sie können das Problem beheben, indem Sie die BITS-Aufträge beenden oder abbrechen, für die kein Fortschritt festgestellt wurde, indem Sie sich den Fehler ansehen, und den BITS-Dienst anschließend neu starten. Falls der Fehler weiterhin angezeigt wird, bitten Sie den Administrator, die durch die Gruppenrichtlinie angegebenen Auftragslimits pro Benutzer und pro Computer zu erhöhen.\"",
          "version": "0",
          "systemTime": "2026-05-26T05:30:06.1567405Z",
          "eventRecordID": "214835",
          "threadID": "4048",
          "computer": "RZ_Scan_03_004.arzw.local",
          "task": "0",
          "processID": "9200",
          "severityValue": "ERROR",
          "providerName": "Microsoft-Windows-Bits-Client"
        }
      }
    },
    "rule": {
      "firedtimes": 41,
      "mail": false,
      "level": 5,
      "description": "Windows System error event",
      "groups": [
        "windows",
        "windows_system",
        "system_error"
      ],
      "id": "61102",
      "gpg13": [
        "4.3"
      ],
      "gdpr": [
        "IV_35.7.d"
      ]
    },
    "location": "EventChannel",
    "decoder": {
      "name": "windows_eventchannel"
    },
    "id": "1779773407.9707015",
    "timestamp": "2026-05-26T05:30:07.187+0000"
  },
  {
    "input": {
      "type": "log"
    },
    "agent": {
      "ip": "172.21.4.241",
      "name": "RZ_Scan_03_004",
      "id": "082"
    },
    "manager": {
      "name": "wazuh.manager"
    },
    "data": {
      "win": {
        "eventdata": {
          "entityName": "ARZW\\\\RZUser",
          "currentSize": "60",
          "currentLimit": "60"
        },
        "system": {
          "eventID": "16398",
          "keywords": "0x8000000000000000",
          "providerGuid": "{ef1cc15b-46c1-414e-bb95-e76b077bd51e}",
          "level": "2",
          "channel": "System",
          "opcode": "0",
          "message": "\"Ein neuer BITS-Auftrag konnte nicht erstellt werden. Die aktuelle Auftragsanzahl für den ARZW\\RZUser-Benutzer (\"60\") ist gleich oder größer als das durch die Gruppenrichtlinie angegebene Auftragslimit (\"60\"). Sie können das Problem beheben, indem Sie die BITS-Aufträge beenden oder abbrechen, für die kein Fortschritt festgestellt wurde, indem Sie sich den Fehler ansehen, und den BITS-Dienst anschließend neu starten. Falls der Fehler weiterhin angezeigt wird, bitten Sie den Administrator, die durch die Gruppenrichtlinie angegebenen Auftragslimits pro Benutzer und pro Computer zu erhöhen.\"",
          "version": "0",
          "systemTime": "2026-05-26T05:29:56.1530992Z",
          "eventRecordID": "214834",
          "threadID": "4048",
          "computer": "RZ_Scan_03_004.arzw.local",
          "task": "0",
          "processID": "9200",
          "severityValue": "ERROR",
          "providerName": "Microsoft-Windows-Bits-Client"
        }
      }
    },
    "rule": {
      "firedtimes": 40,
      "mail": false,
      "level": 5,
      "description": "Windows System error event",
      "groups": [
        "windows",
        "windows_system",
        "system_error"
      ],
      "id": "61102",
      "gpg13": [
        "4.3"
      ],
      "gdpr": [
        "IV_35.7.d"
      ]
    },
    "location": "EventChannel",
    "decoder": {
      "name": "windows_eventchannel"
    },
    "id": "1779773397.9702029",
    "timestamp": "2026-05-26T05:29:57.182+0000"
  },
