  {
    "input": {
      "type": "log"
    },
    "agent": {
      "ip": "172.21.4.211",
      "name": "SCAN_04_001",
      "id": "006"
    },
    "manager": {
      "name": "wazuh.manager"
    },
    "data": {
      "win": {
        "eventdata": {
          "data": "SearchIndexer, 8240,D,50, Windows:, 1, C:\\\\ProgramData\\\\Microsoft\\\\Search\\\\Data\\\\Applications\\\\Windows\\\\Windows.edb, 0,  [1] 0.000002 +J(0) +M(C:0K, Fs:1, WS:4K # 0K, PF:0K # 0K, P:0K) [2] 0.000449 -0.000296 (1) WT +J(0) +M(C:0K, Fs:27, WS:40K # 0K, PF:32K # 0K, P:32K) [3] 0.003401 -0.001100 (5) WT +J(CM:0, PgRf:0, Rd:0/0, Dy:0/0, Lg:3480/2) +M(C:0K, Fs:39, WS:120K # 0K, PF:140K # 0K, P:140K) [4] 0.000506 +J(0) +M(C:0K, Fs:1, WS:4K # 0K, PF:0K # 0K, P:0K) [5] - [6] - [7] - [8] 0.000922 -0.000745 (2) CM +J(CM:2, PgRf:2, Rd:14/2, Dy:0/0, Lg:54/1) +M(C:0K, Fs:50, WS:196K # 0K, PF:684K # 0K, P:684K) [9] 0.017201 -0.000602 (5) CM -0.016423 (1) WT +J(CM:5, PgRf:23, Rd:0/5, Dy:0/0, Lg:0/0) +M(C:0K, Fs:72, WS:288K # 20K, PF:288K # 192K, P:288K) [10] 0.000224 -0.000160 (1) CM +J(CM:1, PgRf:40, Rd:0/1, Dy:0/0, Lg:0/0) +M(C:0K, Fs:9, WS:36K # 36K, PF:96K # 96K, P:96K) [11] 0.000008 +J(CM:0, PgRf:1, Rd:0/0, Dy:0/0, Lg:0/0) +M(C:0K, Fs:2, WS:8K # 8K, PF:0K # 0K, P:0K) [12] 0.000025 +J(CM:0, PgRf:42, Rd:0/0, Dy:0/0, Lg:0/0) +M(C:0K, Fs:3, WS:12K # 12K, PF:0K # 0K, P:0K) [13] 0.0 +J(0) [14] 0.0 +J(0) [15] 0.000003 +J(CM:0, PgRf:1, Rd:0/0, Dy:0/0, Lg:0/0)., 0 0, lgposAttach = 0000032F:003C:0268, dbv = 1568.110.240"
        },
        "system": {
          "eventID": "326",
          "keywords": "0x80000000000000",
          "level": "4",
          "channel": "Application",
          "opcode": "0",
          "message": "\"SearchIndexer (8240,D,50) Windows: The database engine attached a database (1, C:\\ProgramData\\Microsoft\\Search\\Data\\Applications\\Windows\\Windows.edb). (Time=0 seconds) \r\n \r\nSaved Cache: 0 0 \r\nAdditional Data: lgposAttach = 0000032F:003C:0268,\ndbv = 1568.110.240 \r\n \r\nInternal Timing Sequence: \n[1] 0.000002 +J(0) +M(C:0K, Fs:1, WS:4K # 0K, PF:0K # 0K, P:0K)\n[2] 0.000449 -0.000296 (1) WT +J(0) +M(C:0K, Fs:27, WS:40K # 0K, PF:32K # 0K, P:32K)\n[3] 0.003401 -0.001100 (5) WT +J(CM:0, PgRf:0, Rd:0/0, Dy:0/0, Lg:3480/2) +M(C:0K, Fs:39, WS:120K # 0K, PF:140K # 0K, P:140K)\n[4] 0.000506 +J(0) +M(C:0K, Fs:1, WS:4K # 0K, PF:0K # 0K, P:0K)\n[5] -\n[6] -\n[7] -\n[8] 0.000922 -0.000745 (2) CM +J(CM:2, PgRf:2, Rd:14/2, Dy:0/0, Lg:54/1) +M(C:0K, Fs:50, WS:196K # 0K, PF:684K # 0K, P:684K)\n[9] 0.017201 -0.000602 (5) CM -0.016423 (1) WT +J(CM:5, PgRf:23, Rd:0/5, Dy:0/0, Lg:0/0) +M(C:0K, Fs:72, WS:288K # 20K, PF:288K # 192K, P:288K)\n[10] 0.000224 -0.000160 (1) CM +J(CM:1, PgRf:40, Rd:0/1, Dy:0/0, Lg:0/0) +M(C:0K, Fs:9, WS:36K # 36K, PF:96K # 96K, P:96K)\n[11] 0.000008 +J(CM:0, PgRf:1, Rd:0/0, Dy:0/0, Lg:0/0) +M(C:0K, Fs:2, WS:8K # 8K, PF:0K # 0K, P:0K)\n[12] 0.000025 +J(CM:0, PgRf:42, Rd:0/0, Dy:0/0, Lg:0/0) +M(C:0K, Fs:3, WS:12K # 12K, PF:0K # 0K, P:0K)\n[13] 0.0 +J(0)\n[14] 0.0 +J(0)\n[15] 0.000003 +J(CM:0, PgRf:1, Rd:0/0, Dy:0/0, Lg:0/0).\"",
          "version": "0",
          "systemTime": "2026-05-26T07:16:20.5466598Z",
          "eventRecordID": "85876",
          "threadID": "0",
          "computer": "SCAN_04_001.arzw.local",
          "task": "1",
          "processID": "0",
          "severityValue": "INFORMATION",
          "providerName": "ESENT"
        }
      }
    },
    "rule": {
      "firedtimes": 1,
      "mail": false,
      "level": 3,
      "description": "The database engine attached a database.",
      "groups": [
        "windows",
        "windows_application"
      ],
      "id": "60798"
    },
    "location": "EventChannel",
    "decoder": {
      "name": "windows_eventchannel"
    },
    "id": "1779779780.14809694",
    "timestamp": "2026-05-26T07:16:20.602+0000"
  },
  {
    "input": {
      "type": "log"
    },
    "agent": {
      "ip": "172.21.4.211",
      "name": "SCAN_04_001",
      "id": "006"
    },
    "manager": {
      "name": "wazuh.manager"
    },
    "data": {
      "win": {
        "eventdata": {
          "data": "SearchIndexer, 8240,P,98, Windows:, 0, 10, 00, 19045, 0000"
        },
        "system": {
          "eventID": "102",
          "keywords": "0x80000000000000",
          "level": "4",
          "channel": "Application",
          "opcode": "0",
          "message": "\"SearchIndexer (8240,P,98) Windows: Das Datenbankmodul (10.00.19045.0000) startet eine neue Instanz (0).\"",
          "version": "0",
          "systemTime": "2026-05-26T07:16:20.5154385Z",
          "eventRecordID": "85874",
          "threadID": "0",
          "computer": "SCAN_04_001.arzw.local",
          "task": "1",
          "processID": "0",
          "severityValue": "INFORMATION",
          "providerName": "ESENT"
        }
      }
    },
    "rule": {
      "firedtimes": 1,
      "mail": false,
      "level": 3,
      "description": "The database engine is starting a new instance.",
      "groups": [
        "windows",
        "windows_application"
      ],
      "id": "60805"
    },
    "location": "EventChannel",
    "decoder": {
      "name": "windows_eventchannel"
    },
    "id": "1779779780.14808348",
    "timestamp": "2026-05-26T07:16:20.570+0000"
  },
  {
    "input": {
      "type": "log"
    },
    "agent": {
      "ip": "172.21.4.211",
      "name": "SCAN_04_001",
      "id": "006"
    },
    "manager": {
      "name": "wazuh.manager"
    },
    "data": {
      "win": {
        "eventdata": {
          "param3": "Manuell starten",
          "param4": "BITS",
          "param1": "Background Intelligent Transfer Service",
          "param2": "Automatisch starten"
        },
        "system": {
          "eventID": "7040",
          "eventSourceName": "Service Control Manager",
          "keywords": "0x8080000000000000",
          "providerGuid": "{555908d1-a6d7-4695-8e1e-26931d2012f4}",
          "level": "4",
          "channel": "System",
          "opcode": "0",
          "message": "\"Der Starttyp des Diensts \"Background Intelligent Transfer Service\" wurde von Automatisch starten in Manuell starten geändert.\"",
          "version": "0",
          "systemTime": "2026-05-26T07:13:25.3972701Z",
          "eventRecordID": "70023",
          "threadID": "5192",
          "computer": "SCAN_04_001.arzw.local",
          "task": "0",
          "processID": "800",
          "severityValue": "INFORMATION",
          "providerName": "Service Control Manager"
        }
      }
    },
    "rule": {
      "firedtimes": 9,
      "mail": false,
      "level": 3,
      "pci_dss": [
        "10.6"
      ],
      "hipaa": [
        "164.312.b"
      ],
      "tsc": [
        "CC6.1",
        "CC6.8",
        "CC7.2",
        "CC7.3"
      ],
      "description": "Service startup type was changed",
      "groups": [
        "windows",
        "windows_system",
        "policy_changed"
      ],
      "id": "61104",
      "nist_800_53": [
        "AU.6"
      ],
      "info": "This does not appear to be logged on Windows 2000",
      "gdpr": [
        "IV_35.7.d"
      ]
    },
    "location": "EventChannel",
    "decoder": {
      "name": "windows_eventchannel"
    },
    "id": "1779779606.14736170",
    "timestamp": "2026-05-26T07:13:26.475+0000"
  },
  {
    "input": {
      "type": "log"
    },
    "agent": {
      "ip": "172.21.4.211",
      "name": "SCAN_04_001",
      "id": "006"
    },
    "manager": {
      "name": "wazuh.manager"
    },
    "data": {
      "win": {
        "eventdata": {
          "data": "Adobe Acrobat Reader - Deutsch, 26.001.21563, 1031, Adobe Acrobat Reader (26.001.21563), 0, Adobe Systems Incorporated",
          "binary": "7B41433736424138362D374144372D313033312D374234342D4143304630373445343130307D3030303039306639396437393131306331303562663763363761356632333264633733643030303030373034"
        },
        "system": {
          "eventID": "1036",
          "keywords": "0x80000000000000",
          "level": "4",
          "channel": "Application",
          "opcode": "0",
          "message": "\"Ein Update wurde durch Windows Installer installiert. Produktname: Adobe Acrobat Reader - Deutsch. Produktversion: 26.001.21563. Produktsprache: 1031. Hersteller: Adobe Systems Incorporated. Updatename: Adobe Acrobat Reader (26.001.21563). Erfolg- bzw. Fehlerstatus der Installation: 0.\"",
          "version": "0",
          "systemTime": "2026-05-26T07:12:09.3011258Z",
          "eventRecordID": "85870",
          "threadID": "0",
          "computer": "SCAN_04_001.arzw.local",
          "task": "0",
          "processID": "0",
          "severityValue": "INFORMATION",
          "providerName": "MsiInstaller"
        }
      }
    },
    "rule": {
      "firedtimes": 1,
      "mail": false,
      "level": 3,
      "description": "Windows installer installed an update.",
      "groups": [
        "windows",
        "windows_application"
      ],
      "id": "60636"
    },
    "location": "EventChannel",
    "decoder": {
      "name": "windows_eventchannel"
    },
    "id": "1779779529.14647132",
    "timestamp": "2026-05-26T07:12:09.377+0000"
  },
  {
    "input": {
      "type": "log"
    },
    "agent": {
      "ip": "172.21.4.211",
      "name": "SCAN_04_001",
      "id": "006"
    },
    "manager": {
      "name": "wazuh.manager"
    },
    "data": {
      "win": {
        "eventdata": {
          "data": "Adobe Acrobat Reader - Deutsch, 26.001.21563, 1031, 0, Adobe Systems Incorporated",
          "binary": "7B41433736424138362D374144372D313033312D374234342D4143304630373445343130307D3030303039306639396437393131306331303562663763363761356632333264633733643030303030373034"
        },
        "system": {
          "eventID": "1035",
          "keywords": "0x80000000000000",
          "level": "4",
          "channel": "Application",
          "opcode": "0",
          "message": "\"Das Produkt wurde durch Windows Installer neu konfiguriert. Produktname: Adobe Acrobat Reader - Deutsch. Produktversion: 26.001.21563. Produktsprache: 1031. Hersteller: Adobe Systems Incorporated. Erfolg- bzw. Fehlerstatus der neuen Konfiguration: 0.\"",
          "version": "0",
          "systemTime": "2026-05-26T07:12:09.3011258Z",
          "eventRecordID": "85872",
          "threadID": "0",
          "computer": "SCAN_04_001.arzw.local",
          "task": "0",
          "processID": "0",
          "severityValue": "INFORMATION",
          "providerName": "MsiInstaller"
        }
      }
    },
    "rule": {
      "firedtimes": 2,
      "mail": false,
      "level": 3,
      "description": "Windows installer reconfigured the product.",
      "groups": [
        "windows",
        "windows_application"
      ],
      "id": "60635"
    },
    "location": "EventChannel",
    "decoder": {
      "name": "windows_eventchannel"
    },
    "id": "1779779529.14649334",
    "timestamp": "2026-05-26T07:12:09.377+0000"
  },
  {
    "input": {
      "type": "log"
    },
    "agent": {
      "ip": "172.21.4.211",
      "name": "SCAN_04_001",
      "id": "006"
    },
    "manager": {
      "name": "wazuh.manager"
    },
    "data": {
      "win": {
        "eventdata": {
          "data": "Adobe Acrobat Reader - Deutsch, Adobe Acrobat Reader (26.001.21563)",
          "binary": "7B41433736424138362D374144372D313033312D374234342D4143304630373445343130307D207B41433736424138362D374144372D303030302D323535302D4143314130313534334230307D"
        },
        "system": {
          "eventID": "1022",
          "keywords": "0x80000000000000",
          "level": "4",
          "channel": "Application",
          "opcode": "0",
          "message": "\"Produkt: Adobe Acrobat Reader - Deutsch - Update \"Adobe Acrobat Reader (26.001.21563)\" wurde installiert.\"",
          "version": "0",
          "systemTime": "2026-05-26T07:12:09.3011258Z",
          "eventRecordID": "85869",
          "threadID": "0",
          "computer": "SCAN_04_001.arzw.local",
          "task": "0",
          "processID": "0",
          "severityValue": "INFORMATION",
          "providerName": "MsiInstaller"
        }
      }
    },
    "rule": {
      "firedtimes": 1,
      "mail": false,
      "level": 3,
      "description": "Update installed successfully.",
      "groups": [
        "windows",
        "windows_application"
      ],
      "id": "60626"
    },
    "location": "EventChannel",
    "decoder": {
      "name": "windows_eventchannel"
    },
    "id": "1779779529.14645420",
    "timestamp": "2026-05-26T07:12:09.361+0000"
  },
  {
    "input": {
      "type": "log"
    },
    "agent": {
      "ip": "172.21.4.211",
      "name": "SCAN_04_001",
      "id": "006"
    },
    "manager": {
      "name": "wazuh.manager"
    },
    "data": {
      "win": {
        "eventdata": {
          "data": "SearchIndexer, 3624,T,97, Windows:, 0,  [1] 0.000001 +J(0) +M(C:0K, Fs:1, WS:4K # 0K, PF:0K # 0K, P:0K) [2] 0.000007 +J(0) +M(C:0K, Fs:1, WS:4K # 0K, PF:0K # 0K, P:0K) [3] 0.000311 +J(CM:0, PgRf:14, Rd:0/0, Dy:0/162, Lg:3672/89) +M(C:0K, Fs:18, WS:72K # 0K, PF:68K # 0K, P:68K) [4] 0.000001 +J(0) [5] 0.030255 -0.000011 (62) CM -0.027023 (7) WT +J(CM:62, PgRf:0, Rd:0/62, Dy:0/0, Lg:0/0) +M(C:0K, Fs:320, WS:172K # 0K, PF:0K # 0K, P:0K) [6] 0.000719 +J(0) +M(C:0K, Fs:2, WS:-5332K # 0K, PF:-6368K # 0K, P:-6368K) [7] 0.000007 +J(0) [8] 0.002924 -0.000943 (12) WT +J(CM:0, PgRf:0, Rd:0/0, Dy:0/0, Lg:2564/2) +M(C:0K, Fs:25, WS:0K # 0K, PF:92K # 0K, P:92K) [9] 0.000118 -0.000082 (2) WT +J(CM:0, PgRf:0, Rd:0/0, Dy:0/0, Lg:66/1) +M(C:0K, Fs:1, WS:4K # 0K, PF:20K # 0K, P:20K) [10] 0.000001 +J(0) [11] 0.000370 -0.000101 (2) WT +J(0) [12] 0.000026 +J(0) +M(C:0K, Fs:1, WS:0K # 0K, PF:-4K # 0K, P:-4K) [13] 0.000137 +J(0) [14] 0.000031 +J(0) +M(C:0K, Fs:0, WS:-244K # 0K, PF:-260K # 0K, P:-260K) [15] 0.000001 +J(0)., 0"
        },
        "system": {
          "eventID": "103",
          "keywords": "0x80000000000000",
          "level": "4",
          "channel": "Application",
          "opcode": "0",
          "message": "\"SearchIndexer (3624,T,97) Windows: Das Datenbankmodul hat die Instanz (0) beendet. \r\n \r\nFehlerhaftes Herunterfahren: 0 \r\n \r\nInterne Zeitsteuerungsabfolge: \n[1] 0.000001 +J(0) +M(C:0K, Fs:1, WS:4K # 0K, PF:0K # 0K, P:0K)\n[2] 0.000007 +J(0) +M(C:0K, Fs:1, WS:4K # 0K, PF:0K # 0K, P:0K)\n[3] 0.000311 +J(CM:0, PgRf:14, Rd:0/0, Dy:0/162, Lg:3672/89) +M(C:0K, Fs:18, WS:72K # 0K, PF:68K # 0K, P:68K)\n[4] 0.000001 +J(0)\n[5] 0.030255 -0.000011 (62) CM -0.027023 (7) WT +J(CM:62, PgRf:0, Rd:0/62, Dy:0/0, Lg:0/0) +M(C:0K, Fs:320, WS:172K # 0K, PF:0K # 0K, P:0K)\n[6] 0.000719 +J(0) +M(C:0K, Fs:2, WS:-5332K # 0K, PF:-6368K # 0K, P:-6368K)\n[7] 0.000007 +J(0)\n[8] 0.002924 -0.000943 (12) WT +J(CM:0, PgRf:0, Rd:0/0, Dy:0/0, Lg:2564/2) +M(C:0K, Fs:25, WS:0K # 0K, PF:92K # 0K, P:92K)\n[9] 0.000118 -0.000082 (2) WT +J(CM:0, PgRf:0, Rd:0/0, Dy:0/0, Lg:66/1) +M(C:0K, Fs:1, WS:4K # 0K, PF:20K # 0K, P:20K)\n[10] 0.000001 +J(0)\n[11] 0.000370 -0.000101 (2) WT +J(0)\n[12] 0.000026 +J(0) +M(C:0K, Fs:1, WS:0K # 0K, PF:-4K # 0K, P:-4K)\n[13] 0.000137 +J(0)\n[14] 0.000031 +J(0) +M(C:0K, Fs:0, WS:-244K # 0K, PF:-260K # 0K, P:-260K)\n[15] 0.000001 +J(0).\"",
          "version": "0",
          "systemTime": "2026-05-26T07:11:48.8828213Z",
          "eventRecordID": "85868",
          "threadID": "0",
          "computer": "SCAN_04_001.arzw.local",
          "task": "1",
          "processID": "0",
          "severityValue": "INFORMATION",
          "providerName": "ESENT"
        }
      }
    },
    "rule": {
      "firedtimes": 1,
      "mail": false,
      "level": 5,
      "description": "The database engine stopped an instance.",
      "groups": [
        "windows",
        "windows_application"
      ],
      "id": "60796"
    },
    "location": "EventChannel",
    "decoder": {
      "name": "windows_eventchannel"
    },
    "id": "1779779508.14635347",
    "timestamp": "2026-05-26T07:11:48.954+0000"
  },
  {
    "input": {
      "type": "log"
    },
    "agent": {
      "ip": "172.21.4.211",
      "name": "SCAN_04_001",
      "id": "006"
    },
    "manager": {
      "name": "wazuh.manager"
    },
    "data": {
      "win": {
        "eventdata": {
          "extraInfo": " "
        },
        "system": {
          "eventID": "1013",
          "eventSourceName": "Windows Search Service",
          "keywords": "0x80000000000000",
          "providerGuid": "{CA4E628D-8567-4896-AB6B-835B221F373F}",
          "level": "4",
          "channel": "Application",
          "opcode": "0",
          "message": "\"Windows Search wurde normal beendet.\n\"",
          "version": "0",
          "systemTime": "2026-05-26T07:11:48.8359578Z",
          "eventRecordID": "85867",
          "threadID": "0",
          "computer": "SCAN_04_001.arzw.local",
          "task": "1",
          "processID": "0",
          "severityValue": "INFORMATION",
          "providerName": "Microsoft-Windows-Search"
        }
      }
    },
    "rule": {
      "firedtimes": 1,
      "mail": false,
      "level": 3,
      "description": "The Windows search service stopped normally.",
      "groups": [
        "windows",
        "windows_application"
      ],
      "mitre": {
        "technique": [
          "Service Stop"
        ],
        "id": [
          "T1489"
        ],
        "tactic": [
          "Impact"
        ]
      },
      "id": "60669"
    },
    "location": "EventChannel",
    "decoder": {
      "name": "windows_eventchannel"
    },
    "id": "1779779508.14633985",
    "timestamp": "2026-05-26T07:11:48.894+0000"
  },
  {
    "input": {
      "type": "log"
    },
    "agent": {
      "ip": "172.21.4.211",
      "name": "SCAN_04_001",
      "id": "006"
    },
    "manager": {
      "name": "wazuh.manager"
    },
    "data": {
      "win": {
        "eventdata": {
          "data": "{AC76BA86-7AD7-1031-7B44-AC0F074E4100}, 14760"
        },
        "system": {
          "eventID": "1040",
          "keywords": "0x80000000000000",
          "level": "4",
          "channel": "Application",
          "opcode": "0",
          "message": "\"Eine Windows Installer-Transaktion wird gestartet: {AC76BA86-7AD7-1031-7B44-AC0F074E4100}. Clientprozess-ID: 14760.\"",
          "version": "0",
          "systemTime": "2026-05-26T07:11:42.3686286Z",
          "eventRecordID": "85866",
          "threadID": "0",
          "computer": "SCAN_04_001.arzw.local",
          "task": "0",
          "processID": "0",
          "severityValue": "INFORMATION",
          "providerName": "MsiInstaller"
        }
      }
    },
    "rule": {
      "firedtimes": 2,
      "mail": false,
      "level": 3,
      "description": "Windows installer began an installation process.",
      "groups": [
        "windows",
        "windows_application"
      ],
      "id": "60610"
    },
    "location": "EventChannel",
    "decoder": {
      "name": "windows_eventchannel"
    },
    "id": "1779779502.14630443",
    "timestamp": "2026-05-26T07:11:42.421+0000"
  },
  {
    "input": {
      "type": "log"
    },
    "agent": {
      "ip": "172.21.4.211",
      "name": "SCAN_04_001",
      "id": "006"
    },
    "manager": {
      "name": "wazuh.manager"
    },
    "data": {
      "win": {
        "eventdata": {
          "data": "Adobe Acrobat Reader - Deutsch, 26.001.21563, 1031, 1602, Adobe Systems Incorporated",
          "binary": "7B41433736424138362D374144372D313033312D374234342D4143304630373445343130307D3030303039306639396437393131306331303562663763363761356632333264633733643030303030373034"
        },
        "system": {
          "eventID": "1035",
          "keywords": "0x80000000000000",
          "level": "4",
          "channel": "Application",
          "opcode": "0",
          "message": "\"Das Produkt wurde durch Windows Installer neu konfiguriert. Produktname: Adobe Acrobat Reader - Deutsch. Produktversion: 26.001.21563. Produktsprache: 1031. Hersteller: Adobe Systems Incorporated. Erfolg- bzw. Fehlerstatus der neuen Konfiguration: 1602.\"",
          "version": "0",
          "systemTime": "2026-05-26T07:11:36.8854692Z",
          "eventRecordID": "85864",
          "threadID": "0",
          "computer": "SCAN_04_001.arzw.local",
          "task": "0",
          "processID": "0",
          "severityValue": "INFORMATION",
          "providerName": "MsiInstaller"
        }
      }
    },
    "rule": {
      "firedtimes": 1,
      "mail": false,
      "level": 3,
      "description": "Windows installer reconfigured the product.",
      "groups": [
        "windows",
        "windows_application"
      ],
      "id": "60635"
    },
    "location": "EventChannel",
    "decoder": {
      "name": "windows_eventchannel"
    },
    "id": "1779779496.14625804",
    "timestamp": "2026-05-26T07:11:36.946+0000"
  },
  {
    "input": {
      "type": "log"
    },
    "agent": {
      "ip": "172.21.4.211",
      "name": "SCAN_04_001",
      "id": "006"
    },
    "manager": {
      "name": "wazuh.manager"
    },
    "data": {
      "win": {
        "eventdata": {
          "data": "{AC76BA86-7AD7-1031-7B44-AC0F074E4100}, 16316"
        },
        "system": {
          "eventID": "1040",
          "keywords": "0x80000000000000",
          "level": "4",
          "channel": "Application",
          "opcode": "0",
          "message": "\"Eine Windows Installer-Transaktion wird gestartet: {AC76BA86-7AD7-1031-7B44-AC0F074E4100}. Clientprozess-ID: 16316.\"",
          "version": "0",
          "systemTime": "2026-05-26T07:11:31.1055988Z",
          "eventRecordID": "85862",
          "threadID": "0",
          "computer": "SCAN_04_001.arzw.local",
          "task": "0",
          "processID": "0",
          "severityValue": "INFORMATION",
          "providerName": "MsiInstaller"
        }
      }
    },
    "rule": {
      "firedtimes": 1,
      "mail": false,
      "level": 3,
      "description": "Windows installer began an installation process.",
      "groups": [
        "windows",
        "windows_application"
      ],
      "id": "60610"
    },
    "location": "EventChannel",
    "decoder": {
      "name": "windows_eventchannel"
    },
    "id": "1779779491.14620500",
    "timestamp": "2026-05-26T07:11:31.184+0000"
  },
  {
    "input": {
      "type": "log"
    },
    "agent": {
      "ip": "172.21.4.211",
      "name": "SCAN_04_001",
      "id": "006"
    },
    "manager": {
      "name": "wazuh.manager"
    },
    "data": {
      "win": {
        "eventdata": {
          "data": "2126-05-02T07:05:50Z, RulesEngine"
        },
        "system": {
          "eventID": "16384",
          "eventSourceName": "Software Protection Platform Service",
          "keywords": "0x80000000000000",
          "providerGuid": "{E23B33B0-C8C9-472C-A5F9-F2BDFEA0F156}",
          "level": "4",
          "channel": "Application",
          "opcode": "0",
          "message": "\"Der Softwareschutzdienst wurde erfolgreich für den erneuten Start bei 2126-05-02T07:05:50Z geplant. Grund: RulesEngine.\"",
          "version": "0",
          "systemTime": "2026-05-26T07:05:50.8641210Z",
          "eventRecordID": "85861",
          "threadID": "0",
          "computer": "SCAN_04_001.arzw.local",
          "task": "0",
          "processID": "0",
          "severityValue": "INFORMATION",
          "providerName": "Microsoft-Windows-Security-SPP"
        }
      }
    },
    "rule": {
      "firedtimes": 14,
      "mail": false,
      "level": 3,
      "description": "Software protection service scheduled successfully.",
      "groups": [
        "windows",
        "windows_application"
      ],
      "id": "60642"
    },
    "location": "EventChannel",
    "decoder": {
      "name": "windows_eventchannel"
    },
    "id": "1779779150.14446549",
    "timestamp": "2026-05-26T07:05:50.912+0000"
  },
  {
    "input": {
      "type": "log"
    },
    "agent": {
      "ip": "172.21.4.211",
      "name": "SCAN_04_001",
      "id": "006"
    },
    "manager": {
      "name": "wazuh.manager"
    },
    "data": {
      "win": {
        "eventdata": {
          "data": "2126-05-02T06:48:25Z, RulesEngine"
        },
        "system": {
          "eventID": "16384",
          "eventSourceName": "Software Protection Platform Service",
          "keywords": "0x80000000000000",
          "providerGuid": "{E23B33B0-C8C9-472C-A5F9-F2BDFEA0F156}",
          "level": "4",
          "channel": "Application",
          "opcode": "0",
          "message": "\"Der Softwareschutzdienst wurde erfolgreich für den erneuten Start bei 2126-05-02T06:48:25Z geplant. Grund: RulesEngine.\"",
          "version": "0",
          "systemTime": "2026-05-26T06:48:25.6582511Z",
          "eventRecordID": "85859",
          "threadID": "0",
          "computer": "SCAN_04_001.arzw.local",
          "task": "0",
          "processID": "0",
          "severityValue": "INFORMATION",
          "providerName": "Microsoft-Windows-Security-SPP"
        }
      }
    },
    "rule": {
      "firedtimes": 127,
      "mail": false,
      "level": 3,
      "description": "Software protection service scheduled successfully.",
      "groups": [
        "windows",
        "windows_application"
      ],
      "id": "60642"
    },
    "location": "EventChannel",
    "decoder": {
      "name": "windows_eventchannel"
    },
    "id": "1779778105.13378936",
    "timestamp": "2026-05-26T06:48:25.696+0000"
  },
  {
    "input": {
      "type": "log"
    },
    "agent": {
      "ip": "172.21.4.211",
      "name": "SCAN_04_001",
      "id": "006"
    },
    "manager": {
      "name": "wazuh.manager"
    },
    "data": {
      "win": {
        "eventdata": {
          "data": "2126-05-02T06:41:09Z, RulesEngine"
        },
        "system": {
          "eventID": "16384",
          "eventSourceName": "Software Protection Platform Service",
          "keywords": "0x80000000000000",
          "providerGuid": "{E23B33B0-C8C9-472C-A5F9-F2BDFEA0F156}",
          "level": "4",
          "channel": "Application",
          "opcode": "0",
          "message": "\"Der Softwareschutzdienst wurde erfolgreich für den erneuten Start bei 2126-05-02T06:41:09Z geplant. Grund: RulesEngine.\"",
          "version": "0",
          "systemTime": "2026-05-26T06:41:09.7222072Z",
          "eventRecordID": "85857",
          "threadID": "0",
          "computer": "SCAN_04_001.arzw.local",
          "task": "0",
          "processID": "0",
          "severityValue": "INFORMATION",
          "providerName": "Microsoft-Windows-Security-SPP"
        }
      }
    },
    "rule": {
      "firedtimes": 110,
      "mail": false,
      "level": 3,
      "description": "Software protection service scheduled successfully.",
      "groups": [
        "windows",
        "windows_application"
      ],
      "id": "60642"
    },
    "location": "EventChannel",
    "decoder": {
      "name": "windows_eventchannel"
    },
    "id": "1779777669.12963821",
    "timestamp": "2026-05-26T06:41:09.757+0000"
  },
  {
    "input": {
      "type": "log"
    },
    "agent": {
      "ip": "172.21.4.211",
      "name": "SCAN_04_001",
      "id": "006"
    },
    "manager": {
      "name": "wazuh.manager"
    },
    "data": {
      "win": {
        "eventdata": {
          "data": "2126-05-02T06:35:29Z, RulesEngine"
        },
        "system": {
          "eventID": "16384",
          "eventSourceName": "Software Protection Platform Service",
          "keywords": "0x80000000000000",
          "providerGuid": "{E23B33B0-C8C9-472C-A5F9-F2BDFEA0F156}",
          "level": "4",
          "channel": "Application",
          "opcode": "0",
          "message": "\"Der Softwareschutzdienst wurde erfolgreich für den erneuten Start bei 2126-05-02T06:35:29Z geplant. Grund: RulesEngine.\"",
          "version": "0",
          "systemTime": "2026-05-26T06:35:29.2441527Z",
          "eventRecordID": "85855",
          "threadID": "0",
          "computer": "SCAN_04_001.arzw.local",
          "task": "0",
          "processID": "0",
          "severityValue": "INFORMATION",
          "providerName": "Microsoft-Windows-Security-SPP"
        }
      }
    },
    "rule": {
      "firedtimes": 96,
      "mail": false,
      "level": 3,
      "description": "Software protection service scheduled successfully.",
      "groups": [
        "windows",
        "windows_application"
      ],
      "id": "60642"
    },
    "location": "EventChannel",
    "decoder": {
      "name": "windows_eventchannel"
    },
    "id": "1779777329.12701184",
    "timestamp": "2026-05-26T06:35:29.274+0000"
  },
  {
    "input": {
      "type": "log"
    },
    "agent": {
      "ip": "172.21.4.211",
      "name": "SCAN_04_001",
      "id": "006"
    },
    "manager": {
      "name": "wazuh.manager"
    },
    "data": {
      "win": {
        "eventdata": {
          "targetLogonId": "0x26951841",
          "targetUserName": "SCAN_04_001$",
          "targetDomainName": "ARZW",
          "targetUserSid": "S-1-5-18",
          "logonType": "3"
        },
        "system": {
          "eventID": "4634",
          "keywords": "0x8020000000000000",
          "providerGuid": "{54849625-5478-4994-a5ba-3e3b0328c30d}",
          "level": "0",
          "channel": "Security",
          "opcode": "0",
          "message": "\"Ein Konto wurde abgemeldet.\r\n\r\nAntragsteller:\r\n\tSicherheits-ID:\t\tS-1-5-18\r\n\tKontoname:\t\tSCAN_04_001$\r\n\tKontodomäne:\t\tARZW\r\n\tAnmelde-ID:\t\t0x26951841\r\n\r\nAnmeldetyp:\t\t\t3\r\n\r\nDieses Ereignis wird generiert, wenn eine Anmeldesitzung zerstört wird. Es kann anhand des Wertes der Anmelde-ID positiv mit einem Anmeldeereignis korreliert werden. Anmelde-IDs sind nur zwischen Neustarts auf demselben Computer eindeutig.\"",
          "version": "0",
          "systemTime": "2026-05-26T06:23:08.6011179Z",
          "eventRecordID": "779606",
          "threadID": "16780",
          "computer": "SCAN_04_001.arzw.local",
          "task": "12545",
          "processID": "808",
          "severityValue": "AUDIT_SUCCESS",
          "providerName": "Microsoft-Windows-Security-Auditing"
        }
      }
    },
    "rule": {
      "firedtimes": 13,
      "mail": false,
      "level": 3,
      "pci_dss": [
        "10.2.5"
      ],
      "hipaa": [
        "164.312.b"
      ],
      "tsc": [
        "CC6.8",
        "CC7.2",
        "CC7.3"
      ],
      "description": "Windows User Logoff",
      "groups": [
        "windows",
        "windows_security"
      ],
      "id": "60137",
      "nist_800_53": [
        "AU.14",
        "AC.7"
      ],
      "gdpr": [
        "IV_32.2"
      ]
    },
    "location": "EventChannel",
    "decoder": {
      "name": "windows_eventchannel"
    },
    "id": "1779776589.12254269",
    "timestamp": "2026-05-26T06:23:09.249+0000"
  },
  {
    "input": {
      "type": "log"
    },
    "agent": {
      "ip": "172.21.4.211",
      "name": "SCAN_04_001",
      "id": "006"
    },
    "manager": {
      "name": "wazuh.manager"
    },
    "data": {
      "win": {
        "eventdata": {
          "subjectLogonId": "0x0",
          "targetLinkedLogonId": "0x0",
          "impersonationLevel": "%%1833",
          "ipAddress": "::1",
          "authenticationPackageName": "Kerberos",
          "targetLogonId": "0x26951841",
          "logonProcessName": "Kerberos",
          "logonGuid": "{b7f97ded-e045-d534-1250-d9e8b3875c7b}",
          "targetUserName": "SCAN_04_001$",
          "keyLength": "0",
          "elevatedToken": "%%1842",
          "subjectUserSid": "S-1-0-0",
          "processId": "0x0",
          "ipPort": "0",
          "targetDomainName": "ARZW.LOCAL",
          "targetUserSid": "S-1-5-18",
          "virtualAccount": "%%1843",
          "logonType": "3"
        },
        "system": {
          "eventID": "4624",
          "keywords": "0x8020000000000000",
          "providerGuid": "{54849625-5478-4994-a5ba-3e3b0328c30d}",
          "level": "0",
          "channel": "Security",
          "opcode": "0",
          "message": "\"Ein Konto wurde erfolgreich angemeldet.\r\n\r\nAntragsteller:\r\n\tSicherheits-ID:\t\tS-1-0-0\r\n\tKontoname:\t\t-\r\n\tKontodomäne:\t\t-\r\n\tAnmelde-ID:\t\t0x0\r\n\r\nAnmeldeinformationen:\r\n\tAnmeldetyp:\t\t3\r\n\tEingeschränkter Administratormodus:\t-\r\n\tVirtuelles Konto:\t\tNein\r\n\tToken mit erhöhten Rechten:\t\tJa\r\n\r\nIdentitätswechselebene:\t\tIdentitätswechsel\r\n\r\nNeue Anmeldung:\r\n\tSicherheits-ID:\t\tS-1-5-18\r\n\tKontoname:\t\tSCAN_04_001$\r\n\tKontodomäne:\t\tARZW.LOCAL\r\n\tAnmelde-ID:\t\t0x26951841\r\n\tVerknüpfte Anmelde-ID:\t\t0x0\r\n\tNetzwerk-Kontoname:\t-\r\n\tNetzwerk-Kontodomäne:\t-\r\n\tAnmelde-GUID:\t\t{b7f97ded-e045-d534-1250-d9e8b3875c7b}\r\n\r\nProzessinformationen:\r\n\tProzess-ID:\t\t0x0\r\n\tProzessname:\t\t-\r\n\r\nNetzwerkinformationen:\r\n\tArbeitsstationsname:\t-\r\n\tQuellnetzwerkadresse:\t::1\r\n\tQuellport:\t\t0\r\n\r\nDetaillierte Authentifizierungsinformationen:\r\n\tAnmeldeprozess:\t\tKerberos\r\n\tAuthentifizierungspaket:\tKerberos\r\n\tÜbertragene Dienste:\t-\r\n\tPaketname (nur NTLM):\t-\r\n\tSchlüssellänge:\t\t0\r\n\r\nDieses Ereignis wird beim Erstellen einer Anmeldesitzung generiert. Es wird auf dem Computer generiert, auf den zugegriffen wurde.\r\n\r\nDie Antragstellerfelder geben das Konto auf dem lokalen System an, von dem die Anmeldung angefordert wurde. Dies ist meistens ein Dienst wie der Serverdienst oder ein lokaler Prozess wie \"Winlogon.exe\" oder \"Services.exe\".\r\n\r\nDas Anmeldetypfeld gibt den jeweiligen Anmeldetyp an. Die häufigsten Typen sind 2 (interaktiv) und 3 (Netzwerk).\r\n\r\nDie Felder für die neue Anmeldung geben das Konto an, für das die neue Anmeldung erstellt wurde, d. h. das angemeldete Konto.\r\n\r\nDie Netzwerkfelder geben die Quelle einer Remoteanmeldeanforderung an. Der Arbeitsstationsname ist nicht immer verfügbar und kann in manchen Fällen leer bleiben.\r\n\r\nDas Feld für die Identitätswechselebene gibt an, in welchem Umfang ein Prozess in der Anmeldesitzung einen Identitätswechsel vornehmen kann.\r\n\r\nDie Felder für die Authentifizierungsinformationen enthalten detaillierte Informationen zu dieser speziellen Anmeldeanforderung.\r\n\t- Die Anmelde-GUID ist ein eindeutiger Bezeichner, der verwendet werden kann, um dieses Ereignis mit einem KDC-Ereignis zu korrelieren.\r\n\t- Die übertragenen Dienste geben an, welche Zwischendienste an der Anmeldeanforderung beteiligt waren.\r\n\t- Der Paketname gibt das in den NTLM-Protokollen verwendete Unterprotokoll an.\r\n\t- Die Schlüssellänge gibt die Länge des generierten Sitzungsschlüssels an. Wenn kein Sitzungsschlüssel angefordert wurde, ist dieser Wert 0.\"",
          "version": "2",
          "systemTime": "2026-05-26T06:23:08.6007624Z",
          "eventRecordID": "779605",
          "threadID": "16780",
          "computer": "SCAN_04_001.arzw.local",
          "task": "12544",
          "processID": "808",
          "severityValue": "AUDIT_SUCCESS",
          "providerName": "Microsoft-Windows-Security-Auditing"
        }
      }
    },
    "rule": {
      "mail": false,
      "level": 3,
      "pci_dss": [
        "10.2.5"
      ],
      "hipaa": [
        "164.312.b"
      ],
      "tsc": [
        "CC6.8",
        "CC7.2",
        "CC7.3"
      ],
      "description": "Windows Logon Success",
      "groups": [
        "windows",
        "windows_security",
        "authentication_success"
      ],
      "nist_800_53": [
        "AU.14",
        "AC.9"
      ],
      "gdpr": [
        "IV_32.2"
      ],
      "firedtimes": 12,
      "mitre": {
        "technique": [
          "Valid Accounts"
        ],
        "id": [
          "T1078"
        ],
        "tactic": [
          "Defense Evasion",
          "Persistence",
          "Privilege Escalation",
          "Initial Access"
        ]
      },
      "id": "60106",
      "gpg13": [
        "7.1",
        "7.2"
      ]
    },
    "location": "EventChannel",
    "decoder": {
      "name": "windows_eventchannel"
    },
    "id": "1779776589.12246649",
    "timestamp": "2026-05-26T06:23:09.234+0000"
  },
  {
    "input": {
      "type": "log"
    },
    "agent": {
      "ip": "172.21.4.211",
      "name": "SCAN_04_001",
      "id": "006"
    },
    "manager": {
      "name": "wazuh.manager"
    },
    "data": {
      "win": {
        "eventdata": {
          "targetLogonId": "0x26951528",
          "targetUserName": "SCAN_04_001$",
          "targetDomainName": "ARZW",
          "targetUserSid": "S-1-5-18",
          "logonType": "3"
        },
        "system": {
          "eventID": "4634",
          "keywords": "0x8020000000000000",
          "providerGuid": "{54849625-5478-4994-a5ba-3e3b0328c30d}",
          "level": "0",
          "channel": "Security",
          "opcode": "0",
          "message": "\"Ein Konto wurde abgemeldet.\r\n\r\nAntragsteller:\r\n\tSicherheits-ID:\t\tS-1-5-18\r\n\tKontoname:\t\tSCAN_04_001$\r\n\tKontodomäne:\t\tARZW\r\n\tAnmelde-ID:\t\t0x26951528\r\n\r\nAnmeldetyp:\t\t\t3\r\n\r\nDieses Ereignis wird generiert, wenn eine Anmeldesitzung zerstört wird. Es kann anhand des Wertes der Anmelde-ID positiv mit einem Anmeldeereignis korreliert werden. Anmelde-IDs sind nur zwischen Neustarts auf demselben Computer eindeutig.\"",
          "version": "0",
          "systemTime": "2026-05-26T06:23:08.5990035Z",
          "eventRecordID": "779603",
          "threadID": "16780",
          "computer": "SCAN_04_001.arzw.local",
          "task": "12545",
          "processID": "808",
          "severityValue": "AUDIT_SUCCESS",
          "providerName": "Microsoft-Windows-Security-Auditing"
        }
      }
    },
    "rule": {
      "firedtimes": 12,
      "mail": false,
      "level": 3,
      "pci_dss": [
        "10.2.5"
      ],
      "hipaa": [
        "164.312.b"
      ],
      "tsc": [
        "CC6.8",
        "CC7.2",
        "CC7.3"
      ],
      "description": "Windows User Logoff",
      "groups": [
        "windows",
        "windows_security"
      ],
      "id": "60137",
      "nist_800_53": [
        "AU.14",
        "AC.7"
      ],
      "gdpr": [
        "IV_32.2"
      ]
    },
    "location": "EventChannel",
    "decoder": {
      "name": "windows_eventchannel"
    },
    "id": "1779776589.12244200",
    "timestamp": "2026-05-26T06:23:09.202+0000"
  },
  {
    "input": {
      "type": "log"
    },
    "agent": {
      "ip": "172.21.4.211",
      "name": "SCAN_04_001",
      "id": "006"
    },
    "manager": {
      "name": "wazuh.manager"
    },
    "data": {
      "win": {
        "eventdata": {
          "subjectLogonId": "0x0",
          "targetLinkedLogonId": "0x0",
          "impersonationLevel": "%%1833",
          "ipAddress": "::1",
          "authenticationPackageName": "Kerberos",
          "targetLogonId": "0x26951528",
          "logonProcessName": "Kerberos",
          "logonGuid": "{b7f97ded-e045-d534-1250-d9e8b3875c7b}",
          "targetUserName": "SCAN_04_001$",
          "keyLength": "0",
          "elevatedToken": "%%1842",
          "subjectUserSid": "S-1-0-0",
          "processId": "0x0",
          "ipPort": "0",
          "targetDomainName": "ARZW.LOCAL",
          "targetUserSid": "S-1-5-18",
          "virtualAccount": "%%1843",
          "logonType": "3"
        },
        "system": {
          "eventID": "4624",
          "keywords": "0x8020000000000000",
          "providerGuid": "{54849625-5478-4994-a5ba-3e3b0328c30d}",
          "level": "0",
          "channel": "Security",
          "opcode": "0",
          "message": "\"Ein Konto wurde erfolgreich angemeldet.\r\n\r\nAntragsteller:\r\n\tSicherheits-ID:\t\tS-1-0-0\r\n\tKontoname:\t\t-\r\n\tKontodomäne:\t\t-\r\n\tAnmelde-ID:\t\t0x0\r\n\r\nAnmeldeinformationen:\r\n\tAnmeldetyp:\t\t3\r\n\tEingeschränkter Administratormodus:\t-\r\n\tVirtuelles Konto:\t\tNein\r\n\tToken mit erhöhten Rechten:\t\tJa\r\n\r\nIdentitätswechselebene:\t\tIdentitätswechsel\r\n\r\nNeue Anmeldung:\r\n\tSicherheits-ID:\t\tS-1-5-18\r\n\tKontoname:\t\tSCAN_04_001$\r\n\tKontodomäne:\t\tARZW.LOCAL\r\n\tAnmelde-ID:\t\t0x26951528\r\n\tVerknüpfte Anmelde-ID:\t\t0x0\r\n\tNetzwerk-Kontoname:\t-\r\n\tNetzwerk-Kontodomäne:\t-\r\n\tAnmelde-GUID:\t\t{b7f97ded-e045-d534-1250-d9e8b3875c7b}\r\n\r\nProzessinformationen:\r\n\tProzess-ID:\t\t0x0\r\n\tProzessname:\t\t-\r\n\r\nNetzwerkinformationen:\r\n\tArbeitsstationsname:\t-\r\n\tQuellnetzwerkadresse:\t::1\r\n\tQuellport:\t\t0\r\n\r\nDetaillierte Authentifizierungsinformationen:\r\n\tAnmeldeprozess:\t\tKerberos\r\n\tAuthentifizierungspaket:\tKerberos\r\n\tÜbertragene Dienste:\t-\r\n\tPaketname (nur NTLM):\t-\r\n\tSchlüssellänge:\t\t0\r\n\r\nDieses Ereignis wird beim Erstellen einer Anmeldesitzung generiert. Es wird auf dem Computer generiert, auf den zugegriffen wurde.\r\n\r\nDie Antragstellerfelder geben das Konto auf dem lokalen System an, von dem die Anmeldung angefordert wurde. Dies ist meistens ein Dienst wie der Serverdienst oder ein lokaler Prozess wie \"Winlogon.exe\" oder \"Services.exe\".\r\n\r\nDas Anmeldetypfeld gibt den jeweiligen Anmeldetyp an. Die häufigsten Typen sind 2 (interaktiv) und 3 (Netzwerk).\r\n\r\nDie Felder für die neue Anmeldung geben das Konto an, für das die neue Anmeldung erstellt wurde, d. h. das angemeldete Konto.\r\n\r\nDie Netzwerkfelder geben die Quelle einer Remoteanmeldeanforderung an. Der Arbeitsstationsname ist nicht immer verfügbar und kann in manchen Fällen leer bleiben.\r\n\r\nDas Feld für die Identitätswechselebene gibt an, in welchem Umfang ein Prozess in der Anmeldesitzung einen Identitätswechsel vornehmen kann.\r\n\r\nDie Felder für die Authentifizierungsinformationen enthalten detaillierte Informationen zu dieser speziellen Anmeldeanforderung.\r\n\t- Die Anmelde-GUID ist ein eindeutiger Bezeichner, der verwendet werden kann, um dieses Ereignis mit einem KDC-Ereignis zu korrelieren.\r\n\t- Die übertragenen Dienste geben an, welche Zwischendienste an der Anmeldeanforderung beteiligt waren.\r\n\t- Der Paketname gibt das in den NTLM-Protokollen verwendete Unterprotokoll an.\r\n\t- Die Schlüssellänge gibt die Länge des generierten Sitzungsschlüssels an. Wenn kein Sitzungsschlüssel angefordert wurde, ist dieser Wert 0.\"",
          "version": "2",
          "systemTime": "2026-05-26T06:23:08.1589896Z",
          "eventRecordID": "779602",
          "threadID": "16780",
          "computer": "SCAN_04_001.arzw.local",
          "task": "12544",
          "processID": "808",
          "severityValue": "AUDIT_SUCCESS",
          "providerName": "Microsoft-Windows-Security-Auditing"
        }
      }
    },
    "rule": {
      "mail": false,
      "level": 3,
      "pci_dss": [
        "10.2.5"
      ],
      "hipaa": [
        "164.312.b"
      ],
      "tsc": [
        "CC6.8",
        "CC7.2",
        "CC7.3"
      ],
      "description": "Windows Logon Success",
      "groups": [
        "windows",
        "windows_security",
        "authentication_success"
      ],
      "nist_800_53": [
        "AU.14",
        "AC.9"
      ],
      "gdpr": [
        "IV_32.2"
      ],
      "firedtimes": 11,
      "mitre": {
        "technique": [
          "Valid Accounts"
        ],
        "id": [
          "T1078"
        ],
        "tactic": [
          "Defense Evasion",
          "Persistence",
          "Privilege Escalation",
          "Initial Access"
        ]
      },
      "id": "60106",
      "gpg13": [
        "7.1",
        "7.2"
      ]
    },
    "location": "EventChannel",
    "decoder": {
      "name": "windows_eventchannel"
    },
    "id": "1779776589.12236580",
    "timestamp": "2026-05-26T06:23:09.190+0000"
  },
  {
    "input": {
      "type": "log"
    },
    "agent": {
      "ip": "172.21.4.211",
      "name": "SCAN_04_001",
      "id": "006"
    },
    "manager": {
      "name": "wazuh.manager"
    },
    "data": {
      "win": {
        "eventdata": {
          "data": "2126-05-02T06:14:42Z, RulesEngine"
        },
        "system": {
          "eventID": "16384",
          "eventSourceName": "Software Protection Platform Service",
          "keywords": "0x80000000000000",
          "providerGuid": "{E23B33B0-C8C9-472C-A5F9-F2BDFEA0F156}",
          "level": "4",
          "channel": "Application",
          "opcode": "0",
          "message": "\"Der Softwareschutzdienst wurde erfolgreich für den erneuten Start bei 2126-05-02T06:14:42Z geplant. Grund: RulesEngine.\"",
          "version": "0",
          "systemTime": "2026-05-26T06:14:42.8353445Z",
          "eventRecordID": "85852",
          "threadID": "0",
          "computer": "SCAN_04_001.arzw.local",
          "task": "0",
          "processID": "0",
          "severityValue": "INFORMATION",
          "providerName": "Microsoft-Windows-Security-SPP"
        }
      }
    },
    "rule": {
      "firedtimes": 38,
      "mail": false,
      "level": 3,
      "description": "Software protection service scheduled successfully.",
      "groups": [
        "windows",
        "windows_application"
      ],
      "id": "60642"
    },
    "location": "EventChannel",
    "decoder": {
      "name": "windows_eventchannel"
    },
    "id": "1779776082.11843493",
    "timestamp": "2026-05-26T06:14:42.855+0000"
  },
  {
    "input": {
      "type": "log"
    },
    "agent": {
      "ip": "172.21.4.211",
      "name": "SCAN_04_001",
      "id": "006"
    },
    "manager": {
      "name": "wazuh.manager"
    },
    "data": {
      "win": {
        "eventdata": {
          "data": "2126-05-02T06:05:31Z, RulesEngine"
        },
        "system": {
          "eventID": "16384",
          "eventSourceName": "Software Protection Platform Service",
          "keywords": "0x80000000000000",
          "providerGuid": "{E23B33B0-C8C9-472C-A5F9-F2BDFEA0F156}",
          "level": "4",
          "channel": "Application",
          "opcode": "0",
          "message": "\"Der Softwareschutzdienst wurde erfolgreich für den erneuten Start bei 2126-05-02T06:05:31Z geplant. Grund: RulesEngine.\"",
          "version": "0",
          "systemTime": "2026-05-26T06:05:31.3384675Z",
          "eventRecordID": "85850",
          "threadID": "0",
          "computer": "SCAN_04_001.arzw.local",
          "task": "0",
          "processID": "0",
          "severityValue": "INFORMATION",
          "providerName": "Microsoft-Windows-Security-SPP"
        }
      }
    },
    "rule": {
      "firedtimes": 11,
      "mail": false,
      "level": 3,
      "description": "Software protection service scheduled successfully.",
      "groups": [
        "windows",
        "windows_application"
      ],
      "id": "60642"
    },
    "location": "EventChannel",
    "decoder": {
      "name": "windows_eventchannel"
    },
    "id": "1779775531.11250183",
    "timestamp": "2026-05-26T06:05:31.357+0000"
  },
  {
    "input": {
      "type": "log"
    },
    "agent": {
      "ip": "172.21.4.211",
      "name": "SCAN_04_001",
      "id": "006"
    },
    "manager": {
      "name": "wazuh.manager"
    },
    "data": {
      "win": {
        "eventdata": {
          "data": "2126-05-02T05:35:29Z, RulesEngine"
        },
        "system": {
          "eventID": "16384",
          "eventSourceName": "Software Protection Platform Service",
          "keywords": "0x80000000000000",
          "providerGuid": "{E23B33B0-C8C9-472C-A5F9-F2BDFEA0F156}",
          "level": "4",
          "channel": "Application",
          "opcode": "0",
          "message": "\"Der Softwareschutzdienst wurde erfolgreich für den erneuten Start bei 2126-05-02T05:35:29Z geplant. Grund: RulesEngine.\"",
          "version": "0",
          "systemTime": "2026-05-26T05:35:29.2834075Z",
          "eventRecordID": "85848",
          "threadID": "0",
          "computer": "SCAN_04_001.arzw.local",
          "task": "0",
          "processID": "0",
          "severityValue": "INFORMATION",
          "providerName": "Microsoft-Windows-Security-SPP"
        }
      }
    },
    "rule": {
      "firedtimes": 83,
      "mail": false,
      "level": 3,
      "description": "Software protection service scheduled successfully.",
      "groups": [
        "windows",
        "windows_application"
      ],
      "id": "60642"
    },
    "location": "EventChannel",
    "decoder": {
      "name": "windows_eventchannel"
    },
    "id": "1779773729.10074569",
    "timestamp": "2026-05-26T05:35:29.359+0000"
  },
