  {
    "input": {
      "type": "log"
    },
    "agent": {
      "ip": "10.0.139.214",
      "name": "SW-Norman",
      "id": "085"
    },
    "manager": {
      "name": "wazuh.manager"
    },
    "data": {
      "win": {
        "eventdata": {
          "data": "2126-05-02T05:53:58Z, RulesEngine"
        },
        "system": {
          "eventID": "16384",
          "eventSourceName": "Software Protection Platform Service",
          "keywords": "0x80000000000000",
          "providerGuid": "{E23B33B0-C8C9-472C-A5F9-F2BDFEA0F156}",
          "level": "4",
          "channel": "Application",
          "opcode": "0",
          "message": "\"Der Softwareschutzdienst wurde erfolgreich für den erneuten Start bei 2126-05-02T05:53:58Z geplant. Grund: RulesEngine.\"",
          "version": "0",
          "systemTime": "2026-05-26T05:53:58.4746084Z",
          "eventRecordID": "172724",
          "threadID": "0",
          "computer": "SW-Norman.arzw.local",
          "task": "0",
          "processID": "20776",
          "severityValue": "INFORMATION",
          "providerName": "Microsoft-Windows-Security-SPP"
        }
      }
    },
    "rule": {
      "firedtimes": 117,
      "mail": false,
      "level": 3,
      "description": "Software protection service scheduled successfully.",
      "groups": [
        "windows",
        "windows_application"
      ],
      "id": "60642"
    },
    "location": "EventChannel",
    "decoder": {
      "name": "windows_eventchannel"
    },
    "id": "1779774838.10828483",
    "timestamp": "2026-05-26T05:53:58.494+0000"
  },
  {
    "input": {
      "type": "log"
    },
    "agent": {
      "ip": "10.0.139.214",
      "name": "SW-Norman",
      "id": "085"
    },
    "manager": {
      "name": "wazuh.manager"
    },
    "data": {
      "win": {
        "eventdata": {
          "binary": "2D20436F64653A2020434F525356434330303030303737322D2043616C6C3A2020434F525356434330303030303735342D205049443A202030303031373437362D205449443A202030303032353435322D20434D443A2020433A5C57494E444F57535C73797374656D33325C76737376632E6578652020202D20557365723A204E616D653A204E542D4155544F524954C4545C53595354454D2C205349443A532D312D352D313820"
        },
        "system": {
          "eventID": "8224",
          "keywords": "0x80000000000000",
          "level": "4",
          "channel": "Application",
          "opcode": "0",
          "message": "\"Der VSS-Dienst wird aufgrund eines Leerlaufzeitlimits heruntergefahren. \"",
          "version": "0",
          "systemTime": "2026-05-26T05:37:09.1471872Z",
          "eventRecordID": "172722",
          "threadID": "0",
          "computer": "SW-Norman.arzw.local",
          "task": "0",
          "processID": "17476",
          "severityValue": "INFORMATION",
          "providerName": "VSS"
        }
      }
    },
    "rule": {
      "firedtimes": 5,
      "mail": false,
      "level": 5,
      "description": "The VSS service is shutting down due to idle timeout.",
      "groups": [
        "windows",
        "windows_application"
      ],
      "id": "60702"
    },
    "location": "EventChannel",
    "decoder": {
      "name": "windows_eventchannel"
    },
    "id": "1779773829.10218388",
    "timestamp": "2026-05-26T05:37:09.194+0000"
  },
  {
    "input": {
      "type": "log"
    },
    "agent": {
      "ip": "10.0.139.214",
      "name": "SW-Norman",
      "id": "085"
    },
    "manager": {
      "name": "wazuh.manager"
    },
    "data": {
      "win": {
        "eventdata": {
          "data": "2126-05-02T05:35:35Z, RulesEngine"
        },
        "system": {
          "eventID": "16384",
          "eventSourceName": "Software Protection Platform Service",
          "keywords": "0x80000000000000",
          "providerGuid": "{E23B33B0-C8C9-472C-A5F9-F2BDFEA0F156}",
          "level": "4",
          "channel": "Application",
          "opcode": "0",
          "message": "\"Der Softwareschutzdienst wurde erfolgreich für den erneuten Start bei 2126-05-02T05:35:35Z geplant. Grund: RulesEngine.\"",
          "version": "0",
          "systemTime": "2026-05-26T05:35:35.4161451Z",
          "eventRecordID": "172721",
          "threadID": "0",
          "computer": "SW-Norman.arzw.local",
          "task": "0",
          "processID": "20180",
          "severityValue": "INFORMATION",
          "providerName": "Microsoft-Windows-Security-SPP"
        }
      }
    },
    "rule": {
      "firedtimes": 84,
      "mail": false,
      "level": 3,
      "description": "Software protection service scheduled successfully.",
      "groups": [
        "windows",
        "windows_application"
      ],
      "id": "60642"
    },
    "location": "EventChannel",
    "decoder": {
      "name": "windows_eventchannel"
    },
    "id": "1779773735.10078226",
    "timestamp": "2026-05-26T05:35:35.449+0000"
  },
  {
    "input": {
      "type": "log"
    },
    "agent": {
      "ip": "10.0.139.214",
      "name": "SW-Norman",
      "id": "085"
    },
    "manager": {
      "name": "wazuh.manager"
    },
    "data": {
      "win": {
        "eventdata": {
          "data": "svchost, 25296,D,50,0, DS_Token_DB:, 1, C:\\\\WINDOWS\\\\system32\\\\config\\\\systemprofile\\\\AppData\\\\Local\\\\DataSharing\\\\Storage\\\\DSTokenDB2.dat, 0,  [1] 0.000006 +J(0) +M(C:0K, Fs:1, WS:4K # 0K, PF:0K # 0K, P:0K) [2] 0.000455 -0.000094 (1) WT +J(0) +M(C:0K, Fs:17, WS:4K # 8K, PF:4K # 4K, P:4K) [3] 0.006455 -0.000630 (8) WT +J(CM:0, PgRf:0, Rd:0/0, Dy:0/0, Lg:255/1) +M(C:0K, Fs:32, WS:112K # 52K, PF:24K # 0K, P:24K) [4] 0.006479 +J(0) [5] - [6] 0.000289 -0.000204 (2) CM -0.000136 (2) WT +J(CM:2, PgRf:2, Rd:0/2, Dy:0/0, Lg:0/0) +M(C:0K, Fs:2, WS:8K # 4K, PF:0K # 0K, P:0K) [7] 0.000001 +J(0) [8] 0.000318 -0.000186 (1) CM -0.000163 (1) WT +J(CM:1, PgRf:1, Rd:4/1, Dy:0/0, Lg:0/0) +M(C:16K, Fs:24, WS:96K # 96K, PF:208K # 172K, P:208K) [9] - [10] - [11] - [12] 0.000010 +J(CM:0, PgRf:0, Rd:0/0, Dy:0/0, Lg:54/1) +M(C:0K, Fs:1, WS:4K # 4K, PF:20K # 16K, P:20K) [13] 0.000550 -0.000421 (3) CM -0.000297 (3) WT +J(CM:3, PgRf:23, Rd:0/3, Dy:0/0, Lg:0/0) +M(C:-8K, Fs:21, WS:76K # 76K, PF:-4K # 4K, P:-4K) [14] 0.000259 -0.000190 (2) CM -0.000147 (2) WT +J(CM:2, PgRf:40, Rd:0/2, Dy:0/0, Lg:0/0) +M(C:0K, Fs:3, WS:12K # 12K, PF:64K # 56K, P:64K) [15] 0.000050 -0.000040 (1) CM -0.000023 (1) WT +J(CM:1, PgRf:1, Rd:0/1, Dy:0/0, Lg:0/0) [16] 0.000007 +J(CM:0, PgRf:1, Rd:0/0, Dy:0/0, Lg:0/0) +M(C:0K, Fs:1, WS:4K # 4K, PF:0K # 0K, P:0K) [17] 0.000092 -0.000057 (1) CM -0.000040 (1) WT +J(CM:1, PgRf:42, Rd:0/1, Dy:0/0, Lg:0/0) +M(C:0K, Fs:8, WS:32K # 32K, PF:0K # 0K, P:0K) [18] 0.0 +J(0) [19] 0.0 +J(0) [20] 0.000074 -0.000055 (1) CM -0.000039 (1) WT +J(CM:1, PgRf:3, Rd:0/1, Dy:0/0, Lg:0/0) +M(C:0K, Fs:3, WS:12K # 12K, PF:0K # 0K, P:0K)., 1 0, lgposAttach = 0000000B:000E:0268, dbv = 1568.300.620 (9620)"
        },
        "system": {
          "eventID": "326",
          "keywords": "0x80000000000000",
          "level": "4",
          "channel": "Application",
          "opcode": "0",
          "message": "\"svchost (25296,D,50,0) DS_Token_DB: T, mit dem Daten Bank Modul eine Datenbank angefügt (1, C:\\WINDOWS\\system32\\config\\systemprofile\\AppData\\Local\\DataSharing\\Storage\\DSTokenDB2.dat). (Zeit =0 Sekunden)  \r\n \r\nCache gespeichert:  1 0 \r\nzusätzliche Daten:  lgposAttach = 0000000B:000E:0268,\ndbv = 1568.300.620 (9620) \r\n \r\ninterne Zeit Steuerungs Sequenz:  \n[1] 0.000006 +J(0) +M(C:0K, Fs:1, WS:4K # 0K, PF:0K # 0K, P:0K)\n[2] 0.000455 -0.000094 (1) WT +J(0) +M(C:0K, Fs:17, WS:4K # 8K, PF:4K # 4K, P:4K)\n[3] 0.006455 -0.000630 (8) WT +J(CM:0, PgRf:0, Rd:0/0, Dy:0/0, Lg:255/1) +M(C:0K, Fs:32, WS:112K # 52K, PF:24K # 0K, P:24K)\n[4] 0.006479 +J(0)\n[5] -\n[6] 0.000289 -0.000204 (2) CM -0.000136 (2) WT +J(CM:2, PgRf:2, Rd:0/2, Dy:0/0, Lg:0/0) +M(C:0K, Fs:2, WS:8K # 4K, PF:0K # 0K, P:0K)\n[7] 0.000001 +J(0)\n[8] 0.000318 -0.000186 (1) CM -0.000163 (1) WT +J(CM:1, PgRf:1, Rd:4/1, Dy:0/0, Lg:0/0) +M(C:16K, Fs:24, WS:96K # 96K, PF:208K # 172K, P:208K)\n[9] -\n[10] -\n[11] -\n[12] 0.000010 +J(CM:0, PgRf:0, Rd:0/0, Dy:0/0, Lg:54/1) +M(C:0K, Fs:1, WS:4K # 4K, PF:20K # 16K, P:20K)\n[13] 0.000550 -0.000421 (3) CM -0.000297 (3) WT +J(CM:3, PgRf:23, Rd:0/3, Dy:0/0, Lg:0/0) +M(C:-8K, Fs:21, WS:76K # 76K, PF:-4K # 4K, P:-4K)\n[14] 0.000259 -0.000190 (2) CM -0.000147 (2) WT +J(CM:2, PgRf:40, Rd:0/2, Dy:0/0, Lg:0/0) +M(C:0K, Fs:3, WS:12K # 12K, PF:64K # 56K, P:64K)\n[15] 0.000050 -0.000040 (1) CM -0.000023 (1) WT +J(CM:1, PgRf:1, Rd:0/1, Dy:0/0, Lg:0/0)\n[16] 0.000007 +J(CM:0, PgRf:1, Rd:0/0, Dy:0/0, Lg:0/0) +M(C:0K, Fs:1, WS:4K # 4K, PF:0K # 0K, P:0K)\n[17] 0.000092 -0.000057 (1) CM -0.000040 (1) WT +J(CM:1, PgRf:42, Rd:0/1, Dy:0/0, Lg:0/0) +M(C:0K, Fs:8, WS:32K # 32K, PF:0K # 0K, P:0K)\n[18] 0.0 +J(0)\n[19] 0.0 +J(0)\n[20] 0.000074 -0.000055 (1) CM -0.000039 (1) WT +J(CM:1, PgRf:3, Rd:0/1, Dy:0/0, Lg:0/0) +M(C:0K, Fs:3, WS:12K # 12K, PF:0K # 0K, P:0K).\"",
          "version": "0",
          "systemTime": "2026-05-26T05:34:01.0807620Z",
          "eventRecordID": "172718",
          "threadID": "0",
          "computer": "SW-Norman.arzw.local",
          "task": "1",
          "processID": "25296",
          "severityValue": "INFORMATION",
          "providerName": "ESENT"
        }
      }
    },
    "rule": {
      "firedtimes": 7,
      "mail": false,
      "level": 3,
      "description": "The database engine attached a database.",
      "groups": [
        "windows",
        "windows_application"
      ],
      "id": "60798"
    },
    "location": "EventChannel",
    "decoder": {
      "name": "windows_eventchannel"
    },
    "id": "1779773641.9993339",
    "timestamp": "2026-05-26T05:34:01.141+0000"
  },
  {
    "input": {
      "type": "log"
    },
    "agent": {
      "ip": "10.0.139.214",
      "name": "SW-Norman",
      "id": "085"
    },
    "manager": {
      "name": "wazuh.manager"
    },
    "data": {
      "win": {
        "eventdata": {
          "data": "2126-05-02T05:34:01Z, RulesEngine"
        },
        "system": {
          "eventID": "16384",
          "eventSourceName": "Software Protection Platform Service",
          "keywords": "0x80000000000000",
          "providerGuid": "{E23B33B0-C8C9-472C-A5F9-F2BDFEA0F156}",
          "level": "4",
          "channel": "Application",
          "opcode": "0",
          "message": "\"Der Softwareschutzdienst wurde erfolgreich für den erneuten Start bei 2126-05-02T05:34:01Z geplant. Grund: RulesEngine.\"",
          "version": "0",
          "systemTime": "2026-05-26T05:34:01.0654742Z",
          "eventRecordID": "172717",
          "threadID": "0",
          "computer": "SW-Norman.arzw.local",
          "task": "0",
          "processID": "24792",
          "severityValue": "INFORMATION",
          "providerName": "Microsoft-Windows-Security-SPP"
        }
      }
    },
    "rule": {
      "firedtimes": 78,
      "mail": false,
      "level": 3,
      "description": "Software protection service scheduled successfully.",
      "groups": [
        "windows",
        "windows_application"
      ],
      "id": "60642"
    },
    "location": "EventChannel",
    "decoder": {
      "name": "windows_eventchannel"
    },
    "id": "1779773641.9991706",
    "timestamp": "2026-05-26T05:34:01.117+0000"
  },
  {
    "input": {
      "type": "log"
    },
    "agent": {
      "ip": "10.0.139.214",
      "name": "SW-Norman",
      "id": "085"
    },
    "manager": {
      "name": "wazuh.manager"
    },
    "data": {
      "win": {
        "eventdata": {
          "data": "svchost, 25296,R,98,0, DS_Token_DB:"
        },
        "system": {
          "eventID": "300",
          "keywords": "0x80000000000000",
          "level": "4",
          "channel": "Application",
          "opcode": "0",
          "message": "\"svchost (25296,R,98,0) DS_Token_DB: Das Datenbankmodul initiiert Schritte zur Wiederherstellung.\"",
          "version": "0",
          "systemTime": "2026-05-26T05:34:00.9811146Z",
          "eventRecordID": "172713",
          "threadID": "0",
          "computer": "SW-Norman.arzw.local",
          "task": "3",
          "processID": "25296",
          "severityValue": "INFORMATION",
          "providerName": "ESENT"
        }
      }
    },
    "rule": {
      "firedtimes": 5,
      "mail": false,
      "level": 3,
      "description": "The database engine is initiating recovery steps.",
      "groups": [
        "windows",
        "windows_application"
      ],
      "id": "60807"
    },
    "location": "EventChannel",
    "decoder": {
      "name": "windows_eventchannel"
    },
    "id": "1779773641.9986581",
    "timestamp": "2026-05-26T05:34:01.096+0000"
  },
  {
    "input": {
      "type": "log"
    },
    "agent": {
      "ip": "10.0.139.214",
      "name": "SW-Norman",
      "id": "085"
    },
    "manager": {
      "name": "wazuh.manager"
    },
    "data": {
      "win": {
        "eventdata": {
          "data": "svchost, 25296,U,98,0, DS_Token_DB:"
        },
        "system": {
          "eventID": "302",
          "keywords": "0x80000000000000",
          "level": "4",
          "channel": "Application",
          "opcode": "0",
          "message": "\"svchost (25296,U,98,0) DS_Token_DB: Das Datenbankmodul hat erfolgreich die Schritte zur Wiederherstellung abgeschlossen.\"",
          "version": "0",
          "systemTime": "2026-05-26T05:34:01.0003320Z",
          "eventRecordID": "172715",
          "threadID": "0",
          "computer": "SW-Norman.arzw.local",
          "task": "3",
          "processID": "25296",
          "severityValue": "INFORMATION",
          "providerName": "ESENT"
        }
      }
    },
    "rule": {
      "firedtimes": 5,
      "mail": false,
      "level": 3,
      "description": "The database engine has completed recovery steps.",
      "groups": [
        "windows",
        "windows_application"
      ],
      "id": "60809"
    },
    "location": "EventChannel",
    "decoder": {
      "name": "windows_eventchannel"
    },
    "id": "1779773641.9987872",
    "timestamp": "2026-05-26T05:34:01.096+0000"
  },
  {
    "input": {
      "type": "log"
    },
    "agent": {
      "ip": "10.0.139.214",
      "name": "SW-Norman",
      "id": "085"
    },
    "manager": {
      "name": "wazuh.manager"
    },
    "data": {
      "win": {
        "eventdata": {
          "data": "svchost, 25296,R,98,0, DS_Token_DB:, C:\\\\WINDOWS\\\\system32\\\\config\\\\systemprofile\\\\AppData\\\\Local\\\\DataSharing\\\\Storage\\\\DSS.log,  [1] 0.007372 -0.001213 (9) WT +J(CM:0, PgRf:0, Rd:0/0, Dy:0/0, Lg:44616/30) +M(C:0K, Fs:109, WS:224K # 160K, PF:156K # 92K, P:156K)., AttachDB, 3"
        },
        "system": {
          "eventID": "301",
          "keywords": "0x80000000000000",
          "level": "4",
          "channel": "Application",
          "opcode": "0",
          "message": "\"svchost (25296,R,98,0) DS_Token_DB: Das Datenbankmodul hat die Wiedergabe von Protokoll C:\\WINDOWS\\system32\\config\\systemprofile\\AppData\\Local\\DataSharing\\Storage\\DSS.log beendet.  \r\n \r\nVerarbeitungsstatistiken: \n[1] 0.007372 -0.001213 (9) WT +J(CM:0, PgRf:0, Rd:0/0, Dy:0/0, Lg:44616/30) +M(C:0K, Fs:109, WS:224K # 160K, PF:156K # 92K, P:156K). \r\nProtokolldatensatz vom Typ „AttachDB “ wurde am häufigsten gesehen (3 Mal) \"",
          "version": "0",
          "systemTime": "2026-05-26T05:34:00.9909217Z",
          "eventRecordID": "172714",
          "threadID": "0",
          "computer": "SW-Norman.arzw.local",
          "task": "3",
          "processID": "25296",
          "severityValue": "INFORMATION",
          "providerName": "ESENT"
        }
      }
    },
    "rule": {
      "firedtimes": 7,
      "mail": false,
      "level": 3,
      "description": "The database engine is replaying log file C:\\Winnt\\system32\\wins\\j50.log.",
      "groups": [
        "windows",
        "windows_application"
      ],
      "id": "60808"
    },
    "location": "EventChannel",
    "decoder": {
      "name": "windows_eventchannel"
    },
    "id": "1779773641.9989211",
    "timestamp": "2026-05-26T05:34:01.096+0000"
  },
  {
    "input": {
      "type": "log"
    },
    "agent": {
      "ip": "10.0.139.214",
      "name": "SW-Norman",
      "id": "085"
    },
    "manager": {
      "name": "wazuh.manager"
    },
    "data": {
      "win": {
        "eventdata": {
          "data": "svchost, 25296,P,98,0, DS_Token_DB:, 0, 10, 00, 26200, 0000"
        },
        "system": {
          "eventID": "102",
          "keywords": "0x80000000000000",
          "level": "4",
          "channel": "Application",
          "opcode": "0",
          "message": "\"svchost (25296,P,98,0) DS_Token_DB: Das Datenbankmodul (10.00.26200.0000) startet eine neue Instanz (0).\"",
          "version": "0",
          "systemTime": "2026-05-26T05:34:00.9764199Z",
          "eventRecordID": "172712",
          "threadID": "0",
          "computer": "SW-Norman.arzw.local",
          "task": "1",
          "processID": "25296",
          "severityValue": "INFORMATION",
          "providerName": "ESENT"
        }
      }
    },
    "rule": {
      "firedtimes": 7,
      "mail": false,
      "level": 3,
      "description": "The database engine is starting a new instance.",
      "groups": [
        "windows",
        "windows_application"
      ],
      "id": "60805"
    },
    "location": "EventChannel",
    "decoder": {
      "name": "windows_eventchannel"
    },
    "id": "1779773641.9985228",
    "timestamp": "2026-05-26T05:34:01.034+0000"
  },
  {
    "input": {
      "type": "log"
    },
    "agent": {
      "ip": "10.0.139.214",
      "name": "SW-Norman",
      "id": "085"
    },
    "manager": {
      "name": "wazuh.manager"
    },
    "data": {
      "win": {
        "eventdata": {
          "data": "2126-05-02T05:23:58Z, RulesEngine"
        },
        "system": {
          "eventID": "16384",
          "eventSourceName": "Software Protection Platform Service",
          "keywords": "0x80000000000000",
          "providerGuid": "{E23B33B0-C8C9-472C-A5F9-F2BDFEA0F156}",
          "level": "4",
          "channel": "Application",
          "opcode": "0",
          "message": "\"Der Softwareschutzdienst wurde erfolgreich für den erneuten Start bei 2126-05-02T05:23:58Z geplant. Grund: RulesEngine.\"",
          "version": "0",
          "systemTime": "2026-05-26T05:23:58.0439972Z",
          "eventRecordID": "172709",
          "threadID": "0",
          "computer": "SW-Norman.arzw.local",
          "task": "0",
          "processID": "25332",
          "severityValue": "INFORMATION",
          "providerName": "Microsoft-Windows-Security-SPP"
        }
      }
    },
    "rule": {
      "firedtimes": 54,
      "mail": false,
      "level": 3,
      "description": "Software protection service scheduled successfully.",
      "groups": [
        "windows",
        "windows_application"
      ],
      "id": "60642"
    },
    "location": "EventChannel",
    "decoder": {
      "name": "windows_eventchannel"
    },
    "id": "1779773038.8853380",
    "timestamp": "2026-05-26T05:23:58.081+0000"
  },
  {
    "input": {
      "type": "log"
    },
    "agent": {
      "ip": "10.0.139.214",
      "name": "SW-Norman",
      "id": "085"
    },
    "manager": {
      "name": "wazuh.manager"
    },
    "data": {
      "vulnerability": {
        "severity": "Medium",
        "package": {
          "condition": "Package less than 2.3000.1032164386.258709",
          "name": "WhatsApp",
          "source": " ",
          "version": "2.2616.100.0",
          "architecture": "x86_64"
        },
        "assigner": "facebook",
        "cwe_reference": "CWE-158",
        "published": "2026-05-01T16:16:29Z",
        "classification": "CVSS",
        "title": "CVE-2026-23863 affects WhatsApp",
        "type": "Packages",
        "rationale": "An attachment spoofing issue in WhatsApp for Windows prior to v2.3000.1032164386.258709 could have allowed maliciously formatted documents with embedded NUL bytes in the filename to be shown in the application as one type of file but run as an executable when opened. We have not seen evidence of exploitation in the wild.",
        "reference": "https://www.facebook.com/security/advisories/cve-2026-23863, https://www.whatsapp.com/security/advisories/2026",
        "score": {
          "version": "3.1",
          "base": "6.500000"
        },
        "cve": "CVE-2026-23863",
        "scanner": {
          "reference": "https://cti.wazuh.com/vulnerabilities/cves/CVE-2026-23863"
        },
        "enumeration": "CVE",
        "cvss": {
          "cvss3": {
            "base_score": "6.500000",
            "vector": {
              "user_interaction": "REQUIRED",
              "integrity_impact": "HIGH",
              "scope": "UNCHANGED",
              "availability": "NONE",
              "confidentiality_impact": "NONE",
              "attack_vector": "NETWORK",
              "privileges_required": "NONE"
            }
          }
        },
        "updated": "2026-05-11T19:59:52Z",
        "status": "Active"
      }
    },
    "rule": {
      "firedtimes": 1,
      "mail": false,
      "level": 7,
      "pci_dss": [
        "11.2.1",
        "11.2.3"
      ],
      "tsc": [
        "CC7.1",
        "CC7.2"
      ],
      "description": "CVE-2026-23863 affects WhatsApp",
      "groups": [
        "vulnerability-detector"
      ],
      "id": "23504",
      "gdpr": [
        "IV_35.7.d"
      ]
    },
    "location": "vulnerability-detector",
    "decoder": {
      "name": "json"
    },
    "id": "1779772746.8547244",
    "timestamp": "2026-05-26T05:19:06.351+0000"
  },
  {
    "input": {
      "type": "log"
    },
    "agent": {
      "ip": "10.0.139.214",
      "name": "SW-Norman",
      "id": "085"
    },
    "manager": {
      "name": "wazuh.manager"
    },
    "data": {
      "vulnerability": {
        "severity": "High",
        "package": {
          "condition": "Package less than or equal to 3.14.4",
          "name": "Python 3.14.4 (64-bit)",
          "source": " ",
          "version": "3.14.4150.0",
          "architecture": " "
        },
        "assigner": "PSF",
        "cwe_reference": "CWE-22",
        "published": "2026-04-27T21:16:42Z",
        "classification": "CVSS",
        "title": "CVE-2026-3087 affects Python 3.14.4 (64-bit)",
        "type": "Packages",
        "rationale": "If `shutil.unpack_archive()` is given a ZIP archive with an absolute Windows path containing a drive (`C:\\\\...`) then the archive will be extracted outside the target directory which is different than other operating systems. Only Windows is affected by this vulnerability.",
        "reference": "https://github.com/python/cpython/issues/146581, https://github.com/python/cpython/pull/146591, http://www.openwall.com/lists/oss-security/2026/04/28/9, https://mail.python.org/archives/list/security-announce@python.org/thread/X6FXE5C6KDKOVNX3EC3DWD5RUPFWOZA4/, https://github.com/python/cpython/commit/ab5ef98af693bded74a738570e81ea70abef2840, https://github.com/python/cpython/commit/b01e594fbe754a960212f908d047294e880b52fd, https://github.com/python/cpython/commit/fc829e88753858c8ac669594bf0093f44948c0f4",
        "score": {
          "version": "3.1",
          "base": "7.500000"
        },
        "cve": "CVE-2026-3087",
        "scanner": {
          "reference": "https://cti.wazuh.com/vulnerabilities/cves/CVE-2026-3087"
        },
        "enumeration": "CVE",
        "cvss": {
          "cvss3": {
            "base_score": "7.500000",
            "vector": {
              "user_interaction": "NONE",
              "integrity_impact": "HIGH",
              "scope": "UNCHANGED",
              "availability": "NONE",
              "confidentiality_impact": "NONE",
              "attack_vector": "NETWORK",
              "privileges_required": "NONE"
            }
          }
        },
        "updated": "2026-05-13T16:27:11Z",
        "status": "Active"
      }
    },
    "rule": {
      "firedtimes": 1,
      "mail": false,
      "level": 10,
      "pci_dss": [
        "11.2.1",
        "11.2.3"
      ],
      "tsc": [
        "CC7.1",
        "CC7.2"
      ],
      "description": "CVE-2026-3087 affects Python 3.14.4 (64-bit)",
      "groups": [
        "vulnerability-detector"
      ],
      "id": "23505",
      "gdpr": [
        "IV_35.7.d"
      ]
    },
    "location": "vulnerability-detector",
    "decoder": {
      "name": "json"
    },
    "id": "1779772746.8543309",
    "timestamp": "2026-05-26T05:19:06.134+0000"
  },
  {
    "input": {
      "type": "log"
    },
    "agent": {
      "ip": "10.0.139.214",
      "name": "SW-Norman",
      "id": "085"
    },
    "manager": {
      "name": "wazuh.manager"
    },
    "data": {
      "win": {
        "eventdata": {
          "p1": "devenv.exe",
          "p2": "17.14.37012.4",
          "rechecking": "0",
          "p3": "10.0.26200.2.0.0",
          "attachedFiles": "  \\\\\\\\?\\\\C:\\\\Users\\\\N.Sittig\\\\AppData\\\\Local\\\\Temp\\\\RDR7392.tmp\\\\empty.txt  \\\\\\\\?\\\\C:\\\\ProgramData\\\\Microsoft\\\\Windows\\\\WER\\\\Temp\\\\WER.198102f9-3c7b-4bea-87a8-947ccbab428c.tmp.WERInternalMetadata.xml  \\\\\\\\?\\\\C:\\\\ProgramData\\\\Microsoft\\\\Windows\\\\WER\\\\Temp\\\\WER.9402a2fc-2e6b-4c0f-ade3-2f3904fe77b9.tmp.csv  \\\\\\\\?\\\\C:\\\\ProgramData\\\\Microsoft\\\\Windows\\\\WER\\\\Temp\\\\WER.7cd8a7ec-59f2-40dd-8bef-c0a19ab744eb.tmp.txt  \\\\\\\\?\\\\C:\\\\ProgramData\\\\Microsoft\\\\Windows\\\\WER\\\\Temp\\\\WER.c46a04b3-cc4a-4b8a-9a70-13070cfc9273.tmp.xml",
          "reportId": "e7e89e65-b2a8-44d2-a8af-d4191f0e3bb8",
          "reportStatus": "268435456",
          "bucket": "1361242353652678353",
          "storePath": "NULL",
          "bucketType": "5",
          "hashedBucket": "63d49315e0fe8c8092e41ab55eaf3ed1",
          "response": "Nicht verfügbar",
          "eventName": "RADAR_PRE_LEAK_64",
          "cabGuid": "0",
          "cabId": "0"
        },
        "system": {
          "eventID": "1001",
          "keywords": "0x8000000000000000",
          "providerGuid": "{0ead09bd-2157-539a-8d6d-c87f95b64d70}",
          "level": "4",
          "channel": "Application",
          "opcode": "0",
          "message": "\"Fehlerbucket 1361242353652678353, Typ 5\r\nEreignisname: RADAR_PRE_LEAK_64\r\nAntwort: Nicht verfügbar\r\nCAB-Datei-ID: 0\r\n\r\nProblemsignatur:\r\nP1: devenv.exe\r\nP2: 17.14.37012.4\r\nP3: 10.0.26200.2.0.0\r\nP4: \r\nP5: \r\nP6: \r\nP7: \r\nP8: \r\nP9: \r\nP10: \r\n\r\nAngefügte Dateien:\r\n\\\\?\\C:\\Users\\N.Sittig\\AppData\\Local\\Temp\\RDR7392.tmp\\empty.txt\r\n\\\\?\\C:\\ProgramData\\Microsoft\\Windows\\WER\\Temp\\WER.198102f9-3c7b-4bea-87a8-947ccbab428c.tmp.WERInternalMetadata.xml\r\n\\\\?\\C:\\ProgramData\\Microsoft\\Windows\\WER\\Temp\\WER.9402a2fc-2e6b-4c0f-ade3-2f3904fe77b9.tmp.csv\r\n\\\\?\\C:\\ProgramData\\Microsoft\\Windows\\WER\\Temp\\WER.7cd8a7ec-59f2-40dd-8bef-c0a19ab744eb.tmp.txt\r\n\\\\?\\C:\\ProgramData\\Microsoft\\Windows\\WER\\Temp\\WER.c46a04b3-cc4a-4b8a-9a70-13070cfc9273.tmp.xml\r\n\r\nDiese Dateien befinden sich möglicherweise hier:\r\nNULL\r\n\r\nAnalysesymbol: \r\nEs wird erneut nach einer Lösung gesucht: 0\r\nBerichts-ID: e7e89e65-b2a8-44d2-a8af-d4191f0e3bb8\r\nBerichtstatus: 268435456\r\nBucket mit Hash: 63d49315e0fe8c8092e41ab55eaf3ed1\r\nCAB-Datei-Guid: 0\"",
          "version": "0",
          "systemTime": "2026-05-26T05:11:11.9876843Z",
          "eventRecordID": "172707",
          "threadID": "2248",
          "computer": "SW-Norman.arzw.local",
          "task": "0",
          "processID": "17100",
          "severityValue": "INFORMATION",
          "providerName": "Windows Error Reporting"
        }
      }
    },
    "rule": {
      "firedtimes": 1,
      "mail": false,
      "level": 4,
      "description": "Summary event of the report's signatures.",
      "groups": [
        "windows",
        "windows_application"
      ],
      "id": "60608"
    },
    "location": "EventChannel",
    "decoder": {
      "name": "windows_eventchannel"
    },
    "id": "1779772273.7178660",
    "timestamp": "2026-05-26T05:11:13.021+0000"
  },
  {
    "input": {
      "type": "log"
    },
    "agent": {
      "ip": "10.0.139.214",
      "name": "SW-Norman",
      "id": "085"
    },
    "manager": {
      "name": "wazuh.manager"
    },
    "data": {
      "win": {
        "eventdata": {
          "p1": "193",
          "p2": "80e",
          "rechecking": "0",
          "p3": "ffffb783312ad080",
          "attachedFiles": "  \\\\\\\\?\\\\C:\\\\WINDOWS\\\\LiveKernelReports\\\\WATCHDOG\\\\WATCHDOG-20260505-0711.dmp  \\\\\\\\?\\\\C:\\\\WINDOWS\\\\SystemTemp\\\\WER-44657953-0.sysdata.xml  \\\\\\\\?\\\\C:\\\\ProgramData\\\\Microsoft\\\\Windows\\\\WER\\\\Temp\\\\WER.7e296fc1-5862-44ce-801d-ec862999b600.tmp.WERInternalMetadata.xml  \\\\\\\\?\\\\C:\\\\ProgramData\\\\Microsoft\\\\Windows\\\\WER\\\\Temp\\\\WER.2a669604-bc3d-4435-b746-8ed48a89c0ae.tmp.csv  \\\\\\\\?\\\\C:\\\\ProgramData\\\\Microsoft\\\\Windows\\\\WER\\\\Temp\\\\WER.22741a9f-e060-40f4-a12d-9c970f99b846.tmp.txt  \\\\\\\\?\\\\C:\\\\ProgramData\\\\Microsoft\\\\Windows\\\\WER\\\\Temp\\\\WER.0fa24df3-1748-429a-b2a5-14d5b40e98b8.tmp.xml",
          "p4": "ffffa70ba9de59d0",
          "reportId": "e22bac24-4349-46c1-bf6e-428a53b38918",
          "p5": "0",
          "p6": "10_0_26200",
          "p7": "0_0",
          "p8": "256_1",
          "reportStatus": "2051",
          "storePath": "\\\\\\\\?\\\\C:\\\\ProgramData\\\\Microsoft\\\\Windows\\\\WER\\\\ReportQueue\\\\Kernel_193_2b134bb68545f7559bb5ceebeb961e85af218b_00000000_e22bac24-4349-46c1-bf6e-428a53b38918",
          "bucketType": "0",
          "response": "Nicht verfügbar",
          "eventName": "LiveKernelEvent",
          "cabGuid": "0",
          "cabId": "0"
        },
        "system": {
          "eventID": "1001",
          "keywords": "0x8000000000000000",
          "providerGuid": "{0ead09bd-2157-539a-8d6d-c87f95b64d70}",
          "level": "4",
          "channel": "Application",
          "opcode": "0",
          "message": "\"Fehlerbucket , Typ 0\r\nEreignisname: LiveKernelEvent\r\nAntwort: Nicht verfügbar\r\nCAB-Datei-ID: 0\r\n\r\nProblemsignatur:\r\nP1: 193\r\nP2: 80e\r\nP3: ffffb783312ad080\r\nP4: ffffa70ba9de59d0\r\nP5: 0\r\nP6: 10_0_26200\r\nP7: 0_0\r\nP8: 256_1\r\nP9: \r\nP10: \r\n\r\nAngefügte Dateien:\r\n\\\\?\\C:\\WINDOWS\\LiveKernelReports\\WATCHDOG\\WATCHDOG-20260505-0711.dmp\r\n\\\\?\\C:\\WINDOWS\\SystemTemp\\WER-44657953-0.sysdata.xml\r\n\\\\?\\C:\\ProgramData\\Microsoft\\Windows\\WER\\Temp\\WER.7e296fc1-5862-44ce-801d-ec862999b600.tmp.WERInternalMetadata.xml\r\n\\\\?\\C:\\ProgramData\\Microsoft\\Windows\\WER\\Temp\\WER.2a669604-bc3d-4435-b746-8ed48a89c0ae.tmp.csv\r\n\\\\?\\C:\\ProgramData\\Microsoft\\Windows\\WER\\Temp\\WER.22741a9f-e060-40f4-a12d-9c970f99b846.tmp.txt\r\n\\\\?\\C:\\ProgramData\\Microsoft\\Windows\\WER\\Temp\\WER.0fa24df3-1748-429a-b2a5-14d5b40e98b8.tmp.xml\r\n\r\nDiese Dateien befinden sich möglicherweise hier:\r\n\\\\?\\C:\\ProgramData\\Microsoft\\Windows\\WER\\ReportQueue\\Kernel_193_2b134bb68545f7559bb5ceebeb961e85af218b_00000000_e22bac24-4349-46c1-bf6e-428a53b38918\r\n\r\nAnalysesymbol: \r\nEs wird erneut nach einer Lösung gesucht: 0\r\nBerichts-ID: e22bac24-4349-46c1-bf6e-428a53b38918\r\nBerichtstatus: 2051\r\nBucket mit Hash: \r\nCAB-Datei-Guid: 0\"",
          "version": "0",
          "systemTime": "2026-05-26T04:50:40.0976528Z",
          "eventRecordID": "172705",
          "threadID": "9680",
          "computer": "SW-Norman.arzw.local",
          "task": "0",
          "processID": "2748",
          "severityValue": "INFORMATION",
          "providerName": "Windows Error Reporting"
        }
      }
    },
    "rule": {
      "firedtimes": 36,
      "mail": false,
      "level": 4,
      "description": "Summary event of the report's signatures.",
      "groups": [
        "windows",
        "windows_application"
      ],
      "id": "60608"
    },
    "location": "EventChannel",
    "decoder": {
      "name": "windows_eventchannel"
    },
    "id": "1779771041.5339261",
    "timestamp": "2026-05-26T04:50:41.028+0000"
  },
  {
    "input": {
      "type": "log"
    },
    "agent": {
      "ip": "10.0.139.214",
      "name": "SW-Norman",
      "id": "085"
    },
    "manager": {
      "name": "wazuh.manager"
    },
    "data": {
      "win": {
        "eventdata": {
          "p1": "193",
          "p2": "80e",
          "rechecking": "0",
          "p3": "ffff808d38c4e0c0",
          "attachedFiles": "  \\\\\\\\?\\\\C:\\\\WINDOWS\\\\LiveKernelReports\\\\WATCHDOG\\\\WATCHDOG-20260526-0650.dmp  \\\\\\\\?\\\\C:\\\\WINDOWS\\\\SystemTemp\\\\WER-2987953-0.sysdata.xml  \\\\\\\\?\\\\C:\\\\ProgramData\\\\Microsoft\\\\Windows\\\\WER\\\\Temp\\\\WER.deda2489-4175-4ceb-8753-f31ad3e52085.tmp.WERInternalMetadata.xml  \\\\\\\\?\\\\C:\\\\ProgramData\\\\Microsoft\\\\Windows\\\\WER\\\\Temp\\\\WER.e3e91181-421b-4237-b87f-529e97df7f1f.tmp.csv  \\\\\\\\?\\\\C:\\\\ProgramData\\\\Microsoft\\\\Windows\\\\WER\\\\Temp\\\\WER.93c506a8-0029-469b-ac86-a3c4609fda1f.tmp.txt  \\\\\\\\?\\\\C:\\\\ProgramData\\\\Microsoft\\\\Windows\\\\WER\\\\Temp\\\\WER.654dda64-ab69-426c-a23c-e7c8fe7e4645.tmp.xml",
          "p4": "ffffca08e7fc3d70",
          "reportId": "9f90debc-192a-4ab4-b1d7-9bf07006de23",
          "p5": "0",
          "p6": "10_0_26200",
          "p7": "0_0",
          "p8": "256_1",
          "reportStatus": "2049",
          "storePath": "\\\\\\\\?\\\\C:\\\\ProgramData\\\\Microsoft\\\\Windows\\\\WER\\\\ReportQueue\\\\Kernel_193_1f15d477132d7e5cb4d7ebe7ce9bea6ffa3ebd27_00000000_9f90debc-192a-4ab4-b1d7-9bf07006de23",
          "bucketType": "0",
          "response": "Nicht verfügbar",
          "eventName": "LiveKernelEvent",
          "cabGuid": "0",
          "cabId": "0"
        },
        "system": {
          "eventID": "1001",
          "keywords": "0x8000000000000000",
          "providerGuid": "{0ead09bd-2157-539a-8d6d-c87f95b64d70}",
          "level": "4",
          "channel": "Application",
          "opcode": "0",
          "message": "\"Fehlerbucket , Typ 0\r\nEreignisname: LiveKernelEvent\r\nAntwort: Nicht verfügbar\r\nCAB-Datei-ID: 0\r\n\r\nProblemsignatur:\r\nP1: 193\r\nP2: 80e\r\nP3: ffff808d38c4e0c0\r\nP4: ffffca08e7fc3d70\r\nP5: 0\r\nP6: 10_0_26200\r\nP7: 0_0\r\nP8: 256_1\r\nP9: \r\nP10: \r\n\r\nAngefügte Dateien:\r\n\\\\?\\C:\\WINDOWS\\LiveKernelReports\\WATCHDOG\\WATCHDOG-20260526-0650.dmp\r\n\\\\?\\C:\\WINDOWS\\SystemTemp\\WER-2987953-0.sysdata.xml\r\n\\\\?\\C:\\ProgramData\\Microsoft\\Windows\\WER\\Temp\\WER.deda2489-4175-4ceb-8753-f31ad3e52085.tmp.WERInternalMetadata.xml\r\n\\\\?\\C:\\ProgramData\\Microsoft\\Windows\\WER\\Temp\\WER.e3e91181-421b-4237-b87f-529e97df7f1f.tmp.csv\r\n\\\\?\\C:\\ProgramData\\Microsoft\\Windows\\WER\\Temp\\WER.93c506a8-0029-469b-ac86-a3c4609fda1f.tmp.txt\r\n\\\\?\\C:\\ProgramData\\Microsoft\\Windows\\WER\\Temp\\WER.654dda64-ab69-426c-a23c-e7c8fe7e4645.tmp.xml\r\n\r\nDiese Dateien befinden sich möglicherweise hier:\r\n\\\\?\\C:\\ProgramData\\Microsoft\\Windows\\WER\\ReportQueue\\Kernel_193_1f15d477132d7e5cb4d7ebe7ce9bea6ffa3ebd27_00000000_9f90debc-192a-4ab4-b1d7-9bf07006de23\r\n\r\nAnalysesymbol: \r\nEs wird erneut nach einer Lösung gesucht: 0\r\nBerichts-ID: 9f90debc-192a-4ab4-b1d7-9bf07006de23\r\nBerichtstatus: 2049\r\nBucket mit Hash: \r\nCAB-Datei-Guid: 0\"",
          "version": "0",
          "systemTime": "2026-05-26T04:50:40.1278289Z",
          "eventRecordID": "172706",
          "threadID": "9680",
          "computer": "SW-Norman.arzw.local",
          "task": "0",
          "processID": "2748",
          "severityValue": "INFORMATION",
          "providerName": "Windows Error Reporting"
        }
      }
    },
    "rule": {
      "firedtimes": 37,
      "mail": false,
      "level": 4,
      "description": "Summary event of the report's signatures.",
      "groups": [
        "windows",
        "windows_application"
      ],
      "id": "60608"
    },
    "location": "EventChannel",
    "decoder": {
      "name": "windows_eventchannel"
    },
    "id": "1779771041.5345341",
    "timestamp": "2026-05-26T04:50:41.028+0000"
  },
  {
    "input": {
      "type": "log"
    },
    "agent": {
      "ip": "10.0.139.214",
      "name": "SW-Norman",
      "id": "085"
    },
    "manager": {
      "name": "wazuh.manager"
    },
    "data": {
      "win": {
        "eventdata": {
          "p1": "193",
          "p2": "80e",
          "rechecking": "0",
          "p3": "ffff9c07f4bf1080",
          "attachedFiles": "  \\\\\\\\?\\\\C:\\\\WINDOWS\\\\LiveKernelReports\\\\WATCHDOG\\\\WATCHDOG-20260423-1136.dmp  \\\\\\\\?\\\\C:\\\\WINDOWS\\\\SystemTemp\\\\WER-3770421-0.sysdata.xml  \\\\\\\\?\\\\C:\\\\ProgramData\\\\Microsoft\\\\Windows\\\\WER\\\\Temp\\\\WER.65d55ba5-ef81-4006-b314-1343a30817d4.tmp.WERInternalMetadata.xml  \\\\\\\\?\\\\C:\\\\ProgramData\\\\Microsoft\\\\Windows\\\\WER\\\\Temp\\\\WER.6dfc2f00-d005-4fdc-b978-e5ef8bace031.tmp.csv  \\\\\\\\?\\\\C:\\\\ProgramData\\\\Microsoft\\\\Windows\\\\WER\\\\Temp\\\\WER.752fa039-f7ab-42d4-8040-2c5d8d9b2c9d.tmp.txt  \\\\\\\\?\\\\C:\\\\ProgramData\\\\Microsoft\\\\Windows\\\\WER\\\\Temp\\\\WER.5a153da6-708e-4e66-8a63-2ce5e3b4ab1b.tmp.xml",
          "p4": "ffff8402c1f1bd70",
          "reportId": "65519e32-2d6b-48d5-8642-e5c4c80f1da0",
          "p5": "0",
          "p6": "10_0_26200",
          "p7": "0_0",
          "p8": "256_1",
          "reportStatus": "2051",
          "storePath": "\\\\\\\\?\\\\C:\\\\ProgramData\\\\Microsoft\\\\Windows\\\\WER\\\\ReportQueue\\\\Kernel_193_80582d7cc4f962d8d432131cd25fa99a3c425144_00000000_65519e32-2d6b-48d5-8642-e5c4c80f1da0",
          "bucketType": "0",
          "response": "Nicht verfügbar",
          "eventName": "LiveKernelEvent",
          "cabGuid": "0",
          "cabId": "0"
        },
        "system": {
          "eventID": "1001",
          "keywords": "0x8000000000000000",
          "providerGuid": "{0ead09bd-2157-539a-8d6d-c87f95b64d70}",
          "level": "4",
          "channel": "Application",
          "opcode": "0",
          "message": "\"Fehlerbucket , Typ 0\r\nEreignisname: LiveKernelEvent\r\nAntwort: Nicht verfügbar\r\nCAB-Datei-ID: 0\r\n\r\nProblemsignatur:\r\nP1: 193\r\nP2: 80e\r\nP3: ffff9c07f4bf1080\r\nP4: ffff8402c1f1bd70\r\nP5: 0\r\nP6: 10_0_26200\r\nP7: 0_0\r\nP8: 256_1\r\nP9: \r\nP10: \r\n\r\nAngefügte Dateien:\r\n\\\\?\\C:\\WINDOWS\\LiveKernelReports\\WATCHDOG\\WATCHDOG-20260423-1136.dmp\r\n\\\\?\\C:\\WINDOWS\\SystemTemp\\WER-3770421-0.sysdata.xml\r\n\\\\?\\C:\\ProgramData\\Microsoft\\Windows\\WER\\Temp\\WER.65d55ba5-ef81-4006-b314-1343a30817d4.tmp.WERInternalMetadata.xml\r\n\\\\?\\C:\\ProgramData\\Microsoft\\Windows\\WER\\Temp\\WER.6dfc2f00-d005-4fdc-b978-e5ef8bace031.tmp.csv\r\n\\\\?\\C:\\ProgramData\\Microsoft\\Windows\\WER\\Temp\\WER.752fa039-f7ab-42d4-8040-2c5d8d9b2c9d.tmp.txt\r\n\\\\?\\C:\\ProgramData\\Microsoft\\Windows\\WER\\Temp\\WER.5a153da6-708e-4e66-8a63-2ce5e3b4ab1b.tmp.xml\r\n\r\nDiese Dateien befinden sich möglicherweise hier:\r\n\\\\?\\C:\\ProgramData\\Microsoft\\Windows\\WER\\ReportQueue\\Kernel_193_80582d7cc4f962d8d432131cd25fa99a3c425144_00000000_65519e32-2d6b-48d5-8642-e5c4c80f1da0\r\n\r\nAnalysesymbol: \r\nEs wird erneut nach einer Lösung gesucht: 0\r\nBerichts-ID: 65519e32-2d6b-48d5-8642-e5c4c80f1da0\r\nBerichtstatus: 2051\r\nBucket mit Hash: \r\nCAB-Datei-Guid: 0\"",
          "version": "0",
          "systemTime": "2026-05-26T04:50:40.0670411Z",
          "eventRecordID": "172704",
          "threadID": "9680",
          "computer": "SW-Norman.arzw.local",
          "task": "0",
          "processID": "2748",
          "severityValue": "INFORMATION",
          "providerName": "Windows Error Reporting"
        }
      }
    },
    "rule": {
      "firedtimes": 35,
      "mail": false,
      "level": 4,
      "description": "Summary event of the report's signatures.",
      "groups": [
        "windows",
        "windows_application"
      ],
      "id": "60608"
    },
    "location": "EventChannel",
    "decoder": {
      "name": "windows_eventchannel"
    },
    "id": "1779771041.5333177",
    "timestamp": "2026-05-26T04:50:41.026+0000"
  },
  {
    "input": {
      "type": "log"
    },
    "agent": {
      "ip": "10.0.139.214",
      "name": "SW-Norman",
      "id": "085"
    },
    "manager": {
      "name": "wazuh.manager"
    },
    "data": {
      "win": {
        "eventdata": {
          "p1": "193",
          "p2": "80e",
          "rechecking": "0",
          "p3": "ffffa70bfa4ea080",
          "attachedFiles": "  \\\\\\\\?\\\\C:\\\\WINDOWS\\\\LiveKernelReports\\\\WATCHDOG\\\\WATCHDOG-20260302-0954.dmp  \\\\\\\\?\\\\C:\\\\WINDOWS\\\\SystemTemp\\\\WER-173867718-0.sysdata.xml  \\\\\\\\?\\\\C:\\\\ProgramData\\\\Microsoft\\\\Windows\\\\WER\\\\Temp\\\\WER.117e88a5-076b-4284-9e83-1794d077cb05.tmp.WERInternalMetadata.xml  \\\\\\\\?\\\\C:\\\\ProgramData\\\\Microsoft\\\\Windows\\\\WER\\\\Temp\\\\WER.18794577-445e-4b4e-9a65-40991df42614.tmp.csv  \\\\\\\\?\\\\C:\\\\ProgramData\\\\Microsoft\\\\Windows\\\\WER\\\\Temp\\\\WER.d260da55-3a2c-4dc9-a4f9-2ec945a42b5e.tmp.txt  \\\\\\\\?\\\\C:\\\\ProgramData\\\\Microsoft\\\\Windows\\\\WER\\\\Temp\\\\WER.682694b8-36c3-407b-bafb-c08284f37481.tmp.xml",
          "p4": "ffff808e27ea44e0",
          "reportId": "1e003b01-1182-42b9-bc16-1b7009caed84",
          "p5": "0",
          "p6": "10_0_26200",
          "p7": "0_0",
          "p8": "256_1",
          "reportStatus": "2051",
          "storePath": "\\\\\\\\?\\\\C:\\\\ProgramData\\\\Microsoft\\\\Windows\\\\WER\\\\ReportQueue\\\\Kernel_193_eb3e45e48fd4612f487d5a429522ab86a503fcc_00000000_1e003b01-1182-42b9-bc16-1b7009caed84",
          "bucketType": "0",
          "response": "Nicht verfügbar",
          "eventName": "LiveKernelEvent",
          "cabGuid": "0",
          "cabId": "0"
        },
        "system": {
          "eventID": "1001",
          "keywords": "0x8000000000000000",
          "providerGuid": "{0ead09bd-2157-539a-8d6d-c87f95b64d70}",
          "level": "4",
          "channel": "Application",
          "opcode": "0",
          "message": "\"Fehlerbucket , Typ 0\r\nEreignisname: LiveKernelEvent\r\nAntwort: Nicht verfügbar\r\nCAB-Datei-ID: 0\r\n\r\nProblemsignatur:\r\nP1: 193\r\nP2: 80e\r\nP3: ffffa70bfa4ea080\r\nP4: ffff808e27ea44e0\r\nP5: 0\r\nP6: 10_0_26200\r\nP7: 0_0\r\nP8: 256_1\r\nP9: \r\nP10: \r\n\r\nAngefügte Dateien:\r\n\\\\?\\C:\\WINDOWS\\LiveKernelReports\\WATCHDOG\\WATCHDOG-20260302-0954.dmp\r\n\\\\?\\C:\\WINDOWS\\SystemTemp\\WER-173867718-0.sysdata.xml\r\n\\\\?\\C:\\ProgramData\\Microsoft\\Windows\\WER\\Temp\\WER.117e88a5-076b-4284-9e83-1794d077cb05.tmp.WERInternalMetadata.xml\r\n\\\\?\\C:\\ProgramData\\Microsoft\\Windows\\WER\\Temp\\WER.18794577-445e-4b4e-9a65-40991df42614.tmp.csv\r\n\\\\?\\C:\\ProgramData\\Microsoft\\Windows\\WER\\Temp\\WER.d260da55-3a2c-4dc9-a4f9-2ec945a42b5e.tmp.txt\r\n\\\\?\\C:\\ProgramData\\Microsoft\\Windows\\WER\\Temp\\WER.682694b8-36c3-407b-bafb-c08284f37481.tmp.xml\r\n\r\nDiese Dateien befinden sich möglicherweise hier:\r\n\\\\?\\C:\\ProgramData\\Microsoft\\Windows\\WER\\ReportQueue\\Kernel_193_eb3e45e48fd4612f487d5a429522ab86a503fcc_00000000_1e003b01-1182-42b9-bc16-1b7009caed84\r\n\r\nAnalysesymbol: \r\nEs wird erneut nach einer Lösung gesucht: 0\r\nBerichts-ID: 1e003b01-1182-42b9-bc16-1b7009caed84\r\nBerichtstatus: 2051\r\nBucket mit Hash: \r\nCAB-Datei-Guid: 0\"",
          "version": "0",
          "systemTime": "2026-05-26T04:50:40.0393830Z",
          "eventRecordID": "172703",
          "threadID": "9680",
          "computer": "SW-Norman.arzw.local",
          "task": "0",
          "processID": "2748",
          "severityValue": "INFORMATION",
          "providerName": "Windows Error Reporting"
        }
      }
    },
    "rule": {
      "firedtimes": 34,
      "mail": false,
      "level": 4,
      "description": "Summary event of the report's signatures.",
      "groups": [
        "windows",
        "windows_application"
      ],
      "id": "60608"
    },
    "location": "EventChannel",
    "decoder": {
      "name": "windows_eventchannel"
    },
    "id": "1779771041.5327089",
    "timestamp": "2026-05-26T04:50:41.026+0000"
  },
  {
    "input": {
      "type": "log"
    },
    "agent": {
      "ip": "10.0.139.214",
      "name": "SW-Norman",
      "id": "085"
    },
    "manager": {
      "name": "wazuh.manager"
    },
    "data": {
      "win": {
        "eventdata": {
          "p1": "193",
          "p2": "80e",
          "rechecking": "0",
          "p3": "ffff808d38c4e0c0",
          "attachedFiles": "  \\\\\\\\?\\\\C:\\\\WINDOWS\\\\LiveKernelReports\\\\WATCHDOG\\\\WATCHDOG-20260526-0650.dmp  \\\\\\\\?\\\\C:\\\\WINDOWS\\\\SystemTemp\\\\WER-2987953-0.sysdata.xml  \\\\\\\\?\\\\C:\\\\ProgramData\\\\Microsoft\\\\Windows\\\\WER\\\\Temp\\\\WER.deda2489-4175-4ceb-8753-f31ad3e52085.tmp.WERInternalMetadata.xml  \\\\\\\\?\\\\C:\\\\ProgramData\\\\Microsoft\\\\Windows\\\\WER\\\\Temp\\\\WER.e3e91181-421b-4237-b87f-529e97df7f1f.tmp.csv  \\\\\\\\?\\\\C:\\\\ProgramData\\\\Microsoft\\\\Windows\\\\WER\\\\Temp\\\\WER.93c506a8-0029-469b-ac86-a3c4609fda1f.tmp.txt  \\\\\\\\?\\\\C:\\\\ProgramData\\\\Microsoft\\\\Windows\\\\WER\\\\Temp\\\\WER.654dda64-ab69-426c-a23c-e7c8fe7e4645.tmp.xml",
          "p4": "ffffca08e7fc3d70",
          "reportId": "9f90debc-192a-4ab4-b1d7-9bf07006de23",
          "p5": "0",
          "p6": "10_0_26200",
          "p7": "0_0",
          "p8": "256_1",
          "reportStatus": "4",
          "storePath": "\\\\\\\\?\\\\C:\\\\ProgramData\\\\Microsoft\\\\Windows\\\\WER\\\\ReportQueue\\\\Kernel_193_1f15d477132d7e5cb4d7ebe7ce9bea6ffa3ebd27_00000000_9f90debc-192a-4ab4-b1d7-9bf07006de23",
          "bucketType": "0",
          "response": "Nicht verfügbar",
          "eventName": "LiveKernelEvent",
          "cabGuid": "0",
          "cabId": "0"
        },
        "system": {
          "eventID": "1001",
          "keywords": "0x8000000000000000",
          "providerGuid": "{0ead09bd-2157-539a-8d6d-c87f95b64d70}",
          "level": "4",
          "channel": "Application",
          "opcode": "0",
          "message": "\"Fehlerbucket , Typ 0\r\nEreignisname: LiveKernelEvent\r\nAntwort: Nicht verfügbar\r\nCAB-Datei-ID: 0\r\n\r\nProblemsignatur:\r\nP1: 193\r\nP2: 80e\r\nP3: ffff808d38c4e0c0\r\nP4: ffffca08e7fc3d70\r\nP5: 0\r\nP6: 10_0_26200\r\nP7: 0_0\r\nP8: 256_1\r\nP9: \r\nP10: \r\n\r\nAngefügte Dateien:\r\n\\\\?\\C:\\WINDOWS\\LiveKernelReports\\WATCHDOG\\WATCHDOG-20260526-0650.dmp\r\n\\\\?\\C:\\WINDOWS\\SystemTemp\\WER-2987953-0.sysdata.xml\r\n\\\\?\\C:\\ProgramData\\Microsoft\\Windows\\WER\\Temp\\WER.deda2489-4175-4ceb-8753-f31ad3e52085.tmp.WERInternalMetadata.xml\r\n\\\\?\\C:\\ProgramData\\Microsoft\\Windows\\WER\\Temp\\WER.e3e91181-421b-4237-b87f-529e97df7f1f.tmp.csv\r\n\\\\?\\C:\\ProgramData\\Microsoft\\Windows\\WER\\Temp\\WER.93c506a8-0029-469b-ac86-a3c4609fda1f.tmp.txt\r\n\\\\?\\C:\\ProgramData\\Microsoft\\Windows\\WER\\Temp\\WER.654dda64-ab69-426c-a23c-e7c8fe7e4645.tmp.xml\r\n\r\nDiese Dateien befinden sich möglicherweise hier:\r\n\\\\?\\C:\\ProgramData\\Microsoft\\Windows\\WER\\ReportQueue\\Kernel_193_1f15d477132d7e5cb4d7ebe7ce9bea6ffa3ebd27_00000000_9f90debc-192a-4ab4-b1d7-9bf07006de23\r\n\r\nAnalysesymbol: \r\nEs wird erneut nach einer Lösung gesucht: 0\r\nBerichts-ID: 9f90debc-192a-4ab4-b1d7-9bf07006de23\r\nBerichtstatus: 4\r\nBucket mit Hash: \r\nCAB-Datei-Guid: 0\"",
          "version": "0",
          "systemTime": "2026-05-26T04:50:39.9791414Z",
          "eventRecordID": "172702",
          "threadID": "6512",
          "computer": "SW-Norman.arzw.local",
          "task": "0",
          "processID": "17128",
          "severityValue": "INFORMATION",
          "providerName": "Windows Error Reporting"
        }
      }
    },
    "rule": {
      "firedtimes": 33,
      "mail": false,
      "level": 4,
      "description": "Summary event of the report's signatures.",
      "groups": [
        "windows",
        "windows_application"
      ],
      "id": "60608"
    },
    "location": "EventChannel",
    "decoder": {
      "name": "windows_eventchannel"
    },
    "id": "1779771041.5321015",
    "timestamp": "2026-05-26T04:50:41.023+0000"
  },
