  {
    "input": {
      "type": "log"
    },
    "agent": {
      "ip": "10.0.139.214",
      "name": "SW-Norman",
      "id": "085"
    },
    "manager": {
      "name": "wazuh.manager"
    },
    "data": {
      "win": {
        "eventdata": {
          "subjectLogonId": "0x3e7",
          "subjectDomainName": "ARZW",
          "targetLinkedLogonId": "0x103b45",
          "impersonationLevel": "%%1833",
          "ipAddress": "127.0.0.1",
          "authenticationPackageName": "Negotiate",
          "workstationName": "SW-NORMAN",
          "targetLogonId": "0x103a2e",
          "logonProcessName": "User32",
          "logonGuid": "{00000000-0000-0000-0000-000000000000}",
          "targetUserName": "n.sittig",
          "keyLength": "0",
          "elevatedToken": "%%1842",
          "subjectUserSid": "S-1-5-18",
          "processId": "0xb84",
          "processName": "C:\\\\Windows\\\\System32\\\\svchost.exe",
          "ipPort": "0",
          "targetDomainName": "ARZW",
          "targetUserSid": "S-1-5-21-228770904-35461013-1130905197-2670",
          "virtualAccount": "%%1843",
          "logonType": "11",
          "subjectUserName": "SW-NORMAN$"
        },
        "system": {
          "eventID": "4624",
          "keywords": "0x8020000000000000",
          "providerGuid": "{54849625-5478-4994-a5ba-3e3b0328c30d}",
          "level": "0",
          "channel": "Security",
          "opcode": "0",
          "message": "\"Ein Konto wurde erfolgreich angemeldet.\r\n\r\nAntragsteller:\r\n\tSicherheits-ID:\t\tS-1-5-18\r\n\tKontoname:\t\tSW-NORMAN$\r\n\tKontodomäne:\t\tARZW\r\n\tAnmelde-ID:\t\t0x3E7\r\n\r\nAnmeldeinformationen:\r\n\tAnmeldetyp:\t\t11\r\n\tEingeschränkter Administratormodus:\t-\r\n\tRemote Credential Guard:\t-\r\n\tVirtuelles Konto:\t\tNein\r\n\tToken mit erhöhten Rechten:\t\tJa\r\n\r\nIdentitätswechselebene:\t\tIdentitätswechsel\r\n\r\nNeue Anmeldung:\r\n\tSicherheits-ID:\t\tS-1-5-21-228770904-35461013-1130905197-2670\r\n\tKontoname:\t\tn.sittig\r\n\tKontodomäne:\t\tARZW\r\n\tAnmelde-ID:\t\t0x103A2E\r\n\tVerknüpfte Anmelde-ID:\t\t0x103B45\r\n\tNetzwerk-Kontoname:\t-\r\n\tNetzwerk-Kontodomäne:\t-\r\n\tAnmelde-GUID:\t\t{00000000-0000-0000-0000-000000000000}\r\n\r\nProzessinformationen:\r\n\tProzess-ID:\t\t0xb84\r\n\tProzessname:\t\tC:\\Windows\\System32\\svchost.exe\r\n\r\nNetzwerkinformationen:\r\n\tArbeitsstationsname:\tSW-NORMAN\r\n\tQuellnetzwerkadresse:\t127.0.0.1\r\n\tQuellport:\t\t0\r\n\r\nDetaillierte Authentifizierungsinformationen:\r\n\tAnmeldeprozess:\t\tUser32 \r\n\tAuthentifizierungspaket:\tNegotiate\r\n\tÜbertragene Dienste:\t-\r\n\tPaketname (nur NTLM):\t-\r\n\tSchlüssellänge:\t\t0\r\n\r\nDieses Ereignis wird beim Erstellen einer Anmeldesitzung generiert. Es wird auf dem Computer generiert, auf den zugegriffen wurde.\r\n\r\nDie Antragstellerfelder geben das Konto auf dem lokalen System an, von dem die Anmeldung angefordert wurde. Dies ist meistens ein Dienst wie der Serverdienst oder ein lokaler Prozess wie Winlogon.exe oder Services.exe.\r\n\r\nDas Anmeldetypfeld gibt den jeweiligen Anmeldetyp an. Die häufigsten Typen sind 2 (interaktiv) und 3 (Netzwerk).\r\n\r\nDie Felder für die neue Anmeldung geben das Konto an, für das die neue Anmeldung erstellt wurde, d. h. das angemeldete Konto.\r\n\r\nDie Netzwerkfelder geben den Ursprung einer Remoteanmeldeanforderung an. Der Arbeitsstationsname ist nicht immer verfügbar und kann in manchen Fällen leer bleiben.\r\n\r\nDas Feld für die Identitätswechselebene gibt an, in welchem Umfang ein Prozess in der Anmeldesitzung einen Identitätswechsel vornehmen kann.\r\n\r\nDie Felder für die Authentifizierungsinformationen enthalten detaillierte Informationen zu dieser spezifische Anmeldeanforderung.\r\n\t– Die Anmelde-GUID ist ein eindeutiger Bezeichner, der verwendet werden kann, um dieses Ereignis mit einem KDC-Ereignis zu korrelieren.\r\n\t– Die übertragenen Dienste geben an, welche Zwischendienste an der Anmeldeanforderung beteiligt waren.\r\n\t– Der Paketname gibt das in den NTLM-Protokollen verwendete Unterprotokoll an.\r\n\t– Die Schlüssellänge gibt die Länge des generierten Sitzungsschlüssels an. Wenn kein Sitzungsschlüssel angefordert wurde, ist dieser Wert 0.\"",
          "version": "3",
          "systemTime": "2026-05-26T04:01:22.4154930Z",
          "eventRecordID": "543400",
          "threadID": "1708",
          "computer": "SW-Norman.arzw.local",
          "task": "12544",
          "processID": "1612",
          "severityValue": "AUDIT_SUCCESS",
          "providerName": "Microsoft-Windows-Security-Auditing"
        }
      }
    },
    "rule": {
      "firedtimes": 1,
      "mail": false,
      "level": 3,
      "description": "Non network or service local logon.",
      "groups": [
        "windows",
        " WEF"
      ],
      "id": "67022"
    },
    "location": "EventChannel",
    "decoder": {
      "name": "windows_eventchannel"
    },
    "id": "1779769149.3735068",
    "timestamp": "2026-05-26T04:19:09.100+0000"
  },
  {
    "input": {
      "type": "log"
    },
    "agent": {
      "ip": "10.0.139.214",
      "name": "SW-Norman",
      "id": "085"
    },
    "manager": {
      "name": "wazuh.manager"
    },
    "data": {
      "win": {
        "eventdata": {
          "p1": "193",
          "p2": "80e",
          "rechecking": "0",
          "p3": "ffffb783312ad080",
          "attachedFiles": "  \\\\\\\\?\\\\C:\\\\WINDOWS\\\\LiveKernelReports\\\\WATCHDOG\\\\WATCHDOG-20260505-0711.dmp  \\\\\\\\?\\\\C:\\\\WINDOWS\\\\SystemTemp\\\\WER-44657953-0.sysdata.xml  \\\\\\\\?\\\\C:\\\\ProgramData\\\\Microsoft\\\\Windows\\\\WER\\\\Temp\\\\WER.7e296fc1-5862-44ce-801d-ec862999b600.tmp.WERInternalMetadata.xml  \\\\\\\\?\\\\C:\\\\ProgramData\\\\Microsoft\\\\Windows\\\\WER\\\\Temp\\\\WER.2a669604-bc3d-4435-b746-8ed48a89c0ae.tmp.csv  \\\\\\\\?\\\\C:\\\\ProgramData\\\\Microsoft\\\\Windows\\\\WER\\\\Temp\\\\WER.22741a9f-e060-40f4-a12d-9c970f99b846.tmp.txt  \\\\\\\\?\\\\C:\\\\ProgramData\\\\Microsoft\\\\Windows\\\\WER\\\\Temp\\\\WER.0fa24df3-1748-429a-b2a5-14d5b40e98b8.tmp.xml",
          "p4": "ffffa70ba9de59d0",
          "reportId": "e22bac24-4349-46c1-bf6e-428a53b38918",
          "p5": "0",
          "p6": "10_0_26200",
          "p7": "0_0",
          "p8": "256_1",
          "reportStatus": "2051",
          "storePath": "\\\\\\\\?\\\\C:\\\\ProgramData\\\\Microsoft\\\\Windows\\\\WER\\\\ReportQueue\\\\Kernel_193_2b134bb68545f7559bb5ceebeb961e85af218b_00000000_e22bac24-4349-46c1-bf6e-428a53b38918",
          "bucketType": "0",
          "response": "Nicht verfügbar",
          "eventName": "LiveKernelEvent",
          "cabGuid": "0",
          "cabId": "0"
        },
        "system": {
          "eventID": "1001",
          "keywords": "0x8000000000000000",
          "providerGuid": "{0ead09bd-2157-539a-8d6d-c87f95b64d70}",
          "level": "4",
          "channel": "Application",
          "opcode": "0",
          "message": "\"Fehlerbucket , Typ 0\r\nEreignisname: LiveKernelEvent\r\nAntwort: Nicht verfügbar\r\nCAB-Datei-ID: 0\r\n\r\nProblemsignatur:\r\nP1: 193\r\nP2: 80e\r\nP3: ffffb783312ad080\r\nP4: ffffa70ba9de59d0\r\nP5: 0\r\nP6: 10_0_26200\r\nP7: 0_0\r\nP8: 256_1\r\nP9: \r\nP10: \r\n\r\nAngefügte Dateien:\r\n\\\\?\\C:\\WINDOWS\\LiveKernelReports\\WATCHDOG\\WATCHDOG-20260505-0711.dmp\r\n\\\\?\\C:\\WINDOWS\\SystemTemp\\WER-44657953-0.sysdata.xml\r\n\\\\?\\C:\\ProgramData\\Microsoft\\Windows\\WER\\Temp\\WER.7e296fc1-5862-44ce-801d-ec862999b600.tmp.WERInternalMetadata.xml\r\n\\\\?\\C:\\ProgramData\\Microsoft\\Windows\\WER\\Temp\\WER.2a669604-bc3d-4435-b746-8ed48a89c0ae.tmp.csv\r\n\\\\?\\C:\\ProgramData\\Microsoft\\Windows\\WER\\Temp\\WER.22741a9f-e060-40f4-a12d-9c970f99b846.tmp.txt\r\n\\\\?\\C:\\ProgramData\\Microsoft\\Windows\\WER\\Temp\\WER.0fa24df3-1748-429a-b2a5-14d5b40e98b8.tmp.xml\r\n\r\nDiese Dateien befinden sich möglicherweise hier:\r\n\\\\?\\C:\\ProgramData\\Microsoft\\Windows\\WER\\ReportQueue\\Kernel_193_2b134bb68545f7559bb5ceebeb961e85af218b_00000000_e22bac24-4349-46c1-bf6e-428a53b38918\r\n\r\nAnalysesymbol: \r\nEs wird erneut nach einer Lösung gesucht: 0\r\nBerichts-ID: e22bac24-4349-46c1-bf6e-428a53b38918\r\nBerichtstatus: 2051\r\nBucket mit Hash: \r\nCAB-Datei-Guid: 0\"",
          "version": "0",
          "systemTime": "2026-05-26T04:18:51.2632084Z",
          "eventRecordID": "172694",
          "threadID": "12424",
          "computer": "SW-Norman.arzw.local",
          "task": "0",
          "processID": "13424",
          "severityValue": "INFORMATION",
          "providerName": "Windows Error Reporting"
        }
      }
    },
    "rule": {
      "firedtimes": 22,
      "mail": false,
      "level": 4,
      "description": "Summary event of the report's signatures.",
      "groups": [
        "windows",
        "windows_application"
      ],
      "id": "60608"
    },
    "location": "EventChannel",
    "decoder": {
      "name": "windows_eventchannel"
    },
    "id": "1779769143.3727358",
    "timestamp": "2026-05-26T04:19:03.617+0000"
  },
  {
    "input": {
      "type": "log"
    },
    "agent": {
      "ip": "10.0.139.214",
      "name": "SW-Norman",
      "id": "085"
    },
    "manager": {
      "name": "wazuh.manager"
    },
    "data": {
      "win": {
        "eventdata": {
          "p1": "193",
          "p2": "80e",
          "rechecking": "0",
          "p3": "ffff9c07f4bf1080",
          "attachedFiles": "  \\\\\\\\?\\\\C:\\\\WINDOWS\\\\LiveKernelReports\\\\WATCHDOG\\\\WATCHDOG-20260423-1136.dmp  \\\\\\\\?\\\\C:\\\\WINDOWS\\\\SystemTemp\\\\WER-3770421-0.sysdata.xml  \\\\\\\\?\\\\C:\\\\ProgramData\\\\Microsoft\\\\Windows\\\\WER\\\\Temp\\\\WER.65d55ba5-ef81-4006-b314-1343a30817d4.tmp.WERInternalMetadata.xml  \\\\\\\\?\\\\C:\\\\ProgramData\\\\Microsoft\\\\Windows\\\\WER\\\\Temp\\\\WER.6dfc2f00-d005-4fdc-b978-e5ef8bace031.tmp.csv  \\\\\\\\?\\\\C:\\\\ProgramData\\\\Microsoft\\\\Windows\\\\WER\\\\Temp\\\\WER.752fa039-f7ab-42d4-8040-2c5d8d9b2c9d.tmp.txt  \\\\\\\\?\\\\C:\\\\ProgramData\\\\Microsoft\\\\Windows\\\\WER\\\\Temp\\\\WER.5a153da6-708e-4e66-8a63-2ce5e3b4ab1b.tmp.xml",
          "p4": "ffff8402c1f1bd70",
          "reportId": "65519e32-2d6b-48d5-8642-e5c4c80f1da0",
          "p5": "0",
          "p6": "10_0_26200",
          "p7": "0_0",
          "p8": "256_1",
          "reportStatus": "2051",
          "storePath": "\\\\\\\\?\\\\C:\\\\ProgramData\\\\Microsoft\\\\Windows\\\\WER\\\\ReportQueue\\\\Kernel_193_80582d7cc4f962d8d432131cd25fa99a3c425144_00000000_65519e32-2d6b-48d5-8642-e5c4c80f1da0",
          "bucketType": "0",
          "response": "Nicht verfügbar",
          "eventName": "LiveKernelEvent",
          "cabGuid": "0",
          "cabId": "0"
        },
        "system": {
          "eventID": "1001",
          "keywords": "0x8000000000000000",
          "providerGuid": "{0ead09bd-2157-539a-8d6d-c87f95b64d70}",
          "level": "4",
          "channel": "Application",
          "opcode": "0",
          "message": "\"Fehlerbucket , Typ 0\r\nEreignisname: LiveKernelEvent\r\nAntwort: Nicht verfügbar\r\nCAB-Datei-ID: 0\r\n\r\nProblemsignatur:\r\nP1: 193\r\nP2: 80e\r\nP3: ffff9c07f4bf1080\r\nP4: ffff8402c1f1bd70\r\nP5: 0\r\nP6: 10_0_26200\r\nP7: 0_0\r\nP8: 256_1\r\nP9: \r\nP10: \r\n\r\nAngefügte Dateien:\r\n\\\\?\\C:\\WINDOWS\\LiveKernelReports\\WATCHDOG\\WATCHDOG-20260423-1136.dmp\r\n\\\\?\\C:\\WINDOWS\\SystemTemp\\WER-3770421-0.sysdata.xml\r\n\\\\?\\C:\\ProgramData\\Microsoft\\Windows\\WER\\Temp\\WER.65d55ba5-ef81-4006-b314-1343a30817d4.tmp.WERInternalMetadata.xml\r\n\\\\?\\C:\\ProgramData\\Microsoft\\Windows\\WER\\Temp\\WER.6dfc2f00-d005-4fdc-b978-e5ef8bace031.tmp.csv\r\n\\\\?\\C:\\ProgramData\\Microsoft\\Windows\\WER\\Temp\\WER.752fa039-f7ab-42d4-8040-2c5d8d9b2c9d.tmp.txt\r\n\\\\?\\C:\\ProgramData\\Microsoft\\Windows\\WER\\Temp\\WER.5a153da6-708e-4e66-8a63-2ce5e3b4ab1b.tmp.xml\r\n\r\nDiese Dateien befinden sich möglicherweise hier:\r\n\\\\?\\C:\\ProgramData\\Microsoft\\Windows\\WER\\ReportQueue\\Kernel_193_80582d7cc4f962d8d432131cd25fa99a3c425144_00000000_65519e32-2d6b-48d5-8642-e5c4c80f1da0\r\n\r\nAnalysesymbol: \r\nEs wird erneut nach einer Lösung gesucht: 0\r\nBerichts-ID: 65519e32-2d6b-48d5-8642-e5c4c80f1da0\r\nBerichtstatus: 2051\r\nBucket mit Hash: \r\nCAB-Datei-Guid: 0\"",
          "version": "0",
          "systemTime": "2026-05-26T04:18:51.2311034Z",
          "eventRecordID": "172693",
          "threadID": "12424",
          "computer": "SW-Norman.arzw.local",
          "task": "0",
          "processID": "13424",
          "severityValue": "INFORMATION",
          "providerName": "Windows Error Reporting"
        }
      }
    },
    "rule": {
      "firedtimes": 21,
      "mail": false,
      "level": 4,
      "description": "Summary event of the report's signatures.",
      "groups": [
        "windows",
        "windows_application"
      ],
      "id": "60608"
    },
    "location": "EventChannel",
    "decoder": {
      "name": "windows_eventchannel"
    },
    "id": "1779769143.3721270",
    "timestamp": "2026-05-26T04:19:03.570+0000"
  },
  {
    "input": {
      "type": "log"
    },
    "agent": {
      "ip": "10.0.139.214",
      "name": "SW-Norman",
      "id": "085"
    },
    "manager": {
      "name": "wazuh.manager"
    },
    "data": {
      "win": {
        "eventdata": {
          "p1": "193",
          "p2": "80e",
          "rechecking": "0",
          "p3": "ffffa70bfa4ea080",
          "attachedFiles": "  \\\\\\\\?\\\\C:\\\\WINDOWS\\\\LiveKernelReports\\\\WATCHDOG\\\\WATCHDOG-20260302-0954.dmp  \\\\\\\\?\\\\C:\\\\WINDOWS\\\\SystemTemp\\\\WER-173867718-0.sysdata.xml  \\\\\\\\?\\\\C:\\\\ProgramData\\\\Microsoft\\\\Windows\\\\WER\\\\Temp\\\\WER.117e88a5-076b-4284-9e83-1794d077cb05.tmp.WERInternalMetadata.xml  \\\\\\\\?\\\\C:\\\\ProgramData\\\\Microsoft\\\\Windows\\\\WER\\\\Temp\\\\WER.18794577-445e-4b4e-9a65-40991df42614.tmp.csv  \\\\\\\\?\\\\C:\\\\ProgramData\\\\Microsoft\\\\Windows\\\\WER\\\\Temp\\\\WER.d260da55-3a2c-4dc9-a4f9-2ec945a42b5e.tmp.txt  \\\\\\\\?\\\\C:\\\\ProgramData\\\\Microsoft\\\\Windows\\\\WER\\\\Temp\\\\WER.682694b8-36c3-407b-bafb-c08284f37481.tmp.xml",
          "p4": "ffff808e27ea44e0",
          "reportId": "1e003b01-1182-42b9-bc16-1b7009caed84",
          "p5": "0",
          "p6": "10_0_26200",
          "p7": "0_0",
          "p8": "256_1",
          "reportStatus": "2051",
          "storePath": "\\\\\\\\?\\\\C:\\\\ProgramData\\\\Microsoft\\\\Windows\\\\WER\\\\ReportQueue\\\\Kernel_193_eb3e45e48fd4612f487d5a429522ab86a503fcc_00000000_1e003b01-1182-42b9-bc16-1b7009caed84",
          "bucketType": "0",
          "response": "Nicht verfügbar",
          "eventName": "LiveKernelEvent",
          "cabGuid": "0",
          "cabId": "0"
        },
        "system": {
          "eventID": "1001",
          "keywords": "0x8000000000000000",
          "providerGuid": "{0ead09bd-2157-539a-8d6d-c87f95b64d70}",
          "level": "4",
          "channel": "Application",
          "opcode": "0",
          "message": "\"Fehlerbucket , Typ 0\r\nEreignisname: LiveKernelEvent\r\nAntwort: Nicht verfügbar\r\nCAB-Datei-ID: 0\r\n\r\nProblemsignatur:\r\nP1: 193\r\nP2: 80e\r\nP3: ffffa70bfa4ea080\r\nP4: ffff808e27ea44e0\r\nP5: 0\r\nP6: 10_0_26200\r\nP7: 0_0\r\nP8: 256_1\r\nP9: \r\nP10: \r\n\r\nAngefügte Dateien:\r\n\\\\?\\C:\\WINDOWS\\LiveKernelReports\\WATCHDOG\\WATCHDOG-20260302-0954.dmp\r\n\\\\?\\C:\\WINDOWS\\SystemTemp\\WER-173867718-0.sysdata.xml\r\n\\\\?\\C:\\ProgramData\\Microsoft\\Windows\\WER\\Temp\\WER.117e88a5-076b-4284-9e83-1794d077cb05.tmp.WERInternalMetadata.xml\r\n\\\\?\\C:\\ProgramData\\Microsoft\\Windows\\WER\\Temp\\WER.18794577-445e-4b4e-9a65-40991df42614.tmp.csv\r\n\\\\?\\C:\\ProgramData\\Microsoft\\Windows\\WER\\Temp\\WER.d260da55-3a2c-4dc9-a4f9-2ec945a42b5e.tmp.txt\r\n\\\\?\\C:\\ProgramData\\Microsoft\\Windows\\WER\\Temp\\WER.682694b8-36c3-407b-bafb-c08284f37481.tmp.xml\r\n\r\nDiese Dateien befinden sich möglicherweise hier:\r\n\\\\?\\C:\\ProgramData\\Microsoft\\Windows\\WER\\ReportQueue\\Kernel_193_eb3e45e48fd4612f487d5a429522ab86a503fcc_00000000_1e003b01-1182-42b9-bc16-1b7009caed84\r\n\r\nAnalysesymbol: \r\nEs wird erneut nach einer Lösung gesucht: 0\r\nBerichts-ID: 1e003b01-1182-42b9-bc16-1b7009caed84\r\nBerichtstatus: 2051\r\nBucket mit Hash: \r\nCAB-Datei-Guid: 0\"",
          "version": "0",
          "systemTime": "2026-05-26T04:18:51.2005325Z",
          "eventRecordID": "172692",
          "threadID": "12424",
          "computer": "SW-Norman.arzw.local",
          "task": "0",
          "processID": "13424",
          "severityValue": "INFORMATION",
          "providerName": "Windows Error Reporting"
        }
      }
    },
    "rule": {
      "firedtimes": 20,
      "mail": false,
      "level": 4,
      "description": "Summary event of the report's signatures.",
      "groups": [
        "windows",
        "windows_application"
      ],
      "id": "60608"
    },
    "location": "EventChannel",
    "decoder": {
      "name": "windows_eventchannel"
    },
    "id": "1779769143.3715178",
    "timestamp": "2026-05-26T04:19:03.547+0000"
  },
  {
    "input": {
      "type": "log"
    },
    "agent": {
      "ip": "10.0.139.214",
      "name": "SW-Norman",
      "id": "085"
    },
    "manager": {
      "name": "wazuh.manager"
    },
    "data": {
      "win": {
        "eventdata": {
          "data": "2126-05-02T04:08:22Z, RulesEngine"
        },
        "system": {
          "eventID": "16384",
          "eventSourceName": "Software Protection Platform Service",
          "keywords": "0x80000000000000",
          "providerGuid": "{E23B33B0-C8C9-472C-A5F9-F2BDFEA0F156}",
          "level": "4",
          "channel": "Application",
          "opcode": "0",
          "message": "\"Der Softwareschutzdienst wurde erfolgreich für den erneuten Start bei 2126-05-02T04:08:22Z geplant. Grund: RulesEngine.\"",
          "version": "0",
          "systemTime": "2026-05-26T04:08:22.7683030Z",
          "eventRecordID": "172679",
          "threadID": "0",
          "computer": "SW-Norman.arzw.local",
          "task": "0",
          "processID": "9148",
          "severityValue": "INFORMATION",
          "providerName": "Microsoft-Windows-Security-SPP"
        }
      }
    },
    "rule": {
      "firedtimes": 37,
      "mail": false,
      "level": 3,
      "description": "Software protection service scheduled successfully.",
      "groups": [
        "windows",
        "windows_application"
      ],
      "id": "60642"
    },
    "location": "EventChannel",
    "decoder": {
      "name": "windows_eventchannel"
    },
    "id": "1779769143.3713547",
    "timestamp": "2026-05-26T04:19:03.161+0000"
  },
  {
    "input": {
      "type": "log"
    },
    "agent": {
      "ip": "10.0.139.214",
      "name": "SW-Norman",
      "id": "085"
    },
    "manager": {
      "name": "wazuh.manager"
    },
    "data": {
      "win": {
        "eventdata": {
          "p1": "193",
          "p2": "80e",
          "rechecking": "0",
          "p3": "ffffb783312ad080",
          "attachedFiles": "  \\\\\\\\?\\\\C:\\\\WINDOWS\\\\LiveKernelReports\\\\WATCHDOG\\\\WATCHDOG-20260505-0711.dmp  \\\\\\\\?\\\\C:\\\\WINDOWS\\\\SystemTemp\\\\WER-44657953-0.sysdata.xml  \\\\\\\\?\\\\C:\\\\ProgramData\\\\Microsoft\\\\Windows\\\\WER\\\\Temp\\\\WER.7e296fc1-5862-44ce-801d-ec862999b600.tmp.WERInternalMetadata.xml  \\\\\\\\?\\\\C:\\\\ProgramData\\\\Microsoft\\\\Windows\\\\WER\\\\Temp\\\\WER.2a669604-bc3d-4435-b746-8ed48a89c0ae.tmp.csv  \\\\\\\\?\\\\C:\\\\ProgramData\\\\Microsoft\\\\Windows\\\\WER\\\\Temp\\\\WER.22741a9f-e060-40f4-a12d-9c970f99b846.tmp.txt  \\\\\\\\?\\\\C:\\\\ProgramData\\\\Microsoft\\\\Windows\\\\WER\\\\Temp\\\\WER.0fa24df3-1748-429a-b2a5-14d5b40e98b8.tmp.xml",
          "p4": "ffffa70ba9de59d0",
          "reportId": "e22bac24-4349-46c1-bf6e-428a53b38918",
          "p5": "0",
          "p6": "10_0_26200",
          "p7": "0_0",
          "p8": "256_1",
          "reportStatus": "2051",
          "storePath": "\\\\\\\\?\\\\C:\\\\ProgramData\\\\Microsoft\\\\Windows\\\\WER\\\\ReportQueue\\\\Kernel_193_2b134bb68545f7559bb5ceebeb961e85af218b_00000000_e22bac24-4349-46c1-bf6e-428a53b38918",
          "bucketType": "0",
          "response": "Nicht verfügbar",
          "eventName": "LiveKernelEvent",
          "cabGuid": "0",
          "cabId": "0"
        },
        "system": {
          "eventID": "1001",
          "keywords": "0x8000000000000000",
          "providerGuid": "{0ead09bd-2157-539a-8d6d-c87f95b64d70}",
          "level": "4",
          "channel": "Application",
          "opcode": "0",
          "message": "\"Fehlerbucket , Typ 0\r\nEreignisname: LiveKernelEvent\r\nAntwort: Nicht verfügbar\r\nCAB-Datei-ID: 0\r\n\r\nProblemsignatur:\r\nP1: 193\r\nP2: 80e\r\nP3: ffffb783312ad080\r\nP4: ffffa70ba9de59d0\r\nP5: 0\r\nP6: 10_0_26200\r\nP7: 0_0\r\nP8: 256_1\r\nP9: \r\nP10: \r\n\r\nAngefügte Dateien:\r\n\\\\?\\C:\\WINDOWS\\LiveKernelReports\\WATCHDOG\\WATCHDOG-20260505-0711.dmp\r\n\\\\?\\C:\\WINDOWS\\SystemTemp\\WER-44657953-0.sysdata.xml\r\n\\\\?\\C:\\ProgramData\\Microsoft\\Windows\\WER\\Temp\\WER.7e296fc1-5862-44ce-801d-ec862999b600.tmp.WERInternalMetadata.xml\r\n\\\\?\\C:\\ProgramData\\Microsoft\\Windows\\WER\\Temp\\WER.2a669604-bc3d-4435-b746-8ed48a89c0ae.tmp.csv\r\n\\\\?\\C:\\ProgramData\\Microsoft\\Windows\\WER\\Temp\\WER.22741a9f-e060-40f4-a12d-9c970f99b846.tmp.txt\r\n\\\\?\\C:\\ProgramData\\Microsoft\\Windows\\WER\\Temp\\WER.0fa24df3-1748-429a-b2a5-14d5b40e98b8.tmp.xml\r\n\r\nDiese Dateien befinden sich möglicherweise hier:\r\n\\\\?\\C:\\ProgramData\\Microsoft\\Windows\\WER\\ReportQueue\\Kernel_193_2b134bb68545f7559bb5ceebeb961e85af218b_00000000_e22bac24-4349-46c1-bf6e-428a53b38918\r\n\r\nAnalysesymbol: \r\nEs wird erneut nach einer Lösung gesucht: 0\r\nBerichts-ID: e22bac24-4349-46c1-bf6e-428a53b38918\r\nBerichtstatus: 2051\r\nBucket mit Hash: \r\nCAB-Datei-Guid: 0\"",
          "version": "0",
          "systemTime": "2026-05-26T04:07:51.4216009Z",
          "eventRecordID": "172677",
          "threadID": "10632",
          "computer": "SW-Norman.arzw.local",
          "task": "0",
          "processID": "4556",
          "severityValue": "INFORMATION",
          "providerName": "Windows Error Reporting"
        }
      }
    },
    "rule": {
      "firedtimes": 19,
      "mail": false,
      "level": 4,
      "description": "Summary event of the report's signatures.",
      "groups": [
        "windows",
        "windows_application"
      ],
      "id": "60608"
    },
    "location": "EventChannel",
    "decoder": {
      "name": "windows_eventchannel"
    },
    "id": "1779769143.3707465",
    "timestamp": "2026-05-26T04:19:03.137+0000"
  },
  {
    "input": {
      "type": "log"
    },
    "agent": {
      "ip": "10.0.139.214",
      "name": "SW-Norman",
      "id": "085"
    },
    "manager": {
      "name": "wazuh.manager"
    },
    "data": {
      "win": {
        "eventdata": {
          "p1": "193",
          "p2": "80e",
          "rechecking": "0",
          "p3": "ffff9c07f4bf1080",
          "attachedFiles": "  \\\\\\\\?\\\\C:\\\\WINDOWS\\\\LiveKernelReports\\\\WATCHDOG\\\\WATCHDOG-20260423-1136.dmp  \\\\\\\\?\\\\C:\\\\WINDOWS\\\\SystemTemp\\\\WER-3770421-0.sysdata.xml  \\\\\\\\?\\\\C:\\\\ProgramData\\\\Microsoft\\\\Windows\\\\WER\\\\Temp\\\\WER.65d55ba5-ef81-4006-b314-1343a30817d4.tmp.WERInternalMetadata.xml  \\\\\\\\?\\\\C:\\\\ProgramData\\\\Microsoft\\\\Windows\\\\WER\\\\Temp\\\\WER.6dfc2f00-d005-4fdc-b978-e5ef8bace031.tmp.csv  \\\\\\\\?\\\\C:\\\\ProgramData\\\\Microsoft\\\\Windows\\\\WER\\\\Temp\\\\WER.752fa039-f7ab-42d4-8040-2c5d8d9b2c9d.tmp.txt  \\\\\\\\?\\\\C:\\\\ProgramData\\\\Microsoft\\\\Windows\\\\WER\\\\Temp\\\\WER.5a153da6-708e-4e66-8a63-2ce5e3b4ab1b.tmp.xml",
          "p4": "ffff8402c1f1bd70",
          "reportId": "65519e32-2d6b-48d5-8642-e5c4c80f1da0",
          "p5": "0",
          "p6": "10_0_26200",
          "p7": "0_0",
          "p8": "256_1",
          "reportStatus": "2051",
          "storePath": "\\\\\\\\?\\\\C:\\\\ProgramData\\\\Microsoft\\\\Windows\\\\WER\\\\ReportQueue\\\\Kernel_193_80582d7cc4f962d8d432131cd25fa99a3c425144_00000000_65519e32-2d6b-48d5-8642-e5c4c80f1da0",
          "bucketType": "0",
          "response": "Nicht verfügbar",
          "eventName": "LiveKernelEvent",
          "cabGuid": "0",
          "cabId": "0"
        },
        "system": {
          "eventID": "1001",
          "keywords": "0x8000000000000000",
          "providerGuid": "{0ead09bd-2157-539a-8d6d-c87f95b64d70}",
          "level": "4",
          "channel": "Application",
          "opcode": "0",
          "message": "\"Fehlerbucket , Typ 0\r\nEreignisname: LiveKernelEvent\r\nAntwort: Nicht verfügbar\r\nCAB-Datei-ID: 0\r\n\r\nProblemsignatur:\r\nP1: 193\r\nP2: 80e\r\nP3: ffff9c07f4bf1080\r\nP4: ffff8402c1f1bd70\r\nP5: 0\r\nP6: 10_0_26200\r\nP7: 0_0\r\nP8: 256_1\r\nP9: \r\nP10: \r\n\r\nAngefügte Dateien:\r\n\\\\?\\C:\\WINDOWS\\LiveKernelReports\\WATCHDOG\\WATCHDOG-20260423-1136.dmp\r\n\\\\?\\C:\\WINDOWS\\SystemTemp\\WER-3770421-0.sysdata.xml\r\n\\\\?\\C:\\ProgramData\\Microsoft\\Windows\\WER\\Temp\\WER.65d55ba5-ef81-4006-b314-1343a30817d4.tmp.WERInternalMetadata.xml\r\n\\\\?\\C:\\ProgramData\\Microsoft\\Windows\\WER\\Temp\\WER.6dfc2f00-d005-4fdc-b978-e5ef8bace031.tmp.csv\r\n\\\\?\\C:\\ProgramData\\Microsoft\\Windows\\WER\\Temp\\WER.752fa039-f7ab-42d4-8040-2c5d8d9b2c9d.tmp.txt\r\n\\\\?\\C:\\ProgramData\\Microsoft\\Windows\\WER\\Temp\\WER.5a153da6-708e-4e66-8a63-2ce5e3b4ab1b.tmp.xml\r\n\r\nDiese Dateien befinden sich möglicherweise hier:\r\n\\\\?\\C:\\ProgramData\\Microsoft\\Windows\\WER\\ReportQueue\\Kernel_193_80582d7cc4f962d8d432131cd25fa99a3c425144_00000000_65519e32-2d6b-48d5-8642-e5c4c80f1da0\r\n\r\nAnalysesymbol: \r\nEs wird erneut nach einer Lösung gesucht: 0\r\nBerichts-ID: 65519e32-2d6b-48d5-8642-e5c4c80f1da0\r\nBerichtstatus: 2051\r\nBucket mit Hash: \r\nCAB-Datei-Guid: 0\"",
          "version": "0",
          "systemTime": "2026-05-26T04:07:51.3396366Z",
          "eventRecordID": "172676",
          "threadID": "10632",
          "computer": "SW-Norman.arzw.local",
          "task": "0",
          "processID": "4556",
          "severityValue": "INFORMATION",
          "providerName": "Windows Error Reporting"
        }
      }
    },
    "rule": {
      "firedtimes": 18,
      "mail": false,
      "level": 4,
      "description": "Summary event of the report's signatures.",
      "groups": [
        "windows",
        "windows_application"
      ],
      "id": "60608"
    },
    "location": "EventChannel",
    "decoder": {
      "name": "windows_eventchannel"
    },
    "id": "1779769143.3701379",
    "timestamp": "2026-05-26T04:19:03.113+0000"
  },
  {
    "input": {
      "type": "log"
    },
    "agent": {
      "ip": "10.0.139.214",
      "name": "SW-Norman",
      "id": "085"
    },
    "manager": {
      "name": "wazuh.manager"
    },
    "data": {
      "win": {
        "eventdata": {
          "p1": "193",
          "p2": "80e",
          "rechecking": "0",
          "p3": "ffffa70bfa4ea080",
          "attachedFiles": "  \\\\\\\\?\\\\C:\\\\WINDOWS\\\\LiveKernelReports\\\\WATCHDOG\\\\WATCHDOG-20260302-0954.dmp  \\\\\\\\?\\\\C:\\\\WINDOWS\\\\SystemTemp\\\\WER-173867718-0.sysdata.xml  \\\\\\\\?\\\\C:\\\\ProgramData\\\\Microsoft\\\\Windows\\\\WER\\\\Temp\\\\WER.117e88a5-076b-4284-9e83-1794d077cb05.tmp.WERInternalMetadata.xml  \\\\\\\\?\\\\C:\\\\ProgramData\\\\Microsoft\\\\Windows\\\\WER\\\\Temp\\\\WER.18794577-445e-4b4e-9a65-40991df42614.tmp.csv  \\\\\\\\?\\\\C:\\\\ProgramData\\\\Microsoft\\\\Windows\\\\WER\\\\Temp\\\\WER.d260da55-3a2c-4dc9-a4f9-2ec945a42b5e.tmp.txt  \\\\\\\\?\\\\C:\\\\ProgramData\\\\Microsoft\\\\Windows\\\\WER\\\\Temp\\\\WER.682694b8-36c3-407b-bafb-c08284f37481.tmp.xml",
          "p4": "ffff808e27ea44e0",
          "reportId": "1e003b01-1182-42b9-bc16-1b7009caed84",
          "p5": "0",
          "p6": "10_0_26200",
          "p7": "0_0",
          "p8": "256_1",
          "reportStatus": "2051",
          "storePath": "\\\\\\\\?\\\\C:\\\\ProgramData\\\\Microsoft\\\\Windows\\\\WER\\\\ReportQueue\\\\Kernel_193_eb3e45e48fd4612f487d5a429522ab86a503fcc_00000000_1e003b01-1182-42b9-bc16-1b7009caed84",
          "bucketType": "0",
          "response": "Nicht verfügbar",
          "eventName": "LiveKernelEvent",
          "cabGuid": "0",
          "cabId": "0"
        },
        "system": {
          "eventID": "1001",
          "keywords": "0x8000000000000000",
          "providerGuid": "{0ead09bd-2157-539a-8d6d-c87f95b64d70}",
          "level": "4",
          "channel": "Application",
          "opcode": "0",
          "message": "\"Fehlerbucket , Typ 0\r\nEreignisname: LiveKernelEvent\r\nAntwort: Nicht verfügbar\r\nCAB-Datei-ID: 0\r\n\r\nProblemsignatur:\r\nP1: 193\r\nP2: 80e\r\nP3: ffffa70bfa4ea080\r\nP4: ffff808e27ea44e0\r\nP5: 0\r\nP6: 10_0_26200\r\nP7: 0_0\r\nP8: 256_1\r\nP9: \r\nP10: \r\n\r\nAngefügte Dateien:\r\n\\\\?\\C:\\WINDOWS\\LiveKernelReports\\WATCHDOG\\WATCHDOG-20260302-0954.dmp\r\n\\\\?\\C:\\WINDOWS\\SystemTemp\\WER-173867718-0.sysdata.xml\r\n\\\\?\\C:\\ProgramData\\Microsoft\\Windows\\WER\\Temp\\WER.117e88a5-076b-4284-9e83-1794d077cb05.tmp.WERInternalMetadata.xml\r\n\\\\?\\C:\\ProgramData\\Microsoft\\Windows\\WER\\Temp\\WER.18794577-445e-4b4e-9a65-40991df42614.tmp.csv\r\n\\\\?\\C:\\ProgramData\\Microsoft\\Windows\\WER\\Temp\\WER.d260da55-3a2c-4dc9-a4f9-2ec945a42b5e.tmp.txt\r\n\\\\?\\C:\\ProgramData\\Microsoft\\Windows\\WER\\Temp\\WER.682694b8-36c3-407b-bafb-c08284f37481.tmp.xml\r\n\r\nDiese Dateien befinden sich möglicherweise hier:\r\n\\\\?\\C:\\ProgramData\\Microsoft\\Windows\\WER\\ReportQueue\\Kernel_193_eb3e45e48fd4612f487d5a429522ab86a503fcc_00000000_1e003b01-1182-42b9-bc16-1b7009caed84\r\n\r\nAnalysesymbol: \r\nEs wird erneut nach einer Lösung gesucht: 0\r\nBerichts-ID: 1e003b01-1182-42b9-bc16-1b7009caed84\r\nBerichtstatus: 2051\r\nBucket mit Hash: \r\nCAB-Datei-Guid: 0\"",
          "version": "0",
          "systemTime": "2026-05-26T04:07:51.2646120Z",
          "eventRecordID": "172675",
          "threadID": "10632",
          "computer": "SW-Norman.arzw.local",
          "task": "0",
          "processID": "4556",
          "severityValue": "INFORMATION",
          "providerName": "Windows Error Reporting"
        }
      }
    },
    "rule": {
      "firedtimes": 17,
      "mail": false,
      "level": 4,
      "description": "Summary event of the report's signatures.",
      "groups": [
        "windows",
        "windows_application"
      ],
      "id": "60608"
    },
    "location": "EventChannel",
    "decoder": {
      "name": "windows_eventchannel"
    },
    "id": "1779769143.3695289",
    "timestamp": "2026-05-26T04:19:03.113+0000"
  },
  {
    "input": {
      "type": "log"
    },
    "agent": {
      "ip": "10.0.139.214",
      "name": "SW-Norman",
      "id": "085"
    },
    "manager": {
      "name": "wazuh.manager"
    },
    "data": {
      "win": {
        "eventdata": {
          "p1": "193",
          "p2": "80e",
          "rechecking": "0",
          "p3": "ffffb783312ad080",
          "attachedFiles": "  \\\\\\\\?\\\\C:\\\\WINDOWS\\\\LiveKernelReports\\\\WATCHDOG\\\\WATCHDOG-20260505-0711.dmp  \\\\\\\\?\\\\C:\\\\WINDOWS\\\\SystemTemp\\\\WER-44657953-0.sysdata.xml  \\\\\\\\?\\\\C:\\\\ProgramData\\\\Microsoft\\\\Windows\\\\WER\\\\Temp\\\\WER.7e296fc1-5862-44ce-801d-ec862999b600.tmp.WERInternalMetadata.xml  \\\\\\\\?\\\\C:\\\\ProgramData\\\\Microsoft\\\\Windows\\\\WER\\\\Temp\\\\WER.2a669604-bc3d-4435-b746-8ed48a89c0ae.tmp.csv  \\\\\\\\?\\\\C:\\\\ProgramData\\\\Microsoft\\\\Windows\\\\WER\\\\Temp\\\\WER.22741a9f-e060-40f4-a12d-9c970f99b846.tmp.txt  \\\\\\\\?\\\\C:\\\\ProgramData\\\\Microsoft\\\\Windows\\\\WER\\\\Temp\\\\WER.0fa24df3-1748-429a-b2a5-14d5b40e98b8.tmp.xml",
          "p4": "ffffa70ba9de59d0",
          "reportId": "e22bac24-4349-46c1-bf6e-428a53b38918",
          "p5": "0",
          "p6": "10_0_26200",
          "p7": "0_0",
          "p8": "256_1",
          "reportStatus": "2051",
          "storePath": "\\\\\\\\?\\\\C:\\\\ProgramData\\\\Microsoft\\\\Windows\\\\WER\\\\ReportQueue\\\\Kernel_193_2b134bb68545f7559bb5ceebeb961e85af218b_00000000_e22bac24-4349-46c1-bf6e-428a53b38918",
          "bucketType": "0",
          "response": "Nicht verfügbar",
          "eventName": "LiveKernelEvent",
          "cabGuid": "0",
          "cabId": "0"
        },
        "system": {
          "eventID": "1001",
          "keywords": "0x8000000000000000",
          "providerGuid": "{0ead09bd-2157-539a-8d6d-c87f95b64d70}",
          "level": "4",
          "channel": "Application",
          "opcode": "0",
          "message": "\"Fehlerbucket , Typ 0\r\nEreignisname: LiveKernelEvent\r\nAntwort: Nicht verfügbar\r\nCAB-Datei-ID: 0\r\n\r\nProblemsignatur:\r\nP1: 193\r\nP2: 80e\r\nP3: ffffb783312ad080\r\nP4: ffffa70ba9de59d0\r\nP5: 0\r\nP6: 10_0_26200\r\nP7: 0_0\r\nP8: 256_1\r\nP9: \r\nP10: \r\n\r\nAngefügte Dateien:\r\n\\\\?\\C:\\WINDOWS\\LiveKernelReports\\WATCHDOG\\WATCHDOG-20260505-0711.dmp\r\n\\\\?\\C:\\WINDOWS\\SystemTemp\\WER-44657953-0.sysdata.xml\r\n\\\\?\\C:\\ProgramData\\Microsoft\\Windows\\WER\\Temp\\WER.7e296fc1-5862-44ce-801d-ec862999b600.tmp.WERInternalMetadata.xml\r\n\\\\?\\C:\\ProgramData\\Microsoft\\Windows\\WER\\Temp\\WER.2a669604-bc3d-4435-b746-8ed48a89c0ae.tmp.csv\r\n\\\\?\\C:\\ProgramData\\Microsoft\\Windows\\WER\\Temp\\WER.22741a9f-e060-40f4-a12d-9c970f99b846.tmp.txt\r\n\\\\?\\C:\\ProgramData\\Microsoft\\Windows\\WER\\Temp\\WER.0fa24df3-1748-429a-b2a5-14d5b40e98b8.tmp.xml\r\n\r\nDiese Dateien befinden sich möglicherweise hier:\r\n\\\\?\\C:\\ProgramData\\Microsoft\\Windows\\WER\\ReportQueue\\Kernel_193_2b134bb68545f7559bb5ceebeb961e85af218b_00000000_e22bac24-4349-46c1-bf6e-428a53b38918\r\n\r\nAnalysesymbol: \r\nEs wird erneut nach einer Lösung gesucht: 0\r\nBerichts-ID: e22bac24-4349-46c1-bf6e-428a53b38918\r\nBerichtstatus: 2051\r\nBucket mit Hash: \r\nCAB-Datei-Guid: 0\"",
          "version": "0",
          "systemTime": "2026-05-26T04:04:08.0194074Z",
          "eventRecordID": "172674",
          "threadID": "13168",
          "computer": "SW-Norman.arzw.local",
          "task": "0",
          "processID": "11816",
          "severityValue": "INFORMATION",
          "providerName": "Windows Error Reporting"
        }
      }
    },
    "rule": {
      "firedtimes": 16,
      "mail": false,
      "level": 4,
      "description": "Summary event of the report's signatures.",
      "groups": [
        "windows",
        "windows_application"
      ],
      "id": "60608"
    },
    "location": "EventChannel",
    "decoder": {
      "name": "windows_eventchannel"
    },
    "id": "1779769143.3689205",
    "timestamp": "2026-05-26T04:19:03.096+0000"
  },
  {
    "input": {
      "type": "log"
    },
    "agent": {
      "ip": "10.0.139.214",
      "name": "SW-Norman",
      "id": "085"
    },
    "manager": {
      "name": "wazuh.manager"
    },
    "data": {
      "win": {
        "eventdata": {
          "p1": "193",
          "p2": "80e",
          "rechecking": "0",
          "p3": "ffff9c07f4bf1080",
          "attachedFiles": "  \\\\\\\\?\\\\C:\\\\WINDOWS\\\\LiveKernelReports\\\\WATCHDOG\\\\WATCHDOG-20260423-1136.dmp  \\\\\\\\?\\\\C:\\\\WINDOWS\\\\SystemTemp\\\\WER-3770421-0.sysdata.xml  \\\\\\\\?\\\\C:\\\\ProgramData\\\\Microsoft\\\\Windows\\\\WER\\\\Temp\\\\WER.65d55ba5-ef81-4006-b314-1343a30817d4.tmp.WERInternalMetadata.xml  \\\\\\\\?\\\\C:\\\\ProgramData\\\\Microsoft\\\\Windows\\\\WER\\\\Temp\\\\WER.6dfc2f00-d005-4fdc-b978-e5ef8bace031.tmp.csv  \\\\\\\\?\\\\C:\\\\ProgramData\\\\Microsoft\\\\Windows\\\\WER\\\\Temp\\\\WER.752fa039-f7ab-42d4-8040-2c5d8d9b2c9d.tmp.txt  \\\\\\\\?\\\\C:\\\\ProgramData\\\\Microsoft\\\\Windows\\\\WER\\\\Temp\\\\WER.5a153da6-708e-4e66-8a63-2ce5e3b4ab1b.tmp.xml",
          "p4": "ffff8402c1f1bd70",
          "reportId": "65519e32-2d6b-48d5-8642-e5c4c80f1da0",
          "p5": "0",
          "p6": "10_0_26200",
          "p7": "0_0",
          "p8": "256_1",
          "reportStatus": "2051",
          "storePath": "\\\\\\\\?\\\\C:\\\\ProgramData\\\\Microsoft\\\\Windows\\\\WER\\\\ReportQueue\\\\Kernel_193_80582d7cc4f962d8d432131cd25fa99a3c425144_00000000_65519e32-2d6b-48d5-8642-e5c4c80f1da0",
          "bucketType": "0",
          "response": "Nicht verfügbar",
          "eventName": "LiveKernelEvent",
          "cabGuid": "0",
          "cabId": "0"
        },
        "system": {
          "eventID": "1001",
          "keywords": "0x8000000000000000",
          "providerGuid": "{0ead09bd-2157-539a-8d6d-c87f95b64d70}",
          "level": "4",
          "channel": "Application",
          "opcode": "0",
          "message": "\"Fehlerbucket , Typ 0\r\nEreignisname: LiveKernelEvent\r\nAntwort: Nicht verfügbar\r\nCAB-Datei-ID: 0\r\n\r\nProblemsignatur:\r\nP1: 193\r\nP2: 80e\r\nP3: ffff9c07f4bf1080\r\nP4: ffff8402c1f1bd70\r\nP5: 0\r\nP6: 10_0_26200\r\nP7: 0_0\r\nP8: 256_1\r\nP9: \r\nP10: \r\n\r\nAngefügte Dateien:\r\n\\\\?\\C:\\WINDOWS\\LiveKernelReports\\WATCHDOG\\WATCHDOG-20260423-1136.dmp\r\n\\\\?\\C:\\WINDOWS\\SystemTemp\\WER-3770421-0.sysdata.xml\r\n\\\\?\\C:\\ProgramData\\Microsoft\\Windows\\WER\\Temp\\WER.65d55ba5-ef81-4006-b314-1343a30817d4.tmp.WERInternalMetadata.xml\r\n\\\\?\\C:\\ProgramData\\Microsoft\\Windows\\WER\\Temp\\WER.6dfc2f00-d005-4fdc-b978-e5ef8bace031.tmp.csv\r\n\\\\?\\C:\\ProgramData\\Microsoft\\Windows\\WER\\Temp\\WER.752fa039-f7ab-42d4-8040-2c5d8d9b2c9d.tmp.txt\r\n\\\\?\\C:\\ProgramData\\Microsoft\\Windows\\WER\\Temp\\WER.5a153da6-708e-4e66-8a63-2ce5e3b4ab1b.tmp.xml\r\n\r\nDiese Dateien befinden sich möglicherweise hier:\r\n\\\\?\\C:\\ProgramData\\Microsoft\\Windows\\WER\\ReportQueue\\Kernel_193_80582d7cc4f962d8d432131cd25fa99a3c425144_00000000_65519e32-2d6b-48d5-8642-e5c4c80f1da0\r\n\r\nAnalysesymbol: \r\nEs wird erneut nach einer Lösung gesucht: 0\r\nBerichts-ID: 65519e32-2d6b-48d5-8642-e5c4c80f1da0\r\nBerichtstatus: 2051\r\nBucket mit Hash: \r\nCAB-Datei-Guid: 0\"",
          "version": "0",
          "systemTime": "2026-05-26T04:04:07.9474837Z",
          "eventRecordID": "172673",
          "threadID": "13168",
          "computer": "SW-Norman.arzw.local",
          "task": "0",
          "processID": "11816",
          "severityValue": "INFORMATION",
          "providerName": "Windows Error Reporting"
        }
      }
    },
    "rule": {
      "firedtimes": 15,
      "mail": false,
      "level": 4,
      "description": "Summary event of the report's signatures.",
      "groups": [
        "windows",
        "windows_application"
      ],
      "id": "60608"
    },
    "location": "EventChannel",
    "decoder": {
      "name": "windows_eventchannel"
    },
    "id": "1779769143.3683117",
    "timestamp": "2026-05-26T04:19:03.072+0000"
  },
  {
    "input": {
      "type": "log"
    },
    "agent": {
      "ip": "10.0.139.214",
      "name": "SW-Norman",
      "id": "085"
    },
    "manager": {
      "name": "wazuh.manager"
    },
    "data": {
      "win": {
        "eventdata": {
          "p1": "193",
          "p2": "80e",
          "rechecking": "0",
          "p3": "ffffa70bfa4ea080",
          "attachedFiles": "  \\\\\\\\?\\\\C:\\\\WINDOWS\\\\LiveKernelReports\\\\WATCHDOG\\\\WATCHDOG-20260302-0954.dmp  \\\\\\\\?\\\\C:\\\\WINDOWS\\\\SystemTemp\\\\WER-173867718-0.sysdata.xml  \\\\\\\\?\\\\C:\\\\ProgramData\\\\Microsoft\\\\Windows\\\\WER\\\\Temp\\\\WER.117e88a5-076b-4284-9e83-1794d077cb05.tmp.WERInternalMetadata.xml  \\\\\\\\?\\\\C:\\\\ProgramData\\\\Microsoft\\\\Windows\\\\WER\\\\Temp\\\\WER.18794577-445e-4b4e-9a65-40991df42614.tmp.csv  \\\\\\\\?\\\\C:\\\\ProgramData\\\\Microsoft\\\\Windows\\\\WER\\\\Temp\\\\WER.d260da55-3a2c-4dc9-a4f9-2ec945a42b5e.tmp.txt  \\\\\\\\?\\\\C:\\\\ProgramData\\\\Microsoft\\\\Windows\\\\WER\\\\Temp\\\\WER.682694b8-36c3-407b-bafb-c08284f37481.tmp.xml",
          "p4": "ffff808e27ea44e0",
          "reportId": "1e003b01-1182-42b9-bc16-1b7009caed84",
          "p5": "0",
          "p6": "10_0_26200",
          "p7": "0_0",
          "p8": "256_1",
          "reportStatus": "2051",
          "storePath": "\\\\\\\\?\\\\C:\\\\ProgramData\\\\Microsoft\\\\Windows\\\\WER\\\\ReportQueue\\\\Kernel_193_eb3e45e48fd4612f487d5a429522ab86a503fcc_00000000_1e003b01-1182-42b9-bc16-1b7009caed84",
          "bucketType": "0",
          "response": "Nicht verfügbar",
          "eventName": "LiveKernelEvent",
          "cabGuid": "0",
          "cabId": "0"
        },
        "system": {
          "eventID": "1001",
          "keywords": "0x8000000000000000",
          "providerGuid": "{0ead09bd-2157-539a-8d6d-c87f95b64d70}",
          "level": "4",
          "channel": "Application",
          "opcode": "0",
          "message": "\"Fehlerbucket , Typ 0\r\nEreignisname: LiveKernelEvent\r\nAntwort: Nicht verfügbar\r\nCAB-Datei-ID: 0\r\n\r\nProblemsignatur:\r\nP1: 193\r\nP2: 80e\r\nP3: ffffa70bfa4ea080\r\nP4: ffff808e27ea44e0\r\nP5: 0\r\nP6: 10_0_26200\r\nP7: 0_0\r\nP8: 256_1\r\nP9: \r\nP10: \r\n\r\nAngefügte Dateien:\r\n\\\\?\\C:\\WINDOWS\\LiveKernelReports\\WATCHDOG\\WATCHDOG-20260302-0954.dmp\r\n\\\\?\\C:\\WINDOWS\\SystemTemp\\WER-173867718-0.sysdata.xml\r\n\\\\?\\C:\\ProgramData\\Microsoft\\Windows\\WER\\Temp\\WER.117e88a5-076b-4284-9e83-1794d077cb05.tmp.WERInternalMetadata.xml\r\n\\\\?\\C:\\ProgramData\\Microsoft\\Windows\\WER\\Temp\\WER.18794577-445e-4b4e-9a65-40991df42614.tmp.csv\r\n\\\\?\\C:\\ProgramData\\Microsoft\\Windows\\WER\\Temp\\WER.d260da55-3a2c-4dc9-a4f9-2ec945a42b5e.tmp.txt\r\n\\\\?\\C:\\ProgramData\\Microsoft\\Windows\\WER\\Temp\\WER.682694b8-36c3-407b-bafb-c08284f37481.tmp.xml\r\n\r\nDiese Dateien befinden sich möglicherweise hier:\r\n\\\\?\\C:\\ProgramData\\Microsoft\\Windows\\WER\\ReportQueue\\Kernel_193_eb3e45e48fd4612f487d5a429522ab86a503fcc_00000000_1e003b01-1182-42b9-bc16-1b7009caed84\r\n\r\nAnalysesymbol: \r\nEs wird erneut nach einer Lösung gesucht: 0\r\nBerichts-ID: 1e003b01-1182-42b9-bc16-1b7009caed84\r\nBerichtstatus: 2051\r\nBucket mit Hash: \r\nCAB-Datei-Guid: 0\"",
          "version": "0",
          "systemTime": "2026-05-26T04:04:07.8743426Z",
          "eventRecordID": "172672",
          "threadID": "13168",
          "computer": "SW-Norman.arzw.local",
          "task": "0",
          "processID": "11816",
          "severityValue": "INFORMATION",
          "providerName": "Windows Error Reporting"
        }
      }
    },
    "rule": {
      "firedtimes": 14,
      "mail": false,
      "level": 4,
      "description": "Summary event of the report's signatures.",
      "groups": [
        "windows",
        "windows_application"
      ],
      "id": "60608"
    },
    "location": "EventChannel",
    "decoder": {
      "name": "windows_eventchannel"
    },
    "id": "1779769143.3677025",
    "timestamp": "2026-05-26T04:19:03.050+0000"
  },
  {
    "input": {
      "type": "log"
    },
    "agent": {
      "ip": "10.0.139.214",
      "name": "SW-Norman",
      "id": "085"
    },
    "manager": {
      "name": "wazuh.manager"
    },
    "data": {
      "win": {
        "eventdata": {
          "data": "2126-05-02T04:03:43Z, RulesEngine"
        },
        "system": {
          "eventID": "16384",
          "eventSourceName": "Software Protection Platform Service",
          "keywords": "0x80000000000000",
          "providerGuid": "{E23B33B0-C8C9-472C-A5F9-F2BDFEA0F156}",
          "level": "4",
          "channel": "Application",
          "opcode": "0",
          "message": "\"Der Softwareschutzdienst wurde erfolgreich für den erneuten Start bei 2126-05-02T04:03:43Z geplant. Grund: RulesEngine.\"",
          "version": "0",
          "systemTime": "2026-05-26T04:03:43.5304320Z",
          "eventRecordID": "172670",
          "threadID": "0",
          "computer": "SW-Norman.arzw.local",
          "task": "0",
          "processID": "18352",
          "severityValue": "INFORMATION",
          "providerName": "Microsoft-Windows-Security-SPP"
        }
      }
    },
    "rule": {
      "firedtimes": 36,
      "mail": false,
      "level": 3,
      "description": "Software protection service scheduled successfully.",
      "groups": [
        "windows",
        "windows_application"
      ],
      "id": "60642"
    },
    "location": "EventChannel",
    "decoder": {
      "name": "windows_eventchannel"
    },
    "id": "1779769143.3675392",
    "timestamp": "2026-05-26T04:19:03.050+0000"
  },
  {
    "input": {
      "type": "log"
    },
    "agent": {
      "ip": "10.0.139.214",
      "name": "SW-Norman",
      "id": "085"
    },
    "manager": {
      "name": "wazuh.manager"
    },
    "data": {
      "win": {
        "eventdata": {
          "extraInfo": " "
        },
        "system": {
          "eventID": "1003",
          "eventSourceName": "Windows Search Service",
          "keywords": "0x80000000000000",
          "providerGuid": "{CA4E628D-8567-4896-AB6B-835B221F373F}",
          "level": "4",
          "channel": "Application",
          "opcode": "0",
          "message": "\"Windows Search wurde gestartet.\n\"",
          "version": "0",
          "systemTime": "2026-05-26T04:01:24.7352202Z",
          "eventRecordID": "172633",
          "threadID": "0",
          "computer": "SW-Norman.arzw.local",
          "task": "1",
          "processID": "7764",
          "severityValue": "INFORMATION",
          "providerName": "Microsoft-Windows-Search"
        }
      }
    },
    "rule": {
      "firedtimes": 2,
      "mail": false,
      "level": 3,
      "description": "The Windows search service started.",
      "groups": [
        "windows",
        "windows_application"
      ],
      "id": "60668"
    },
    "location": "EventChannel",
    "decoder": {
      "name": "windows_eventchannel"
    },
    "id": "1779769142.3669277",
    "timestamp": "2026-05-26T04:19:02.402+0000"
  },
  {
    "input": {
      "type": "log"
    },
    "agent": {
      "ip": "10.0.139.214",
      "name": "SW-Norman",
      "id": "085"
    },
    "manager": {
      "name": "wazuh.manager"
    },
    "data": {
      "win": {
        "eventdata": {
          "p1": "GCUService.exe",
          "p2": "1.0.2.70",
          "rechecking": "0",
          "p3": "688c8803",
          "attachedFiles": "  \\\\\\\\?\\\\C:\\\\ProgramData\\\\Microsoft\\\\Windows\\\\WER\\\\Temp\\\\WER.64a01f8c-3f84-44e7-86ca-f125d80ca5d0.tmp.WERInternalMetadata.xml",
          "p4": "System.Management",
          "reportId": "323cb46d-9788-4ad1-b48f-62c7d202885b",
          "p5": "4.8.9221.0",
          "p6": "68532127",
          "p7": "584",
          "p8": "131",
          "p9": "PSZQOADHX1U5ZAHBHOHGHLDGIY4QIXHX",
          "reportStatus": "268435456",
          "bucket": "1768737928314735092",
          "storePath": "\\\\\\\\?\\\\C:\\\\ProgramData\\\\Microsoft\\\\Windows\\\\WER\\\\ReportArchive\\\\AppCrash_GCUService.exe_5fbcecf1ae13aac247c64786c4ce26a4e71dc1_5550ebd8_180219c9-557d-4c56-b812-65603a5d94f6",
          "bucketType": "5",
          "hashedBucket": "bc3d43336f0eb1c9f88bd1c64df5c9f4",
          "response": "Nicht verfügbar",
          "eventName": "CLR20r3",
          "cabGuid": "0",
          "cabId": "0"
        },
        "system": {
          "eventID": "1001",
          "keywords": "0x8000000000000000",
          "providerGuid": "{0ead09bd-2157-539a-8d6d-c87f95b64d70}",
          "level": "4",
          "channel": "Application",
          "opcode": "0",
          "message": "\"Fehlerbucket 1768737928314735092, Typ 5\r\nEreignisname: CLR20r3\r\nAntwort: Nicht verfügbar\r\nCAB-Datei-ID: 0\r\n\r\nProblemsignatur:\r\nP1: GCUService.exe\r\nP2: 1.0.2.70\r\nP3: 688c8803\r\nP4: System.Management\r\nP5: 4.8.9221.0\r\nP6: 68532127\r\nP7: 584\r\nP8: 131\r\nP9: PSZQOADHX1U5ZAHBHOHGHLDGIY4QIXHX\r\nP10: \r\n\r\nAngefügte Dateien:\r\n\\\\?\\C:\\ProgramData\\Microsoft\\Windows\\WER\\Temp\\WER.64a01f8c-3f84-44e7-86ca-f125d80ca5d0.tmp.WERInternalMetadata.xml\r\n\r\nDiese Dateien befinden sich möglicherweise hier:\r\n\\\\?\\C:\\ProgramData\\Microsoft\\Windows\\WER\\ReportArchive\\AppCrash_GCUService.exe_5fbcecf1ae13aac247c64786c4ce26a4e71dc1_5550ebd8_180219c9-557d-4c56-b812-65603a5d94f6\r\n\r\nAnalysesymbol: \r\nEs wird erneut nach einer Lösung gesucht: 0\r\nBerichts-ID: 323cb46d-9788-4ad1-b48f-62c7d202885b\r\nBerichtstatus: 268435456\r\nBucket mit Hash: bc3d43336f0eb1c9f88bd1c64df5c9f4\r\nCAB-Datei-Guid: 0\"",
          "version": "0",
          "systemTime": "2026-05-26T04:01:18.1870452Z",
          "eventRecordID": "172632",
          "threadID": "10908",
          "computer": "SW-Norman.arzw.local",
          "task": "0",
          "processID": "10904",
          "severityValue": "INFORMATION",
          "providerName": "Windows Error Reporting"
        }
      }
    },
    "rule": {
      "firedtimes": 13,
      "mail": false,
      "level": 4,
      "description": "Summary event of the report's signatures.",
      "groups": [
        "windows",
        "windows_application"
      ],
      "id": "60608"
    },
    "location": "EventChannel",
    "decoder": {
      "name": "windows_eventchannel"
    },
    "id": "1779769142.3670621",
    "timestamp": "2026-05-26T04:19:02.402+0000"
  },
