  {
    "input": {
      "type": "log"
    },
    "agent": {
      "ip": "10.0.139.214",
      "name": "SW-Norman",
      "id": "085"
    },
    "manager": {
      "name": "wazuh.manager"
    },
    "data": {
      "win": {
        "eventdata": {
          "p1": "193",
          "p2": "80e",
          "rechecking": "0",
          "p3": "ffffb783312ad080",
          "attachedFiles": "  \\\\\\\\?\\\\C:\\\\WINDOWS\\\\LiveKernelReports\\\\WATCHDOG\\\\WATCHDOG-20260505-0711.dmp  \\\\\\\\?\\\\C:\\\\WINDOWS\\\\SystemTemp\\\\WER-44657953-0.sysdata.xml  \\\\\\\\?\\\\C:\\\\ProgramData\\\\Microsoft\\\\Windows\\\\WER\\\\Temp\\\\WER.7e296fc1-5862-44ce-801d-ec862999b600.tmp.WERInternalMetadata.xml  \\\\\\\\?\\\\C:\\\\ProgramData\\\\Microsoft\\\\Windows\\\\WER\\\\Temp\\\\WER.2a669604-bc3d-4435-b746-8ed48a89c0ae.tmp.csv  \\\\\\\\?\\\\C:\\\\ProgramData\\\\Microsoft\\\\Windows\\\\WER\\\\Temp\\\\WER.22741a9f-e060-40f4-a12d-9c970f99b846.tmp.txt  \\\\\\\\?\\\\C:\\\\ProgramData\\\\Microsoft\\\\Windows\\\\WER\\\\Temp\\\\WER.0fa24df3-1748-429a-b2a5-14d5b40e98b8.tmp.xml",
          "p4": "ffffa70ba9de59d0",
          "reportId": "e22bac24-4349-46c1-bf6e-428a53b38918",
          "p5": "0",
          "p6": "10_0_26200",
          "p7": "0_0",
          "p8": "256_1",
          "reportStatus": "2051",
          "storePath": "\\\\\\\\?\\\\C:\\\\ProgramData\\\\Microsoft\\\\Windows\\\\WER\\\\ReportQueue\\\\Kernel_193_2b134bb68545f7559bb5ceebeb961e85af218b_00000000_e22bac24-4349-46c1-bf6e-428a53b38918",
          "bucketType": "0",
          "response": "Nicht verfügbar",
          "eventName": "LiveKernelEvent",
          "cabGuid": "0",
          "cabId": "0"
        },
        "system": {
          "eventID": "1001",
          "keywords": "0x8000000000000000",
          "providerGuid": "{0ead09bd-2157-539a-8d6d-c87f95b64d70}",
          "level": "4",
          "channel": "Application",
          "opcode": "0",
          "message": "\"Fehlerbucket , Typ 0\r\nEreignisname: LiveKernelEvent\r\nAntwort: Nicht verfügbar\r\nCAB-Datei-ID: 0\r\n\r\nProblemsignatur:\r\nP1: 193\r\nP2: 80e\r\nP3: ffffb783312ad080\r\nP4: ffffa70ba9de59d0\r\nP5: 0\r\nP6: 10_0_26200\r\nP7: 0_0\r\nP8: 256_1\r\nP9: \r\nP10: \r\n\r\nAngefügte Dateien:\r\n\\\\?\\C:\\WINDOWS\\LiveKernelReports\\WATCHDOG\\WATCHDOG-20260505-0711.dmp\r\n\\\\?\\C:\\WINDOWS\\SystemTemp\\WER-44657953-0.sysdata.xml\r\n\\\\?\\C:\\ProgramData\\Microsoft\\Windows\\WER\\Temp\\WER.7e296fc1-5862-44ce-801d-ec862999b600.tmp.WERInternalMetadata.xml\r\n\\\\?\\C:\\ProgramData\\Microsoft\\Windows\\WER\\Temp\\WER.2a669604-bc3d-4435-b746-8ed48a89c0ae.tmp.csv\r\n\\\\?\\C:\\ProgramData\\Microsoft\\Windows\\WER\\Temp\\WER.22741a9f-e060-40f4-a12d-9c970f99b846.tmp.txt\r\n\\\\?\\C:\\ProgramData\\Microsoft\\Windows\\WER\\Temp\\WER.0fa24df3-1748-429a-b2a5-14d5b40e98b8.tmp.xml\r\n\r\nDiese Dateien befinden sich möglicherweise hier:\r\n\\\\?\\C:\\ProgramData\\Microsoft\\Windows\\WER\\ReportQueue\\Kernel_193_2b134bb68545f7559bb5ceebeb961e85af218b_00000000_e22bac24-4349-46c1-bf6e-428a53b38918\r\n\r\nAnalysesymbol: \r\nEs wird erneut nach einer Lösung gesucht: 0\r\nBerichts-ID: e22bac24-4349-46c1-bf6e-428a53b38918\r\nBerichtstatus: 2051\r\nBucket mit Hash: \r\nCAB-Datei-Guid: 0\"",
          "version": "0",
          "systemTime": "2026-05-26T03:12:47.1230347Z",
          "eventRecordID": "172577",
          "threadID": "308",
          "computer": "SW-Norman.arzw.local",
          "task": "0",
          "processID": "9416",
          "severityValue": "INFORMATION",
          "providerName": "Windows Error Reporting"
        }
      }
    },
    "rule": {
      "firedtimes": 10,
      "mail": false,
      "level": 4,
      "description": "Summary event of the report's signatures.",
      "groups": [
        "windows",
        "windows_application"
      ],
      "id": "60608"
    },
    "location": "EventChannel",
    "decoder": {
      "name": "windows_eventchannel"
    },
    "id": "1779765177.1670274",
    "timestamp": "2026-05-26T03:12:57.175+0000"
  },
  {
    "input": {
      "type": "log"
    },
    "agent": {
      "ip": "10.0.139.214",
      "name": "SW-Norman",
      "id": "085"
    },
    "manager": {
      "name": "wazuh.manager"
    },
    "data": {
      "win": {
        "eventdata": {
          "p1": "Acquisition;DSIC-svchost-StartProductInstallWithOptionsAsync",
          "p2": "803fb005",
          "rechecking": "0",
          "p3": "26200",
          "p4": "8457",
          "reportId": "b359631a-6237-4f0b-8a6d-dda3f48d9995",
          "p5": "Windows.Desktop",
          "p6": "P",
          "reportStatus": "4",
          "storePath": "\\\\\\\\?\\\\C:\\\\ProgramData\\\\Microsoft\\\\Windows\\\\WER\\\\ReportQueue\\\\NonCritical_Acquisition;DSIC_87db87f139c68d7be3741e36b1d9fe0202e3c8_00000000_b359631a-6237-4f0b-8a6d-dda3f48d9995",
          "bucketType": "0",
          "response": "Nicht verfügbar",
          "eventName": "StoreAgentSearchUpdatePackagesFailure1",
          "cabGuid": "0",
          "cabId": "0"
        },
        "system": {
          "eventID": "1001",
          "keywords": "0x8000000000000000",
          "providerGuid": "{0ead09bd-2157-539a-8d6d-c87f95b64d70}",
          "level": "4",
          "channel": "Application",
          "opcode": "0",
          "message": "\"Fehlerbucket , Typ 0\r\nEreignisname: StoreAgentSearchUpdatePackagesFailure1\r\nAntwort: Nicht verfügbar\r\nCAB-Datei-ID: 0\r\n\r\nProblemsignatur:\r\nP1: Acquisition;DSIC-svchost-StartProductInstallWithOptionsAsync\r\nP2: 803fb005\r\nP3: 26200\r\nP4: 8457\r\nP5: Windows.Desktop\r\nP6: P\r\nP7: \r\nP8: \r\nP9: \r\nP10: \r\n\r\nAngefügte Dateien:\r\n\r\nDiese Dateien befinden sich möglicherweise hier:\r\n\\\\?\\C:\\ProgramData\\Microsoft\\Windows\\WER\\ReportQueue\\NonCritical_Acquisition;DSIC_87db87f139c68d7be3741e36b1d9fe0202e3c8_00000000_b359631a-6237-4f0b-8a6d-dda3f48d9995\r\n\r\nAnalysesymbol: \r\nEs wird erneut nach einer Lösung gesucht: 0\r\nBerichts-ID: b359631a-6237-4f0b-8a6d-dda3f48d9995\r\nBerichtstatus: 4\r\nBucket mit Hash: \r\nCAB-Datei-Guid: 0\"",
          "version": "0",
          "systemTime": "2026-05-26T03:12:46.7322347Z",
          "eventRecordID": "172574",
          "threadID": "3576",
          "computer": "SW-Norman.arzw.local",
          "task": "0",
          "processID": "13460",
          "severityValue": "INFORMATION",
          "providerName": "Windows Error Reporting"
        }
      }
    },
    "rule": {
      "firedtimes": 7,
      "mail": false,
      "level": 4,
      "description": "Summary event of the report's signatures.",
      "groups": [
        "windows",
        "windows_application"
      ],
      "id": "60608"
    },
    "location": "EventChannel",
    "decoder": {
      "name": "windows_eventchannel"
    },
    "id": "1779765177.1654200",
    "timestamp": "2026-05-26T03:12:57.086+0000"
  },
  {
    "input": {
      "type": "log"
    },
    "agent": {
      "ip": "10.0.139.214",
      "name": "SW-Norman",
      "id": "085"
    },
    "manager": {
      "name": "wazuh.manager"
    },
    "data": {
      "win": {
        "eventdata": {
          "p1": "193",
          "p2": "80e",
          "rechecking": "0",
          "p3": "ffffa70bfa4ea080",
          "attachedFiles": "  \\\\\\\\?\\\\C:\\\\WINDOWS\\\\LiveKernelReports\\\\WATCHDOG\\\\WATCHDOG-20260302-0954.dmp  \\\\\\\\?\\\\C:\\\\WINDOWS\\\\SystemTemp\\\\WER-173867718-0.sysdata.xml  \\\\\\\\?\\\\C:\\\\ProgramData\\\\Microsoft\\\\Windows\\\\WER\\\\Temp\\\\WER.117e88a5-076b-4284-9e83-1794d077cb05.tmp.WERInternalMetadata.xml  \\\\\\\\?\\\\C:\\\\ProgramData\\\\Microsoft\\\\Windows\\\\WER\\\\Temp\\\\WER.18794577-445e-4b4e-9a65-40991df42614.tmp.csv  \\\\\\\\?\\\\C:\\\\ProgramData\\\\Microsoft\\\\Windows\\\\WER\\\\Temp\\\\WER.d260da55-3a2c-4dc9-a4f9-2ec945a42b5e.tmp.txt  \\\\\\\\?\\\\C:\\\\ProgramData\\\\Microsoft\\\\Windows\\\\WER\\\\Temp\\\\WER.682694b8-36c3-407b-bafb-c08284f37481.tmp.xml",
          "p4": "ffff808e27ea44e0",
          "reportId": "1e003b01-1182-42b9-bc16-1b7009caed84",
          "p5": "0",
          "p6": "10_0_26200",
          "p7": "0_0",
          "p8": "256_1",
          "reportStatus": "2051",
          "storePath": "\\\\\\\\?\\\\C:\\\\ProgramData\\\\Microsoft\\\\Windows\\\\WER\\\\ReportQueue\\\\Kernel_193_eb3e45e48fd4612f487d5a429522ab86a503fcc_00000000_1e003b01-1182-42b9-bc16-1b7009caed84",
          "bucketType": "0",
          "response": "Nicht verfügbar",
          "eventName": "LiveKernelEvent",
          "cabGuid": "0",
          "cabId": "0"
        },
        "system": {
          "eventID": "1001",
          "keywords": "0x8000000000000000",
          "providerGuid": "{0ead09bd-2157-539a-8d6d-c87f95b64d70}",
          "level": "4",
          "channel": "Application",
          "opcode": "0",
          "message": "\"Fehlerbucket , Typ 0\r\nEreignisname: LiveKernelEvent\r\nAntwort: Nicht verfügbar\r\nCAB-Datei-ID: 0\r\n\r\nProblemsignatur:\r\nP1: 193\r\nP2: 80e\r\nP3: ffffa70bfa4ea080\r\nP4: ffff808e27ea44e0\r\nP5: 0\r\nP6: 10_0_26200\r\nP7: 0_0\r\nP8: 256_1\r\nP9: \r\nP10: \r\n\r\nAngefügte Dateien:\r\n\\\\?\\C:\\WINDOWS\\LiveKernelReports\\WATCHDOG\\WATCHDOG-20260302-0954.dmp\r\n\\\\?\\C:\\WINDOWS\\SystemTemp\\WER-173867718-0.sysdata.xml\r\n\\\\?\\C:\\ProgramData\\Microsoft\\Windows\\WER\\Temp\\WER.117e88a5-076b-4284-9e83-1794d077cb05.tmp.WERInternalMetadata.xml\r\n\\\\?\\C:\\ProgramData\\Microsoft\\Windows\\WER\\Temp\\WER.18794577-445e-4b4e-9a65-40991df42614.tmp.csv\r\n\\\\?\\C:\\ProgramData\\Microsoft\\Windows\\WER\\Temp\\WER.d260da55-3a2c-4dc9-a4f9-2ec945a42b5e.tmp.txt\r\n\\\\?\\C:\\ProgramData\\Microsoft\\Windows\\WER\\Temp\\WER.682694b8-36c3-407b-bafb-c08284f37481.tmp.xml\r\n\r\nDiese Dateien befinden sich möglicherweise hier:\r\n\\\\?\\C:\\ProgramData\\Microsoft\\Windows\\WER\\ReportQueue\\Kernel_193_eb3e45e48fd4612f487d5a429522ab86a503fcc_00000000_1e003b01-1182-42b9-bc16-1b7009caed84\r\n\r\nAnalysesymbol: \r\nEs wird erneut nach einer Lösung gesucht: 0\r\nBerichts-ID: 1e003b01-1182-42b9-bc16-1b7009caed84\r\nBerichtstatus: 2051\r\nBucket mit Hash: \r\nCAB-Datei-Guid: 0\"",
          "version": "0",
          "systemTime": "2026-05-26T03:12:46.9886759Z",
          "eventRecordID": "172575",
          "threadID": "308",
          "computer": "SW-Norman.arzw.local",
          "task": "0",
          "processID": "9416",
          "severityValue": "INFORMATION",
          "providerName": "Windows Error Reporting"
        }
      }
    },
    "rule": {
      "firedtimes": 8,
      "mail": false,
      "level": 4,
      "description": "Summary event of the report's signatures.",
      "groups": [
        "windows",
        "windows_application"
      ],
      "id": "60608"
    },
    "location": "EventChannel",
    "decoder": {
      "name": "windows_eventchannel"
    },
    "id": "1779765177.1658106",
    "timestamp": "2026-05-26T03:12:57.086+0000"
  },
  {
    "input": {
      "type": "log"
    },
    "agent": {
      "ip": "10.0.139.214",
      "name": "SW-Norman",
      "id": "085"
    },
    "manager": {
      "name": "wazuh.manager"
    },
    "data": {
      "win": {
        "eventdata": {
          "p1": "193",
          "p2": "80e",
          "rechecking": "0",
          "p3": "ffff9c07f4bf1080",
          "attachedFiles": "  \\\\\\\\?\\\\C:\\\\WINDOWS\\\\LiveKernelReports\\\\WATCHDOG\\\\WATCHDOG-20260423-1136.dmp  \\\\\\\\?\\\\C:\\\\WINDOWS\\\\SystemTemp\\\\WER-3770421-0.sysdata.xml  \\\\\\\\?\\\\C:\\\\ProgramData\\\\Microsoft\\\\Windows\\\\WER\\\\Temp\\\\WER.65d55ba5-ef81-4006-b314-1343a30817d4.tmp.WERInternalMetadata.xml  \\\\\\\\?\\\\C:\\\\ProgramData\\\\Microsoft\\\\Windows\\\\WER\\\\Temp\\\\WER.6dfc2f00-d005-4fdc-b978-e5ef8bace031.tmp.csv  \\\\\\\\?\\\\C:\\\\ProgramData\\\\Microsoft\\\\Windows\\\\WER\\\\Temp\\\\WER.752fa039-f7ab-42d4-8040-2c5d8d9b2c9d.tmp.txt  \\\\\\\\?\\\\C:\\\\ProgramData\\\\Microsoft\\\\Windows\\\\WER\\\\Temp\\\\WER.5a153da6-708e-4e66-8a63-2ce5e3b4ab1b.tmp.xml",
          "p4": "ffff8402c1f1bd70",
          "reportId": "65519e32-2d6b-48d5-8642-e5c4c80f1da0",
          "p5": "0",
          "p6": "10_0_26200",
          "p7": "0_0",
          "p8": "256_1",
          "reportStatus": "2051",
          "storePath": "\\\\\\\\?\\\\C:\\\\ProgramData\\\\Microsoft\\\\Windows\\\\WER\\\\ReportQueue\\\\Kernel_193_80582d7cc4f962d8d432131cd25fa99a3c425144_00000000_65519e32-2d6b-48d5-8642-e5c4c80f1da0",
          "bucketType": "0",
          "response": "Nicht verfügbar",
          "eventName": "LiveKernelEvent",
          "cabGuid": "0",
          "cabId": "0"
        },
        "system": {
          "eventID": "1001",
          "keywords": "0x8000000000000000",
          "providerGuid": "{0ead09bd-2157-539a-8d6d-c87f95b64d70}",
          "level": "4",
          "channel": "Application",
          "opcode": "0",
          "message": "\"Fehlerbucket , Typ 0\r\nEreignisname: LiveKernelEvent\r\nAntwort: Nicht verfügbar\r\nCAB-Datei-ID: 0\r\n\r\nProblemsignatur:\r\nP1: 193\r\nP2: 80e\r\nP3: ffff9c07f4bf1080\r\nP4: ffff8402c1f1bd70\r\nP5: 0\r\nP6: 10_0_26200\r\nP7: 0_0\r\nP8: 256_1\r\nP9: \r\nP10: \r\n\r\nAngefügte Dateien:\r\n\\\\?\\C:\\WINDOWS\\LiveKernelReports\\WATCHDOG\\WATCHDOG-20260423-1136.dmp\r\n\\\\?\\C:\\WINDOWS\\SystemTemp\\WER-3770421-0.sysdata.xml\r\n\\\\?\\C:\\ProgramData\\Microsoft\\Windows\\WER\\Temp\\WER.65d55ba5-ef81-4006-b314-1343a30817d4.tmp.WERInternalMetadata.xml\r\n\\\\?\\C:\\ProgramData\\Microsoft\\Windows\\WER\\Temp\\WER.6dfc2f00-d005-4fdc-b978-e5ef8bace031.tmp.csv\r\n\\\\?\\C:\\ProgramData\\Microsoft\\Windows\\WER\\Temp\\WER.752fa039-f7ab-42d4-8040-2c5d8d9b2c9d.tmp.txt\r\n\\\\?\\C:\\ProgramData\\Microsoft\\Windows\\WER\\Temp\\WER.5a153da6-708e-4e66-8a63-2ce5e3b4ab1b.tmp.xml\r\n\r\nDiese Dateien befinden sich möglicherweise hier:\r\n\\\\?\\C:\\ProgramData\\Microsoft\\Windows\\WER\\ReportQueue\\Kernel_193_80582d7cc4f962d8d432131cd25fa99a3c425144_00000000_65519e32-2d6b-48d5-8642-e5c4c80f1da0\r\n\r\nAnalysesymbol: \r\nEs wird erneut nach einer Lösung gesucht: 0\r\nBerichts-ID: 65519e32-2d6b-48d5-8642-e5c4c80f1da0\r\nBerichtstatus: 2051\r\nBucket mit Hash: \r\nCAB-Datei-Guid: 0\"",
          "version": "0",
          "systemTime": "2026-05-26T03:12:47.0677105Z",
          "eventRecordID": "172576",
          "threadID": "308",
          "computer": "SW-Norman.arzw.local",
          "task": "0",
          "processID": "9416",
          "severityValue": "INFORMATION",
          "providerName": "Windows Error Reporting"
        }
      }
    },
    "rule": {
      "firedtimes": 9,
      "mail": false,
      "level": 4,
      "description": "Summary event of the report's signatures.",
      "groups": [
        "windows",
        "windows_application"
      ],
      "id": "60608"
    },
    "location": "EventChannel",
    "decoder": {
      "name": "windows_eventchannel"
    },
    "id": "1779765177.1664192",
    "timestamp": "2026-05-26T03:12:57.086+0000"
  },
  {
    "input": {
      "type": "log"
    },
    "agent": {
      "ip": "10.0.139.214",
      "name": "SW-Norman",
      "id": "085"
    },
    "manager": {
      "name": "wazuh.manager"
    },
    "data": {
      "win": {
        "eventdata": {
          "p1": "193",
          "p2": "80e",
          "rechecking": "0",
          "p3": "ffff9c07f4bf1080",
          "attachedFiles": "  \\\\\\\\?\\\\C:\\\\WINDOWS\\\\LiveKernelReports\\\\WATCHDOG\\\\WATCHDOG-20260423-1136.dmp  \\\\\\\\?\\\\C:\\\\WINDOWS\\\\SystemTemp\\\\WER-3770421-0.sysdata.xml  \\\\\\\\?\\\\C:\\\\ProgramData\\\\Microsoft\\\\Windows\\\\WER\\\\Temp\\\\WER.65d55ba5-ef81-4006-b314-1343a30817d4.tmp.WERInternalMetadata.xml  \\\\\\\\?\\\\C:\\\\ProgramData\\\\Microsoft\\\\Windows\\\\WER\\\\Temp\\\\WER.6dfc2f00-d005-4fdc-b978-e5ef8bace031.tmp.csv  \\\\\\\\?\\\\C:\\\\ProgramData\\\\Microsoft\\\\Windows\\\\WER\\\\Temp\\\\WER.752fa039-f7ab-42d4-8040-2c5d8d9b2c9d.tmp.txt  \\\\\\\\?\\\\C:\\\\ProgramData\\\\Microsoft\\\\Windows\\\\WER\\\\Temp\\\\WER.5a153da6-708e-4e66-8a63-2ce5e3b4ab1b.tmp.xml",
          "p4": "ffff8402c1f1bd70",
          "reportId": "65519e32-2d6b-48d5-8642-e5c4c80f1da0",
          "p5": "0",
          "p6": "10_0_26200",
          "p7": "0_0",
          "p8": "256_1",
          "reportStatus": "2051",
          "storePath": "\\\\\\\\?\\\\C:\\\\ProgramData\\\\Microsoft\\\\Windows\\\\WER\\\\ReportQueue\\\\Kernel_193_80582d7cc4f962d8d432131cd25fa99a3c425144_00000000_65519e32-2d6b-48d5-8642-e5c4c80f1da0",
          "bucketType": "0",
          "response": "Nicht verfügbar",
          "eventName": "LiveKernelEvent",
          "cabGuid": "0",
          "cabId": "0"
        },
        "system": {
          "eventID": "1001",
          "keywords": "0x8000000000000000",
          "providerGuid": "{0ead09bd-2157-539a-8d6d-c87f95b64d70}",
          "level": "4",
          "channel": "Application",
          "opcode": "0",
          "message": "\"Fehlerbucket , Typ 0\r\nEreignisname: LiveKernelEvent\r\nAntwort: Nicht verfügbar\r\nCAB-Datei-ID: 0\r\n\r\nProblemsignatur:\r\nP1: 193\r\nP2: 80e\r\nP3: ffff9c07f4bf1080\r\nP4: ffff8402c1f1bd70\r\nP5: 0\r\nP6: 10_0_26200\r\nP7: 0_0\r\nP8: 256_1\r\nP9: \r\nP10: \r\n\r\nAngefügte Dateien:\r\n\\\\?\\C:\\WINDOWS\\LiveKernelReports\\WATCHDOG\\WATCHDOG-20260423-1136.dmp\r\n\\\\?\\C:\\WINDOWS\\SystemTemp\\WER-3770421-0.sysdata.xml\r\n\\\\?\\C:\\ProgramData\\Microsoft\\Windows\\WER\\Temp\\WER.65d55ba5-ef81-4006-b314-1343a30817d4.tmp.WERInternalMetadata.xml\r\n\\\\?\\C:\\ProgramData\\Microsoft\\Windows\\WER\\Temp\\WER.6dfc2f00-d005-4fdc-b978-e5ef8bace031.tmp.csv\r\n\\\\?\\C:\\ProgramData\\Microsoft\\Windows\\WER\\Temp\\WER.752fa039-f7ab-42d4-8040-2c5d8d9b2c9d.tmp.txt\r\n\\\\?\\C:\\ProgramData\\Microsoft\\Windows\\WER\\Temp\\WER.5a153da6-708e-4e66-8a63-2ce5e3b4ab1b.tmp.xml\r\n\r\nDiese Dateien befinden sich möglicherweise hier:\r\n\\\\?\\C:\\ProgramData\\Microsoft\\Windows\\WER\\ReportQueue\\Kernel_193_80582d7cc4f962d8d432131cd25fa99a3c425144_00000000_65519e32-2d6b-48d5-8642-e5c4c80f1da0\r\n\r\nAnalysesymbol: \r\nEs wird erneut nach einer Lösung gesucht: 0\r\nBerichts-ID: 65519e32-2d6b-48d5-8642-e5c4c80f1da0\r\nBerichtstatus: 2051\r\nBucket mit Hash: \r\nCAB-Datei-Guid: 0\"",
          "version": "0",
          "systemTime": "2026-05-26T03:12:27.7546784Z",
          "eventRecordID": "172570",
          "threadID": "19808",
          "computer": "SW-Norman.arzw.local",
          "task": "0",
          "processID": "12776",
          "severityValue": "INFORMATION",
          "providerName": "Windows Error Reporting"
        }
      }
    },
    "rule": {
      "firedtimes": 5,
      "mail": false,
      "level": 4,
      "description": "Summary event of the report's signatures.",
      "groups": [
        "windows",
        "windows_application"
      ],
      "id": "60608"
    },
    "location": "EventChannel",
    "decoder": {
      "name": "windows_eventchannel"
    },
    "id": "1779765177.1642028",
    "timestamp": "2026-05-26T03:12:57.005+0000"
  },
  {
    "input": {
      "type": "log"
    },
    "agent": {
      "ip": "10.0.139.214",
      "name": "SW-Norman",
      "id": "085"
    },
    "manager": {
      "name": "wazuh.manager"
    },
    "data": {
      "win": {
        "eventdata": {
          "p1": "193",
          "p2": "80e",
          "rechecking": "0",
          "p3": "ffffb783312ad080",
          "attachedFiles": "  \\\\\\\\?\\\\C:\\\\WINDOWS\\\\LiveKernelReports\\\\WATCHDOG\\\\WATCHDOG-20260505-0711.dmp  \\\\\\\\?\\\\C:\\\\WINDOWS\\\\SystemTemp\\\\WER-44657953-0.sysdata.xml  \\\\\\\\?\\\\C:\\\\ProgramData\\\\Microsoft\\\\Windows\\\\WER\\\\Temp\\\\WER.7e296fc1-5862-44ce-801d-ec862999b600.tmp.WERInternalMetadata.xml  \\\\\\\\?\\\\C:\\\\ProgramData\\\\Microsoft\\\\Windows\\\\WER\\\\Temp\\\\WER.2a669604-bc3d-4435-b746-8ed48a89c0ae.tmp.csv  \\\\\\\\?\\\\C:\\\\ProgramData\\\\Microsoft\\\\Windows\\\\WER\\\\Temp\\\\WER.22741a9f-e060-40f4-a12d-9c970f99b846.tmp.txt  \\\\\\\\?\\\\C:\\\\ProgramData\\\\Microsoft\\\\Windows\\\\WER\\\\Temp\\\\WER.0fa24df3-1748-429a-b2a5-14d5b40e98b8.tmp.xml",
          "p4": "ffffa70ba9de59d0",
          "reportId": "e22bac24-4349-46c1-bf6e-428a53b38918",
          "p5": "0",
          "p6": "10_0_26200",
          "p7": "0_0",
          "p8": "256_1",
          "reportStatus": "2051",
          "storePath": "\\\\\\\\?\\\\C:\\\\ProgramData\\\\Microsoft\\\\Windows\\\\WER\\\\ReportQueue\\\\Kernel_193_2b134bb68545f7559bb5ceebeb961e85af218b_00000000_e22bac24-4349-46c1-bf6e-428a53b38918",
          "bucketType": "0",
          "response": "Nicht verfügbar",
          "eventName": "LiveKernelEvent",
          "cabGuid": "0",
          "cabId": "0"
        },
        "system": {
          "eventID": "1001",
          "keywords": "0x8000000000000000",
          "providerGuid": "{0ead09bd-2157-539a-8d6d-c87f95b64d70}",
          "level": "4",
          "channel": "Application",
          "opcode": "0",
          "message": "\"Fehlerbucket , Typ 0\r\nEreignisname: LiveKernelEvent\r\nAntwort: Nicht verfügbar\r\nCAB-Datei-ID: 0\r\n\r\nProblemsignatur:\r\nP1: 193\r\nP2: 80e\r\nP3: ffffb783312ad080\r\nP4: ffffa70ba9de59d0\r\nP5: 0\r\nP6: 10_0_26200\r\nP7: 0_0\r\nP8: 256_1\r\nP9: \r\nP10: \r\n\r\nAngefügte Dateien:\r\n\\\\?\\C:\\WINDOWS\\LiveKernelReports\\WATCHDOG\\WATCHDOG-20260505-0711.dmp\r\n\\\\?\\C:\\WINDOWS\\SystemTemp\\WER-44657953-0.sysdata.xml\r\n\\\\?\\C:\\ProgramData\\Microsoft\\Windows\\WER\\Temp\\WER.7e296fc1-5862-44ce-801d-ec862999b600.tmp.WERInternalMetadata.xml\r\n\\\\?\\C:\\ProgramData\\Microsoft\\Windows\\WER\\Temp\\WER.2a669604-bc3d-4435-b746-8ed48a89c0ae.tmp.csv\r\n\\\\?\\C:\\ProgramData\\Microsoft\\Windows\\WER\\Temp\\WER.22741a9f-e060-40f4-a12d-9c970f99b846.tmp.txt\r\n\\\\?\\C:\\ProgramData\\Microsoft\\Windows\\WER\\Temp\\WER.0fa24df3-1748-429a-b2a5-14d5b40e98b8.tmp.xml\r\n\r\nDiese Dateien befinden sich möglicherweise hier:\r\n\\\\?\\C:\\ProgramData\\Microsoft\\Windows\\WER\\ReportQueue\\Kernel_193_2b134bb68545f7559bb5ceebeb961e85af218b_00000000_e22bac24-4349-46c1-bf6e-428a53b38918\r\n\r\nAnalysesymbol: \r\nEs wird erneut nach einer Lösung gesucht: 0\r\nBerichts-ID: e22bac24-4349-46c1-bf6e-428a53b38918\r\nBerichtstatus: 2051\r\nBucket mit Hash: \r\nCAB-Datei-Guid: 0\"",
          "version": "0",
          "systemTime": "2026-05-26T03:12:28.0824676Z",
          "eventRecordID": "172571",
          "threadID": "19808",
          "computer": "SW-Norman.arzw.local",
          "task": "0",
          "processID": "12776",
          "severityValue": "INFORMATION",
          "providerName": "Windows Error Reporting"
        }
      }
    },
    "rule": {
      "firedtimes": 6,
      "mail": false,
      "level": 4,
      "description": "Summary event of the report's signatures.",
      "groups": [
        "windows",
        "windows_application"
      ],
      "id": "60608"
    },
    "location": "EventChannel",
    "decoder": {
      "name": "windows_eventchannel"
    },
    "id": "1779765177.1648116",
    "timestamp": "2026-05-26T03:12:57.005+0000"
  },
  {
    "input": {
      "type": "log"
    },
    "agent": {
      "ip": "10.0.139.214",
      "name": "SW-Norman",
      "id": "085"
    },
    "manager": {
      "name": "wazuh.manager"
    },
    "data": {
      "win": {
        "eventdata": {
          "p1": "193",
          "p2": "80e",
          "rechecking": "0",
          "p3": "ffffa70bfa4ea080",
          "attachedFiles": "  \\\\\\\\?\\\\C:\\\\WINDOWS\\\\LiveKernelReports\\\\WATCHDOG\\\\WATCHDOG-20260302-0954.dmp  \\\\\\\\?\\\\C:\\\\WINDOWS\\\\SystemTemp\\\\WER-173867718-0.sysdata.xml  \\\\\\\\?\\\\C:\\\\ProgramData\\\\Microsoft\\\\Windows\\\\WER\\\\Temp\\\\WER.117e88a5-076b-4284-9e83-1794d077cb05.tmp.WERInternalMetadata.xml  \\\\\\\\?\\\\C:\\\\ProgramData\\\\Microsoft\\\\Windows\\\\WER\\\\Temp\\\\WER.18794577-445e-4b4e-9a65-40991df42614.tmp.csv  \\\\\\\\?\\\\C:\\\\ProgramData\\\\Microsoft\\\\Windows\\\\WER\\\\Temp\\\\WER.d260da55-3a2c-4dc9-a4f9-2ec945a42b5e.tmp.txt  \\\\\\\\?\\\\C:\\\\ProgramData\\\\Microsoft\\\\Windows\\\\WER\\\\Temp\\\\WER.682694b8-36c3-407b-bafb-c08284f37481.tmp.xml",
          "p4": "ffff808e27ea44e0",
          "reportId": "1e003b01-1182-42b9-bc16-1b7009caed84",
          "p5": "0",
          "p6": "10_0_26200",
          "p7": "0_0",
          "p8": "256_1",
          "reportStatus": "2051",
          "storePath": "\\\\\\\\?\\\\C:\\\\ProgramData\\\\Microsoft\\\\Windows\\\\WER\\\\ReportQueue\\\\Kernel_193_eb3e45e48fd4612f487d5a429522ab86a503fcc_00000000_1e003b01-1182-42b9-bc16-1b7009caed84",
          "bucketType": "0",
          "response": "Nicht verfügbar",
          "eventName": "LiveKernelEvent",
          "cabGuid": "0",
          "cabId": "0"
        },
        "system": {
          "eventID": "1001",
          "keywords": "0x8000000000000000",
          "providerGuid": "{0ead09bd-2157-539a-8d6d-c87f95b64d70}",
          "level": "4",
          "channel": "Application",
          "opcode": "0",
          "message": "\"Fehlerbucket , Typ 0\r\nEreignisname: LiveKernelEvent\r\nAntwort: Nicht verfügbar\r\nCAB-Datei-ID: 0\r\n\r\nProblemsignatur:\r\nP1: 193\r\nP2: 80e\r\nP3: ffffa70bfa4ea080\r\nP4: ffff808e27ea44e0\r\nP5: 0\r\nP6: 10_0_26200\r\nP7: 0_0\r\nP8: 256_1\r\nP9: \r\nP10: \r\n\r\nAngefügte Dateien:\r\n\\\\?\\C:\\WINDOWS\\LiveKernelReports\\WATCHDOG\\WATCHDOG-20260302-0954.dmp\r\n\\\\?\\C:\\WINDOWS\\SystemTemp\\WER-173867718-0.sysdata.xml\r\n\\\\?\\C:\\ProgramData\\Microsoft\\Windows\\WER\\Temp\\WER.117e88a5-076b-4284-9e83-1794d077cb05.tmp.WERInternalMetadata.xml\r\n\\\\?\\C:\\ProgramData\\Microsoft\\Windows\\WER\\Temp\\WER.18794577-445e-4b4e-9a65-40991df42614.tmp.csv\r\n\\\\?\\C:\\ProgramData\\Microsoft\\Windows\\WER\\Temp\\WER.d260da55-3a2c-4dc9-a4f9-2ec945a42b5e.tmp.txt\r\n\\\\?\\C:\\ProgramData\\Microsoft\\Windows\\WER\\Temp\\WER.682694b8-36c3-407b-bafb-c08284f37481.tmp.xml\r\n\r\nDiese Dateien befinden sich möglicherweise hier:\r\n\\\\?\\C:\\ProgramData\\Microsoft\\Windows\\WER\\ReportQueue\\Kernel_193_eb3e45e48fd4612f487d5a429522ab86a503fcc_00000000_1e003b01-1182-42b9-bc16-1b7009caed84\r\n\r\nAnalysesymbol: \r\nEs wird erneut nach einer Lösung gesucht: 0\r\nBerichts-ID: 1e003b01-1182-42b9-bc16-1b7009caed84\r\nBerichtstatus: 2051\r\nBucket mit Hash: \r\nCAB-Datei-Guid: 0\"",
          "version": "0",
          "systemTime": "2026-05-26T03:12:27.4167114Z",
          "eventRecordID": "172569",
          "threadID": "19808",
          "computer": "SW-Norman.arzw.local",
          "task": "0",
          "processID": "12776",
          "severityValue": "INFORMATION",
          "providerName": "Windows Error Reporting"
        }
      }
    },
    "rule": {
      "firedtimes": 4,
      "mail": false,
      "level": 4,
      "description": "Summary event of the report's signatures.",
      "groups": [
        "windows",
        "windows_application"
      ],
      "id": "60608"
    },
    "location": "EventChannel",
    "decoder": {
      "name": "windows_eventchannel"
    },
    "id": "1779765177.1635936",
    "timestamp": "2026-05-26T03:12:57.004+0000"
  },
  {
    "input": {
      "type": "log"
    },
    "agent": {
      "ip": "10.0.139.214",
      "name": "SW-Norman",
      "id": "085"
    },
    "manager": {
      "name": "wazuh.manager"
    },
    "data": {
      "win": {
        "eventdata": {
          "p1": "193",
          "p2": "80e",
          "rechecking": "0",
          "p3": "ffff9c07f4bf1080",
          "attachedFiles": "  \\\\\\\\?\\\\C:\\\\WINDOWS\\\\LiveKernelReports\\\\WATCHDOG\\\\WATCHDOG-20260423-1136.dmp  \\\\\\\\?\\\\C:\\\\WINDOWS\\\\SystemTemp\\\\WER-3770421-0.sysdata.xml  \\\\\\\\?\\\\C:\\\\ProgramData\\\\Microsoft\\\\Windows\\\\WER\\\\Temp\\\\WER.65d55ba5-ef81-4006-b314-1343a30817d4.tmp.WERInternalMetadata.xml  \\\\\\\\?\\\\C:\\\\ProgramData\\\\Microsoft\\\\Windows\\\\WER\\\\Temp\\\\WER.6dfc2f00-d005-4fdc-b978-e5ef8bace031.tmp.csv  \\\\\\\\?\\\\C:\\\\ProgramData\\\\Microsoft\\\\Windows\\\\WER\\\\Temp\\\\WER.752fa039-f7ab-42d4-8040-2c5d8d9b2c9d.tmp.txt  \\\\\\\\?\\\\C:\\\\ProgramData\\\\Microsoft\\\\Windows\\\\WER\\\\Temp\\\\WER.5a153da6-708e-4e66-8a63-2ce5e3b4ab1b.tmp.xml",
          "p4": "ffff8402c1f1bd70",
          "reportId": "65519e32-2d6b-48d5-8642-e5c4c80f1da0",
          "p5": "0",
          "p6": "10_0_26200",
          "p7": "0_0",
          "p8": "256_1",
          "reportStatus": "2051",
          "storePath": "\\\\\\\\?\\\\C:\\\\ProgramData\\\\Microsoft\\\\Windows\\\\WER\\\\ReportQueue\\\\Kernel_193_80582d7cc4f962d8d432131cd25fa99a3c425144_00000000_65519e32-2d6b-48d5-8642-e5c4c80f1da0",
          "bucketType": "0",
          "response": "Nicht verfügbar",
          "eventName": "LiveKernelEvent",
          "cabGuid": "0",
          "cabId": "0"
        },
        "system": {
          "eventID": "1001",
          "keywords": "0x8000000000000000",
          "providerGuid": "{0ead09bd-2157-539a-8d6d-c87f95b64d70}",
          "level": "4",
          "channel": "Application",
          "opcode": "0",
          "message": "\"Fehlerbucket , Typ 0\r\nEreignisname: LiveKernelEvent\r\nAntwort: Nicht verfügbar\r\nCAB-Datei-ID: 0\r\n\r\nProblemsignatur:\r\nP1: 193\r\nP2: 80e\r\nP3: ffff9c07f4bf1080\r\nP4: ffff8402c1f1bd70\r\nP5: 0\r\nP6: 10_0_26200\r\nP7: 0_0\r\nP8: 256_1\r\nP9: \r\nP10: \r\n\r\nAngefügte Dateien:\r\n\\\\?\\C:\\WINDOWS\\LiveKernelReports\\WATCHDOG\\WATCHDOG-20260423-1136.dmp\r\n\\\\?\\C:\\WINDOWS\\SystemTemp\\WER-3770421-0.sysdata.xml\r\n\\\\?\\C:\\ProgramData\\Microsoft\\Windows\\WER\\Temp\\WER.65d55ba5-ef81-4006-b314-1343a30817d4.tmp.WERInternalMetadata.xml\r\n\\\\?\\C:\\ProgramData\\Microsoft\\Windows\\WER\\Temp\\WER.6dfc2f00-d005-4fdc-b978-e5ef8bace031.tmp.csv\r\n\\\\?\\C:\\ProgramData\\Microsoft\\Windows\\WER\\Temp\\WER.752fa039-f7ab-42d4-8040-2c5d8d9b2c9d.tmp.txt\r\n\\\\?\\C:\\ProgramData\\Microsoft\\Windows\\WER\\Temp\\WER.5a153da6-708e-4e66-8a63-2ce5e3b4ab1b.tmp.xml\r\n\r\nDiese Dateien befinden sich möglicherweise hier:\r\n\\\\?\\C:\\ProgramData\\Microsoft\\Windows\\WER\\ReportQueue\\Kernel_193_80582d7cc4f962d8d432131cd25fa99a3c425144_00000000_65519e32-2d6b-48d5-8642-e5c4c80f1da0\r\n\r\nAnalysesymbol: \r\nEs wird erneut nach einer Lösung gesucht: 0\r\nBerichts-ID: 65519e32-2d6b-48d5-8642-e5c4c80f1da0\r\nBerichtstatus: 2051\r\nBucket mit Hash: \r\nCAB-Datei-Guid: 0\"",
          "version": "0",
          "systemTime": "2026-05-22T21:36:21.0206901Z",
          "eventRecordID": "172560",
          "threadID": "2916",
          "computer": "SW-Norman.arzw.local",
          "task": "0",
          "processID": "26260",
          "severityValue": "INFORMATION",
          "providerName": "Windows Error Reporting"
        }
      }
    },
    "rule": {
      "firedtimes": 1,
      "mail": false,
      "level": 4,
      "description": "Summary event of the report's signatures.",
      "groups": [
        "windows",
        "windows_application"
      ],
      "id": "60608"
    },
    "location": "EventChannel",
    "decoder": {
      "name": "windows_eventchannel"
    },
    "id": "1779765176.1629850",
    "timestamp": "2026-05-26T03:12:56.839+0000"
  },
  {
    "input": {
      "type": "log"
    },
    "agent": {
      "ip": "10.0.139.214",
      "name": "SW-Norman",
      "id": "085"
    },
    "manager": {
      "name": "wazuh.manager"
    },
    "data": {
      "win": {
        "eventdata": {
          "p1": "193",
          "p2": "80e",
          "rechecking": "0",
          "p3": "ffffa70bfa4ea080",
          "attachedFiles": "  \\\\\\\\?\\\\C:\\\\WINDOWS\\\\LiveKernelReports\\\\WATCHDOG\\\\WATCHDOG-20260302-0954.dmp  \\\\\\\\?\\\\C:\\\\WINDOWS\\\\SystemTemp\\\\WER-173867718-0.sysdata.xml  \\\\\\\\?\\\\C:\\\\ProgramData\\\\Microsoft\\\\Windows\\\\WER\\\\Temp\\\\WER.117e88a5-076b-4284-9e83-1794d077cb05.tmp.WERInternalMetadata.xml  \\\\\\\\?\\\\C:\\\\ProgramData\\\\Microsoft\\\\Windows\\\\WER\\\\Temp\\\\WER.18794577-445e-4b4e-9a65-40991df42614.tmp.csv  \\\\\\\\?\\\\C:\\\\ProgramData\\\\Microsoft\\\\Windows\\\\WER\\\\Temp\\\\WER.d260da55-3a2c-4dc9-a4f9-2ec945a42b5e.tmp.txt  \\\\\\\\?\\\\C:\\\\ProgramData\\\\Microsoft\\\\Windows\\\\WER\\\\Temp\\\\WER.682694b8-36c3-407b-bafb-c08284f37481.tmp.xml",
          "p4": "ffff808e27ea44e0",
          "reportId": "1e003b01-1182-42b9-bc16-1b7009caed84",
          "p5": "0",
          "p6": "10_0_26200",
          "p7": "0_0",
          "p8": "256_1",
          "reportStatus": "2051",
          "storePath": "\\\\\\\\?\\\\C:\\\\ProgramData\\\\Microsoft\\\\Windows\\\\WER\\\\ReportQueue\\\\Kernel_193_eb3e45e48fd4612f487d5a429522ab86a503fcc_00000000_1e003b01-1182-42b9-bc16-1b7009caed84",
          "bucketType": "0",
          "response": "Nicht verfügbar",
          "eventName": "LiveKernelEvent",
          "cabGuid": "0",
          "cabId": "0"
        },
        "system": {
          "eventID": "1001",
          "keywords": "0x8000000000000000",
          "providerGuid": "{0ead09bd-2157-539a-8d6d-c87f95b64d70}",
          "level": "4",
          "channel": "Application",
          "opcode": "0",
          "message": "\"Fehlerbucket , Typ 0\r\nEreignisname: LiveKernelEvent\r\nAntwort: Nicht verfügbar\r\nCAB-Datei-ID: 0\r\n\r\nProblemsignatur:\r\nP1: 193\r\nP2: 80e\r\nP3: ffffa70bfa4ea080\r\nP4: ffff808e27ea44e0\r\nP5: 0\r\nP6: 10_0_26200\r\nP7: 0_0\r\nP8: 256_1\r\nP9: \r\nP10: \r\n\r\nAngefügte Dateien:\r\n\\\\?\\C:\\WINDOWS\\LiveKernelReports\\WATCHDOG\\WATCHDOG-20260302-0954.dmp\r\n\\\\?\\C:\\WINDOWS\\SystemTemp\\WER-173867718-0.sysdata.xml\r\n\\\\?\\C:\\ProgramData\\Microsoft\\Windows\\WER\\Temp\\WER.117e88a5-076b-4284-9e83-1794d077cb05.tmp.WERInternalMetadata.xml\r\n\\\\?\\C:\\ProgramData\\Microsoft\\Windows\\WER\\Temp\\WER.18794577-445e-4b4e-9a65-40991df42614.tmp.csv\r\n\\\\?\\C:\\ProgramData\\Microsoft\\Windows\\WER\\Temp\\WER.d260da55-3a2c-4dc9-a4f9-2ec945a42b5e.tmp.txt\r\n\\\\?\\C:\\ProgramData\\Microsoft\\Windows\\WER\\Temp\\WER.682694b8-36c3-407b-bafb-c08284f37481.tmp.xml\r\n\r\nDiese Dateien befinden sich möglicherweise hier:\r\n\\\\?\\C:\\ProgramData\\Microsoft\\Windows\\WER\\ReportQueue\\Kernel_193_eb3e45e48fd4612f487d5a429522ab86a503fcc_00000000_1e003b01-1182-42b9-bc16-1b7009caed84\r\n\r\nAnalysesymbol: \r\nEs wird erneut nach einer Lösung gesucht: 0\r\nBerichts-ID: 1e003b01-1182-42b9-bc16-1b7009caed84\r\nBerichtstatus: 2051\r\nBucket mit Hash: \r\nCAB-Datei-Guid: 0\"",
          "version": "0",
          "systemTime": "2026-05-22T21:36:20.9677175Z",
          "eventRecordID": "172559",
          "threadID": "2916",
          "computer": "SW-Norman.arzw.local",
          "task": "0",
          "processID": "26260",
          "severityValue": "INFORMATION",
          "providerName": "Windows Error Reporting"
        }
      }
    },
    "rule": {
      "firedtimes": 2,
      "mail": false,
      "level": 4,
      "description": "Summary event of the report's signatures.",
      "groups": [
        "windows",
        "windows_application"
      ],
      "id": "60608"
    },
    "location": "EventChannel",
    "decoder": {
      "name": "windows_eventchannel"
    },
    "id": "1779765176.1617678",
    "timestamp": "2026-05-26T03:12:56.839+0000"
  },
  {
    "input": {
      "type": "log"
    },
    "agent": {
      "ip": "10.0.139.214",
      "name": "SW-Norman",
      "id": "085"
    },
    "manager": {
      "name": "wazuh.manager"
    },
    "data": {
      "win": {
        "eventdata": {
          "p1": "193",
          "p2": "80e",
          "rechecking": "0",
          "p3": "ffffb783312ad080",
          "attachedFiles": "  \\\\\\\\?\\\\C:\\\\WINDOWS\\\\LiveKernelReports\\\\WATCHDOG\\\\WATCHDOG-20260505-0711.dmp  \\\\\\\\?\\\\C:\\\\WINDOWS\\\\SystemTemp\\\\WER-44657953-0.sysdata.xml  \\\\\\\\?\\\\C:\\\\ProgramData\\\\Microsoft\\\\Windows\\\\WER\\\\Temp\\\\WER.7e296fc1-5862-44ce-801d-ec862999b600.tmp.WERInternalMetadata.xml  \\\\\\\\?\\\\C:\\\\ProgramData\\\\Microsoft\\\\Windows\\\\WER\\\\Temp\\\\WER.2a669604-bc3d-4435-b746-8ed48a89c0ae.tmp.csv  \\\\\\\\?\\\\C:\\\\ProgramData\\\\Microsoft\\\\Windows\\\\WER\\\\Temp\\\\WER.22741a9f-e060-40f4-a12d-9c970f99b846.tmp.txt  \\\\\\\\?\\\\C:\\\\ProgramData\\\\Microsoft\\\\Windows\\\\WER\\\\Temp\\\\WER.0fa24df3-1748-429a-b2a5-14d5b40e98b8.tmp.xml",
          "p4": "ffffa70ba9de59d0",
          "reportId": "e22bac24-4349-46c1-bf6e-428a53b38918",
          "p5": "0",
          "p6": "10_0_26200",
          "p7": "0_0",
          "p8": "256_1",
          "reportStatus": "2051",
          "storePath": "\\\\\\\\?\\\\C:\\\\ProgramData\\\\Microsoft\\\\Windows\\\\WER\\\\ReportQueue\\\\Kernel_193_2b134bb68545f7559bb5ceebeb961e85af218b_00000000_e22bac24-4349-46c1-bf6e-428a53b38918",
          "bucketType": "0",
          "response": "Nicht verfügbar",
          "eventName": "LiveKernelEvent",
          "cabGuid": "0",
          "cabId": "0"
        },
        "system": {
          "eventID": "1001",
          "keywords": "0x8000000000000000",
          "providerGuid": "{0ead09bd-2157-539a-8d6d-c87f95b64d70}",
          "level": "4",
          "channel": "Application",
          "opcode": "0",
          "message": "\"Fehlerbucket , Typ 0\r\nEreignisname: LiveKernelEvent\r\nAntwort: Nicht verfügbar\r\nCAB-Datei-ID: 0\r\n\r\nProblemsignatur:\r\nP1: 193\r\nP2: 80e\r\nP3: ffffb783312ad080\r\nP4: ffffa70ba9de59d0\r\nP5: 0\r\nP6: 10_0_26200\r\nP7: 0_0\r\nP8: 256_1\r\nP9: \r\nP10: \r\n\r\nAngefügte Dateien:\r\n\\\\?\\C:\\WINDOWS\\LiveKernelReports\\WATCHDOG\\WATCHDOG-20260505-0711.dmp\r\n\\\\?\\C:\\WINDOWS\\SystemTemp\\WER-44657953-0.sysdata.xml\r\n\\\\?\\C:\\ProgramData\\Microsoft\\Windows\\WER\\Temp\\WER.7e296fc1-5862-44ce-801d-ec862999b600.tmp.WERInternalMetadata.xml\r\n\\\\?\\C:\\ProgramData\\Microsoft\\Windows\\WER\\Temp\\WER.2a669604-bc3d-4435-b746-8ed48a89c0ae.tmp.csv\r\n\\\\?\\C:\\ProgramData\\Microsoft\\Windows\\WER\\Temp\\WER.22741a9f-e060-40f4-a12d-9c970f99b846.tmp.txt\r\n\\\\?\\C:\\ProgramData\\Microsoft\\Windows\\WER\\Temp\\WER.0fa24df3-1748-429a-b2a5-14d5b40e98b8.tmp.xml\r\n\r\nDiese Dateien befinden sich möglicherweise hier:\r\n\\\\?\\C:\\ProgramData\\Microsoft\\Windows\\WER\\ReportQueue\\Kernel_193_2b134bb68545f7559bb5ceebeb961e85af218b_00000000_e22bac24-4349-46c1-bf6e-428a53b38918\r\n\r\nAnalysesymbol: \r\nEs wird erneut nach einer Lösung gesucht: 0\r\nBerichts-ID: e22bac24-4349-46c1-bf6e-428a53b38918\r\nBerichtstatus: 2051\r\nBucket mit Hash: \r\nCAB-Datei-Guid: 0\"",
          "version": "0",
          "systemTime": "2026-05-22T21:36:21.0625403Z",
          "eventRecordID": "172561",
          "threadID": "2916",
          "computer": "SW-Norman.arzw.local",
          "task": "0",
          "processID": "26260",
          "severityValue": "INFORMATION",
          "providerName": "Windows Error Reporting"
        }
      }
    },
    "rule": {
      "firedtimes": 3,
      "mail": false,
      "level": 4,
      "description": "Summary event of the report's signatures.",
      "groups": [
        "windows",
        "windows_application"
      ],
      "id": "60608"
    },
    "location": "EventChannel",
    "decoder": {
      "name": "windows_eventchannel"
    },
    "id": "1779765176.1623768",
    "timestamp": "2026-05-26T03:12:56.839+0000"
  }
]