  {
    "input": {
      "type": "log"
    },
    "agent": {
      "ip": "172.21.5.61",
      "name": "SW-TEST",
      "id": "091"
    },
    "manager": {
      "name": "wazuh.manager"
    },
    "data": {
      "win": {
        "eventdata": {
          "data": "2026-05-25T13:36:02Z, RulesEngine"
        },
        "system": {
          "eventID": "16384",
          "eventSourceName": "Software Protection Platform Service",
          "keywords": "0x80000000000000",
          "providerGuid": "{E23B33B0-C8C9-472C-A5F9-F2BDFEA0F156}",
          "level": "4",
          "channel": "Application",
          "opcode": "0",
          "message": "\"Successfully scheduled Software Protection service for re-start at 2026-05-25T13:36:02Z. Reason: RulesEngine.\"",
          "version": "0",
          "systemTime": "2026-05-25T07:03:02.0904565Z",
          "eventRecordID": "18727",
          "threadID": "0",
          "computer": "SW-TEST.arzw.local",
          "task": "0",
          "processID": "8548",
          "severityValue": "INFORMATION",
          "providerName": "Microsoft-Windows-Security-SPP"
        }
      }
    },
    "rule": {
      "firedtimes": 3,
      "mail": false,
      "level": 3,
      "description": "Software protection service scheduled successfully.",
      "groups": [
        "windows",
        "windows_application"
      ],
      "id": "60642"
    },
    "location": "EventChannel",
    "decoder": {
      "name": "windows_eventchannel"
    },
    "id": "1779692582.4236926",
    "timestamp": "2026-05-25T07:03:02.094+0000"
  },
  {
    "input": {
      "type": "log"
    },
    "agent": {
      "ip": "172.21.5.61",
      "name": "SW-TEST",
      "id": "091"
    },
    "manager": {
      "name": "wazuh.manager"
    },
    "data": {
      "win": {
        "eventdata": {
          "data": "2026-05-25T13:36:21Z, RulesEngine"
        },
        "system": {
          "eventID": "16384",
          "eventSourceName": "Software Protection Platform Service",
          "keywords": "0x80000000000000",
          "providerGuid": "{E23B33B0-C8C9-472C-A5F9-F2BDFEA0F156}",
          "level": "4",
          "channel": "Application",
          "opcode": "0",
          "message": "\"Successfully scheduled Software Protection service for re-start at 2026-05-25T13:36:21Z. Reason: RulesEngine.\"",
          "version": "0",
          "systemTime": "2026-05-25T06:52:21.5869154Z",
          "eventRecordID": "18725",
          "threadID": "0",
          "computer": "SW-TEST.arzw.local",
          "task": "0",
          "processID": "1848",
          "severityValue": "INFORMATION",
          "providerName": "Microsoft-Windows-Security-SPP"
        }
      }
    },
    "rule": {
      "firedtimes": 23,
      "mail": false,
      "level": 3,
      "description": "Software protection service scheduled successfully.",
      "groups": [
        "windows",
        "windows_application"
      ],
      "id": "60642"
    },
    "location": "EventChannel",
    "decoder": {
      "name": "windows_eventchannel"
    },
    "id": "1779691941.4133513",
    "timestamp": "2026-05-25T06:52:21.586+0000"
  },
  {
    "input": {
      "type": "log"
    },
    "agent": {
      "ip": "172.21.5.61",
      "name": "SW-TEST",
      "id": "091"
    },
    "manager": {
      "name": "wazuh.manager"
    },
    "data": {
      "win": {
        "eventdata": {
          "data": "2026-05-25T13:36:24Z, RulesEngine"
        },
        "system": {
          "eventID": "16384",
          "eventSourceName": "Software Protection Platform Service",
          "keywords": "0x80000000000000",
          "providerGuid": "{E23B33B0-C8C9-472C-A5F9-F2BDFEA0F156}",
          "level": "4",
          "channel": "Application",
          "opcode": "0",
          "message": "\"Successfully scheduled Software Protection service for re-start at 2026-05-25T13:36:24Z. Reason: RulesEngine.\"",
          "version": "0",
          "systemTime": "2026-05-25T06:41:24.6076216Z",
          "eventRecordID": "18723",
          "threadID": "0",
          "computer": "SW-TEST.arzw.local",
          "task": "0",
          "processID": "8284",
          "severityValue": "INFORMATION",
          "providerName": "Microsoft-Windows-Security-SPP"
        }
      }
    },
    "rule": {
      "firedtimes": 16,
      "mail": false,
      "level": 3,
      "description": "Software protection service scheduled successfully.",
      "groups": [
        "windows",
        "windows_application"
      ],
      "id": "60642"
    },
    "location": "EventChannel",
    "decoder": {
      "name": "windows_eventchannel"
    },
    "id": "1779691284.4049729",
    "timestamp": "2026-05-25T06:41:24.602+0000"
  },
  {
    "input": {
      "type": "log"
    },
    "agent": {
      "ip": "172.21.5.61",
      "name": "SW-TEST",
      "id": "091"
    },
    "manager": {
      "name": "wazuh.manager"
    },
    "data": {
      "win": {
        "eventdata": {
          "data": "2026-05-25T13:36:27Z, RulesEngine"
        },
        "system": {
          "eventID": "16384",
          "eventSourceName": "Software Protection Platform Service",
          "keywords": "0x80000000000000",
          "providerGuid": "{E23B33B0-C8C9-472C-A5F9-F2BDFEA0F156}",
          "level": "4",
          "channel": "Application",
          "opcode": "0",
          "message": "\"Successfully scheduled Software Protection service for re-start at 2026-05-25T13:36:27Z. Reason: RulesEngine.\"",
          "version": "0",
          "systemTime": "2026-05-25T06:38:27.0436403Z",
          "eventRecordID": "18721",
          "threadID": "0",
          "computer": "SW-TEST.arzw.local",
          "task": "0",
          "processID": "10992",
          "severityValue": "INFORMATION",
          "providerName": "Microsoft-Windows-Security-SPP"
        }
      }
    },
    "rule": {
      "firedtimes": 14,
      "mail": false,
      "level": 3,
      "description": "Software protection service scheduled successfully.",
      "groups": [
        "windows",
        "windows_application"
      ],
      "id": "60642"
    },
    "location": "EventChannel",
    "decoder": {
      "name": "windows_eventchannel"
    },
    "id": "1779691107.4033289",
    "timestamp": "2026-05-25T06:38:27.036+0000"
  },
  {
    "input": {
      "type": "log"
    },
    "agent": {
      "ip": "172.21.5.61",
      "name": "SW-TEST",
      "id": "091"
    },
    "manager": {
      "name": "wazuh.manager"
    },
    "data": {
      "win": {
        "eventdata": {
          "data": "2026-05-25T13:36:02Z, RulesEngine"
        },
        "system": {
          "eventID": "16384",
          "eventSourceName": "Software Protection Platform Service",
          "keywords": "0x80000000000000",
          "providerGuid": "{E23B33B0-C8C9-472C-A5F9-F2BDFEA0F156}",
          "level": "4",
          "channel": "Application",
          "opcode": "0",
          "message": "\"Successfully scheduled Software Protection service for re-start at 2026-05-25T13:36:02Z. Reason: RulesEngine.\"",
          "version": "0",
          "systemTime": "2026-05-25T06:33:02.3227357Z",
          "eventRecordID": "18719",
          "threadID": "0",
          "computer": "SW-TEST.arzw.local",
          "task": "0",
          "processID": "11076",
          "severityValue": "INFORMATION",
          "providerName": "Microsoft-Windows-Security-SPP"
        }
      }
    },
    "rule": {
      "firedtimes": 13,
      "mail": false,
      "level": 3,
      "description": "Software protection service scheduled successfully.",
      "groups": [
        "windows",
        "windows_application"
      ],
      "id": "60642"
    },
    "location": "EventChannel",
    "decoder": {
      "name": "windows_eventchannel"
    },
    "id": "1779690782.3978165",
    "timestamp": "2026-05-25T06:33:02.312+0000"
  },
  {
    "input": {
      "type": "log"
    },
    "agent": {
      "ip": "172.21.5.61",
      "name": "SW-TEST",
      "id": "091"
    },
    "manager": {
      "name": "wazuh.manager"
    },
    "data": {
      "win": {
        "eventdata": {
          "targetLogonId": "0x1e4ff956",
          "targetUserName": "SW-TEST$",
          "targetDomainName": "ARZW",
          "targetUserSid": "S-1-5-18",
          "logonType": "3"
        },
        "system": {
          "eventID": "4634",
          "keywords": "0x8020000000000000",
          "providerGuid": "{54849625-5478-4994-a5ba-3e3b0328c30d}",
          "level": "0",
          "channel": "Security",
          "opcode": "0",
          "message": "\"An account was logged off.\r\n\r\nSubject:\r\n\tSecurity ID:\t\tS-1-5-18\r\n\tAccount Name:\t\tSW-TEST$\r\n\tAccount Domain:\t\tARZW\r\n\tLogon ID:\t\t0x1E4FF956\r\n\r\nLogon Type:\t\t\t3\r\n\r\nThis event is generated when a logon session is destroyed. It may be positively correlated with a logon event using the Logon ID value. Logon IDs are only unique between reboots on the same computer.\"",
          "version": "0",
          "systemTime": "2026-05-25T06:03:34.2073109Z",
          "eventRecordID": "593581",
          "threadID": "8760",
          "computer": "SW-TEST.arzw.local",
          "task": "12545",
          "processID": "852",
          "severityValue": "AUDIT_SUCCESS",
          "providerName": "Microsoft-Windows-Security-Auditing"
        }
      }
    },
    "rule": {
      "firedtimes": 2,
      "mail": false,
      "level": 3,
      "pci_dss": [
        "10.2.5"
      ],
      "hipaa": [
        "164.312.b"
      ],
      "tsc": [
        "CC6.8",
        "CC7.2",
        "CC7.3"
      ],
      "description": "Windows User Logoff",
      "groups": [
        "windows",
        "windows_security"
      ],
      "id": "60137",
      "nist_800_53": [
        "AU.14",
        "AC.7"
      ],
      "gdpr": [
        "IV_32.2"
      ]
    },
    "location": "EventChannel",
    "decoder": {
      "name": "windows_eventchannel"
    },
    "id": "1779689014.3660453",
    "timestamp": "2026-05-25T06:03:34.853+0000"
  },
  {
    "input": {
      "type": "log"
    },
    "agent": {
      "ip": "172.21.5.61",
      "name": "SW-TEST",
      "id": "091"
    },
    "manager": {
      "name": "wazuh.manager"
    },
    "data": {
      "win": {
        "eventdata": {
          "subjectLogonId": "0x0",
          "targetLinkedLogonId": "0x0",
          "impersonationLevel": "%%1833",
          "ipAddress": "::1",
          "authenticationPackageName": "Kerberos",
          "targetLogonId": "0x1e4ff956",
          "logonProcessName": "Kerberos",
          "logonGuid": "{8c7ab29a-05eb-b267-c528-7e9cd5e4e401}",
          "targetUserName": "SW-TEST$",
          "keyLength": "0",
          "elevatedToken": "%%1842",
          "subjectUserSid": "S-1-0-0",
          "processId": "0x0",
          "ipPort": "0",
          "targetDomainName": "ARZW.LOCAL",
          "targetUserSid": "S-1-5-18",
          "virtualAccount": "%%1843",
          "logonType": "3"
        },
        "system": {
          "eventID": "4624",
          "keywords": "0x8020000000000000",
          "providerGuid": "{54849625-5478-4994-a5ba-3e3b0328c30d}",
          "level": "0",
          "channel": "Security",
          "opcode": "0",
          "message": "\"An account was successfully logged on.\r\n\r\nSubject:\r\n\tSecurity ID:\t\tS-1-0-0\r\n\tAccount Name:\t\t-\r\n\tAccount Domain:\t\t-\r\n\tLogon ID:\t\t0x0\r\n\r\nLogon Information:\r\n\tLogon Type:\t\t3\r\n\tRestricted Admin Mode:\t-\r\n\tRemote Credential Guard:\t-\r\n\tVirtual Account:\t\tNo\r\n\tElevated Token:\t\tYes\r\n\r\nImpersonation Level:\t\tImpersonation\r\n\r\nNew Logon:\r\n\tSecurity ID:\t\tS-1-5-18\r\n\tAccount Name:\t\tSW-TEST$\r\n\tAccount Domain:\t\tARZW.LOCAL\r\n\tLogon ID:\t\t0x1E4FF956\r\n\tLinked Logon ID:\t\t0x0\r\n\tNetwork Account Name:\t-\r\n\tNetwork Account Domain:\t-\r\n\tLogon GUID:\t\t{8c7ab29a-05eb-b267-c528-7e9cd5e4e401}\r\n\r\nProcess Information:\r\n\tProcess ID:\t\t0x0\r\n\tProcess Name:\t\t-\r\n\r\nNetwork Information:\r\n\tWorkstation Name:\t-\r\n\tSource Network Address:\t::1\r\n\tSource Port:\t\t0\r\n\r\nDetailed Authentication Information:\r\n\tLogon Process:\t\tKerberos\r\n\tAuthentication Package:\tKerberos\r\n\tTransited Services:\t-\r\n\tPackage Name (NTLM only):\t-\r\n\tKey Length:\t\t0\r\n\r\nThis event is generated when a logon session is created. It is generated on the computer that was accessed.\r\n\r\nThe subject fields indicate the account on the local system which requested the logon. This is most commonly a service such as the Server service, or a local process such as Winlogon.exe or Services.exe.\r\n\r\nThe logon type field indicates the kind of logon that occurred. The most common types are 2 (interactive) and 3 (network).\r\n\r\nThe New Logon fields indicate the account for whom the new logon was created, i.e. the account that was logged on.\r\n\r\nThe network fields indicate where a remote logon request originated. Workstation name is not always available and may be left blank in some cases.\r\n\r\nThe impersonation level field indicates the extent to which a process in the logon session can impersonate.\r\n\r\nThe authentication information fields provide detailed information about this specific logon request.\r\n\t- Logon GUID is a unique identifier that can be used to correlate this event with a KDC event.\r\n\t- Transited services indicate which intermediate services have participated in this logon request.\r\n\t- Package name indicates which sub-protocol was used among the NTLM protocols.\r\n\t- Key length indicates the length of the generated session key. This will be 0 if no session key was requested.\"",
          "version": "3",
          "systemTime": "2026-05-25T06:03:34.2068630Z",
          "eventRecordID": "593580",
          "threadID": "8760",
          "computer": "SW-TEST.arzw.local",
          "task": "12544",
          "processID": "852",
          "severityValue": "AUDIT_SUCCESS",
          "providerName": "Microsoft-Windows-Security-Auditing"
        }
      }
    },
    "rule": {
      "mail": false,
      "level": 3,
      "pci_dss": [
        "10.2.5"
      ],
      "hipaa": [
        "164.312.b"
      ],
      "tsc": [
        "CC6.8",
        "CC7.2",
        "CC7.3"
      ],
      "description": "Windows Logon Success",
      "groups": [
        "windows",
        "windows_security",
        "authentication_success"
      ],
      "nist_800_53": [
        "AU.14",
        "AC.9"
      ],
      "gdpr": [
        "IV_32.2"
      ],
      "firedtimes": 2,
      "mitre": {
        "technique": [
          "Valid Accounts"
        ],
        "id": [
          "T1078"
        ],
        "tactic": [
          "Defense Evasion",
          "Persistence",
          "Privilege Escalation",
          "Initial Access"
        ]
      },
      "id": "60106",
      "gpg13": [
        "7.1",
        "7.2"
      ]
    },
    "location": "EventChannel",
    "decoder": {
      "name": "windows_eventchannel"
    },
    "id": "1779689014.3653372",
    "timestamp": "2026-05-25T06:03:34.837+0000"
  },
  {
    "input": {
      "type": "log"
    },
    "agent": {
      "ip": "172.21.5.61",
      "name": "SW-TEST",
      "id": "091"
    },
    "manager": {
      "name": "wazuh.manager"
    },
    "data": {
      "win": {
        "eventdata": {
          "targetLogonId": "0x1e4ff3c4",
          "targetUserName": "SW-TEST$",
          "targetDomainName": "ARZW",
          "targetUserSid": "S-1-5-18",
          "logonType": "3"
        },
        "system": {
          "eventID": "4634",
          "keywords": "0x8020000000000000",
          "providerGuid": "{54849625-5478-4994-a5ba-3e3b0328c30d}",
          "level": "0",
          "channel": "Security",
          "opcode": "0",
          "message": "\"An account was logged off.\r\n\r\nSubject:\r\n\tSecurity ID:\t\tS-1-5-18\r\n\tAccount Name:\t\tSW-TEST$\r\n\tAccount Domain:\t\tARZW\r\n\tLogon ID:\t\t0x1E4FF3C4\r\n\r\nLogon Type:\t\t\t3\r\n\r\nThis event is generated when a logon session is destroyed. It may be positively correlated with a logon event using the Logon ID value. Logon IDs are only unique between reboots on the same computer.\"",
          "version": "0",
          "systemTime": "2026-05-25T06:03:34.2052628Z",
          "eventRecordID": "593578",
          "threadID": "8760",
          "computer": "SW-TEST.arzw.local",
          "task": "12545",
          "processID": "852",
          "severityValue": "AUDIT_SUCCESS",
          "providerName": "Microsoft-Windows-Security-Auditing"
        }
      }
    },
    "rule": {
      "firedtimes": 1,
      "mail": false,
      "level": 3,
      "pci_dss": [
        "10.2.5"
      ],
      "hipaa": [
        "164.312.b"
      ],
      "tsc": [
        "CC6.8",
        "CC7.2",
        "CC7.3"
      ],
      "description": "Windows User Logoff",
      "groups": [
        "windows",
        "windows_security"
      ],
      "id": "60137",
      "nist_800_53": [
        "AU.14",
        "AC.7"
      ],
      "gdpr": [
        "IV_32.2"
      ]
    },
    "location": "EventChannel",
    "decoder": {
      "name": "windows_eventchannel"
    },
    "id": "1779689014.3651050",
    "timestamp": "2026-05-25T06:03:34.805+0000"
  },
  {
    "input": {
      "type": "log"
    },
    "agent": {
      "ip": "172.21.5.61",
      "name": "SW-TEST",
      "id": "091"
    },
    "manager": {
      "name": "wazuh.manager"
    },
    "data": {
      "win": {
        "eventdata": {
          "subjectLogonId": "0x0",
          "targetLinkedLogonId": "0x0",
          "impersonationLevel": "%%1833",
          "ipAddress": "::1",
          "authenticationPackageName": "Kerberos",
          "targetLogonId": "0x1e4ff3c4",
          "logonProcessName": "Kerberos",
          "logonGuid": "{8c7ab29a-05eb-b267-c528-7e9cd5e4e401}",
          "targetUserName": "SW-TEST$",
          "keyLength": "0",
          "elevatedToken": "%%1842",
          "subjectUserSid": "S-1-0-0",
          "processId": "0x0",
          "ipPort": "0",
          "targetDomainName": "ARZW.LOCAL",
          "targetUserSid": "S-1-5-18",
          "virtualAccount": "%%1843",
          "logonType": "3"
        },
        "system": {
          "eventID": "4624",
          "keywords": "0x8020000000000000",
          "providerGuid": "{54849625-5478-4994-a5ba-3e3b0328c30d}",
          "level": "0",
          "channel": "Security",
          "opcode": "0",
          "message": "\"An account was successfully logged on.\r\n\r\nSubject:\r\n\tSecurity ID:\t\tS-1-0-0\r\n\tAccount Name:\t\t-\r\n\tAccount Domain:\t\t-\r\n\tLogon ID:\t\t0x0\r\n\r\nLogon Information:\r\n\tLogon Type:\t\t3\r\n\tRestricted Admin Mode:\t-\r\n\tRemote Credential Guard:\t-\r\n\tVirtual Account:\t\tNo\r\n\tElevated Token:\t\tYes\r\n\r\nImpersonation Level:\t\tImpersonation\r\n\r\nNew Logon:\r\n\tSecurity ID:\t\tS-1-5-18\r\n\tAccount Name:\t\tSW-TEST$\r\n\tAccount Domain:\t\tARZW.LOCAL\r\n\tLogon ID:\t\t0x1E4FF3C4\r\n\tLinked Logon ID:\t\t0x0\r\n\tNetwork Account Name:\t-\r\n\tNetwork Account Domain:\t-\r\n\tLogon GUID:\t\t{8c7ab29a-05eb-b267-c528-7e9cd5e4e401}\r\n\r\nProcess Information:\r\n\tProcess ID:\t\t0x0\r\n\tProcess Name:\t\t-\r\n\r\nNetwork Information:\r\n\tWorkstation Name:\t-\r\n\tSource Network Address:\t::1\r\n\tSource Port:\t\t0\r\n\r\nDetailed Authentication Information:\r\n\tLogon Process:\t\tKerberos\r\n\tAuthentication Package:\tKerberos\r\n\tTransited Services:\t-\r\n\tPackage Name (NTLM only):\t-\r\n\tKey Length:\t\t0\r\n\r\nThis event is generated when a logon session is created. It is generated on the computer that was accessed.\r\n\r\nThe subject fields indicate the account on the local system which requested the logon. This is most commonly a service such as the Server service, or a local process such as Winlogon.exe or Services.exe.\r\n\r\nThe logon type field indicates the kind of logon that occurred. The most common types are 2 (interactive) and 3 (network).\r\n\r\nThe New Logon fields indicate the account for whom the new logon was created, i.e. the account that was logged on.\r\n\r\nThe network fields indicate where a remote logon request originated. Workstation name is not always available and may be left blank in some cases.\r\n\r\nThe impersonation level field indicates the extent to which a process in the logon session can impersonate.\r\n\r\nThe authentication information fields provide detailed information about this specific logon request.\r\n\t- Logon GUID is a unique identifier that can be used to correlate this event with a KDC event.\r\n\t- Transited services indicate which intermediate services have participated in this logon request.\r\n\t- Package name indicates which sub-protocol was used among the NTLM protocols.\r\n\t- Key length indicates the length of the generated session key. This will be 0 if no session key was requested.\"",
          "version": "3",
          "systemTime": "2026-05-25T06:03:33.9395938Z",
          "eventRecordID": "593577",
          "threadID": "8760",
          "computer": "SW-TEST.arzw.local",
          "task": "12544",
          "processID": "852",
          "severityValue": "AUDIT_SUCCESS",
          "providerName": "Microsoft-Windows-Security-Auditing"
        }
      }
    },
    "rule": {
      "mail": false,
      "level": 3,
      "pci_dss": [
        "10.2.5"
      ],
      "hipaa": [
        "164.312.b"
      ],
      "tsc": [
        "CC6.8",
        "CC7.2",
        "CC7.3"
      ],
      "description": "Windows Logon Success",
      "groups": [
        "windows",
        "windows_security",
        "authentication_success"
      ],
      "nist_800_53": [
        "AU.14",
        "AC.9"
      ],
      "gdpr": [
        "IV_32.2"
      ],
      "firedtimes": 1,
      "mitre": {
        "technique": [
          "Valid Accounts"
        ],
        "id": [
          "T1078"
        ],
        "tactic": [
          "Defense Evasion",
          "Persistence",
          "Privilege Escalation",
          "Initial Access"
        ]
      },
      "id": "60106",
      "gpg13": [
        "7.1",
        "7.2"
      ]
    },
    "location": "EventChannel",
    "decoder": {
      "name": "windows_eventchannel"
    },
    "id": "1779689014.3643969",
    "timestamp": "2026-05-25T06:03:34.790+0000"
  },
  {
    "input": {
      "type": "log"
    },
    "agent": {
      "ip": "172.21.5.61",
      "name": "SW-TEST",
      "id": "091"
    },
    "manager": {
      "name": "wazuh.manager"
    },
    "data": {
      "win": {
        "eventdata": {
          "data": "2026-05-25T13:36:03Z, RulesEngine"
        },
        "system": {
          "eventID": "16384",
          "eventSourceName": "Software Protection Platform Service",
          "keywords": "0x80000000000000",
          "providerGuid": "{E23B33B0-C8C9-472C-A5F9-F2BDFEA0F156}",
          "level": "4",
          "channel": "Application",
          "opcode": "0",
          "message": "\"Successfully scheduled Software Protection service for re-start at 2026-05-25T13:36:03Z. Reason: RulesEngine.\"",
          "version": "0",
          "systemTime": "2026-05-25T06:03:03.6897954Z",
          "eventRecordID": "18717",
          "threadID": "0",
          "computer": "SW-TEST.arzw.local",
          "task": "0",
          "processID": "1148",
          "severityValue": "INFORMATION",
          "providerName": "Microsoft-Windows-Security-SPP"
        }
      }
    },
    "rule": {
      "firedtimes": 2,
      "mail": false,
      "level": 3,
      "description": "Software protection service scheduled successfully.",
      "groups": [
        "windows",
        "windows_application"
      ],
      "id": "60642"
    },
    "location": "EventChannel",
    "decoder": {
      "name": "windows_eventchannel"
    },
    "id": "1779688983.3642368",
    "timestamp": "2026-05-25T06:03:03.660+0000"
  },
  {
    "input": {
      "type": "log"
    },
    "agent": {
      "ip": "172.21.5.61",
      "name": "SW-TEST",
      "id": "091"
    },
    "manager": {
      "name": "wazuh.manager"
    },
    "data": {
      "win": {
        "eventdata": {
          "data": "2026-05-25T13:35:55Z, RulesEngine"
        },
        "system": {
          "eventID": "16384",
          "eventSourceName": "Software Protection Platform Service",
          "keywords": "0x80000000000000",
          "providerGuid": "{E23B33B0-C8C9-472C-A5F9-F2BDFEA0F156}",
          "level": "4",
          "channel": "Application",
          "opcode": "0",
          "message": "\"Successfully scheduled Software Protection service for re-start at 2026-05-25T13:35:55Z. Reason: RulesEngine.\"",
          "version": "0",
          "systemTime": "2026-05-25T05:38:55.9769711Z",
          "eventRecordID": "18715",
          "threadID": "0",
          "computer": "SW-TEST.arzw.local",
          "task": "0",
          "processID": "1788",
          "severityValue": "INFORMATION",
          "providerName": "Microsoft-Windows-Security-SPP"
        }
      }
    },
    "rule": {
      "firedtimes": 22,
      "mail": false,
      "level": 3,
      "description": "Software protection service scheduled successfully.",
      "groups": [
        "windows",
        "windows_application"
      ],
      "id": "60642"
    },
    "location": "EventChannel",
    "decoder": {
      "name": "windows_eventchannel"
    },
    "id": "1779687535.3496961",
    "timestamp": "2026-05-25T05:38:55.949+0000"
  },
  {
    "input": {
      "type": "log"
    },
    "agent": {
      "ip": "172.21.5.61",
      "name": "SW-TEST",
      "id": "091"
    },
    "manager": {
      "name": "wazuh.manager"
    },
    "data": {
      "win": {
        "eventdata": {
          "data": "2026-05-25T13:36:02Z, RulesEngine"
        },
        "system": {
          "eventID": "16384",
          "eventSourceName": "Software Protection Platform Service",
          "keywords": "0x80000000000000",
          "providerGuid": "{E23B33B0-C8C9-472C-A5F9-F2BDFEA0F156}",
          "level": "4",
          "channel": "Application",
          "opcode": "0",
          "message": "\"Successfully scheduled Software Protection service for re-start at 2026-05-25T13:36:02Z. Reason: RulesEngine.\"",
          "version": "0",
          "systemTime": "2026-05-25T05:33:02.1130524Z",
          "eventRecordID": "18713",
          "threadID": "0",
          "computer": "SW-TEST.arzw.local",
          "task": "0",
          "processID": "728",
          "severityValue": "INFORMATION",
          "providerName": "Microsoft-Windows-Security-SPP"
        }
      }
    },
    "rule": {
      "firedtimes": 19,
      "mail": false,
      "level": 3,
      "description": "Software protection service scheduled successfully.",
      "groups": [
        "windows",
        "windows_application"
      ],
      "id": "60642"
    },
    "location": "EventChannel",
    "decoder": {
      "name": "windows_eventchannel"
    },
    "id": "1779687182.3437891",
    "timestamp": "2026-05-25T05:33:02.087+0000"
  },
  {
    "input": {
      "type": "log"
    },
    "agent": {
      "ip": "172.21.5.61",
      "name": "SW-TEST",
      "id": "091"
    },
    "manager": {
      "name": "wazuh.manager"
    },
    "data": {
      "win": {
        "eventdata": {
          "targetLogonId": "0x1e44e974",
          "targetUserName": "SW-TEST$",
          "targetDomainName": "ARZW",
          "targetUserSid": "S-1-5-18",
          "logonType": "3"
        },
        "system": {
          "eventID": "4634",
          "keywords": "0x8020000000000000",
          "providerGuid": "{54849625-5478-4994-a5ba-3e3b0328c30d}",
          "level": "0",
          "channel": "Security",
          "opcode": "0",
          "message": "\"An account was logged off.\r\n\r\nSubject:\r\n\tSecurity ID:\t\tS-1-5-18\r\n\tAccount Name:\t\tSW-TEST$\r\n\tAccount Domain:\t\tARZW\r\n\tLogon ID:\t\t0x1E44E974\r\n\r\nLogon Type:\t\t\t3\r\n\r\nThis event is generated when a logon session is destroyed. It may be positively correlated with a logon event using the Logon ID value. Logon IDs are only unique between reboots on the same computer.\"",
          "version": "0",
          "systemTime": "2026-05-25T05:30:41.0049991Z",
          "eventRecordID": "593245",
          "threadID": "7812",
          "computer": "SW-TEST.arzw.local",
          "task": "12545",
          "processID": "852",
          "severityValue": "AUDIT_SUCCESS",
          "providerName": "Microsoft-Windows-Security-Auditing"
        }
      }
    },
    "rule": {
      "firedtimes": 12,
      "mail": false,
      "level": 3,
      "pci_dss": [
        "10.2.5"
      ],
      "hipaa": [
        "164.312.b"
      ],
      "tsc": [
        "CC6.8",
        "CC7.2",
        "CC7.3"
      ],
      "description": "Windows User Logoff",
      "groups": [
        "windows",
        "windows_security"
      ],
      "id": "60137",
      "nist_800_53": [
        "AU.14",
        "AC.7"
      ],
      "gdpr": [
        "IV_32.2"
      ]
    },
    "location": "EventChannel",
    "decoder": {
      "name": "windows_eventchannel"
    },
    "id": "1779687042.3350873",
    "timestamp": "2026-05-25T05:30:42.003+0000"
  },
  {
    "input": {
      "type": "log"
    },
    "agent": {
      "ip": "172.21.5.61",
      "name": "SW-TEST",
      "id": "091"
    },
    "manager": {
      "name": "wazuh.manager"
    },
    "data": {
      "win": {
        "eventdata": {
          "subjectLogonId": "0x0",
          "targetLinkedLogonId": "0x0",
          "impersonationLevel": "%%1833",
          "authenticationPackageName": "Kerberos",
          "targetLogonId": "0x1e44e974",
          "logonProcessName": "Kerberos",
          "logonGuid": "{28e1b45a-4339-e675-6021-d7a06ff11ad9}",
          "targetUserName": "SW-TEST$",
          "keyLength": "0",
          "elevatedToken": "%%1842",
          "subjectUserSid": "S-1-0-0",
          "processId": "0x0",
          "targetDomainName": "ARZW.LOCAL",
          "targetUserSid": "S-1-5-18",
          "virtualAccount": "%%1843",
          "logonType": "3"
        },
        "system": {
          "eventID": "4624",
          "keywords": "0x8020000000000000",
          "providerGuid": "{54849625-5478-4994-a5ba-3e3b0328c30d}",
          "level": "0",
          "channel": "Security",
          "opcode": "0",
          "message": "\"An account was successfully logged on.\r\n\r\nSubject:\r\n\tSecurity ID:\t\tS-1-0-0\r\n\tAccount Name:\t\t-\r\n\tAccount Domain:\t\t-\r\n\tLogon ID:\t\t0x0\r\n\r\nLogon Information:\r\n\tLogon Type:\t\t3\r\n\tRestricted Admin Mode:\t-\r\n\tRemote Credential Guard:\t-\r\n\tVirtual Account:\t\tNo\r\n\tElevated Token:\t\tYes\r\n\r\nImpersonation Level:\t\tImpersonation\r\n\r\nNew Logon:\r\n\tSecurity ID:\t\tS-1-5-18\r\n\tAccount Name:\t\tSW-TEST$\r\n\tAccount Domain:\t\tARZW.LOCAL\r\n\tLogon ID:\t\t0x1E44E974\r\n\tLinked Logon ID:\t\t0x0\r\n\tNetwork Account Name:\t-\r\n\tNetwork Account Domain:\t-\r\n\tLogon GUID:\t\t{28e1b45a-4339-e675-6021-d7a06ff11ad9}\r\n\r\nProcess Information:\r\n\tProcess ID:\t\t0x0\r\n\tProcess Name:\t\t-\r\n\r\nNetwork Information:\r\n\tWorkstation Name:\t-\r\n\tSource Network Address:\t-\r\n\tSource Port:\t\t-\r\n\r\nDetailed Authentication Information:\r\n\tLogon Process:\t\tKerberos\r\n\tAuthentication Package:\tKerberos\r\n\tTransited Services:\t-\r\n\tPackage Name (NTLM only):\t-\r\n\tKey Length:\t\t0\r\n\r\nThis event is generated when a logon session is created. It is generated on the computer that was accessed.\r\n\r\nThe subject fields indicate the account on the local system which requested the logon. This is most commonly a service such as the Server service, or a local process such as Winlogon.exe or Services.exe.\r\n\r\nThe logon type field indicates the kind of logon that occurred. The most common types are 2 (interactive) and 3 (network).\r\n\r\nThe New Logon fields indicate the account for whom the new logon was created, i.e. the account that was logged on.\r\n\r\nThe network fields indicate where a remote logon request originated. Workstation name is not always available and may be left blank in some cases.\r\n\r\nThe impersonation level field indicates the extent to which a process in the logon session can impersonate.\r\n\r\nThe authentication information fields provide detailed information about this specific logon request.\r\n\t- Logon GUID is a unique identifier that can be used to correlate this event with a KDC event.\r\n\t- Transited services indicate which intermediate services have participated in this logon request.\r\n\t- Package name indicates which sub-protocol was used among the NTLM protocols.\r\n\t- Key length indicates the length of the generated session key. This will be 0 if no session key was requested.\"",
          "version": "3",
          "systemTime": "2026-05-25T05:30:40.9928712Z",
          "eventRecordID": "593244",
          "threadID": "7812",
          "computer": "SW-TEST.arzw.local",
          "task": "12544",
          "processID": "852",
          "severityValue": "AUDIT_SUCCESS",
          "providerName": "Microsoft-Windows-Security-Auditing"
        }
      }
    },
    "rule": {
      "mail": false,
      "level": 3,
      "pci_dss": [
        "10.2.5"
      ],
      "hipaa": [
        "164.312.b"
      ],
      "tsc": [
        "CC6.8",
        "CC7.2",
        "CC7.3"
      ],
      "description": "Windows Logon Success",
      "groups": [
        "windows",
        "windows_security",
        "authentication_success"
      ],
      "nist_800_53": [
        "AU.14",
        "AC.9"
      ],
      "gdpr": [
        "IV_32.2"
      ],
      "firedtimes": 12,
      "mitre": {
        "technique": [
          "Valid Accounts"
        ],
        "id": [
          "T1078"
        ],
        "tactic": [
          "Defense Evasion",
          "Persistence",
          "Privilege Escalation",
          "Initial Access"
        ]
      },
      "id": "60106",
      "gpg13": [
        "7.1",
        "7.2"
      ]
    },
    "location": "EventChannel",
    "decoder": {
      "name": "windows_eventchannel"
    },
    "id": "1779687041.3343880",
    "timestamp": "2026-05-25T05:30:41.989+0000"
  },
  {
    "input": {
      "type": "log"
    },
    "agent": {
      "ip": "172.21.5.61",
      "name": "SW-TEST",
      "id": "091"
    },
    "manager": {
      "name": "wazuh.manager"
    },
    "data": {
      "win": {
        "eventdata": {
          "targetLogonId": "0x1e44e7b3",
          "targetUserName": "SW-TEST$",
          "targetDomainName": "ARZW",
          "targetUserSid": "S-1-5-18",
          "logonType": "3"
        },
        "system": {
          "eventID": "4634",
          "keywords": "0x8020000000000000",
          "providerGuid": "{54849625-5478-4994-a5ba-3e3b0328c30d}",
          "level": "0",
          "channel": "Security",
          "opcode": "0",
          "message": "\"An account was logged off.\r\n\r\nSubject:\r\n\tSecurity ID:\t\tS-1-5-18\r\n\tAccount Name:\t\tSW-TEST$\r\n\tAccount Domain:\t\tARZW\r\n\tLogon ID:\t\t0x1E44E7B3\r\n\r\nLogon Type:\t\t\t3\r\n\r\nThis event is generated when a logon session is destroyed. It may be positively correlated with a logon event using the Logon ID value. Logon IDs are only unique between reboots on the same computer.\"",
          "version": "0",
          "systemTime": "2026-05-25T05:30:40.9460266Z",
          "eventRecordID": "593241",
          "threadID": "7812",
          "computer": "SW-TEST.arzw.local",
          "task": "12545",
          "processID": "852",
          "severityValue": "AUDIT_SUCCESS",
          "providerName": "Microsoft-Windows-Security-Auditing"
        }
      }
    },
    "rule": {
      "firedtimes": 11,
      "mail": false,
      "level": 3,
      "pci_dss": [
        "10.2.5"
      ],
      "hipaa": [
        "164.312.b"
      ],
      "tsc": [
        "CC6.8",
        "CC7.2",
        "CC7.3"
      ],
      "description": "Windows User Logoff",
      "groups": [
        "windows",
        "windows_security"
      ],
      "id": "60137",
      "nist_800_53": [
        "AU.14",
        "AC.7"
      ],
      "gdpr": [
        "IV_32.2"
      ]
    },
    "location": "EventChannel",
    "decoder": {
      "name": "windows_eventchannel"
    },
    "id": "1779687041.3341558",
    "timestamp": "2026-05-25T05:30:41.941+0000"
  },
  {
    "input": {
      "type": "log"
    },
    "agent": {
      "ip": "172.21.5.61",
      "name": "SW-TEST",
      "id": "091"
    },
    "manager": {
      "name": "wazuh.manager"
    },
    "data": {
      "win": {
        "eventdata": {
          "subjectLogonId": "0x0",
          "targetLinkedLogonId": "0x0",
          "impersonationLevel": "%%1833",
          "authenticationPackageName": "Kerberos",
          "targetLogonId": "0x1e44e7b3",
          "logonProcessName": "Kerberos",
          "logonGuid": "{28e1b45a-4339-e675-6021-d7a06ff11ad9}",
          "targetUserName": "SW-TEST$",
          "keyLength": "0",
          "elevatedToken": "%%1842",
          "subjectUserSid": "S-1-0-0",
          "processId": "0x0",
          "targetDomainName": "ARZW.LOCAL",
          "targetUserSid": "S-1-5-18",
          "virtualAccount": "%%1843",
          "logonType": "3"
        },
        "system": {
          "eventID": "4624",
          "keywords": "0x8020000000000000",
          "providerGuid": "{54849625-5478-4994-a5ba-3e3b0328c30d}",
          "level": "0",
          "channel": "Security",
          "opcode": "0",
          "message": "\"An account was successfully logged on.\r\n\r\nSubject:\r\n\tSecurity ID:\t\tS-1-0-0\r\n\tAccount Name:\t\t-\r\n\tAccount Domain:\t\t-\r\n\tLogon ID:\t\t0x0\r\n\r\nLogon Information:\r\n\tLogon Type:\t\t3\r\n\tRestricted Admin Mode:\t-\r\n\tRemote Credential Guard:\t-\r\n\tVirtual Account:\t\tNo\r\n\tElevated Token:\t\tYes\r\n\r\nImpersonation Level:\t\tImpersonation\r\n\r\nNew Logon:\r\n\tSecurity ID:\t\tS-1-5-18\r\n\tAccount Name:\t\tSW-TEST$\r\n\tAccount Domain:\t\tARZW.LOCAL\r\n\tLogon ID:\t\t0x1E44E7B3\r\n\tLinked Logon ID:\t\t0x0\r\n\tNetwork Account Name:\t-\r\n\tNetwork Account Domain:\t-\r\n\tLogon GUID:\t\t{28e1b45a-4339-e675-6021-d7a06ff11ad9}\r\n\r\nProcess Information:\r\n\tProcess ID:\t\t0x0\r\n\tProcess Name:\t\t-\r\n\r\nNetwork Information:\r\n\tWorkstation Name:\t-\r\n\tSource Network Address:\t-\r\n\tSource Port:\t\t-\r\n\r\nDetailed Authentication Information:\r\n\tLogon Process:\t\tKerberos\r\n\tAuthentication Package:\tKerberos\r\n\tTransited Services:\t-\r\n\tPackage Name (NTLM only):\t-\r\n\tKey Length:\t\t0\r\n\r\nThis event is generated when a logon session is created. It is generated on the computer that was accessed.\r\n\r\nThe subject fields indicate the account on the local system which requested the logon. This is most commonly a service such as the Server service, or a local process such as Winlogon.exe or Services.exe.\r\n\r\nThe logon type field indicates the kind of logon that occurred. The most common types are 2 (interactive) and 3 (network).\r\n\r\nThe New Logon fields indicate the account for whom the new logon was created, i.e. the account that was logged on.\r\n\r\nThe network fields indicate where a remote logon request originated. Workstation name is not always available and may be left blank in some cases.\r\n\r\nThe impersonation level field indicates the extent to which a process in the logon session can impersonate.\r\n\r\nThe authentication information fields provide detailed information about this specific logon request.\r\n\t- Logon GUID is a unique identifier that can be used to correlate this event with a KDC event.\r\n\t- Transited services indicate which intermediate services have participated in this logon request.\r\n\t- Package name indicates which sub-protocol was used among the NTLM protocols.\r\n\t- Key length indicates the length of the generated session key. This will be 0 if no session key was requested.\"",
          "version": "3",
          "systemTime": "2026-05-25T05:30:40.9285204Z",
          "eventRecordID": "593240",
          "threadID": "7812",
          "computer": "SW-TEST.arzw.local",
          "task": "12544",
          "processID": "852",
          "severityValue": "AUDIT_SUCCESS",
          "providerName": "Microsoft-Windows-Security-Auditing"
        }
      }
    },
    "rule": {
      "mail": false,
      "level": 3,
      "pci_dss": [
        "10.2.5"
      ],
      "hipaa": [
        "164.312.b"
      ],
      "tsc": [
        "CC6.8",
        "CC7.2",
        "CC7.3"
      ],
      "description": "Windows Logon Success",
      "groups": [
        "windows",
        "windows_security",
        "authentication_success"
      ],
      "nist_800_53": [
        "AU.14",
        "AC.9"
      ],
      "gdpr": [
        "IV_32.2"
      ],
      "firedtimes": 11,
      "mitre": {
        "technique": [
          "Valid Accounts"
        ],
        "id": [
          "T1078"
        ],
        "tactic": [
          "Defense Evasion",
          "Persistence",
          "Privilege Escalation",
          "Initial Access"
        ]
      },
      "id": "60106",
      "gpg13": [
        "7.1",
        "7.2"
      ]
    },
    "location": "EventChannel",
    "decoder": {
      "name": "windows_eventchannel"
    },
    "id": "1779687041.3334565",
    "timestamp": "2026-05-25T05:30:41.925+0000"
  },
  {
    "input": {
      "type": "log"
    },
    "agent": {
      "ip": "172.21.5.61",
      "name": "SW-TEST",
      "id": "091"
    },
    "manager": {
      "name": "wazuh.manager"
    },
    "data": {
      "win": {
        "eventdata": {
          "data": "2026-05-25T13:36:33Z, RulesEngine"
        },
        "system": {
          "eventID": "16384",
          "eventSourceName": "Software Protection Platform Service",
          "keywords": "0x80000000000000",
          "providerGuid": "{E23B33B0-C8C9-472C-A5F9-F2BDFEA0F156}",
          "level": "4",
          "channel": "Application",
          "opcode": "0",
          "message": "\"Successfully scheduled Software Protection service for re-start at 2026-05-25T13:36:33Z. Reason: RulesEngine.\"",
          "version": "0",
          "systemTime": "2026-05-25T05:13:34.0031670Z",
          "eventRecordID": "18710",
          "threadID": "0",
          "computer": "SW-TEST.arzw.local",
          "task": "0",
          "processID": "6736",
          "severityValue": "INFORMATION",
          "providerName": "Microsoft-Windows-Security-SPP"
        }
      }
    },
    "rule": {
      "firedtimes": 11,
      "mail": false,
      "level": 3,
      "description": "Software protection service scheduled successfully.",
      "groups": [
        "windows",
        "windows_application"
      ],
      "id": "60642"
    },
    "location": "EventChannel",
    "decoder": {
      "name": "windows_eventchannel"
    },
    "id": "1779686013.2631525",
    "timestamp": "2026-05-25T05:13:33.982+0000"
  },
  {
    "input": {
      "type": "log"
    },
    "agent": {
      "ip": "172.21.5.61",
      "name": "SW-TEST",
      "id": "091"
    },
    "manager": {
      "name": "wazuh.manager"
    },
    "data": {
      "win": {
        "eventdata": {
          "data": "2026-05-25T13:36:01Z, RulesEngine"
        },
        "system": {
          "eventID": "16384",
          "eventSourceName": "Software Protection Platform Service",
          "keywords": "0x80000000000000",
          "providerGuid": "{E23B33B0-C8C9-472C-A5F9-F2BDFEA0F156}",
          "level": "4",
          "channel": "Application",
          "opcode": "0",
          "message": "\"Successfully scheduled Software Protection service for re-start at 2026-05-25T13:36:01Z. Reason: RulesEngine.\"",
          "version": "0",
          "systemTime": "2026-05-25T05:03:01.8697980Z",
          "eventRecordID": "18708",
          "threadID": "0",
          "computer": "SW-TEST.arzw.local",
          "task": "0",
          "processID": "11908",
          "severityValue": "INFORMATION",
          "providerName": "Microsoft-Windows-Security-SPP"
        }
      }
    },
    "rule": {
      "firedtimes": 3,
      "mail": false,
      "level": 3,
      "description": "Software protection service scheduled successfully.",
      "groups": [
        "windows",
        "windows_application"
      ],
      "id": "60642"
    },
    "location": "EventChannel",
    "decoder": {
      "name": "windows_eventchannel"
    },
    "id": "1779685381.2493177",
    "timestamp": "2026-05-25T05:03:01.851+0000"
  },
  {
    "input": {
      "type": "log"
    },
    "agent": {
      "ip": "172.21.5.61",
      "name": "SW-TEST",
      "id": "091"
    },
    "manager": {
      "name": "wazuh.manager"
    },
    "data": {
      "win": {
        "eventdata": {
          "data": "2026-05-25T13:36:25Z, RulesEngine"
        },
        "system": {
          "eventID": "16384",
          "eventSourceName": "Software Protection Platform Service",
          "keywords": "0x80000000000000",
          "providerGuid": "{E23B33B0-C8C9-472C-A5F9-F2BDFEA0F156}",
          "level": "4",
          "channel": "Application",
          "opcode": "0",
          "message": "\"Successfully scheduled Software Protection service for re-start at 2026-05-25T13:36:25Z. Reason: RulesEngine.\"",
          "version": "0",
          "systemTime": "2026-05-25T04:41:25.0927961Z",
          "eventRecordID": "18706",
          "threadID": "0",
          "computer": "SW-TEST.arzw.local",
          "task": "0",
          "processID": "12168",
          "severityValue": "INFORMATION",
          "providerName": "Microsoft-Windows-Security-SPP"
        }
      }
    },
    "rule": {
      "firedtimes": 14,
      "mail": false,
      "level": 3,
      "description": "Software protection service scheduled successfully.",
      "groups": [
        "windows",
        "windows_application"
      ],
      "id": "60642"
    },
    "location": "EventChannel",
    "decoder": {
      "name": "windows_eventchannel"
    },
    "id": "1779684085.2279473",
    "timestamp": "2026-05-25T04:41:25.080+0000"
  },
  {
    "input": {
      "type": "log"
    },
    "agent": {
      "ip": "172.21.5.61",
      "name": "SW-TEST",
      "id": "091"
    },
    "manager": {
      "name": "wazuh.manager"
    },
    "data": {
      "win": {
        "eventdata": {
          "data": "2026-05-25T13:36:02Z, RulesEngine"
        },
        "system": {
          "eventID": "16384",
          "eventSourceName": "Software Protection Platform Service",
          "keywords": "0x80000000000000",
          "providerGuid": "{E23B33B0-C8C9-472C-A5F9-F2BDFEA0F156}",
          "level": "4",
          "channel": "Application",
          "opcode": "0",
          "message": "\"Successfully scheduled Software Protection service for re-start at 2026-05-25T13:36:02Z. Reason: RulesEngine.\"",
          "version": "0",
          "systemTime": "2026-05-25T04:33:02.4681972Z",
          "eventRecordID": "18704",
          "threadID": "0",
          "computer": "SW-TEST.arzw.local",
          "task": "0",
          "processID": "8660",
          "severityValue": "INFORMATION",
          "providerName": "Microsoft-Windows-Security-SPP"
        }
      }
    },
    "rule": {
      "firedtimes": 11,
      "mail": false,
      "level": 3,
      "description": "Software protection service scheduled successfully.",
      "groups": [
        "windows",
        "windows_application"
      ],
      "id": "60642"
    },
    "location": "EventChannel",
    "decoder": {
      "name": "windows_eventchannel"
    },
    "id": "1779683582.2214596",
    "timestamp": "2026-05-25T04:33:02.457+0000"
  },
  {
    "input": {
      "type": "log"
    },
    "agent": {
      "ip": "172.21.5.61",
      "name": "SW-TEST",
      "id": "091"
    },
    "manager": {
      "name": "wazuh.manager"
    },
    "data": {
      "win": {
        "eventdata": {
          "data": "2026-05-25T13:36:35Z, RulesEngine"
        },
        "system": {
          "eventID": "16384",
          "eventSourceName": "Software Protection Platform Service",
          "keywords": "0x80000000000000",
          "providerGuid": "{E23B33B0-C8C9-472C-A5F9-F2BDFEA0F156}",
          "level": "4",
          "channel": "Application",
          "opcode": "0",
          "message": "\"Successfully scheduled Software Protection service for re-start at 2026-05-25T13:36:35Z. Reason: RulesEngine.\"",
          "version": "0",
          "systemTime": "2026-05-25T04:30:35.0972122Z",
          "eventRecordID": "18702",
          "threadID": "0",
          "computer": "SW-TEST.arzw.local",
          "task": "0",
          "processID": "6780",
          "severityValue": "INFORMATION",
          "providerName": "Microsoft-Windows-Security-SPP"
        }
      }
    },
    "rule": {
      "firedtimes": 10,
      "mail": false,
      "level": 3,
      "description": "Software protection service scheduled successfully.",
      "groups": [
        "windows",
        "windows_application"
      ],
      "id": "60642"
    },
    "location": "EventChannel",
    "decoder": {
      "name": "windows_eventchannel"
    },
    "id": "1779683435.2195952",
    "timestamp": "2026-05-25T04:30:35.086+0000"
  },
