  {
    "input": {
      "type": "log"
    },
    "agent": {
      "ip": "172.21.5.61",
      "name": "SW-TEST",
      "id": "091"
    },
    "manager": {
      "name": "wazuh.manager"
    },
    "data": {
      "win": {
        "eventdata": {
          "subjectLogonId": "0x0",
          "targetLinkedLogonId": "0x0",
          "impersonationLevel": "%%1833",
          "authenticationPackageName": "Kerberos",
          "targetLogonId": "0x20150196",
          "logonProcessName": "Kerberos",
          "logonGuid": "{07457532-c8b8-4e49-ecb8-13db9f613a03}",
          "targetUserName": "SW-TEST$",
          "keyLength": "0",
          "elevatedToken": "%%1842",
          "subjectUserSid": "S-1-0-0",
          "processId": "0x0",
          "targetDomainName": "ARZW.LOCAL",
          "targetUserSid": "S-1-5-18",
          "virtualAccount": "%%1843",
          "logonType": "3"
        },
        "system": {
          "eventID": "4624",
          "keywords": "0x8020000000000000",
          "providerGuid": "{54849625-5478-4994-a5ba-3e3b0328c30d}",
          "level": "0",
          "channel": "Security",
          "opcode": "0",
          "message": "\"An account was successfully logged on.\r\n\r\nSubject:\r\n\tSecurity ID:\t\tS-1-0-0\r\n\tAccount Name:\t\t-\r\n\tAccount Domain:\t\t-\r\n\tLogon ID:\t\t0x0\r\n\r\nLogon Information:\r\n\tLogon Type:\t\t3\r\n\tRestricted Admin Mode:\t-\r\n\tRemote Credential Guard:\t-\r\n\tVirtual Account:\t\tNo\r\n\tElevated Token:\t\tYes\r\n\r\nImpersonation Level:\t\tImpersonation\r\n\r\nNew Logon:\r\n\tSecurity ID:\t\tS-1-5-18\r\n\tAccount Name:\t\tSW-TEST$\r\n\tAccount Domain:\t\tARZW.LOCAL\r\n\tLogon ID:\t\t0x20150196\r\n\tLinked Logon ID:\t\t0x0\r\n\tNetwork Account Name:\t-\r\n\tNetwork Account Domain:\t-\r\n\tLogon GUID:\t\t{07457532-c8b8-4e49-ecb8-13db9f613a03}\r\n\r\nProcess Information:\r\n\tProcess ID:\t\t0x0\r\n\tProcess Name:\t\t-\r\n\r\nNetwork Information:\r\n\tWorkstation Name:\t-\r\n\tSource Network Address:\t-\r\n\tSource Port:\t\t-\r\n\r\nDetailed Authentication Information:\r\n\tLogon Process:\t\tKerberos\r\n\tAuthentication Package:\tKerberos\r\n\tTransited Services:\t-\r\n\tPackage Name (NTLM only):\t-\r\n\tKey Length:\t\t0\r\n\r\nThis event is generated when a logon session is created. It is generated on the computer that was accessed.\r\n\r\nThe subject fields indicate the account on the local system which requested the logon. This is most commonly a service such as the Server service, or a local process such as Winlogon.exe or Services.exe.\r\n\r\nThe logon type field indicates the kind of logon that occurred. The most common types are 2 (interactive) and 3 (network).\r\n\r\nThe New Logon fields indicate the account for whom the new logon was created, i.e. the account that was logged on.\r\n\r\nThe network fields indicate where a remote logon request originated. Workstation name is not always available and may be left blank in some cases.\r\n\r\nThe impersonation level field indicates the extent to which a process in the logon session can impersonate.\r\n\r\nThe authentication information fields provide detailed information about this specific logon request.\r\n\t- Logon GUID is a unique identifier that can be used to correlate this event with a KDC event.\r\n\t- Transited services indicate which intermediate services have participated in this logon request.\r\n\t- Package name indicates which sub-protocol was used among the NTLM protocols.\r\n\t- Key length indicates the length of the generated session key. This will be 0 if no session key was requested.\"",
          "version": "3",
          "systemTime": "2026-05-26T05:30:40.9190954Z",
          "eventRecordID": "601600",
          "threadID": "4000",
          "computer": "SW-TEST.arzw.local",
          "task": "12544",
          "processID": "852",
          "severityValue": "AUDIT_SUCCESS",
          "providerName": "Microsoft-Windows-Security-Auditing"
        }
      }
    },
    "rule": {
      "mail": false,
      "level": 3,
      "pci_dss": [
        "10.2.5"
      ],
      "hipaa": [
        "164.312.b"
      ],
      "tsc": [
        "CC6.8",
        "CC7.2",
        "CC7.3"
      ],
      "description": "Windows Logon Success",
      "groups": [
        "windows",
        "windows_security",
        "authentication_success"
      ],
      "nist_800_53": [
        "AU.14",
        "AC.9"
      ],
      "gdpr": [
        "IV_32.2"
      ],
      "firedtimes": 47,
      "mitre": {
        "technique": [
          "Valid Accounts"
        ],
        "id": [
          "T1078"
        ],
        "tactic": [
          "Defense Evasion",
          "Persistence",
          "Privilege Escalation",
          "Initial Access"
        ]
      },
      "id": "60106",
      "gpg13": [
        "7.1",
        "7.2"
      ]
    },
    "location": "EventChannel",
    "decoder": {
      "name": "windows_eventchannel"
    },
    "id": "1779773441.9767261",
    "timestamp": "2026-05-26T05:30:41.969+0000"
  },
  {
    "input": {
      "type": "log"
    },
    "agent": {
      "ip": "172.21.5.61",
      "name": "SW-TEST",
      "id": "091"
    },
    "manager": {
      "name": "wazuh.manager"
    },
    "data": {
      "win": {
        "eventdata": {
          "targetLogonId": "0x2011da6f",
          "targetUserName": "SW-TEST$",
          "targetDomainName": "ARZW",
          "targetUserSid": "S-1-5-18",
          "logonType": "3"
        },
        "system": {
          "eventID": "4634",
          "keywords": "0x8020000000000000",
          "providerGuid": "{54849625-5478-4994-a5ba-3e3b0328c30d}",
          "level": "0",
          "channel": "Security",
          "opcode": "0",
          "message": "\"An account was logged off.\r\n\r\nSubject:\r\n\tSecurity ID:\t\tS-1-5-18\r\n\tAccount Name:\t\tSW-TEST$\r\n\tAccount Domain:\t\tARZW\r\n\tLogon ID:\t\t0x2011DA6F\r\n\r\nLogon Type:\t\t\t3\r\n\r\nThis event is generated when a logon session is destroyed. It may be positively correlated with a logon event using the Logon ID value. Logon IDs are only unique between reboots on the same computer.\"",
          "version": "0",
          "systemTime": "2026-05-26T05:18:33.6506968Z",
          "eventRecordID": "601595",
          "threadID": "7812",
          "computer": "SW-TEST.arzw.local",
          "task": "12545",
          "processID": "852",
          "severityValue": "AUDIT_SUCCESS",
          "providerName": "Microsoft-Windows-Security-Auditing"
        }
      }
    },
    "rule": {
      "firedtimes": 29,
      "mail": false,
      "level": 3,
      "pci_dss": [
        "10.2.5"
      ],
      "hipaa": [
        "164.312.b"
      ],
      "tsc": [
        "CC6.8",
        "CC7.2",
        "CC7.3"
      ],
      "description": "Windows User Logoff",
      "groups": [
        "windows",
        "windows_security"
      ],
      "id": "60137",
      "nist_800_53": [
        "AU.14",
        "AC.7"
      ],
      "gdpr": [
        "IV_32.2"
      ]
    },
    "location": "EventChannel",
    "decoder": {
      "name": "windows_eventchannel"
    },
    "id": "1779772714.8424997",
    "timestamp": "2026-05-26T05:18:34.625+0000"
  },
  {
    "input": {
      "type": "log"
    },
    "agent": {
      "ip": "172.21.5.61",
      "name": "SW-TEST",
      "id": "091"
    },
    "manager": {
      "name": "wazuh.manager"
    },
    "data": {
      "win": {
        "eventdata": {
          "subjectLogonId": "0x0",
          "targetLinkedLogonId": "0x0",
          "impersonationLevel": "%%1833",
          "ipAddress": "::1",
          "authenticationPackageName": "Kerberos",
          "targetLogonId": "0x2011da6f",
          "logonProcessName": "Kerberos",
          "logonGuid": "{3b8b26c4-5f40-9cb2-afc2-6d03d3b9275d}",
          "targetUserName": "SW-TEST$",
          "keyLength": "0",
          "elevatedToken": "%%1842",
          "subjectUserSid": "S-1-0-0",
          "processId": "0x0",
          "ipPort": "0",
          "targetDomainName": "ARZW.LOCAL",
          "targetUserSid": "S-1-5-18",
          "virtualAccount": "%%1843",
          "logonType": "3"
        },
        "system": {
          "eventID": "4624",
          "keywords": "0x8020000000000000",
          "providerGuid": "{54849625-5478-4994-a5ba-3e3b0328c30d}",
          "level": "0",
          "channel": "Security",
          "opcode": "0",
          "message": "\"An account was successfully logged on.\r\n\r\nSubject:\r\n\tSecurity ID:\t\tS-1-0-0\r\n\tAccount Name:\t\t-\r\n\tAccount Domain:\t\t-\r\n\tLogon ID:\t\t0x0\r\n\r\nLogon Information:\r\n\tLogon Type:\t\t3\r\n\tRestricted Admin Mode:\t-\r\n\tRemote Credential Guard:\t-\r\n\tVirtual Account:\t\tNo\r\n\tElevated Token:\t\tYes\r\n\r\nImpersonation Level:\t\tImpersonation\r\n\r\nNew Logon:\r\n\tSecurity ID:\t\tS-1-5-18\r\n\tAccount Name:\t\tSW-TEST$\r\n\tAccount Domain:\t\tARZW.LOCAL\r\n\tLogon ID:\t\t0x2011DA6F\r\n\tLinked Logon ID:\t\t0x0\r\n\tNetwork Account Name:\t-\r\n\tNetwork Account Domain:\t-\r\n\tLogon GUID:\t\t{3b8b26c4-5f40-9cb2-afc2-6d03d3b9275d}\r\n\r\nProcess Information:\r\n\tProcess ID:\t\t0x0\r\n\tProcess Name:\t\t-\r\n\r\nNetwork Information:\r\n\tWorkstation Name:\t-\r\n\tSource Network Address:\t::1\r\n\tSource Port:\t\t0\r\n\r\nDetailed Authentication Information:\r\n\tLogon Process:\t\tKerberos\r\n\tAuthentication Package:\tKerberos\r\n\tTransited Services:\t-\r\n\tPackage Name (NTLM only):\t-\r\n\tKey Length:\t\t0\r\n\r\nThis event is generated when a logon session is created. It is generated on the computer that was accessed.\r\n\r\nThe subject fields indicate the account on the local system which requested the logon. This is most commonly a service such as the Server service, or a local process such as Winlogon.exe or Services.exe.\r\n\r\nThe logon type field indicates the kind of logon that occurred. The most common types are 2 (interactive) and 3 (network).\r\n\r\nThe New Logon fields indicate the account for whom the new logon was created, i.e. the account that was logged on.\r\n\r\nThe network fields indicate where a remote logon request originated. Workstation name is not always available and may be left blank in some cases.\r\n\r\nThe impersonation level field indicates the extent to which a process in the logon session can impersonate.\r\n\r\nThe authentication information fields provide detailed information about this specific logon request.\r\n\t- Logon GUID is a unique identifier that can be used to correlate this event with a KDC event.\r\n\t- Transited services indicate which intermediate services have participated in this logon request.\r\n\t- Package name indicates which sub-protocol was used among the NTLM protocols.\r\n\t- Key length indicates the length of the generated session key. This will be 0 if no session key was requested.\"",
          "version": "3",
          "systemTime": "2026-05-26T05:18:33.6502485Z",
          "eventRecordID": "601594",
          "threadID": "7812",
          "computer": "SW-TEST.arzw.local",
          "task": "12544",
          "processID": "852",
          "severityValue": "AUDIT_SUCCESS",
          "providerName": "Microsoft-Windows-Security-Auditing"
        }
      }
    },
    "rule": {
      "mail": false,
      "level": 3,
      "pci_dss": [
        "10.2.5"
      ],
      "hipaa": [
        "164.312.b"
      ],
      "tsc": [
        "CC6.8",
        "CC7.2",
        "CC7.3"
      ],
      "description": "Windows Logon Success",
      "groups": [
        "windows",
        "windows_security",
        "authentication_success"
      ],
      "nist_800_53": [
        "AU.14",
        "AC.9"
      ],
      "gdpr": [
        "IV_32.2"
      ],
      "firedtimes": 28,
      "mitre": {
        "technique": [
          "Valid Accounts"
        ],
        "id": [
          "T1078"
        ],
        "tactic": [
          "Defense Evasion",
          "Persistence",
          "Privilege Escalation",
          "Initial Access"
        ]
      },
      "id": "60106",
      "gpg13": [
        "7.1",
        "7.2"
      ]
    },
    "location": "EventChannel",
    "decoder": {
      "name": "windows_eventchannel"
    },
    "id": "1779772714.8415479",
    "timestamp": "2026-05-26T05:18:34.609+0000"
  },
  {
    "input": {
      "type": "log"
    },
    "agent": {
      "ip": "172.21.5.61",
      "name": "SW-TEST",
      "id": "091"
    },
    "manager": {
      "name": "wazuh.manager"
    },
    "data": {
      "win": {
        "eventdata": {
          "targetLogonId": "0x2011d5ff",
          "targetUserName": "SW-TEST$",
          "targetDomainName": "ARZW",
          "targetUserSid": "S-1-5-18",
          "logonType": "3"
        },
        "system": {
          "eventID": "4634",
          "keywords": "0x8020000000000000",
          "providerGuid": "{54849625-5478-4994-a5ba-3e3b0328c30d}",
          "level": "0",
          "channel": "Security",
          "opcode": "0",
          "message": "\"An account was logged off.\r\n\r\nSubject:\r\n\tSecurity ID:\t\tS-1-5-18\r\n\tAccount Name:\t\tSW-TEST$\r\n\tAccount Domain:\t\tARZW\r\n\tLogon ID:\t\t0x2011D5FF\r\n\r\nLogon Type:\t\t\t3\r\n\r\nThis event is generated when a logon session is destroyed. It may be positively correlated with a logon event using the Logon ID value. Logon IDs are only unique between reboots on the same computer.\"",
          "version": "0",
          "systemTime": "2026-05-26T05:18:33.6485277Z",
          "eventRecordID": "601592",
          "threadID": "4000",
          "computer": "SW-TEST.arzw.local",
          "task": "12545",
          "processID": "852",
          "severityValue": "AUDIT_SUCCESS",
          "providerName": "Microsoft-Windows-Security-Auditing"
        }
      }
    },
    "rule": {
      "firedtimes": 28,
      "mail": false,
      "level": 3,
      "pci_dss": [
        "10.2.5"
      ],
      "hipaa": [
        "164.312.b"
      ],
      "tsc": [
        "CC6.8",
        "CC7.2",
        "CC7.3"
      ],
      "description": "Windows User Logoff",
      "groups": [
        "windows",
        "windows_security"
      ],
      "id": "60137",
      "nist_800_53": [
        "AU.14",
        "AC.7"
      ],
      "gdpr": [
        "IV_32.2"
      ]
    },
    "location": "EventChannel",
    "decoder": {
      "name": "windows_eventchannel"
    },
    "id": "1779772714.8405185",
    "timestamp": "2026-05-26T05:18:34.581+0000"
  },
  {
    "input": {
      "type": "log"
    },
    "agent": {
      "ip": "172.21.5.61",
      "name": "SW-TEST",
      "id": "091"
    },
    "manager": {
      "name": "wazuh.manager"
    },
    "data": {
      "win": {
        "eventdata": {
          "subjectLogonId": "0x0",
          "targetLinkedLogonId": "0x0",
          "impersonationLevel": "%%1833",
          "ipAddress": "::1",
          "authenticationPackageName": "Kerberos",
          "targetLogonId": "0x2011d5ff",
          "logonProcessName": "Kerberos",
          "logonGuid": "{3b8b26c4-5f40-9cb2-afc2-6d03d3b9275d}",
          "targetUserName": "SW-TEST$",
          "keyLength": "0",
          "elevatedToken": "%%1842",
          "subjectUserSid": "S-1-0-0",
          "processId": "0x0",
          "ipPort": "0",
          "targetDomainName": "ARZW.LOCAL",
          "targetUserSid": "S-1-5-18",
          "virtualAccount": "%%1843",
          "logonType": "3"
        },
        "system": {
          "eventID": "4624",
          "keywords": "0x8020000000000000",
          "providerGuid": "{54849625-5478-4994-a5ba-3e3b0328c30d}",
          "level": "0",
          "channel": "Security",
          "opcode": "0",
          "message": "\"An account was successfully logged on.\r\n\r\nSubject:\r\n\tSecurity ID:\t\tS-1-0-0\r\n\tAccount Name:\t\t-\r\n\tAccount Domain:\t\t-\r\n\tLogon ID:\t\t0x0\r\n\r\nLogon Information:\r\n\tLogon Type:\t\t3\r\n\tRestricted Admin Mode:\t-\r\n\tRemote Credential Guard:\t-\r\n\tVirtual Account:\t\tNo\r\n\tElevated Token:\t\tYes\r\n\r\nImpersonation Level:\t\tImpersonation\r\n\r\nNew Logon:\r\n\tSecurity ID:\t\tS-1-5-18\r\n\tAccount Name:\t\tSW-TEST$\r\n\tAccount Domain:\t\tARZW.LOCAL\r\n\tLogon ID:\t\t0x2011D5FF\r\n\tLinked Logon ID:\t\t0x0\r\n\tNetwork Account Name:\t-\r\n\tNetwork Account Domain:\t-\r\n\tLogon GUID:\t\t{3b8b26c4-5f40-9cb2-afc2-6d03d3b9275d}\r\n\r\nProcess Information:\r\n\tProcess ID:\t\t0x0\r\n\tProcess Name:\t\t-\r\n\r\nNetwork Information:\r\n\tWorkstation Name:\t-\r\n\tSource Network Address:\t::1\r\n\tSource Port:\t\t0\r\n\r\nDetailed Authentication Information:\r\n\tLogon Process:\t\tKerberos\r\n\tAuthentication Package:\tKerberos\r\n\tTransited Services:\t-\r\n\tPackage Name (NTLM only):\t-\r\n\tKey Length:\t\t0\r\n\r\nThis event is generated when a logon session is created. It is generated on the computer that was accessed.\r\n\r\nThe subject fields indicate the account on the local system which requested the logon. This is most commonly a service such as the Server service, or a local process such as Winlogon.exe or Services.exe.\r\n\r\nThe logon type field indicates the kind of logon that occurred. The most common types are 2 (interactive) and 3 (network).\r\n\r\nThe New Logon fields indicate the account for whom the new logon was created, i.e. the account that was logged on.\r\n\r\nThe network fields indicate where a remote logon request originated. Workstation name is not always available and may be left blank in some cases.\r\n\r\nThe impersonation level field indicates the extent to which a process in the logon session can impersonate.\r\n\r\nThe authentication information fields provide detailed information about this specific logon request.\r\n\t- Logon GUID is a unique identifier that can be used to correlate this event with a KDC event.\r\n\t- Transited services indicate which intermediate services have participated in this logon request.\r\n\t- Package name indicates which sub-protocol was used among the NTLM protocols.\r\n\t- Key length indicates the length of the generated session key. This will be 0 if no session key was requested.\"",
          "version": "3",
          "systemTime": "2026-05-26T05:18:33.5442888Z",
          "eventRecordID": "601591",
          "threadID": "4000",
          "computer": "SW-TEST.arzw.local",
          "task": "12544",
          "processID": "852",
          "severityValue": "AUDIT_SUCCESS",
          "providerName": "Microsoft-Windows-Security-Auditing"
        }
      }
    },
    "rule": {
      "mail": false,
      "level": 3,
      "pci_dss": [
        "10.2.5"
      ],
      "hipaa": [
        "164.312.b"
      ],
      "tsc": [
        "CC6.8",
        "CC7.2",
        "CC7.3"
      ],
      "description": "Windows Logon Success",
      "groups": [
        "windows",
        "windows_security",
        "authentication_success"
      ],
      "nist_800_53": [
        "AU.14",
        "AC.9"
      ],
      "gdpr": [
        "IV_32.2"
      ],
      "firedtimes": 27,
      "mitre": {
        "technique": [
          "Valid Accounts"
        ],
        "id": [
          "T1078"
        ],
        "tactic": [
          "Defense Evasion",
          "Persistence",
          "Privilege Escalation",
          "Initial Access"
        ]
      },
      "id": "60106",
      "gpg13": [
        "7.1",
        "7.2"
      ]
    },
    "location": "EventChannel",
    "decoder": {
      "name": "windows_eventchannel"
    },
    "id": "1779772714.8398104",
    "timestamp": "2026-05-26T05:18:34.580+0000"
  },
  {
    "input": {
      "type": "log"
    },
    "agent": {
      "ip": "172.21.5.61",
      "name": "SW-TEST",
      "id": "091"
    },
    "manager": {
      "name": "wazuh.manager"
    },
    "data": {
      "win": {
        "eventdata": {
          "data": "2026-05-26T13:36:38Z, RulesEngine"
        },
        "system": {
          "eventID": "16384",
          "eventSourceName": "Software Protection Platform Service",
          "keywords": "0x80000000000000",
          "providerGuid": "{E23B33B0-C8C9-472C-A5F9-F2BDFEA0F156}",
          "level": "4",
          "channel": "Application",
          "opcode": "0",
          "message": "\"Successfully scheduled Software Protection service for re-start at 2026-05-26T13:36:38Z. Reason: RulesEngine.\"",
          "version": "0",
          "systemTime": "2026-05-26T05:10:38.0569769Z",
          "eventRecordID": "18932",
          "threadID": "0",
          "computer": "SW-TEST.arzw.local",
          "task": "0",
          "processID": "10100",
          "severityValue": "INFORMATION",
          "providerName": "Microsoft-Windows-Security-SPP"
        }
      }
    },
    "rule": {
      "firedtimes": 24,
      "mail": false,
      "level": 3,
      "description": "Software protection service scheduled successfully.",
      "groups": [
        "windows",
        "windows_application"
      ],
      "id": "60642"
    },
    "location": "EventChannel",
    "decoder": {
      "name": "windows_eventchannel"
    },
    "id": "1779772238.7130156",
    "timestamp": "2026-05-26T05:10:38.086+0000"
  },
  {
    "input": {
      "type": "log"
    },
    "agent": {
      "ip": "172.21.5.61",
      "name": "SW-TEST",
      "id": "091"
    },
    "manager": {
      "name": "wazuh.manager"
    },
    "data": {
      "win": {
        "eventdata": {
          "data": "2026-05-26T13:36:11Z, RulesEngine"
        },
        "system": {
          "eventID": "16384",
          "eventSourceName": "Software Protection Platform Service",
          "keywords": "0x80000000000000",
          "providerGuid": "{E23B33B0-C8C9-472C-A5F9-F2BDFEA0F156}",
          "level": "4",
          "channel": "Application",
          "opcode": "0",
          "message": "\"Successfully scheduled Software Protection service for re-start at 2026-05-26T13:36:11Z. Reason: RulesEngine.\"",
          "version": "0",
          "systemTime": "2026-05-26T05:03:11.4457925Z",
          "eventRecordID": "18930",
          "threadID": "0",
          "computer": "SW-TEST.arzw.local",
          "task": "0",
          "processID": "1088",
          "severityValue": "INFORMATION",
          "providerName": "Microsoft-Windows-Security-SPP"
        }
      }
    },
    "rule": {
      "firedtimes": 6,
      "mail": false,
      "level": 3,
      "description": "Software protection service scheduled successfully.",
      "groups": [
        "windows",
        "windows_application"
      ],
      "id": "60642"
    },
    "location": "EventChannel",
    "decoder": {
      "name": "windows_eventchannel"
    },
    "id": "1779771791.6847205",
    "timestamp": "2026-05-26T05:03:11.476+0000"
  },
  {
    "input": {
      "type": "log"
    },
    "agent": {
      "ip": "172.21.5.61",
      "name": "SW-TEST",
      "id": "091"
    },
    "manager": {
      "name": "wazuh.manager"
    },
    "data": {
      "win": {
        "eventdata": {
          "data": "2026-05-26T13:36:24Z, RulesEngine"
        },
        "system": {
          "eventID": "16384",
          "eventSourceName": "Software Protection Platform Service",
          "keywords": "0x80000000000000",
          "providerGuid": "{E23B33B0-C8C9-472C-A5F9-F2BDFEA0F156}",
          "level": "4",
          "channel": "Application",
          "opcode": "0",
          "message": "\"Successfully scheduled Software Protection service for re-start at 2026-05-26T13:36:24Z. Reason: RulesEngine.\"",
          "version": "0",
          "systemTime": "2026-05-26T04:41:24.5820643Z",
          "eventRecordID": "18928",
          "threadID": "0",
          "computer": "SW-TEST.arzw.local",
          "task": "0",
          "processID": "12100",
          "severityValue": "INFORMATION",
          "providerName": "Microsoft-Windows-Security-SPP"
        }
      }
    },
    "rule": {
      "firedtimes": 69,
      "mail": false,
      "level": 3,
      "description": "Software protection service scheduled successfully.",
      "groups": [
        "windows",
        "windows_application"
      ],
      "id": "60642"
    },
    "location": "EventChannel",
    "decoder": {
      "name": "windows_eventchannel"
    },
    "id": "1779770484.4534836",
    "timestamp": "2026-05-26T04:41:24.615+0000"
  },
  {
    "input": {
      "type": "log"
    },
    "agent": {
      "ip": "172.21.5.61",
      "name": "SW-TEST",
      "id": "091"
    },
    "manager": {
      "name": "wazuh.manager"
    },
    "data": {
      "win": {
        "eventdata": {
          "data": "2026-05-26T13:36:02Z, RulesEngine"
        },
        "system": {
          "eventID": "16384",
          "eventSourceName": "Software Protection Platform Service",
          "keywords": "0x80000000000000",
          "providerGuid": "{E23B33B0-C8C9-472C-A5F9-F2BDFEA0F156}",
          "level": "4",
          "channel": "Application",
          "opcode": "0",
          "message": "\"Successfully scheduled Software Protection service for re-start at 2026-05-26T13:36:02Z. Reason: RulesEngine.\"",
          "version": "0",
          "systemTime": "2026-05-26T04:35:02.6380599Z",
          "eventRecordID": "18926",
          "threadID": "0",
          "computer": "SW-TEST.arzw.local",
          "task": "0",
          "processID": "5420",
          "severityValue": "INFORMATION",
          "providerName": "Microsoft-Windows-Security-SPP"
        }
      }
    },
    "rule": {
      "firedtimes": 56,
      "mail": false,
      "level": 3,
      "description": "Software protection service scheduled successfully.",
      "groups": [
        "windows",
        "windows_application"
      ],
      "id": "60642"
    },
    "location": "EventChannel",
    "decoder": {
      "name": "windows_eventchannel"
    },
    "id": "1779770102.4336520",
    "timestamp": "2026-05-26T04:35:02.672+0000"
  },
  {
    "input": {
      "type": "log"
    },
    "agent": {
      "ip": "172.21.5.61",
      "name": "SW-TEST",
      "id": "091"
    },
    "manager": {
      "name": "wazuh.manager"
    },
    "data": {
      "win": {
        "eventdata": {
          "data": "2026-05-26T13:36:02Z, RulesEngine"
        },
        "system": {
          "eventID": "16384",
          "eventSourceName": "Software Protection Platform Service",
          "keywords": "0x80000000000000",
          "providerGuid": "{E23B33B0-C8C9-472C-A5F9-F2BDFEA0F156}",
          "level": "4",
          "channel": "Application",
          "opcode": "0",
          "message": "\"Successfully scheduled Software Protection service for re-start at 2026-05-26T13:36:02Z. Reason: RulesEngine.\"",
          "version": "0",
          "systemTime": "2026-05-26T04:33:02.2846185Z",
          "eventRecordID": "18924",
          "threadID": "0",
          "computer": "SW-TEST.arzw.local",
          "task": "0",
          "processID": "6824",
          "severityValue": "INFORMATION",
          "providerName": "Microsoft-Windows-Security-SPP"
        }
      }
    },
    "rule": {
      "firedtimes": 53,
      "mail": false,
      "level": 3,
      "description": "Software protection service scheduled successfully.",
      "groups": [
        "windows",
        "windows_application"
      ],
      "id": "60642"
    },
    "location": "EventChannel",
    "decoder": {
      "name": "windows_eventchannel"
    },
    "id": "1779769982.4260327",
    "timestamp": "2026-05-26T04:33:02.319+0000"
  },
  {
    "input": {
      "type": "log"
    },
    "agent": {
      "ip": "172.21.5.61",
      "name": "SW-TEST",
      "id": "091"
    },
    "manager": {
      "name": "wazuh.manager"
    },
    "data": {
      "win": {
        "eventdata": {
          "data": "2026-05-26T13:36:01Z, RulesEngine"
        },
        "system": {
          "eventID": "16384",
          "eventSourceName": "Software Protection Platform Service",
          "keywords": "0x80000000000000",
          "providerGuid": "{E23B33B0-C8C9-472C-A5F9-F2BDFEA0F156}",
          "level": "4",
          "channel": "Application",
          "opcode": "0",
          "message": "\"Successfully scheduled Software Protection service for re-start at 2026-05-26T13:36:01Z. Reason: RulesEngine.\"",
          "version": "0",
          "systemTime": "2026-05-26T04:03:01.7173642Z",
          "eventRecordID": "18922",
          "threadID": "0",
          "computer": "SW-TEST.arzw.local",
          "task": "0",
          "processID": "5276",
          "severityValue": "INFORMATION",
          "providerName": "Microsoft-Windows-Security-SPP"
        }
      }
    },
    "rule": {
      "firedtimes": 8,
      "mail": false,
      "level": 3,
      "description": "Software protection service scheduled successfully.",
      "groups": [
        "windows",
        "windows_application"
      ],
      "id": "60642"
    },
    "location": "EventChannel",
    "decoder": {
      "name": "windows_eventchannel"
    },
    "id": "1779768181.3248793",
    "timestamp": "2026-05-26T04:03:01.755+0000"
  },
  {
    "input": {
      "type": "log"
    },
    "agent": {
      "ip": "172.21.5.61",
      "name": "SW-TEST",
      "id": "091"
    },
    "manager": {
      "name": "wazuh.manager"
    },
    "data": {
      "win": {
        "eventdata": {
          "targetLogonId": "0x1ff68b59",
          "targetUserName": "SW-TEST$",
          "targetDomainName": "ARZW",
          "targetUserSid": "S-1-5-18",
          "logonType": "3"
        },
        "system": {
          "eventID": "4634",
          "keywords": "0x8020000000000000",
          "providerGuid": "{54849625-5478-4994-a5ba-3e3b0328c30d}",
          "level": "0",
          "channel": "Security",
          "opcode": "0",
          "message": "\"An account was logged off.\r\n\r\nSubject:\r\n\tSecurity ID:\t\tS-1-5-18\r\n\tAccount Name:\t\tSW-TEST$\r\n\tAccount Domain:\t\tARZW\r\n\tLogon ID:\t\t0x1FF68B59\r\n\r\nLogon Type:\t\t\t3\r\n\r\nThis event is generated when a logon session is destroyed. It may be positively correlated with a logon event using the Logon ID value. Logon IDs are only unique between reboots on the same computer.\"",
          "version": "0",
          "systemTime": "2026-05-26T03:45:33.4793362Z",
          "eventRecordID": "600931",
          "threadID": "3460",
          "computer": "SW-TEST.arzw.local",
          "task": "12545",
          "processID": "852",
          "severityValue": "AUDIT_SUCCESS",
          "providerName": "Microsoft-Windows-Security-Auditing"
        }
      }
    },
    "rule": {
      "firedtimes": 8,
      "mail": false,
      "level": 3,
      "pci_dss": [
        "10.2.5"
      ],
      "hipaa": [
        "164.312.b"
      ],
      "tsc": [
        "CC6.8",
        "CC7.2",
        "CC7.3"
      ],
      "description": "Windows User Logoff",
      "groups": [
        "windows",
        "windows_security"
      ],
      "id": "60137",
      "nist_800_53": [
        "AU.14",
        "AC.7"
      ],
      "gdpr": [
        "IV_32.2"
      ]
    },
    "location": "EventChannel",
    "decoder": {
      "name": "windows_eventchannel"
    },
    "id": "1779767134.2336763",
    "timestamp": "2026-05-26T03:45:34.320+0000"
  },
  {
    "input": {
      "type": "log"
    },
    "agent": {
      "ip": "172.21.5.61",
      "name": "SW-TEST",
      "id": "091"
    },
    "manager": {
      "name": "wazuh.manager"
    },
    "data": {
      "win": {
        "eventdata": {
          "subjectLogonId": "0x0",
          "targetLinkedLogonId": "0x0",
          "impersonationLevel": "%%1833",
          "ipAddress": "::1",
          "authenticationPackageName": "Kerberos",
          "targetLogonId": "0x1ff68b59",
          "logonProcessName": "Kerberos",
          "logonGuid": "{398e3dec-4e45-240c-14b0-7f91fbefc045}",
          "targetUserName": "SW-TEST$",
          "keyLength": "0",
          "elevatedToken": "%%1842",
          "subjectUserSid": "S-1-0-0",
          "processId": "0x0",
          "ipPort": "0",
          "targetDomainName": "ARZW.LOCAL",
          "targetUserSid": "S-1-5-18",
          "virtualAccount": "%%1843",
          "logonType": "3"
        },
        "system": {
          "eventID": "4624",
          "keywords": "0x8020000000000000",
          "providerGuid": "{54849625-5478-4994-a5ba-3e3b0328c30d}",
          "level": "0",
          "channel": "Security",
          "opcode": "0",
          "message": "\"An account was successfully logged on.\r\n\r\nSubject:\r\n\tSecurity ID:\t\tS-1-0-0\r\n\tAccount Name:\t\t-\r\n\tAccount Domain:\t\t-\r\n\tLogon ID:\t\t0x0\r\n\r\nLogon Information:\r\n\tLogon Type:\t\t3\r\n\tRestricted Admin Mode:\t-\r\n\tRemote Credential Guard:\t-\r\n\tVirtual Account:\t\tNo\r\n\tElevated Token:\t\tYes\r\n\r\nImpersonation Level:\t\tImpersonation\r\n\r\nNew Logon:\r\n\tSecurity ID:\t\tS-1-5-18\r\n\tAccount Name:\t\tSW-TEST$\r\n\tAccount Domain:\t\tARZW.LOCAL\r\n\tLogon ID:\t\t0x1FF68B59\r\n\tLinked Logon ID:\t\t0x0\r\n\tNetwork Account Name:\t-\r\n\tNetwork Account Domain:\t-\r\n\tLogon GUID:\t\t{398e3dec-4e45-240c-14b0-7f91fbefc045}\r\n\r\nProcess Information:\r\n\tProcess ID:\t\t0x0\r\n\tProcess Name:\t\t-\r\n\r\nNetwork Information:\r\n\tWorkstation Name:\t-\r\n\tSource Network Address:\t::1\r\n\tSource Port:\t\t0\r\n\r\nDetailed Authentication Information:\r\n\tLogon Process:\t\tKerberos\r\n\tAuthentication Package:\tKerberos\r\n\tTransited Services:\t-\r\n\tPackage Name (NTLM only):\t-\r\n\tKey Length:\t\t0\r\n\r\nThis event is generated when a logon session is created. It is generated on the computer that was accessed.\r\n\r\nThe subject fields indicate the account on the local system which requested the logon. This is most commonly a service such as the Server service, or a local process such as Winlogon.exe or Services.exe.\r\n\r\nThe logon type field indicates the kind of logon that occurred. The most common types are 2 (interactive) and 3 (network).\r\n\r\nThe New Logon fields indicate the account for whom the new logon was created, i.e. the account that was logged on.\r\n\r\nThe network fields indicate where a remote logon request originated. Workstation name is not always available and may be left blank in some cases.\r\n\r\nThe impersonation level field indicates the extent to which a process in the logon session can impersonate.\r\n\r\nThe authentication information fields provide detailed information about this specific logon request.\r\n\t- Logon GUID is a unique identifier that can be used to correlate this event with a KDC event.\r\n\t- Transited services indicate which intermediate services have participated in this logon request.\r\n\t- Package name indicates which sub-protocol was used among the NTLM protocols.\r\n\t- Key length indicates the length of the generated session key. This will be 0 if no session key was requested.\"",
          "version": "3",
          "systemTime": "2026-05-26T03:45:33.4788725Z",
          "eventRecordID": "600930",
          "threadID": "3460",
          "computer": "SW-TEST.arzw.local",
          "task": "12544",
          "processID": "852",
          "severityValue": "AUDIT_SUCCESS",
          "providerName": "Microsoft-Windows-Security-Auditing"
        }
      }
    },
    "rule": {
      "mail": false,
      "level": 3,
      "pci_dss": [
        "10.2.5"
      ],
      "hipaa": [
        "164.312.b"
      ],
      "tsc": [
        "CC6.8",
        "CC7.2",
        "CC7.3"
      ],
      "description": "Windows Logon Success",
      "groups": [
        "windows",
        "windows_security",
        "authentication_success"
      ],
      "nist_800_53": [
        "AU.14",
        "AC.9"
      ],
      "gdpr": [
        "IV_32.2"
      ],
      "firedtimes": 8,
      "mitre": {
        "technique": [
          "Valid Accounts"
        ],
        "id": [
          "T1078"
        ],
        "tactic": [
          "Defense Evasion",
          "Persistence",
          "Privilege Escalation",
          "Initial Access"
        ]
      },
      "id": "60106",
      "gpg13": [
        "7.1",
        "7.2"
      ]
    },
    "location": "EventChannel",
    "decoder": {
      "name": "windows_eventchannel"
    },
    "id": "1779767134.2329682",
    "timestamp": "2026-05-26T03:45:34.304+0000"
  },
  {
    "input": {
      "type": "log"
    },
    "agent": {
      "ip": "172.21.5.61",
      "name": "SW-TEST",
      "id": "091"
    },
    "manager": {
      "name": "wazuh.manager"
    },
    "data": {
      "win": {
        "eventdata": {
          "targetLogonId": "0x1ff685c5",
          "targetUserName": "SW-TEST$",
          "targetDomainName": "ARZW",
          "targetUserSid": "S-1-5-18",
          "logonType": "3"
        },
        "system": {
          "eventID": "4634",
          "keywords": "0x8020000000000000",
          "providerGuid": "{54849625-5478-4994-a5ba-3e3b0328c30d}",
          "level": "0",
          "channel": "Security",
          "opcode": "0",
          "message": "\"An account was logged off.\r\n\r\nSubject:\r\n\tSecurity ID:\t\tS-1-5-18\r\n\tAccount Name:\t\tSW-TEST$\r\n\tAccount Domain:\t\tARZW\r\n\tLogon ID:\t\t0x1FF685C5\r\n\r\nLogon Type:\t\t\t3\r\n\r\nThis event is generated when a logon session is destroyed. It may be positively correlated with a logon event using the Logon ID value. Logon IDs are only unique between reboots on the same computer.\"",
          "version": "0",
          "systemTime": "2026-05-26T03:45:33.4771914Z",
          "eventRecordID": "600928",
          "threadID": "1456",
          "computer": "SW-TEST.arzw.local",
          "task": "12545",
          "processID": "852",
          "severityValue": "AUDIT_SUCCESS",
          "providerName": "Microsoft-Windows-Security-Auditing"
        }
      }
    },
    "rule": {
      "firedtimes": 7,
      "mail": false,
      "level": 3,
      "pci_dss": [
        "10.2.5"
      ],
      "hipaa": [
        "164.312.b"
      ],
      "tsc": [
        "CC6.8",
        "CC7.2",
        "CC7.3"
      ],
      "description": "Windows User Logoff",
      "groups": [
        "windows",
        "windows_security"
      ],
      "id": "60137",
      "nist_800_53": [
        "AU.14",
        "AC.7"
      ],
      "gdpr": [
        "IV_32.2"
      ]
    },
    "location": "EventChannel",
    "decoder": {
      "name": "windows_eventchannel"
    },
    "id": "1779767134.2327360",
    "timestamp": "2026-05-26T03:45:34.273+0000"
  },
  {
    "input": {
      "type": "log"
    },
    "agent": {
      "ip": "172.21.5.61",
      "name": "SW-TEST",
      "id": "091"
    },
    "manager": {
      "name": "wazuh.manager"
    },
    "data": {
      "win": {
        "eventdata": {
          "subjectLogonId": "0x0",
          "targetLinkedLogonId": "0x0",
          "impersonationLevel": "%%1833",
          "ipAddress": "::1",
          "authenticationPackageName": "Kerberos",
          "targetLogonId": "0x1ff685c5",
          "logonProcessName": "Kerberos",
          "logonGuid": "{398e3dec-4e45-240c-14b0-7f91fbefc045}",
          "targetUserName": "SW-TEST$",
          "keyLength": "0",
          "elevatedToken": "%%1842",
          "subjectUserSid": "S-1-0-0",
          "processId": "0x0",
          "ipPort": "0",
          "targetDomainName": "ARZW.LOCAL",
          "targetUserSid": "S-1-5-18",
          "virtualAccount": "%%1843",
          "logonType": "3"
        },
        "system": {
          "eventID": "4624",
          "keywords": "0x8020000000000000",
          "providerGuid": "{54849625-5478-4994-a5ba-3e3b0328c30d}",
          "level": "0",
          "channel": "Security",
          "opcode": "0",
          "message": "\"An account was successfully logged on.\r\n\r\nSubject:\r\n\tSecurity ID:\t\tS-1-0-0\r\n\tAccount Name:\t\t-\r\n\tAccount Domain:\t\t-\r\n\tLogon ID:\t\t0x0\r\n\r\nLogon Information:\r\n\tLogon Type:\t\t3\r\n\tRestricted Admin Mode:\t-\r\n\tRemote Credential Guard:\t-\r\n\tVirtual Account:\t\tNo\r\n\tElevated Token:\t\tYes\r\n\r\nImpersonation Level:\t\tImpersonation\r\n\r\nNew Logon:\r\n\tSecurity ID:\t\tS-1-5-18\r\n\tAccount Name:\t\tSW-TEST$\r\n\tAccount Domain:\t\tARZW.LOCAL\r\n\tLogon ID:\t\t0x1FF685C5\r\n\tLinked Logon ID:\t\t0x0\r\n\tNetwork Account Name:\t-\r\n\tNetwork Account Domain:\t-\r\n\tLogon GUID:\t\t{398e3dec-4e45-240c-14b0-7f91fbefc045}\r\n\r\nProcess Information:\r\n\tProcess ID:\t\t0x0\r\n\tProcess Name:\t\t-\r\n\r\nNetwork Information:\r\n\tWorkstation Name:\t-\r\n\tSource Network Address:\t::1\r\n\tSource Port:\t\t0\r\n\r\nDetailed Authentication Information:\r\n\tLogon Process:\t\tKerberos\r\n\tAuthentication Package:\tKerberos\r\n\tTransited Services:\t-\r\n\tPackage Name (NTLM only):\t-\r\n\tKey Length:\t\t0\r\n\r\nThis event is generated when a logon session is created. It is generated on the computer that was accessed.\r\n\r\nThe subject fields indicate the account on the local system which requested the logon. This is most commonly a service such as the Server service, or a local process such as Winlogon.exe or Services.exe.\r\n\r\nThe logon type field indicates the kind of logon that occurred. The most common types are 2 (interactive) and 3 (network).\r\n\r\nThe New Logon fields indicate the account for whom the new logon was created, i.e. the account that was logged on.\r\n\r\nThe network fields indicate where a remote logon request originated. Workstation name is not always available and may be left blank in some cases.\r\n\r\nThe impersonation level field indicates the extent to which a process in the logon session can impersonate.\r\n\r\nThe authentication information fields provide detailed information about this specific logon request.\r\n\t- Logon GUID is a unique identifier that can be used to correlate this event with a KDC event.\r\n\t- Transited services indicate which intermediate services have participated in this logon request.\r\n\t- Package name indicates which sub-protocol was used among the NTLM protocols.\r\n\t- Key length indicates the length of the generated session key. This will be 0 if no session key was requested.\"",
          "version": "3",
          "systemTime": "2026-05-26T03:45:33.3247047Z",
          "eventRecordID": "600927",
          "threadID": "1456",
          "computer": "SW-TEST.arzw.local",
          "task": "12544",
          "processID": "852",
          "severityValue": "AUDIT_SUCCESS",
          "providerName": "Microsoft-Windows-Security-Auditing"
        }
      }
    },
    "rule": {
      "mail": false,
      "level": 3,
      "pci_dss": [
        "10.2.5"
      ],
      "hipaa": [
        "164.312.b"
      ],
      "tsc": [
        "CC6.8",
        "CC7.2",
        "CC7.3"
      ],
      "description": "Windows Logon Success",
      "groups": [
        "windows",
        "windows_security",
        "authentication_success"
      ],
      "nist_800_53": [
        "AU.14",
        "AC.9"
      ],
      "gdpr": [
        "IV_32.2"
      ],
      "firedtimes": 7,
      "mitre": {
        "technique": [
          "Valid Accounts"
        ],
        "id": [
          "T1078"
        ],
        "tactic": [
          "Defense Evasion",
          "Persistence",
          "Privilege Escalation",
          "Initial Access"
        ]
      },
      "id": "60106",
      "gpg13": [
        "7.1",
        "7.2"
      ]
    },
    "location": "EventChannel",
    "decoder": {
      "name": "windows_eventchannel"
    },
    "id": "1779767134.2320279",
    "timestamp": "2026-05-26T03:45:34.257+0000"
  },
  {
    "input": {
      "type": "log"
    },
    "agent": {
      "ip": "172.21.5.61",
      "name": "SW-TEST",
      "id": "091"
    },
    "manager": {
      "name": "wazuh.manager"
    },
    "data": {
      "win": {
        "eventdata": {
          "data": "2026-05-26T13:36:24Z, RulesEngine"
        },
        "system": {
          "eventID": "16384",
          "eventSourceName": "Software Protection Platform Service",
          "keywords": "0x80000000000000",
          "providerGuid": "{E23B33B0-C8C9-472C-A5F9-F2BDFEA0F156}",
          "level": "4",
          "channel": "Application",
          "opcode": "0",
          "message": "\"Successfully scheduled Software Protection service for re-start at 2026-05-26T13:36:24Z. Reason: RulesEngine.\"",
          "version": "0",
          "systemTime": "2026-05-26T03:33:24.3917410Z",
          "eventRecordID": "18920",
          "threadID": "0",
          "computer": "SW-TEST.arzw.local",
          "task": "0",
          "processID": "10780",
          "severityValue": "INFORMATION",
          "providerName": "Microsoft-Windows-Security-SPP"
        }
      }
    },
    "rule": {
      "firedtimes": 18,
      "mail": false,
      "level": 3,
      "description": "Software protection service scheduled successfully.",
      "groups": [
        "windows",
        "windows_application"
      ],
      "id": "60642"
    },
    "location": "EventChannel",
    "decoder": {
      "name": "windows_eventchannel"
    },
    "id": "1779766404.2256286",
    "timestamp": "2026-05-26T03:33:24.430+0000"
  },
  {
    "input": {
      "type": "log"
    },
    "agent": {
      "ip": "172.21.5.61",
      "name": "SW-TEST",
      "id": "091"
    },
    "manager": {
      "name": "wazuh.manager"
    },
    "data": {
      "win": {
        "eventdata": {
          "data": "2026-05-26T13:36:02Z, RulesEngine"
        },
        "system": {
          "eventID": "16384",
          "eventSourceName": "Software Protection Platform Service",
          "keywords": "0x80000000000000",
          "providerGuid": "{E23B33B0-C8C9-472C-A5F9-F2BDFEA0F156}",
          "level": "4",
          "channel": "Application",
          "opcode": "0",
          "message": "\"Successfully scheduled Software Protection service for re-start at 2026-05-26T13:36:02Z. Reason: RulesEngine.\"",
          "version": "0",
          "systemTime": "2026-05-26T03:27:02.3383179Z",
          "eventRecordID": "18918",
          "threadID": "0",
          "computer": "SW-TEST.arzw.local",
          "task": "0",
          "processID": "4116",
          "severityValue": "INFORMATION",
          "providerName": "Microsoft-Windows-Security-SPP"
        }
      }
    },
    "rule": {
      "firedtimes": 15,
      "mail": false,
      "level": 3,
      "description": "Software protection service scheduled successfully.",
      "groups": [
        "windows",
        "windows_application"
      ],
      "id": "60642"
    },
    "location": "EventChannel",
    "decoder": {
      "name": "windows_eventchannel"
    },
    "id": "1779766022.2142021",
    "timestamp": "2026-05-26T03:27:02.377+0000"
  },
  {
    "input": {
      "type": "log"
    },
    "agent": {
      "ip": "172.21.5.61",
      "name": "SW-TEST",
      "id": "091"
    },
    "manager": {
      "name": "wazuh.manager"
    },
    "data": {
      "win": {
        "eventdata": {
          "data": "2026-05-26T13:36:01Z, RulesEngine"
        },
        "system": {
          "eventID": "16384",
          "eventSourceName": "Software Protection Platform Service",
          "keywords": "0x80000000000000",
          "providerGuid": "{E23B33B0-C8C9-472C-A5F9-F2BDFEA0F156}",
          "level": "4",
          "channel": "Application",
          "opcode": "0",
          "message": "\"Successfully scheduled Software Protection service for re-start at 2026-05-26T13:36:01Z. Reason: RulesEngine.\"",
          "version": "0",
          "systemTime": "2026-05-26T03:03:01.2531757Z",
          "eventRecordID": "18916",
          "threadID": "0",
          "computer": "SW-TEST.arzw.local",
          "task": "0",
          "processID": "10500",
          "severityValue": "INFORMATION",
          "providerName": "Microsoft-Windows-Security-SPP"
        }
      }
    },
    "rule": {
      "firedtimes": 2,
      "mail": false,
      "level": 3,
      "description": "Software protection service scheduled successfully.",
      "groups": [
        "windows",
        "windows_application"
      ],
      "id": "60642"
    },
    "location": "EventChannel",
    "decoder": {
      "name": "windows_eventchannel"
    },
    "id": "1779764581.1522368",
    "timestamp": "2026-05-26T03:03:01.292+0000"
  },
  {
    "input": {
      "type": "log"
    },
    "agent": {
      "ip": "172.21.5.61",
      "name": "SW-TEST",
      "id": "091"
    },
    "manager": {
      "name": "wazuh.manager"
    },
    "data": {
      "win": {
        "eventdata": {
          "data": "2026-05-26T13:36:01Z, RulesEngine"
        },
        "system": {
          "eventID": "16384",
          "eventSourceName": "Software Protection Platform Service",
          "keywords": "0x80000000000000",
          "providerGuid": "{E23B33B0-C8C9-472C-A5F9-F2BDFEA0F156}",
          "level": "4",
          "channel": "Application",
          "opcode": "0",
          "message": "\"Successfully scheduled Software Protection service for re-start at 2026-05-26T13:36:01Z. Reason: RulesEngine.\"",
          "version": "0",
          "systemTime": "2026-05-26T02:58:01.6205497Z",
          "eventRecordID": "18914",
          "threadID": "0",
          "computer": "SW-TEST.arzw.local",
          "task": "0",
          "processID": "4660",
          "severityValue": "INFORMATION",
          "providerName": "Microsoft-Windows-Security-SPP"
        }
      }
    },
    "rule": {
      "firedtimes": 22,
      "mail": false,
      "level": 3,
      "description": "Software protection service scheduled successfully.",
      "groups": [
        "windows",
        "windows_application"
      ],
      "id": "60642"
    },
    "location": "EventChannel",
    "decoder": {
      "name": "windows_eventchannel"
    },
    "id": "1779764281.1504599",
    "timestamp": "2026-05-26T02:58:01.659+0000"
  },
