[
  {
    "input": {
      "type": "log"
    },
    "agent": {
      "ip": "10.0.139.142",
      "name": "SWE-13",
      "id": "077"
    },
    "manager": {
      "name": "wazuh.manager"
    },
    "data": {
      "win": {
        "eventdata": {
          "data": "2126-05-02T11:20:00Z, RulesEngine"
        },
        "system": {
          "eventID": "16384",
          "eventSourceName": "Software Protection Platform Service",
          "keywords": "0x80000000000000",
          "providerGuid": "{E23B33B0-C8C9-472C-A5F9-F2BDFEA0F156}",
          "level": "4",
          "channel": "Application",
          "opcode": "0",
          "message": "\"Der Softwareschutzdienst wurde erfolgreich für den erneuten Start bei 2126-05-02T11:20:00Z geplant. Grund: RulesEngine.\"",
          "version": "0",
          "systemTime": "2026-05-26T11:20:00.4717048Z",
          "eventRecordID": "35235",
          "threadID": "0",
          "computer": "SWE-13.arzw.local",
          "task": "0",
          "processID": "12756",
          "severityValue": "INFORMATION",
          "providerName": "Microsoft-Windows-Security-SPP"
        }
      }
    },
    "rule": {
      "firedtimes": 61,
      "mail": false,
      "level": 3,
      "description": "Software protection service scheduled successfully.",
      "groups": [
        "windows",
        "windows_application"
      ],
      "id": "60642"
    },
    "location": "EventChannel",
    "decoder": {
      "name": "windows_eventchannel"
    },
    "id": "1779794400.23642984",
    "timestamp": "2026-05-26T11:20:00.500+0000"
  },
  {
    "input": {
      "type": "log"
    },
    "agent": {
      "ip": "10.0.139.142",
      "name": "SWE-13",
      "id": "077"
    },
    "manager": {
      "name": "wazuh.manager"
    },
    "data": {
      "win": {
        "eventdata": {
          "data": "2126-05-02T11:04:56Z, RulesEngine"
        },
        "system": {
          "eventID": "16384",
          "eventSourceName": "Software Protection Platform Service",
          "keywords": "0x80000000000000",
          "providerGuid": "{E23B33B0-C8C9-472C-A5F9-F2BDFEA0F156}",
          "level": "4",
          "channel": "Application",
          "opcode": "0",
          "message": "\"Der Softwareschutzdienst wurde erfolgreich für den erneuten Start bei 2126-05-02T11:04:56Z geplant. Grund: RulesEngine.\"",
          "version": "0",
          "systemTime": "2026-05-26T11:04:56.1063949Z",
          "eventRecordID": "35231",
          "threadID": "0",
          "computer": "SWE-13.arzw.local",
          "task": "0",
          "processID": "5456",
          "severityValue": "INFORMATION",
          "providerName": "Microsoft-Windows-Security-SPP"
        }
      }
    },
    "rule": {
      "firedtimes": 10,
      "mail": false,
      "level": 3,
      "description": "Software protection service scheduled successfully.",
      "groups": [
        "windows",
        "windows_application"
      ],
      "id": "60642"
    },
    "location": "EventChannel",
    "decoder": {
      "name": "windows_eventchannel"
    },
    "id": "1779793496.23120986",
    "timestamp": "2026-05-26T11:04:56.124+0000"
  },
  {
    "input": {
      "type": "log"
    },
    "agent": {
      "ip": "10.0.139.142",
      "name": "SWE-13",
      "id": "077"
    },
    "manager": {
      "name": "wazuh.manager"
    },
    "data": {
      "win": {
        "eventdata": {
          "data": "ARZW, %%1359",
          "binary": "E50000C0"
        },
        "system": {
          "eventID": "5719",
          "keywords": "0x80000000000000",
          "level": "2",
          "channel": "System",
          "opcode": "0",
          "message": "\"Der Computer konnte eine sichere Sitzung mit einem Domänencontroller in der Domäne ARZW aufgrund der folgenden Ursache nicht einrichten: \r\nInterner Fehler. \r\nDies kann zu Authentifizierungsproblemen führen. Stellen Sie sicher, dass der Computer mit dem Netzwerk verbunden ist. Wenden Sie sich an den Domänenadministrator, wenn das Problem weiterhin besteht.  \r\n\r\nZUSÄTZLICHE INFORMATIONEN \r\nWenn dieser Computer ein Domänencontroller der bestimmten Domäne ist, wird eine sichere Sitzung zum primären Domänencontrolleremulator in der bestimmten Domäne eingerichtet. Andernfalls richtet dieser Computer eine sichere Sitzung zu einem beliebigen Domänencontroller in der bestimmten Domäne ein.\"",
          "version": "0",
          "systemTime": "2026-05-26T11:00:26.6193562Z",
          "eventRecordID": "73945",
          "threadID": "0",
          "computer": "SWE-13.arzw.local",
          "task": "0",
          "processID": "1352",
          "severityValue": "ERROR",
          "providerName": "NETLOGON"
        }
      }
    },
    "rule": {
      "firedtimes": 1,
      "mail": false,
      "level": 5,
      "description": "Windows System error event",
      "groups": [
        "windows",
        "windows_system",
        "system_error"
      ],
      "id": "61102",
      "gpg13": [
        "4.3"
      ],
      "gdpr": [
        "IV_35.7.d"
      ]
    },
    "location": "EventChannel",
    "decoder": {
      "name": "windows_eventchannel"
    },
    "id": "1779793226.22932624",
    "timestamp": "2026-05-26T11:00:26.668+0000"
  },
  {
    "input": {
      "type": "log"
    },
    "agent": {
      "ip": "10.0.139.142",
      "name": "SWE-13",
      "id": "077"
    },
    "manager": {
      "name": "wazuh.manager"
    },
    "data": {
      "win": {
        "eventdata": {
          "targetLogonId": "0x9a1af6f",
          "targetUserName": "c.koellner",
          "targetDomainName": "ARZW",
          "targetUserSid": "S-1-5-21-228770904-35461013-1130905197-2742",
          "logonType": "2"
        },
        "system": {
          "eventID": "4634",
          "keywords": "0x8020000000000000",
          "providerGuid": "{54849625-5478-4994-a5ba-3e3b0328c30d}",
          "level": "0",
          "channel": "Security",
          "opcode": "0",
          "message": "\"Ein Konto wurde abgemeldet.\r\n\r\nAntragsteller:\r\n\tSicherheits-ID:\t\tS-1-5-21-228770904-35461013-1130905197-2742\r\n\tKontoname:\t\tc.koellner\r\n\tKontodomäne:\t\tARZW\r\n\tAnmelde-ID:\t\t0x9A1AF6F\r\n\r\nAnmeldetyp:\t\t\t2\r\n\r\nDieses Ereignis wird generiert, wenn eine Anmeldesitzung zerstört wird. Es kann anhand des Wertes der Anmelde-ID positiv mit einem Anmeldeereignis korreliert werden. Anmelde-IDs sind nur zwischen Neustarts auf demselben Computer eindeutig.\"",
          "version": "0",
          "systemTime": "2026-05-26T10:57:46.8876702Z",
          "eventRecordID": "2597032",
          "threadID": "12032",
          "computer": "SWE-13.arzw.local",
          "task": "12545",
          "processID": "1352",
          "severityValue": "AUDIT_SUCCESS",
          "providerName": "Microsoft-Windows-Security-Auditing"
        }
      }
    },
    "rule": {
      "firedtimes": 17,
      "mail": false,
      "level": 3,
      "description": "Non service account logged off.",
      "groups": [
        "windows",
        " WEF"
      ],
      "id": "67023"
    },
    "location": "EventChannel",
    "decoder": {
      "name": "windows_eventchannel"
    },
    "id": "1779793187.22921482",
    "timestamp": "2026-05-26T10:59:47.881+0000"
  },
  {
    "input": {
      "type": "log"
    },
    "agent": {
      "ip": "10.0.139.142",
      "name": "SWE-13",
      "id": "077"
    },
    "manager": {
      "name": "wazuh.manager"
    },
    "data": {
      "win": {
        "eventdata": {
          "targetLogonId": "0x9a1b36b",
          "targetUserName": "c.koellner",
          "targetDomainName": "ARZW",
          "targetUserSid": "S-1-5-21-228770904-35461013-1130905197-2742",
          "logonType": "2"
        },
        "system": {
          "eventID": "4634",
          "keywords": "0x8020000000000000",
          "providerGuid": "{54849625-5478-4994-a5ba-3e3b0328c30d}",
          "level": "0",
          "channel": "Security",
          "opcode": "0",
          "message": "\"Ein Konto wurde abgemeldet.\r\n\r\nAntragsteller:\r\n\tSicherheits-ID:\t\tS-1-5-21-228770904-35461013-1130905197-2742\r\n\tKontoname:\t\tc.koellner\r\n\tKontodomäne:\t\tARZW\r\n\tAnmelde-ID:\t\t0x9A1B36B\r\n\r\nAnmeldetyp:\t\t\t2\r\n\r\nDieses Ereignis wird generiert, wenn eine Anmeldesitzung zerstört wird. Es kann anhand des Wertes der Anmelde-ID positiv mit einem Anmeldeereignis korreliert werden. Anmelde-IDs sind nur zwischen Neustarts auf demselben Computer eindeutig.\"",
          "version": "0",
          "systemTime": "2026-05-26T10:57:46.8717071Z",
          "eventRecordID": "2597031",
          "threadID": "14548",
          "computer": "SWE-13.arzw.local",
          "task": "12545",
          "processID": "1352",
          "severityValue": "AUDIT_SUCCESS",
          "providerName": "Microsoft-Windows-Security-Auditing"
        }
      }
    },
    "rule": {
      "firedtimes": 16,
      "mail": false,
      "level": 3,
      "description": "Non service account logged off.",
      "groups": [
        "windows",
        " WEF"
      ],
      "id": "67023"
    },
    "location": "EventChannel",
    "decoder": {
      "name": "windows_eventchannel"
    },
    "id": "1779793187.22919026",
    "timestamp": "2026-05-26T10:59:47.870+0000"
  },
  {
    "input": {
      "type": "log"
    },
    "agent": {
      "ip": "10.0.139.142",
      "name": "SWE-13",
      "id": "077"
    },
    "manager": {
      "name": "wazuh.manager"
    },
    "data": {
      "win": {
        "eventdata": {
          "targetLogonId": "0x9a3b0aa",
          "targetUserName": "c.koellner",
          "targetDomainName": "ARZW",
          "targetUserSid": "S-1-5-21-228770904-35461013-1130905197-2742",
          "logonType": "7"
        },
        "system": {
          "eventID": "4634",
          "keywords": "0x8020000000000000",
          "providerGuid": "{54849625-5478-4994-a5ba-3e3b0328c30d}",
          "level": "0",
          "channel": "Security",
          "opcode": "0",
          "message": "\"Ein Konto wurde abgemeldet.\r\n\r\nAntragsteller:\r\n\tSicherheits-ID:\t\tS-1-5-21-228770904-35461013-1130905197-2742\r\n\tKontoname:\t\tc.koellner\r\n\tKontodomäne:\t\tARZW\r\n\tAnmelde-ID:\t\t0x9A3B0AA\r\n\r\nAnmeldetyp:\t\t\t7\r\n\r\nDieses Ereignis wird generiert, wenn eine Anmeldesitzung zerstört wird. Es kann anhand des Wertes der Anmelde-ID positiv mit einem Anmeldeereignis korreliert werden. Anmelde-IDs sind nur zwischen Neustarts auf demselben Computer eindeutig.\"",
          "version": "0",
          "systemTime": "2026-05-26T10:57:46.8511204Z",
          "eventRecordID": "2597026",
          "threadID": "18580",
          "computer": "SWE-13.arzw.local",
          "task": "12545",
          "processID": "1352",
          "severityValue": "AUDIT_SUCCESS",
          "providerName": "Microsoft-Windows-Security-Auditing"
        }
      }
    },
    "rule": {
      "firedtimes": 15,
      "mail": false,
      "level": 3,
      "description": "Non service account logged off.",
      "groups": [
        "windows",
        " WEF"
      ],
      "id": "67023"
    },
    "location": "EventChannel",
    "decoder": {
      "name": "windows_eventchannel"
    },
    "id": "1779793187.22916570",
    "timestamp": "2026-05-26T10:59:47.823+0000"
  },
  {
    "input": {
      "type": "log"
    },
    "agent": {
      "ip": "10.0.139.142",
      "name": "SWE-13",
      "id": "077"
    },
    "manager": {
      "name": "wazuh.manager"
    },
    "data": {
      "win": {
        "eventdata": {
          "targetLogonId": "0x9abc4f0",
          "targetUserName": "c.koellner",
          "targetDomainName": "ARZW",
          "targetUserSid": "S-1-5-21-228770904-35461013-1130905197-2742",
          "logonType": "7"
        },
        "system": {
          "eventID": "4634",
          "keywords": "0x8020000000000000",
          "providerGuid": "{54849625-5478-4994-a5ba-3e3b0328c30d}",
          "level": "0",
          "channel": "Security",
          "opcode": "0",
          "message": "\"Ein Konto wurde abgemeldet.\r\n\r\nAntragsteller:\r\n\tSicherheits-ID:\t\tS-1-5-21-228770904-35461013-1130905197-2742\r\n\tKontoname:\t\tc.koellner\r\n\tKontodomäne:\t\tARZW\r\n\tAnmelde-ID:\t\t0x9ABC4F0\r\n\r\nAnmeldetyp:\t\t\t7\r\n\r\nDieses Ereignis wird generiert, wenn eine Anmeldesitzung zerstört wird. Es kann anhand des Wertes der Anmelde-ID positiv mit einem Anmeldeereignis korreliert werden. Anmelde-IDs sind nur zwischen Neustarts auf demselben Computer eindeutig.\"",
          "version": "0",
          "systemTime": "2026-05-26T10:57:46.8434313Z",
          "eventRecordID": "2597025",
          "threadID": "12032",
          "computer": "SWE-13.arzw.local",
          "task": "12545",
          "processID": "1352",
          "severityValue": "AUDIT_SUCCESS",
          "providerName": "Microsoft-Windows-Security-Auditing"
        }
      }
    },
    "rule": {
      "firedtimes": 14,
      "mail": false,
      "level": 3,
      "description": "Non service account logged off.",
      "groups": [
        "windows",
        " WEF"
      ],
      "id": "67023"
    },
    "location": "EventChannel",
    "decoder": {
      "name": "windows_eventchannel"
    },
    "id": "1779793187.22914114",
    "timestamp": "2026-05-26T10:59:47.808+0000"
  },
  {
    "input": {
      "type": "log"
    },
    "agent": {
      "ip": "10.0.139.142",
      "name": "SWE-13",
      "id": "077"
    },
    "manager": {
      "name": "wazuh.manager"
    },
    "data": {
      "win": {
        "eventdata": {
          "subjectLogonId": "0x9a3b0aa",
          "subjectUserSid": "S-1-5-21-228770904-35461013-1130905197-2742",
          "subjectDomainName": "ARZW",
          "privilegeList": "SeSecurityPrivilege     SeTakeOwnershipPrivilege     SeLoadDriverPrivilege     SeBackupPrivilege     SeRestorePrivilege     SeDebugPrivilege     SeSystemEnvironmentPrivilege     SeImpersonatePrivilege     SeDelegateSessionUserImpersonatePrivilege",
          "subjectUserName": "c.koellner"
        },
        "system": {
          "eventID": "4672",
          "keywords": "0x8020000000000000",
          "providerGuid": "{54849625-5478-4994-a5ba-3e3b0328c30d}",
          "level": "0",
          "channel": "Security",
          "opcode": "0",
          "message": "\"Einer neuen Anmeldung wurden besondere Rechte zugewiesen.\r\n\r\nAntragsteller:\r\n\tSicherheits-ID:\t\tS-1-5-21-228770904-35461013-1130905197-2742\r\n\tKontoname:\t\tc.koellner\r\n\tKontodomäne:\t\tARZW\r\n\tAnmelde-ID:\t\t0x9A3B0AA\r\n\r\nBerechtigungen:\t\tSeSecurityPrivilege\r\n\t\t\tSeTakeOwnershipPrivilege\r\n\t\t\tSeLoadDriverPrivilege\r\n\t\t\tSeBackupPrivilege\r\n\t\t\tSeRestorePrivilege\r\n\t\t\tSeDebugPrivilege\r\n\t\t\tSeSystemEnvironmentPrivilege\r\n\t\t\tSeImpersonatePrivilege\r\n\t\t\tSeDelegateSessionUserImpersonatePrivilege\"",
          "version": "0",
          "systemTime": "2026-05-26T10:57:46.8429452Z",
          "eventRecordID": "2597024",
          "threadID": "23472",
          "computer": "SWE-13.arzw.local",
          "task": "12548",
          "processID": "1352",
          "severityValue": "AUDIT_SUCCESS",
          "providerName": "Microsoft-Windows-Security-Auditing"
        }
      }
    },
    "rule": {
      "firedtimes": 10,
      "mail": false,
      "level": 3,
      "description": "Special privileges assigned to new logon.",
      "groups": [
        "windows",
        " WEF"
      ],
      "mitre": {
        "technique": [
          "Domain Policy Modification"
        ],
        "id": [
          "T1484"
        ],
        "tactic": [
          "Defense Evasion",
          "Privilege Escalation"
        ]
      },
      "id": "67028"
    },
    "location": "EventChannel",
    "decoder": {
      "name": "windows_eventchannel"
    },
    "id": "1779793187.22911039",
    "timestamp": "2026-05-26T10:59:47.798+0000"
  },
  {
    "input": {
      "type": "log"
    },
    "agent": {
      "ip": "10.0.139.142",
      "name": "SWE-13",
      "id": "077"
    },
    "manager": {
      "name": "wazuh.manager"
    },
    "data": {
      "win": {
        "eventdata": {
          "subjectLogonId": "0x3e7",
          "subjectDomainName": "ARZW",
          "targetLinkedLogonId": "0x9a3b0aa",
          "impersonationLevel": "%%1833",
          "authenticationPackageName": "Negotiate",
          "workstationName": "SWE-13",
          "targetLogonId": "0x9abc4f0",
          "logonProcessName": "Negotiat",
          "logonGuid": "{00000000-0000-0000-0000-000000000000}",
          "targetUserName": "c.koellner",
          "keyLength": "0",
          "elevatedToken": "%%1843",
          "subjectUserSid": "S-1-5-18",
          "processId": "0x548",
          "processName": "C:\\\\Windows\\\\System32\\\\lsass.exe",
          "targetDomainName": "ARZW",
          "targetUserSid": "S-1-5-21-228770904-35461013-1130905197-2742",
          "virtualAccount": "%%1843",
          "logonType": "7",
          "subjectUserName": "SWE-13$"
        },
        "system": {
          "eventID": "4624",
          "keywords": "0x8020000000000000",
          "providerGuid": "{54849625-5478-4994-a5ba-3e3b0328c30d}",
          "level": "0",
          "channel": "Security",
          "opcode": "0",
          "message": "\"Ein Konto wurde erfolgreich angemeldet.\r\n\r\nAntragsteller:\r\n\tSicherheits-ID:\t\tS-1-5-18\r\n\tKontoname:\t\tSWE-13$\r\n\tKontodomäne:\t\tARZW\r\n\tAnmelde-ID:\t\t0x3E7\r\n\r\nAnmeldeinformationen:\r\n\tAnmeldetyp:\t\t7\r\n\tEingeschränkter Administratormodus:\t-\r\n\tRemote Credential Guard:\t-\r\n\tVirtuelles Konto:\t\tNein\r\n\tToken mit erhöhten Rechten:\t\tNein\r\n\r\nIdentitätswechselebene:\t\tIdentitätswechsel\r\n\r\nNeue Anmeldung:\r\n\tSicherheits-ID:\t\tS-1-5-21-228770904-35461013-1130905197-2742\r\n\tKontoname:\t\tc.koellner\r\n\tKontodomäne:\t\tARZW\r\n\tAnmelde-ID:\t\t0x9ABC4F0\r\n\tVerknüpfte Anmelde-ID:\t\t0x9A3B0AA\r\n\tNetzwerk-Kontoname:\t-\r\n\tNetzwerk-Kontodomäne:\t-\r\n\tAnmelde-GUID:\t\t{00000000-0000-0000-0000-000000000000}\r\n\r\nProzessinformationen:\r\n\tProzess-ID:\t\t0x548\r\n\tProzessname:\t\tC:\\Windows\\System32\\lsass.exe\r\n\r\nNetzwerkinformationen:\r\n\tArbeitsstationsname:\tSWE-13\r\n\tQuellnetzwerkadresse:\t-\r\n\tQuellport:\t\t-\r\n\r\nDetaillierte Authentifizierungsinformationen:\r\n\tAnmeldeprozess:\t\tNegotiat\r\n\tAuthentifizierungspaket:\tNegotiate\r\n\tÜbertragene Dienste:\t-\r\n\tPaketname (nur NTLM):\t-\r\n\tSchlüssellänge:\t\t0\r\n\r\nDieses Ereignis wird beim Erstellen einer Anmeldesitzung generiert. Es wird auf dem Computer generiert, auf den zugegriffen wurde.\r\n\r\nDie Antragstellerfelder geben das Konto auf dem lokalen System an, von dem die Anmeldung angefordert wurde. Dies ist meistens ein Dienst wie der Serverdienst oder ein lokaler Prozess wie Winlogon.exe oder Services.exe.\r\n\r\nDas Anmeldetypfeld gibt den jeweiligen Anmeldetyp an. Die häufigsten Typen sind 2 (interaktiv) und 3 (Netzwerk).\r\n\r\nDie Felder für die neue Anmeldung geben das Konto an, für das die neue Anmeldung erstellt wurde, d. h. das angemeldete Konto.\r\n\r\nDie Netzwerkfelder geben den Ursprung einer Remoteanmeldeanforderung an. Der Arbeitsstationsname ist nicht immer verfügbar und kann in manchen Fällen leer bleiben.\r\n\r\nDas Feld für die Identitätswechselebene gibt an, in welchem Umfang ein Prozess in der Anmeldesitzung einen Identitätswechsel vornehmen kann.\r\n\r\nDie Felder für die Authentifizierungsinformationen enthalten detaillierte Informationen zu dieser spezifische Anmeldeanforderung.\r\n\t– Die Anmelde-GUID ist ein eindeutiger Bezeichner, der verwendet werden kann, um dieses Ereignis mit einem KDC-Ereignis zu korrelieren.\r\n\t– Die übertragenen Dienste geben an, welche Zwischendienste an der Anmeldeanforderung beteiligt waren.\r\n\t– Der Paketname gibt das in den NTLM-Protokollen verwendete Unterprotokoll an.\r\n\t– Die Schlüssellänge gibt die Länge des generierten Sitzungsschlüssels an. Wenn kein Sitzungsschlüssel angefordert wurde, ist dieser Wert 0.\"",
          "version": "3",
          "systemTime": "2026-05-26T10:57:46.8429265Z",
          "eventRecordID": "2597023",
          "threadID": "23472",
          "computer": "SWE-13.arzw.local",
          "task": "12544",
          "processID": "1352",
          "severityValue": "AUDIT_SUCCESS",
          "providerName": "Microsoft-Windows-Security-Auditing"
        }
      }
    },
    "rule": {
      "firedtimes": 23,
      "mail": false,
      "level": 3,
      "description": "Non network or service local logon.",
      "groups": [
        "windows",
        " WEF"
      ],
      "id": "67022"
    },
    "location": "EventChannel",
    "decoder": {
      "name": "windows_eventchannel"
    },
    "id": "1779793187.22903042",
    "timestamp": "2026-05-26T10:59:47.782+0000"
  },
  {
    "input": {
      "type": "log"
    },
    "agent": {
      "ip": "10.0.139.142",
      "name": "SWE-13",
      "id": "077"
    },
    "manager": {
      "name": "wazuh.manager"
    },
    "data": {
      "win": {
        "eventdata": {
          "subjectLogonId": "0x3e7",
          "subjectDomainName": "ARZW",
          "targetLinkedLogonId": "0x9abc4f0",
          "impersonationLevel": "%%1833",
          "authenticationPackageName": "Negotiate",
          "workstationName": "SWE-13",
          "targetLogonId": "0x9a3b0aa",
          "logonProcessName": "Negotiat",
          "logonGuid": "{00000000-0000-0000-0000-000000000000}",
          "targetUserName": "c.koellner",
          "keyLength": "0",
          "elevatedToken": "%%1842",
          "subjectUserSid": "S-1-5-18",
          "processId": "0x548",
          "processName": "C:\\\\Windows\\\\System32\\\\lsass.exe",
          "targetDomainName": "ARZW",
          "targetUserSid": "S-1-5-21-228770904-35461013-1130905197-2742",
          "virtualAccount": "%%1843",
          "logonType": "7",
          "subjectUserName": "SWE-13$"
        },
        "system": {
          "eventID": "4624",
          "keywords": "0x8020000000000000",
          "providerGuid": "{54849625-5478-4994-a5ba-3e3b0328c30d}",
          "level": "0",
          "channel": "Security",
          "opcode": "0",
          "message": "\"Ein Konto wurde erfolgreich angemeldet.\r\n\r\nAntragsteller:\r\n\tSicherheits-ID:\t\tS-1-5-18\r\n\tKontoname:\t\tSWE-13$\r\n\tKontodomäne:\t\tARZW\r\n\tAnmelde-ID:\t\t0x3E7\r\n\r\nAnmeldeinformationen:\r\n\tAnmeldetyp:\t\t7\r\n\tEingeschränkter Administratormodus:\t-\r\n\tRemote Credential Guard:\t-\r\n\tVirtuelles Konto:\t\tNein\r\n\tToken mit erhöhten Rechten:\t\tJa\r\n\r\nIdentitätswechselebene:\t\tIdentitätswechsel\r\n\r\nNeue Anmeldung:\r\n\tSicherheits-ID:\t\tS-1-5-21-228770904-35461013-1130905197-2742\r\n\tKontoname:\t\tc.koellner\r\n\tKontodomäne:\t\tARZW\r\n\tAnmelde-ID:\t\t0x9A3B0AA\r\n\tVerknüpfte Anmelde-ID:\t\t0x9ABC4F0\r\n\tNetzwerk-Kontoname:\t-\r\n\tNetzwerk-Kontodomäne:\t-\r\n\tAnmelde-GUID:\t\t{00000000-0000-0000-0000-000000000000}\r\n\r\nProzessinformationen:\r\n\tProzess-ID:\t\t0x548\r\n\tProzessname:\t\tC:\\Windows\\System32\\lsass.exe\r\n\r\nNetzwerkinformationen:\r\n\tArbeitsstationsname:\tSWE-13\r\n\tQuellnetzwerkadresse:\t-\r\n\tQuellport:\t\t-\r\n\r\nDetaillierte Authentifizierungsinformationen:\r\n\tAnmeldeprozess:\t\tNegotiat\r\n\tAuthentifizierungspaket:\tNegotiate\r\n\tÜbertragene Dienste:\t-\r\n\tPaketname (nur NTLM):\t-\r\n\tSchlüssellänge:\t\t0\r\n\r\nDieses Ereignis wird beim Erstellen einer Anmeldesitzung generiert. Es wird auf dem Computer generiert, auf den zugegriffen wurde.\r\n\r\nDie Antragstellerfelder geben das Konto auf dem lokalen System an, von dem die Anmeldung angefordert wurde. Dies ist meistens ein Dienst wie der Serverdienst oder ein lokaler Prozess wie Winlogon.exe oder Services.exe.\r\n\r\nDas Anmeldetypfeld gibt den jeweiligen Anmeldetyp an. Die häufigsten Typen sind 2 (interaktiv) und 3 (Netzwerk).\r\n\r\nDie Felder für die neue Anmeldung geben das Konto an, für das die neue Anmeldung erstellt wurde, d. h. das angemeldete Konto.\r\n\r\nDie Netzwerkfelder geben den Ursprung einer Remoteanmeldeanforderung an. Der Arbeitsstationsname ist nicht immer verfügbar und kann in manchen Fällen leer bleiben.\r\n\r\nDas Feld für die Identitätswechselebene gibt an, in welchem Umfang ein Prozess in der Anmeldesitzung einen Identitätswechsel vornehmen kann.\r\n\r\nDie Felder für die Authentifizierungsinformationen enthalten detaillierte Informationen zu dieser spezifische Anmeldeanforderung.\r\n\t– Die Anmelde-GUID ist ein eindeutiger Bezeichner, der verwendet werden kann, um dieses Ereignis mit einem KDC-Ereignis zu korrelieren.\r\n\t– Die übertragenen Dienste geben an, welche Zwischendienste an der Anmeldeanforderung beteiligt waren.\r\n\t– Der Paketname gibt das in den NTLM-Protokollen verwendete Unterprotokoll an.\r\n\t– Die Schlüssellänge gibt die Länge des generierten Sitzungsschlüssels an. Wenn kein Sitzungsschlüssel angefordert wurde, ist dieser Wert 0.\"",
          "version": "3",
          "systemTime": "2026-05-26T10:57:46.8428865Z",
          "eventRecordID": "2597022",
          "threadID": "23472",
          "computer": "SWE-13.arzw.local",
          "task": "12544",
          "processID": "1352",
          "severityValue": "AUDIT_SUCCESS",
          "providerName": "Microsoft-Windows-Security-Auditing"
        }
      }
    },
    "rule": {
      "firedtimes": 22,
      "mail": false,
      "level": 3,
      "description": "Non network or service local logon.",
      "groups": [
        "windows",
        " WEF"
      ],
      "id": "67022"
    },
    "location": "EventChannel",
    "decoder": {
      "name": "windows_eventchannel"
    },
    "id": "1779793187.22895049",
    "timestamp": "2026-05-26T10:59:47.773+0000"
  },
  {
    "input": {
      "type": "log"
    },
    "agent": {
      "ip": "10.0.139.142",
      "name": "SWE-13",
      "id": "077"
    },
    "manager": {
      "name": "wazuh.manager"
    },
    "data": {
      "win": {
        "eventdata": {
          "subjectLogonId": "0x9a1af6f",
          "subjectUserSid": "S-1-5-21-228770904-35461013-1130905197-2742",
          "subjectDomainName": "ARZW",
          "privilegeList": "SeSecurityPrivilege     SeTakeOwnershipPrivilege     SeLoadDriverPrivilege     SeBackupPrivilege     SeRestorePrivilege     SeDebugPrivilege     SeSystemEnvironmentPrivilege     SeImpersonatePrivilege     SeDelegateSessionUserImpersonatePrivilege",
          "subjectUserName": "c.koellner"
        },
        "system": {
          "eventID": "4672",
          "keywords": "0x8020000000000000",
          "providerGuid": "{54849625-5478-4994-a5ba-3e3b0328c30d}",
          "level": "0",
          "channel": "Security",
          "opcode": "0",
          "message": "\"Einer neuen Anmeldung wurden besondere Rechte zugewiesen.\r\n\r\nAntragsteller:\r\n\tSicherheits-ID:\t\tS-1-5-21-228770904-35461013-1130905197-2742\r\n\tKontoname:\t\tc.koellner\r\n\tKontodomäne:\t\tARZW\r\n\tAnmelde-ID:\t\t0x9A1AF6F\r\n\r\nBerechtigungen:\t\tSeSecurityPrivilege\r\n\t\t\tSeTakeOwnershipPrivilege\r\n\t\t\tSeLoadDriverPrivilege\r\n\t\t\tSeBackupPrivilege\r\n\t\t\tSeRestorePrivilege\r\n\t\t\tSeDebugPrivilege\r\n\t\t\tSeSystemEnvironmentPrivilege\r\n\t\t\tSeImpersonatePrivilege\r\n\t\t\tSeDelegateSessionUserImpersonatePrivilege\"",
          "version": "0",
          "systemTime": "2026-05-26T10:57:35.8891563Z",
          "eventRecordID": "2596985",
          "threadID": "14548",
          "computer": "SWE-13.arzw.local",
          "task": "12548",
          "processID": "1352",
          "severityValue": "AUDIT_SUCCESS",
          "providerName": "Microsoft-Windows-Security-Auditing"
        }
      }
    },
    "rule": {
      "firedtimes": 9,
      "mail": false,
      "level": 3,
      "description": "Special privileges assigned to new logon.",
      "groups": [
        "windows",
        " WEF"
      ],
      "mitre": {
        "technique": [
          "Domain Policy Modification"
        ],
        "id": [
          "T1484"
        ],
        "tactic": [
          "Defense Evasion",
          "Privilege Escalation"
        ]
      },
      "id": "67028"
    },
    "location": "EventChannel",
    "decoder": {
      "name": "windows_eventchannel"
    },
    "id": "1779793187.22891974",
    "timestamp": "2026-05-26T10:59:47.381+0000"
  },
  {
    "input": {
      "type": "log"
    },
    "agent": {
      "ip": "10.0.139.142",
      "name": "SWE-13",
      "id": "077"
    },
    "manager": {
      "name": "wazuh.manager"
    },
    "data": {
      "win": {
        "eventdata": {
          "subjectLogonId": "0x3e7",
          "subjectDomainName": "ARZW",
          "targetLinkedLogonId": "0x9a1af6f",
          "impersonationLevel": "%%1833",
          "ipAddress": "127.0.0.1",
          "authenticationPackageName": "Negotiate",
          "workstationName": "SWE-13",
          "targetLogonId": "0x9a1b36b",
          "logonProcessName": "User32",
          "logonGuid": "{00000000-0000-0000-0000-000000000000}",
          "targetUserName": "c.koellner",
          "keyLength": "0",
          "elevatedToken": "%%1843",
          "subjectUserSid": "S-1-5-18",
          "processId": "0x91c",
          "processName": "C:\\\\Windows\\\\System32\\\\svchost.exe",
          "ipPort": "0",
          "targetDomainName": "ARZW",
          "targetUserSid": "S-1-5-21-228770904-35461013-1130905197-2742",
          "virtualAccount": "%%1843",
          "logonType": "11",
          "subjectUserName": "SWE-13$"
        },
        "system": {
          "eventID": "4624",
          "keywords": "0x8020000000000000",
          "providerGuid": "{54849625-5478-4994-a5ba-3e3b0328c30d}",
          "level": "0",
          "channel": "Security",
          "opcode": "0",
          "message": "\"Ein Konto wurde erfolgreich angemeldet.\r\n\r\nAntragsteller:\r\n\tSicherheits-ID:\t\tS-1-5-18\r\n\tKontoname:\t\tSWE-13$\r\n\tKontodomäne:\t\tARZW\r\n\tAnmelde-ID:\t\t0x3E7\r\n\r\nAnmeldeinformationen:\r\n\tAnmeldetyp:\t\t11\r\n\tEingeschränkter Administratormodus:\t-\r\n\tRemote Credential Guard:\t-\r\n\tVirtuelles Konto:\t\tNein\r\n\tToken mit erhöhten Rechten:\t\tNein\r\n\r\nIdentitätswechselebene:\t\tIdentitätswechsel\r\n\r\nNeue Anmeldung:\r\n\tSicherheits-ID:\t\tS-1-5-21-228770904-35461013-1130905197-2742\r\n\tKontoname:\t\tc.koellner\r\n\tKontodomäne:\t\tARZW\r\n\tAnmelde-ID:\t\t0x9A1B36B\r\n\tVerknüpfte Anmelde-ID:\t\t0x9A1AF6F\r\n\tNetzwerk-Kontoname:\t-\r\n\tNetzwerk-Kontodomäne:\t-\r\n\tAnmelde-GUID:\t\t{00000000-0000-0000-0000-000000000000}\r\n\r\nProzessinformationen:\r\n\tProzess-ID:\t\t0x91c\r\n\tProzessname:\t\tC:\\Windows\\System32\\svchost.exe\r\n\r\nNetzwerkinformationen:\r\n\tArbeitsstationsname:\tSWE-13\r\n\tQuellnetzwerkadresse:\t127.0.0.1\r\n\tQuellport:\t\t0\r\n\r\nDetaillierte Authentifizierungsinformationen:\r\n\tAnmeldeprozess:\t\tUser32 \r\n\tAuthentifizierungspaket:\tNegotiate\r\n\tÜbertragene Dienste:\t-\r\n\tPaketname (nur NTLM):\t-\r\n\tSchlüssellänge:\t\t0\r\n\r\nDieses Ereignis wird beim Erstellen einer Anmeldesitzung generiert. Es wird auf dem Computer generiert, auf den zugegriffen wurde.\r\n\r\nDie Antragstellerfelder geben das Konto auf dem lokalen System an, von dem die Anmeldung angefordert wurde. Dies ist meistens ein Dienst wie der Serverdienst oder ein lokaler Prozess wie Winlogon.exe oder Services.exe.\r\n\r\nDas Anmeldetypfeld gibt den jeweiligen Anmeldetyp an. Die häufigsten Typen sind 2 (interaktiv) und 3 (Netzwerk).\r\n\r\nDie Felder für die neue Anmeldung geben das Konto an, für das die neue Anmeldung erstellt wurde, d. h. das angemeldete Konto.\r\n\r\nDie Netzwerkfelder geben den Ursprung einer Remoteanmeldeanforderung an. Der Arbeitsstationsname ist nicht immer verfügbar und kann in manchen Fällen leer bleiben.\r\n\r\nDas Feld für die Identitätswechselebene gibt an, in welchem Umfang ein Prozess in der Anmeldesitzung einen Identitätswechsel vornehmen kann.\r\n\r\nDie Felder für die Authentifizierungsinformationen enthalten detaillierte Informationen zu dieser spezifische Anmeldeanforderung.\r\n\t– Die Anmelde-GUID ist ein eindeutiger Bezeichner, der verwendet werden kann, um dieses Ereignis mit einem KDC-Ereignis zu korrelieren.\r\n\t– Die übertragenen Dienste geben an, welche Zwischendienste an der Anmeldeanforderung beteiligt waren.\r\n\t– Der Paketname gibt das in den NTLM-Protokollen verwendete Unterprotokoll an.\r\n\t– Die Schlüssellänge gibt die Länge des generierten Sitzungsschlüssels an. Wenn kein Sitzungsschlüssel angefordert wurde, ist dieser Wert 0.\"",
          "version": "3",
          "systemTime": "2026-05-26T10:57:35.8891485Z",
          "eventRecordID": "2596984",
          "threadID": "14548",
          "computer": "SWE-13.arzw.local",
          "task": "12544",
          "processID": "1352",
          "severityValue": "AUDIT_SUCCESS",
          "providerName": "Microsoft-Windows-Security-Auditing"
        }
      }
    },
    "rule": {
      "firedtimes": 21,
      "mail": false,
      "level": 3,
      "description": "Non network or service local logon.",
      "groups": [
        "windows",
        " WEF"
      ],
      "id": "67022"
    },
    "location": "EventChannel",
    "decoder": {
      "name": "windows_eventchannel"
    },
    "id": "1779793187.22883859",
    "timestamp": "2026-05-26T10:59:47.364+0000"
  },
  {
    "input": {
      "type": "log"
    },
    "agent": {
      "ip": "10.0.139.142",
      "name": "SWE-13",
      "id": "077"
    },
    "manager": {
      "name": "wazuh.manager"
    },
    "data": {
      "win": {
        "eventdata": {
          "subjectLogonId": "0x3e7",
          "subjectDomainName": "ARZW",
          "targetLinkedLogonId": "0x9a1b36b",
          "impersonationLevel": "%%1833",
          "ipAddress": "127.0.0.1",
          "authenticationPackageName": "Negotiate",
          "workstationName": "SWE-13",
          "targetLogonId": "0x9a1af6f",
          "logonProcessName": "User32",
          "logonGuid": "{00000000-0000-0000-0000-000000000000}",
          "targetUserName": "c.koellner",
          "keyLength": "0",
          "elevatedToken": "%%1842",
          "subjectUserSid": "S-1-5-18",
          "processId": "0x91c",
          "processName": "C:\\\\Windows\\\\System32\\\\svchost.exe",
          "ipPort": "0",
          "targetDomainName": "ARZW",
          "targetUserSid": "S-1-5-21-228770904-35461013-1130905197-2742",
          "virtualAccount": "%%1843",
          "logonType": "11",
          "subjectUserName": "SWE-13$"
        },
        "system": {
          "eventID": "4624",
          "keywords": "0x8020000000000000",
          "providerGuid": "{54849625-5478-4994-a5ba-3e3b0328c30d}",
          "level": "0",
          "channel": "Security",
          "opcode": "0",
          "message": "\"Ein Konto wurde erfolgreich angemeldet.\r\n\r\nAntragsteller:\r\n\tSicherheits-ID:\t\tS-1-5-18\r\n\tKontoname:\t\tSWE-13$\r\n\tKontodomäne:\t\tARZW\r\n\tAnmelde-ID:\t\t0x3E7\r\n\r\nAnmeldeinformationen:\r\n\tAnmeldetyp:\t\t11\r\n\tEingeschränkter Administratormodus:\t-\r\n\tRemote Credential Guard:\t-\r\n\tVirtuelles Konto:\t\tNein\r\n\tToken mit erhöhten Rechten:\t\tJa\r\n\r\nIdentitätswechselebene:\t\tIdentitätswechsel\r\n\r\nNeue Anmeldung:\r\n\tSicherheits-ID:\t\tS-1-5-21-228770904-35461013-1130905197-2742\r\n\tKontoname:\t\tc.koellner\r\n\tKontodomäne:\t\tARZW\r\n\tAnmelde-ID:\t\t0x9A1AF6F\r\n\tVerknüpfte Anmelde-ID:\t\t0x9A1B36B\r\n\tNetzwerk-Kontoname:\t-\r\n\tNetzwerk-Kontodomäne:\t-\r\n\tAnmelde-GUID:\t\t{00000000-0000-0000-0000-000000000000}\r\n\r\nProzessinformationen:\r\n\tProzess-ID:\t\t0x91c\r\n\tProzessname:\t\tC:\\Windows\\System32\\svchost.exe\r\n\r\nNetzwerkinformationen:\r\n\tArbeitsstationsname:\tSWE-13\r\n\tQuellnetzwerkadresse:\t127.0.0.1\r\n\tQuellport:\t\t0\r\n\r\nDetaillierte Authentifizierungsinformationen:\r\n\tAnmeldeprozess:\t\tUser32 \r\n\tAuthentifizierungspaket:\tNegotiate\r\n\tÜbertragene Dienste:\t-\r\n\tPaketname (nur NTLM):\t-\r\n\tSchlüssellänge:\t\t0\r\n\r\nDieses Ereignis wird beim Erstellen einer Anmeldesitzung generiert. Es wird auf dem Computer generiert, auf den zugegriffen wurde.\r\n\r\nDie Antragstellerfelder geben das Konto auf dem lokalen System an, von dem die Anmeldung angefordert wurde. Dies ist meistens ein Dienst wie der Serverdienst oder ein lokaler Prozess wie Winlogon.exe oder Services.exe.\r\n\r\nDas Anmeldetypfeld gibt den jeweiligen Anmeldetyp an. Die häufigsten Typen sind 2 (interaktiv) und 3 (Netzwerk).\r\n\r\nDie Felder für die neue Anmeldung geben das Konto an, für das die neue Anmeldung erstellt wurde, d. h. das angemeldete Konto.\r\n\r\nDie Netzwerkfelder geben den Ursprung einer Remoteanmeldeanforderung an. Der Arbeitsstationsname ist nicht immer verfügbar und kann in manchen Fällen leer bleiben.\r\n\r\nDas Feld für die Identitätswechselebene gibt an, in welchem Umfang ein Prozess in der Anmeldesitzung einen Identitätswechsel vornehmen kann.\r\n\r\nDie Felder für die Authentifizierungsinformationen enthalten detaillierte Informationen zu dieser spezifische Anmeldeanforderung.\r\n\t– Die Anmelde-GUID ist ein eindeutiger Bezeichner, der verwendet werden kann, um dieses Ereignis mit einem KDC-Ereignis zu korrelieren.\r\n\t– Die übertragenen Dienste geben an, welche Zwischendienste an der Anmeldeanforderung beteiligt waren.\r\n\t– Der Paketname gibt das in den NTLM-Protokollen verwendete Unterprotokoll an.\r\n\t– Die Schlüssellänge gibt die Länge des generierten Sitzungsschlüssels an. Wenn kein Sitzungsschlüssel angefordert wurde, ist dieser Wert 0.\"",
          "version": "3",
          "systemTime": "2026-05-26T10:57:35.8891259Z",
          "eventRecordID": "2596983",
          "threadID": "14548",
          "computer": "SWE-13.arzw.local",
          "task": "12544",
          "processID": "1352",
          "severityValue": "AUDIT_SUCCESS",
          "providerName": "Microsoft-Windows-Security-Auditing"
        }
      }
    },
    "rule": {
      "firedtimes": 20,
      "mail": false,
      "level": 3,
      "description": "Non network or service local logon.",
      "groups": [
        "windows",
        " WEF"
      ],
      "id": "67022"
    },
    "location": "EventChannel",
    "decoder": {
      "name": "windows_eventchannel"
    },
    "id": "1779793187.22875748",
    "timestamp": "2026-05-26T10:59:47.355+0000"
  },
  {
    "input": {
      "type": "log"
    },
    "agent": {
      "ip": "10.0.139.142",
      "name": "SWE-13",
      "id": "077"
    },
    "manager": {
      "name": "wazuh.manager"
    },
    "data": {
      "win": {
        "eventdata": {
          "data": "ResolveSimultaneousProbe: 00000000 Our Record 3 won:  58E2ACC8   20 SWE-13._ni-logos._tcp.local. SRV 0 0 2343 SWE-89.local."
        },
        "system": {
          "eventID": "100",
          "keywords": "0x80000000000000",
          "level": "2",
          "channel": "Application",
          "opcode": "0",
          "version": "0",
          "systemTime": "2026-05-26T10:57:55.9831460Z",
          "eventRecordID": "35227",
          "threadID": "0",
          "computer": "SWE-13.arzw.local",
          "task": "0",
          "processID": "6084",
          "severityValue": "ERROR",
          "providerName": "niZeroconfService"
        }
      }
    },
    "rule": {
      "firedtimes": 23,
      "mail": false,
      "level": 9,
      "description": "Windows application error event.",
      "groups": [
        "windows",
        "windows_application",
        "system_error"
      ],
      "id": "60602",
      "gdpr": [
        "IV_35.7.d"
      ],
      "gpg13": [
        "4.3"
      ]
    },
    "location": "EventChannel",
    "decoder": {
      "name": "windows_eventchannel"
    },
    "id": "1779793186.22874492",
    "timestamp": "2026-05-26T10:59:46.120+0000"
  },
  {
    "input": {
      "type": "log"
    },
    "agent": {
      "ip": "10.0.139.142",
      "name": "SWE-13",
      "id": "077"
    },
    "previous_output": "{\"win\":{\"system\":{\"providerName\":\"niZeroconfService\",\"eventID\":\"100\",\"version\":\"0\",\"level\":\"2\",\"task\":\"0\",\"opcode\":\"0\",\"keywords\":\"0x80000000000000\",\"systemTime\":\"2026-05-26T10:57:55.9823323Z\",\"eventRecordID\":\"35225\",\"processID\":\"6084\",\"threadID\":\"0\",\"channel\":\"Application\",\"computer\":\"SWE-13.arzw.local\",\"severityValue\":\"ERROR\"},\"eventdata\":{\"data\":\"mDNSCoreReceiveResponse: Unexpected conflict discarding   14 1.5.3.2.0.2.7.F.D.E.0.A.5.1.2.1.0.0.0.0.0.0.0.0.0.0.0.0.0.8.E.F.ip6.arpa. PTR SWE-89.local.\"}}}\n{\"win\":{\"system\":{\"providerName\":\"niZeroconfService\",\"eventID\":\"100\",\"version\":\"0\",\"level\":\"2\",\"task\":\"0\",\"opcode\":\"0\",\"keywords\":\"0x80000000000000\",\"systemTime\":\"2026-05-26T10:57:55.9820433Z\",\"eventRecordID\":\"35224\",\"processID\":\"6084\",\"threadID\":\"0\",\"channel\":\"Application\",\"computer\":\"SWE-13.arzw.local\",\"severityValue\":\"ERROR\"},\"eventdata\":{\"data\":\"mDNSCoreReceiveResponse: Received from 2003:0104:1F12:7F00:6821:076D:98E6:7A12:5353   14 1.5.3.2.0.2.7.F.D.E.0.A.5.1.2.1.0.0.0.0.0.0.0.0.0.0.0.0.0.8.E.F.ip6.arpa. PTR SWE-13.local.\"}}}\n{\"win\":{\"system\":{\"providerName\":\"niZeroconfService\",\"eventID\":\"100\",\"version\":\"0\",\"level\":\"2\",\"task\":\"0\",\"opcode\":\"0\",\"keywords\":\"0x80000000000000\",\"systemTime\":\"2026-05-26T10:57:55.9817230Z\",\"eventRecordID\":\"35223\",\"processID\":\"6084\",\"threadID\":\"0\",\"channel\":\"Application\",\"computer\":\"SWE-13.arzw.local\",\"severityValue\":\"ERROR\"},\"eventdata\":{\"data\":\"mDNSCoreReceiveResponse: Unexpected conflict discarding   14 7.4.1.A.4.3.0.A.2.2.E.C.D.F.8.F.0.0.0.0.6.E.5.2.3.9.0.5.9.1.D.F.ip6.arpa. PTR SWE-89.local.\"}}}\n{\"win\":{\"system\":{\"providerName\":\"niZeroconfService\",\"eventID\":\"100\",\"version\":\"0\",\"level\":\"2\",\"task\":\"0\",\"opcode\":\"0\",\"keywords\":\"0x80000000000000\",\"systemTime\":\"2026-05-26T10:57:55.9814791Z\",\"eventRecordID\":\"35222\",\"processID\":\"6084\",\"threadID\":\"0\",\"channel\":\"Application\",\"computer\":\"SWE-13.arzw.local\",\"severityValue\":\"ERROR\"},\"eventdata\":{\"data\":\"mDNSCoreReceiveResponse: Received from 2003:0104:1F12:7F00:6821:076D:98E6:7A12:5353   14 7.4.1.A.4.3.0.A.2.2.E.C.D.F.8.F.0.0.0.0.6.E.5.2.3.9.0.5.9.1.D.F.ip6.arpa. PTR SWE-13.local.\"}}}\n{\"win\":{\"system\":{\"providerName\":\"niZeroconfService\",\"eventID\":\"100\",\"version\":\"0\",\"level\":\"2\",\"task\":\"0\",\"opcode\":\"0\",\"keywords\":\"0x80000000000000\",\"systemTime\":\"2026-05-26T10:57:55.9810181Z\",\"eventRecordID\":\"35221\",\"processID\":\"6084\",\"threadID\":\"0\",\"channel\":\"Application\",\"computer\":\"SWE-13.arzw.local\",\"severityValue\":\"ERROR\"},\"eventdata\":{\"data\":\"mDNSCoreReceiveResponse: Unexpected conflict discarding   14 7.4.1.A.4.3.0.A.2.2.E.C.D.F.8.F.0.0.F.7.2.1.F.1.4.0.1.0.3.0.0.2.ip6.arpa. PTR SWE-89.local.\"}}}\n{\"win\":{\"system\":{\"providerName\":\"niZeroconfService\",\"eventID\":\"100\",\"version\":\"0\",\"level\":\"2\",\"task\":\"0\",\"opcode\":\"0\",\"keywords\":\"0x80000000000000\",\"systemTime\":\"2026-05-26T10:57:55.9807993Z\",\"eventRecordID\":\"35220\",\"processID\":\"6084\",\"threadID\":\"0\",\"channel\":\"Application\",\"computer\":\"SWE-13.arzw.local\",\"severityValue\":\"ERROR\"},\"eventdata\":{\"data\":\"mDNSCoreReceiveResponse: Received from 2003:0104:1F12:7F00:6821:076D:98E6:7A12:5353   14 7.4.1.A.4.3.0.A.2.2.E.C.D.F.8.F.0.0.F.7.2.1.F.1.4.0.1.0.3.0.0.2.ip6.arpa. PTR SWE-13.local.\"}}}\n{\"win\":{\"system\":{\"providerName\":\"niZeroconfService\",\"eventID\":\"100\",\"version\":\"0\",\"level\":\"2\",\"task\":\"0\",\"opcode\":\"0\",\"keywords\":\"0x80000000000000\",\"systemTime\":\"2026-05-26T10:57:55.9805013Z\",\"eventRecordID\":\"35219\",\"processID\":\"6084\",\"threadID\":\"0\",\"channel\":\"Application\",\"computer\":\"SWE-13.arzw.local\",\"severityValue\":\"ERROR\"},\"eventdata\":{\"data\":\"mDNSCoreReceiveResponse: Unexpected conflict discarding   14 4.C.F.7.A.1.3.F.1.8.4.A.0.B.7.6.0.0.0.0.6.E.5.2.3.9.0.5.9.1.D.F.ip6.arpa. PTR SWE-89.local.\"}}}",
    "manager": {
      "name": "wazuh.manager"
    },
    "data": {
      "win": {
        "eventdata": {
          "data": "ResolveSimultaneousProbe: 0103A258 Pkt Record:        58D63CC8   20 SWE-13._ni-logos._tcp.local. SRV 0 0 2343 SWE-13.local."
        },
        "system": {
          "eventID": "100",
          "keywords": "0x80000000000000",
          "level": "2",
          "channel": "Application",
          "opcode": "0",
          "version": "0",
          "systemTime": "2026-05-26T10:57:55.9827440Z",
          "eventRecordID": "35226",
          "threadID": "0",
          "computer": "SWE-13.arzw.local",
          "task": "0",
          "processID": "6084",
          "severityValue": "ERROR",
          "providerName": "niZeroconfService"
        }
      }
    },
    "rule": {
      "firedtimes": 2,
      "mail": false,
      "level": 10,
      "description": "Multiple Windows error application events.",
      "groups": [
        "windows",
        "windows_application"
      ],
      "id": "61061",
      "frequency": 8
    },
    "location": "EventChannel",
    "decoder": {
      "name": "windows_eventchannel"
    },
    "id": "1779793186.22869616",
    "timestamp": "2026-05-26T10:59:46.081+0000"
  },
  {
    "input": {
      "type": "log"
    },
    "agent": {
      "ip": "10.0.139.142",
      "name": "SWE-13",
      "id": "077"
    },
    "manager": {
      "name": "wazuh.manager"
    },
    "data": {
      "win": {
        "eventdata": {
          "data": "mDNSCoreReceiveResponse: Unexpected conflict discarding   14 1.5.3.2.0.2.7.F.D.E.0.A.5.1.2.1.0.0.0.0.0.0.0.0.0.0.0.0.0.8.E.F.ip6.arpa. PTR SWE-89.local."
        },
        "system": {
          "eventID": "100",
          "keywords": "0x80000000000000",
          "level": "2",
          "channel": "Application",
          "opcode": "0",
          "version": "0",
          "systemTime": "2026-05-26T10:57:55.9823323Z",
          "eventRecordID": "35225",
          "threadID": "0",
          "computer": "SWE-13.arzw.local",
          "task": "0",
          "processID": "6084",
          "severityValue": "ERROR",
          "providerName": "niZeroconfService"
        }
      }
    },
    "rule": {
      "firedtimes": 22,
      "mail": false,
      "level": 9,
      "description": "Windows application error event.",
      "groups": [
        "windows",
        "windows_application",
        "system_error"
      ],
      "id": "60602",
      "gdpr": [
        "IV_35.7.d"
      ],
      "gpg13": [
        "4.3"
      ]
    },
    "location": "EventChannel",
    "decoder": {
      "name": "windows_eventchannel"
    },
    "id": "1779793186.22868302",
    "timestamp": "2026-05-26T10:59:46.039+0000"
  },
  {
    "input": {
      "type": "log"
    },
    "agent": {
      "ip": "10.0.139.142",
      "name": "SWE-13",
      "id": "077"
    },
    "manager": {
      "name": "wazuh.manager"
    },
    "data": {
      "win": {
        "eventdata": {
          "data": "mDNSCoreReceiveResponse: Received from 2003:0104:1F12:7F00:6821:076D:98E6:7A12:5353   14 1.5.3.2.0.2.7.F.D.E.0.A.5.1.2.1.0.0.0.0.0.0.0.0.0.0.0.0.0.8.E.F.ip6.arpa. PTR SWE-13.local."
        },
        "system": {
          "eventID": "100",
          "keywords": "0x80000000000000",
          "level": "2",
          "channel": "Application",
          "opcode": "0",
          "version": "0",
          "systemTime": "2026-05-26T10:57:55.9820433Z",
          "eventRecordID": "35224",
          "threadID": "0",
          "computer": "SWE-13.arzw.local",
          "task": "0",
          "processID": "6084",
          "severityValue": "ERROR",
          "providerName": "niZeroconfService"
        }
      }
    },
    "rule": {
      "firedtimes": 21,
      "mail": false,
      "level": 9,
      "description": "Windows application error event.",
      "groups": [
        "windows",
        "windows_application",
        "system_error"
      ],
      "id": "60602",
      "gdpr": [
        "IV_35.7.d"
      ],
      "gpg13": [
        "4.3"
      ]
    },
    "location": "EventChannel",
    "decoder": {
      "name": "windows_eventchannel"
    },
    "id": "1779793185.22866932",
    "timestamp": "2026-05-26T10:59:45.999+0000"
  },
  {
    "input": {
      "type": "log"
    },
    "agent": {
      "ip": "10.0.139.142",
      "name": "SWE-13",
      "id": "077"
    },
    "manager": {
      "name": "wazuh.manager"
    },
    "data": {
      "win": {
        "eventdata": {
          "data": "mDNSCoreReceiveResponse: Unexpected conflict discarding   14 7.4.1.A.4.3.0.A.2.2.E.C.D.F.8.F.0.0.0.0.6.E.5.2.3.9.0.5.9.1.D.F.ip6.arpa. PTR SWE-89.local."
        },
        "system": {
          "eventID": "100",
          "keywords": "0x80000000000000",
          "level": "2",
          "channel": "Application",
          "opcode": "0",
          "version": "0",
          "systemTime": "2026-05-26T10:57:55.9817230Z",
          "eventRecordID": "35223",
          "threadID": "0",
          "computer": "SWE-13.arzw.local",
          "task": "0",
          "processID": "6084",
          "severityValue": "ERROR",
          "providerName": "niZeroconfService"
        }
      }
    },
    "rule": {
      "firedtimes": 20,
      "mail": false,
      "level": 9,
      "description": "Windows application error event.",
      "groups": [
        "windows",
        "windows_application",
        "system_error"
      ],
      "id": "60602",
      "gdpr": [
        "IV_35.7.d"
      ],
      "gpg13": [
        "4.3"
      ]
    },
    "location": "EventChannel",
    "decoder": {
      "name": "windows_eventchannel"
    },
    "id": "1779793185.22865618",
    "timestamp": "2026-05-26T10:59:45.959+0000"
  },
