  {
    "input": {
      "type": "log"
    },
    "agent": {
      "ip": "172.21.5.111",
      "name": "SWE-13",
      "id": "077"
    },
    "manager": {
      "name": "wazuh.manager"
    },
    "data": {
      "win": {
        "eventdata": {
          "appVersion": "10.0.26100.7309",
          "appTimeStamp": "e9f0ebbf",
          "appName": "StartMenuExperienceHost.exe",
          "moduleName": "ntdll.dll",
          "processCreationTime": "0x1dcecd2a5edd754",
          "moduleTimeStamp": "5b6dddee",
          "appPath": "C:\\\\WINDOWS\\\\SystemApps\\\\Microsoft.Windows.StartMenuExperienceHost_cw5n1h2txyewy\\\\StartMenuExperienceHost.exe",
          "modulePath": "C:\\\\WINDOWS\\\\SYSTEM32\\\\ntdll.dll",
          "processId": "0x550c",
          "packageFullName": "Microsoft.Windows.StartMenuExperienceHost_10.0.26100.4768_neutral_neutral_cw5n1h2txyewy",
          "moduleVersion": "10.0.26100.7623",
          "faultingOffset": "00000000000773f9",
          "packageRelativeAppId": "FullTrustApp",
          "integratorReportId": "92d2e657-d0da-418f-bf3e-3bd16d5aab9f",
          "exceptionCode": "c000071f"
        },
        "system": {
          "eventID": "1000",
          "keywords": "0x8000000000000000",
          "providerGuid": "{a0e9b465-b939-57d7-b27d-95d8e925ff57}",
          "level": "2",
          "channel": "Application",
          "opcode": "0",
          "message": "\"Fehlerhafter Anwendungsname: StartMenuExperienceHost.exe, Version: 10.0.26100.7309, Zeitstempel: 0xe9f0ebbf\r\nFehlerhafter Modulname: ntdll.dll, Version: 10.0.26100.7623, Zeitstempel: 0x5b6dddee\r\nAusnahmecode: 0xc000071f\r\nFehleroffset: 0x00000000000773f9\r\nFehlerhafte Prozess-ID: 0x550C\r\nFehlerhafte Anwendungsstartzeit: 0x1DCECD2A5EDD754\r\nFehlerhafter Anwendungspfad: C:\\WINDOWS\\SystemApps\\Microsoft.Windows.StartMenuExperienceHost_cw5n1h2txyewy\\StartMenuExperienceHost.exe\r\nFehlerhafter Modulpfad: C:\\WINDOWS\\SYSTEM32\\ntdll.dll\r\nBerichts-ID: 92d2e657-d0da-418f-bf3e-3bd16d5aab9f\r\nVollständiger Name des fehlerhaften Pakets: Microsoft.Windows.StartMenuExperienceHost_10.0.26100.4768_neutral_neutral_cw5n1h2txyewy\r\nFehlerhafte paketbezogene Anwendungs-ID: FullTrustApp\"",
          "version": "0",
          "systemTime": "2026-05-26T05:43:59.3150878Z",
          "eventRecordID": "35125",
          "threadID": "7720",
          "computer": "SWE-13.arzw.local",
          "task": "100",
          "processID": "13732",
          "severityValue": "ERROR",
          "providerName": "Application Error"
        }
      }
    },
    "rule": {
      "firedtimes": 64,
      "mail": false,
      "level": 9,
      "description": "Windows application error event.",
      "groups": [
        "windows",
        "windows_application",
        "system_error"
      ],
      "id": "60602",
      "gdpr": [
        "IV_35.7.d"
      ],
      "gpg13": [
        "4.3"
      ]
    },
    "location": "EventChannel",
    "decoder": {
      "name": "windows_eventchannel"
    },
    "id": "1779774240.10491848",
    "timestamp": "2026-05-26T05:44:00.337+0000"
  },
  {
    "input": {
      "type": "log"
    },
    "agent": {
      "ip": "172.21.5.111",
      "name": "SWE-13",
      "id": "077"
    },
    "manager": {
      "name": "wazuh.manager"
    },
    "data": {
      "win": {
        "eventdata": {
          "appVersion": "10.0.26100.7309",
          "appTimeStamp": "e9f0ebbf",
          "appName": "StartMenuExperienceHost.exe",
          "moduleName": "ntdll.dll",
          "processCreationTime": "0x1dcecd2a36ad0f4",
          "moduleTimeStamp": "5b6dddee",
          "appPath": "C:\\\\WINDOWS\\\\SystemApps\\\\Microsoft.Windows.StartMenuExperienceHost_cw5n1h2txyewy\\\\StartMenuExperienceHost.exe",
          "modulePath": "C:\\\\WINDOWS\\\\SYSTEM32\\\\ntdll.dll",
          "processId": "0x37bc",
          "packageFullName": "Microsoft.Windows.StartMenuExperienceHost_10.0.26100.4768_neutral_neutral_cw5n1h2txyewy",
          "moduleVersion": "10.0.26100.7623",
          "faultingOffset": "00000000000773f9",
          "packageRelativeAppId": "FullTrustApp",
          "integratorReportId": "021e6300-7896-46f1-b42e-88189b1eca70",
          "exceptionCode": "c000071f"
        },
        "system": {
          "eventID": "1000",
          "keywords": "0x8000000000000000",
          "providerGuid": "{a0e9b465-b939-57d7-b27d-95d8e925ff57}",
          "level": "2",
          "channel": "Application",
          "opcode": "0",
          "message": "\"Fehlerhafter Anwendungsname: StartMenuExperienceHost.exe, Version: 10.0.26100.7309, Zeitstempel: 0xe9f0ebbf\r\nFehlerhafter Modulname: ntdll.dll, Version: 10.0.26100.7623, Zeitstempel: 0x5b6dddee\r\nAusnahmecode: 0xc000071f\r\nFehleroffset: 0x00000000000773f9\r\nFehlerhafte Prozess-ID: 0x37BC\r\nFehlerhafte Anwendungsstartzeit: 0x1DCECD2A36AD0F4\r\nFehlerhafter Anwendungspfad: C:\\WINDOWS\\SystemApps\\Microsoft.Windows.StartMenuExperienceHost_cw5n1h2txyewy\\StartMenuExperienceHost.exe\r\nFehlerhafter Modulpfad: C:\\WINDOWS\\SYSTEM32\\ntdll.dll\r\nBerichts-ID: 021e6300-7896-46f1-b42e-88189b1eca70\r\nVollständiger Name des fehlerhaften Pakets: Microsoft.Windows.StartMenuExperienceHost_10.0.26100.4768_neutral_neutral_cw5n1h2txyewy\r\nFehlerhafte paketbezogene Anwendungs-ID: FullTrustApp\"",
          "version": "0",
          "systemTime": "2026-05-26T05:43:55.2071556Z",
          "eventRecordID": "35124",
          "threadID": "20620",
          "computer": "SWE-13.arzw.local",
          "task": "100",
          "processID": "22240",
          "severityValue": "ERROR",
          "providerName": "Application Error"
        }
      }
    },
    "rule": {
      "firedtimes": 63,
      "mail": false,
      "level": 9,
      "description": "Windows application error event.",
      "groups": [
        "windows",
        "windows_application",
        "system_error"
      ],
      "id": "60602",
      "gdpr": [
        "IV_35.7.d"
      ],
      "gpg13": [
        "4.3"
      ]
    },
    "location": "EventChannel",
    "decoder": {
      "name": "windows_eventchannel"
    },
    "id": "1779774236.10487021",
    "timestamp": "2026-05-26T05:43:56.239+0000"
  },
  {
    "input": {
      "type": "log"
    },
    "agent": {
      "ip": "172.21.5.111",
      "name": "SWE-13",
      "id": "077"
    },
    "manager": {
      "name": "wazuh.manager"
    },
    "data": {
      "win": {
        "eventdata": {
          "appVersion": "10.0.26100.7309",
          "appTimeStamp": "e9f0ebbf",
          "appName": "StartMenuExperienceHost.exe",
          "moduleName": "ntdll.dll",
          "processCreationTime": "0x1dcecd2a0a00bda",
          "moduleTimeStamp": "5b6dddee",
          "appPath": "C:\\\\WINDOWS\\\\SystemApps\\\\Microsoft.Windows.StartMenuExperienceHost_cw5n1h2txyewy\\\\StartMenuExperienceHost.exe",
          "modulePath": "C:\\\\WINDOWS\\\\SYSTEM32\\\\ntdll.dll",
          "processId": "0x5a0c",
          "packageFullName": "Microsoft.Windows.StartMenuExperienceHost_10.0.26100.4768_neutral_neutral_cw5n1h2txyewy",
          "moduleVersion": "10.0.26100.7623",
          "faultingOffset": "00000000000773f9",
          "packageRelativeAppId": "FullTrustApp",
          "integratorReportId": "a0bb35f0-b2d1-46fd-98a1-a6f18b5e0b8f",
          "exceptionCode": "c000071f"
        },
        "system": {
          "eventID": "1000",
          "keywords": "0x8000000000000000",
          "providerGuid": "{a0e9b465-b939-57d7-b27d-95d8e925ff57}",
          "level": "2",
          "channel": "Application",
          "opcode": "0",
          "message": "\"Fehlerhafter Anwendungsname: StartMenuExperienceHost.exe, Version: 10.0.26100.7309, Zeitstempel: 0xe9f0ebbf\r\nFehlerhafter Modulname: ntdll.dll, Version: 10.0.26100.7623, Zeitstempel: 0x5b6dddee\r\nAusnahmecode: 0xc000071f\r\nFehleroffset: 0x00000000000773f9\r\nFehlerhafte Prozess-ID: 0x5A0C\r\nFehlerhafte Anwendungsstartzeit: 0x1DCECD2A0A00BDA\r\nFehlerhafter Anwendungspfad: C:\\WINDOWS\\SystemApps\\Microsoft.Windows.StartMenuExperienceHost_cw5n1h2txyewy\\StartMenuExperienceHost.exe\r\nFehlerhafter Modulpfad: C:\\WINDOWS\\SYSTEM32\\ntdll.dll\r\nBerichts-ID: a0bb35f0-b2d1-46fd-98a1-a6f18b5e0b8f\r\nVollständiger Name des fehlerhaften Pakets: Microsoft.Windows.StartMenuExperienceHost_10.0.26100.4768_neutral_neutral_cw5n1h2txyewy\r\nFehlerhafte paketbezogene Anwendungs-ID: FullTrustApp\"",
          "version": "0",
          "systemTime": "2026-05-26T05:43:50.5582588Z",
          "eventRecordID": "35123",
          "threadID": "20256",
          "computer": "SWE-13.arzw.local",
          "task": "100",
          "processID": "7380",
          "severityValue": "ERROR",
          "providerName": "Application Error"
        }
      }
    },
    "rule": {
      "firedtimes": 62,
      "mail": false,
      "level": 9,
      "description": "Windows application error event.",
      "groups": [
        "windows",
        "windows_application",
        "system_error"
      ],
      "id": "60602",
      "gdpr": [
        "IV_35.7.d"
      ],
      "gpg13": [
        "4.3"
      ]
    },
    "location": "EventChannel",
    "decoder": {
      "name": "windows_eventchannel"
    },
    "id": "1779774231.10482748",
    "timestamp": "2026-05-26T05:43:51.399+0000"
  },
  {
    "input": {
      "type": "log"
    },
    "agent": {
      "ip": "172.21.5.111",
      "name": "SWE-13",
      "id": "077"
    },
    "manager": {
      "name": "wazuh.manager"
    },
    "data": {
      "win": {
        "eventdata": {
          "extraInfo": " "
        },
        "system": {
          "eventID": "1003",
          "eventSourceName": "Windows Search Service",
          "keywords": "0x80000000000000",
          "providerGuid": "{CA4E628D-8567-4896-AB6B-835B221F373F}",
          "level": "4",
          "channel": "Application",
          "opcode": "0",
          "message": "\"Windows Search wurde gestartet.\n\"",
          "version": "0",
          "systemTime": "2026-05-26T05:43:35.6043232Z",
          "eventRecordID": "35118",
          "threadID": "0",
          "computer": "SWE-13.arzw.local",
          "task": "1",
          "processID": "5580",
          "severityValue": "INFORMATION",
          "providerName": "Microsoft-Windows-Search"
        }
      }
    },
    "rule": {
      "firedtimes": 9,
      "mail": false,
      "level": 3,
      "description": "The Windows search service started.",
      "groups": [
        "windows",
        "windows_application"
      ],
      "id": "60668"
    },
    "location": "EventChannel",
    "decoder": {
      "name": "windows_eventchannel"
    },
    "id": "1779774215.10478283",
    "timestamp": "2026-05-26T05:43:35.620+0000"
  },
  {
    "input": {
      "type": "log"
    },
    "agent": {
      "ip": "172.21.5.111",
      "name": "SWE-13",
      "id": "077"
    },
    "manager": {
      "name": "wazuh.manager"
    },
    "data": {
      "win": {
        "eventdata": {
          "extraInfo": " "
        },
        "system": {
          "eventID": "1010",
          "eventSourceName": "Windows Search Service",
          "keywords": "0x80000000000000",
          "providerGuid": "{CA4E628D-8567-4896-AB6B-835B221F373F}",
          "level": "4",
          "channel": "Application",
          "opcode": "0",
          "message": "\"Der alte Suchindex wurde von Windows Search erfolgreich entfernt. \n\"",
          "version": "0",
          "systemTime": "2026-05-26T05:43:34.9449908Z",
          "eventRecordID": "35115",
          "threadID": "0",
          "computer": "SWE-13.arzw.local",
          "task": "1",
          "processID": "5580",
          "severityValue": "INFORMATION",
          "providerName": "Microsoft-Windows-Search"
        }
      }
    },
    "rule": {
      "firedtimes": 2,
      "mail": false,
      "level": 3,
      "description": "The Windows search service removed the old search index successfully.",
      "groups": [
        "windows",
        "windows_application"
      ],
      "id": "60671"
    },
    "location": "EventChannel",
    "decoder": {
      "name": "windows_eventchannel"
    },
    "id": "1779774214.10476845",
    "timestamp": "2026-05-26T05:43:34.963+0000"
  },
  {
    "input": {
      "type": "log"
    },
    "agent": {
      "ip": "172.21.5.111",
      "name": "SWE-13",
      "id": "077"
    },
    "manager": {
      "name": "wazuh.manager"
    },
    "data": {
      "win": {
        "eventdata": {
          "reason": "Indexbeschädigung",
          "extraInfo": " "
        },
        "system": {
          "eventID": "1008",
          "eventSourceName": "Windows Search Service",
          "keywords": "0x80000000000000",
          "providerGuid": "{CA4E628D-8567-4896-AB6B-835B221F373F}",
          "level": "3",
          "channel": "Application",
          "opcode": "0",
          "message": "\"Windows Search wird gestartet, und der alte Suchindex wird entfernt {Ursache: Indexbeschädigung}. \n\"",
          "version": "0",
          "systemTime": "2026-05-26T05:43:34.8502732Z",
          "eventRecordID": "35114",
          "threadID": "0",
          "computer": "SWE-13.arzw.local",
          "task": "1",
          "processID": "5580",
          "severityValue": "WARNING",
          "providerName": "Microsoft-Windows-Search"
        }
      }
    },
    "rule": {
      "firedtimes": 2,
      "mail": false,
      "level": 5,
      "description": "The Windows Search Service attempted to remove the old search index.",
      "groups": [
        "windows",
        "windows_application"
      ],
      "id": "60672"
    },
    "location": "EventChannel",
    "decoder": {
      "name": "windows_eventchannel"
    },
    "id": "1779774214.10475279",
    "timestamp": "2026-05-26T05:43:34.867+0000"
  },
  {
    "input": {
      "type": "log"
    },
    "agent": {
      "ip": "172.21.5.111",
      "name": "SWE-13",
      "id": "077"
    },
    "manager": {
      "name": "wazuh.manager"
    },
    "data": {
      "win": {
        "eventdata": {
          "data": "2126-05-02T05:43:20Z, RulesEngine"
        },
        "system": {
          "eventID": "16384",
          "eventSourceName": "Software Protection Platform Service",
          "keywords": "0x80000000000000",
          "providerGuid": "{E23B33B0-C8C9-472C-A5F9-F2BDFEA0F156}",
          "level": "4",
          "channel": "Application",
          "opcode": "0",
          "message": "\"Der Softwareschutzdienst wurde erfolgreich für den erneuten Start bei 2126-05-02T05:43:20Z geplant. Grund: RulesEngine.\"",
          "version": "0",
          "systemTime": "2026-05-26T05:43:20.7714320Z",
          "eventRecordID": "35113",
          "threadID": "0",
          "computer": "SWE-13.arzw.local",
          "task": "0",
          "processID": "23604",
          "severityValue": "INFORMATION",
          "providerName": "Microsoft-Windows-Security-SPP"
        }
      }
    },
    "rule": {
      "firedtimes": 100,
      "mail": false,
      "level": 3,
      "description": "Software protection service scheduled successfully.",
      "groups": [
        "windows",
        "windows_application"
      ],
      "id": "60642"
    },
    "location": "EventChannel",
    "decoder": {
      "name": "windows_eventchannel"
    },
    "id": "1779774200.10469422",
    "timestamp": "2026-05-26T05:43:20.791+0000"
  },
  {
    "input": {
      "type": "log"
    },
    "agent": {
      "ip": "172.21.5.111",
      "name": "SWE-13",
      "id": "077"
    },
    "manager": {
      "name": "wazuh.manager"
    },
    "data": {
      "win": {
        "eventdata": {
          "extraInfo": " "
        },
        "system": {
          "eventID": "1013",
          "eventSourceName": "Windows Search Service",
          "keywords": "0x80000000000000",
          "providerGuid": "{CA4E628D-8567-4896-AB6B-835B221F373F}",
          "level": "4",
          "channel": "Application",
          "opcode": "0",
          "message": "\"Windows Search wurde normal beendet.\n\"",
          "version": "0",
          "systemTime": "2026-05-26T05:43:20.6382914Z",
          "eventRecordID": "35112",
          "threadID": "0",
          "computer": "SWE-13.arzw.local",
          "task": "1",
          "processID": "13728",
          "severityValue": "INFORMATION",
          "providerName": "Microsoft-Windows-Search"
        }
      }
    },
    "rule": {
      "firedtimes": 2,
      "mail": false,
      "level": 3,
      "description": "The Windows search service stopped normally.",
      "groups": [
        "windows",
        "windows_application"
      ],
      "mitre": {
        "technique": [
          "Service Stop"
        ],
        "id": [
          "T1489"
        ],
        "tactic": [
          "Impact"
        ]
      },
      "id": "60669"
    },
    "location": "EventChannel",
    "decoder": {
      "name": "windows_eventchannel"
    },
    "id": "1779774200.10468067",
    "timestamp": "2026-05-26T05:43:20.691+0000"
  },
  {
    "input": {
      "type": "log"
    },
    "agent": {
      "ip": "172.21.5.111",
      "name": "SWE-13",
      "id": "077"
    },
    "manager": {
      "name": "wazuh.manager"
    },
    "data": {
      "win": {
        "eventdata": {
          "reason": "The catalog is corrupt",
          "extraInfo": "  Details:  0x%08x (0xc0041801 - Der Inhaltsindexkatalog ist fehlerhaft.  (HRESULT : 0xc0041801))"
        },
        "system": {
          "eventID": "7042",
          "eventSourceName": "Windows Search Service",
          "keywords": "0x80000000000000",
          "providerGuid": "{CA4E628D-8567-4896-AB6B-835B221F373F}",
          "level": "2",
          "channel": "Application",
          "opcode": "0",
          "message": "\"Windows Search wird aufgrund eines Problems bei der Indizierung The catalog is corrupt beendet.\n\nDetails:\n\t0x%08x (0xc0041801 - Der Inhaltsindexkatalog ist fehlerhaft.  (HRESULT : 0xc0041801))\n\"",
          "version": "0",
          "systemTime": "2026-05-26T05:43:00.2800407Z",
          "eventRecordID": "35100",
          "threadID": "0",
          "computer": "SWE-13.arzw.local",
          "task": "1",
          "processID": "13728",
          "severityValue": "ERROR",
          "providerName": "Microsoft-Windows-Search"
        }
      }
    },
    "rule": {
      "firedtimes": 61,
      "mail": false,
      "level": 9,
      "description": "Windows application error event.",
      "groups": [
        "windows",
        "windows_application",
        "system_error"
      ],
      "id": "60602",
      "gdpr": [
        "IV_35.7.d"
      ],
      "gpg13": [
        "4.3"
      ]
    },
    "location": "EventChannel",
    "decoder": {
      "name": "windows_eventchannel"
    },
    "id": "1779774180.10450330",
    "timestamp": "2026-05-26T05:43:00.308+0000"
  },
  {
    "input": {
      "type": "log"
    },
    "agent": {
      "ip": "172.21.5.111",
      "name": "SWE-13",
      "id": "077"
    },
    "manager": {
      "name": "wazuh.manager"
    },
    "data": {
      "win": {
        "eventdata": {
          "corruptionId": "4810 - onecoreuap\\\\base\\\\appmodel\\\\search\\\\tquery\\\\inverted\\\\invertedindex.cpp (3917)",
          "extraInfo": "  Details:  0x%08x (0xc0041801 - Der Inhaltsindexkatalog ist fehlerhaft.  (HRESULT : 0xc0041801))"
        },
        "system": {
          "eventID": "7040",
          "eventSourceName": "Windows Search Service",
          "keywords": "0x80000000000000",
          "providerGuid": "{CA4E628D-8567-4896-AB6B-835B221F373F}",
          "level": "2",
          "channel": "Application",
          "opcode": "0",
          "message": "\"Vom Suchdienst wurden beschädigte Datendateien im Index {id=4810 - onecoreuap\\base\\appmodel\\search\\tquery\\inverted\\invertedindex.cpp (3917)} erkannt. Vom Dienst wird versucht, dieses Problem durch Neuerstellung des Indexes automatisch zu beheben.\n\nDetails:\n\t0x%08x (0xc0041801 - Der Inhaltsindexkatalog ist fehlerhaft.  (HRESULT : 0xc0041801))\n\"",
          "version": "0",
          "systemTime": "2026-05-26T05:43:00.2741403Z",
          "eventRecordID": "35099",
          "threadID": "0",
          "computer": "SWE-13.arzw.local",
          "task": "1",
          "processID": "13728",
          "severityValue": "ERROR",
          "providerName": "Microsoft-Windows-Search"
        }
      }
    },
    "rule": {
      "firedtimes": 60,
      "mail": false,
      "level": 9,
      "description": "Windows application error event.",
      "groups": [
        "windows",
        "windows_application",
        "system_error"
      ],
      "id": "60602",
      "gdpr": [
        "IV_35.7.d"
      ],
      "gpg13": [
        "4.3"
      ]
    },
    "location": "EventChannel",
    "decoder": {
      "name": "windows_eventchannel"
    },
    "id": "1779774180.10447914",
    "timestamp": "2026-05-26T05:43:00.302+0000"
  },
  {
    "input": {
      "type": "log"
    },
    "agent": {
      "ip": "172.21.5.111",
      "name": "SWE-13",
      "id": "077"
    },
    "manager": {
      "name": "wazuh.manager"
    },
    "data": {
      "win": {
        "eventdata": {
          "binary": "4500720061004100670065006E0074005300760063000000",
          "param1": "ESET Management Agent",
          "param2": "%%70"
        },
        "system": {
          "eventID": "7024",
          "eventSourceName": "Service Control Manager",
          "keywords": "0x8080000000000000",
          "providerGuid": "{555908d1-a6d7-4695-8e1e-26931d2012f4}",
          "level": "2",
          "channel": "System",
          "opcode": "0",
          "message": "\"Der Dienst \"ESET Management Agent\" wurde mit dem folgenden dienstspezifischen Fehler beendet: \r\nDer Remoteserver wurde angehalten oder wird gerade gestartet.\"",
          "version": "0",
          "systemTime": "2026-05-26T05:40:27.6311655Z",
          "eventRecordID": "73850",
          "threadID": "23732",
          "computer": "SWE-13.arzw.local",
          "task": "0",
          "processID": "1324",
          "severityValue": "ERROR",
          "providerName": "Service Control Manager"
        }
      }
    },
    "rule": {
      "firedtimes": 56,
      "mail": false,
      "level": 5,
      "description": "Windows System error event",
      "groups": [
        "windows",
        "windows_system",
        "system_error"
      ],
      "id": "61102",
      "gpg13": [
        "4.3"
      ],
      "gdpr": [
        "IV_35.7.d"
      ]
    },
    "location": "EventChannel",
    "decoder": {
      "name": "windows_eventchannel"
    },
    "id": "1779774028.10350809",
    "timestamp": "2026-05-26T05:40:28.204+0000"
  },
  {
    "input": {
      "type": "log"
    },
    "agent": {
      "ip": "172.21.5.111",
      "name": "SWE-13",
      "id": "077"
    },
    "manager": {
      "name": "wazuh.manager"
    },
    "data": {
      "win": {
        "eventdata": {
          "param5": "Neustart des Diensts",
          "binary": "4500720061004100670065006E0074005300760063000000",
          "param3": "0",
          "param4": "1",
          "param1": "ESET Management Agent",
          "param2": "1"
        },
        "system": {
          "eventID": "7031",
          "eventSourceName": "Service Control Manager",
          "keywords": "0x8080000000000000",
          "providerGuid": "{555908d1-a6d7-4695-8e1e-26931d2012f4}",
          "level": "2",
          "channel": "System",
          "opcode": "0",
          "message": "\"Der Dienst \"ESET Management Agent\" wurde unerwartet beendet. Dies ist bereits 1 Mal vorgekommen. Folgende Korrekturmaßnahmen werden in 0 Millisekunden durchgeführt: Neustart des Diensts.\"",
          "version": "0",
          "systemTime": "2026-05-26T05:40:27.1752149Z",
          "eventRecordID": "73849",
          "threadID": "23732",
          "computer": "SWE-13.arzw.local",
          "task": "0",
          "processID": "1324",
          "severityValue": "ERROR",
          "providerName": "Service Control Manager"
        }
      }
    },
    "rule": {
      "firedtimes": 66,
      "mail": false,
      "level": 5,
      "description": "ESET Management Agent terminated unexpectedly",
      "groups": [
        "windows",
        "windows_system"
      ],
      "id": "61107"
    },
    "location": "EventChannel",
    "decoder": {
      "name": "windows_eventchannel"
    },
    "id": "1779774028.10348816",
    "timestamp": "2026-05-26T05:40:28.198+0000"
  },
  {
    "input": {
      "type": "log"
    },
    "agent": {
      "ip": "172.21.5.111",
      "name": "SWE-13",
      "id": "077"
    },
    "manager": {
      "name": "wazuh.manager"
    },
    "data": {
      "win": {
        "eventdata": {
          "subjectLogonId": "0x3e7",
          "returnCode": "0x70",
          "subjectUserSid": "S-1-5-18",
          "subjectDomainName": "ARZW",
          "keyName": "{8AC13655-8A11-4AF3-9DEE-B4514A6F5166}",
          "keyType": "%%2500",
          "algorithmName": "RSA",
          "operation": "%%2481",
          "providerName": "Microsoft Software Key Storage Provider",
          "subjectUserName": "SWE-13$"
        },
        "system": {
          "eventID": "5061",
          "keywords": "0x8010000000000000",
          "providerGuid": "{54849625-5478-4994-a5ba-3e3b0328c30d}",
          "level": "0",
          "channel": "Security",
          "opcode": "0",
          "message": "\"Kryptografievorgang.\r\n\r\nAntragsteller:\r\n\tSicherheits-ID:\tS-1-5-18\r\n\tKontoname:\tSWE-13$\r\n\tKontodomäne:\tARZW\r\n\tAnmelde-ID:\t0x3E7\r\n\r\nKryptografische Parameter:\r\n\tAnbietername:\tMicrosoft Software Key Storage Provider\r\n\tAlgorithmusname:\tRSA\r\n\tSchlüsselname:\t{8AC13655-8A11-4AF3-9DEE-B4514A6F5166}\r\n\tSchlüsseltyp:\tBenutzerschlüssel.\r\n\r\nKryptografischer Vorgang:\r\n\tVorgang:\tSchlüssel erstellen.\r\n\tRückgabecode:\t0x70\"",
          "version": "0",
          "systemTime": "2026-05-26T05:40:27.6005514Z",
          "eventRecordID": "2595718",
          "threadID": "10208",
          "computer": "SWE-13.arzw.local",
          "task": "12290",
          "processID": "1352",
          "severityValue": "AUDIT_FAILURE",
          "providerName": "Microsoft-Windows-Security-Auditing"
        }
      }
    },
    "rule": {
      "firedtimes": 2,
      "mail": false,
      "level": 5,
      "pci_dss": [
        "10.6.1"
      ],
      "hipaa": [
        "164.312.b"
      ],
      "tsc": [
        "CC7.2",
        "CC7.3"
      ],
      "description": "Windows audit failure event",
      "groups": [
        "windows",
        "windows_security"
      ],
      "id": "60104",
      "nist_800_53": [
        "AU.6"
      ],
      "gdpr": [
        "IV_35.7.d"
      ]
    },
    "location": "EventChannel",
    "decoder": {
      "name": "windows_eventchannel"
    },
    "id": "1779774028.10345982",
    "timestamp": "2026-05-26T05:40:28.152+0000"
  },
  {
    "input": {
      "type": "log"
    },
    "agent": {
      "ip": "172.21.5.111",
      "name": "SWE-13",
      "id": "077"
    },
    "manager": {
      "name": "wazuh.manager"
    },
    "data": {
      "win": {
        "eventdata": {
          "subjectLogonId": "0x3e7",
          "returnCode": "0x80090016",
          "subjectUserSid": "S-1-5-18",
          "subjectDomainName": "ARZW",
          "keyName": "{8AC13655-8A11-4AF3-9DEE-B4514A6F5166}",
          "keyType": "%%2500",
          "algorithmName": "UNKNOWN",
          "operation": "%%2480",
          "providerName": "Microsoft Software Key Storage Provider",
          "subjectUserName": "SWE-13$"
        },
        "system": {
          "eventID": "5061",
          "keywords": "0x8010000000000000",
          "providerGuid": "{54849625-5478-4994-a5ba-3e3b0328c30d}",
          "level": "0",
          "channel": "Security",
          "opcode": "0",
          "message": "\"Kryptografievorgang.\r\n\r\nAntragsteller:\r\n\tSicherheits-ID:\tS-1-5-18\r\n\tKontoname:\tSWE-13$\r\n\tKontodomäne:\tARZW\r\n\tAnmelde-ID:\t0x3E7\r\n\r\nKryptografische Parameter:\r\n\tAnbietername:\tMicrosoft Software Key Storage Provider\r\n\tAlgorithmusname:\tUNKNOWN\r\n\tSchlüsselname:\t{8AC13655-8A11-4AF3-9DEE-B4514A6F5166}\r\n\tSchlüsseltyp:\tBenutzerschlüssel.\r\n\r\nKryptografischer Vorgang:\r\n\tVorgang:\tSchlüssel öffnen.\r\n\tRückgabecode:\t0x80090016\"",
          "version": "0",
          "systemTime": "2026-05-26T05:40:27.5947711Z",
          "eventRecordID": "2595716",
          "threadID": "10208",
          "computer": "SWE-13.arzw.local",
          "task": "12290",
          "processID": "1352",
          "severityValue": "AUDIT_FAILURE",
          "providerName": "Microsoft-Windows-Security-Auditing"
        }
      }
    },
    "rule": {
      "firedtimes": 1,
      "mail": false,
      "level": 5,
      "pci_dss": [
        "10.6.1"
      ],
      "hipaa": [
        "164.312.b"
      ],
      "tsc": [
        "CC7.2",
        "CC7.3"
      ],
      "description": "Windows audit failure event",
      "groups": [
        "windows",
        "windows_security"
      ],
      "id": "60104",
      "nist_800_53": [
        "AU.6"
      ],
      "gdpr": [
        "IV_35.7.d"
      ]
    },
    "location": "EventChannel",
    "decoder": {
      "name": "windows_eventchannel"
    },
    "id": "1779774028.10343112",
    "timestamp": "2026-05-26T05:40:28.140+0000"
  },
  {
    "input": {
      "type": "log"
    },
    "agent": {
      "ip": "172.21.5.111",
      "name": "SWE-13",
      "id": "077"
    },
    "manager": {
      "name": "wazuh.manager"
    },
    "data": {
      "win": {
        "eventdata": {
          "data": "2126-05-02T05:22:55Z, RulesEngine"
        },
        "system": {
          "eventID": "16384",
          "eventSourceName": "Software Protection Platform Service",
          "keywords": "0x80000000000000",
          "providerGuid": "{E23B33B0-C8C9-472C-A5F9-F2BDFEA0F156}",
          "level": "4",
          "channel": "Application",
          "opcode": "0",
          "message": "\"Der Softwareschutzdienst wurde erfolgreich für den erneuten Start bei 2126-05-02T05:22:55Z geplant. Grund: RulesEngine.\"",
          "version": "0",
          "systemTime": "2026-05-26T05:22:55.8317560Z",
          "eventRecordID": "35093",
          "threadID": "0",
          "computer": "SWE-13.arzw.local",
          "task": "0",
          "processID": "16636",
          "severityValue": "INFORMATION",
          "providerName": "Microsoft-Windows-Security-SPP"
        }
      }
    },
    "rule": {
      "firedtimes": 51,
      "mail": false,
      "level": 3,
      "description": "Software protection service scheduled successfully.",
      "groups": [
        "windows",
        "windows_application"
      ],
      "id": "60642"
    },
    "location": "EventChannel",
    "decoder": {
      "name": "windows_eventchannel"
    },
    "id": "1779772975.8828014",
    "timestamp": "2026-05-26T05:22:55.844+0000"
  },
  {
    "input": {
      "type": "log"
    },
    "agent": {
      "ip": "172.21.5.111",
      "name": "SWE-13",
      "id": "077"
    },
    "manager": {
      "name": "wazuh.manager"
    },
    "data": {
      "win": {
        "eventdata": {
          "data": "2126-05-02T05:14:20Z, RulesEngine"
        },
        "system": {
          "eventID": "16384",
          "eventSourceName": "Software Protection Platform Service",
          "keywords": "0x80000000000000",
          "providerGuid": "{E23B33B0-C8C9-472C-A5F9-F2BDFEA0F156}",
          "level": "4",
          "channel": "Application",
          "opcode": "0",
          "message": "\"Der Softwareschutzdienst wurde erfolgreich für den erneuten Start bei 2126-05-02T05:14:20Z geplant. Grund: RulesEngine.\"",
          "version": "0",
          "systemTime": "2026-05-26T05:14:20.0792208Z",
          "eventRecordID": "35091",
          "threadID": "0",
          "computer": "SWE-13.arzw.local",
          "task": "0",
          "processID": "6096",
          "severityValue": "INFORMATION",
          "providerName": "Microsoft-Windows-Security-SPP"
        }
      }
    },
    "rule": {
      "firedtimes": 31,
      "mail": false,
      "level": 3,
      "description": "Software protection service scheduled successfully.",
      "groups": [
        "windows",
        "windows_application"
      ],
      "id": "60642"
    },
    "location": "EventChannel",
    "decoder": {
      "name": "windows_eventchannel"
    },
    "id": "1779772460.8110003",
    "timestamp": "2026-05-26T05:14:20.094+0000"
  },
  {
    "input": {
      "type": "log"
    },
    "agent": {
      "ip": "172.21.5.111",
      "name": "SWE-13",
      "id": "077"
    },
    "manager": {
      "name": "wazuh.manager"
    },
    "data": {
      "win": {
        "eventdata": {
          "param3": "Manuell starten",
          "param4": "BITS",
          "param1": "Background Intelligent Transfer Service",
          "param2": "Automatisch starten"
        },
        "system": {
          "eventID": "7040",
          "eventSourceName": "Service Control Manager",
          "keywords": "0x8080000000000000",
          "providerGuid": "{555908d1-a6d7-4695-8e1e-26931d2012f4}",
          "level": "4",
          "channel": "System",
          "opcode": "0",
          "message": "\"Der Starttyp des Diensts \"Background Intelligent Transfer Service\" wurde von Automatisch starten in Manuell starten geändert.\"",
          "version": "0",
          "systemTime": "2026-05-26T05:13:41.8102102Z",
          "eventRecordID": "73835",
          "threadID": "9948",
          "computer": "SWE-13.arzw.local",
          "task": "0",
          "processID": "1324",
          "severityValue": "INFORMATION",
          "providerName": "Service Control Manager"
        }
      }
    },
    "rule": {
      "firedtimes": 20,
      "mail": false,
      "level": 3,
      "pci_dss": [
        "10.6"
      ],
      "hipaa": [
        "164.312.b"
      ],
      "tsc": [
        "CC6.1",
        "CC6.8",
        "CC7.2",
        "CC7.3"
      ],
      "description": "Service startup type was changed",
      "groups": [
        "windows",
        "windows_system",
        "policy_changed"
      ],
      "id": "61104",
      "nist_800_53": [
        "AU.6"
      ],
      "info": "This does not appear to be logged on Windows 2000",
      "gdpr": [
        "IV_35.7.d"
      ]
    },
    "location": "EventChannel",
    "decoder": {
      "name": "windows_eventchannel"
    },
    "id": "1779772422.7984696",
    "timestamp": "2026-05-26T05:13:42.840+0000"
  },
  {
    "input": {
      "type": "log"
    },
    "agent": {
      "ip": "172.21.5.111",
      "name": "SWE-13",
      "id": "077"
    },
    "manager": {
      "name": "wazuh.manager"
    },
    "data": {
      "win": {
        "eventdata": {
          "targetLogonId": "0x10ab099",
          "targetUserName": "53F63E45-35C8-492A-BB3B-4BF9FC7B9A92",
          "targetDomainName": "NT VIRTUAL MACHINE",
          "targetUserSid": "S-1-5-83-1-1408646725-1227503048-4182457275-2459597820",
          "logonType": "5"
        },
        "system": {
          "eventID": "4634",
          "keywords": "0x8020000000000000",
          "providerGuid": "{54849625-5478-4994-a5ba-3e3b0328c30d}",
          "level": "0",
          "channel": "Security",
          "opcode": "0",
          "message": "\"Ein Konto wurde abgemeldet.\r\n\r\nAntragsteller:\r\n\tSicherheits-ID:\t\tS-1-5-83-1-1408646725-1227503048-4182457275-2459597820\r\n\tKontoname:\t\t53F63E45-35C8-492A-BB3B-4BF9FC7B9A92\r\n\tKontodomäne:\t\tNT VIRTUAL MACHINE\r\n\tAnmelde-ID:\t\t0x10AB099\r\n\r\nAnmeldetyp:\t\t\t5\r\n\r\nDieses Ereignis wird generiert, wenn eine Anmeldesitzung zerstört wird. Es kann anhand des Wertes der Anmelde-ID positiv mit einem Anmeldeereignis korreliert werden. Anmelde-IDs sind nur zwischen Neustarts auf demselben Computer eindeutig.\"",
          "version": "0",
          "systemTime": "2026-05-26T05:12:45.7609414Z",
          "eventRecordID": "2595485",
          "threadID": "4372",
          "computer": "SWE-13.arzw.local",
          "task": "12545",
          "processID": "1352",
          "severityValue": "AUDIT_SUCCESS",
          "providerName": "Microsoft-Windows-Security-Auditing"
        }
      }
    },
    "rule": {
      "firedtimes": 12,
      "mail": false,
      "level": 3,
      "description": "Non service account logged off.",
      "groups": [
        "windows",
        " WEF"
      ],
      "id": "67023"
    },
    "location": "EventChannel",
    "decoder": {
      "name": "windows_eventchannel"
    },
    "id": "1779772366.7867640",
    "timestamp": "2026-05-26T05:12:46.772+0000"
  },
  {
    "input": {
      "type": "log"
    },
    "agent": {
      "ip": "172.21.5.111",
      "name": "SWE-13",
      "id": "077"
    },
    "manager": {
      "name": "wazuh.manager"
    },
    "data": {
      "win": {
        "eventdata": {
          "subjectLogonId": "0x10ab099",
          "subjectUserSid": "S-1-5-83-1-1408646725-1227503048-4182457275-2459597820",
          "subjectDomainName": "NT VIRTUAL MACHINE",
          "privilegeList": "SeImpersonatePrivilege",
          "subjectUserName": "53F63E45-35C8-492A-BB3B-4BF9FC7B9A92"
        },
        "system": {
          "eventID": "4672",
          "keywords": "0x8020000000000000",
          "providerGuid": "{54849625-5478-4994-a5ba-3e3b0328c30d}",
          "level": "0",
          "channel": "Security",
          "opcode": "0",
          "message": "\"Einer neuen Anmeldung wurden besondere Rechte zugewiesen.\r\n\r\nAntragsteller:\r\n\tSicherheits-ID:\t\tS-1-5-83-1-1408646725-1227503048-4182457275-2459597820\r\n\tKontoname:\t\t53F63E45-35C8-492A-BB3B-4BF9FC7B9A92\r\n\tKontodomäne:\t\tNT VIRTUAL MACHINE\r\n\tAnmelde-ID:\t\t0x10AB099\r\n\r\nBerechtigungen:\t\tSeImpersonatePrivilege\"",
          "version": "0",
          "systemTime": "2026-05-26T05:12:45.6660305Z",
          "eventRecordID": "2595484",
          "threadID": "4372",
          "computer": "SWE-13.arzw.local",
          "task": "12548",
          "processID": "1352",
          "severityValue": "AUDIT_SUCCESS",
          "providerName": "Microsoft-Windows-Security-Auditing"
        }
      }
    },
    "rule": {
      "firedtimes": 9,
      "mail": false,
      "level": 3,
      "description": "Special privileges assigned to new logon.",
      "groups": [
        "windows",
        " WEF"
      ],
      "mitre": {
        "technique": [
          "Domain Policy Modification"
        ],
        "id": [
          "T1484"
        ],
        "tactic": [
          "Defense Evasion",
          "Privilege Escalation"
        ]
      },
      "id": "67028"
    },
    "location": "EventChannel",
    "decoder": {
      "name": "windows_eventchannel"
    },
    "id": "1779772366.7865300",
    "timestamp": "2026-05-26T05:12:46.726+0000"
  },
  {
    "input": {
      "type": "log"
    },
    "agent": {
      "ip": "172.21.5.111",
      "name": "SWE-13",
      "id": "077"
    },
    "manager": {
      "name": "wazuh.manager"
    },
    "data": {
      "win": {
        "eventdata": {
          "subjectLogonId": "0x3e7",
          "subjectDomainName": "ARZW",
          "targetLinkedLogonId": "0x0",
          "impersonationLevel": "%%1833",
          "authenticationPackageName": "Negotiate",
          "targetLogonId": "0x10ab099",
          "logonProcessName": "Advapi",
          "logonGuid": "{00000000-0000-0000-0000-000000000000}",
          "targetUserName": "53F63E45-35C8-492A-BB3B-4BF9FC7B9A92",
          "keyLength": "0",
          "elevatedToken": "%%1842",
          "subjectUserSid": "S-1-5-18",
          "processId": "0xe38",
          "processName": "C:\\\\Windows\\\\System32\\\\vmms.exe",
          "targetDomainName": "NT VIRTUAL MACHINE",
          "targetUserSid": "S-1-5-83-1-1408646725-1227503048-4182457275-2459597820",
          "virtualAccount": "%%1842",
          "logonType": "5",
          "subjectUserName": "SWE-13$"
        },
        "system": {
          "eventID": "4624",
          "keywords": "0x8020000000000000",
          "providerGuid": "{54849625-5478-4994-a5ba-3e3b0328c30d}",
          "level": "0",
          "channel": "Security",
          "opcode": "0",
          "message": "\"Ein Konto wurde erfolgreich angemeldet.\r\n\r\nAntragsteller:\r\n\tSicherheits-ID:\t\tS-1-5-18\r\n\tKontoname:\t\tSWE-13$\r\n\tKontodomäne:\t\tARZW\r\n\tAnmelde-ID:\t\t0x3E7\r\n\r\nAnmeldeinformationen:\r\n\tAnmeldetyp:\t\t5\r\n\tEingeschränkter Administratormodus:\t-\r\n\tRemote Credential Guard:\t-\r\n\tVirtuelles Konto:\t\tJa\r\n\tToken mit erhöhten Rechten:\t\tJa\r\n\r\nIdentitätswechselebene:\t\tIdentitätswechsel\r\n\r\nNeue Anmeldung:\r\n\tSicherheits-ID:\t\tS-1-5-83-1-1408646725-1227503048-4182457275-2459597820\r\n\tKontoname:\t\t53F63E45-35C8-492A-BB3B-4BF9FC7B9A92\r\n\tKontodomäne:\t\tNT VIRTUAL MACHINE\r\n\tAnmelde-ID:\t\t0x10AB099\r\n\tVerknüpfte Anmelde-ID:\t\t0x0\r\n\tNetzwerk-Kontoname:\t-\r\n\tNetzwerk-Kontodomäne:\t-\r\n\tAnmelde-GUID:\t\t{00000000-0000-0000-0000-000000000000}\r\n\r\nProzessinformationen:\r\n\tProzess-ID:\t\t0xe38\r\n\tProzessname:\t\tC:\\Windows\\System32\\vmms.exe\r\n\r\nNetzwerkinformationen:\r\n\tArbeitsstationsname:\t-\r\n\tQuellnetzwerkadresse:\t-\r\n\tQuellport:\t\t-\r\n\r\nDetaillierte Authentifizierungsinformationen:\r\n\tAnmeldeprozess:\t\tAdvapi  \r\n\tAuthentifizierungspaket:\tNegotiate\r\n\tÜbertragene Dienste:\t-\r\n\tPaketname (nur NTLM):\t-\r\n\tSchlüssellänge:\t\t0\r\n\r\nDieses Ereignis wird beim Erstellen einer Anmeldesitzung generiert. Es wird auf dem Computer generiert, auf den zugegriffen wurde.\r\n\r\nDie Antragstellerfelder geben das Konto auf dem lokalen System an, von dem die Anmeldung angefordert wurde. Dies ist meistens ein Dienst wie der Serverdienst oder ein lokaler Prozess wie Winlogon.exe oder Services.exe.\r\n\r\nDas Anmeldetypfeld gibt den jeweiligen Anmeldetyp an. Die häufigsten Typen sind 2 (interaktiv) und 3 (Netzwerk).\r\n\r\nDie Felder für die neue Anmeldung geben das Konto an, für das die neue Anmeldung erstellt wurde, d. h. das angemeldete Konto.\r\n\r\nDie Netzwerkfelder geben den Ursprung einer Remoteanmeldeanforderung an. Der Arbeitsstationsname ist nicht immer verfügbar und kann in manchen Fällen leer bleiben.\r\n\r\nDas Feld für die Identitätswechselebene gibt an, in welchem Umfang ein Prozess in der Anmeldesitzung einen Identitätswechsel vornehmen kann.\r\n\r\nDie Felder für die Authentifizierungsinformationen enthalten detaillierte Informationen zu dieser spezifische Anmeldeanforderung.\r\n\t– Die Anmelde-GUID ist ein eindeutiger Bezeichner, der verwendet werden kann, um dieses Ereignis mit einem KDC-Ereignis zu korrelieren.\r\n\t– Die übertragenen Dienste geben an, welche Zwischendienste an der Anmeldeanforderung beteiligt waren.\r\n\t– Der Paketname gibt das in den NTLM-Protokollen verwendete Unterprotokoll an.\r\n\t– Die Schlüssellänge gibt die Länge des generierten Sitzungsschlüssels an. Wenn kein Sitzungsschlüssel angefordert wurde, ist dieser Wert 0.\"",
          "version": "3",
          "systemTime": "2026-05-26T05:12:45.6660187Z",
          "eventRecordID": "2595483",
          "threadID": "4372",
          "computer": "SWE-13.arzw.local",
          "task": "12544",
          "processID": "1352",
          "severityValue": "AUDIT_SUCCESS",
          "providerName": "Microsoft-Windows-Security-Auditing"
        }
      }
    },
    "rule": {
      "firedtimes": 5,
      "mail": false,
      "level": 3,
      "description": "Service logon event registered from non standard service account.",
      "groups": [
        "windows",
        " WEF"
      ],
      "id": "67024"
    },
    "location": "EventChannel",
    "decoder": {
      "name": "windows_eventchannel"
    },
    "id": "1779772366.7857187",
    "timestamp": "2026-05-26T05:12:46.718+0000"
  },
  {
    "input": {
      "type": "log"
    },
    "agent": {
      "ip": "172.21.5.111",
      "name": "SWE-13",
      "id": "077"
    },
    "manager": {
      "name": "wazuh.manager"
    },
    "data": {
      "win": {
        "eventdata": {
          "targetLogonId": "0x10a06d0",
          "targetUserName": "53F63E45-35C8-492A-BB3B-4BF9FC7B9A92",
          "targetDomainName": "NT VIRTUAL MACHINE",
          "targetUserSid": "S-1-5-83-1-1408646725-1227503048-4182457275-2459597820",
          "logonType": "5"
        },
        "system": {
          "eventID": "4634",
          "keywords": "0x8020000000000000",
          "providerGuid": "{54849625-5478-4994-a5ba-3e3b0328c30d}",
          "level": "0",
          "channel": "Security",
          "opcode": "0",
          "message": "\"Ein Konto wurde abgemeldet.\r\n\r\nAntragsteller:\r\n\tSicherheits-ID:\t\tS-1-5-83-1-1408646725-1227503048-4182457275-2459597820\r\n\tKontoname:\t\t53F63E45-35C8-492A-BB3B-4BF9FC7B9A92\r\n\tKontodomäne:\t\tNT VIRTUAL MACHINE\r\n\tAnmelde-ID:\t\t0x10A06D0\r\n\r\nAnmeldetyp:\t\t\t5\r\n\r\nDieses Ereignis wird generiert, wenn eine Anmeldesitzung zerstört wird. Es kann anhand des Wertes der Anmelde-ID positiv mit einem Anmeldeereignis korreliert werden. Anmelde-IDs sind nur zwischen Neustarts auf demselben Computer eindeutig.\"",
          "version": "0",
          "systemTime": "2026-05-26T05:12:43.3611088Z",
          "eventRecordID": "2595481",
          "threadID": "12092",
          "computer": "SWE-13.arzw.local",
          "task": "12545",
          "processID": "1352",
          "severityValue": "AUDIT_SUCCESS",
          "providerName": "Microsoft-Windows-Security-Auditing"
        }
      }
    },
    "rule": {
      "firedtimes": 11,
      "mail": false,
      "level": 3,
      "description": "Non service account logged off.",
      "groups": [
        "windows",
        " WEF"
      ],
      "id": "67023"
    },
    "location": "EventChannel",
    "decoder": {
      "name": "windows_eventchannel"
    },
    "id": "1779772364.7854528",
    "timestamp": "2026-05-26T05:12:44.409+0000"
  },
  {
    "input": {
      "type": "log"
    },
    "agent": {
      "ip": "172.21.5.111",
      "name": "SWE-13",
      "id": "077"
    },
    "manager": {
      "name": "wazuh.manager"
    },
    "data": {
      "win": {
        "eventdata": {
          "subjectLogonId": "0x10a06d0",
          "subjectUserSid": "S-1-5-83-1-1408646725-1227503048-4182457275-2459597820",
          "subjectDomainName": "NT VIRTUAL MACHINE",
          "privilegeList": "SeImpersonatePrivilege",
          "subjectUserName": "53F63E45-35C8-492A-BB3B-4BF9FC7B9A92"
        },
        "system": {
          "eventID": "4672",
          "keywords": "0x8020000000000000",
          "providerGuid": "{54849625-5478-4994-a5ba-3e3b0328c30d}",
          "level": "0",
          "channel": "Security",
          "opcode": "0",
          "message": "\"Einer neuen Anmeldung wurden besondere Rechte zugewiesen.\r\n\r\nAntragsteller:\r\n\tSicherheits-ID:\t\tS-1-5-83-1-1408646725-1227503048-4182457275-2459597820\r\n\tKontoname:\t\t53F63E45-35C8-492A-BB3B-4BF9FC7B9A92\r\n\tKontodomäne:\t\tNT VIRTUAL MACHINE\r\n\tAnmelde-ID:\t\t0x10A06D0\r\n\r\nBerechtigungen:\t\tSeImpersonatePrivilege\"",
          "version": "0",
          "systemTime": "2026-05-26T05:12:43.3573223Z",
          "eventRecordID": "2595480",
          "threadID": "12092",
          "computer": "SWE-13.arzw.local",
          "task": "12548",
          "processID": "1352",
          "severityValue": "AUDIT_SUCCESS",
          "providerName": "Microsoft-Windows-Security-Auditing"
        }
      }
    },
    "rule": {
      "firedtimes": 8,
      "mail": false,
      "level": 3,
      "description": "Special privileges assigned to new logon.",
      "groups": [
        "windows",
        " WEF"
      ],
      "mitre": {
        "technique": [
          "Domain Policy Modification"
        ],
        "id": [
          "T1484"
        ],
        "tactic": [
          "Defense Evasion",
          "Privilege Escalation"
        ]
      },
      "id": "67028"
    },
    "location": "EventChannel",
    "decoder": {
      "name": "windows_eventchannel"
    },
    "id": "1779772364.7852186",
    "timestamp": "2026-05-26T05:12:44.367+0000"
  },
