  {
    "input": {
      "type": "log"
    },
    "agent": {
      "ip": "172.25.107.70",
      "name": "SWE-11",
      "id": "044"
    },
    "manager": {
      "name": "wazuh.manager"
    },
    "data": {
      "win": {
        "eventdata": {
          "param5": "Neustart des Diensts",
          "binary": "74006100630074006900630061006C0072006D006D000000",
          "param3": "12000",
          "param4": "1",
          "param1": "TacticalRMM Agent Service",
          "param2": "1"
        },
        "system": {
          "eventID": "7031",
          "eventSourceName": "Service Control Manager",
          "keywords": "0x8080000000000000",
          "providerGuid": "{555908d1-a6d7-4695-8e1e-26931d2012f4}",
          "level": "2",
          "channel": "System",
          "opcode": "0",
          "message": "\"Der Dienst \"TacticalRMM Agent Service\" wurde unerwartet beendet. Dies ist bereits 1 Mal vorgekommen. Folgende Korrekturmaßnahmen werden in 12000 Millisekunden durchgeführt: Neustart des Diensts.\"",
          "version": "0",
          "systemTime": "2026-05-26T07:54:06.7457103Z",
          "eventRecordID": "119723",
          "threadID": "19004",
          "computer": "SWE-11.arzw.local",
          "task": "0",
          "processID": "888",
          "severityValue": "ERROR",
          "providerName": "Service Control Manager"
        }
      }
    },
    "rule": {
      "firedtimes": 146,
      "mail": false,
      "level": 5,
      "description": "TacticalRMM Agent Service terminated unexpectedly",
      "groups": [
        "windows",
        "windows_system"
      ],
      "id": "61107"
    },
    "location": "EventChannel",
    "decoder": {
      "name": "windows_eventchannel"
    },
    "id": "1779782047.16906493",
    "timestamp": "2026-05-26T07:54:07.719+0000"
  },
  {
    "input": {
      "type": "log"
    },
    "agent": {
      "ip": "172.25.107.70",
      "name": "SWE-11",
      "id": "044"
    },
    "manager": {
      "name": "wazuh.manager"
    },
    "data": {
      "win": {
        "eventdata": {
          "param5": "Neustart des Diensts",
          "binary": "74006100630074006900630061006C0072006D006D000000",
          "param3": "12000",
          "param4": "1",
          "param1": "TacticalRMM Agent Service",
          "param2": "1"
        },
        "system": {
          "eventID": "7031",
          "eventSourceName": "Service Control Manager",
          "keywords": "0x8080000000000000",
          "providerGuid": "{555908d1-a6d7-4695-8e1e-26931d2012f4}",
          "level": "2",
          "channel": "System",
          "opcode": "0",
          "message": "\"Der Dienst \"TacticalRMM Agent Service\" wurde unerwartet beendet. Dies ist bereits 1 Mal vorgekommen. Folgende Korrekturmaßnahmen werden in 12000 Millisekunden durchgeführt: Neustart des Diensts.\"",
          "version": "0",
          "systemTime": "2026-05-26T07:53:32.9108476Z",
          "eventRecordID": "119719",
          "threadID": "20256",
          "computer": "SWE-11.arzw.local",
          "task": "0",
          "processID": "888",
          "severityValue": "ERROR",
          "providerName": "Service Control Manager"
        }
      }
    },
    "rule": {
      "firedtimes": 145,
      "mail": false,
      "level": 5,
      "description": "TacticalRMM Agent Service terminated unexpectedly",
      "groups": [
        "windows",
        "windows_system"
      ],
      "id": "61107"
    },
    "location": "EventChannel",
    "decoder": {
      "name": "windows_eventchannel"
    },
    "id": "1779782013.16899533",
    "timestamp": "2026-05-26T07:53:33.312+0000"
  },
  {
    "input": {
      "type": "log"
    },
    "agent": {
      "ip": "172.25.107.70",
      "name": "SWE-11",
      "id": "044"
    },
    "manager": {
      "name": "wazuh.manager"
    },
    "data": {
      "win": {
        "eventdata": {
          "param5": "Neustart des Diensts",
          "binary": "74006100630074006900630061006C0072006D006D000000",
          "param3": "12000",
          "param4": "1",
          "param1": "TacticalRMM Agent Service",
          "param2": "1"
        },
        "system": {
          "eventID": "7031",
          "eventSourceName": "Service Control Manager",
          "keywords": "0x8080000000000000",
          "providerGuid": "{555908d1-a6d7-4695-8e1e-26931d2012f4}",
          "level": "2",
          "channel": "System",
          "opcode": "0",
          "message": "\"Der Dienst \"TacticalRMM Agent Service\" wurde unerwartet beendet. Dies ist bereits 1 Mal vorgekommen. Folgende Korrekturmaßnahmen werden in 12000 Millisekunden durchgeführt: Neustart des Diensts.\"",
          "version": "0",
          "systemTime": "2026-05-26T07:52:58.2645558Z",
          "eventRecordID": "119715",
          "threadID": "1236",
          "computer": "SWE-11.arzw.local",
          "task": "0",
          "processID": "888",
          "severityValue": "ERROR",
          "providerName": "Service Control Manager"
        }
      }
    },
    "rule": {
      "firedtimes": 144,
      "mail": false,
      "level": 5,
      "description": "TacticalRMM Agent Service terminated unexpectedly",
      "groups": [
        "windows",
        "windows_system"
      ],
      "id": "61107"
    },
    "location": "EventChannel",
    "decoder": {
      "name": "windows_eventchannel"
    },
    "id": "1779781978.16868906",
    "timestamp": "2026-05-26T07:52:58.725+0000"
  },
  {
    "input": {
      "type": "log"
    },
    "agent": {
      "ip": "172.25.107.70",
      "name": "SWE-11",
      "id": "044"
    },
    "manager": {
      "name": "wazuh.manager"
    },
    "data": {
      "win": {
        "eventdata": {
          "param5": "Neustart des Diensts",
          "binary": "74006100630074006900630061006C0072006D006D000000",
          "param3": "12000",
          "param4": "1",
          "param1": "TacticalRMM Agent Service",
          "param2": "1"
        },
        "system": {
          "eventID": "7031",
          "eventSourceName": "Service Control Manager",
          "keywords": "0x8080000000000000",
          "providerGuid": "{555908d1-a6d7-4695-8e1e-26931d2012f4}",
          "level": "2",
          "channel": "System",
          "opcode": "0",
          "message": "\"Der Dienst \"TacticalRMM Agent Service\" wurde unerwartet beendet. Dies ist bereits 1 Mal vorgekommen. Folgende Korrekturmaßnahmen werden in 12000 Millisekunden durchgeführt: Neustart des Diensts.\"",
          "version": "0",
          "systemTime": "2026-05-26T07:52:36.1734156Z",
          "eventRecordID": "119711",
          "threadID": "15244",
          "computer": "SWE-11.arzw.local",
          "task": "0",
          "processID": "888",
          "severityValue": "ERROR",
          "providerName": "Service Control Manager"
        }
      }
    },
    "rule": {
      "firedtimes": 143,
      "mail": false,
      "level": 5,
      "description": "TacticalRMM Agent Service terminated unexpectedly",
      "groups": [
        "windows",
        "windows_system"
      ],
      "id": "61107"
    },
    "location": "EventChannel",
    "decoder": {
      "name": "windows_eventchannel"
    },
    "id": "1779781956.16845111",
    "timestamp": "2026-05-26T07:52:36.345+0000"
  },
  {
    "input": {
      "type": "log"
    },
    "agent": {
      "ip": "172.25.107.70",
      "name": "SWE-11",
      "id": "044"
    },
    "manager": {
      "name": "wazuh.manager"
    },
    "data": {
      "win": {
        "eventdata": {
          "param5": "Neustart des Diensts",
          "binary": "74006100630074006900630061006C0072006D006D000000",
          "param3": "12000",
          "param4": "1",
          "param1": "TacticalRMM Agent Service",
          "param2": "1"
        },
        "system": {
          "eventID": "7031",
          "eventSourceName": "Service Control Manager",
          "keywords": "0x8080000000000000",
          "providerGuid": "{555908d1-a6d7-4695-8e1e-26931d2012f4}",
          "level": "2",
          "channel": "System",
          "opcode": "0",
          "message": "\"Der Dienst \"TacticalRMM Agent Service\" wurde unerwartet beendet. Dies ist bereits 1 Mal vorgekommen. Folgende Korrekturmaßnahmen werden in 12000 Millisekunden durchgeführt: Neustart des Diensts.\"",
          "version": "0",
          "systemTime": "2026-05-26T07:52:14.0820533Z",
          "eventRecordID": "119710",
          "threadID": "15424",
          "computer": "SWE-11.arzw.local",
          "task": "0",
          "processID": "888",
          "severityValue": "ERROR",
          "providerName": "Service Control Manager"
        }
      }
    },
    "rule": {
      "firedtimes": 142,
      "mail": false,
      "level": 5,
      "description": "TacticalRMM Agent Service terminated unexpectedly",
      "groups": [
        "windows",
        "windows_system"
      ],
      "id": "61107"
    },
    "location": "EventChannel",
    "decoder": {
      "name": "windows_eventchannel"
    },
    "id": "1779781935.16840355",
    "timestamp": "2026-05-26T07:52:15.044+0000"
  },
  {
    "input": {
      "type": "log"
    },
    "agent": {
      "ip": "172.25.107.70",
      "name": "SWE-11",
      "id": "044"
    },
    "manager": {
      "name": "wazuh.manager"
    },
    "data": {
      "win": {
        "eventdata": {
          "param5": "Neustart des Diensts",
          "binary": "74006100630074006900630061006C0072006D006D000000",
          "param3": "12000",
          "param4": "1",
          "param1": "TacticalRMM Agent Service",
          "param2": "1"
        },
        "system": {
          "eventID": "7031",
          "eventSourceName": "Service Control Manager",
          "keywords": "0x8080000000000000",
          "providerGuid": "{555908d1-a6d7-4695-8e1e-26931d2012f4}",
          "level": "2",
          "channel": "System",
          "opcode": "0",
          "message": "\"Der Dienst \"TacticalRMM Agent Service\" wurde unerwartet beendet. Dies ist bereits 1 Mal vorgekommen. Folgende Korrekturmaßnahmen werden in 12000 Millisekunden durchgeführt: Neustart des Diensts.\"",
          "version": "0",
          "systemTime": "2026-05-26T07:51:51.9558015Z",
          "eventRecordID": "119706",
          "threadID": "19004",
          "computer": "SWE-11.arzw.local",
          "task": "0",
          "processID": "888",
          "severityValue": "ERROR",
          "providerName": "Service Control Manager"
        }
      }
    },
    "rule": {
      "firedtimes": 141,
      "mail": false,
      "level": 5,
      "description": "TacticalRMM Agent Service terminated unexpectedly",
      "groups": [
        "windows",
        "windows_system"
      ],
      "id": "61107"
    },
    "location": "EventChannel",
    "decoder": {
      "name": "windows_eventchannel"
    },
    "id": "1779781912.16836670",
    "timestamp": "2026-05-26T07:51:52.929+0000"
  },
  {
    "input": {
      "type": "log"
    },
    "agent": {
      "ip": "172.25.107.70",
      "name": "SWE-11",
      "id": "044"
    },
    "manager": {
      "name": "wazuh.manager"
    },
    "data": {
      "win": {
        "eventdata": {
          "param5": "Neustart des Diensts",
          "binary": "74006100630074006900630061006C0072006D006D000000",
          "param3": "12000",
          "param4": "1",
          "param1": "TacticalRMM Agent Service",
          "param2": "1"
        },
        "system": {
          "eventID": "7031",
          "eventSourceName": "Service Control Manager",
          "keywords": "0x8080000000000000",
          "providerGuid": "{555908d1-a6d7-4695-8e1e-26931d2012f4}",
          "level": "2",
          "channel": "System",
          "opcode": "0",
          "message": "\"Der Dienst \"TacticalRMM Agent Service\" wurde unerwartet beendet. Dies ist bereits 1 Mal vorgekommen. Folgende Korrekturmaßnahmen werden in 12000 Millisekunden durchgeführt: Neustart des Diensts.\"",
          "version": "0",
          "systemTime": "2026-05-26T07:51:29.8336173Z",
          "eventRecordID": "119703",
          "threadID": "9556",
          "computer": "SWE-11.arzw.local",
          "task": "0",
          "processID": "888",
          "severityValue": "ERROR",
          "providerName": "Service Control Manager"
        }
      }
    },
    "rule": {
      "firedtimes": 140,
      "mail": false,
      "level": 5,
      "description": "TacticalRMM Agent Service terminated unexpectedly",
      "groups": [
        "windows",
        "windows_system"
      ],
      "id": "61107"
    },
    "location": "EventChannel",
    "decoder": {
      "name": "windows_eventchannel"
    },
    "id": "1779781890.16829216",
    "timestamp": "2026-05-26T07:51:30.196+0000"
  },
  {
    "input": {
      "type": "log"
    },
    "agent": {
      "ip": "172.25.107.70",
      "name": "SWE-11",
      "id": "044"
    },
    "manager": {
      "name": "wazuh.manager"
    },
    "data": {
      "win": {
        "eventdata": {
          "param5": "Neustart des Diensts",
          "binary": "74006100630074006900630061006C0072006D006D000000",
          "param3": "12000",
          "param4": "1",
          "param1": "TacticalRMM Agent Service",
          "param2": "1"
        },
        "system": {
          "eventID": "7031",
          "eventSourceName": "Service Control Manager",
          "keywords": "0x8080000000000000",
          "providerGuid": "{555908d1-a6d7-4695-8e1e-26931d2012f4}",
          "level": "2",
          "channel": "System",
          "opcode": "0",
          "message": "\"Der Dienst \"TacticalRMM Agent Service\" wurde unerwartet beendet. Dies ist bereits 1 Mal vorgekommen. Folgende Korrekturmaßnahmen werden in 12000 Millisekunden durchgeführt: Neustart des Diensts.\"",
          "version": "0",
          "systemTime": "2026-05-26T07:51:07.6864910Z",
          "eventRecordID": "119701",
          "threadID": "19004",
          "computer": "SWE-11.arzw.local",
          "task": "0",
          "processID": "888",
          "severityValue": "ERROR",
          "providerName": "Service Control Manager"
        }
      }
    },
    "rule": {
      "firedtimes": 139,
      "mail": false,
      "level": 5,
      "description": "TacticalRMM Agent Service terminated unexpectedly",
      "groups": [
        "windows",
        "windows_system"
      ],
      "id": "61107"
    },
    "location": "EventChannel",
    "decoder": {
      "name": "windows_eventchannel"
    },
    "id": "1779781868.16807067",
    "timestamp": "2026-05-26T07:51:08.662+0000"
  },
  {
    "input": {
      "type": "log"
    },
    "agent": {
      "ip": "172.25.107.70",
      "name": "SWE-11",
      "id": "044"
    },
    "manager": {
      "name": "wazuh.manager"
    },
    "data": {
      "win": {
        "eventdata": {
          "param5": "Neustart des Diensts",
          "binary": "74006100630074006900630061006C0072006D006D000000",
          "param3": "12000",
          "param4": "1",
          "param1": "TacticalRMM Agent Service",
          "param2": "1"
        },
        "system": {
          "eventID": "7031",
          "eventSourceName": "Service Control Manager",
          "keywords": "0x8080000000000000",
          "providerGuid": "{555908d1-a6d7-4695-8e1e-26931d2012f4}",
          "level": "2",
          "channel": "System",
          "opcode": "0",
          "message": "\"Der Dienst \"TacticalRMM Agent Service\" wurde unerwartet beendet. Dies ist bereits 1 Mal vorgekommen. Folgende Korrekturmaßnahmen werden in 12000 Millisekunden durchgeführt: Neustart des Diensts.\"",
          "version": "0",
          "systemTime": "2026-05-26T07:50:45.4176450Z",
          "eventRecordID": "119697",
          "threadID": "20256",
          "computer": "SWE-11.arzw.local",
          "task": "0",
          "processID": "888",
          "severityValue": "ERROR",
          "providerName": "Service Control Manager"
        }
      }
    },
    "rule": {
      "firedtimes": 138,
      "mail": false,
      "level": 5,
      "description": "TacticalRMM Agent Service terminated unexpectedly",
      "groups": [
        "windows",
        "windows_system"
      ],
      "id": "61107"
    },
    "location": "EventChannel",
    "decoder": {
      "name": "windows_eventchannel"
    },
    "id": "1779781846.16803934",
    "timestamp": "2026-05-26T07:50:46.375+0000"
  },
  {
    "input": {
      "type": "log"
    },
    "agent": {
      "ip": "172.25.107.70",
      "name": "SWE-11",
      "id": "044"
    },
    "manager": {
      "name": "wazuh.manager"
    },
    "data": {
      "win": {
        "eventdata": {
          "param5": "Neustart des Diensts",
          "binary": "74006100630074006900630061006C0072006D006D000000",
          "param3": "12000",
          "param4": "1",
          "param1": "TacticalRMM Agent Service",
          "param2": "1"
        },
        "system": {
          "eventID": "7031",
          "eventSourceName": "Service Control Manager",
          "keywords": "0x8080000000000000",
          "providerGuid": "{555908d1-a6d7-4695-8e1e-26931d2012f4}",
          "level": "2",
          "channel": "System",
          "opcode": "0",
          "message": "\"Der Dienst \"TacticalRMM Agent Service\" wurde unerwartet beendet. Dies ist bereits 1 Mal vorgekommen. Folgende Korrekturmaßnahmen werden in 12000 Millisekunden durchgeführt: Neustart des Diensts.\"",
          "version": "0",
          "systemTime": "2026-05-26T07:50:23.3334133Z",
          "eventRecordID": "119693",
          "threadID": "3492",
          "computer": "SWE-11.arzw.local",
          "task": "0",
          "processID": "888",
          "severityValue": "ERROR",
          "providerName": "Service Control Manager"
        }
      }
    },
    "rule": {
      "firedtimes": 137,
      "mail": false,
      "level": 5,
      "description": "TacticalRMM Agent Service terminated unexpectedly",
      "groups": [
        "windows",
        "windows_system"
      ],
      "id": "61107"
    },
    "location": "EventChannel",
    "decoder": {
      "name": "windows_eventchannel"
    },
    "id": "1779781824.16799171",
    "timestamp": "2026-05-26T07:50:24.001+0000"
  },
  {
    "input": {
      "type": "log"
    },
    "agent": {
      "ip": "172.25.107.70",
      "name": "SWE-11",
      "id": "044"
    },
    "manager": {
      "name": "wazuh.manager"
    },
    "data": {
      "win": {
        "eventdata": {
          "data": "2126-05-02T07:50:20Z, RulesEngine"
        },
        "system": {
          "eventID": "16384",
          "eventSourceName": "Software Protection Platform Service",
          "keywords": "0x80000000000000",
          "providerGuid": "{E23B33B0-C8C9-472C-A5F9-F2BDFEA0F156}",
          "level": "4",
          "channel": "Application",
          "opcode": "0",
          "message": "\"Der Softwareschutzdienst wurde erfolgreich für den erneuten Start bei 2126-05-02T07:50:20Z geplant. Grund: RulesEngine.\"",
          "version": "0",
          "systemTime": "2026-05-26T07:50:20.4150255Z",
          "eventRecordID": "41817",
          "threadID": "0",
          "computer": "SWE-11.arzw.local",
          "task": "0",
          "processID": "18968",
          "severityValue": "INFORMATION",
          "providerName": "Microsoft-Windows-Security-SPP"
        }
      }
    },
    "rule": {
      "firedtimes": 146,
      "mail": false,
      "level": 3,
      "description": "Software protection service scheduled successfully.",
      "groups": [
        "windows",
        "windows_application"
      ],
      "id": "60642"
    },
    "location": "EventChannel",
    "decoder": {
      "name": "windows_eventchannel"
    },
    "id": "1779781820.16796996",
    "timestamp": "2026-05-26T07:50:20.377+0000"
  },
  {
    "input": {
      "type": "log"
    },
    "agent": {
      "ip": "172.25.107.70",
      "name": "SWE-11",
      "id": "044"
    },
    "manager": {
      "name": "wazuh.manager"
    },
    "data": {
      "win": {
        "eventdata": {
          "param5": "Neustart des Diensts",
          "binary": "74006100630074006900630061006C0072006D006D000000",
          "param3": "12000",
          "param4": "1",
          "param1": "TacticalRMM Agent Service",
          "param2": "1"
        },
        "system": {
          "eventID": "7031",
          "eventSourceName": "Service Control Manager",
          "keywords": "0x8080000000000000",
          "providerGuid": "{555908d1-a6d7-4695-8e1e-26931d2012f4}",
          "level": "2",
          "channel": "System",
          "opcode": "0",
          "message": "\"Der Dienst \"TacticalRMM Agent Service\" wurde unerwartet beendet. Dies ist bereits 1 Mal vorgekommen. Folgende Korrekturmaßnahmen werden in 12000 Millisekunden durchgeführt: Neustart des Diensts.\"",
          "version": "0",
          "systemTime": "2026-05-26T07:50:01.2489737Z",
          "eventRecordID": "119692",
          "threadID": "19004",
          "computer": "SWE-11.arzw.local",
          "task": "0",
          "processID": "888",
          "severityValue": "ERROR",
          "providerName": "Service Control Manager"
        }
      }
    },
    "rule": {
      "firedtimes": 136,
      "mail": false,
      "level": 5,
      "description": "TacticalRMM Agent Service terminated unexpectedly",
      "groups": [
        "windows",
        "windows_system"
      ],
      "id": "61107"
    },
    "location": "EventChannel",
    "decoder": {
      "name": "windows_eventchannel"
    },
    "id": "1779781801.16794415",
    "timestamp": "2026-05-26T07:50:01.600+0000"
  },
  {
    "input": {
      "type": "log"
    },
    "agent": {
      "ip": "172.25.107.70",
      "name": "SWE-11",
      "id": "044"
    },
    "manager": {
      "name": "wazuh.manager"
    },
    "data": {
      "win": {
        "eventdata": {
          "param5": "Neustart des Diensts",
          "binary": "74006100630074006900630061006C0072006D006D000000",
          "param3": "12000",
          "param4": "1",
          "param1": "TacticalRMM Agent Service",
          "param2": "1"
        },
        "system": {
          "eventID": "7031",
          "eventSourceName": "Service Control Manager",
          "keywords": "0x8080000000000000",
          "providerGuid": "{555908d1-a6d7-4695-8e1e-26931d2012f4}",
          "level": "2",
          "channel": "System",
          "opcode": "0",
          "message": "\"Der Dienst \"TacticalRMM Agent Service\" wurde unerwartet beendet. Dies ist bereits 1 Mal vorgekommen. Folgende Korrekturmaßnahmen werden in 12000 Millisekunden durchgeführt: Neustart des Diensts.\"",
          "version": "0",
          "systemTime": "2026-05-26T07:49:39.1510688Z",
          "eventRecordID": "119688",
          "threadID": "19004",
          "computer": "SWE-11.arzw.local",
          "task": "0",
          "processID": "888",
          "severityValue": "ERROR",
          "providerName": "Service Control Manager"
        }
      }
    },
    "rule": {
      "firedtimes": 135,
      "mail": false,
      "level": 5,
      "description": "TacticalRMM Agent Service terminated unexpectedly",
      "groups": [
        "windows",
        "windows_system"
      ],
      "id": "61107"
    },
    "location": "EventChannel",
    "decoder": {
      "name": "windows_eventchannel"
    },
    "id": "1779781779.16791282",
    "timestamp": "2026-05-26T07:49:39.223+0000"
  },
  {
    "input": {
      "type": "log"
    },
    "agent": {
      "ip": "172.25.107.70",
      "name": "SWE-11",
      "id": "044"
    },
    "manager": {
      "name": "wazuh.manager"
    },
    "data": {
      "win": {
        "eventdata": {
          "param5": "Neustart des Diensts",
          "binary": "74006100630074006900630061006C0072006D006D000000",
          "param3": "12000",
          "param4": "1",
          "param1": "TacticalRMM Agent Service",
          "param2": "1"
        },
        "system": {
          "eventID": "7031",
          "eventSourceName": "Service Control Manager",
          "keywords": "0x8080000000000000",
          "providerGuid": "{555908d1-a6d7-4695-8e1e-26931d2012f4}",
          "level": "2",
          "channel": "System",
          "opcode": "0",
          "message": "\"Der Dienst \"TacticalRMM Agent Service\" wurde unerwartet beendet. Dies ist bereits 1 Mal vorgekommen. Folgende Korrekturmaßnahmen werden in 12000 Millisekunden durchgeführt: Neustart des Diensts.\"",
          "version": "0",
          "systemTime": "2026-05-26T07:49:17.0465943Z",
          "eventRecordID": "119684",
          "threadID": "20256",
          "computer": "SWE-11.arzw.local",
          "task": "0",
          "processID": "888",
          "severityValue": "ERROR",
          "providerName": "Service Control Manager"
        }
      }
    },
    "rule": {
      "firedtimes": 134,
      "mail": false,
      "level": 5,
      "description": "TacticalRMM Agent Service terminated unexpectedly",
      "groups": [
        "windows",
        "windows_system"
      ],
      "id": "61107"
    },
    "location": "EventChannel",
    "decoder": {
      "name": "windows_eventchannel"
    },
    "id": "1779781758.16784873",
    "timestamp": "2026-05-26T07:49:18.015+0000"
  },
  {
    "input": {
      "type": "log"
    },
    "agent": {
      "ip": "172.25.107.70",
      "name": "SWE-11",
      "id": "044"
    },
    "manager": {
      "name": "wazuh.manager"
    },
    "data": {
      "win": {
        "eventdata": {
          "param5": "Neustart des Diensts",
          "binary": "74006100630074006900630061006C0072006D006D000000",
          "param3": "12000",
          "param4": "1",
          "param1": "TacticalRMM Agent Service",
          "param2": "1"
        },
        "system": {
          "eventID": "7031",
          "eventSourceName": "Service Control Manager",
          "keywords": "0x8080000000000000",
          "providerGuid": "{555908d1-a6d7-4695-8e1e-26931d2012f4}",
          "level": "2",
          "channel": "System",
          "opcode": "0",
          "message": "\"Der Dienst \"TacticalRMM Agent Service\" wurde unerwartet beendet. Dies ist bereits 1 Mal vorgekommen. Folgende Korrekturmaßnahmen werden in 12000 Millisekunden durchgeführt: Neustart des Diensts.\"",
          "version": "0",
          "systemTime": "2026-05-26T07:48:54.8871316Z",
          "eventRecordID": "119683",
          "threadID": "20256",
          "computer": "SWE-11.arzw.local",
          "task": "0",
          "processID": "888",
          "severityValue": "ERROR",
          "providerName": "Service Control Manager"
        }
      }
    },
    "rule": {
      "firedtimes": 133,
      "mail": false,
      "level": 5,
      "description": "TacticalRMM Agent Service terminated unexpectedly",
      "groups": [
        "windows",
        "windows_system"
      ],
      "id": "61107"
    },
    "location": "EventChannel",
    "decoder": {
      "name": "windows_eventchannel"
    },
    "id": "1779781735.16780111",
    "timestamp": "2026-05-26T07:48:55.850+0000"
  },
  {
    "input": {
      "type": "log"
    },
    "agent": {
      "ip": "172.25.107.70",
      "name": "SWE-11",
      "id": "044"
    },
    "manager": {
      "name": "wazuh.manager"
    },
    "data": {
      "win": {
        "eventdata": {
          "param5": "Neustart des Diensts",
          "binary": "74006100630074006900630061006C0072006D006D000000",
          "param3": "12000",
          "param4": "1",
          "param1": "TacticalRMM Agent Service",
          "param2": "1"
        },
        "system": {
          "eventID": "7031",
          "eventSourceName": "Service Control Manager",
          "keywords": "0x8080000000000000",
          "providerGuid": "{555908d1-a6d7-4695-8e1e-26931d2012f4}",
          "level": "2",
          "channel": "System",
          "opcode": "0",
          "message": "\"Der Dienst \"TacticalRMM Agent Service\" wurde unerwartet beendet. Dies ist bereits 1 Mal vorgekommen. Folgende Korrekturmaßnahmen werden in 12000 Millisekunden durchgeführt: Neustart des Diensts.\"",
          "version": "0",
          "systemTime": "2026-05-26T07:48:32.7998892Z",
          "eventRecordID": "119679",
          "threadID": "9556",
          "computer": "SWE-11.arzw.local",
          "task": "0",
          "processID": "888",
          "severityValue": "ERROR",
          "providerName": "Service Control Manager"
        }
      }
    },
    "rule": {
      "firedtimes": 132,
      "mail": false,
      "level": 5,
      "description": "TacticalRMM Agent Service terminated unexpectedly",
      "groups": [
        "windows",
        "windows_system"
      ],
      "id": "61107"
    },
    "location": "EventChannel",
    "decoder": {
      "name": "windows_eventchannel"
    },
    "id": "1779781713.16776980",
    "timestamp": "2026-05-26T07:48:33.773+0000"
  },
  {
    "input": {
      "type": "log"
    },
    "agent": {
      "ip": "172.25.107.70",
      "name": "SWE-11",
      "id": "044"
    },
    "manager": {
      "name": "wazuh.manager"
    },
    "data": {
      "win": {
        "eventdata": {
          "param5": "Neustart des Diensts",
          "binary": "74006100630074006900630061006C0072006D006D000000",
          "param3": "12000",
          "param4": "1",
          "param1": "TacticalRMM Agent Service",
          "param2": "1"
        },
        "system": {
          "eventID": "7031",
          "eventSourceName": "Service Control Manager",
          "keywords": "0x8080000000000000",
          "providerGuid": "{555908d1-a6d7-4695-8e1e-26931d2012f4}",
          "level": "2",
          "channel": "System",
          "opcode": "0",
          "message": "\"Der Dienst \"TacticalRMM Agent Service\" wurde unerwartet beendet. Dies ist bereits 1 Mal vorgekommen. Folgende Korrekturmaßnahmen werden in 12000 Millisekunden durchgeführt: Neustart des Diensts.\"",
          "version": "0",
          "systemTime": "2026-05-26T07:48:10.7075244Z",
          "eventRecordID": "119675",
          "threadID": "15244",
          "computer": "SWE-11.arzw.local",
          "task": "0",
          "processID": "888",
          "severityValue": "ERROR",
          "providerName": "Service Control Manager"
        }
      }
    },
    "rule": {
      "firedtimes": 131,
      "mail": false,
      "level": 5,
      "description": "TacticalRMM Agent Service terminated unexpectedly",
      "groups": [
        "windows",
        "windows_system"
      ],
      "id": "61107"
    },
    "location": "EventChannel",
    "decoder": {
      "name": "windows_eventchannel"
    },
    "id": "1779781691.16770580",
    "timestamp": "2026-05-26T07:48:11.605+0000"
  },
  {
    "input": {
      "type": "log"
    },
    "agent": {
      "ip": "172.25.107.70",
      "name": "SWE-11",
      "id": "044"
    },
    "manager": {
      "name": "wazuh.manager"
    },
    "data": {
      "win": {
        "eventdata": {
          "param5": "Neustart des Diensts",
          "binary": "74006100630074006900630061006C0072006D006D000000",
          "param3": "12000",
          "param4": "1",
          "param1": "TacticalRMM Agent Service",
          "param2": "1"
        },
        "system": {
          "eventID": "7031",
          "eventSourceName": "Service Control Manager",
          "keywords": "0x8080000000000000",
          "providerGuid": "{555908d1-a6d7-4695-8e1e-26931d2012f4}",
          "level": "2",
          "channel": "System",
          "opcode": "0",
          "message": "\"Der Dienst \"TacticalRMM Agent Service\" wurde unerwartet beendet. Dies ist bereits 1 Mal vorgekommen. Folgende Korrekturmaßnahmen werden in 12000 Millisekunden durchgeführt: Neustart des Diensts.\"",
          "version": "0",
          "systemTime": "2026-05-26T07:47:48.5290049Z",
          "eventRecordID": "119674",
          "threadID": "9556",
          "computer": "SWE-11.arzw.local",
          "task": "0",
          "processID": "888",
          "severityValue": "ERROR",
          "providerName": "Service Control Manager"
        }
      }
    },
    "rule": {
      "firedtimes": 130,
      "mail": false,
      "level": 5,
      "description": "TacticalRMM Agent Service terminated unexpectedly",
      "groups": [
        "windows",
        "windows_system"
      ],
      "id": "61107"
    },
    "location": "EventChannel",
    "decoder": {
      "name": "windows_eventchannel"
    },
    "id": "1779781669.16730754",
    "timestamp": "2026-05-26T07:47:49.176+0000"
  },
  {
    "input": {
      "type": "log"
    },
    "agent": {
      "ip": "172.25.107.70",
      "name": "SWE-11",
      "id": "044"
    },
    "manager": {
      "name": "wazuh.manager"
    },
    "data": {
      "win": {
        "eventdata": {
          "param5": "Neustart des Diensts",
          "binary": "74006100630074006900630061006C0072006D006D000000",
          "param3": "12000",
          "param4": "1",
          "param1": "TacticalRMM Agent Service",
          "param2": "1"
        },
        "system": {
          "eventID": "7031",
          "eventSourceName": "Service Control Manager",
          "keywords": "0x8080000000000000",
          "providerGuid": "{555908d1-a6d7-4695-8e1e-26931d2012f4}",
          "level": "2",
          "channel": "System",
          "opcode": "0",
          "message": "\"Der Dienst \"TacticalRMM Agent Service\" wurde unerwartet beendet. Dies ist bereits 1 Mal vorgekommen. Folgende Korrekturmaßnahmen werden in 12000 Millisekunden durchgeführt: Neustart des Diensts.\"",
          "version": "0",
          "systemTime": "2026-05-26T07:47:26.3621250Z",
          "eventRecordID": "119670",
          "threadID": "9556",
          "computer": "SWE-11.arzw.local",
          "task": "0",
          "processID": "888",
          "severityValue": "ERROR",
          "providerName": "Service Control Manager"
        }
      }
    },
    "rule": {
      "firedtimes": 129,
      "mail": false,
      "level": 5,
      "description": "TacticalRMM Agent Service terminated unexpectedly",
      "groups": [
        "windows",
        "windows_system"
      ],
      "id": "61107"
    },
    "location": "EventChannel",
    "decoder": {
      "name": "windows_eventchannel"
    },
    "id": "1779781646.16702902",
    "timestamp": "2026-05-26T07:47:26.762+0000"
  },
  {
    "input": {
      "type": "log"
    },
    "agent": {
      "ip": "172.25.107.70",
      "name": "SWE-11",
      "id": "044"
    },
    "manager": {
      "name": "wazuh.manager"
    },
    "data": {
      "win": {
        "eventdata": {
          "param5": "Neustart des Diensts",
          "binary": "74006100630074006900630061006C0072006D006D000000",
          "param3": "12000",
          "param4": "1",
          "param1": "TacticalRMM Agent Service",
          "param2": "1"
        },
        "system": {
          "eventID": "7031",
          "eventSourceName": "Service Control Manager",
          "keywords": "0x8080000000000000",
          "providerGuid": "{555908d1-a6d7-4695-8e1e-26931d2012f4}",
          "level": "2",
          "channel": "System",
          "opcode": "0",
          "message": "\"Der Dienst \"TacticalRMM Agent Service\" wurde unerwartet beendet. Dies ist bereits 1 Mal vorgekommen. Folgende Korrekturmaßnahmen werden in 12000 Millisekunden durchgeführt: Neustart des Diensts.\"",
          "version": "0",
          "systemTime": "2026-05-26T07:47:04.2683949Z",
          "eventRecordID": "119669",
          "threadID": "15244",
          "computer": "SWE-11.arzw.local",
          "task": "0",
          "processID": "888",
          "severityValue": "ERROR",
          "providerName": "Service Control Manager"
        }
      }
    },
    "rule": {
      "firedtimes": 128,
      "mail": false,
      "level": 5,
      "description": "TacticalRMM Agent Service terminated unexpectedly",
      "groups": [
        "windows",
        "windows_system"
      ],
      "id": "61107"
    },
    "location": "EventChannel",
    "decoder": {
      "name": "windows_eventchannel"
    },
    "id": "1779781624.16700321",
    "timestamp": "2026-05-26T07:47:04.370+0000"
  },
  {
    "input": {
      "type": "log"
    },
    "agent": {
      "ip": "172.25.107.70",
      "name": "SWE-11",
      "id": "044"
    },
    "manager": {
      "name": "wazuh.manager"
    },
    "data": {
      "win": {
        "eventdata": {
          "param5": "Neustart des Diensts",
          "binary": "74006100630074006900630061006C0072006D006D000000",
          "param3": "12000",
          "param4": "1",
          "param1": "TacticalRMM Agent Service",
          "param2": "1"
        },
        "system": {
          "eventID": "7031",
          "eventSourceName": "Service Control Manager",
          "keywords": "0x8080000000000000",
          "providerGuid": "{555908d1-a6d7-4695-8e1e-26931d2012f4}",
          "level": "2",
          "channel": "System",
          "opcode": "0",
          "message": "\"Der Dienst \"TacticalRMM Agent Service\" wurde unerwartet beendet. Dies ist bereits 1 Mal vorgekommen. Folgende Korrekturmaßnahmen werden in 12000 Millisekunden durchgeführt: Neustart des Diensts.\"",
          "version": "0",
          "systemTime": "2026-05-26T07:46:42.1682852Z",
          "eventRecordID": "119665",
          "threadID": "3492",
          "computer": "SWE-11.arzw.local",
          "task": "0",
          "processID": "888",
          "severityValue": "ERROR",
          "providerName": "Service Control Manager"
        }
      }
    },
    "rule": {
      "firedtimes": 127,
      "mail": false,
      "level": 5,
      "description": "TacticalRMM Agent Service terminated unexpectedly",
      "groups": [
        "windows",
        "windows_system"
      ],
      "id": "61107"
    },
    "location": "EventChannel",
    "decoder": {
      "name": "windows_eventchannel"
    },
    "id": "1779781603.16695564",
    "timestamp": "2026-05-26T07:46:43.135+0000"
  },
  {
    "input": {
      "type": "log"
    },
    "agent": {
      "ip": "172.25.107.70",
      "name": "SWE-11",
      "id": "044"
    },
    "manager": {
      "name": "wazuh.manager"
    },
    "data": {
      "win": {
        "eventdata": {
          "param5": "Neustart des Diensts",
          "binary": "74006100630074006900630061006C0072006D006D000000",
          "param3": "12000",
          "param4": "1",
          "param1": "TacticalRMM Agent Service",
          "param2": "1"
        },
        "system": {
          "eventID": "7031",
          "eventSourceName": "Service Control Manager",
          "keywords": "0x8080000000000000",
          "providerGuid": "{555908d1-a6d7-4695-8e1e-26931d2012f4}",
          "level": "2",
          "channel": "System",
          "opcode": "0",
          "message": "\"Der Dienst \"TacticalRMM Agent Service\" wurde unerwartet beendet. Dies ist bereits 1 Mal vorgekommen. Folgende Korrekturmaßnahmen werden in 12000 Millisekunden durchgeführt: Neustart des Diensts.\"",
          "version": "0",
          "systemTime": "2026-05-26T07:46:20.0781038Z",
          "eventRecordID": "119664",
          "threadID": "15244",
          "computer": "SWE-11.arzw.local",
          "task": "0",
          "processID": "888",
          "severityValue": "ERROR",
          "providerName": "Service Control Manager"
        }
      }
    },
    "rule": {
      "firedtimes": 126,
      "mail": false,
      "level": 5,
      "description": "TacticalRMM Agent Service terminated unexpectedly",
      "groups": [
        "windows",
        "windows_system"
      ],
      "id": "61107"
    },
    "location": "EventChannel",
    "decoder": {
      "name": "windows_eventchannel"
    },
    "id": "1779781581.16688141",
    "timestamp": "2026-05-26T07:46:21.044+0000"
  },
  {
    "input": {
      "type": "log"
    },
    "agent": {
      "ip": "172.25.107.70",
      "name": "SWE-11",
      "id": "044"
    },
    "manager": {
      "name": "wazuh.manager"
    },
    "data": {
      "win": {
        "eventdata": {
          "param5": "Neustart des Diensts",
          "binary": "74006100630074006900630061006C0072006D006D000000",
          "param3": "12000",
          "param4": "1",
          "param1": "TacticalRMM Agent Service",
          "param2": "1"
        },
        "system": {
          "eventID": "7031",
          "eventSourceName": "Service Control Manager",
          "keywords": "0x8080000000000000",
          "providerGuid": "{555908d1-a6d7-4695-8e1e-26931d2012f4}",
          "level": "2",
          "channel": "System",
          "opcode": "0",
          "message": "\"Der Dienst \"TacticalRMM Agent Service\" wurde unerwartet beendet. Dies ist bereits 1 Mal vorgekommen. Folgende Korrekturmaßnahmen werden in 12000 Millisekunden durchgeführt: Neustart des Diensts.\"",
          "version": "0",
          "systemTime": "2026-05-26T07:45:57.9794178Z",
          "eventRecordID": "119660",
          "threadID": "1976",
          "computer": "SWE-11.arzw.local",
          "task": "0",
          "processID": "888",
          "severityValue": "ERROR",
          "providerName": "Service Control Manager"
        }
      }
    },
    "rule": {
      "firedtimes": 125,
      "mail": false,
      "level": 5,
      "description": "TacticalRMM Agent Service terminated unexpectedly",
      "groups": [
        "windows",
        "windows_system"
      ],
      "id": "61107"
    },
    "location": "EventChannel",
    "decoder": {
      "name": "windows_eventchannel"
    },
    "id": "1779781558.16685562",
    "timestamp": "2026-05-26T07:45:58.945+0000"
  },
  {
    "input": {
      "type": "log"
    },
    "agent": {
      "ip": "172.25.107.70",
      "name": "SWE-11",
      "id": "044"
    },
    "manager": {
      "name": "wazuh.manager"
    },
    "data": {
      "win": {
        "eventdata": {
          "param5": "Neustart des Diensts",
          "binary": "74006100630074006900630061006C0072006D006D000000",
          "param3": "12000",
          "param4": "1",
          "param1": "TacticalRMM Agent Service",
          "param2": "1"
        },
        "system": {
          "eventID": "7031",
          "eventSourceName": "Service Control Manager",
          "keywords": "0x8080000000000000",
          "providerGuid": "{555908d1-a6d7-4695-8e1e-26931d2012f4}",
          "level": "2",
          "channel": "System",
          "opcode": "0",
          "message": "\"Der Dienst \"TacticalRMM Agent Service\" wurde unerwartet beendet. Dies ist bereits 1 Mal vorgekommen. Folgende Korrekturmaßnahmen werden in 12000 Millisekunden durchgeführt: Neustart des Diensts.\"",
          "version": "0",
          "systemTime": "2026-05-26T07:45:35.8911178Z",
          "eventRecordID": "119656",
          "threadID": "3492",
          "computer": "SWE-11.arzw.local",
          "task": "0",
          "processID": "888",
          "severityValue": "ERROR",
          "providerName": "Service Control Manager"
        }
      }
    },
    "rule": {
      "firedtimes": 124,
      "mail": false,
      "level": 5,
      "description": "TacticalRMM Agent Service terminated unexpectedly",
      "groups": [
        "windows",
        "windows_system"
      ],
      "id": "61107"
    },
    "location": "EventChannel",
    "decoder": {
      "name": "windows_eventchannel"
    },
    "id": "1779781536.16673309",
    "timestamp": "2026-05-26T07:45:36.869+0000"
  },
  {
    "input": {
      "type": "log"
    },
    "agent": {
      "ip": "172.25.107.70",
      "name": "SWE-11",
      "id": "044"
    },
    "manager": {
      "name": "wazuh.manager"
    },
    "data": {
      "win": {
        "eventdata": {
          "param5": "Neustart des Diensts",
          "binary": "74006100630074006900630061006C0072006D006D000000",
          "param3": "12000",
          "param4": "1",
          "param1": "TacticalRMM Agent Service",
          "param2": "1"
        },
        "system": {
          "eventID": "7031",
          "eventSourceName": "Service Control Manager",
          "keywords": "0x8080000000000000",
          "providerGuid": "{555908d1-a6d7-4695-8e1e-26931d2012f4}",
          "level": "2",
          "channel": "System",
          "opcode": "0",
          "message": "\"Der Dienst \"TacticalRMM Agent Service\" wurde unerwartet beendet. Dies ist bereits 1 Mal vorgekommen. Folgende Korrekturmaßnahmen werden in 12000 Millisekunden durchgeführt: Neustart des Diensts.\"",
          "version": "0",
          "systemTime": "2026-05-26T07:45:13.7987476Z",
          "eventRecordID": "119655",
          "threadID": "20256",
          "computer": "SWE-11.arzw.local",
          "task": "0",
          "processID": "888",
          "severityValue": "ERROR",
          "providerName": "Service Control Manager"
        }
      }
    },
    "rule": {
      "firedtimes": 123,
      "mail": false,
      "level": 5,
      "description": "TacticalRMM Agent Service terminated unexpectedly",
      "groups": [
        "windows",
        "windows_system"
      ],
      "id": "61107"
    },
    "location": "EventChannel",
    "decoder": {
      "name": "windows_eventchannel"
    },
    "id": "1779781514.16664085",
    "timestamp": "2026-05-26T07:45:14.481+0000"
  },
  {
    "input": {
      "type": "log"
    },
    "agent": {
      "ip": "172.25.107.70",
      "name": "SWE-11",
      "id": "044"
    },
    "manager": {
      "name": "wazuh.manager"
    },
    "data": {
      "win": {
        "eventdata": {
          "param5": "Neustart des Diensts",
          "binary": "74006100630074006900630061006C0072006D006D000000",
          "param3": "12000",
          "param4": "1",
          "param1": "TacticalRMM Agent Service",
          "param2": "1"
        },
        "system": {
          "eventID": "7031",
          "eventSourceName": "Service Control Manager",
          "keywords": "0x8080000000000000",
          "providerGuid": "{555908d1-a6d7-4695-8e1e-26931d2012f4}",
          "level": "2",
          "channel": "System",
          "opcode": "0",
          "message": "\"Der Dienst \"TacticalRMM Agent Service\" wurde unerwartet beendet. Dies ist bereits 1 Mal vorgekommen. Folgende Korrekturmaßnahmen werden in 12000 Millisekunden durchgeführt: Neustart des Diensts.\"",
          "version": "0",
          "systemTime": "2026-05-26T07:44:51.6977557Z",
          "eventRecordID": "119651",
          "threadID": "15244",
          "computer": "SWE-11.arzw.local",
          "task": "0",
          "processID": "888",
          "severityValue": "ERROR",
          "providerName": "Service Control Manager"
        }
      }
    },
    "rule": {
      "firedtimes": 122,
      "mail": false,
      "level": 5,
      "description": "TacticalRMM Agent Service terminated unexpectedly",
      "groups": [
        "windows",
        "windows_system"
      ],
      "id": "61107"
    },
    "location": "EventChannel",
    "decoder": {
      "name": "windows_eventchannel"
    },
    "id": "1779781492.16660400",
    "timestamp": "2026-05-26T07:44:52.065+0000"
  },
  {
    "input": {
      "type": "log"
    },
    "agent": {
      "ip": "172.25.107.70",
      "name": "SWE-11",
      "id": "044"
    },
    "manager": {
      "name": "wazuh.manager"
    },
    "data": {
      "win": {
        "eventdata": {
          "param5": "Neustart des Diensts",
          "binary": "74006100630074006900630061006C0072006D006D000000",
          "param3": "12000",
          "param4": "1",
          "param1": "TacticalRMM Agent Service",
          "param2": "1"
        },
        "system": {
          "eventID": "7031",
          "eventSourceName": "Service Control Manager",
          "keywords": "0x8080000000000000",
          "providerGuid": "{555908d1-a6d7-4695-8e1e-26931d2012f4}",
          "level": "2",
          "channel": "System",
          "opcode": "0",
          "message": "\"Der Dienst \"TacticalRMM Agent Service\" wurde unerwartet beendet. Dies ist bereits 1 Mal vorgekommen. Folgende Korrekturmaßnahmen werden in 12000 Millisekunden durchgeführt: Neustart des Diensts.\"",
          "version": "0",
          "systemTime": "2026-05-26T07:44:29.6058629Z",
          "eventRecordID": "119649",
          "threadID": "1976",
          "computer": "SWE-11.arzw.local",
          "task": "0",
          "processID": "888",
          "severityValue": "ERROR",
          "providerName": "Service Control Manager"
        }
      }
    },
    "rule": {
      "firedtimes": 120,
      "mail": false,
      "level": 5,
      "description": "TacticalRMM Agent Service terminated unexpectedly",
      "groups": [
        "windows",
        "windows_system"
      ],
      "id": "61107"
    },
    "location": "EventChannel",
    "decoder": {
      "name": "windows_eventchannel"
    },
    "id": "1779781469.16623398",
    "timestamp": "2026-05-26T07:44:29.679+0000"
  },
