  {
    "input": {
      "type": "log"
    },
    "agent": {
      "ip": "172.25.107.70",
      "name": "SWE-11",
      "id": "044"
    },
    "manager": {
      "name": "wazuh.manager"
    },
    "data": {
      "win": {
        "eventdata": {
          "param5": "Neustart des Diensts",
          "binary": "74006100630074006900630061006C0072006D006D000000",
          "param3": "12000",
          "param4": "1",
          "param1": "TacticalRMM Agent Service",
          "param2": "1"
        },
        "system": {
          "eventID": "7031",
          "eventSourceName": "Service Control Manager",
          "keywords": "0x8080000000000000",
          "providerGuid": "{555908d1-a6d7-4695-8e1e-26931d2012f4}",
          "level": "2",
          "channel": "System",
          "opcode": "0",
          "message": "\"Der Dienst \"TacticalRMM Agent Service\" wurde unerwartet beendet. Dies ist bereits 1 Mal vorgekommen. Folgende Korrekturmaßnahmen werden in 12000 Millisekunden durchgeführt: Neustart des Diensts.\"",
          "version": "0",
          "systemTime": "2026-05-26T07:24:02.9676847Z",
          "eventRecordID": "119499",
          "threadID": "19488",
          "computer": "SWE-11.arzw.local",
          "task": "0",
          "processID": "888",
          "severityValue": "ERROR",
          "providerName": "Service Control Manager"
        }
      }
    },
    "rule": {
      "firedtimes": 66,
      "mail": false,
      "level": 5,
      "description": "TacticalRMM Agent Service terminated unexpectedly",
      "groups": [
        "windows",
        "windows_system"
      ],
      "id": "61107"
    },
    "location": "EventChannel",
    "decoder": {
      "name": "windows_eventchannel"
    },
    "id": "1779780243.15761882",
    "timestamp": "2026-05-26T07:24:03.405+0000"
  },
  {
    "input": {
      "type": "log"
    },
    "agent": {
      "ip": "172.25.107.70",
      "name": "SWE-11",
      "id": "044"
    },
    "manager": {
      "name": "wazuh.manager"
    },
    "data": {
      "win": {
        "eventdata": {
          "param5": "Neustart des Diensts",
          "binary": "74006100630074006900630061006C0072006D006D000000",
          "param3": "12000",
          "param4": "1",
          "param1": "TacticalRMM Agent Service",
          "param2": "1"
        },
        "system": {
          "eventID": "7031",
          "eventSourceName": "Service Control Manager",
          "keywords": "0x8080000000000000",
          "providerGuid": "{555908d1-a6d7-4695-8e1e-26931d2012f4}",
          "level": "2",
          "channel": "System",
          "opcode": "0",
          "message": "\"Der Dienst \"TacticalRMM Agent Service\" wurde unerwartet beendet. Dies ist bereits 1 Mal vorgekommen. Folgende Korrekturmaßnahmen werden in 12000 Millisekunden durchgeführt: Neustart des Diensts.\"",
          "version": "0",
          "systemTime": "2026-05-26T07:23:40.8786830Z",
          "eventRecordID": "119495",
          "threadID": "1976",
          "computer": "SWE-11.arzw.local",
          "task": "0",
          "processID": "888",
          "severityValue": "ERROR",
          "providerName": "Service Control Manager"
        }
      }
    },
    "rule": {
      "firedtimes": 65,
      "mail": false,
      "level": 5,
      "description": "TacticalRMM Agent Service terminated unexpectedly",
      "groups": [
        "windows",
        "windows_system"
      ],
      "id": "61107"
    },
    "location": "EventChannel",
    "decoder": {
      "name": "windows_eventchannel"
    },
    "id": "1779780221.15755213",
    "timestamp": "2026-05-26T07:23:41.085+0000"
  },
  {
    "input": {
      "type": "log"
    },
    "agent": {
      "ip": "172.25.107.70",
      "name": "SWE-11",
      "id": "044"
    },
    "manager": {
      "name": "wazuh.manager"
    },
    "data": {
      "win": {
        "eventdata": {
          "param5": "Neustart des Diensts",
          "binary": "74006100630074006900630061006C0072006D006D000000",
          "param3": "12000",
          "param4": "1",
          "param1": "TacticalRMM Agent Service",
          "param2": "1"
        },
        "system": {
          "eventID": "7031",
          "eventSourceName": "Service Control Manager",
          "keywords": "0x8080000000000000",
          "providerGuid": "{555908d1-a6d7-4695-8e1e-26931d2012f4}",
          "level": "2",
          "channel": "System",
          "opcode": "0",
          "message": "\"Der Dienst \"TacticalRMM Agent Service\" wurde unerwartet beendet. Dies ist bereits 1 Mal vorgekommen. Folgende Korrekturmaßnahmen werden in 12000 Millisekunden durchgeführt: Neustart des Diensts.\"",
          "version": "0",
          "systemTime": "2026-05-26T07:23:18.7850755Z",
          "eventRecordID": "119494",
          "threadID": "10576",
          "computer": "SWE-11.arzw.local",
          "task": "0",
          "processID": "888",
          "severityValue": "ERROR",
          "providerName": "Service Control Manager"
        }
      }
    },
    "rule": {
      "firedtimes": 64,
      "mail": false,
      "level": 5,
      "description": "TacticalRMM Agent Service terminated unexpectedly",
      "groups": [
        "windows",
        "windows_system"
      ],
      "id": "61107"
    },
    "location": "EventChannel",
    "decoder": {
      "name": "windows_eventchannel"
    },
    "id": "1779780199.15752080",
    "timestamp": "2026-05-26T07:23:19.772+0000"
  },
  {
    "input": {
      "type": "log"
    },
    "agent": {
      "ip": "172.25.107.70",
      "name": "SWE-11",
      "id": "044"
    },
    "manager": {
      "name": "wazuh.manager"
    },
    "data": {
      "win": {
        "eventdata": {
          "param5": "Neustart des Diensts",
          "binary": "74006100630074006900630061006C0072006D006D000000",
          "param3": "12000",
          "param4": "1",
          "param1": "TacticalRMM Agent Service",
          "param2": "1"
        },
        "system": {
          "eventID": "7031",
          "eventSourceName": "Service Control Manager",
          "keywords": "0x8080000000000000",
          "providerGuid": "{555908d1-a6d7-4695-8e1e-26931d2012f4}",
          "level": "2",
          "channel": "System",
          "opcode": "0",
          "message": "\"Der Dienst \"TacticalRMM Agent Service\" wurde unerwartet beendet. Dies ist bereits 1 Mal vorgekommen. Folgende Korrekturmaßnahmen werden in 12000 Millisekunden durchgeführt: Neustart des Diensts.\"",
          "version": "0",
          "systemTime": "2026-05-26T07:22:56.6980191Z",
          "eventRecordID": "119490",
          "threadID": "10576",
          "computer": "SWE-11.arzw.local",
          "task": "0",
          "processID": "888",
          "severityValue": "ERROR",
          "providerName": "Service Control Manager"
        }
      }
    },
    "rule": {
      "firedtimes": 63,
      "mail": false,
      "level": 5,
      "description": "TacticalRMM Agent Service terminated unexpectedly",
      "groups": [
        "windows",
        "windows_system"
      ],
      "id": "61107"
    },
    "location": "EventChannel",
    "decoder": {
      "name": "windows_eventchannel"
    },
    "id": "1779780177.15745677",
    "timestamp": "2026-05-26T07:22:57.674+0000"
  },
  {
    "input": {
      "type": "log"
    },
    "agent": {
      "ip": "172.25.107.70",
      "name": "SWE-11",
      "id": "044"
    },
    "manager": {
      "name": "wazuh.manager"
    },
    "data": {
      "win": {
        "eventdata": {
          "param5": "Neustart des Diensts",
          "binary": "74006100630074006900630061006C0072006D006D000000",
          "param3": "12000",
          "param4": "1",
          "param1": "TacticalRMM Agent Service",
          "param2": "1"
        },
        "system": {
          "eventID": "7031",
          "eventSourceName": "Service Control Manager",
          "keywords": "0x8080000000000000",
          "providerGuid": "{555908d1-a6d7-4695-8e1e-26931d2012f4}",
          "level": "2",
          "channel": "System",
          "opcode": "0",
          "message": "\"Der Dienst \"TacticalRMM Agent Service\" wurde unerwartet beendet. Dies ist bereits 1 Mal vorgekommen. Folgende Korrekturmaßnahmen werden in 12000 Millisekunden durchgeführt: Neustart des Diensts.\"",
          "version": "0",
          "systemTime": "2026-05-26T07:22:34.5835986Z",
          "eventRecordID": "119488",
          "threadID": "9088",
          "computer": "SWE-11.arzw.local",
          "task": "0",
          "processID": "888",
          "severityValue": "ERROR",
          "providerName": "Service Control Manager"
        }
      }
    },
    "rule": {
      "firedtimes": 62,
      "mail": false,
      "level": 5,
      "description": "TacticalRMM Agent Service terminated unexpectedly",
      "groups": [
        "windows",
        "windows_system"
      ],
      "id": "61107"
    },
    "location": "EventChannel",
    "decoder": {
      "name": "windows_eventchannel"
    },
    "id": "1779780155.15739285",
    "timestamp": "2026-05-26T07:22:35.458+0000"
  },
  {
    "input": {
      "type": "log"
    },
    "agent": {
      "ip": "172.25.107.70",
      "name": "SWE-11",
      "id": "044"
    },
    "manager": {
      "name": "wazuh.manager"
    },
    "data": {
      "win": {
        "eventdata": {
          "param5": "Neustart des Diensts",
          "binary": "74006100630074006900630061006C0072006D006D000000",
          "param3": "12000",
          "param4": "1",
          "param1": "TacticalRMM Agent Service",
          "param2": "1"
        },
        "system": {
          "eventID": "7031",
          "eventSourceName": "Service Control Manager",
          "keywords": "0x8080000000000000",
          "providerGuid": "{555908d1-a6d7-4695-8e1e-26931d2012f4}",
          "level": "2",
          "channel": "System",
          "opcode": "0",
          "message": "\"Der Dienst \"TacticalRMM Agent Service\" wurde unerwartet beendet. Dies ist bereits 1 Mal vorgekommen. Folgende Korrekturmaßnahmen werden in 12000 Millisekunden durchgeführt: Neustart des Diensts.\"",
          "version": "0",
          "systemTime": "2026-05-26T07:22:12.4836181Z",
          "eventRecordID": "119485",
          "threadID": "1976",
          "computer": "SWE-11.arzw.local",
          "task": "0",
          "processID": "888",
          "severityValue": "ERROR",
          "providerName": "Service Control Manager"
        }
      }
    },
    "rule": {
      "firedtimes": 61,
      "mail": false,
      "level": 5,
      "description": "TacticalRMM Agent Service terminated unexpectedly",
      "groups": [
        "windows",
        "windows_system"
      ],
      "id": "61107"
    },
    "location": "EventChannel",
    "decoder": {
      "name": "windows_eventchannel"
    },
    "id": "1779780133.15678547",
    "timestamp": "2026-05-26T07:22:13.469+0000"
  },
  {
    "input": {
      "type": "log"
    },
    "agent": {
      "ip": "172.25.107.70",
      "name": "SWE-11",
      "id": "044"
    },
    "manager": {
      "name": "wazuh.manager"
    },
    "data": {
      "win": {
        "eventdata": {
          "param5": "Neustart des Diensts",
          "binary": "74006100630074006900630061006C0072006D006D000000",
          "param3": "12000",
          "param4": "1",
          "param1": "TacticalRMM Agent Service",
          "param2": "1"
        },
        "system": {
          "eventID": "7031",
          "eventSourceName": "Service Control Manager",
          "keywords": "0x8080000000000000",
          "providerGuid": "{555908d1-a6d7-4695-8e1e-26931d2012f4}",
          "level": "2",
          "channel": "System",
          "opcode": "0",
          "message": "\"Der Dienst \"TacticalRMM Agent Service\" wurde unerwartet beendet. Dies ist bereits 1 Mal vorgekommen. Folgende Korrekturmaßnahmen werden in 12000 Millisekunden durchgeführt: Neustart des Diensts.\"",
          "version": "0",
          "systemTime": "2026-05-26T07:21:50.2493908Z",
          "eventRecordID": "119481",
          "threadID": "19488",
          "computer": "SWE-11.arzw.local",
          "task": "0",
          "processID": "888",
          "severityValue": "ERROR",
          "providerName": "Service Control Manager"
        }
      }
    },
    "rule": {
      "firedtimes": 60,
      "mail": false,
      "level": 5,
      "description": "TacticalRMM Agent Service terminated unexpectedly",
      "groups": [
        "windows",
        "windows_system"
      ],
      "id": "61107"
    },
    "location": "EventChannel",
    "decoder": {
      "name": "windows_eventchannel"
    },
    "id": "1779780111.15672171",
    "timestamp": "2026-05-26T07:21:51.193+0000"
  },
  {
    "input": {
      "type": "log"
    },
    "agent": {
      "ip": "172.25.107.70",
      "name": "SWE-11",
      "id": "044"
    },
    "manager": {
      "name": "wazuh.manager"
    },
    "data": {
      "win": {
        "eventdata": {
          "param5": "Neustart des Diensts",
          "binary": "74006100630074006900630061006C0072006D006D000000",
          "param3": "12000",
          "param4": "1",
          "param1": "TacticalRMM Agent Service",
          "param2": "1"
        },
        "system": {
          "eventID": "7031",
          "eventSourceName": "Service Control Manager",
          "keywords": "0x8080000000000000",
          "providerGuid": "{555908d1-a6d7-4695-8e1e-26931d2012f4}",
          "level": "2",
          "channel": "System",
          "opcode": "0",
          "message": "\"Der Dienst \"TacticalRMM Agent Service\" wurde unerwartet beendet. Dies ist bereits 1 Mal vorgekommen. Folgende Korrekturmaßnahmen werden in 12000 Millisekunden durchgeführt: Neustart des Diensts.\"",
          "version": "0",
          "systemTime": "2026-05-26T07:21:28.1464229Z",
          "eventRecordID": "119477",
          "threadID": "19488",
          "computer": "SWE-11.arzw.local",
          "task": "0",
          "processID": "888",
          "severityValue": "ERROR",
          "providerName": "Service Control Manager"
        }
      }
    },
    "rule": {
      "firedtimes": 59,
      "mail": false,
      "level": 5,
      "description": "TacticalRMM Agent Service terminated unexpectedly",
      "groups": [
        "windows",
        "windows_system"
      ],
      "id": "61107"
    },
    "location": "EventChannel",
    "decoder": {
      "name": "windows_eventchannel"
    },
    "id": "1779780088.15660848",
    "timestamp": "2026-05-26T07:21:28.806+0000"
  },
  {
    "input": {
      "type": "log"
    },
    "agent": {
      "ip": "172.25.107.70",
      "name": "SWE-11",
      "id": "044"
    },
    "manager": {
      "name": "wazuh.manager"
    },
    "data": {
      "win": {
        "eventdata": {
          "param5": "Neustart des Diensts",
          "binary": "74006100630074006900630061006C0072006D006D000000",
          "param3": "12000",
          "param4": "1",
          "param1": "TacticalRMM Agent Service",
          "param2": "1"
        },
        "system": {
          "eventID": "7031",
          "eventSourceName": "Service Control Manager",
          "keywords": "0x8080000000000000",
          "providerGuid": "{555908d1-a6d7-4695-8e1e-26931d2012f4}",
          "level": "2",
          "channel": "System",
          "opcode": "0",
          "message": "\"Der Dienst \"TacticalRMM Agent Service\" wurde unerwartet beendet. Dies ist bereits 1 Mal vorgekommen. Folgende Korrekturmaßnahmen werden in 12000 Millisekunden durchgeführt: Neustart des Diensts.\"",
          "version": "0",
          "systemTime": "2026-05-26T07:21:06.0487835Z",
          "eventRecordID": "119474",
          "threadID": "9088",
          "computer": "SWE-11.arzw.local",
          "task": "0",
          "processID": "888",
          "severityValue": "ERROR",
          "providerName": "Service Control Manager"
        }
      }
    },
    "rule": {
      "firedtimes": 58,
      "mail": false,
      "level": 5,
      "description": "TacticalRMM Agent Service terminated unexpectedly",
      "groups": [
        "windows",
        "windows_system"
      ],
      "id": "61107"
    },
    "location": "EventChannel",
    "decoder": {
      "name": "windows_eventchannel"
    },
    "id": "1779780067.15656069",
    "timestamp": "2026-05-26T07:21:07.038+0000"
  },
  {
    "input": {
      "type": "log"
    },
    "agent": {
      "ip": "172.25.107.70",
      "name": "SWE-11",
      "id": "044"
    },
    "manager": {
      "name": "wazuh.manager"
    },
    "data": {
      "win": {
        "eventdata": {
          "param5": "Neustart des Diensts",
          "binary": "74006100630074006900630061006C0072006D006D000000",
          "param3": "12000",
          "param4": "1",
          "param1": "TacticalRMM Agent Service",
          "param2": "1"
        },
        "system": {
          "eventID": "7031",
          "eventSourceName": "Service Control Manager",
          "keywords": "0x8080000000000000",
          "providerGuid": "{555908d1-a6d7-4695-8e1e-26931d2012f4}",
          "level": "2",
          "channel": "System",
          "opcode": "0",
          "message": "\"Der Dienst \"TacticalRMM Agent Service\" wurde unerwartet beendet. Dies ist bereits 1 Mal vorgekommen. Folgende Korrekturmaßnahmen werden in 12000 Millisekunden durchgeführt: Neustart des Diensts.\"",
          "version": "0",
          "systemTime": "2026-05-26T07:20:43.9626861Z",
          "eventRecordID": "119472",
          "threadID": "13404",
          "computer": "SWE-11.arzw.local",
          "task": "0",
          "processID": "888",
          "severityValue": "ERROR",
          "providerName": "Service Control Manager"
        }
      }
    },
    "rule": {
      "firedtimes": 57,
      "mail": false,
      "level": 5,
      "description": "TacticalRMM Agent Service terminated unexpectedly",
      "groups": [
        "windows",
        "windows_system"
      ],
      "id": "61107"
    },
    "location": "EventChannel",
    "decoder": {
      "name": "windows_eventchannel"
    },
    "id": "1779780044.15636468",
    "timestamp": "2026-05-26T07:20:44.027+0000"
  },
  {
    "input": {
      "type": "log"
    },
    "agent": {
      "ip": "172.25.107.70",
      "name": "SWE-11",
      "id": "044"
    },
    "manager": {
      "name": "wazuh.manager"
    },
    "data": {
      "win": {
        "eventdata": {
          "param5": "Neustart des Diensts",
          "binary": "74006100630074006900630061006C0072006D006D000000",
          "param3": "12000",
          "param4": "1",
          "param1": "TacticalRMM Agent Service",
          "param2": "1"
        },
        "system": {
          "eventID": "7031",
          "eventSourceName": "Service Control Manager",
          "keywords": "0x8080000000000000",
          "providerGuid": "{555908d1-a6d7-4695-8e1e-26931d2012f4}",
          "level": "2",
          "channel": "System",
          "opcode": "0",
          "message": "\"Der Dienst \"TacticalRMM Agent Service\" wurde unerwartet beendet. Dies ist bereits 1 Mal vorgekommen. Folgende Korrekturmaßnahmen werden in 12000 Millisekunden durchgeführt: Neustart des Diensts.\"",
          "version": "0",
          "systemTime": "2026-05-26T07:20:21.8677216Z",
          "eventRecordID": "119468",
          "threadID": "13404",
          "computer": "SWE-11.arzw.local",
          "task": "0",
          "processID": "888",
          "severityValue": "ERROR",
          "providerName": "Service Control Manager"
        }
      }
    },
    "rule": {
      "firedtimes": 56,
      "mail": false,
      "level": 5,
      "description": "TacticalRMM Agent Service terminated unexpectedly",
      "groups": [
        "windows",
        "windows_system"
      ],
      "id": "61107"
    },
    "location": "EventChannel",
    "decoder": {
      "name": "windows_eventchannel"
    },
    "id": "1779780022.15631714",
    "timestamp": "2026-05-26T07:20:22.858+0000"
  },
  {
    "input": {
      "type": "log"
    },
    "agent": {
      "ip": "172.25.107.70",
      "name": "SWE-11",
      "id": "044"
    },
    "manager": {
      "name": "wazuh.manager"
    },
    "data": {
      "win": {
        "eventdata": {
          "data": "IPv4, 9",
          "binary": "0000000003003000000000006F1000C002000000070001C000000000000000000000000000000000"
        },
        "system": {
          "eventID": "4207",
          "keywords": "0x80000000000000",
          "level": "2",
          "channel": "System",
          "opcode": "0",
          "message": "\"Die IPv4 TCP/IP-Schnittstelle mit dem Index 9 konnte nicht an den Anbieter gebunden werden.\"",
          "version": "0",
          "systemTime": "2026-05-26T07:20:06.1640105Z",
          "eventRecordID": "119464",
          "threadID": "6792",
          "computer": "SWE-11.arzw.local",
          "task": "0",
          "processID": "4",
          "severityValue": "ERROR",
          "providerName": "Tcpip"
        }
      }
    },
    "rule": {
      "firedtimes": 5,
      "mail": false,
      "level": 5,
      "description": "Windows System error event",
      "groups": [
        "windows",
        "windows_system",
        "system_error"
      ],
      "id": "61102",
      "gpg13": [
        "4.3"
      ],
      "gdpr": [
        "IV_35.7.d"
      ]
    },
    "location": "EventChannel",
    "decoder": {
      "name": "windows_eventchannel"
    },
    "id": "1779780007.15549689",
    "timestamp": "2026-05-26T07:20:07.155+0000"
  },
  {
    "input": {
      "type": "log"
    },
    "agent": {
      "ip": "172.25.107.70",
      "name": "SWE-11",
      "id": "044"
    },
    "manager": {
      "name": "wazuh.manager"
    },
    "data": {
      "win": {
        "eventdata": {
          "param5": "Neustart des Diensts",
          "binary": "74006100630074006900630061006C0072006D006D000000",
          "param3": "12000",
          "param4": "1",
          "param1": "TacticalRMM Agent Service",
          "param2": "1"
        },
        "system": {
          "eventID": "7031",
          "eventSourceName": "Service Control Manager",
          "keywords": "0x8080000000000000",
          "providerGuid": "{555908d1-a6d7-4695-8e1e-26931d2012f4}",
          "level": "2",
          "channel": "System",
          "opcode": "0",
          "message": "\"Der Dienst \"TacticalRMM Agent Service\" wurde unerwartet beendet. Dies ist bereits 1 Mal vorgekommen. Folgende Korrekturmaßnahmen werden in 12000 Millisekunden durchgeführt: Neustart des Diensts.\"",
          "version": "0",
          "systemTime": "2026-05-26T07:19:59.7718119Z",
          "eventRecordID": "119463",
          "threadID": "9088",
          "computer": "SWE-11.arzw.local",
          "task": "0",
          "processID": "888",
          "severityValue": "ERROR",
          "providerName": "Service Control Manager"
        }
      }
    },
    "rule": {
      "firedtimes": 55,
      "mail": false,
      "level": 5,
      "description": "TacticalRMM Agent Service terminated unexpectedly",
      "groups": [
        "windows",
        "windows_system"
      ],
      "id": "61107"
    },
    "location": "EventChannel",
    "decoder": {
      "name": "windows_eventchannel"
    },
    "id": "1779780000.15547662",
    "timestamp": "2026-05-26T07:20:00.763+0000"
  },
  {
    "input": {
      "type": "log"
    },
    "agent": {
      "ip": "172.25.107.70",
      "name": "SWE-11",
      "id": "044"
    },
    "manager": {
      "name": "wazuh.manager"
    },
    "data": {
      "win": {
        "eventdata": {
          "param5": "Neustart des Diensts",
          "binary": "74006100630074006900630061006C0072006D006D000000",
          "param3": "12000",
          "param4": "1",
          "param1": "TacticalRMM Agent Service",
          "param2": "1"
        },
        "system": {
          "eventID": "7031",
          "eventSourceName": "Service Control Manager",
          "keywords": "0x8080000000000000",
          "providerGuid": "{555908d1-a6d7-4695-8e1e-26931d2012f4}",
          "level": "2",
          "channel": "System",
          "opcode": "0",
          "message": "\"Der Dienst \"TacticalRMM Agent Service\" wurde unerwartet beendet. Dies ist bereits 1 Mal vorgekommen. Folgende Korrekturmaßnahmen werden in 12000 Millisekunden durchgeführt: Neustart des Diensts.\"",
          "version": "0",
          "systemTime": "2026-05-26T07:19:37.6807048Z",
          "eventRecordID": "119459",
          "threadID": "19488",
          "computer": "SWE-11.arzw.local",
          "task": "0",
          "processID": "888",
          "severityValue": "ERROR",
          "providerName": "Service Control Manager"
        }
      }
    },
    "rule": {
      "firedtimes": 54,
      "mail": false,
      "level": 5,
      "description": "TacticalRMM Agent Service terminated unexpectedly",
      "groups": [
        "windows",
        "windows_system"
      ],
      "id": "61107"
    },
    "location": "EventChannel",
    "decoder": {
      "name": "windows_eventchannel"
    },
    "id": "1779779978.15539100",
    "timestamp": "2026-05-26T07:19:38.668+0000"
  },
  {
    "input": {
      "type": "log"
    },
    "agent": {
      "ip": "172.25.107.70",
      "name": "SWE-11",
      "id": "044"
    },
    "manager": {
      "name": "wazuh.manager"
    },
    "data": {
      "win": {
        "eventdata": {
          "param5": "Neustart des Diensts",
          "binary": "74006100630074006900630061006C0072006D006D000000",
          "param3": "12000",
          "param4": "1",
          "param1": "TacticalRMM Agent Service",
          "param2": "1"
        },
        "system": {
          "eventID": "7031",
          "eventSourceName": "Service Control Manager",
          "keywords": "0x8080000000000000",
          "providerGuid": "{555908d1-a6d7-4695-8e1e-26931d2012f4}",
          "level": "2",
          "channel": "System",
          "opcode": "0",
          "message": "\"Der Dienst \"TacticalRMM Agent Service\" wurde unerwartet beendet. Dies ist bereits 1 Mal vorgekommen. Folgende Korrekturmaßnahmen werden in 12000 Millisekunden durchgeführt: Neustart des Diensts.\"",
          "version": "0",
          "systemTime": "2026-05-26T07:19:15.5884897Z",
          "eventRecordID": "119458",
          "threadID": "13404",
          "computer": "SWE-11.arzw.local",
          "task": "0",
          "processID": "888",
          "severityValue": "ERROR",
          "providerName": "Service Control Manager"
        }
      }
    },
    "rule": {
      "firedtimes": 53,
      "mail": false,
      "level": 5,
      "description": "TacticalRMM Agent Service terminated unexpectedly",
      "groups": [
        "windows",
        "windows_system"
      ],
      "id": "61107"
    },
    "location": "EventChannel",
    "decoder": {
      "name": "windows_eventchannel"
    },
    "id": "1779779956.15532705",
    "timestamp": "2026-05-26T07:19:16.325+0000"
  },
  {
    "input": {
      "type": "log"
    },
    "agent": {
      "ip": "172.25.107.70",
      "name": "SWE-11",
      "id": "044"
    },
    "manager": {
      "name": "wazuh.manager"
    },
    "data": {
      "win": {
        "eventdata": {
          "param5": "Neustart des Diensts",
          "binary": "74006100630074006900630061006C0072006D006D000000",
          "param3": "12000",
          "param4": "1",
          "param1": "TacticalRMM Agent Service",
          "param2": "1"
        },
        "system": {
          "eventID": "7031",
          "eventSourceName": "Service Control Manager",
          "keywords": "0x8080000000000000",
          "providerGuid": "{555908d1-a6d7-4695-8e1e-26931d2012f4}",
          "level": "2",
          "channel": "System",
          "opcode": "0",
          "message": "\"Der Dienst \"TacticalRMM Agent Service\" wurde unerwartet beendet. Dies ist bereits 1 Mal vorgekommen. Folgende Korrekturmaßnahmen werden in 12000 Millisekunden durchgeführt: Neustart des Diensts.\"",
          "version": "0",
          "systemTime": "2026-05-26T07:18:53.4861318Z",
          "eventRecordID": "119454",
          "threadID": "17760",
          "computer": "SWE-11.arzw.local",
          "task": "0",
          "processID": "888",
          "severityValue": "ERROR",
          "providerName": "Service Control Manager"
        }
      }
    },
    "rule": {
      "firedtimes": 52,
      "mail": false,
      "level": 5,
      "description": "TacticalRMM Agent Service terminated unexpectedly",
      "groups": [
        "windows",
        "windows_system"
      ],
      "id": "61107"
    },
    "location": "EventChannel",
    "decoder": {
      "name": "windows_eventchannel"
    },
    "id": "1779779934.15526053",
    "timestamp": "2026-05-26T07:18:54.102+0000"
  },
  {
    "input": {
      "type": "log"
    },
    "agent": {
      "ip": "172.25.107.70",
      "name": "SWE-11",
      "id": "044"
    },
    "manager": {
      "name": "wazuh.manager"
    },
    "data": {
      "win": {
        "eventdata": {
          "param5": "Neustart des Diensts",
          "binary": "74006100630074006900630061006C0072006D006D000000",
          "param3": "12000",
          "param4": "1",
          "param1": "TacticalRMM Agent Service",
          "param2": "1"
        },
        "system": {
          "eventID": "7031",
          "eventSourceName": "Service Control Manager",
          "keywords": "0x8080000000000000",
          "providerGuid": "{555908d1-a6d7-4695-8e1e-26931d2012f4}",
          "level": "2",
          "channel": "System",
          "opcode": "0",
          "message": "\"Der Dienst \"TacticalRMM Agent Service\" wurde unerwartet beendet. Dies ist bereits 1 Mal vorgekommen. Folgende Korrekturmaßnahmen werden in 12000 Millisekunden durchgeführt: Neustart des Diensts.\"",
          "version": "0",
          "systemTime": "2026-05-26T07:18:31.3952062Z",
          "eventRecordID": "119452",
          "threadID": "17760",
          "computer": "SWE-11.arzw.local",
          "task": "0",
          "processID": "888",
          "severityValue": "ERROR",
          "providerName": "Service Control Manager"
        }
      }
    },
    "rule": {
      "firedtimes": 51,
      "mail": false,
      "level": 5,
      "description": "TacticalRMM Agent Service terminated unexpectedly",
      "groups": [
        "windows",
        "windows_system"
      ],
      "id": "61107"
    },
    "location": "EventChannel",
    "decoder": {
      "name": "windows_eventchannel"
    },
    "id": "1779779912.15498644",
    "timestamp": "2026-05-26T07:18:32.372+0000"
  },
