  {
    "input": {
      "type": "log"
    },
    "agent": {
      "ip": "10.0.139.142",
      "name": "SWE-13",
      "id": "077"
    },
    "manager": {
      "name": "wazuh.manager"
    },
    "data": {
      "win": {
        "eventdata": {
          "subjectLogonId": "0x3e7",
          "subjectDomainName": "ARZW",
          "ipAddress": "127.0.0.1",
          "authenticationPackageName": "Negotiate",
          "workstationName": "SWE-13",
          "subStatus": "0x0",
          "logonProcessName": "User32",
          "targetUserName": "admin",
          "keyLength": "0",
          "subjectUserSid": "S-1-5-18",
          "processId": "0x678",
          "processName": "C:\\\\Windows\\\\System32\\\\svchost.exe",
          "ipPort": "0",
          "failureReason": "%%2304",
          "targetDomainName": "SWE.13",
          "targetUserSid": "S-1-0-0",
          "logonType": "2",
          "subjectUserName": "SWE-13$",
          "status": "0xc000005e"
        },
        "system": {
          "eventID": "4625",
          "keywords": "0x8010000000000000",
          "providerGuid": "{54849625-5478-4994-a5ba-3e3b0328c30d}",
          "level": "0",
          "channel": "Security",
          "opcode": "0",
          "message": "\"Fehler beim Anmelden eines Kontos.\r\n\r\nAntragsteller:\r\n\tSicherheits-ID:\t\tS-1-5-18\r\n\tKontoname:\t\tSWE-13$\r\n\tKontodomäne:\t\tARZW\r\n\tAnmelde-ID:\t\t0x3E7\r\n\r\nAnmeldetyp:\t\t\t2\r\n\r\nKonto, für das die Anmeldung fehlgeschlagen ist:\r\n\tSicherheits-ID:\t\tS-1-0-0\r\n\tKontoname:\t\tadmin\r\n\tKontodomäne:\t\tSWE.13\r\n\r\nFehlerinformationen:\r\n\tFehlerursache:\t\tBei der Anmeldung ist ein Fehler aufgetreten.\r\n\tStatus:\t\t\t0xC000005E\r\n\tUnterstatus::\t\t0x0\r\n\r\nProzessinformationen:\r\n\tAufrufprozess-ID:\t0x678\r\n\tAufrufprozessname:\tC:\\Windows\\System32\\svchost.exe\r\n\r\nNetzwerkinformationen:\r\n\tArbeitsstationsname:\tSWE-13\r\n\tQuellnetzwerkadresse:\t127.0.0.1\r\n\tQuellport:\t\t0\r\n\r\nDetaillierte Authentifizierungsinformationen:\r\n\tAnmeldeprozess:\t\tUser32 \r\n\tAuthentifizierungspaket:\tNegotiate\r\n\tÜbertragene Dienste:\t-\r\n\tPaketname (nur NTLM):\t-\r\n\tSchlüssellänge:\t\t0\r\n\r\nDieses Ereignis wird beim Erstellen einer Anmeldesitzung generiert. Es wird auf dem Computer generiert, auf den zugegriffen wurde.\r\n\r\nDie Antragstellerfelder geben das Konto auf dem lokalen System an, von dem die Anmeldung angefordert wurde. Dies ist meistens ein Dienst wie der Serverdienst oder ein lokaler Prozess wie \"Winlogon.exe\" oder \"Services.exe\".\r\n\r\nDas Anmeldetypfeld gibt den jeweiligen Anmeldetyp an. Die häufigsten Typen sind 2 (interaktiv) und 3 (Netzwerk).\r\n\r\nDie Felder für die Prozessinformationen geben den Prozess und das Konto an, für die die Anmeldung angefordert wurde.\r\n\r\nDie Netzwerkfelder geben die Quelle einer Remoteanmeldeanforderung an.  Der Arbeitsstationsname ist nicht immer verfügbar und kann in manchen Fällen leer bleiben.\r\n\r\nDie Felder für die Authentifizierungsinformationen enthalten detaillierte Informationen zu dieser speziellen Anmeldeanforderung.\r\n\t- Die übertragenen Dienste geben an, welche Zwischendienste an der Anmeldeanforderung beteiligt waren.\r\n\t- Der Paketname gibt das in den NTLM-Protokollen verwendete Unterprotokoll an.\r\n\t- Die Schlüssellänge gibt die Länge des generierten Sitzungsschlüssels an. Wenn kein Sitzungsschlüssel angefordert wurde, ist dieser Wert 0.\"",
          "version": "0",
          "systemTime": "2026-05-24T16:37:01.0028690Z",
          "eventRecordID": "2594215",
          "threadID": "11528",
          "computer": "SWE-13.arzw.local",
          "task": "12544",
          "processID": "1288",
          "severityValue": "AUDIT_FAILURE",
          "providerName": "Microsoft-Windows-Security-Auditing"
        }
      }
    },
    "rule": {
      "mail": false,
      "level": 5,
      "pci_dss": [
        "10.2.4",
        "10.2.5"
      ],
      "hipaa": [
        "164.312.b"
      ],
      "tsc": [
        "CC6.1",
        "CC6.8",
        "CC7.2",
        "CC7.3"
      ],
      "description": "Logon Failure - Unknown user or bad password",
      "groups": [
        "windows",
        "windows_security",
        "authentication_failed"
      ],
      "nist_800_53": [
        "AU.14",
        "AC.7"
      ],
      "gdpr": [
        "IV_35.7.d",
        "IV_32.2"
      ],
      "firedtimes": 6,
      "mitre": {
        "technique": [
          "Account Access Removal"
        ],
        "id": [
          "T1531"
        ],
        "tactic": [
          "Impact"
        ]
      },
      "id": "60122",
      "gpg13": [
        "7.1"
      ]
    },
    "location": "EventChannel",
    "decoder": {
      "name": "windows_eventchannel"
    },
    "id": "1779640836.10263500",
    "timestamp": "2026-05-24T16:40:36.707+0000"
  },
  {
    "input": {
      "type": "log"
    },
    "agent": {
      "ip": "10.0.139.142",
      "name": "SWE-13",
      "id": "077"
    },
    "manager": {
      "name": "wazuh.manager"
    },
    "data": {
      "win": {
        "eventdata": {
          "subjectLogonId": "0x3e7",
          "subjectDomainName": "ARZW",
          "ipAddress": "127.0.0.1",
          "authenticationPackageName": "Negotiate",
          "workstationName": "SWE-13",
          "subStatus": "0x0",
          "logonProcessName": "User32",
          "targetUserName": "admin",
          "keyLength": "0",
          "subjectUserSid": "S-1-5-18",
          "processId": "0x678",
          "processName": "C:\\\\Windows\\\\System32\\\\svchost.exe",
          "ipPort": "0",
          "failureReason": "%%2304",
          "targetDomainName": "SWE.13",
          "targetUserSid": "S-1-0-0",
          "logonType": "2",
          "subjectUserName": "SWE-13$",
          "status": "0xc000005e"
        },
        "system": {
          "eventID": "4625",
          "keywords": "0x8010000000000000",
          "providerGuid": "{54849625-5478-4994-a5ba-3e3b0328c30d}",
          "level": "0",
          "channel": "Security",
          "opcode": "0",
          "message": "\"Fehler beim Anmelden eines Kontos.\r\n\r\nAntragsteller:\r\n\tSicherheits-ID:\t\tS-1-5-18\r\n\tKontoname:\t\tSWE-13$\r\n\tKontodomäne:\t\tARZW\r\n\tAnmelde-ID:\t\t0x3E7\r\n\r\nAnmeldetyp:\t\t\t2\r\n\r\nKonto, für das die Anmeldung fehlgeschlagen ist:\r\n\tSicherheits-ID:\t\tS-1-0-0\r\n\tKontoname:\t\tadmin\r\n\tKontodomäne:\t\tSWE.13\r\n\r\nFehlerinformationen:\r\n\tFehlerursache:\t\tBei der Anmeldung ist ein Fehler aufgetreten.\r\n\tStatus:\t\t\t0xC000005E\r\n\tUnterstatus::\t\t0x0\r\n\r\nProzessinformationen:\r\n\tAufrufprozess-ID:\t0x678\r\n\tAufrufprozessname:\tC:\\Windows\\System32\\svchost.exe\r\n\r\nNetzwerkinformationen:\r\n\tArbeitsstationsname:\tSWE-13\r\n\tQuellnetzwerkadresse:\t127.0.0.1\r\n\tQuellport:\t\t0\r\n\r\nDetaillierte Authentifizierungsinformationen:\r\n\tAnmeldeprozess:\t\tUser32 \r\n\tAuthentifizierungspaket:\tNegotiate\r\n\tÜbertragene Dienste:\t-\r\n\tPaketname (nur NTLM):\t-\r\n\tSchlüssellänge:\t\t0\r\n\r\nDieses Ereignis wird beim Erstellen einer Anmeldesitzung generiert. Es wird auf dem Computer generiert, auf den zugegriffen wurde.\r\n\r\nDie Antragstellerfelder geben das Konto auf dem lokalen System an, von dem die Anmeldung angefordert wurde. Dies ist meistens ein Dienst wie der Serverdienst oder ein lokaler Prozess wie \"Winlogon.exe\" oder \"Services.exe\".\r\n\r\nDas Anmeldetypfeld gibt den jeweiligen Anmeldetyp an. Die häufigsten Typen sind 2 (interaktiv) und 3 (Netzwerk).\r\n\r\nDie Felder für die Prozessinformationen geben den Prozess und das Konto an, für die die Anmeldung angefordert wurde.\r\n\r\nDie Netzwerkfelder geben die Quelle einer Remoteanmeldeanforderung an.  Der Arbeitsstationsname ist nicht immer verfügbar und kann in manchen Fällen leer bleiben.\r\n\r\nDie Felder für die Authentifizierungsinformationen enthalten detaillierte Informationen zu dieser speziellen Anmeldeanforderung.\r\n\t- Die übertragenen Dienste geben an, welche Zwischendienste an der Anmeldeanforderung beteiligt waren.\r\n\t- Der Paketname gibt das in den NTLM-Protokollen verwendete Unterprotokoll an.\r\n\t- Die Schlüssellänge gibt die Länge des generierten Sitzungsschlüssels an. Wenn kein Sitzungsschlüssel angefordert wurde, ist dieser Wert 0.\"",
          "version": "0",
          "systemTime": "2026-05-24T16:36:58.7557295Z",
          "eventRecordID": "2594200",
          "threadID": "11528",
          "computer": "SWE-13.arzw.local",
          "task": "12544",
          "processID": "1288",
          "severityValue": "AUDIT_FAILURE",
          "providerName": "Microsoft-Windows-Security-Auditing"
        }
      }
    },
    "rule": {
      "mail": false,
      "level": 5,
      "pci_dss": [
        "10.2.4",
        "10.2.5"
      ],
      "hipaa": [
        "164.312.b"
      ],
      "tsc": [
        "CC6.1",
        "CC6.8",
        "CC7.2",
        "CC7.3"
      ],
      "description": "Logon Failure - Unknown user or bad password",
      "groups": [
        "windows",
        "windows_security",
        "authentication_failed"
      ],
      "nist_800_53": [
        "AU.14",
        "AC.7"
      ],
      "gdpr": [
        "IV_35.7.d",
        "IV_32.2"
      ],
      "firedtimes": 5,
      "mitre": {
        "technique": [
          "Account Access Removal"
        ],
        "id": [
          "T1531"
        ],
        "tactic": [
          "Impact"
        ]
      },
      "id": "60122",
      "gpg13": [
        "7.1"
      ]
    },
    "location": "EventChannel",
    "decoder": {
      "name": "windows_eventchannel"
    },
    "id": "1779640836.10256677",
    "timestamp": "2026-05-24T16:40:36.546+0000"
  },
  {
    "input": {
      "type": "log"
    },
    "agent": {
      "ip": "10.0.139.142",
      "name": "SWE-13",
      "id": "077"
    },
    "manager": {
      "name": "wazuh.manager"
    },
    "data": {
      "win": {
        "eventdata": {
          "subjectLogonId": "0x3e7",
          "subjectDomainName": "ARZW",
          "ipAddress": "127.0.0.1",
          "authenticationPackageName": "Negotiate",
          "workstationName": "SWE-13",
          "subStatus": "0x0",
          "logonProcessName": "User32",
          "targetUserName": "admin",
          "keyLength": "0",
          "subjectUserSid": "S-1-5-18",
          "processId": "0x678",
          "processName": "C:\\\\Windows\\\\System32\\\\svchost.exe",
          "ipPort": "0",
          "failureReason": "%%2304",
          "targetDomainName": "SWE.13",
          "targetUserSid": "S-1-0-0",
          "logonType": "2",
          "subjectUserName": "SWE-13$",
          "status": "0xc000005e"
        },
        "system": {
          "eventID": "4625",
          "keywords": "0x8010000000000000",
          "providerGuid": "{54849625-5478-4994-a5ba-3e3b0328c30d}",
          "level": "0",
          "channel": "Security",
          "opcode": "0",
          "message": "\"Fehler beim Anmelden eines Kontos.\r\n\r\nAntragsteller:\r\n\tSicherheits-ID:\t\tS-1-5-18\r\n\tKontoname:\t\tSWE-13$\r\n\tKontodomäne:\t\tARZW\r\n\tAnmelde-ID:\t\t0x3E7\r\n\r\nAnmeldetyp:\t\t\t2\r\n\r\nKonto, für das die Anmeldung fehlgeschlagen ist:\r\n\tSicherheits-ID:\t\tS-1-0-0\r\n\tKontoname:\t\tadmin\r\n\tKontodomäne:\t\tSWE.13\r\n\r\nFehlerinformationen:\r\n\tFehlerursache:\t\tBei der Anmeldung ist ein Fehler aufgetreten.\r\n\tStatus:\t\t\t0xC000005E\r\n\tUnterstatus::\t\t0x0\r\n\r\nProzessinformationen:\r\n\tAufrufprozess-ID:\t0x678\r\n\tAufrufprozessname:\tC:\\Windows\\System32\\svchost.exe\r\n\r\nNetzwerkinformationen:\r\n\tArbeitsstationsname:\tSWE-13\r\n\tQuellnetzwerkadresse:\t127.0.0.1\r\n\tQuellport:\t\t0\r\n\r\nDetaillierte Authentifizierungsinformationen:\r\n\tAnmeldeprozess:\t\tUser32 \r\n\tAuthentifizierungspaket:\tNegotiate\r\n\tÜbertragene Dienste:\t-\r\n\tPaketname (nur NTLM):\t-\r\n\tSchlüssellänge:\t\t0\r\n\r\nDieses Ereignis wird beim Erstellen einer Anmeldesitzung generiert. Es wird auf dem Computer generiert, auf den zugegriffen wurde.\r\n\r\nDie Antragstellerfelder geben das Konto auf dem lokalen System an, von dem die Anmeldung angefordert wurde. Dies ist meistens ein Dienst wie der Serverdienst oder ein lokaler Prozess wie \"Winlogon.exe\" oder \"Services.exe\".\r\n\r\nDas Anmeldetypfeld gibt den jeweiligen Anmeldetyp an. Die häufigsten Typen sind 2 (interaktiv) und 3 (Netzwerk).\r\n\r\nDie Felder für die Prozessinformationen geben den Prozess und das Konto an, für die die Anmeldung angefordert wurde.\r\n\r\nDie Netzwerkfelder geben die Quelle einer Remoteanmeldeanforderung an.  Der Arbeitsstationsname ist nicht immer verfügbar und kann in manchen Fällen leer bleiben.\r\n\r\nDie Felder für die Authentifizierungsinformationen enthalten detaillierte Informationen zu dieser speziellen Anmeldeanforderung.\r\n\t- Die übertragenen Dienste geben an, welche Zwischendienste an der Anmeldeanforderung beteiligt waren.\r\n\t- Der Paketname gibt das in den NTLM-Protokollen verwendete Unterprotokoll an.\r\n\t- Die Schlüssellänge gibt die Länge des generierten Sitzungsschlüssels an. Wenn kein Sitzungsschlüssel angefordert wurde, ist dieser Wert 0.\"",
          "version": "0",
          "systemTime": "2026-05-24T16:36:56.2673390Z",
          "eventRecordID": "2594196",
          "threadID": "11528",
          "computer": "SWE-13.arzw.local",
          "task": "12544",
          "processID": "1288",
          "severityValue": "AUDIT_FAILURE",
          "providerName": "Microsoft-Windows-Security-Auditing"
        }
      }
    },
    "rule": {
      "mail": false,
      "level": 5,
      "pci_dss": [
        "10.2.4",
        "10.2.5"
      ],
      "hipaa": [
        "164.312.b"
      ],
      "tsc": [
        "CC6.1",
        "CC6.8",
        "CC7.2",
        "CC7.3"
      ],
      "description": "Logon Failure - Unknown user or bad password",
      "groups": [
        "windows",
        "windows_security",
        "authentication_failed"
      ],
      "nist_800_53": [
        "AU.14",
        "AC.7"
      ],
      "gdpr": [
        "IV_35.7.d",
        "IV_32.2"
      ],
      "firedtimes": 4,
      "mitre": {
        "technique": [
          "Account Access Removal"
        ],
        "id": [
          "T1531"
        ],
        "tactic": [
          "Impact"
        ]
      },
      "id": "60122",
      "gpg13": [
        "7.1"
      ]
    },
    "location": "EventChannel",
    "decoder": {
      "name": "windows_eventchannel"
    },
    "id": "1779640836.10249854",
    "timestamp": "2026-05-24T16:40:36.524+0000"
  },
  {
    "input": {
      "type": "log"
    },
    "agent": {
      "ip": "10.0.139.142",
      "name": "SWE-13",
      "id": "077"
    },
    "manager": {
      "name": "wazuh.manager"
    },
    "data": {
      "win": {
        "eventdata": {
          "subjectLogonId": "0x3e7",
          "subjectDomainName": "ARZW",
          "ipAddress": "127.0.0.1",
          "authenticationPackageName": "Negotiate",
          "workstationName": "SWE-13",
          "subStatus": "0x0",
          "logonProcessName": "User32",
          "targetUserName": "admin",
          "keyLength": "0",
          "subjectUserSid": "S-1-5-18",
          "processId": "0x678",
          "processName": "C:\\\\Windows\\\\System32\\\\svchost.exe",
          "ipPort": "0",
          "failureReason": "%%2304",
          "targetDomainName": "SWE.13",
          "targetUserSid": "S-1-0-0",
          "logonType": "2",
          "subjectUserName": "SWE-13$",
          "status": "0xc000005e"
        },
        "system": {
          "eventID": "4625",
          "keywords": "0x8010000000000000",
          "providerGuid": "{54849625-5478-4994-a5ba-3e3b0328c30d}",
          "level": "0",
          "channel": "Security",
          "opcode": "0",
          "message": "\"Fehler beim Anmelden eines Kontos.\r\n\r\nAntragsteller:\r\n\tSicherheits-ID:\t\tS-1-5-18\r\n\tKontoname:\t\tSWE-13$\r\n\tKontodomäne:\t\tARZW\r\n\tAnmelde-ID:\t\t0x3E7\r\n\r\nAnmeldetyp:\t\t\t2\r\n\r\nKonto, für das die Anmeldung fehlgeschlagen ist:\r\n\tSicherheits-ID:\t\tS-1-0-0\r\n\tKontoname:\t\tadmin\r\n\tKontodomäne:\t\tSWE.13\r\n\r\nFehlerinformationen:\r\n\tFehlerursache:\t\tBei der Anmeldung ist ein Fehler aufgetreten.\r\n\tStatus:\t\t\t0xC000005E\r\n\tUnterstatus::\t\t0x0\r\n\r\nProzessinformationen:\r\n\tAufrufprozess-ID:\t0x678\r\n\tAufrufprozessname:\tC:\\Windows\\System32\\svchost.exe\r\n\r\nNetzwerkinformationen:\r\n\tArbeitsstationsname:\tSWE-13\r\n\tQuellnetzwerkadresse:\t127.0.0.1\r\n\tQuellport:\t\t0\r\n\r\nDetaillierte Authentifizierungsinformationen:\r\n\tAnmeldeprozess:\t\tUser32 \r\n\tAuthentifizierungspaket:\tNegotiate\r\n\tÜbertragene Dienste:\t-\r\n\tPaketname (nur NTLM):\t-\r\n\tSchlüssellänge:\t\t0\r\n\r\nDieses Ereignis wird beim Erstellen einer Anmeldesitzung generiert. Es wird auf dem Computer generiert, auf den zugegriffen wurde.\r\n\r\nDie Antragstellerfelder geben das Konto auf dem lokalen System an, von dem die Anmeldung angefordert wurde. Dies ist meistens ein Dienst wie der Serverdienst oder ein lokaler Prozess wie \"Winlogon.exe\" oder \"Services.exe\".\r\n\r\nDas Anmeldetypfeld gibt den jeweiligen Anmeldetyp an. Die häufigsten Typen sind 2 (interaktiv) und 3 (Netzwerk).\r\n\r\nDie Felder für die Prozessinformationen geben den Prozess und das Konto an, für die die Anmeldung angefordert wurde.\r\n\r\nDie Netzwerkfelder geben die Quelle einer Remoteanmeldeanforderung an.  Der Arbeitsstationsname ist nicht immer verfügbar und kann in manchen Fällen leer bleiben.\r\n\r\nDie Felder für die Authentifizierungsinformationen enthalten detaillierte Informationen zu dieser speziellen Anmeldeanforderung.\r\n\t- Die übertragenen Dienste geben an, welche Zwischendienste an der Anmeldeanforderung beteiligt waren.\r\n\t- Der Paketname gibt das in den NTLM-Protokollen verwendete Unterprotokoll an.\r\n\t- Die Schlüssellänge gibt die Länge des generierten Sitzungsschlüssels an. Wenn kein Sitzungsschlüssel angefordert wurde, ist dieser Wert 0.\"",
          "version": "0",
          "systemTime": "2026-05-24T16:36:37.7238731Z",
          "eventRecordID": "2594195",
          "threadID": "11544",
          "computer": "SWE-13.arzw.local",
          "task": "12544",
          "processID": "1288",
          "severityValue": "AUDIT_FAILURE",
          "providerName": "Microsoft-Windows-Security-Auditing"
        }
      }
    },
    "rule": {
      "mail": false,
      "level": 5,
      "pci_dss": [
        "10.2.4",
        "10.2.5"
      ],
      "hipaa": [
        "164.312.b"
      ],
      "tsc": [
        "CC6.1",
        "CC6.8",
        "CC7.2",
        "CC7.3"
      ],
      "description": "Logon Failure - Unknown user or bad password",
      "groups": [
        "windows",
        "windows_security",
        "authentication_failed"
      ],
      "nist_800_53": [
        "AU.14",
        "AC.7"
      ],
      "gdpr": [
        "IV_35.7.d",
        "IV_32.2"
      ],
      "firedtimes": 3,
      "mitre": {
        "technique": [
          "Account Access Removal"
        ],
        "id": [
          "T1531"
        ],
        "tactic": [
          "Impact"
        ]
      },
      "id": "60122",
      "gpg13": [
        "7.1"
      ]
    },
    "location": "EventChannel",
    "decoder": {
      "name": "windows_eventchannel"
    },
    "id": "1779640836.10243031",
    "timestamp": "2026-05-24T16:40:36.510+0000"
  },
  {
    "input": {
      "type": "log"
    },
    "agent": {
      "ip": "10.0.139.142",
      "name": "SWE-13",
      "id": "077"
    },
    "manager": {
      "name": "wazuh.manager"
    },
    "data": {
      "win": {
        "eventdata": {
          "subjectLogonId": "0x3e7",
          "subjectDomainName": "ARZW",
          "ipAddress": "127.0.0.1",
          "authenticationPackageName": "Negotiate",
          "workstationName": "SWE-13",
          "subStatus": "0x0",
          "logonProcessName": "User32",
          "targetUserName": "admin",
          "keyLength": "0",
          "subjectUserSid": "S-1-5-18",
          "processId": "0x678",
          "processName": "C:\\\\Windows\\\\System32\\\\svchost.exe",
          "ipPort": "0",
          "failureReason": "%%2304",
          "targetDomainName": "SWE.13",
          "targetUserSid": "S-1-0-0",
          "logonType": "2",
          "subjectUserName": "SWE-13$",
          "status": "0xc000005e"
        },
        "system": {
          "eventID": "4625",
          "keywords": "0x8010000000000000",
          "providerGuid": "{54849625-5478-4994-a5ba-3e3b0328c30d}",
          "level": "0",
          "channel": "Security",
          "opcode": "0",
          "message": "\"Fehler beim Anmelden eines Kontos.\r\n\r\nAntragsteller:\r\n\tSicherheits-ID:\t\tS-1-5-18\r\n\tKontoname:\t\tSWE-13$\r\n\tKontodomäne:\t\tARZW\r\n\tAnmelde-ID:\t\t0x3E7\r\n\r\nAnmeldetyp:\t\t\t2\r\n\r\nKonto, für das die Anmeldung fehlgeschlagen ist:\r\n\tSicherheits-ID:\t\tS-1-0-0\r\n\tKontoname:\t\tadmin\r\n\tKontodomäne:\t\tSWE.13\r\n\r\nFehlerinformationen:\r\n\tFehlerursache:\t\tBei der Anmeldung ist ein Fehler aufgetreten.\r\n\tStatus:\t\t\t0xC000005E\r\n\tUnterstatus::\t\t0x0\r\n\r\nProzessinformationen:\r\n\tAufrufprozess-ID:\t0x678\r\n\tAufrufprozessname:\tC:\\Windows\\System32\\svchost.exe\r\n\r\nNetzwerkinformationen:\r\n\tArbeitsstationsname:\tSWE-13\r\n\tQuellnetzwerkadresse:\t127.0.0.1\r\n\tQuellport:\t\t0\r\n\r\nDetaillierte Authentifizierungsinformationen:\r\n\tAnmeldeprozess:\t\tUser32 \r\n\tAuthentifizierungspaket:\tNegotiate\r\n\tÜbertragene Dienste:\t-\r\n\tPaketname (nur NTLM):\t-\r\n\tSchlüssellänge:\t\t0\r\n\r\nDieses Ereignis wird beim Erstellen einer Anmeldesitzung generiert. Es wird auf dem Computer generiert, auf den zugegriffen wurde.\r\n\r\nDie Antragstellerfelder geben das Konto auf dem lokalen System an, von dem die Anmeldung angefordert wurde. Dies ist meistens ein Dienst wie der Serverdienst oder ein lokaler Prozess wie \"Winlogon.exe\" oder \"Services.exe\".\r\n\r\nDas Anmeldetypfeld gibt den jeweiligen Anmeldetyp an. Die häufigsten Typen sind 2 (interaktiv) und 3 (Netzwerk).\r\n\r\nDie Felder für die Prozessinformationen geben den Prozess und das Konto an, für die die Anmeldung angefordert wurde.\r\n\r\nDie Netzwerkfelder geben die Quelle einer Remoteanmeldeanforderung an.  Der Arbeitsstationsname ist nicht immer verfügbar und kann in manchen Fällen leer bleiben.\r\n\r\nDie Felder für die Authentifizierungsinformationen enthalten detaillierte Informationen zu dieser speziellen Anmeldeanforderung.\r\n\t- Die übertragenen Dienste geben an, welche Zwischendienste an der Anmeldeanforderung beteiligt waren.\r\n\t- Der Paketname gibt das in den NTLM-Protokollen verwendete Unterprotokoll an.\r\n\t- Die Schlüssellänge gibt die Länge des generierten Sitzungsschlüssels an. Wenn kein Sitzungsschlüssel angefordert wurde, ist dieser Wert 0.\"",
          "version": "0",
          "systemTime": "2026-05-24T16:36:34.4566473Z",
          "eventRecordID": "2594194",
          "threadID": "1876",
          "computer": "SWE-13.arzw.local",
          "task": "12544",
          "processID": "1288",
          "severityValue": "AUDIT_FAILURE",
          "providerName": "Microsoft-Windows-Security-Auditing"
        }
      }
    },
    "rule": {
      "mail": false,
      "level": 5,
      "pci_dss": [
        "10.2.4",
        "10.2.5"
      ],
      "hipaa": [
        "164.312.b"
      ],
      "tsc": [
        "CC6.1",
        "CC6.8",
        "CC7.2",
        "CC7.3"
      ],
      "description": "Logon Failure - Unknown user or bad password",
      "groups": [
        "windows",
        "windows_security",
        "authentication_failed"
      ],
      "nist_800_53": [
        "AU.14",
        "AC.7"
      ],
      "gdpr": [
        "IV_35.7.d",
        "IV_32.2"
      ],
      "firedtimes": 2,
      "mitre": {
        "technique": [
          "Account Access Removal"
        ],
        "id": [
          "T1531"
        ],
        "tactic": [
          "Impact"
        ]
      },
      "id": "60122",
      "gpg13": [
        "7.1"
      ]
    },
    "location": "EventChannel",
    "decoder": {
      "name": "windows_eventchannel"
    },
    "id": "1779640836.10236210",
    "timestamp": "2026-05-24T16:40:36.509+0000"
  },
  {
    "input": {
      "type": "log"
    },
    "agent": {
      "ip": "10.0.139.142",
      "name": "SWE-13",
      "id": "077"
    },
    "manager": {
      "name": "wazuh.manager"
    },
    "data": {
      "win": {
        "eventdata": {
          "subjectLogonId": "0x3e7",
          "subjectDomainName": "ARZW",
          "ipAddress": "127.0.0.1",
          "authenticationPackageName": "Negotiate",
          "workstationName": "SWE-13",
          "subStatus": "0x0",
          "logonProcessName": "User32",
          "targetUserName": "admin",
          "keyLength": "0",
          "subjectUserSid": "S-1-5-18",
          "processId": "0x678",
          "processName": "C:\\\\Windows\\\\System32\\\\svchost.exe",
          "ipPort": "0",
          "failureReason": "%%2304",
          "targetDomainName": "SWE.13",
          "targetUserSid": "S-1-0-0",
          "logonType": "2",
          "subjectUserName": "SWE-13$",
          "status": "0xc000005e"
        },
        "system": {
          "eventID": "4625",
          "keywords": "0x8010000000000000",
          "providerGuid": "{54849625-5478-4994-a5ba-3e3b0328c30d}",
          "level": "0",
          "channel": "Security",
          "opcode": "0",
          "message": "\"Fehler beim Anmelden eines Kontos.\r\n\r\nAntragsteller:\r\n\tSicherheits-ID:\t\tS-1-5-18\r\n\tKontoname:\t\tSWE-13$\r\n\tKontodomäne:\t\tARZW\r\n\tAnmelde-ID:\t\t0x3E7\r\n\r\nAnmeldetyp:\t\t\t2\r\n\r\nKonto, für das die Anmeldung fehlgeschlagen ist:\r\n\tSicherheits-ID:\t\tS-1-0-0\r\n\tKontoname:\t\tadmin\r\n\tKontodomäne:\t\tSWE.13\r\n\r\nFehlerinformationen:\r\n\tFehlerursache:\t\tBei der Anmeldung ist ein Fehler aufgetreten.\r\n\tStatus:\t\t\t0xC000005E\r\n\tUnterstatus::\t\t0x0\r\n\r\nProzessinformationen:\r\n\tAufrufprozess-ID:\t0x678\r\n\tAufrufprozessname:\tC:\\Windows\\System32\\svchost.exe\r\n\r\nNetzwerkinformationen:\r\n\tArbeitsstationsname:\tSWE-13\r\n\tQuellnetzwerkadresse:\t127.0.0.1\r\n\tQuellport:\t\t0\r\n\r\nDetaillierte Authentifizierungsinformationen:\r\n\tAnmeldeprozess:\t\tUser32 \r\n\tAuthentifizierungspaket:\tNegotiate\r\n\tÜbertragene Dienste:\t-\r\n\tPaketname (nur NTLM):\t-\r\n\tSchlüssellänge:\t\t0\r\n\r\nDieses Ereignis wird beim Erstellen einer Anmeldesitzung generiert. Es wird auf dem Computer generiert, auf den zugegriffen wurde.\r\n\r\nDie Antragstellerfelder geben das Konto auf dem lokalen System an, von dem die Anmeldung angefordert wurde. Dies ist meistens ein Dienst wie der Serverdienst oder ein lokaler Prozess wie \"Winlogon.exe\" oder \"Services.exe\".\r\n\r\nDas Anmeldetypfeld gibt den jeweiligen Anmeldetyp an. Die häufigsten Typen sind 2 (interaktiv) und 3 (Netzwerk).\r\n\r\nDie Felder für die Prozessinformationen geben den Prozess und das Konto an, für die die Anmeldung angefordert wurde.\r\n\r\nDie Netzwerkfelder geben die Quelle einer Remoteanmeldeanforderung an.  Der Arbeitsstationsname ist nicht immer verfügbar und kann in manchen Fällen leer bleiben.\r\n\r\nDie Felder für die Authentifizierungsinformationen enthalten detaillierte Informationen zu dieser speziellen Anmeldeanforderung.\r\n\t- Die übertragenen Dienste geben an, welche Zwischendienste an der Anmeldeanforderung beteiligt waren.\r\n\t- Der Paketname gibt das in den NTLM-Protokollen verwendete Unterprotokoll an.\r\n\t- Die Schlüssellänge gibt die Länge des generierten Sitzungsschlüssels an. Wenn kein Sitzungsschlüssel angefordert wurde, ist dieser Wert 0.\"",
          "version": "0",
          "systemTime": "2026-05-24T16:36:27.6046820Z",
          "eventRecordID": "2594193",
          "threadID": "1876",
          "computer": "SWE-13.arzw.local",
          "task": "12544",
          "processID": "1288",
          "severityValue": "AUDIT_FAILURE",
          "providerName": "Microsoft-Windows-Security-Auditing"
        }
      }
    },
    "rule": {
      "mail": false,
      "level": 5,
      "pci_dss": [
        "10.2.4",
        "10.2.5"
      ],
      "hipaa": [
        "164.312.b"
      ],
      "tsc": [
        "CC6.1",
        "CC6.8",
        "CC7.2",
        "CC7.3"
      ],
      "description": "Logon Failure - Unknown user or bad password",
      "groups": [
        "windows",
        "windows_security",
        "authentication_failed"
      ],
      "nist_800_53": [
        "AU.14",
        "AC.7"
      ],
      "gdpr": [
        "IV_35.7.d",
        "IV_32.2"
      ],
      "firedtimes": 1,
      "mitre": {
        "technique": [
          "Account Access Removal"
        ],
        "id": [
          "T1531"
        ],
        "tactic": [
          "Impact"
        ]
      },
      "id": "60122",
      "gpg13": [
        "7.1"
      ]
    },
    "location": "EventChannel",
    "decoder": {
      "name": "windows_eventchannel"
    },
    "id": "1779640836.10229389",
    "timestamp": "2026-05-24T16:40:36.496+0000"
  },
  {
    "input": {
      "type": "log"
    },
    "agent": {
      "ip": "10.0.139.142",
      "name": "SWE-13",
      "id": "077"
    },
    "manager": {
      "name": "wazuh.manager"
    },
    "data": {
      "win": {
        "eventdata": {
          "subjectLogonId": "0x284179",
          "subjectUserSid": "S-1-5-83-1-1152992082-1108377067-3658821053-10924652",
          "subjectDomainName": "NT VIRTUAL MACHINE",
          "privilegeList": "SeImpersonatePrivilege",
          "subjectUserName": "44B94352-7DEB-4210-BD2D-15DA6CB2A600"
        },
        "system": {
          "eventID": "4672",
          "keywords": "0x8020000000000000",
          "providerGuid": "{54849625-5478-4994-a5ba-3e3b0328c30d}",
          "level": "0",
          "channel": "Security",
          "opcode": "0",
          "message": "\"Einer neuen Anmeldung wurden besondere Rechte zugewiesen.\r\n\r\nAntragsteller:\r\n\tSicherheits-ID:\t\tS-1-5-83-1-1152992082-1108377067-3658821053-10924652\r\n\tKontoname:\t\t44B94352-7DEB-4210-BD2D-15DA6CB2A600\r\n\tKontodomäne:\t\tNT VIRTUAL MACHINE\r\n\tAnmelde-ID:\t\t0x284179\r\n\r\nBerechtigungen:\t\tSeImpersonatePrivilege\"",
          "version": "0",
          "systemTime": "2026-05-24T16:35:38.8714479Z",
          "eventRecordID": "2594190",
          "threadID": "1376",
          "computer": "SWE-13.arzw.local",
          "task": "12548",
          "processID": "1288",
          "severityValue": "AUDIT_SUCCESS",
          "providerName": "Microsoft-Windows-Security-Auditing"
        }
      }
    },
    "rule": {
      "firedtimes": 2,
      "mail": false,
      "level": 3,
      "description": "Special privileges assigned to new logon.",
      "groups": [
        "windows",
        " WEF"
      ],
      "mitre": {
        "technique": [
          "Domain Policy Modification"
        ],
        "id": [
          "T1484"
        ],
        "tactic": [
          "Defense Evasion",
          "Privilege Escalation"
        ]
      },
      "id": "67028"
    },
    "location": "EventChannel",
    "decoder": {
      "name": "windows_eventchannel"
    },
    "id": "1779640836.10227060",
    "timestamp": "2026-05-24T16:40:36.488+0000"
  },
  {
    "input": {
      "type": "log"
    },
    "agent": {
      "ip": "10.0.139.142",
      "name": "SWE-13",
      "id": "077"
    },
    "manager": {
      "name": "wazuh.manager"
    },
    "data": {
      "win": {
        "eventdata": {
          "subjectLogonId": "0x3e7",
          "subjectDomainName": "ARZW",
          "targetLinkedLogonId": "0x0",
          "impersonationLevel": "%%1833",
          "authenticationPackageName": "Negotiate",
          "targetLogonId": "0x284179",
          "logonProcessName": "Advapi",
          "logonGuid": "{00000000-0000-0000-0000-000000000000}",
          "targetUserName": "44B94352-7DEB-4210-BD2D-15DA6CB2A600",
          "keyLength": "0",
          "elevatedToken": "%%1842",
          "subjectUserSid": "S-1-5-18",
          "processId": "0x1154",
          "processName": "C:\\\\Windows\\\\System32\\\\vmcompute.exe",
          "targetDomainName": "NT VIRTUAL MACHINE",
          "targetUserSid": "S-1-5-83-1-1152992082-1108377067-3658821053-10924652",
          "virtualAccount": "%%1842",
          "logonType": "5",
          "subjectUserName": "SWE-13$"
        },
        "system": {
          "eventID": "4624",
          "keywords": "0x8020000000000000",
          "providerGuid": "{54849625-5478-4994-a5ba-3e3b0328c30d}",
          "level": "0",
          "channel": "Security",
          "opcode": "0",
          "message": "\"Ein Konto wurde erfolgreich angemeldet.\r\n\r\nAntragsteller:\r\n\tSicherheits-ID:\t\tS-1-5-18\r\n\tKontoname:\t\tSWE-13$\r\n\tKontodomäne:\t\tARZW\r\n\tAnmelde-ID:\t\t0x3E7\r\n\r\nAnmeldeinformationen:\r\n\tAnmeldetyp:\t\t5\r\n\tEingeschränkter Administratormodus:\t-\r\n\tRemote Credential Guard:\t-\r\n\tVirtuelles Konto:\t\tJa\r\n\tToken mit erhöhten Rechten:\t\tJa\r\n\r\nIdentitätswechselebene:\t\tIdentitätswechsel\r\n\r\nNeue Anmeldung:\r\n\tSicherheits-ID:\t\tS-1-5-83-1-1152992082-1108377067-3658821053-10924652\r\n\tKontoname:\t\t44B94352-7DEB-4210-BD2D-15DA6CB2A600\r\n\tKontodomäne:\t\tNT VIRTUAL MACHINE\r\n\tAnmelde-ID:\t\t0x284179\r\n\tVerknüpfte Anmelde-ID:\t\t0x0\r\n\tNetzwerk-Kontoname:\t-\r\n\tNetzwerk-Kontodomäne:\t-\r\n\tAnmelde-GUID:\t\t{00000000-0000-0000-0000-000000000000}\r\n\r\nProzessinformationen:\r\n\tProzess-ID:\t\t0x1154\r\n\tProzessname:\t\tC:\\Windows\\System32\\vmcompute.exe\r\n\r\nNetzwerkinformationen:\r\n\tArbeitsstationsname:\t-\r\n\tQuellnetzwerkadresse:\t-\r\n\tQuellport:\t\t-\r\n\r\nDetaillierte Authentifizierungsinformationen:\r\n\tAnmeldeprozess:\t\tAdvapi  \r\n\tAuthentifizierungspaket:\tNegotiate\r\n\tÜbertragene Dienste:\t-\r\n\tPaketname (nur NTLM):\t-\r\n\tSchlüssellänge:\t\t0\r\n\r\nDieses Ereignis wird beim Erstellen einer Anmeldesitzung generiert. Es wird auf dem Computer generiert, auf den zugegriffen wurde.\r\n\r\nDie Antragstellerfelder geben das Konto auf dem lokalen System an, von dem die Anmeldung angefordert wurde. Dies ist meistens ein Dienst wie der Serverdienst oder ein lokaler Prozess wie Winlogon.exe oder Services.exe.\r\n\r\nDas Anmeldetypfeld gibt den jeweiligen Anmeldetyp an. Die häufigsten Typen sind 2 (interaktiv) und 3 (Netzwerk).\r\n\r\nDie Felder für die neue Anmeldung geben das Konto an, für das die neue Anmeldung erstellt wurde, d. h. das angemeldete Konto.\r\n\r\nDie Netzwerkfelder geben den Ursprung einer Remoteanmeldeanforderung an. Der Arbeitsstationsname ist nicht immer verfügbar und kann in manchen Fällen leer bleiben.\r\n\r\nDas Feld für die Identitätswechselebene gibt an, in welchem Umfang ein Prozess in der Anmeldesitzung einen Identitätswechsel vornehmen kann.\r\n\r\nDie Felder für die Authentifizierungsinformationen enthalten detaillierte Informationen zu dieser spezifische Anmeldeanforderung.\r\n\t– Die Anmelde-GUID ist ein eindeutiger Bezeichner, der verwendet werden kann, um dieses Ereignis mit einem KDC-Ereignis zu korrelieren.\r\n\t– Die übertragenen Dienste geben an, welche Zwischendienste an der Anmeldeanforderung beteiligt waren.\r\n\t– Der Paketname gibt das in den NTLM-Protokollen verwendete Unterprotokoll an.\r\n\t– Die Schlüssellänge gibt die Länge des generierten Sitzungsschlüssels an. Wenn kein Sitzungsschlüssel angefordert wurde, ist dieser Wert 0.\"",
          "version": "3",
          "systemTime": "2026-05-24T16:35:38.8714445Z",
          "eventRecordID": "2594189",
          "threadID": "1376",
          "computer": "SWE-13.arzw.local",
          "task": "12544",
          "processID": "1288",
          "severityValue": "AUDIT_SUCCESS",
          "providerName": "Microsoft-Windows-Security-Auditing"
        }
      }
    },
    "rule": {
      "firedtimes": 2,
      "mail": false,
      "level": 3,
      "description": "Service logon event registered from non standard service account.",
      "groups": [
        "windows",
        " WEF"
      ],
      "id": "67024"
    },
    "location": "EventChannel",
    "decoder": {
      "name": "windows_eventchannel"
    },
    "id": "1779640836.10218934",
    "timestamp": "2026-05-24T16:40:36.471+0000"
  },
  {
    "input": {
      "type": "log"
    },
    "agent": {
      "ip": "10.0.139.142",
      "name": "SWE-13",
      "id": "077"
    },
    "manager": {
      "name": "wazuh.manager"
    },
    "data": {
      "win": {
        "eventdata": {
          "subjectLogonId": "0x7f7e9",
          "subjectUserSid": "S-1-5-83-1-2197342826-1161222041-4098061738-1100311404",
          "subjectDomainName": "NT VIRTUAL MACHINE",
          "privilegeList": "SeImpersonatePrivilege",
          "subjectUserName": "82F8CA6A-D799-4536-AA75-43F46C6B9541"
        },
        "system": {
          "eventID": "4672",
          "keywords": "0x8020000000000000",
          "providerGuid": "{54849625-5478-4994-a5ba-3e3b0328c30d}",
          "level": "0",
          "channel": "Security",
          "opcode": "0",
          "message": "\"Einer neuen Anmeldung wurden besondere Rechte zugewiesen.\r\n\r\nAntragsteller:\r\n\tSicherheits-ID:\t\tS-1-5-83-1-2197342826-1161222041-4098061738-1100311404\r\n\tKontoname:\t\t82F8CA6A-D799-4536-AA75-43F46C6B9541\r\n\tKontodomäne:\t\tNT VIRTUAL MACHINE\r\n\tAnmelde-ID:\t\t0x7F7E9\r\n\r\nBerechtigungen:\t\tSeImpersonatePrivilege\"",
          "version": "0",
          "systemTime": "2026-05-24T16:34:55.4117121Z",
          "eventRecordID": "2594096",
          "threadID": "1344",
          "computer": "SWE-13.arzw.local",
          "task": "12548",
          "processID": "1288",
          "severityValue": "AUDIT_SUCCESS",
          "providerName": "Microsoft-Windows-Security-Auditing"
        }
      }
    },
    "rule": {
      "firedtimes": 1,
      "mail": false,
      "level": 3,
      "description": "Special privileges assigned to new logon.",
      "groups": [
        "windows",
        " WEF"
      ],
      "mitre": {
        "technique": [
          "Domain Policy Modification"
        ],
        "id": [
          "T1484"
        ],
        "tactic": [
          "Defense Evasion",
          "Privilege Escalation"
        ]
      },
      "id": "67028"
    },
    "location": "EventChannel",
    "decoder": {
      "name": "windows_eventchannel"
    },
    "id": "1779640835.10216601",
    "timestamp": "2026-05-24T16:40:35.688+0000"
  },
  {
    "input": {
      "type": "log"
    },
    "agent": {
      "ip": "10.0.139.142",
      "name": "SWE-13",
      "id": "077"
    },
    "manager": {
      "name": "wazuh.manager"
    },
    "data": {
      "win": {
        "eventdata": {
          "subjectLogonId": "0x3e7",
          "subjectDomainName": "ARZW",
          "targetLinkedLogonId": "0x0",
          "impersonationLevel": "%%1833",
          "authenticationPackageName": "Negotiate",
          "targetLogonId": "0x7f7e9",
          "logonProcessName": "Advapi",
          "logonGuid": "{00000000-0000-0000-0000-000000000000}",
          "targetUserName": "82F8CA6A-D799-4536-AA75-43F46C6B9541",
          "keyLength": "0",
          "elevatedToken": "%%1842",
          "subjectUserSid": "S-1-5-18",
          "processId": "0x1154",
          "processName": "C:\\\\Windows\\\\System32\\\\vmcompute.exe",
          "targetDomainName": "NT VIRTUAL MACHINE",
          "targetUserSid": "S-1-5-83-1-2197342826-1161222041-4098061738-1100311404",
          "virtualAccount": "%%1842",
          "logonType": "5",
          "subjectUserName": "SWE-13$"
        },
        "system": {
          "eventID": "4624",
          "keywords": "0x8020000000000000",
          "providerGuid": "{54849625-5478-4994-a5ba-3e3b0328c30d}",
          "level": "0",
          "channel": "Security",
          "opcode": "0",
          "message": "\"Ein Konto wurde erfolgreich angemeldet.\r\n\r\nAntragsteller:\r\n\tSicherheits-ID:\t\tS-1-5-18\r\n\tKontoname:\t\tSWE-13$\r\n\tKontodomäne:\t\tARZW\r\n\tAnmelde-ID:\t\t0x3E7\r\n\r\nAnmeldeinformationen:\r\n\tAnmeldetyp:\t\t5\r\n\tEingeschränkter Administratormodus:\t-\r\n\tRemote Credential Guard:\t-\r\n\tVirtuelles Konto:\t\tJa\r\n\tToken mit erhöhten Rechten:\t\tJa\r\n\r\nIdentitätswechselebene:\t\tIdentitätswechsel\r\n\r\nNeue Anmeldung:\r\n\tSicherheits-ID:\t\tS-1-5-83-1-2197342826-1161222041-4098061738-1100311404\r\n\tKontoname:\t\t82F8CA6A-D799-4536-AA75-43F46C6B9541\r\n\tKontodomäne:\t\tNT VIRTUAL MACHINE\r\n\tAnmelde-ID:\t\t0x7F7E9\r\n\tVerknüpfte Anmelde-ID:\t\t0x0\r\n\tNetzwerk-Kontoname:\t-\r\n\tNetzwerk-Kontodomäne:\t-\r\n\tAnmelde-GUID:\t\t{00000000-0000-0000-0000-000000000000}\r\n\r\nProzessinformationen:\r\n\tProzess-ID:\t\t0x1154\r\n\tProzessname:\t\tC:\\Windows\\System32\\vmcompute.exe\r\n\r\nNetzwerkinformationen:\r\n\tArbeitsstationsname:\t-\r\n\tQuellnetzwerkadresse:\t-\r\n\tQuellport:\t\t-\r\n\r\nDetaillierte Authentifizierungsinformationen:\r\n\tAnmeldeprozess:\t\tAdvapi  \r\n\tAuthentifizierungspaket:\tNegotiate\r\n\tÜbertragene Dienste:\t-\r\n\tPaketname (nur NTLM):\t-\r\n\tSchlüssellänge:\t\t0\r\n\r\nDieses Ereignis wird beim Erstellen einer Anmeldesitzung generiert. Es wird auf dem Computer generiert, auf den zugegriffen wurde.\r\n\r\nDie Antragstellerfelder geben das Konto auf dem lokalen System an, von dem die Anmeldung angefordert wurde. Dies ist meistens ein Dienst wie der Serverdienst oder ein lokaler Prozess wie Winlogon.exe oder Services.exe.\r\n\r\nDas Anmeldetypfeld gibt den jeweiligen Anmeldetyp an. Die häufigsten Typen sind 2 (interaktiv) und 3 (Netzwerk).\r\n\r\nDie Felder für die neue Anmeldung geben das Konto an, für das die neue Anmeldung erstellt wurde, d. h. das angemeldete Konto.\r\n\r\nDie Netzwerkfelder geben den Ursprung einer Remoteanmeldeanforderung an. Der Arbeitsstationsname ist nicht immer verfügbar und kann in manchen Fällen leer bleiben.\r\n\r\nDas Feld für die Identitätswechselebene gibt an, in welchem Umfang ein Prozess in der Anmeldesitzung einen Identitätswechsel vornehmen kann.\r\n\r\nDie Felder für die Authentifizierungsinformationen enthalten detaillierte Informationen zu dieser spezifische Anmeldeanforderung.\r\n\t– Die Anmelde-GUID ist ein eindeutiger Bezeichner, der verwendet werden kann, um dieses Ereignis mit einem KDC-Ereignis zu korrelieren.\r\n\t– Die übertragenen Dienste geben an, welche Zwischendienste an der Anmeldeanforderung beteiligt waren.\r\n\t– Der Paketname gibt das in den NTLM-Protokollen verwendete Unterprotokoll an.\r\n\t– Die Schlüssellänge gibt die Länge des generierten Sitzungsschlüssels an. Wenn kein Sitzungsschlüssel angefordert wurde, ist dieser Wert 0.\"",
          "version": "3",
          "systemTime": "2026-05-24T16:34:55.4117049Z",
          "eventRecordID": "2594095",
          "threadID": "1344",
          "computer": "SWE-13.arzw.local",
          "task": "12544",
          "processID": "1288",
          "severityValue": "AUDIT_SUCCESS",
          "providerName": "Microsoft-Windows-Security-Auditing"
        }
      }
    },
    "rule": {
      "firedtimes": 1,
      "mail": false,
      "level": 3,
      "description": "Service logon event registered from non standard service account.",
      "groups": [
        "windows",
        " WEF"
      ],
      "id": "67024"
    },
    "location": "EventChannel",
    "decoder": {
      "name": "windows_eventchannel"
    },
    "id": "1779640835.10208471",
    "timestamp": "2026-05-24T16:40:35.672+0000"
  },
  {
    "input": {
      "type": "log"
    },
    "agent": {
      "ip": "10.0.139.142",
      "name": "SWE-13",
      "id": "077"
    },
    "manager": {
      "name": "wazuh.manager"
    },
    "data": {
      "win": {
        "eventdata": {
          "bucketId": "9fa76218771caffd375f149e020ad266243d1ea586983821418656053d29756b",
          "deviceAttributes": "BaseBoardManufacturer:Standard;FirmwareManufacturer:American Megatrends International, LLC.;FirmwareVersion:N.1.09STD01;OEMModelNumber:Standard;OEMModelBaseBoard:Standard;OEMModelSystemFamily:RPL;OEMManufacturerName:Standard;OEMModelSKU:0001;OSArchitecture:amd64;"
        },
        "system": {
          "eventID": "1801",
          "keywords": "0x8000000000000000",
          "providerGuid": "{7d5387b0-cbe0-11da-a94d-0800200c9a66}",
          "level": "2",
          "channel": "System",
          "opcode": "0",
          "message": "\"Aktualisierte Zertifikate für den sicheren Start sind auf diesem Gerät verfügbar, wurden aber noch nicht auf die Firmware angewendet. Lesen Sie den veröffentlichten Leitfaden, um das Update abzuschließen und den vollständigen Schutz aufrechtzuerhalten. Diese Gerätesignaturinformationen sind hier enthalten.\r\nDeviceAttributes: BaseBoardManufacturer:Standard;FirmwareManufacturer:American Megatrends International, LLC.;FirmwareVersion:N.1.09STD01;OEMModelNumber:Standard;OEMModelBaseBoard:Standard;OEMModelSystemFamily:RPL;OEMManufacturerName:Standard;OEMModelSKU:0001;OSArchitecture:amd64;\r\nBucketId: 9fa76218771caffd375f149e020ad266243d1ea586983821418656053d29756b\r\nBucketConfidenceLevel: \r\nUpdateType: \r\nWeitere Informationen finden Sie unter https://go.microsoft.com/fwlink/?linkid=2301018.\"",
          "version": "2",
          "systemTime": "2026-05-24T16:40:20.7290575Z",
          "eventRecordID": "73515",
          "threadID": "16756",
          "computer": "SWE-13.arzw.local",
          "task": "0",
          "processID": "16616",
          "severityValue": "ERROR",
          "providerName": "Microsoft-Windows-TPM-WMI"
        }
      }
    },
    "rule": {
      "firedtimes": 7,
      "mail": false,
      "level": 5,
      "description": "Windows System error event",
      "groups": [
        "windows",
        "windows_system",
        "system_error"
      ],
      "id": "61102",
      "gpg13": [
        "4.3"
      ],
      "gdpr": [
        "IV_35.7.d"
      ]
    },
    "location": "EventChannel",
    "decoder": {
      "name": "windows_eventchannel"
    },
    "id": "1779640835.10204961",
    "timestamp": "2026-05-24T16:40:35.562+0000"
  },
  {
    "input": {
      "type": "log"
    },
    "agent": {
      "ip": "10.0.139.142",
      "name": "SWE-13",
      "id": "077"
    },
    "manager": {
      "name": "wazuh.manager"
    },
    "data": {
      "win": {
        "eventdata": {
          "param3": "Automatisch starten",
          "param4": "BITS",
          "param1": "Background Intelligent Transfer Service",
          "param2": "Manuell starten"
        },
        "system": {
          "eventID": "7040",
          "eventSourceName": "Service Control Manager",
          "keywords": "0x8080000000000000",
          "providerGuid": "{555908d1-a6d7-4695-8e1e-26931d2012f4}",
          "level": "4",
          "channel": "System",
          "opcode": "0",
          "message": "\"Der Starttyp des Diensts \"Background Intelligent Transfer Service\" wurde von Manuell starten in Automatisch starten geändert.\"",
          "version": "0",
          "systemTime": "2026-05-24T16:39:36.2950610Z",
          "eventRecordID": "73514",
          "threadID": "8960",
          "computer": "SWE-13.arzw.local",
          "task": "0",
          "processID": "1260",
          "severityValue": "INFORMATION",
          "providerName": "Service Control Manager"
        }
      }
    },
    "rule": {
      "firedtimes": 11,
      "mail": false,
      "level": 3,
      "pci_dss": [
        "10.6"
      ],
      "hipaa": [
        "164.312.b"
      ],
      "tsc": [
        "CC6.1",
        "CC6.8",
        "CC7.2",
        "CC7.3"
      ],
      "description": "Service startup type was changed",
      "groups": [
        "windows",
        "windows_system",
        "policy_changed"
      ],
      "id": "61104",
      "nist_800_53": [
        "AU.6"
      ],
      "info": "This does not appear to be logged on Windows 2000",
      "gdpr": [
        "IV_35.7.d"
      ]
    },
    "location": "EventChannel",
    "decoder": {
      "name": "windows_eventchannel"
    },
    "id": "1779640835.10203079",
    "timestamp": "2026-05-24T16:40:35.549+0000"
  },
