  {
    "input": {
      "type": "log"
    },
    "agent": {
      "ip": "172.21.5.111",
      "name": "SWE-13",
      "id": "077"
    },
    "manager": {
      "name": "wazuh.manager"
    },
    "data": {
      "win": {
        "eventdata": {
          "subjectLogonId": "0x3e7",
          "subjectDomainName": "ARZW",
          "targetLinkedLogonId": "0x0",
          "impersonationLevel": "%%1833",
          "authenticationPackageName": "Negotiate",
          "targetLogonId": "0x10a06d0",
          "logonProcessName": "Advapi",
          "logonGuid": "{00000000-0000-0000-0000-000000000000}",
          "targetUserName": "53F63E45-35C8-492A-BB3B-4BF9FC7B9A92",
          "keyLength": "0",
          "elevatedToken": "%%1842",
          "subjectUserSid": "S-1-5-18",
          "processId": "0xe38",
          "processName": "C:\\\\Windows\\\\System32\\\\vmms.exe",
          "targetDomainName": "NT VIRTUAL MACHINE",
          "targetUserSid": "S-1-5-83-1-1408646725-1227503048-4182457275-2459597820",
          "virtualAccount": "%%1842",
          "logonType": "5",
          "subjectUserName": "SWE-13$"
        },
        "system": {
          "eventID": "4624",
          "keywords": "0x8020000000000000",
          "providerGuid": "{54849625-5478-4994-a5ba-3e3b0328c30d}",
          "level": "0",
          "channel": "Security",
          "opcode": "0",
          "message": "\"Ein Konto wurde erfolgreich angemeldet.\r\n\r\nAntragsteller:\r\n\tSicherheits-ID:\t\tS-1-5-18\r\n\tKontoname:\t\tSWE-13$\r\n\tKontodomäne:\t\tARZW\r\n\tAnmelde-ID:\t\t0x3E7\r\n\r\nAnmeldeinformationen:\r\n\tAnmeldetyp:\t\t5\r\n\tEingeschränkter Administratormodus:\t-\r\n\tRemote Credential Guard:\t-\r\n\tVirtuelles Konto:\t\tJa\r\n\tToken mit erhöhten Rechten:\t\tJa\r\n\r\nIdentitätswechselebene:\t\tIdentitätswechsel\r\n\r\nNeue Anmeldung:\r\n\tSicherheits-ID:\t\tS-1-5-83-1-1408646725-1227503048-4182457275-2459597820\r\n\tKontoname:\t\t53F63E45-35C8-492A-BB3B-4BF9FC7B9A92\r\n\tKontodomäne:\t\tNT VIRTUAL MACHINE\r\n\tAnmelde-ID:\t\t0x10A06D0\r\n\tVerknüpfte Anmelde-ID:\t\t0x0\r\n\tNetzwerk-Kontoname:\t-\r\n\tNetzwerk-Kontodomäne:\t-\r\n\tAnmelde-GUID:\t\t{00000000-0000-0000-0000-000000000000}\r\n\r\nProzessinformationen:\r\n\tProzess-ID:\t\t0xe38\r\n\tProzessname:\t\tC:\\Windows\\System32\\vmms.exe\r\n\r\nNetzwerkinformationen:\r\n\tArbeitsstationsname:\t-\r\n\tQuellnetzwerkadresse:\t-\r\n\tQuellport:\t\t-\r\n\r\nDetaillierte Authentifizierungsinformationen:\r\n\tAnmeldeprozess:\t\tAdvapi  \r\n\tAuthentifizierungspaket:\tNegotiate\r\n\tÜbertragene Dienste:\t-\r\n\tPaketname (nur NTLM):\t-\r\n\tSchlüssellänge:\t\t0\r\n\r\nDieses Ereignis wird beim Erstellen einer Anmeldesitzung generiert. Es wird auf dem Computer generiert, auf den zugegriffen wurde.\r\n\r\nDie Antragstellerfelder geben das Konto auf dem lokalen System an, von dem die Anmeldung angefordert wurde. Dies ist meistens ein Dienst wie der Serverdienst oder ein lokaler Prozess wie Winlogon.exe oder Services.exe.\r\n\r\nDas Anmeldetypfeld gibt den jeweiligen Anmeldetyp an. Die häufigsten Typen sind 2 (interaktiv) und 3 (Netzwerk).\r\n\r\nDie Felder für die neue Anmeldung geben das Konto an, für das die neue Anmeldung erstellt wurde, d. h. das angemeldete Konto.\r\n\r\nDie Netzwerkfelder geben den Ursprung einer Remoteanmeldeanforderung an. Der Arbeitsstationsname ist nicht immer verfügbar und kann in manchen Fällen leer bleiben.\r\n\r\nDas Feld für die Identitätswechselebene gibt an, in welchem Umfang ein Prozess in der Anmeldesitzung einen Identitätswechsel vornehmen kann.\r\n\r\nDie Felder für die Authentifizierungsinformationen enthalten detaillierte Informationen zu dieser spezifische Anmeldeanforderung.\r\n\t– Die Anmelde-GUID ist ein eindeutiger Bezeichner, der verwendet werden kann, um dieses Ereignis mit einem KDC-Ereignis zu korrelieren.\r\n\t– Die übertragenen Dienste geben an, welche Zwischendienste an der Anmeldeanforderung beteiligt waren.\r\n\t– Der Paketname gibt das in den NTLM-Protokollen verwendete Unterprotokoll an.\r\n\t– Die Schlüssellänge gibt die Länge des generierten Sitzungsschlüssels an. Wenn kein Sitzungsschlüssel angefordert wurde, ist dieser Wert 0.\"",
          "version": "3",
          "systemTime": "2026-05-26T05:12:43.3573172Z",
          "eventRecordID": "2595479",
          "threadID": "12092",
          "computer": "SWE-13.arzw.local",
          "task": "12544",
          "processID": "1352",
          "severityValue": "AUDIT_SUCCESS",
          "providerName": "Microsoft-Windows-Security-Auditing"
        }
      }
    },
    "rule": {
      "firedtimes": 4,
      "mail": false,
      "level": 3,
      "description": "Service logon event registered from non standard service account.",
      "groups": [
        "windows",
        " WEF"
      ],
      "id": "67024"
    },
    "location": "EventChannel",
    "decoder": {
      "name": "windows_eventchannel"
    },
    "id": "1779772364.7844071",
    "timestamp": "2026-05-26T05:12:44.347+0000"
  },
  {
    "input": {
      "type": "log"
    },
    "agent": {
      "ip": "172.21.5.111",
      "name": "SWE-13",
      "id": "077"
    },
    "manager": {
      "name": "wazuh.manager"
    },
    "data": {
      "win": {
        "eventdata": {
          "subjectLogonId": "0x10a0563",
          "subjectUserSid": "S-1-5-83-1-1408646725-1227503048-4182457275-2459597820",
          "subjectDomainName": "NT VIRTUAL MACHINE",
          "privilegeList": "SeImpersonatePrivilege",
          "subjectUserName": "53F63E45-35C8-492A-BB3B-4BF9FC7B9A92"
        },
        "system": {
          "eventID": "4672",
          "keywords": "0x8020000000000000",
          "providerGuid": "{54849625-5478-4994-a5ba-3e3b0328c30d}",
          "level": "0",
          "channel": "Security",
          "opcode": "0",
          "message": "\"Einer neuen Anmeldung wurden besondere Rechte zugewiesen.\r\n\r\nAntragsteller:\r\n\tSicherheits-ID:\t\tS-1-5-83-1-1408646725-1227503048-4182457275-2459597820\r\n\tKontoname:\t\t53F63E45-35C8-492A-BB3B-4BF9FC7B9A92\r\n\tKontodomäne:\t\tNT VIRTUAL MACHINE\r\n\tAnmelde-ID:\t\t0x10A0563\r\n\r\nBerechtigungen:\t\tSeImpersonatePrivilege\"",
          "version": "0",
          "systemTime": "2026-05-26T05:12:43.3140836Z",
          "eventRecordID": "2595476",
          "threadID": "4372",
          "computer": "SWE-13.arzw.local",
          "task": "12548",
          "processID": "1352",
          "severityValue": "AUDIT_SUCCESS",
          "providerName": "Microsoft-Windows-Security-Auditing"
        }
      }
    },
    "rule": {
      "firedtimes": 7,
      "mail": false,
      "level": 3,
      "description": "Special privileges assigned to new logon.",
      "groups": [
        "windows",
        " WEF"
      ],
      "mitre": {
        "technique": [
          "Domain Policy Modification"
        ],
        "id": [
          "T1484"
        ],
        "tactic": [
          "Defense Evasion",
          "Privilege Escalation"
        ]
      },
      "id": "67028"
    },
    "location": "EventChannel",
    "decoder": {
      "name": "windows_eventchannel"
    },
    "id": "1779772364.7839074",
    "timestamp": "2026-05-26T05:12:44.307+0000"
  },
  {
    "input": {
      "type": "log"
    },
    "agent": {
      "ip": "172.21.5.111",
      "name": "SWE-13",
      "id": "077"
    },
    "manager": {
      "name": "wazuh.manager"
    },
    "data": {
      "win": {
        "eventdata": {
          "targetLogonId": "0x10a0563",
          "targetUserName": "53F63E45-35C8-492A-BB3B-4BF9FC7B9A92",
          "targetDomainName": "NT VIRTUAL MACHINE",
          "targetUserSid": "S-1-5-83-1-1408646725-1227503048-4182457275-2459597820",
          "logonType": "5"
        },
        "system": {
          "eventID": "4634",
          "keywords": "0x8020000000000000",
          "providerGuid": "{54849625-5478-4994-a5ba-3e3b0328c30d}",
          "level": "0",
          "channel": "Security",
          "opcode": "0",
          "message": "\"Ein Konto wurde abgemeldet.\r\n\r\nAntragsteller:\r\n\tSicherheits-ID:\t\tS-1-5-83-1-1408646725-1227503048-4182457275-2459597820\r\n\tKontoname:\t\t53F63E45-35C8-492A-BB3B-4BF9FC7B9A92\r\n\tKontodomäne:\t\tNT VIRTUAL MACHINE\r\n\tAnmelde-ID:\t\t0x10A0563\r\n\r\nAnmeldetyp:\t\t\t5\r\n\r\nDieses Ereignis wird generiert, wenn eine Anmeldesitzung zerstört wird. Es kann anhand des Wertes der Anmelde-ID positiv mit einem Anmeldeereignis korreliert werden. Anmelde-IDs sind nur zwischen Neustarts auf demselben Computer eindeutig.\"",
          "version": "0",
          "systemTime": "2026-05-26T05:12:43.3190016Z",
          "eventRecordID": "2595477",
          "threadID": "1432",
          "computer": "SWE-13.arzw.local",
          "task": "12545",
          "processID": "1352",
          "severityValue": "AUDIT_SUCCESS",
          "providerName": "Microsoft-Windows-Security-Auditing"
        }
      }
    },
    "rule": {
      "firedtimes": 10,
      "mail": false,
      "level": 3,
      "description": "Non service account logged off.",
      "groups": [
        "windows",
        " WEF"
      ],
      "id": "67023"
    },
    "location": "EventChannel",
    "decoder": {
      "name": "windows_eventchannel"
    },
    "id": "1779772364.7841414",
    "timestamp": "2026-05-26T05:12:44.307+0000"
  },
  {
    "input": {
      "type": "log"
    },
    "agent": {
      "ip": "172.21.5.111",
      "name": "SWE-13",
      "id": "077"
    },
    "manager": {
      "name": "wazuh.manager"
    },
    "data": {
      "win": {
        "eventdata": {
          "subjectLogonId": "0x3e7",
          "subjectDomainName": "ARZW",
          "targetLinkedLogonId": "0x0",
          "impersonationLevel": "%%1833",
          "authenticationPackageName": "Negotiate",
          "targetLogonId": "0x10a0563",
          "logonProcessName": "Advapi",
          "logonGuid": "{00000000-0000-0000-0000-000000000000}",
          "targetUserName": "53F63E45-35C8-492A-BB3B-4BF9FC7B9A92",
          "keyLength": "0",
          "elevatedToken": "%%1842",
          "subjectUserSid": "S-1-5-18",
          "processId": "0xe38",
          "processName": "C:\\\\Windows\\\\System32\\\\vmms.exe",
          "targetDomainName": "NT VIRTUAL MACHINE",
          "targetUserSid": "S-1-5-83-1-1408646725-1227503048-4182457275-2459597820",
          "virtualAccount": "%%1842",
          "logonType": "5",
          "subjectUserName": "SWE-13$"
        },
        "system": {
          "eventID": "4624",
          "keywords": "0x8020000000000000",
          "providerGuid": "{54849625-5478-4994-a5ba-3e3b0328c30d}",
          "level": "0",
          "channel": "Security",
          "opcode": "0",
          "message": "\"Ein Konto wurde erfolgreich angemeldet.\r\n\r\nAntragsteller:\r\n\tSicherheits-ID:\t\tS-1-5-18\r\n\tKontoname:\t\tSWE-13$\r\n\tKontodomäne:\t\tARZW\r\n\tAnmelde-ID:\t\t0x3E7\r\n\r\nAnmeldeinformationen:\r\n\tAnmeldetyp:\t\t5\r\n\tEingeschränkter Administratormodus:\t-\r\n\tRemote Credential Guard:\t-\r\n\tVirtuelles Konto:\t\tJa\r\n\tToken mit erhöhten Rechten:\t\tJa\r\n\r\nIdentitätswechselebene:\t\tIdentitätswechsel\r\n\r\nNeue Anmeldung:\r\n\tSicherheits-ID:\t\tS-1-5-83-1-1408646725-1227503048-4182457275-2459597820\r\n\tKontoname:\t\t53F63E45-35C8-492A-BB3B-4BF9FC7B9A92\r\n\tKontodomäne:\t\tNT VIRTUAL MACHINE\r\n\tAnmelde-ID:\t\t0x10A0563\r\n\tVerknüpfte Anmelde-ID:\t\t0x0\r\n\tNetzwerk-Kontoname:\t-\r\n\tNetzwerk-Kontodomäne:\t-\r\n\tAnmelde-GUID:\t\t{00000000-0000-0000-0000-000000000000}\r\n\r\nProzessinformationen:\r\n\tProzess-ID:\t\t0xe38\r\n\tProzessname:\t\tC:\\Windows\\System32\\vmms.exe\r\n\r\nNetzwerkinformationen:\r\n\tArbeitsstationsname:\t-\r\n\tQuellnetzwerkadresse:\t-\r\n\tQuellport:\t\t-\r\n\r\nDetaillierte Authentifizierungsinformationen:\r\n\tAnmeldeprozess:\t\tAdvapi  \r\n\tAuthentifizierungspaket:\tNegotiate\r\n\tÜbertragene Dienste:\t-\r\n\tPaketname (nur NTLM):\t-\r\n\tSchlüssellänge:\t\t0\r\n\r\nDieses Ereignis wird beim Erstellen einer Anmeldesitzung generiert. Es wird auf dem Computer generiert, auf den zugegriffen wurde.\r\n\r\nDie Antragstellerfelder geben das Konto auf dem lokalen System an, von dem die Anmeldung angefordert wurde. Dies ist meistens ein Dienst wie der Serverdienst oder ein lokaler Prozess wie Winlogon.exe oder Services.exe.\r\n\r\nDas Anmeldetypfeld gibt den jeweiligen Anmeldetyp an. Die häufigsten Typen sind 2 (interaktiv) und 3 (Netzwerk).\r\n\r\nDie Felder für die neue Anmeldung geben das Konto an, für das die neue Anmeldung erstellt wurde, d. h. das angemeldete Konto.\r\n\r\nDie Netzwerkfelder geben den Ursprung einer Remoteanmeldeanforderung an. Der Arbeitsstationsname ist nicht immer verfügbar und kann in manchen Fällen leer bleiben.\r\n\r\nDas Feld für die Identitätswechselebene gibt an, in welchem Umfang ein Prozess in der Anmeldesitzung einen Identitätswechsel vornehmen kann.\r\n\r\nDie Felder für die Authentifizierungsinformationen enthalten detaillierte Informationen zu dieser spezifische Anmeldeanforderung.\r\n\t– Die Anmelde-GUID ist ein eindeutiger Bezeichner, der verwendet werden kann, um dieses Ereignis mit einem KDC-Ereignis zu korrelieren.\r\n\t– Die übertragenen Dienste geben an, welche Zwischendienste an der Anmeldeanforderung beteiligt waren.\r\n\t– Der Paketname gibt das in den NTLM-Protokollen verwendete Unterprotokoll an.\r\n\t– Die Schlüssellänge gibt die Länge des generierten Sitzungsschlüssels an. Wenn kein Sitzungsschlüssel angefordert wurde, ist dieser Wert 0.\"",
          "version": "3",
          "systemTime": "2026-05-26T05:12:43.3140717Z",
          "eventRecordID": "2595475",
          "threadID": "4372",
          "computer": "SWE-13.arzw.local",
          "task": "12544",
          "processID": "1352",
          "severityValue": "AUDIT_SUCCESS",
          "providerName": "Microsoft-Windows-Security-Auditing"
        }
      }
    },
    "rule": {
      "firedtimes": 3,
      "mail": false,
      "level": 3,
      "description": "Service logon event registered from non standard service account.",
      "groups": [
        "windows",
        " WEF"
      ],
      "id": "67024"
    },
    "location": "EventChannel",
    "decoder": {
      "name": "windows_eventchannel"
    },
    "id": "1779772364.7830961",
    "timestamp": "2026-05-26T05:12:44.277+0000"
  },
  {
    "input": {
      "type": "log"
    },
    "agent": {
      "ip": "172.21.5.111",
      "name": "SWE-13",
      "id": "077"
    },
    "manager": {
      "name": "wazuh.manager"
    },
    "data": {
      "win": {
        "eventdata": {
          "subjectLogonId": "0x10a0082",
          "subjectUserSid": "S-1-5-83-1-1408646725-1227503048-4182457275-2459597820",
          "subjectDomainName": "NT VIRTUAL MACHINE",
          "privilegeList": "SeImpersonatePrivilege",
          "subjectUserName": "53F63E45-35C8-492A-BB3B-4BF9FC7B9A92"
        },
        "system": {
          "eventID": "4672",
          "keywords": "0x8020000000000000",
          "providerGuid": "{54849625-5478-4994-a5ba-3e3b0328c30d}",
          "level": "0",
          "channel": "Security",
          "opcode": "0",
          "message": "\"Einer neuen Anmeldung wurden besondere Rechte zugewiesen.\r\n\r\nAntragsteller:\r\n\tSicherheits-ID:\t\tS-1-5-83-1-1408646725-1227503048-4182457275-2459597820\r\n\tKontoname:\t\t53F63E45-35C8-492A-BB3B-4BF9FC7B9A92\r\n\tKontodomäne:\t\tNT VIRTUAL MACHINE\r\n\tAnmelde-ID:\t\t0x10A0082\r\n\r\nBerechtigungen:\t\tSeImpersonatePrivilege\"",
          "version": "0",
          "systemTime": "2026-05-26T05:12:43.2029031Z",
          "eventRecordID": "2595473",
          "threadID": "4372",
          "computer": "SWE-13.arzw.local",
          "task": "12548",
          "processID": "1352",
          "severityValue": "AUDIT_SUCCESS",
          "providerName": "Microsoft-Windows-Security-Auditing"
        }
      }
    },
    "rule": {
      "firedtimes": 6,
      "mail": false,
      "level": 3,
      "description": "Special privileges assigned to new logon.",
      "groups": [
        "windows",
        " WEF"
      ],
      "mitre": {
        "technique": [
          "Domain Policy Modification"
        ],
        "id": [
          "T1484"
        ],
        "tactic": [
          "Defense Evasion",
          "Privilege Escalation"
        ]
      },
      "id": "67028"
    },
    "location": "EventChannel",
    "decoder": {
      "name": "windows_eventchannel"
    },
    "id": "1779772364.7828621",
    "timestamp": "2026-05-26T05:12:44.257+0000"
  },
  {
    "input": {
      "type": "log"
    },
    "agent": {
      "ip": "172.21.5.111",
      "name": "SWE-13",
      "id": "077"
    },
    "manager": {
      "name": "wazuh.manager"
    },
    "data": {
      "win": {
        "eventdata": {
          "subjectLogonId": "0x3e7",
          "subjectDomainName": "ARZW",
          "targetLinkedLogonId": "0x0",
          "impersonationLevel": "%%1833",
          "authenticationPackageName": "Negotiate",
          "targetLogonId": "0x10a0082",
          "logonProcessName": "Advapi",
          "logonGuid": "{00000000-0000-0000-0000-000000000000}",
          "targetUserName": "53F63E45-35C8-492A-BB3B-4BF9FC7B9A92",
          "keyLength": "0",
          "elevatedToken": "%%1842",
          "subjectUserSid": "S-1-5-18",
          "processId": "0xe38",
          "processName": "C:\\\\Windows\\\\System32\\\\vmms.exe",
          "targetDomainName": "NT VIRTUAL MACHINE",
          "targetUserSid": "S-1-5-83-1-1408646725-1227503048-4182457275-2459597820",
          "virtualAccount": "%%1842",
          "logonType": "5",
          "subjectUserName": "SWE-13$"
        },
        "system": {
          "eventID": "4624",
          "keywords": "0x8020000000000000",
          "providerGuid": "{54849625-5478-4994-a5ba-3e3b0328c30d}",
          "level": "0",
          "channel": "Security",
          "opcode": "0",
          "message": "\"Ein Konto wurde erfolgreich angemeldet.\r\n\r\nAntragsteller:\r\n\tSicherheits-ID:\t\tS-1-5-18\r\n\tKontoname:\t\tSWE-13$\r\n\tKontodomäne:\t\tARZW\r\n\tAnmelde-ID:\t\t0x3E7\r\n\r\nAnmeldeinformationen:\r\n\tAnmeldetyp:\t\t5\r\n\tEingeschränkter Administratormodus:\t-\r\n\tRemote Credential Guard:\t-\r\n\tVirtuelles Konto:\t\tJa\r\n\tToken mit erhöhten Rechten:\t\tJa\r\n\r\nIdentitätswechselebene:\t\tIdentitätswechsel\r\n\r\nNeue Anmeldung:\r\n\tSicherheits-ID:\t\tS-1-5-83-1-1408646725-1227503048-4182457275-2459597820\r\n\tKontoname:\t\t53F63E45-35C8-492A-BB3B-4BF9FC7B9A92\r\n\tKontodomäne:\t\tNT VIRTUAL MACHINE\r\n\tAnmelde-ID:\t\t0x10A0082\r\n\tVerknüpfte Anmelde-ID:\t\t0x0\r\n\tNetzwerk-Kontoname:\t-\r\n\tNetzwerk-Kontodomäne:\t-\r\n\tAnmelde-GUID:\t\t{00000000-0000-0000-0000-000000000000}\r\n\r\nProzessinformationen:\r\n\tProzess-ID:\t\t0xe38\r\n\tProzessname:\t\tC:\\Windows\\System32\\vmms.exe\r\n\r\nNetzwerkinformationen:\r\n\tArbeitsstationsname:\t-\r\n\tQuellnetzwerkadresse:\t-\r\n\tQuellport:\t\t-\r\n\r\nDetaillierte Authentifizierungsinformationen:\r\n\tAnmeldeprozess:\t\tAdvapi  \r\n\tAuthentifizierungspaket:\tNegotiate\r\n\tÜbertragene Dienste:\t-\r\n\tPaketname (nur NTLM):\t-\r\n\tSchlüssellänge:\t\t0\r\n\r\nDieses Ereignis wird beim Erstellen einer Anmeldesitzung generiert. Es wird auf dem Computer generiert, auf den zugegriffen wurde.\r\n\r\nDie Antragstellerfelder geben das Konto auf dem lokalen System an, von dem die Anmeldung angefordert wurde. Dies ist meistens ein Dienst wie der Serverdienst oder ein lokaler Prozess wie Winlogon.exe oder Services.exe.\r\n\r\nDas Anmeldetypfeld gibt den jeweiligen Anmeldetyp an. Die häufigsten Typen sind 2 (interaktiv) und 3 (Netzwerk).\r\n\r\nDie Felder für die neue Anmeldung geben das Konto an, für das die neue Anmeldung erstellt wurde, d. h. das angemeldete Konto.\r\n\r\nDie Netzwerkfelder geben den Ursprung einer Remoteanmeldeanforderung an. Der Arbeitsstationsname ist nicht immer verfügbar und kann in manchen Fällen leer bleiben.\r\n\r\nDas Feld für die Identitätswechselebene gibt an, in welchem Umfang ein Prozess in der Anmeldesitzung einen Identitätswechsel vornehmen kann.\r\n\r\nDie Felder für die Authentifizierungsinformationen enthalten detaillierte Informationen zu dieser spezifische Anmeldeanforderung.\r\n\t– Die Anmelde-GUID ist ein eindeutiger Bezeichner, der verwendet werden kann, um dieses Ereignis mit einem KDC-Ereignis zu korrelieren.\r\n\t– Die übertragenen Dienste geben an, welche Zwischendienste an der Anmeldeanforderung beteiligt waren.\r\n\t– Der Paketname gibt das in den NTLM-Protokollen verwendete Unterprotokoll an.\r\n\t– Die Schlüssellänge gibt die Länge des generierten Sitzungsschlüssels an. Wenn kein Sitzungsschlüssel angefordert wurde, ist dieser Wert 0.\"",
          "version": "3",
          "systemTime": "2026-05-26T05:12:43.2028997Z",
          "eventRecordID": "2595472",
          "threadID": "4372",
          "computer": "SWE-13.arzw.local",
          "task": "12544",
          "processID": "1352",
          "severityValue": "AUDIT_SUCCESS",
          "providerName": "Microsoft-Windows-Security-Auditing"
        }
      }
    },
    "rule": {
      "firedtimes": 2,
      "mail": false,
      "level": 3,
      "description": "Service logon event registered from non standard service account.",
      "groups": [
        "windows",
        " WEF"
      ],
      "id": "67024"
    },
    "location": "EventChannel",
    "decoder": {
      "name": "windows_eventchannel"
    },
    "id": "1779772364.7820508",
    "timestamp": "2026-05-26T05:12:44.241+0000"
  },
  {
    "input": {
      "type": "log"
    },
    "agent": {
      "ip": "172.21.5.111",
      "name": "SWE-13",
      "id": "077"
    },
    "manager": {
      "name": "wazuh.manager"
    },
    "data": {
      "win": {
        "eventdata": {
          "appVersion": "10.0.26100.7309",
          "appTimeStamp": "e9f0ebbf",
          "appName": "StartMenuExperienceHost.exe",
          "moduleName": "ntdll.dll",
          "processCreationTime": "0x1dcecce0df48d51",
          "moduleTimeStamp": "5b6dddee",
          "appPath": "C:\\\\WINDOWS\\\\SystemApps\\\\Microsoft.Windows.StartMenuExperienceHost_cw5n1h2txyewy\\\\StartMenuExperienceHost.exe",
          "modulePath": "C:\\\\WINDOWS\\\\SYSTEM32\\\\ntdll.dll",
          "processId": "0x4a4c",
          "packageFullName": "Microsoft.Windows.StartMenuExperienceHost_10.0.26100.4768_neutral_neutral_cw5n1h2txyewy",
          "moduleVersion": "10.0.26100.7623",
          "faultingOffset": "00000000000773f9",
          "packageRelativeAppId": "FullTrustApp",
          "integratorReportId": "b7f1c423-6c7d-439f-9cd2-674226f7dc85",
          "exceptionCode": "c000071f"
        },
        "system": {
          "eventID": "1000",
          "keywords": "0x8000000000000000",
          "providerGuid": "{a0e9b465-b939-57d7-b27d-95d8e925ff57}",
          "level": "2",
          "channel": "Application",
          "opcode": "0",
          "message": "\"Fehlerhafter Anwendungsname: StartMenuExperienceHost.exe, Version: 10.0.26100.7309, Zeitstempel: 0xe9f0ebbf\r\nFehlerhafter Modulname: ntdll.dll, Version: 10.0.26100.7623, Zeitstempel: 0x5b6dddee\r\nAusnahmecode: 0xc000071f\r\nFehleroffset: 0x00000000000773f9\r\nFehlerhafte Prozess-ID: 0x4A4C\r\nFehlerhafte Anwendungsstartzeit: 0x1DCECCE0DF48D51\r\nFehlerhafter Anwendungspfad: C:\\WINDOWS\\SystemApps\\Microsoft.Windows.StartMenuExperienceHost_cw5n1h2txyewy\\StartMenuExperienceHost.exe\r\nFehlerhafter Modulpfad: C:\\WINDOWS\\SYSTEM32\\ntdll.dll\r\nBerichts-ID: b7f1c423-6c7d-439f-9cd2-674226f7dc85\r\nVollständiger Name des fehlerhaften Pakets: Microsoft.Windows.StartMenuExperienceHost_10.0.26100.4768_neutral_neutral_cw5n1h2txyewy\r\nFehlerhafte paketbezogene Anwendungs-ID: FullTrustApp\"",
          "version": "0",
          "systemTime": "2026-05-26T05:11:06.3276043Z",
          "eventRecordID": "35087",
          "threadID": "23576",
          "computer": "SWE-13.arzw.local",
          "task": "100",
          "processID": "23572",
          "severityValue": "ERROR",
          "providerName": "Application Error"
        }
      }
    },
    "rule": {
      "firedtimes": 7,
      "mail": false,
      "level": 9,
      "description": "Windows application error event.",
      "groups": [
        "windows",
        "windows_application",
        "system_error"
      ],
      "id": "60602",
      "gdpr": [
        "IV_35.7.d"
      ],
      "gpg13": [
        "4.3"
      ]
    },
    "location": "EventChannel",
    "decoder": {
      "name": "windows_eventchannel"
    },
    "id": "1779772267.7174386",
    "timestamp": "2026-05-26T05:11:07.350+0000"
  },
  {
    "input": {
      "type": "log"
    },
    "agent": {
      "ip": "172.21.5.111",
      "name": "SWE-13",
      "id": "077"
    },
    "manager": {
      "name": "wazuh.manager"
    },
    "data": {
      "win": {
        "eventdata": {
          "appVersion": "10.0.26100.7309",
          "appTimeStamp": "e9f0ebbf",
          "appName": "StartMenuExperienceHost.exe",
          "moduleName": "ntdll.dll",
          "processCreationTime": "0x1dcecce09334f61",
          "moduleTimeStamp": "5b6dddee",
          "appPath": "C:\\\\WINDOWS\\\\SystemApps\\\\Microsoft.Windows.StartMenuExperienceHost_cw5n1h2txyewy\\\\StartMenuExperienceHost.exe",
          "modulePath": "C:\\\\WINDOWS\\\\SYSTEM32\\\\ntdll.dll",
          "processId": "0x1d00",
          "packageFullName": "Microsoft.Windows.StartMenuExperienceHost_10.0.26100.4768_neutral_neutral_cw5n1h2txyewy",
          "moduleVersion": "10.0.26100.7623",
          "faultingOffset": "00000000000773f9",
          "packageRelativeAppId": "FullTrustApp",
          "integratorReportId": "270be9ba-c724-4562-9781-08fdc3e1b782",
          "exceptionCode": "c000071f"
        },
        "system": {
          "eventID": "1000",
          "keywords": "0x8000000000000000",
          "providerGuid": "{a0e9b465-b939-57d7-b27d-95d8e925ff57}",
          "level": "2",
          "channel": "Application",
          "opcode": "0",
          "message": "\"Fehlerhafter Anwendungsname: StartMenuExperienceHost.exe, Version: 10.0.26100.7309, Zeitstempel: 0xe9f0ebbf\r\nFehlerhafter Modulname: ntdll.dll, Version: 10.0.26100.7623, Zeitstempel: 0x5b6dddee\r\nAusnahmecode: 0xc000071f\r\nFehleroffset: 0x00000000000773f9\r\nFehlerhafte Prozess-ID: 0x1D00\r\nFehlerhafte Anwendungsstartzeit: 0x1DCECCE09334F61\r\nFehlerhafter Anwendungspfad: C:\\WINDOWS\\SystemApps\\Microsoft.Windows.StartMenuExperienceHost_cw5n1h2txyewy\\StartMenuExperienceHost.exe\r\nFehlerhafter Modulpfad: C:\\WINDOWS\\SYSTEM32\\ntdll.dll\r\nBerichts-ID: 270be9ba-c724-4562-9781-08fdc3e1b782\r\nVollständiger Name des fehlerhaften Pakets: Microsoft.Windows.StartMenuExperienceHost_10.0.26100.4768_neutral_neutral_cw5n1h2txyewy\r\nFehlerhafte paketbezogene Anwendungs-ID: FullTrustApp\"",
          "version": "0",
          "systemTime": "2026-05-26T05:10:58.2972764Z",
          "eventRecordID": "35086",
          "threadID": "7848",
          "computer": "SWE-13.arzw.local",
          "task": "100",
          "processID": "21616",
          "severityValue": "ERROR",
          "providerName": "Application Error"
        }
      }
    },
    "rule": {
      "firedtimes": 6,
      "mail": false,
      "level": 9,
      "description": "Windows application error event.",
      "groups": [
        "windows",
        "windows_application",
        "system_error"
      ],
      "id": "60602",
      "gdpr": [
        "IV_35.7.d"
      ],
      "gpg13": [
        "4.3"
      ]
    },
    "location": "EventChannel",
    "decoder": {
      "name": "windows_eventchannel"
    },
    "id": "1779772259.7147822",
    "timestamp": "2026-05-26T05:10:59.316+0000"
  },
  {
    "input": {
      "type": "log"
    },
    "agent": {
      "ip": "172.21.5.111",
      "name": "SWE-13",
      "id": "077"
    },
    "manager": {
      "name": "wazuh.manager"
    },
    "data": {
      "win": {
        "eventdata": {
          "appVersion": "10.0.26100.7309",
          "appTimeStamp": "e9f0ebbf",
          "appName": "StartMenuExperienceHost.exe",
          "moduleName": "ntdll.dll",
          "processCreationTime": "0x1dcecce040171c1",
          "moduleTimeStamp": "5b6dddee",
          "appPath": "C:\\\\WINDOWS\\\\SystemApps\\\\Microsoft.Windows.StartMenuExperienceHost_cw5n1h2txyewy\\\\StartMenuExperienceHost.exe",
          "modulePath": "C:\\\\WINDOWS\\\\SYSTEM32\\\\ntdll.dll",
          "processId": "0x4044",
          "packageFullName": "Microsoft.Windows.StartMenuExperienceHost_10.0.26100.4768_neutral_neutral_cw5n1h2txyewy",
          "moduleVersion": "10.0.26100.7623",
          "faultingOffset": "00000000000773f9",
          "packageRelativeAppId": "FullTrustApp",
          "integratorReportId": "da4db202-acd1-4f0f-a74b-b79500d3b92b",
          "exceptionCode": "c000071f"
        },
        "system": {
          "eventID": "1000",
          "keywords": "0x8000000000000000",
          "providerGuid": "{a0e9b465-b939-57d7-b27d-95d8e925ff57}",
          "level": "2",
          "channel": "Application",
          "opcode": "0",
          "message": "\"Fehlerhafter Anwendungsname: StartMenuExperienceHost.exe, Version: 10.0.26100.7309, Zeitstempel: 0xe9f0ebbf\r\nFehlerhafter Modulname: ntdll.dll, Version: 10.0.26100.7623, Zeitstempel: 0x5b6dddee\r\nAusnahmecode: 0xc000071f\r\nFehleroffset: 0x00000000000773f9\r\nFehlerhafte Prozess-ID: 0x4044\r\nFehlerhafte Anwendungsstartzeit: 0x1DCECCE040171C1\r\nFehlerhafter Anwendungspfad: C:\\WINDOWS\\SystemApps\\Microsoft.Windows.StartMenuExperienceHost_cw5n1h2txyewy\\StartMenuExperienceHost.exe\r\nFehlerhafter Modulpfad: C:\\WINDOWS\\SYSTEM32\\ntdll.dll\r\nBerichts-ID: da4db202-acd1-4f0f-a74b-b79500d3b92b\r\nVollständiger Name des fehlerhaften Pakets: Microsoft.Windows.StartMenuExperienceHost_10.0.26100.4768_neutral_neutral_cw5n1h2txyewy\r\nFehlerhafte paketbezogene Anwendungs-ID: FullTrustApp\"",
          "version": "0",
          "systemTime": "2026-05-26T05:10:49.8708412Z",
          "eventRecordID": "35085",
          "threadID": "6708",
          "computer": "SWE-13.arzw.local",
          "task": "100",
          "processID": "9144",
          "severityValue": "ERROR",
          "providerName": "Application Error"
        }
      }
    },
    "rule": {
      "firedtimes": 5,
      "mail": false,
      "level": 9,
      "description": "Windows application error event.",
      "groups": [
        "windows",
        "windows_application",
        "system_error"
      ],
      "id": "60602",
      "gdpr": [
        "IV_35.7.d"
      ],
      "gpg13": [
        "4.3"
      ]
    },
    "location": "EventChannel",
    "decoder": {
      "name": "windows_eventchannel"
    },
    "id": "1779772250.7143552",
    "timestamp": "2026-05-26T05:10:50.889+0000"
  },
  {
    "input": {
      "type": "log"
    },
    "agent": {
      "ip": "172.21.5.111",
      "name": "SWE-13",
      "id": "077"
    },
    "manager": {
      "name": "wazuh.manager"
    },
    "data": {
      "win": {
        "eventdata": {
          "appVersion": "10.0.26100.7309",
          "appTimeStamp": "e9f0ebbf",
          "appName": "StartMenuExperienceHost.exe",
          "moduleName": "ntdll.dll",
          "processCreationTime": "0x1dcecce01a6ce1b",
          "moduleTimeStamp": "5b6dddee",
          "appPath": "C:\\\\WINDOWS\\\\SystemApps\\\\Microsoft.Windows.StartMenuExperienceHost_cw5n1h2txyewy\\\\StartMenuExperienceHost.exe",
          "modulePath": "C:\\\\WINDOWS\\\\SYSTEM32\\\\ntdll.dll",
          "processId": "0x8e0",
          "packageFullName": "Microsoft.Windows.StartMenuExperienceHost_10.0.26100.4768_neutral_neutral_cw5n1h2txyewy",
          "moduleVersion": "10.0.26100.7623",
          "faultingOffset": "00000000000773f9",
          "packageRelativeAppId": "FullTrustApp",
          "integratorReportId": "627d88f7-9a78-492d-bbbf-81450b02eaad",
          "exceptionCode": "c000071f"
        },
        "system": {
          "eventID": "1000",
          "keywords": "0x8000000000000000",
          "providerGuid": "{a0e9b465-b939-57d7-b27d-95d8e925ff57}",
          "level": "2",
          "channel": "Application",
          "opcode": "0",
          "message": "\"Fehlerhafter Anwendungsname: StartMenuExperienceHost.exe, Version: 10.0.26100.7309, Zeitstempel: 0xe9f0ebbf\r\nFehlerhafter Modulname: ntdll.dll, Version: 10.0.26100.7623, Zeitstempel: 0x5b6dddee\r\nAusnahmecode: 0xc000071f\r\nFehleroffset: 0x00000000000773f9\r\nFehlerhafte Prozess-ID: 0x8E0\r\nFehlerhafte Anwendungsstartzeit: 0x1DCECCE01A6CE1B\r\nFehlerhafter Anwendungspfad: C:\\WINDOWS\\SystemApps\\Microsoft.Windows.StartMenuExperienceHost_cw5n1h2txyewy\\StartMenuExperienceHost.exe\r\nFehlerhafter Modulpfad: C:\\WINDOWS\\SYSTEM32\\ntdll.dll\r\nBerichts-ID: 627d88f7-9a78-492d-bbbf-81450b02eaad\r\nVollständiger Name des fehlerhaften Pakets: Microsoft.Windows.StartMenuExperienceHost_10.0.26100.4768_neutral_neutral_cw5n1h2txyewy\r\nFehlerhafte paketbezogene Anwendungs-ID: FullTrustApp\"",
          "version": "0",
          "systemTime": "2026-05-26T05:10:45.7397854Z",
          "eventRecordID": "35084",
          "threadID": "3452",
          "computer": "SWE-13.arzw.local",
          "task": "100",
          "processID": "2924",
          "severityValue": "ERROR",
          "providerName": "Application Error"
        }
      }
    },
    "rule": {
      "firedtimes": 4,
      "mail": false,
      "level": 9,
      "description": "Windows application error event.",
      "groups": [
        "windows",
        "windows_application",
        "system_error"
      ],
      "id": "60602",
      "gdpr": [
        "IV_35.7.d"
      ],
      "gpg13": [
        "4.3"
      ]
    },
    "location": "EventChannel",
    "decoder": {
      "name": "windows_eventchannel"
    },
    "id": "1779772246.7137651",
    "timestamp": "2026-05-26T05:10:46.765+0000"
  },
  {
    "input": {
      "type": "log"
    },
    "agent": {
      "ip": "172.21.5.111",
      "name": "SWE-13",
      "id": "077"
    },
    "manager": {
      "name": "wazuh.manager"
    },
    "data": {
      "win": {
        "eventdata": {
          "appVersion": "10.0.26100.7309",
          "appTimeStamp": "e9f0ebbf",
          "appName": "StartMenuExperienceHost.exe",
          "moduleName": "ntdll.dll",
          "processCreationTime": "0x1dceccdff5ae4b9",
          "moduleTimeStamp": "5b6dddee",
          "appPath": "C:\\\\WINDOWS\\\\SystemApps\\\\Microsoft.Windows.StartMenuExperienceHost_cw5n1h2txyewy\\\\StartMenuExperienceHost.exe",
          "modulePath": "C:\\\\WINDOWS\\\\SYSTEM32\\\\ntdll.dll",
          "processId": "0x4d44",
          "packageFullName": "Microsoft.Windows.StartMenuExperienceHost_10.0.26100.4768_neutral_neutral_cw5n1h2txyewy",
          "moduleVersion": "10.0.26100.7623",
          "faultingOffset": "00000000000773f9",
          "packageRelativeAppId": "FullTrustApp",
          "integratorReportId": "47f4c574-a702-43ba-84d1-c7e9feedb007",
          "exceptionCode": "c000071f"
        },
        "system": {
          "eventID": "1000",
          "keywords": "0x8000000000000000",
          "providerGuid": "{a0e9b465-b939-57d7-b27d-95d8e925ff57}",
          "level": "2",
          "channel": "Application",
          "opcode": "0",
          "message": "\"Fehlerhafter Anwendungsname: StartMenuExperienceHost.exe, Version: 10.0.26100.7309, Zeitstempel: 0xe9f0ebbf\r\nFehlerhafter Modulname: ntdll.dll, Version: 10.0.26100.7623, Zeitstempel: 0x5b6dddee\r\nAusnahmecode: 0xc000071f\r\nFehleroffset: 0x00000000000773f9\r\nFehlerhafte Prozess-ID: 0x4D44\r\nFehlerhafte Anwendungsstartzeit: 0x1DCECCDFF5AE4B9\r\nFehlerhafter Anwendungspfad: C:\\WINDOWS\\SystemApps\\Microsoft.Windows.StartMenuExperienceHost_cw5n1h2txyewy\\StartMenuExperienceHost.exe\r\nFehlerhafter Modulpfad: C:\\WINDOWS\\SYSTEM32\\ntdll.dll\r\nBerichts-ID: 47f4c574-a702-43ba-84d1-c7e9feedb007\r\nVollständiger Name des fehlerhaften Pakets: Microsoft.Windows.StartMenuExperienceHost_10.0.26100.4768_neutral_neutral_cw5n1h2txyewy\r\nFehlerhafte paketbezogene Anwendungs-ID: FullTrustApp\"",
          "version": "0",
          "systemTime": "2026-05-26T05:10:41.9547380Z",
          "eventRecordID": "35083",
          "threadID": "11516",
          "computer": "SWE-13.arzw.local",
          "task": "100",
          "processID": "2412",
          "severityValue": "ERROR",
          "providerName": "Application Error"
        }
      }
    },
    "rule": {
      "firedtimes": 3,
      "mail": false,
      "level": 9,
      "description": "Windows application error event.",
      "groups": [
        "windows",
        "windows_application",
        "system_error"
      ],
      "id": "60602",
      "gdpr": [
        "IV_35.7.d"
      ],
      "gpg13": [
        "4.3"
      ]
    },
    "location": "EventChannel",
    "decoder": {
      "name": "windows_eventchannel"
    },
    "id": "1779772242.7133379",
    "timestamp": "2026-05-26T05:10:42.730+0000"
  },
  {
    "input": {
      "type": "log"
    },
    "agent": {
      "ip": "172.21.5.111",
      "name": "SWE-13",
      "id": "077"
    },
    "manager": {
      "name": "wazuh.manager"
    },
    "data": {
      "win": {
        "eventdata": {
          "data": "2126-05-02T05:10:40Z, RulesEngine"
        },
        "system": {
          "eventID": "16384",
          "eventSourceName": "Software Protection Platform Service",
          "keywords": "0x80000000000000",
          "providerGuid": "{E23B33B0-C8C9-472C-A5F9-F2BDFEA0F156}",
          "level": "4",
          "channel": "Application",
          "opcode": "0",
          "message": "\"Der Softwareschutzdienst wurde erfolgreich für den erneuten Start bei 2126-05-02T05:10:40Z geplant. Grund: RulesEngine.\"",
          "version": "0",
          "systemTime": "2026-05-26T05:10:40.6255748Z",
          "eventRecordID": "35082",
          "threadID": "0",
          "computer": "SWE-13.arzw.local",
          "task": "0",
          "processID": "6252",
          "severityValue": "INFORMATION",
          "providerName": "Microsoft-Windows-Security-SPP"
        }
      }
    },
    "rule": {
      "firedtimes": 25,
      "mail": false,
      "level": 3,
      "description": "Software protection service scheduled successfully.",
      "groups": [
        "windows",
        "windows_application"
      ],
      "id": "60642"
    },
    "location": "EventChannel",
    "decoder": {
      "name": "windows_eventchannel"
    },
    "id": "1779772240.7131759",
    "timestamp": "2026-05-26T05:10:40.655+0000"
  },
  {
    "input": {
      "type": "log"
    },
    "agent": {
      "ip": "172.21.5.111",
      "name": "SWE-13",
      "id": "077"
    },
    "manager": {
      "name": "wazuh.manager"
    },
    "data": {
      "win": {
        "eventdata": {
          "appVersion": "10.0.26100.7309",
          "appTimeStamp": "e9f0ebbf",
          "appName": "StartMenuExperienceHost.exe",
          "moduleName": "ntdll.dll",
          "processCreationTime": "0x1dceccd08667e60",
          "moduleTimeStamp": "5b6dddee",
          "appPath": "C:\\\\WINDOWS\\\\SystemApps\\\\Microsoft.Windows.StartMenuExperienceHost_cw5n1h2txyewy\\\\StartMenuExperienceHost.exe",
          "modulePath": "C:\\\\WINDOWS\\\\SYSTEM32\\\\ntdll.dll",
          "processId": "0x371c",
          "packageFullName": "Microsoft.Windows.StartMenuExperienceHost_10.0.26100.4768_neutral_neutral_cw5n1h2txyewy",
          "moduleVersion": "10.0.26100.7623",
          "faultingOffset": "00000000000773f9",
          "packageRelativeAppId": "FullTrustApp",
          "integratorReportId": "e6161566-5bf9-4342-b9f4-7ac45bd4ae73",
          "exceptionCode": "c000071f"
        },
        "system": {
          "eventID": "1000",
          "keywords": "0x8000000000000000",
          "providerGuid": "{a0e9b465-b939-57d7-b27d-95d8e925ff57}",
          "level": "2",
          "channel": "Application",
          "opcode": "0",
          "message": "\"Fehlerhafter Anwendungsname: StartMenuExperienceHost.exe, Version: 10.0.26100.7309, Zeitstempel: 0xe9f0ebbf\r\nFehlerhafter Modulname: ntdll.dll, Version: 10.0.26100.7623, Zeitstempel: 0x5b6dddee\r\nAusnahmecode: 0xc000071f\r\nFehleroffset: 0x00000000000773f9\r\nFehlerhafte Prozess-ID: 0x371C\r\nFehlerhafte Anwendungsstartzeit: 0x1DCECCD08667E60\r\nFehlerhafter Anwendungspfad: C:\\WINDOWS\\SystemApps\\Microsoft.Windows.StartMenuExperienceHost_cw5n1h2txyewy\\StartMenuExperienceHost.exe\r\nFehlerhafter Modulpfad: C:\\WINDOWS\\SYSTEM32\\ntdll.dll\r\nBerichts-ID: e6161566-5bf9-4342-b9f4-7ac45bd4ae73\r\nVollständiger Name des fehlerhaften Pakets: Microsoft.Windows.StartMenuExperienceHost_10.0.26100.4768_neutral_neutral_cw5n1h2txyewy\r\nFehlerhafte paketbezogene Anwendungs-ID: FullTrustApp\"",
          "version": "0",
          "systemTime": "2026-05-26T05:10:35.9604718Z",
          "eventRecordID": "35081",
          "threadID": "16184",
          "computer": "SWE-13.arzw.local",
          "task": "100",
          "processID": "17400",
          "severityValue": "ERROR",
          "providerName": "Application Error"
        }
      }
    },
    "rule": {
      "firedtimes": 2,
      "mail": false,
      "level": 9,
      "description": "Windows application error event.",
      "groups": [
        "windows",
        "windows_application",
        "system_error"
      ],
      "id": "60602",
      "gdpr": [
        "IV_35.7.d"
      ],
      "gpg13": [
        "4.3"
      ]
    },
    "location": "EventChannel",
    "decoder": {
      "name": "windows_eventchannel"
    },
    "id": "1779772236.7125882",
    "timestamp": "2026-05-26T05:10:36.999+0000"
  },
  {
    "input": {
      "type": "log"
    },
    "agent": {
      "ip": "172.21.5.111",
      "name": "SWE-13",
      "id": "077"
    },
    "manager": {
      "name": "wazuh.manager"
    },
    "data": {
      "win": {
        "eventdata": {
          "finalStatus": "0xc03a001c",
          "extraString": "\\\\Device\\\\Harddisk2\\\\DR3",
          "extraStringLength": "21"
        },
        "system": {
          "eventID": "3",
          "keywords": "0x8000000000000000",
          "providerGuid": "{f3c5e28e-63f6-49c7-a204-e48a1bc4b09d}",
          "level": "2",
          "channel": "System",
          "opcode": "0",
          "message": "\"Der Filter-Manager konnte keine Verbindung mit dem Volume \"\\Device\\Harddisk2\\DR3\" herstellen. Dieses Volume ist erst nach einem Neustart für die Filterung verfügbar. Der letzte Status war \"0xC03A001C\".\"",
          "version": "0",
          "systemTime": "2026-05-26T05:09:55.9999090Z",
          "eventRecordID": "73818",
          "threadID": "8056",
          "computer": "SWE-13.arzw.local",
          "task": "0",
          "processID": "6644",
          "severityValue": "ERROR",
          "providerName": "Microsoft-Windows-FilterManager"
        }
      }
    },
    "rule": {
      "firedtimes": 13,
      "mail": false,
      "level": 5,
      "description": "Windows System error event",
      "groups": [
        "windows",
        "windows_system",
        "system_error"
      ],
      "id": "61102",
      "gpg13": [
        "4.3"
      ],
      "gdpr": [
        "IV_35.7.d"
      ]
    },
    "location": "EventChannel",
    "decoder": {
      "name": "windows_eventchannel"
    },
    "id": "1779772197.7117300",
    "timestamp": "2026-05-26T05:09:57.075+0000"
  },
  {
    "input": {
      "type": "log"
    },
    "agent": {
      "ip": "172.21.5.111",
      "name": "SWE-13",
      "id": "077"
    },
    "manager": {
      "name": "wazuh.manager"
    },
    "data": {
      "win": {
        "eventdata": {
          "sourceLine": "23758",
          "nTSTATUS": "c000000d",
          "volumeName": "\\\\\\\\?\\\\Volume{4a4c4e34-0e53-4837-8419-4ab38cd3cba5}",
          "binary": "0000000006003000000000001D0006C0DB0000000D0000C000000000000000000000000000000000",
          "sourceFileID": "0x0001",
          "sourceTag": "219"
        },
        "system": {
          "eventID": "29",
          "eventSourceName": "volsnap",
          "keywords": "0x80000000000000",
          "providerGuid": "{cb017cd2-1f37-4e65-82bc-3e91f6a37559}",
          "level": "2",
          "channel": "System",
          "opcode": "0",
          "message": "\"Die Schattenkopien von Volume \"\\\\?\\Volume{4a4c4e34-0e53-4837-8419-4ab38cd3cba5}\" wurde während der Ermittlung abgebrochen.\"",
          "version": "0",
          "systemTime": "2026-05-26T05:09:27.0553317Z",
          "eventRecordID": "73811",
          "threadID": "448",
          "computer": "SWE-13.arzw.local",
          "task": "0",
          "processID": "4",
          "severityValue": "ERROR",
          "providerName": "Volsnap"
        }
      }
    },
    "rule": {
      "firedtimes": 12,
      "mail": false,
      "level": 5,
      "description": "Windows System error event",
      "groups": [
        "windows",
        "windows_system",
        "system_error"
      ],
      "id": "61102",
      "gpg13": [
        "4.3"
      ],
      "gdpr": [
        "IV_35.7.d"
      ]
    },
    "location": "EventChannel",
    "decoder": {
      "name": "windows_eventchannel"
    },
    "id": "1779772167.7115332",
    "timestamp": "2026-05-26T05:09:27.915+0000"
  },
  {
    "input": {
      "type": "log"
    },
    "agent": {
      "ip": "172.21.5.111",
      "name": "SWE-13",
      "id": "077"
    },
    "manager": {
      "name": "wazuh.manager"
    },
    "data": {
      "win": {
        "eventdata": {
          "data": "2126-05-02T05:09:16Z, RulesEngine"
        },
        "system": {
          "eventID": "16384",
          "eventSourceName": "Software Protection Platform Service",
          "keywords": "0x80000000000000",
          "providerGuid": "{E23B33B0-C8C9-472C-A5F9-F2BDFEA0F156}",
          "level": "4",
          "channel": "Application",
          "opcode": "0",
          "message": "\"Der Softwareschutzdienst wurde erfolgreich für den erneuten Start bei 2126-05-02T05:09:16Z geplant. Grund: RulesEngine.\"",
          "version": "0",
          "systemTime": "2026-05-26T05:09:16.1802157Z",
          "eventRecordID": "35079",
          "threadID": "0",
          "computer": "SWE-13.arzw.local",
          "task": "0",
          "processID": "20120",
          "severityValue": "INFORMATION",
          "providerName": "Microsoft-Windows-Security-SPP"
        }
      }
    },
    "rule": {
      "firedtimes": 20,
      "mail": false,
      "level": 3,
      "description": "Software protection service scheduled successfully.",
      "groups": [
        "windows",
        "windows_application"
      ],
      "id": "60642"
    },
    "location": "EventChannel",
    "decoder": {
      "name": "windows_eventchannel"
    },
    "id": "1779772156.7101732",
    "timestamp": "2026-05-26T05:09:16.310+0000"
  },
  {
    "input": {
      "type": "log"
    },
    "agent": {
      "ip": "172.21.5.111",
      "name": "SWE-13",
      "id": "077"
    },
    "manager": {
      "name": "wazuh.manager"
    },
    "data": {
      "win": {
        "system": {
          "eventID": "1801",
          "keywords": "0x8000000000000000",
          "providerGuid": "{7d5387b0-cbe0-11da-a94d-0800200c9a66}",
          "level": "2",
          "channel": "System",
          "opcode": "0",
          "message": "\"Aktualisierte Zertifikate für den sicheren Start sind auf diesem Gerät verfügbar, wurden aber noch nicht auf die Firmware angewendet. Lesen Sie den veröffentlichten Leitfaden, um das Update abzuschließen und den vollständigen Schutz aufrechtzuerhalten. Diese Gerätesignaturinformationen sind hier enthalten.\r\nDeviceAttributes: \r\nBucketId: \r\nBucketConfidenceLevel: \r\nUpdateType: \r\nWeitere Informationen finden Sie unter https://go.microsoft.com/fwlink/?linkid=2301018.\"",
          "version": "2",
          "systemTime": "2026-05-26T05:08:30.9313140Z",
          "eventRecordID": "73810",
          "threadID": "14320",
          "computer": "SWE-13.arzw.local",
          "task": "0",
          "processID": "13168",
          "severityValue": "ERROR",
          "providerName": "Microsoft-Windows-TPM-WMI"
        }
      }
    },
    "rule": {
      "firedtimes": 11,
      "mail": false,
      "level": 5,
      "description": "Windows System error event",
      "groups": [
        "windows",
        "windows_system",
        "system_error"
      ],
      "id": "61102",
      "gpg13": [
        "4.3"
      ],
      "gdpr": [
        "IV_35.7.d"
      ]
    },
    "location": "EventChannel",
    "decoder": {
      "name": "windows_eventchannel"
    },
    "id": "1779772112.7069161",
    "timestamp": "2026-05-26T05:08:32.104+0000"
  },
