  {
    "input": {
      "type": "log"
    },
    "agent": {
      "ip": "172.25.107.70",
      "name": "SWE-11",
      "id": "044"
    },
    "manager": {
      "name": "wazuh.manager"
    },
    "data": {
      "win": {
        "eventdata": {
          "param5": "Neustart des Diensts",
          "binary": "74006100630074006900630061006C0072006D006D000000",
          "param3": "12000",
          "param4": "1",
          "param1": "TacticalRMM Agent Service",
          "param2": "1"
        },
        "system": {
          "eventID": "7031",
          "eventSourceName": "Service Control Manager",
          "keywords": "0x8080000000000000",
          "providerGuid": "{555908d1-a6d7-4695-8e1e-26931d2012f4}",
          "level": "2",
          "channel": "System",
          "opcode": "0",
          "message": "\"Der Dienst \"TacticalRMM Agent Service\" wurde unerwartet beendet. Dies ist bereits 1 Mal vorgekommen. Folgende Korrekturmaßnahmen werden in 12000 Millisekunden durchgeführt: Neustart des Diensts.\"",
          "version": "0",
          "systemTime": "2026-05-26T06:00:27.5163354Z",
          "eventRecordID": "118785",
          "threadID": "17044",
          "computer": "SWE-11.arzw.local",
          "task": "0",
          "processID": "888",
          "severityValue": "ERROR",
          "providerName": "Service Control Manager"
        }
      }
    },
    "rule": {
      "firedtimes": 2,
      "mail": false,
      "level": 5,
      "description": "TacticalRMM Agent Service terminated unexpectedly",
      "groups": [
        "windows",
        "windows_system"
      ],
      "id": "61107"
    },
    "location": "EventChannel",
    "decoder": {
      "name": "windows_eventchannel"
    },
    "id": "1779775228.10997281",
    "timestamp": "2026-05-26T06:00:28.540+0000"
  },
  {
    "input": {
      "type": "log"
    },
    "agent": {
      "ip": "172.25.107.70",
      "name": "SWE-11",
      "id": "044"
    },
    "manager": {
      "name": "wazuh.manager"
    },
    "data": {
      "win": {
        "eventdata": {
          "param5": "Neustart des Diensts",
          "binary": "74006100630074006900630061006C0072006D006D000000",
          "param3": "12000",
          "param4": "1",
          "param1": "TacticalRMM Agent Service",
          "param2": "1"
        },
        "system": {
          "eventID": "7031",
          "eventSourceName": "Service Control Manager",
          "keywords": "0x8080000000000000",
          "providerGuid": "{555908d1-a6d7-4695-8e1e-26931d2012f4}",
          "level": "2",
          "channel": "System",
          "opcode": "0",
          "message": "\"Der Dienst \"TacticalRMM Agent Service\" wurde unerwartet beendet. Dies ist bereits 1 Mal vorgekommen. Folgende Korrekturmaßnahmen werden in 12000 Millisekunden durchgeführt: Neustart des Diensts.\"",
          "version": "0",
          "systemTime": "2026-05-26T06:00:05.3655063Z",
          "eventRecordID": "118781",
          "threadID": "15708",
          "computer": "SWE-11.arzw.local",
          "task": "0",
          "processID": "888",
          "severityValue": "ERROR",
          "providerName": "Service Control Manager"
        }
      }
    },
    "rule": {
      "firedtimes": 1,
      "mail": false,
      "level": 5,
      "description": "TacticalRMM Agent Service terminated unexpectedly",
      "groups": [
        "windows",
        "windows_system"
      ],
      "id": "61107"
    },
    "location": "EventChannel",
    "decoder": {
      "name": "windows_eventchannel"
    },
    "id": "1779775206.10992522",
    "timestamp": "2026-05-26T06:00:06.390+0000"
  },
  {
    "input": {
      "type": "log"
    },
    "agent": {
      "ip": "172.25.107.70",
      "name": "SWE-11",
      "id": "044"
    },
    "manager": {
      "name": "wazuh.manager"
    },
    "data": {
      "win": {
        "eventdata": {
          "data": "C:\\\\WINDOWS\\\\system32\\\\svchost.exe -k netsvcs -p -s wuauserv, Windows Update",
          "binary": "0000000063020000590200000000000022CE28677C6DDA79E28C1C000000000000000000"
        },
        "system": {
          "eventID": "8216",
          "keywords": "0x80000000000000",
          "level": "4",
          "channel": "Application",
          "opcode": "0",
          "message": "\"Der Wiederherstellungspunkt (Prozess = \"C:\\WINDOWS\\system32\\svchost.exe -k netsvcs -p -s wuauserv\", Beschreibung = \"Windows Update\") wird nicht erstellt, da ein vorhandener Wiederherstellungspunkt aktuell genug für die Systemwiederherstellung ist.\"",
          "version": "0",
          "systemTime": "2026-05-26T05:59:47.8096757Z",
          "eventRecordID": "41745",
          "threadID": "0",
          "computer": "SWE-11.arzw.local",
          "task": "0",
          "processID": "7600",
          "severityValue": "INFORMATION",
          "providerName": "System Restore"
        }
      }
    },
    "rule": {
      "firedtimes": 9,
      "mail": false,
      "level": 4,
      "description": "Skipped creation of restore point for C:\\\\WINDOWS\\\\system32\\\\svchost.exe -k netsvcs -p -s wuauserv, Windows Update as there is a previous restore point available.",
      "groups": [
        "windows",
        "windows_application"
      ],
      "id": "60716"
    },
    "location": "EventChannel",
    "decoder": {
      "name": "windows_eventchannel"
    },
    "id": "1779775187.10984558",
    "timestamp": "2026-05-26T05:59:47.835+0000"
  },
  {
    "input": {
      "type": "log"
    },
    "agent": {
      "ip": "172.25.107.70",
      "name": "SWE-11",
      "id": "044"
    },
    "manager": {
      "name": "wazuh.manager"
    },
    "data": {
      "win": {
        "eventdata": {
          "param5": "Neustart des Diensts",
          "binary": "74006100630074006900630061006C0072006D006D000000",
          "param3": "12000",
          "param4": "1",
          "param1": "TacticalRMM Agent Service",
          "param2": "1"
        },
        "system": {
          "eventID": "7031",
          "eventSourceName": "Service Control Manager",
          "keywords": "0x8080000000000000",
          "providerGuid": "{555908d1-a6d7-4695-8e1e-26931d2012f4}",
          "level": "2",
          "channel": "System",
          "opcode": "0",
          "message": "\"Der Dienst \"TacticalRMM Agent Service\" wurde unerwartet beendet. Dies ist bereits 1 Mal vorgekommen. Folgende Korrekturmaßnahmen werden in 12000 Millisekunden durchgeführt: Neustart des Diensts.\"",
          "version": "0",
          "systemTime": "2026-05-26T05:59:43.2497171Z",
          "eventRecordID": "118778",
          "threadID": "7976",
          "computer": "SWE-11.arzw.local",
          "task": "0",
          "processID": "888",
          "severityValue": "ERROR",
          "providerName": "Service Control Manager"
        }
      }
    },
    "rule": {
      "firedtimes": 116,
      "mail": false,
      "level": 5,
      "description": "TacticalRMM Agent Service terminated unexpectedly",
      "groups": [
        "windows",
        "windows_system"
      ],
      "id": "61107"
    },
    "location": "EventChannel",
    "decoder": {
      "name": "windows_eventchannel"
    },
    "id": "1779775183.10982531",
    "timestamp": "2026-05-26T05:59:43.812+0000"
  },
  {
    "input": {
      "type": "log"
    },
    "agent": {
      "ip": "172.25.107.70",
      "name": "SWE-11",
      "id": "044"
    },
    "manager": {
      "name": "wazuh.manager"
    },
    "data": {
      "win": {
        "eventdata": {
          "param5": "Neustart des Diensts",
          "binary": "74006100630074006900630061006C0072006D006D000000",
          "param3": "12000",
          "param4": "1",
          "param1": "TacticalRMM Agent Service",
          "param2": "1"
        },
        "system": {
          "eventID": "7031",
          "eventSourceName": "Service Control Manager",
          "keywords": "0x8080000000000000",
          "providerGuid": "{555908d1-a6d7-4695-8e1e-26931d2012f4}",
          "level": "2",
          "channel": "System",
          "opcode": "0",
          "message": "\"Der Dienst \"TacticalRMM Agent Service\" wurde unerwartet beendet. Dies ist bereits 1 Mal vorgekommen. Folgende Korrekturmaßnahmen werden in 12000 Millisekunden durchgeführt: Neustart des Diensts.\"",
          "version": "0",
          "systemTime": "2026-05-26T05:59:21.1161324Z",
          "eventRecordID": "118771",
          "threadID": "7976",
          "computer": "SWE-11.arzw.local",
          "task": "0",
          "processID": "888",
          "severityValue": "ERROR",
          "providerName": "Service Control Manager"
        }
      }
    },
    "rule": {
      "firedtimes": 115,
      "mail": false,
      "level": 5,
      "description": "TacticalRMM Agent Service terminated unexpectedly",
      "groups": [
        "windows",
        "windows_system"
      ],
      "id": "61107"
    },
    "location": "EventChannel",
    "decoder": {
      "name": "windows_eventchannel"
    },
    "id": "1779775162.10979400",
    "timestamp": "2026-05-26T05:59:22.241+0000"
  },
  {
    "input": {
      "type": "log"
    },
    "agent": {
      "ip": "172.25.107.70",
      "name": "SWE-11",
      "id": "044"
    },
    "manager": {
      "name": "wazuh.manager"
    },
    "data": {
      "win": {
        "eventdata": {
          "data": "C:\\\\WINDOWS\\\\system32\\\\svchost.exe -k netsvcs -p -s wuauserv, Windows Update",
          "binary": "0000000063020000590200000000000022CE28677C6DDA79E28C1C000000000000000000"
        },
        "system": {
          "eventID": "8216",
          "keywords": "0x80000000000000",
          "level": "4",
          "channel": "Application",
          "opcode": "0",
          "message": "\"Der Wiederherstellungspunkt (Prozess = \"C:\\WINDOWS\\system32\\svchost.exe -k netsvcs -p -s wuauserv\", Beschreibung = \"Windows Update\") wird nicht erstellt, da ein vorhandener Wiederherstellungspunkt aktuell genug für die Systemwiederherstellung ist.\"",
          "version": "0",
          "systemTime": "2026-05-26T05:59:02.1757000Z",
          "eventRecordID": "41744",
          "threadID": "0",
          "computer": "SWE-11.arzw.local",
          "task": "0",
          "processID": "7600",
          "severityValue": "INFORMATION",
          "providerName": "System Restore"
        }
      }
    },
    "rule": {
      "firedtimes": 8,
      "mail": false,
      "level": 4,
      "description": "Skipped creation of restore point for C:\\\\WINDOWS\\\\system32\\\\svchost.exe -k netsvcs -p -s wuauserv, Windows Update as there is a previous restore point available.",
      "groups": [
        "windows",
        "windows_application"
      ],
      "id": "60716"
    },
    "location": "EventChannel",
    "decoder": {
      "name": "windows_eventchannel"
    },
    "id": "1779775142.10971437",
    "timestamp": "2026-05-26T05:59:02.205+0000"
  },
  {
    "input": {
      "type": "log"
    },
    "agent": {
      "ip": "172.25.107.70",
      "name": "SWE-11",
      "id": "044"
    },
    "manager": {
      "name": "wazuh.manager"
    },
    "data": {
      "win": {
        "eventdata": {
          "param5": "Neustart des Diensts",
          "binary": "74006100630074006900630061006C0072006D006D000000",
          "param3": "12000",
          "param4": "1",
          "param1": "TacticalRMM Agent Service",
          "param2": "1"
        },
        "system": {
          "eventID": "7031",
          "eventSourceName": "Service Control Manager",
          "keywords": "0x8080000000000000",
          "providerGuid": "{555908d1-a6d7-4695-8e1e-26931d2012f4}",
          "level": "2",
          "channel": "System",
          "opcode": "0",
          "message": "\"Der Dienst \"TacticalRMM Agent Service\" wurde unerwartet beendet. Dies ist bereits 1 Mal vorgekommen. Folgende Korrekturmaßnahmen werden in 12000 Millisekunden durchgeführt: Neustart des Diensts.\"",
          "version": "0",
          "systemTime": "2026-05-26T05:58:58.7965580Z",
          "eventRecordID": "118767",
          "threadID": "17044",
          "computer": "SWE-11.arzw.local",
          "task": "0",
          "processID": "888",
          "severityValue": "ERROR",
          "providerName": "Service Control Manager"
        }
      }
    },
    "rule": {
      "firedtimes": 114,
      "mail": false,
      "level": 5,
      "description": "TacticalRMM Agent Service terminated unexpectedly",
      "groups": [
        "windows",
        "windows_system"
      ],
      "id": "61107"
    },
    "location": "EventChannel",
    "decoder": {
      "name": "windows_eventchannel"
    },
    "id": "1779775139.10969408",
    "timestamp": "2026-05-26T05:58:59.430+0000"
  },
  {
    "input": {
      "type": "log"
    },
    "agent": {
      "ip": "172.25.107.70",
      "name": "SWE-11",
      "id": "044"
    },
    "manager": {
      "name": "wazuh.manager"
    },
    "data": {
      "win": {
        "eventdata": {
          "data": "2126-05-02T05:58:51Z, RulesEngine"
        },
        "system": {
          "eventID": "16384",
          "eventSourceName": "Software Protection Platform Service",
          "keywords": "0x80000000000000",
          "providerGuid": "{E23B33B0-C8C9-472C-A5F9-F2BDFEA0F156}",
          "level": "4",
          "channel": "Application",
          "opcode": "0",
          "message": "\"Der Softwareschutzdienst wurde erfolgreich für den erneuten Start bei 2126-05-02T05:58:51Z geplant. Grund: RulesEngine.\"",
          "version": "0",
          "systemTime": "2026-05-26T05:58:51.3994627Z",
          "eventRecordID": "41743",
          "threadID": "0",
          "computer": "SWE-11.arzw.local",
          "task": "0",
          "processID": "12372",
          "severityValue": "INFORMATION",
          "providerName": "Microsoft-Windows-Security-SPP"
        }
      }
    },
    "rule": {
      "firedtimes": 131,
      "mail": false,
      "level": 3,
      "description": "Software protection service scheduled successfully.",
      "groups": [
        "windows",
        "windows_application"
      ],
      "id": "60642"
    },
    "location": "EventChannel",
    "decoder": {
      "name": "windows_eventchannel"
    },
    "id": "1779775131.10965334",
    "timestamp": "2026-05-26T05:58:51.407+0000"
  },
  {
    "input": {
      "type": "log"
    },
    "agent": {
      "ip": "172.25.107.70",
      "name": "SWE-11",
      "id": "044"
    },
    "manager": {
      "name": "wazuh.manager"
    },
    "data": {
      "win": {
        "eventdata": {
          "param5": "Neustart des Diensts",
          "binary": "74006100630074006900630061006C0072006D006D000000",
          "param3": "12000",
          "param4": "1",
          "param1": "TacticalRMM Agent Service",
          "param2": "1"
        },
        "system": {
          "eventID": "7031",
          "eventSourceName": "Service Control Manager",
          "keywords": "0x8080000000000000",
          "providerGuid": "{555908d1-a6d7-4695-8e1e-26931d2012f4}",
          "level": "2",
          "channel": "System",
          "opcode": "0",
          "message": "\"Der Dienst \"TacticalRMM Agent Service\" wurde unerwartet beendet. Dies ist bereits 1 Mal vorgekommen. Folgende Korrekturmaßnahmen werden in 12000 Millisekunden durchgeführt: Neustart des Diensts.\"",
          "version": "0",
          "systemTime": "2026-05-26T05:58:36.6955188Z",
          "eventRecordID": "118765",
          "threadID": "7976",
          "computer": "SWE-11.arzw.local",
          "task": "0",
          "processID": "888",
          "severityValue": "ERROR",
          "providerName": "Service Control Manager"
        }
      }
    },
    "rule": {
      "firedtimes": 113,
      "mail": false,
      "level": 5,
      "description": "TacticalRMM Agent Service terminated unexpectedly",
      "groups": [
        "windows",
        "windows_system"
      ],
      "id": "61107"
    },
    "location": "EventChannel",
    "decoder": {
      "name": "windows_eventchannel"
    },
    "id": "1779775117.10962755",
    "timestamp": "2026-05-26T05:58:37.711+0000"
  },
  {
    "input": {
      "type": "log"
    },
    "agent": {
      "ip": "172.25.107.70",
      "name": "SWE-11",
      "id": "044"
    },
    "manager": {
      "name": "wazuh.manager"
    },
    "data": {
      "win": {
        "eventdata": {
          "param5": "Neustart des Diensts",
          "binary": "74006100630074006900630061006C0072006D006D000000",
          "param3": "12000",
          "param4": "1",
          "param1": "TacticalRMM Agent Service",
          "param2": "1"
        },
        "system": {
          "eventID": "7031",
          "eventSourceName": "Service Control Manager",
          "keywords": "0x8080000000000000",
          "providerGuid": "{555908d1-a6d7-4695-8e1e-26931d2012f4}",
          "level": "2",
          "channel": "System",
          "opcode": "0",
          "message": "\"Der Dienst \"TacticalRMM Agent Service\" wurde unerwartet beendet. Dies ist bereits 1 Mal vorgekommen. Folgende Korrekturmaßnahmen werden in 12000 Millisekunden durchgeführt: Neustart des Diensts.\"",
          "version": "0",
          "systemTime": "2026-05-26T05:58:14.5974117Z",
          "eventRecordID": "118761",
          "threadID": "12028",
          "computer": "SWE-11.arzw.local",
          "task": "0",
          "processID": "888",
          "severityValue": "ERROR",
          "providerName": "Service Control Manager"
        }
      }
    },
    "rule": {
      "firedtimes": 112,
      "mail": false,
      "level": 5,
      "description": "TacticalRMM Agent Service terminated unexpectedly",
      "groups": [
        "windows",
        "windows_system"
      ],
      "id": "61107"
    },
    "location": "EventChannel",
    "decoder": {
      "name": "windows_eventchannel"
    },
    "id": "1779775095.10945336",
    "timestamp": "2026-05-26T05:58:15.328+0000"
  },
  {
    "input": {
      "type": "log"
    },
    "agent": {
      "ip": "172.25.107.70",
      "name": "SWE-11",
      "id": "044"
    },
    "manager": {
      "name": "wazuh.manager"
    },
    "data": {
      "win": {
        "eventdata": {
          "param5": "Neustart des Diensts",
          "binary": "74006100630074006900630061006C0072006D006D000000",
          "param3": "12000",
          "param4": "1",
          "param1": "TacticalRMM Agent Service",
          "param2": "1"
        },
        "system": {
          "eventID": "7031",
          "eventSourceName": "Service Control Manager",
          "keywords": "0x8080000000000000",
          "providerGuid": "{555908d1-a6d7-4695-8e1e-26931d2012f4}",
          "level": "2",
          "channel": "System",
          "opcode": "0",
          "message": "\"Der Dienst \"TacticalRMM Agent Service\" wurde unerwartet beendet. Dies ist bereits 1 Mal vorgekommen. Folgende Korrekturmaßnahmen werden in 12000 Millisekunden durchgeführt: Neustart des Diensts.\"",
          "version": "0",
          "systemTime": "2026-05-26T05:57:52.4809850Z",
          "eventRecordID": "118757",
          "threadID": "14108",
          "computer": "SWE-11.arzw.local",
          "task": "0",
          "processID": "888",
          "severityValue": "ERROR",
          "providerName": "Service Control Manager"
        }
      }
    },
    "rule": {
      "firedtimes": 111,
      "mail": false,
      "level": 5,
      "description": "TacticalRMM Agent Service terminated unexpectedly",
      "groups": [
        "windows",
        "windows_system"
      ],
      "id": "61107"
    },
    "location": "EventChannel",
    "decoder": {
      "name": "windows_eventchannel"
    },
    "id": "1779775072.10933281",
    "timestamp": "2026-05-26T05:57:52.830+0000"
  },
  {
    "input": {
      "type": "log"
    },
    "agent": {
      "ip": "172.25.107.70",
      "name": "SWE-11",
      "id": "044"
    },
    "manager": {
      "name": "wazuh.manager"
    },
    "data": {
      "win": {
        "eventdata": {
          "param5": "Neustart des Diensts",
          "binary": "74006100630074006900630061006C0072006D006D000000",
          "param3": "12000",
          "param4": "1",
          "param1": "TacticalRMM Agent Service",
          "param2": "1"
        },
        "system": {
          "eventID": "7031",
          "eventSourceName": "Service Control Manager",
          "keywords": "0x8080000000000000",
          "providerGuid": "{555908d1-a6d7-4695-8e1e-26931d2012f4}",
          "level": "2",
          "channel": "System",
          "opcode": "0",
          "message": "\"Der Dienst \"TacticalRMM Agent Service\" wurde unerwartet beendet. Dies ist bereits 1 Mal vorgekommen. Folgende Korrekturmaßnahmen werden in 12000 Millisekunden durchgeführt: Neustart des Diensts.\"",
          "version": "0",
          "systemTime": "2026-05-26T05:57:30.3665449Z",
          "eventRecordID": "118753",
          "threadID": "7976",
          "computer": "SWE-11.arzw.local",
          "task": "0",
          "processID": "888",
          "severityValue": "ERROR",
          "providerName": "Service Control Manager"
        }
      }
    },
    "rule": {
      "firedtimes": 110,
      "mail": false,
      "level": 5,
      "description": "TacticalRMM Agent Service terminated unexpectedly",
      "groups": [
        "windows",
        "windows_system"
      ],
      "id": "61107"
    },
    "location": "EventChannel",
    "decoder": {
      "name": "windows_eventchannel"
    },
    "id": "1779775051.10928524",
    "timestamp": "2026-05-26T05:57:31.160+0000"
  },
  {
    "input": {
      "type": "log"
    },
    "agent": {
      "ip": "172.25.107.70",
      "name": "SWE-11",
      "id": "044"
    },
    "manager": {
      "name": "wazuh.manager"
    },
    "data": {
      "win": {
        "eventdata": {
          "param5": "Neustart des Diensts",
          "binary": "74006100630074006900630061006C0072006D006D000000",
          "param3": "12000",
          "param4": "1",
          "param1": "TacticalRMM Agent Service",
          "param2": "1"
        },
        "system": {
          "eventID": "7031",
          "eventSourceName": "Service Control Manager",
          "keywords": "0x8080000000000000",
          "providerGuid": "{555908d1-a6d7-4695-8e1e-26931d2012f4}",
          "level": "2",
          "channel": "System",
          "opcode": "0",
          "message": "\"Der Dienst \"TacticalRMM Agent Service\" wurde unerwartet beendet. Dies ist bereits 1 Mal vorgekommen. Folgende Korrekturmaßnahmen werden in 12000 Millisekunden durchgeführt: Neustart des Diensts.\"",
          "version": "0",
          "systemTime": "2026-05-26T05:57:08.2270910Z",
          "eventRecordID": "118742",
          "threadID": "12028",
          "computer": "SWE-11.arzw.local",
          "task": "0",
          "processID": "888",
          "severityValue": "ERROR",
          "providerName": "Service Control Manager"
        }
      }
    },
    "rule": {
      "firedtimes": 109,
      "mail": false,
      "level": 5,
      "description": "TacticalRMM Agent Service terminated unexpectedly",
      "groups": [
        "windows",
        "windows_system"
      ],
      "id": "61107"
    },
    "location": "EventChannel",
    "decoder": {
      "name": "windows_eventchannel"
    },
    "id": "1779775028.10924839",
    "timestamp": "2026-05-26T05:57:08.447+0000"
  },
  {
    "input": {
      "type": "log"
    },
    "agent": {
      "ip": "172.25.107.70",
      "name": "SWE-11",
      "id": "044"
    },
    "manager": {
      "name": "wazuh.manager"
    },
    "data": {
      "win": {
        "eventdata": {
          "data": "C:\\\\WINDOWS\\\\system32\\\\svchost.exe -k netsvcs -p -s wuauserv, Windows Update",
          "binary": "0000000063020000590200000000000022CE28677C6DDA79E28C1C000000000000000000"
        },
        "system": {
          "eventID": "8216",
          "keywords": "0x80000000000000",
          "level": "4",
          "channel": "Application",
          "opcode": "0",
          "message": "\"Der Wiederherstellungspunkt (Prozess = \"C:\\WINDOWS\\system32\\svchost.exe -k netsvcs -p -s wuauserv\", Beschreibung = \"Windows Update\") wird nicht erstellt, da ein vorhandener Wiederherstellungspunkt aktuell genug für die Systemwiederherstellung ist.\"",
          "version": "0",
          "systemTime": "2026-05-26T05:57:02.1506492Z",
          "eventRecordID": "41734",
          "threadID": "0",
          "computer": "SWE-11.arzw.local",
          "task": "0",
          "processID": "7600",
          "severityValue": "INFORMATION",
          "providerName": "System Restore"
        }
      }
    },
    "rule": {
      "firedtimes": 7,
      "mail": false,
      "level": 4,
      "description": "Skipped creation of restore point for C:\\\\WINDOWS\\\\system32\\\\svchost.exe -k netsvcs -p -s wuauserv, Windows Update as there is a previous restore point available.",
      "groups": [
        "windows",
        "windows_application"
      ],
      "id": "60716"
    },
    "location": "EventChannel",
    "decoder": {
      "name": "windows_eventchannel"
    },
    "id": "1779775022.10920661",
    "timestamp": "2026-05-26T05:57:02.177+0000"
  },
  {
    "input": {
      "type": "log"
    },
    "agent": {
      "ip": "172.25.107.70",
      "name": "SWE-11",
      "id": "044"
    },
    "manager": {
      "name": "wazuh.manager"
    },
    "data": {
      "win": {
        "eventdata": {
          "data": "C:\\\\WINDOWS\\\\system32\\\\svchost.exe -k netsvcs -p -s wuauserv, Windows Update",
          "binary": "0000000063020000590200000000000022CE28677C6DDA79E28C1C000000000000000000"
        },
        "system": {
          "eventID": "8216",
          "keywords": "0x80000000000000",
          "level": "4",
          "channel": "Application",
          "opcode": "0",
          "message": "\"Der Wiederherstellungspunkt (Prozess = \"C:\\WINDOWS\\system32\\svchost.exe -k netsvcs -p -s wuauserv\", Beschreibung = \"Windows Update\") wird nicht erstellt, da ein vorhandener Wiederherstellungspunkt aktuell genug für die Systemwiederherstellung ist.\"",
          "version": "0",
          "systemTime": "2026-05-26T05:56:53.3962353Z",
          "eventRecordID": "41719",
          "threadID": "0",
          "computer": "SWE-11.arzw.local",
          "task": "0",
          "processID": "7600",
          "severityValue": "INFORMATION",
          "providerName": "System Restore"
        }
      }
    },
    "rule": {
      "firedtimes": 6,
      "mail": false,
      "level": 4,
      "description": "Skipped creation of restore point for C:\\\\WINDOWS\\\\system32\\\\svchost.exe -k netsvcs -p -s wuauserv, Windows Update as there is a previous restore point available.",
      "groups": [
        "windows",
        "windows_application"
      ],
      "id": "60716"
    },
    "location": "EventChannel",
    "decoder": {
      "name": "windows_eventchannel"
    },
    "id": "1779775013.10918119",
    "timestamp": "2026-05-26T05:56:53.451+0000"
  },
  {
    "input": {
      "type": "log"
    },
    "agent": {
      "ip": "172.25.107.70",
      "name": "SWE-11",
      "id": "044"
    },
    "manager": {
      "name": "wazuh.manager"
    },
    "data": {
      "win": {
        "eventdata": {
          "data": "C:\\\\WINDOWS\\\\system32\\\\svchost.exe -k netsvcs -p -s wuauserv, Windows Update",
          "binary": "0000000063020000590200000000000022CE28677C6DDA79E28C1C000000000000000000"
        },
        "system": {
          "eventID": "8216",
          "keywords": "0x80000000000000",
          "level": "4",
          "channel": "Application",
          "opcode": "0",
          "message": "\"Der Wiederherstellungspunkt (Prozess = \"C:\\WINDOWS\\system32\\svchost.exe -k netsvcs -p -s wuauserv\", Beschreibung = \"Windows Update\") wird nicht erstellt, da ein vorhandener Wiederherstellungspunkt aktuell genug für die Systemwiederherstellung ist.\"",
          "version": "0",
          "systemTime": "2026-05-26T05:56:53.3962403Z",
          "eventRecordID": "41718",
          "threadID": "0",
          "computer": "SWE-11.arzw.local",
          "task": "0",
          "processID": "7600",
          "severityValue": "INFORMATION",
          "providerName": "System Restore"
        }
      }
    },
    "rule": {
      "firedtimes": 5,
      "mail": false,
      "level": 4,
      "description": "Skipped creation of restore point for C:\\\\WINDOWS\\\\system32\\\\svchost.exe -k netsvcs -p -s wuauserv, Windows Update as there is a previous restore point available.",
      "groups": [
        "windows",
        "windows_application"
      ],
      "id": "60716"
    },
    "location": "EventChannel",
    "decoder": {
      "name": "windows_eventchannel"
    },
    "id": "1779775013.10916129",
    "timestamp": "2026-05-26T05:56:53.441+0000"
  },
  {
    "input": {
      "type": "log"
    },
    "agent": {
      "ip": "172.25.107.70",
      "name": "SWE-11",
      "id": "044"
    },
    "manager": {
      "name": "wazuh.manager"
    },
    "data": {
      "win": {
        "eventdata": {
          "param5": "Neustart des Diensts",
          "binary": "74006100630074006900630061006C0072006D006D000000",
          "param3": "12000",
          "param4": "1",
          "param1": "TacticalRMM Agent Service",
          "param2": "1"
        },
        "system": {
          "eventID": "7031",
          "eventSourceName": "Service Control Manager",
          "keywords": "0x8080000000000000",
          "providerGuid": "{555908d1-a6d7-4695-8e1e-26931d2012f4}",
          "level": "2",
          "channel": "System",
          "opcode": "0",
          "message": "\"Der Dienst \"TacticalRMM Agent Service\" wurde unerwartet beendet. Dies ist bereits 1 Mal vorgekommen. Folgende Korrekturmaßnahmen werden in 12000 Millisekunden durchgeführt: Neustart des Diensts.\"",
          "version": "0",
          "systemTime": "2026-05-26T05:56:46.1058918Z",
          "eventRecordID": "118716",
          "threadID": "7976",
          "computer": "SWE-11.arzw.local",
          "task": "0",
          "processID": "888",
          "severityValue": "ERROR",
          "providerName": "Service Control Manager"
        }
      }
    },
    "rule": {
      "firedtimes": 108,
      "mail": false,
      "level": 5,
      "description": "TacticalRMM Agent Service terminated unexpectedly",
      "groups": [
        "windows",
        "windows_system"
      ],
      "id": "61107"
    },
    "location": "EventChannel",
    "decoder": {
      "name": "windows_eventchannel"
    },
    "id": "1779775007.10908975",
    "timestamp": "2026-05-26T05:56:47.000+0000"
  },
  {
    "input": {
      "type": "log"
    },
    "agent": {
      "ip": "172.25.107.70",
      "name": "SWE-11",
      "id": "044"
    },
    "manager": {
      "name": "wazuh.manager"
    },
    "data": {
      "win": {
        "eventdata": {
          "param5": "Neustart des Diensts",
          "binary": "74006100630074006900630061006C0072006D006D000000",
          "param3": "12000",
          "param4": "1",
          "param1": "TacticalRMM Agent Service",
          "param2": "1"
        },
        "system": {
          "eventID": "7031",
          "eventSourceName": "Service Control Manager",
          "keywords": "0x8080000000000000",
          "providerGuid": "{555908d1-a6d7-4695-8e1e-26931d2012f4}",
          "level": "2",
          "channel": "System",
          "opcode": "0",
          "message": "\"Der Dienst \"TacticalRMM Agent Service\" wurde unerwartet beendet. Dies ist bereits 1 Mal vorgekommen. Folgende Korrekturmaßnahmen werden in 12000 Millisekunden durchgeführt: Neustart des Diensts.\"",
          "version": "0",
          "systemTime": "2026-05-26T05:56:23.9945648Z",
          "eventRecordID": "118704",
          "threadID": "7976",
          "computer": "SWE-11.arzw.local",
          "task": "0",
          "processID": "888",
          "severityValue": "ERROR",
          "providerName": "Service Control Manager"
        }
      }
    },
    "rule": {
      "firedtimes": 107,
      "mail": false,
      "level": 5,
      "description": "TacticalRMM Agent Service terminated unexpectedly",
      "groups": [
        "windows",
        "windows_system"
      ],
      "id": "61107"
    },
    "location": "EventChannel",
    "decoder": {
      "name": "windows_eventchannel"
    },
    "id": "1779774985.10905844",
    "timestamp": "2026-05-26T05:56:25.009+0000"
  },
  {
    "input": {
      "type": "log"
    },
    "agent": {
      "ip": "172.25.107.70",
      "name": "SWE-11",
      "id": "044"
    },
    "manager": {
      "name": "wazuh.manager"
    },
    "data": {
      "win": {
        "eventdata": {
          "updateRevisionNumber": "1",
          "updateGuid": "{83502d7e-933c-4c19-808a-e2e496954b7c}",
          "serviceGuid": "{855e8a7c-ecb4-4ca3-b045-1dfa50104289}",
          "errorCode": "0x80073d02",
          "updateTitle": "9NBLGGH4LS1F-Microsoft.StorePurchaseApp"
        },
        "system": {
          "eventID": "20",
          "keywords": "0x8000000000000028",
          "providerGuid": "{945a8954-c147-4acd-923f-40c45405a658}",
          "level": "2",
          "channel": "System",
          "opcode": "13",
          "message": "\"Installationsfehler: Die Installation des folgenden Updates ist mit Fehler 0x80073D02 fehlgeschlagen: 9NBLGGH4LS1F-Microsoft.StorePurchaseApp\"",
          "version": "1",
          "systemTime": "2026-05-26T05:56:16.9385161Z",
          "eventRecordID": "118700",
          "threadID": "14296",
          "computer": "SWE-11.arzw.local",
          "task": "1",
          "processID": "7600",
          "severityValue": "ERROR",
          "providerName": "Microsoft-Windows-WindowsUpdateClient"
        }
      }
    },
    "rule": {
      "firedtimes": 59,
      "mail": false,
      "level": 5,
      "description": "Windows System error event",
      "groups": [
        "windows",
        "windows_system",
        "system_error"
      ],
      "id": "61102",
      "gpg13": [
        "4.3"
      ],
      "gdpr": [
        "IV_35.7.d"
      ]
    },
    "location": "EventChannel",
    "decoder": {
      "name": "windows_eventchannel"
    },
    "id": "1779774977.10903349",
    "timestamp": "2026-05-26T05:56:17.831+0000"
  },
  {
    "input": {
      "type": "log"
    },
    "agent": {
      "ip": "172.25.107.70",
      "name": "SWE-11",
      "id": "044"
    },
    "manager": {
      "name": "wazuh.manager"
    },
    "data": {
      "win": {
        "eventdata": {
          "p1": "msedgewebview2.exe",
          "p2": "148.0.3967.83",
          "rechecking": "0",
          "p3": "10.0.26200.2.0.0",
          "attachedFiles": "  \\\\\\\\?\\\\C:\\\\Users\\\\c.koellner\\\\AppData\\\\Local\\\\Temp\\\\RDRB2C8.tmp\\\\empty.txt  \\\\\\\\?\\\\C:\\\\ProgramData\\\\Microsoft\\\\Windows\\\\WER\\\\Temp\\\\WER.9806bc70-caa2-4421-b35d-e4d53d0ab184.tmp.WERInternalMetadata.xml  \\\\\\\\?\\\\C:\\\\ProgramData\\\\Microsoft\\\\Windows\\\\WER\\\\Temp\\\\WER.2a038fe3-5040-4794-aa42-999f2f03b1e6.tmp.csv  \\\\\\\\?\\\\C:\\\\ProgramData\\\\Microsoft\\\\Windows\\\\WER\\\\Temp\\\\WER.d05025be-94da-4376-857f-9d22ce472cb2.tmp.txt  \\\\\\\\?\\\\C:\\\\ProgramData\\\\Microsoft\\\\Windows\\\\WER\\\\Temp\\\\WER.d8140afc-2979-4391-b816-26c2d19275cc.tmp.xml",
          "reportId": "5e0fc679-8370-4af4-8547-7fe2cabfd3a8",
          "reportStatus": "268435456",
          "bucket": "1910494299927277063",
          "storePath": "NULL",
          "bucketType": "5",
          "hashedBucket": "3e320548ffd2e3763a8370718c92ee07",
          "response": "Nicht verfügbar",
          "eventName": "RADAR_PRE_LEAK_64",
          "cabGuid": "0",
          "cabId": "0"
        },
        "system": {
          "eventID": "1001",
          "keywords": "0x8000000000000000",
          "providerGuid": "{0ead09bd-2157-539a-8d6d-c87f95b64d70}",
          "level": "4",
          "channel": "Application",
          "opcode": "0",
          "message": "\"Fehlerbucket 1910494299927277063, Typ 5\r\nEreignisname: RADAR_PRE_LEAK_64\r\nAntwort: Nicht verfügbar\r\nCAB-Datei-ID: 0\r\n\r\nProblemsignatur:\r\nP1: msedgewebview2.exe\r\nP2: 148.0.3967.83\r\nP3: 10.0.26200.2.0.0\r\nP4: \r\nP5: \r\nP6: \r\nP7: \r\nP8: \r\nP9: \r\nP10: \r\n\r\nAngefügte Dateien:\r\n\\\\?\\C:\\Users\\c.koellner\\AppData\\Local\\Temp\\RDRB2C8.tmp\\empty.txt\r\n\\\\?\\C:\\ProgramData\\Microsoft\\Windows\\WER\\Temp\\WER.9806bc70-caa2-4421-b35d-e4d53d0ab184.tmp.WERInternalMetadata.xml\r\n\\\\?\\C:\\ProgramData\\Microsoft\\Windows\\WER\\Temp\\WER.2a038fe3-5040-4794-aa42-999f2f03b1e6.tmp.csv\r\n\\\\?\\C:\\ProgramData\\Microsoft\\Windows\\WER\\Temp\\WER.d05025be-94da-4376-857f-9d22ce472cb2.tmp.txt\r\n\\\\?\\C:\\ProgramData\\Microsoft\\Windows\\WER\\Temp\\WER.d8140afc-2979-4391-b816-26c2d19275cc.tmp.xml\r\n\r\nDiese Dateien befinden sich möglicherweise hier:\r\nNULL\r\n\r\nAnalysesymbol: \r\nEs wird erneut nach einer Lösung gesucht: 0\r\nBerichts-ID: 5e0fc679-8370-4af4-8547-7fe2cabfd3a8\r\nBerichtstatus: 268435456\r\nBucket mit Hash: 3e320548ffd2e3763a8370718c92ee07\r\nCAB-Datei-Guid: 0\"",
          "version": "0",
          "systemTime": "2026-05-26T05:56:06.1328938Z",
          "eventRecordID": "41712",
          "threadID": "13020",
          "computer": "SWE-11.arzw.local",
          "task": "0",
          "processID": "15924",
          "severityValue": "INFORMATION",
          "providerName": "Windows Error Reporting"
        }
      }
    },
    "rule": {
      "firedtimes": 35,
      "mail": false,
      "level": 4,
      "description": "Summary event of the report's signatures.",
      "groups": [
        "windows",
        "windows_application"
      ],
      "id": "60608"
    },
    "location": "EventChannel",
    "decoder": {
      "name": "windows_eventchannel"
    },
    "id": "1779774966.10895831",
    "timestamp": "2026-05-26T05:56:06.631+0000"
  },
  {
    "input": {
      "type": "log"
    },
    "agent": {
      "ip": "172.25.107.70",
      "name": "SWE-11",
      "id": "044"
    },
    "manager": {
      "name": "wazuh.manager"
    },
    "data": {
      "win": {
        "eventdata": {
          "param5": "Neustart des Diensts",
          "binary": "74006100630074006900630061006C0072006D006D000000",
          "param3": "12000",
          "param4": "1",
          "param1": "TacticalRMM Agent Service",
          "param2": "1"
        },
        "system": {
          "eventID": "7031",
          "eventSourceName": "Service Control Manager",
          "keywords": "0x8080000000000000",
          "providerGuid": "{555908d1-a6d7-4695-8e1e-26931d2012f4}",
          "level": "2",
          "channel": "System",
          "opcode": "0",
          "message": "\"Der Dienst \"TacticalRMM Agent Service\" wurde unerwartet beendet. Dies ist bereits 1 Mal vorgekommen. Folgende Korrekturmaßnahmen werden in 12000 Millisekunden durchgeführt: Neustart des Diensts.\"",
          "version": "0",
          "systemTime": "2026-05-26T05:56:01.8616378Z",
          "eventRecordID": "118670",
          "threadID": "5292",
          "computer": "SWE-11.arzw.local",
          "task": "0",
          "processID": "888",
          "severityValue": "ERROR",
          "providerName": "Service Control Manager"
        }
      }
    },
    "rule": {
      "firedtimes": 106,
      "mail": false,
      "level": 5,
      "description": "TacticalRMM Agent Service terminated unexpectedly",
      "groups": [
        "windows",
        "windows_system"
      ],
      "id": "61107"
    },
    "location": "EventChannel",
    "decoder": {
      "name": "windows_eventchannel"
    },
    "id": "1779774961.10893804",
    "timestamp": "2026-05-26T05:56:01.997+0000"
  },
  {
    "input": {
      "type": "log"
    },
    "agent": {
      "ip": "172.25.107.70",
      "name": "SWE-11",
      "id": "044"
    },
    "manager": {
      "name": "wazuh.manager"
    },
    "data": {
      "win": {
        "eventdata": {
          "param5": "Neustart des Diensts",
          "binary": "74006100630074006900630061006C0072006D006D000000",
          "param3": "12000",
          "param4": "1",
          "param1": "TacticalRMM Agent Service",
          "param2": "1"
        },
        "system": {
          "eventID": "7031",
          "eventSourceName": "Service Control Manager",
          "keywords": "0x8080000000000000",
          "providerGuid": "{555908d1-a6d7-4695-8e1e-26931d2012f4}",
          "level": "2",
          "channel": "System",
          "opcode": "0",
          "message": "\"Der Dienst \"TacticalRMM Agent Service\" wurde unerwartet beendet. Dies ist bereits 1 Mal vorgekommen. Folgende Korrekturmaßnahmen werden in 12000 Millisekunden durchgeführt: Neustart des Diensts.\"",
          "version": "0",
          "systemTime": "2026-05-26T05:55:39.7586360Z",
          "eventRecordID": "118637",
          "threadID": "5292",
          "computer": "SWE-11.arzw.local",
          "task": "0",
          "processID": "888",
          "severityValue": "ERROR",
          "providerName": "Service Control Manager"
        }
      }
    },
    "rule": {
      "firedtimes": 105,
      "mail": false,
      "level": 5,
      "description": "TacticalRMM Agent Service terminated unexpectedly",
      "groups": [
        "windows",
        "windows_system"
      ],
      "id": "61107"
    },
    "location": "EventChannel",
    "decoder": {
      "name": "windows_eventchannel"
    },
    "id": "1779774940.10886602",
    "timestamp": "2026-05-26T05:55:40.100+0000"
  },
  {
    "input": {
      "type": "log"
    },
    "agent": {
      "ip": "172.25.107.70",
      "name": "SWE-11",
      "id": "044"
    },
    "manager": {
      "name": "wazuh.manager"
    },
    "data": {
      "win": {
        "eventdata": {
          "param5": "Neustart des Diensts",
          "binary": "74006100630074006900630061006C0072006D006D000000",
          "param3": "12000",
          "param4": "1",
          "param1": "TacticalRMM Agent Service",
          "param2": "1"
        },
        "system": {
          "eventID": "7031",
          "eventSourceName": "Service Control Manager",
          "keywords": "0x8080000000000000",
          "providerGuid": "{555908d1-a6d7-4695-8e1e-26931d2012f4}",
          "level": "2",
          "channel": "System",
          "opcode": "0",
          "message": "\"Der Dienst \"TacticalRMM Agent Service\" wurde unerwartet beendet. Dies ist bereits 1 Mal vorgekommen. Folgende Korrekturmaßnahmen werden in 12000 Millisekunden durchgeführt: Neustart des Diensts.\"",
          "version": "0",
          "systemTime": "2026-05-26T05:55:17.6377455Z",
          "eventRecordID": "118593",
          "threadID": "15708",
          "computer": "SWE-11.arzw.local",
          "task": "0",
          "processID": "888",
          "severityValue": "ERROR",
          "providerName": "Service Control Manager"
        }
      }
    },
    "rule": {
      "firedtimes": 104,
      "mail": false,
      "level": 5,
      "description": "TacticalRMM Agent Service terminated unexpectedly",
      "groups": [
        "windows",
        "windows_system"
      ],
      "id": "61107"
    },
    "location": "EventChannel",
    "decoder": {
      "name": "windows_eventchannel"
    },
    "id": "1779774917.10880765",
    "timestamp": "2026-05-26T05:55:17.983+0000"
  },
  {
    "input": {
      "type": "log"
    },
    "agent": {
      "ip": "172.25.107.70",
      "name": "SWE-11",
      "id": "044"
    },
    "manager": {
      "name": "wazuh.manager"
    },
    "data": {
      "win": {
        "eventdata": {
          "param5": "Neustart des Diensts",
          "binary": "74006100630074006900630061006C0072006D006D000000",
          "param3": "12000",
          "param4": "1",
          "param1": "TacticalRMM Agent Service",
          "param2": "1"
        },
        "system": {
          "eventID": "7031",
          "eventSourceName": "Service Control Manager",
          "keywords": "0x8080000000000000",
          "providerGuid": "{555908d1-a6d7-4695-8e1e-26931d2012f4}",
          "level": "2",
          "channel": "System",
          "opcode": "0",
          "message": "\"Der Dienst \"TacticalRMM Agent Service\" wurde unerwartet beendet. Dies ist bereits 1 Mal vorgekommen. Folgende Korrekturmaßnahmen werden in 12000 Millisekunden durchgeführt: Neustart des Diensts.\"",
          "version": "0",
          "systemTime": "2026-05-26T05:54:55.5062522Z",
          "eventRecordID": "118578",
          "threadID": "15708",
          "computer": "SWE-11.arzw.local",
          "task": "0",
          "processID": "888",
          "severityValue": "ERROR",
          "providerName": "Service Control Manager"
        }
      }
    },
    "rule": {
      "firedtimes": 103,
      "mail": false,
      "level": 5,
      "description": "TacticalRMM Agent Service terminated unexpectedly",
      "groups": [
        "windows",
        "windows_system"
      ],
      "id": "61107"
    },
    "location": "EventChannel",
    "decoder": {
      "name": "windows_eventchannel"
    },
    "id": "1779774896.10860822",
    "timestamp": "2026-05-26T05:54:56.294+0000"
  },
  {
    "input": {
      "type": "log"
    },
    "agent": {
      "ip": "172.25.107.70",
      "name": "SWE-11",
      "id": "044"
    },
    "manager": {
      "name": "wazuh.manager"
    },
    "data": {
      "win": {
        "eventdata": {
          "param5": "Neustart des Diensts",
          "binary": "74006100630074006900630061006C0072006D006D000000",
          "param3": "12000",
          "param4": "1",
          "param1": "TacticalRMM Agent Service",
          "param2": "1"
        },
        "system": {
          "eventID": "7031",
          "eventSourceName": "Service Control Manager",
          "keywords": "0x8080000000000000",
          "providerGuid": "{555908d1-a6d7-4695-8e1e-26931d2012f4}",
          "level": "2",
          "channel": "System",
          "opcode": "0",
          "message": "\"Der Dienst \"TacticalRMM Agent Service\" wurde unerwartet beendet. Dies ist bereits 1 Mal vorgekommen. Folgende Korrekturmaßnahmen werden in 12000 Millisekunden durchgeführt: Neustart des Diensts.\"",
          "version": "0",
          "systemTime": "2026-05-26T05:54:33.3949374Z",
          "eventRecordID": "118574",
          "threadID": "5292",
          "computer": "SWE-11.arzw.local",
          "task": "0",
          "processID": "888",
          "severityValue": "ERROR",
          "providerName": "Service Control Manager"
        }
      }
    },
    "rule": {
      "firedtimes": 102,
      "mail": false,
      "level": 5,
      "description": "TacticalRMM Agent Service terminated unexpectedly",
      "groups": [
        "windows",
        "windows_system"
      ],
      "id": "61107"
    },
    "location": "EventChannel",
    "decoder": {
      "name": "windows_eventchannel"
    },
    "id": "1779774873.10837581",
    "timestamp": "2026-05-26T05:54:33.851+0000"
  },
  {
    "input": {
      "type": "log"
    },
    "agent": {
      "ip": "172.25.107.70",
      "name": "SWE-11",
      "id": "044"
    },
    "manager": {
      "name": "wazuh.manager"
    },
    "data": {
      "win": {
        "eventdata": {
          "param5": "Neustart des Diensts",
          "binary": "74006100630074006900630061006C0072006D006D000000",
          "param3": "12000",
          "param4": "1",
          "param1": "TacticalRMM Agent Service",
          "param2": "1"
        },
        "system": {
          "eventID": "7031",
          "eventSourceName": "Service Control Manager",
          "keywords": "0x8080000000000000",
          "providerGuid": "{555908d1-a6d7-4695-8e1e-26931d2012f4}",
          "level": "2",
          "channel": "System",
          "opcode": "0",
          "message": "\"Der Dienst \"TacticalRMM Agent Service\" wurde unerwartet beendet. Dies ist bereits 1 Mal vorgekommen. Folgende Korrekturmaßnahmen werden in 12000 Millisekunden durchgeführt: Neustart des Diensts.\"",
          "version": "0",
          "systemTime": "2026-05-26T05:54:11.2926135Z",
          "eventRecordID": "118573",
          "threadID": "15708",
          "computer": "SWE-11.arzw.local",
          "task": "0",
          "processID": "888",
          "severityValue": "ERROR",
          "providerName": "Service Control Manager"
        }
      }
    },
    "rule": {
      "firedtimes": 101,
      "mail": false,
      "level": 5,
      "description": "TacticalRMM Agent Service terminated unexpectedly",
      "groups": [
        "windows",
        "windows_system"
      ],
      "id": "61107"
    },
    "location": "EventChannel",
    "decoder": {
      "name": "windows_eventchannel"
    },
    "id": "1779774852.10831221",
    "timestamp": "2026-05-26T05:54:12.301+0000"
  },
