  {
    "input": {
      "type": "log"
    },
    "agent": {
      "ip": "172.25.107.70",
      "name": "SWE-11",
      "id": "044"
    },
    "manager": {
      "name": "wazuh.manager"
    },
    "data": {
      "win": {
        "eventdata": {
          "subjectLogonId": "0x3e5",
          "previousTime": "2026-05-26T06:30:26.9725789Z",
          "subjectUserSid": "S-1-5-19",
          "processId": "0xed4",
          "processName": "C:\\\\Windows\\\\System32\\\\svchost.exe",
          "subjectDomainName": "NT-AUTORITÄT",
          "newTime": "2026-05-26T06:30:26.9719417Z",
          "subjectUserName": "Lokaler Dienst"
        },
        "system": {
          "eventID": "4616",
          "keywords": "0x8020000000000000",
          "providerGuid": "{54849625-5478-4994-a5ba-3e3b0328c30d}",
          "level": "0",
          "channel": "Security",
          "opcode": "0",
          "message": "\"Die Systemzeit wurde geändert.\r\n\t\r\nAntragsteller:\r\n\tSicherheits-ID:\t\tS-1-5-19\r\n\tKontoname:\t\tLokaler Dienst\r\n\tKontodomäne:\t\tNT-AUTORITÄT\r\n\tAnmelde-ID:\t\t0x3E5\r\n\r\nProzessinformationen:\r\n\tProzess-ID:\t0xed4\r\n\tName:\t\tC:\\Windows\\System32\\svchost.exe\r\n\r\nVorherige Zeit:\t\t‎2026‎-‎05‎-‎26T06:30:26.972578900Z\r\nNeue Zeit:\t\t‎2026‎-‎05‎-‎26T06:30:26.971941700Z\r\n\r\nDieses Ereignis wird generiert, wenn die Systemzeit geändert wird. Es ist normal, dass der mit Systemberechtigung ausgeführte Windows-Zeitdienst die Systemzeit regelmäßig ändert. Andere Änderungen der Systemzeit können darauf hinweisen, dass der Computer manipuliert wird.\"",
          "version": "1",
          "systemTime": "2026-05-26T06:30:26.9724768Z",
          "eventRecordID": "616997",
          "threadID": "11112",
          "computer": "SWE-11.arzw.local",
          "task": "12288",
          "processID": "4",
          "severityValue": "AUDIT_SUCCESS",
          "providerName": "Microsoft-Windows-Security-Auditing"
        }
      }
    },
    "rule": {
      "firedtimes": 1,
      "mail": false,
      "level": 5,
      "pci_dss": [
        "10.6.1"
      ],
      "hipaa": [
        "164.312.b"
      ],
      "tsc": [
        "CC7.2",
        "CC7.3"
      ],
      "description": "System time changed",
      "groups": [
        "windows",
        "windows_security",
        "time_changed"
      ],
      "id": "60132",
      "nist_800_53": [
        "AU.6"
      ],
      "gpg13": [
        "1.3",
        "4.13"
      ],
      "gdpr": [
        "IV_35.7.d"
      ]
    },
    "location": "EventChannel",
    "decoder": {
      "name": "windows_eventchannel"
    },
    "id": "1779777027.12595324",
    "timestamp": "2026-05-26T06:30:27.999+0000"
  },
  {
    "input": {
      "type": "log"
    },
    "agent": {
      "ip": "172.25.107.70",
      "name": "SWE-11",
      "id": "044"
    },
    "manager": {
      "name": "wazuh.manager"
    },
    "data": {
      "win": {
        "eventdata": {
          "data": "svchost, 9212,D,50,0, DS_Token_DB:, 1, C:\\\\WINDOWS\\\\system32\\\\config\\\\systemprofile\\\\AppData\\\\Local\\\\DataSharing\\\\Storage\\\\DSTokenDB2.dat, 0,  [1] 0.000007 +J(0) +M(C:0K, Fs:1, WS:4K # 0K, PF:0K # 0K, P:0K) [2] 0.001015 -0.000352 (1) WT +J(0) +M(C:0K, Fs:17, WS:4K # 4K, PF:4K # 0K, P:4K) [3] 0.009514 -0.001622 (6) WT +J(CM:0, PgRf:0, Rd:0/0, Dy:0/0, Lg:3480/2) +M(C:0K, Fs:6, WS:20K # 0K, PF:20K # 0K, P:20K) [4] 0.218468 +J(0) +M(C:0K, Fs:1, WS:4K # 0K, PF:4K # 0K, P:4K) [5] - [6] 0.000571 -0.000487 (2) CM -0.000398 (2) WT +J(CM:2, PgRf:2, Rd:0/2, Dy:0/0, Lg:0/0) +M(C:0K, Fs:2, WS:8K # 0K, PF:0K # 0K, P:0K) [7] 0.000003 +J(0) [8] 0.000565 -0.000173 (1) CM -0.000139 (1) WT +J(CM:1, PgRf:1, Rd:4/1, Dy:0/0, Lg:0/0) +M(C:8K, Fs:24, WS:96K # 64K, PF:204K # 164K, P:204K) [9] - [10] - [11] - [12] 0.000329 +J(0) [13] 0.001335 -0.001169 (5) CM -0.001028 (5) WT +J(CM:5, PgRf:23, Rd:0/5, Dy:0/0, Lg:0/0) +M(C:0K, Fs:17, WS:68K # 68K, PF:4K # 4K, P:4K) [14] 0.000904 -0.000770 (4) CM -0.000621 (4) WT +J(CM:4, PgRf:40, Rd:0/4, Dy:0/0, Lg:0/0) +M(C:0K, Fs:4, WS:16K # 16K, PF:64K # 64K, P:64K) [15] 0.000201 -0.000185 (1) CM -0.000165 (1) WT +J(CM:1, PgRf:1, Rd:0/1, Dy:0/0, Lg:0/0) [16] 0.000011 +J(CM:0, PgRf:1, Rd:0/0, Dy:0/0, Lg:0/0) +M(C:0K, Fs:1, WS:4K # 4K, PF:0K # 0K, P:0K) [17] 0.000028 +J(CM:0, PgRf:42, Rd:0/0, Dy:0/0, Lg:0/0) +M(C:0K, Fs:6, WS:24K # 24K, PF:0K # 0K, P:0K) [18] 0.0 +J(0) [19] 0.0 +J(0) [20] 0.000004 +J(CM:0, PgRf:1, Rd:0/0, Dy:0/0, Lg:0/0) +M(C:0K, Fs:1, WS:4K # 4K, PF:0K # 0K, P:0K)., 1 0, lgposAttach = 00000016:0004:0268, dbv = 1568.20.0 (8920)"
        },
        "system": {
          "eventID": "326",
          "keywords": "0x80000000000000",
          "level": "4",
          "channel": "Application",
          "opcode": "0",
          "message": "\"svchost (9212,D,50,0) DS_Token_DB: T, mit dem Daten Bank Modul eine Datenbank angefügt (1, C:\\WINDOWS\\system32\\config\\systemprofile\\AppData\\Local\\DataSharing\\Storage\\DSTokenDB2.dat). (Zeit =0 Sekunden)  \r\n \r\nCache gespeichert:  1 0 \r\nzusätzliche Daten:  lgposAttach = 00000016:0004:0268,\ndbv = 1568.20.0 (8920) \r\n \r\ninterne Zeit Steuerungs Sequenz:  \n[1] 0.000007 +J(0) +M(C:0K, Fs:1, WS:4K # 0K, PF:0K # 0K, P:0K)\n[2] 0.001015 -0.000352 (1) WT +J(0) +M(C:0K, Fs:17, WS:4K # 4K, PF:4K # 0K, P:4K)\n[3] 0.009514 -0.001622 (6) WT +J(CM:0, PgRf:0, Rd:0/0, Dy:0/0, Lg:3480/2) +M(C:0K, Fs:6, WS:20K # 0K, PF:20K # 0K, P:20K)\n[4] 0.218468 +J(0) +M(C:0K, Fs:1, WS:4K # 0K, PF:4K # 0K, P:4K)\n[5] -\n[6] 0.000571 -0.000487 (2) CM -0.000398 (2) WT +J(CM:2, PgRf:2, Rd:0/2, Dy:0/0, Lg:0/0) +M(C:0K, Fs:2, WS:8K # 0K, PF:0K # 0K, P:0K)\n[7] 0.000003 +J(0)\n[8] 0.000565 -0.000173 (1) CM -0.000139 (1) WT +J(CM:1, PgRf:1, Rd:4/1, Dy:0/0, Lg:0/0) +M(C:8K, Fs:24, WS:96K # 64K, PF:204K # 164K, P:204K)\n[9] -\n[10] -\n[11] -\n[12] 0.000329 +J(0)\n[13] 0.001335 -0.001169 (5) CM -0.001028 (5) WT +J(CM:5, PgRf:23, Rd:0/5, Dy:0/0, Lg:0/0) +M(C:0K, Fs:17, WS:68K # 68K, PF:4K # 4K, P:4K)\n[14] 0.000904 -0.000770 (4) CM -0.000621 (4) WT +J(CM:4, PgRf:40, Rd:0/4, Dy:0/0, Lg:0/0) +M(C:0K, Fs:4, WS:16K # 16K, PF:64K # 64K, P:64K)\n[15] 0.000201 -0.000185 (1) CM -0.000165 (1) WT +J(CM:1, PgRf:1, Rd:0/1, Dy:0/0, Lg:0/0)\n[16] 0.000011 +J(CM:0, PgRf:1, Rd:0/0, Dy:0/0, Lg:0/0) +M(C:0K, Fs:1, WS:4K # 4K, PF:0K # 0K, P:0K)\n[17] 0.000028 +J(CM:0, PgRf:42, Rd:0/0, Dy:0/0, Lg:0/0) +M(C:0K, Fs:6, WS:24K # 24K, PF:0K # 0K, P:0K)\n[18] 0.0 +J(0)\n[19] 0.0 +J(0)\n[20] 0.000004 +J(CM:0, PgRf:1, Rd:0/0, Dy:0/0, Lg:0/0) +M(C:0K, Fs:1, WS:4K # 4K, PF:0K # 0K, P:0K).\"",
          "version": "0",
          "systemTime": "2026-05-26T06:30:23.5624330Z",
          "eventRecordID": "41798",
          "threadID": "0",
          "computer": "SWE-11.arzw.local",
          "task": "1",
          "processID": "9212",
          "severityValue": "INFORMATION",
          "providerName": "ESENT"
        }
      }
    },
    "rule": {
      "firedtimes": 4,
      "mail": false,
      "level": 3,
      "description": "The database engine attached a database.",
      "groups": [
        "windows",
        "windows_application"
      ],
      "id": "60798"
    },
    "location": "EventChannel",
    "decoder": {
      "name": "windows_eventchannel"
    },
    "id": "1779777023.12587100",
    "timestamp": "2026-05-26T06:30:23.588+0000"
  },
  {
    "input": {
      "type": "log"
    },
    "agent": {
      "ip": "172.25.107.70",
      "name": "SWE-11",
      "id": "044"
    },
    "manager": {
      "name": "wazuh.manager"
    },
    "data": {
      "win": {
        "eventdata": {
          "data": "svchost, 9212,U,98,0, DS_Token_DB:"
        },
        "system": {
          "eventID": "302",
          "keywords": "0x80000000000000",
          "level": "4",
          "channel": "Application",
          "opcode": "0",
          "message": "\"svchost (9212,U,98,0) DS_Token_DB: Das Datenbankmodul hat erfolgreich die Schritte zur Wiederherstellung abgeschlossen.\"",
          "version": "0",
          "systemTime": "2026-05-26T06:30:22.8774272Z",
          "eventRecordID": "41795",
          "threadID": "0",
          "computer": "SWE-11.arzw.local",
          "task": "3",
          "processID": "9212",
          "severityValue": "INFORMATION",
          "providerName": "ESENT"
        }
      }
    },
    "rule": {
      "firedtimes": 4,
      "mail": false,
      "level": 3,
      "description": "The database engine has completed recovery steps.",
      "groups": [
        "windows",
        "windows_application"
      ],
      "id": "60809"
    },
    "location": "EventChannel",
    "decoder": {
      "name": "windows_eventchannel"
    },
    "id": "1779777022.12585777",
    "timestamp": "2026-05-26T06:30:22.887+0000"
  },
  {
    "input": {
      "type": "log"
    },
    "agent": {
      "ip": "172.25.107.70",
      "name": "SWE-11",
      "id": "044"
    },
    "manager": {
      "name": "wazuh.manager"
    },
    "data": {
      "win": {
        "eventdata": {
          "data": "svchost, 9212,R,98,0, DS_Token_DB:, C:\\\\WINDOWS\\\\system32\\\\config\\\\systemprofile\\\\AppData\\\\Local\\\\DataSharing\\\\Storage\\\\DSS.log,  [1] 0.186226 -0.005134 (6) WT +J(CM:0, PgRf:0, Rd:0/0, Dy:0/0, Lg:4056/3) +M(C:0K, Fs:62, WS:172K # 164K, PF:160K # 92K, P:160K)., AttachDB, 1"
        },
        "system": {
          "eventID": "301",
          "keywords": "0x80000000000000",
          "level": "4",
          "channel": "Application",
          "opcode": "0",
          "message": "\"svchost (9212,R,98,0) DS_Token_DB: Das Datenbankmodul hat die Wiedergabe von Protokoll C:\\WINDOWS\\system32\\config\\systemprofile\\AppData\\Local\\DataSharing\\Storage\\DSS.log beendet.  \r\n \r\nVerarbeitungsstatistiken: \n[1] 0.186226 -0.005134 (6) WT +J(CM:0, PgRf:0, Rd:0/0, Dy:0/0, Lg:4056/3) +M(C:0K, Fs:62, WS:172K # 164K, PF:160K # 92K, P:160K). \r\nProtokolldatensatz vom Typ „AttachDB “ wurde am häufigsten gesehen (1 Mal) \"",
          "version": "0",
          "systemTime": "2026-05-26T06:30:22.5462823Z",
          "eventRecordID": "41794",
          "threadID": "0",
          "computer": "SWE-11.arzw.local",
          "task": "3",
          "processID": "9212",
          "severityValue": "INFORMATION",
          "providerName": "ESENT"
        }
      }
    },
    "rule": {
      "firedtimes": 5,
      "mail": false,
      "level": 3,
      "description": "The database engine is replaying log file C:\\Winnt\\system32\\wins\\j50.log.",
      "groups": [
        "windows",
        "windows_application"
      ],
      "id": "60808"
    },
    "location": "EventChannel",
    "decoder": {
      "name": "windows_eventchannel"
    },
    "id": "1779777022.12583310",
    "timestamp": "2026-05-26T06:30:22.549+0000"
  },
  {
    "input": {
      "type": "log"
    },
    "agent": {
      "ip": "172.25.107.70",
      "name": "SWE-11",
      "id": "044"
    },
    "manager": {
      "name": "wazuh.manager"
    },
    "data": {
      "win": {
        "eventdata": {
          "data": "svchost, 9212,R,98,0, DS_Token_DB:"
        },
        "system": {
          "eventID": "300",
          "keywords": "0x80000000000000",
          "level": "4",
          "channel": "Application",
          "opcode": "0",
          "message": "\"svchost (9212,R,98,0) DS_Token_DB: Das Datenbankmodul initiiert Schritte zur Wiederherstellung.\"",
          "version": "0",
          "systemTime": "2026-05-26T06:30:22.3498187Z",
          "eventRecordID": "41791",
          "threadID": "0",
          "computer": "SWE-11.arzw.local",
          "task": "3",
          "processID": "9212",
          "severityValue": "INFORMATION",
          "providerName": "ESENT"
        }
      }
    },
    "rule": {
      "firedtimes": 4,
      "mail": false,
      "level": 3,
      "description": "The database engine is initiating recovery steps.",
      "groups": [
        "windows",
        "windows_application"
      ],
      "id": "60807"
    },
    "location": "EventChannel",
    "decoder": {
      "name": "windows_eventchannel"
    },
    "id": "1779777022.12579568",
    "timestamp": "2026-05-26T06:30:22.396+0000"
  },
  {
    "input": {
      "type": "log"
    },
    "agent": {
      "ip": "172.25.107.70",
      "name": "SWE-11",
      "id": "044"
    },
    "manager": {
      "name": "wazuh.manager"
    },
    "data": {
      "win": {
        "eventdata": {
          "data": "svchost, 9212,R,98,0, DS_Token_DB:, C:\\\\WINDOWS\\\\system32\\\\config\\\\systemprofile\\\\AppData\\\\Local\\\\DataSharing\\\\Storage\\\\DSS00015.log,  [1] 0.003747 -0.000841 (4) WT +J(CM:0, PgRf:0, Rd:0/0, Dy:0/0, Lg:52754/34) +M(C:0K, Fs:75, WS:84K # 92K, PF:4K # 4K, P:4K)., ShutDown, 4"
        },
        "system": {
          "eventID": "301",
          "keywords": "0x80000000000000",
          "level": "4",
          "channel": "Application",
          "opcode": "0",
          "message": "\"svchost (9212,R,98,0) DS_Token_DB: Das Datenbankmodul hat die Wiedergabe von Protokoll C:\\WINDOWS\\system32\\config\\systemprofile\\AppData\\Local\\DataSharing\\Storage\\DSS00015.log beendet.  \r\n \r\nVerarbeitungsstatistiken: \n[1] 0.003747 -0.000841 (4) WT +J(CM:0, PgRf:0, Rd:0/0, Dy:0/0, Lg:52754/34) +M(C:0K, Fs:75, WS:84K # 92K, PF:4K # 4K, P:4K). \r\nProtokolldatensatz vom Typ „ShutDown “ wurde am häufigsten gesehen (4 Mal) \"",
          "version": "0",
          "systemTime": "2026-05-26T06:30:22.3565451Z",
          "eventRecordID": "41792",
          "threadID": "0",
          "computer": "SWE-11.arzw.local",
          "task": "3",
          "processID": "9212",
          "severityValue": "INFORMATION",
          "providerName": "ESENT"
        }
      }
    },
    "rule": {
      "firedtimes": 4,
      "mail": false,
      "level": 3,
      "description": "The database engine is replaying log file C:\\Winnt\\system32\\wins\\j50.log.",
      "groups": [
        "windows",
        "windows_application"
      ],
      "id": "60808"
    },
    "location": "EventChannel",
    "decoder": {
      "name": "windows_eventchannel"
    },
    "id": "1779777022.12580843",
    "timestamp": "2026-05-26T06:30:22.396+0000"
  },
  {
    "input": {
      "type": "log"
    },
    "agent": {
      "ip": "172.25.107.70",
      "name": "SWE-11",
      "id": "044"
    },
    "manager": {
      "name": "wazuh.manager"
    },
    "data": {
      "win": {
        "eventdata": {
          "data": "svchost, 9212,P,98,0, DS_Token_DB:, 0, 10, 00, 26200, 0000"
        },
        "system": {
          "eventID": "102",
          "keywords": "0x80000000000000",
          "level": "4",
          "channel": "Application",
          "opcode": "0",
          "message": "\"svchost (9212,P,98,0) DS_Token_DB: Das Datenbankmodul (10.00.26200.0000) startet eine neue Instanz (0).\"",
          "version": "0",
          "systemTime": "2026-05-26T06:30:22.3363031Z",
          "eventRecordID": "41790",
          "threadID": "0",
          "computer": "SWE-11.arzw.local",
          "task": "1",
          "processID": "9212",
          "severityValue": "INFORMATION",
          "providerName": "ESENT"
        }
      }
    },
    "rule": {
      "firedtimes": 4,
      "mail": false,
      "level": 3,
      "description": "The database engine is starting a new instance.",
      "groups": [
        "windows",
        "windows_application"
      ],
      "id": "60805"
    },
    "location": "EventChannel",
    "decoder": {
      "name": "windows_eventchannel"
    },
    "id": "1779777022.12578231",
    "timestamp": "2026-05-26T06:30:22.353+0000"
  },
  {
    "input": {
      "type": "log"
    },
    "agent": {
      "ip": "172.25.107.70",
      "name": "SWE-11",
      "id": "044"
    },
    "manager": {
      "name": "wazuh.manager"
    },
    "data": {
      "win": {
        "eventdata": {
          "param5": "Neustart des Diensts",
          "binary": "74006100630074006900630061006C0072006D006D000000",
          "param3": "12000",
          "param4": "1",
          "param1": "TacticalRMM Agent Service",
          "param2": "1"
        },
        "system": {
          "eventID": "7031",
          "eventSourceName": "Service Control Manager",
          "keywords": "0x8080000000000000",
          "providerGuid": "{555908d1-a6d7-4695-8e1e-26931d2012f4}",
          "level": "2",
          "channel": "System",
          "opcode": "0",
          "message": "\"Der Dienst \"TacticalRMM Agent Service\" wurde unerwartet beendet. Dies ist bereits 1 Mal vorgekommen. Folgende Korrekturmaßnahmen werden in 12000 Millisekunden durchgeführt: Neustart des Diensts.\"",
          "version": "0",
          "systemTime": "2026-05-26T06:30:13.3976504Z",
          "eventRecordID": "119066",
          "threadID": "17632",
          "computer": "SWE-11.arzw.local",
          "task": "0",
          "processID": "888",
          "severityValue": "ERROR",
          "providerName": "Service Control Manager"
        }
      }
    },
    "rule": {
      "firedtimes": 79,
      "mail": false,
      "level": 5,
      "description": "TacticalRMM Agent Service terminated unexpectedly",
      "groups": [
        "windows",
        "windows_system"
      ],
      "id": "61107"
    },
    "location": "EventChannel",
    "decoder": {
      "name": "windows_eventchannel"
    },
    "id": "1779777014.12575650",
    "timestamp": "2026-05-26T06:30:14.404+0000"
  },
  {
    "input": {
      "type": "log"
    },
    "agent": {
      "ip": "172.25.107.70",
      "name": "SWE-11",
      "id": "044"
    },
    "manager": {
      "name": "wazuh.manager"
    },
    "data": {
      "win": {
        "eventdata": {
          "param5": "Neustart des Diensts",
          "binary": "74006100630074006900630061006C0072006D006D000000",
          "param3": "12000",
          "param4": "1",
          "param1": "TacticalRMM Agent Service",
          "param2": "1"
        },
        "system": {
          "eventID": "7031",
          "eventSourceName": "Service Control Manager",
          "keywords": "0x8080000000000000",
          "providerGuid": "{555908d1-a6d7-4695-8e1e-26931d2012f4}",
          "level": "2",
          "channel": "System",
          "opcode": "0",
          "message": "\"Der Dienst \"TacticalRMM Agent Service\" wurde unerwartet beendet. Dies ist bereits 1 Mal vorgekommen. Folgende Korrekturmaßnahmen werden in 12000 Millisekunden durchgeführt: Neustart des Diensts.\"",
          "version": "0",
          "systemTime": "2026-05-26T06:29:50.9919739Z",
          "eventRecordID": "119060",
          "threadID": "18752",
          "computer": "SWE-11.arzw.local",
          "task": "0",
          "processID": "888",
          "severityValue": "ERROR",
          "providerName": "Service Control Manager"
        }
      }
    },
    "rule": {
      "firedtimes": 78,
      "mail": false,
      "level": 5,
      "description": "TacticalRMM Agent Service terminated unexpectedly",
      "groups": [
        "windows",
        "windows_system"
      ],
      "id": "61107"
    },
    "location": "EventChannel",
    "decoder": {
      "name": "windows_eventchannel"
    },
    "id": "1779776991.12533738",
    "timestamp": "2026-05-26T06:29:51.988+0000"
  },
  {
    "input": {
      "type": "log"
    },
    "agent": {
      "ip": "172.25.107.70",
      "name": "SWE-11",
      "id": "044"
    },
    "manager": {
      "name": "wazuh.manager"
    },
    "data": {
      "win": {
        "eventdata": {
          "param5": "Neustart des Diensts",
          "binary": "74006100630074006900630061006C0072006D006D000000",
          "param3": "12000",
          "param4": "1",
          "param1": "TacticalRMM Agent Service",
          "param2": "1"
        },
        "system": {
          "eventID": "7031",
          "eventSourceName": "Service Control Manager",
          "keywords": "0x8080000000000000",
          "providerGuid": "{555908d1-a6d7-4695-8e1e-26931d2012f4}",
          "level": "2",
          "channel": "System",
          "opcode": "0",
          "message": "\"Der Dienst \"TacticalRMM Agent Service\" wurde unerwartet beendet. Dies ist bereits 1 Mal vorgekommen. Folgende Korrekturmaßnahmen werden in 12000 Millisekunden durchgeführt: Neustart des Diensts.\"",
          "version": "0",
          "systemTime": "2026-05-26T06:29:28.9026355Z",
          "eventRecordID": "119055",
          "threadID": "17632",
          "computer": "SWE-11.arzw.local",
          "task": "0",
          "processID": "888",
          "severityValue": "ERROR",
          "providerName": "Service Control Manager"
        }
      }
    },
    "rule": {
      "firedtimes": 77,
      "mail": false,
      "level": 5,
      "description": "TacticalRMM Agent Service terminated unexpectedly",
      "groups": [
        "windows",
        "windows_system"
      ],
      "id": "61107"
    },
    "location": "EventChannel",
    "decoder": {
      "name": "windows_eventchannel"
    },
    "id": "1779776969.12528417",
    "timestamp": "2026-05-26T06:29:29.900+0000"
  },
  {
    "input": {
      "type": "log"
    },
    "agent": {
      "ip": "172.25.107.70",
      "name": "SWE-11",
      "id": "044"
    },
    "manager": {
      "name": "wazuh.manager"
    },
    "data": {
      "win": {
        "eventdata": {
          "param3": "Manuell starten",
          "param4": "BITS",
          "param1": "Background Intelligent Transfer Service",
          "param2": "Automatisch starten"
        },
        "system": {
          "eventID": "7040",
          "eventSourceName": "Service Control Manager",
          "keywords": "0x8080000000000000",
          "providerGuid": "{555908d1-a6d7-4695-8e1e-26931d2012f4}",
          "level": "4",
          "channel": "System",
          "opcode": "0",
          "message": "\"Der Starttyp des Diensts \"Background Intelligent Transfer Service\" wurde von Automatisch starten in Manuell starten geändert.\"",
          "version": "0",
          "systemTime": "2026-05-26T06:29:18.1523780Z",
          "eventRecordID": "119051",
          "threadID": "18752",
          "computer": "SWE-11.arzw.local",
          "task": "0",
          "processID": "888",
          "severityValue": "INFORMATION",
          "providerName": "Service Control Manager"
        }
      }
    },
    "rule": {
      "firedtimes": 14,
      "mail": false,
      "level": 3,
      "pci_dss": [
        "10.6"
      ],
      "hipaa": [
        "164.312.b"
      ],
      "tsc": [
        "CC6.1",
        "CC6.8",
        "CC7.2",
        "CC7.3"
      ],
      "description": "Service startup type was changed",
      "groups": [
        "windows",
        "windows_system",
        "policy_changed"
      ],
      "id": "61104",
      "nist_800_53": [
        "AU.6"
      ],
      "info": "This does not appear to be logged on Windows 2000",
      "gdpr": [
        "IV_35.7.d"
      ]
    },
    "location": "EventChannel",
    "decoder": {
      "name": "windows_eventchannel"
    },
    "id": "1779776958.12519401",
    "timestamp": "2026-05-26T06:29:18.351+0000"
  },
  {
    "input": {
      "type": "log"
    },
    "agent": {
      "ip": "172.25.107.70",
      "name": "SWE-11",
      "id": "044"
    },
    "manager": {
      "name": "wazuh.manager"
    },
    "data": {
      "win": {
        "eventdata": {
          "param5": "Neustart des Diensts",
          "binary": "74006100630074006900630061006C0072006D006D000000",
          "param3": "12000",
          "param4": "1",
          "param1": "TacticalRMM Agent Service",
          "param2": "1"
        },
        "system": {
          "eventID": "7031",
          "eventSourceName": "Service Control Manager",
          "keywords": "0x8080000000000000",
          "providerGuid": "{555908d1-a6d7-4695-8e1e-26931d2012f4}",
          "level": "2",
          "channel": "System",
          "opcode": "0",
          "message": "\"Der Dienst \"TacticalRMM Agent Service\" wurde unerwartet beendet. Dies ist bereits 1 Mal vorgekommen. Folgende Korrekturmaßnahmen werden in 12000 Millisekunden durchgeführt: Neustart des Diensts.\"",
          "version": "0",
          "systemTime": "2026-05-26T06:29:06.8001160Z",
          "eventRecordID": "119049",
          "threadID": "17632",
          "computer": "SWE-11.arzw.local",
          "task": "0",
          "processID": "888",
          "severityValue": "ERROR",
          "providerName": "Service Control Manager"
        }
      }
    },
    "rule": {
      "firedtimes": 76,
      "mail": false,
      "level": 5,
      "description": "TacticalRMM Agent Service terminated unexpectedly",
      "groups": [
        "windows",
        "windows_system"
      ],
      "id": "61107"
    },
    "location": "EventChannel",
    "decoder": {
      "name": "windows_eventchannel"
    },
    "id": "1779776947.12512485",
    "timestamp": "2026-05-26T06:29:07.807+0000"
  },
  {
    "input": {
      "type": "log"
    },
    "agent": {
      "ip": "172.25.107.70",
      "name": "SWE-11",
      "id": "044"
    },
    "manager": {
      "name": "wazuh.manager"
    },
    "data": {
      "win": {
        "eventdata": {
          "data": "IPv4, 9",
          "binary": "0000000003003000000000006F1000C002000000070001C000000000000000000000000000000000"
        },
        "system": {
          "eventID": "4207",
          "keywords": "0x80000000000000",
          "level": "2",
          "channel": "System",
          "opcode": "0",
          "message": "\"Die IPv4 TCP/IP-Schnittstelle mit dem Index 9 konnte nicht an den Anbieter gebunden werden.\"",
          "version": "0",
          "systemTime": "2026-05-26T06:28:47.7568965Z",
          "eventRecordID": "119045",
          "threadID": "2932",
          "computer": "SWE-11.arzw.local",
          "task": "0",
          "processID": "4",
          "severityValue": "ERROR",
          "providerName": "Tcpip"
        }
      }
    },
    "rule": {
      "firedtimes": 9,
      "mail": false,
      "level": 5,
      "description": "Windows System error event",
      "groups": [
        "windows",
        "windows_system",
        "system_error"
      ],
      "id": "61102",
      "gpg13": [
        "4.3"
      ],
      "gdpr": [
        "IV_35.7.d"
      ]
    },
    "location": "EventChannel",
    "decoder": {
      "name": "windows_eventchannel"
    },
    "id": "1779776927.12474008",
    "timestamp": "2026-05-26T06:28:47.825+0000"
  },
  {
    "input": {
      "type": "log"
    },
    "agent": {
      "ip": "172.25.107.70",
      "name": "SWE-11",
      "id": "044"
    },
    "manager": {
      "name": "wazuh.manager"
    },
    "data": {
      "win": {
        "eventdata": {
          "param5": "Neustart des Diensts",
          "binary": "74006100630074006900630061006C0072006D006D000000",
          "param3": "12000",
          "param4": "1",
          "param1": "TacticalRMM Agent Service",
          "param2": "1"
        },
        "system": {
          "eventID": "7031",
          "eventSourceName": "Service Control Manager",
          "keywords": "0x8080000000000000",
          "providerGuid": "{555908d1-a6d7-4695-8e1e-26931d2012f4}",
          "level": "2",
          "channel": "System",
          "opcode": "0",
          "message": "\"Der Dienst \"TacticalRMM Agent Service\" wurde unerwartet beendet. Dies ist bereits 1 Mal vorgekommen. Folgende Korrekturmaßnahmen werden in 12000 Millisekunden durchgeführt: Neustart des Diensts.\"",
          "version": "0",
          "systemTime": "2026-05-26T06:28:44.7070949Z",
          "eventRecordID": "119044",
          "threadID": "17632",
          "computer": "SWE-11.arzw.local",
          "task": "0",
          "processID": "888",
          "severityValue": "ERROR",
          "providerName": "Service Control Manager"
        }
      }
    },
    "rule": {
      "firedtimes": 75,
      "mail": false,
      "level": 5,
      "description": "TacticalRMM Agent Service terminated unexpectedly",
      "groups": [
        "windows",
        "windows_system"
      ],
      "id": "61107"
    },
    "location": "EventChannel",
    "decoder": {
      "name": "windows_eventchannel"
    },
    "id": "1779776925.12471979",
    "timestamp": "2026-05-26T06:28:45.716+0000"
  },
  {
    "input": {
      "type": "log"
    },
    "agent": {
      "ip": "172.25.107.70",
      "name": "SWE-11",
      "id": "044"
    },
    "manager": {
      "name": "wazuh.manager"
    },
    "data": {
      "win": {
        "eventdata": {
          "param5": "Neustart des Diensts",
          "binary": "74006100630074006900630061006C0072006D006D000000",
          "param3": "12000",
          "param4": "1",
          "param1": "TacticalRMM Agent Service",
          "param2": "1"
        },
        "system": {
          "eventID": "7031",
          "eventSourceName": "Service Control Manager",
          "keywords": "0x8080000000000000",
          "providerGuid": "{555908d1-a6d7-4695-8e1e-26931d2012f4}",
          "level": "2",
          "channel": "System",
          "opcode": "0",
          "message": "\"Der Dienst \"TacticalRMM Agent Service\" wurde unerwartet beendet. Dies ist bereits 1 Mal vorgekommen. Folgende Korrekturmaßnahmen werden in 12000 Millisekunden durchgeführt: Neustart des Diensts.\"",
          "version": "0",
          "systemTime": "2026-05-26T06:28:22.6106376Z",
          "eventRecordID": "119043",
          "threadID": "15920",
          "computer": "SWE-11.arzw.local",
          "task": "0",
          "processID": "888",
          "severityValue": "ERROR",
          "providerName": "Service Control Manager"
        }
      }
    },
    "rule": {
      "firedtimes": 74,
      "mail": false,
      "level": 5,
      "description": "TacticalRMM Agent Service terminated unexpectedly",
      "groups": [
        "windows",
        "windows_system"
      ],
      "id": "61107"
    },
    "location": "EventChannel",
    "decoder": {
      "name": "windows_eventchannel"
    },
    "id": "1779776903.12466785",
    "timestamp": "2026-05-26T06:28:23.367+0000"
  },
  {
    "input": {
      "type": "log"
    },
    "agent": {
      "ip": "172.25.107.70",
      "name": "SWE-11",
      "id": "044"
    },
    "manager": {
      "name": "wazuh.manager"
    },
    "data": {
      "win": {
        "eventdata": {
          "data": "2126-05-02T06:28:01Z, RulesEngine"
        },
        "system": {
          "eventID": "16384",
          "eventSourceName": "Software Protection Platform Service",
          "keywords": "0x80000000000000",
          "providerGuid": "{E23B33B0-C8C9-472C-A5F9-F2BDFEA0F156}",
          "level": "4",
          "channel": "Application",
          "opcode": "0",
          "message": "\"Der Softwareschutzdienst wurde erfolgreich für den erneuten Start bei 2126-05-02T06:28:01Z geplant. Grund: RulesEngine.\"",
          "version": "0",
          "systemTime": "2026-05-26T06:28:09.2980124Z",
          "eventRecordID": "41788",
          "threadID": "0",
          "computer": "SWE-11.arzw.local",
          "task": "0",
          "processID": "17472",
          "severityValue": "INFORMATION",
          "providerName": "Microsoft-Windows-Security-SPP"
        }
      }
    },
    "rule": {
      "firedtimes": 73,
      "mail": false,
      "level": 3,
      "description": "Software protection service scheduled successfully.",
      "groups": [
        "windows",
        "windows_application"
      ],
      "id": "60642"
    },
    "location": "EventChannel",
    "decoder": {
      "name": "windows_eventchannel"
    },
    "id": "1779776889.12446842",
    "timestamp": "2026-05-26T06:28:09.295+0000"
  },
  {
    "input": {
      "type": "log"
    },
    "agent": {
      "ip": "172.25.107.70",
      "name": "SWE-11",
      "id": "044"
    },
    "manager": {
      "name": "wazuh.manager"
    },
    "data": {
      "win": {
        "eventdata": {
          "param5": "Neustart des Diensts",
          "binary": "74006100630074006900630061006C0072006D006D000000",
          "param3": "12000",
          "param4": "1",
          "param1": "TacticalRMM Agent Service",
          "param2": "1"
        },
        "system": {
          "eventID": "7031",
          "eventSourceName": "Service Control Manager",
          "keywords": "0x8080000000000000",
          "providerGuid": "{555908d1-a6d7-4695-8e1e-26931d2012f4}",
          "level": "2",
          "channel": "System",
          "opcode": "0",
          "message": "\"Der Dienst \"TacticalRMM Agent Service\" wurde unerwartet beendet. Dies ist bereits 1 Mal vorgekommen. Folgende Korrekturmaßnahmen werden in 12000 Millisekunden durchgeführt: Neustart des Diensts.\"",
          "version": "0",
          "systemTime": "2026-05-26T06:28:00.5040351Z",
          "eventRecordID": "119039",
          "threadID": "17632",
          "computer": "SWE-11.arzw.local",
          "task": "0",
          "processID": "888",
          "severityValue": "ERROR",
          "providerName": "Service Control Manager"
        }
      }
    },
    "rule": {
      "firedtimes": 73,
      "mail": false,
      "level": 5,
      "description": "TacticalRMM Agent Service terminated unexpectedly",
      "groups": [
        "windows",
        "windows_system"
      ],
      "id": "61107"
    },
    "location": "EventChannel",
    "decoder": {
      "name": "windows_eventchannel"
    },
    "id": "1779776881.12443175",
    "timestamp": "2026-05-26T06:28:01.509+0000"
  },
  {
    "input": {
      "type": "log"
    },
    "agent": {
      "ip": "172.25.107.70",
      "name": "SWE-11",
      "id": "044"
    },
    "manager": {
      "name": "wazuh.manager"
    },
    "data": {
      "win": {
        "eventdata": {
          "param5": "Neustart des Diensts",
          "binary": "74006100630074006900630061006C0072006D006D000000",
          "param3": "12000",
          "param4": "1",
          "param1": "TacticalRMM Agent Service",
          "param2": "1"
        },
        "system": {
          "eventID": "7031",
          "eventSourceName": "Service Control Manager",
          "keywords": "0x8080000000000000",
          "providerGuid": "{555908d1-a6d7-4695-8e1e-26931d2012f4}",
          "level": "2",
          "channel": "System",
          "opcode": "0",
          "message": "\"Der Dienst \"TacticalRMM Agent Service\" wurde unerwartet beendet. Dies ist bereits 1 Mal vorgekommen. Folgende Korrekturmaßnahmen werden in 12000 Millisekunden durchgeführt: Neustart des Diensts.\"",
          "version": "0",
          "systemTime": "2026-05-26T06:27:29.4562652Z",
          "eventRecordID": "119035",
          "threadID": "17632",
          "computer": "SWE-11.arzw.local",
          "task": "0",
          "processID": "888",
          "severityValue": "ERROR",
          "providerName": "Service Control Manager"
        }
      }
    },
    "rule": {
      "firedtimes": 72,
      "mail": false,
      "level": 5,
      "description": "TacticalRMM Agent Service terminated unexpectedly",
      "groups": [
        "windows",
        "windows_system"
      ],
      "id": "61107"
    },
    "location": "EventChannel",
    "decoder": {
      "name": "windows_eventchannel"
    },
    "id": "1779776849.12413821",
    "timestamp": "2026-05-26T06:27:29.810+0000"
  },
  {
    "input": {
      "type": "log"
    },
    "agent": {
      "ip": "172.25.107.70",
      "name": "SWE-11",
      "id": "044"
    },
    "manager": {
      "name": "wazuh.manager"
    },
    "data": {
      "win": {
        "eventdata": {
          "param3": "Automatisch starten",
          "param4": "BITS",
          "param1": "Background Intelligent Transfer Service",
          "param2": "Manuell starten"
        },
        "system": {
          "eventID": "7040",
          "eventSourceName": "Service Control Manager",
          "keywords": "0x8080000000000000",
          "providerGuid": "{555908d1-a6d7-4695-8e1e-26931d2012f4}",
          "level": "4",
          "channel": "System",
          "opcode": "0",
          "message": "\"Der Starttyp des Diensts \"Background Intelligent Transfer Service\" wurde von Manuell starten in Automatisch starten geändert.\"",
          "version": "0",
          "systemTime": "2026-05-26T06:27:13.5058201Z",
          "eventRecordID": "119034",
          "threadID": "6496",
          "computer": "SWE-11.arzw.local",
          "task": "0",
          "processID": "888",
          "severityValue": "INFORMATION",
          "providerName": "Service Control Manager"
        }
      }
    },
    "rule": {
      "firedtimes": 11,
      "mail": false,
      "level": 3,
      "pci_dss": [
        "10.6"
      ],
      "hipaa": [
        "164.312.b"
      ],
      "tsc": [
        "CC6.1",
        "CC6.8",
        "CC7.2",
        "CC7.3"
      ],
      "description": "Service startup type was changed",
      "groups": [
        "windows",
        "windows_system",
        "policy_changed"
      ],
      "id": "61104",
      "nist_800_53": [
        "AU.6"
      ],
      "info": "This does not appear to be logged on Windows 2000",
      "gdpr": [
        "IV_35.7.d"
      ]
    },
    "location": "EventChannel",
    "decoder": {
      "name": "windows_eventchannel"
    },
    "id": "1779776834.12400836",
    "timestamp": "2026-05-26T06:27:14.503+0000"
  },
  {
    "input": {
      "type": "log"
    },
    "agent": {
      "ip": "172.25.107.70",
      "name": "SWE-11",
      "id": "044"
    },
    "manager": {
      "name": "wazuh.manager"
    },
    "data": {
      "win": {
        "eventdata": {
          "param5": "Neustart des Diensts",
          "binary": "74006100630074006900630061006C0072006D006D000000",
          "param3": "12000",
          "param4": "1",
          "param1": "TacticalRMM Agent Service",
          "param2": "1"
        },
        "system": {
          "eventID": "7031",
          "eventSourceName": "Service Control Manager",
          "keywords": "0x8080000000000000",
          "providerGuid": "{555908d1-a6d7-4695-8e1e-26931d2012f4}",
          "level": "2",
          "channel": "System",
          "opcode": "0",
          "message": "\"Der Dienst \"TacticalRMM Agent Service\" wurde unerwartet beendet. Dies ist bereits 1 Mal vorgekommen. Folgende Korrekturmaßnahmen werden in 12000 Millisekunden durchgeführt: Neustart des Diensts.\"",
          "version": "0",
          "systemTime": "2026-05-26T06:27:07.3555982Z",
          "eventRecordID": "119033",
          "threadID": "6496",
          "computer": "SWE-11.arzw.local",
          "task": "0",
          "processID": "888",
          "severityValue": "ERROR",
          "providerName": "Service Control Manager"
        }
      }
    },
    "rule": {
      "firedtimes": 71,
      "mail": false,
      "level": 5,
      "description": "TacticalRMM Agent Service terminated unexpectedly",
      "groups": [
        "windows",
        "windows_system"
      ],
      "id": "61107"
    },
    "location": "EventChannel",
    "decoder": {
      "name": "windows_eventchannel"
    },
    "id": "1779776827.12347606",
    "timestamp": "2026-05-26T06:27:07.411+0000"
  },
  {
    "input": {
      "type": "log"
    },
    "agent": {
      "ip": "172.25.107.70",
      "name": "SWE-11",
      "id": "044"
    },
    "manager": {
      "name": "wazuh.manager"
    },
    "data": {
      "win": {
        "eventdata": {
          "param5": "Neustart des Diensts",
          "binary": "74006100630074006900630061006C0072006D006D000000",
          "param3": "12000",
          "param4": "1",
          "param1": "TacticalRMM Agent Service",
          "param2": "1"
        },
        "system": {
          "eventID": "7031",
          "eventSourceName": "Service Control Manager",
          "keywords": "0x8080000000000000",
          "providerGuid": "{555908d1-a6d7-4695-8e1e-26931d2012f4}",
          "level": "2",
          "channel": "System",
          "opcode": "0",
          "message": "\"Der Dienst \"TacticalRMM Agent Service\" wurde unerwartet beendet. Dies ist bereits 1 Mal vorgekommen. Folgende Korrekturmaßnahmen werden in 12000 Millisekunden durchgeführt: Neustart des Diensts.\"",
          "version": "0",
          "systemTime": "2026-05-26T06:26:45.2634731Z",
          "eventRecordID": "119029",
          "threadID": "4408",
          "computer": "SWE-11.arzw.local",
          "task": "0",
          "processID": "888",
          "severityValue": "ERROR",
          "providerName": "Service Control Manager"
        }
      }
    },
    "rule": {
      "firedtimes": 70,
      "mail": false,
      "level": 5,
      "description": "TacticalRMM Agent Service terminated unexpectedly",
      "groups": [
        "windows",
        "windows_system"
      ],
      "id": "61107"
    },
    "location": "EventChannel",
    "decoder": {
      "name": "windows_eventchannel"
    },
    "id": "1779776806.12317780",
    "timestamp": "2026-05-26T06:26:46.268+0000"
  },
  {
    "input": {
      "type": "log"
    },
    "agent": {
      "ip": "172.25.107.70",
      "name": "SWE-11",
      "id": "044"
    },
    "manager": {
      "name": "wazuh.manager"
    },
    "data": {
      "win": {
        "eventdata": {
          "param5": "Neustart des Diensts",
          "binary": "74006100630074006900630061006C0072006D006D000000",
          "param3": "12000",
          "param4": "1",
          "param1": "TacticalRMM Agent Service",
          "param2": "1"
        },
        "system": {
          "eventID": "7031",
          "eventSourceName": "Service Control Manager",
          "keywords": "0x8080000000000000",
          "providerGuid": "{555908d1-a6d7-4695-8e1e-26931d2012f4}",
          "level": "2",
          "channel": "System",
          "opcode": "0",
          "message": "\"Der Dienst \"TacticalRMM Agent Service\" wurde unerwartet beendet. Dies ist bereits 1 Mal vorgekommen. Folgende Korrekturmaßnahmen werden in 12000 Millisekunden durchgeführt: Neustart des Diensts.\"",
          "version": "0",
          "systemTime": "2026-05-26T06:26:23.1811560Z",
          "eventRecordID": "119027",
          "threadID": "14108",
          "computer": "SWE-11.arzw.local",
          "task": "0",
          "processID": "888",
          "severityValue": "ERROR",
          "providerName": "Service Control Manager"
        }
      }
    },
    "rule": {
      "firedtimes": 69,
      "mail": false,
      "level": 5,
      "description": "TacticalRMM Agent Service terminated unexpectedly",
      "groups": [
        "windows",
        "windows_system"
      ],
      "id": "61107"
    },
    "location": "EventChannel",
    "decoder": {
      "name": "windows_eventchannel"
    },
    "id": "1779776784.12305026",
    "timestamp": "2026-05-26T06:26:24.183+0000"
  },
  {
    "input": {
      "type": "log"
    },
    "agent": {
      "ip": "172.25.107.70",
      "name": "SWE-11",
      "id": "044"
    },
    "manager": {
      "name": "wazuh.manager"
    },
    "data": {
      "win": {
        "eventdata": {
          "param5": "Neustart des Diensts",
          "binary": "74006100630074006900630061006C0072006D006D000000",
          "param3": "12000",
          "param4": "1",
          "param1": "TacticalRMM Agent Service",
          "param2": "1"
        },
        "system": {
          "eventID": "7031",
          "eventSourceName": "Service Control Manager",
          "keywords": "0x8080000000000000",
          "providerGuid": "{555908d1-a6d7-4695-8e1e-26931d2012f4}",
          "level": "2",
          "channel": "System",
          "opcode": "0",
          "message": "\"Der Dienst \"TacticalRMM Agent Service\" wurde unerwartet beendet. Dies ist bereits 1 Mal vorgekommen. Folgende Korrekturmaßnahmen werden in 12000 Millisekunden durchgeführt: Neustart des Diensts.\"",
          "version": "0",
          "systemTime": "2026-05-26T06:26:01.0874783Z",
          "eventRecordID": "119024",
          "threadID": "14108",
          "computer": "SWE-11.arzw.local",
          "task": "0",
          "processID": "888",
          "severityValue": "ERROR",
          "providerName": "Service Control Manager"
        }
      }
    },
    "rule": {
      "firedtimes": 68,
      "mail": false,
      "level": 5,
      "description": "TacticalRMM Agent Service terminated unexpectedly",
      "groups": [
        "windows",
        "windows_system"
      ],
      "id": "61107"
    },
    "location": "EventChannel",
    "decoder": {
      "name": "windows_eventchannel"
    },
    "id": "1779776761.12299569",
    "timestamp": "2026-05-26T06:26:01.591+0000"
  },
  {
    "input": {
      "type": "log"
    },
    "agent": {
      "ip": "172.25.107.70",
      "name": "SWE-11",
      "id": "044"
    },
    "manager": {
      "name": "wazuh.manager"
    },
    "data": {
      "win": {
        "eventdata": {
          "param5": "Neustart des Diensts",
          "binary": "74006100630074006900630061006C0072006D006D000000",
          "param3": "12000",
          "param4": "1",
          "param1": "TacticalRMM Agent Service",
          "param2": "1"
        },
        "system": {
          "eventID": "7031",
          "eventSourceName": "Service Control Manager",
          "keywords": "0x8080000000000000",
          "providerGuid": "{555908d1-a6d7-4695-8e1e-26931d2012f4}",
          "level": "2",
          "channel": "System",
          "opcode": "0",
          "message": "\"Der Dienst \"TacticalRMM Agent Service\" wurde unerwartet beendet. Dies ist bereits 1 Mal vorgekommen. Folgende Korrekturmaßnahmen werden in 12000 Millisekunden durchgeführt: Neustart des Diensts.\"",
          "version": "0",
          "systemTime": "2026-05-26T06:25:38.9652998Z",
          "eventRecordID": "119020",
          "threadID": "17632",
          "computer": "SWE-11.arzw.local",
          "task": "0",
          "processID": "888",
          "severityValue": "ERROR",
          "providerName": "Service Control Manager"
        }
      }
    },
    "rule": {
      "firedtimes": 67,
      "mail": false,
      "level": 5,
      "description": "TacticalRMM Agent Service terminated unexpectedly",
      "groups": [
        "windows",
        "windows_system"
      ],
      "id": "61107"
    },
    "location": "EventChannel",
    "decoder": {
      "name": "windows_eventchannel"
    },
    "id": "1779776739.12293196",
    "timestamp": "2026-05-26T06:25:39.866+0000"
  },
  {
    "input": {
      "type": "log"
    },
    "agent": {
      "ip": "172.25.107.70",
      "name": "SWE-11",
      "id": "044"
    },
    "manager": {
      "name": "wazuh.manager"
    },
    "data": {
      "win": {
        "eventdata": {
          "param5": "Neustart des Diensts",
          "binary": "74006100630074006900630061006C0072006D006D000000",
          "param3": "12000",
          "param4": "1",
          "param1": "TacticalRMM Agent Service",
          "param2": "1"
        },
        "system": {
          "eventID": "7031",
          "eventSourceName": "Service Control Manager",
          "keywords": "0x8080000000000000",
          "providerGuid": "{555908d1-a6d7-4695-8e1e-26931d2012f4}",
          "level": "2",
          "channel": "System",
          "opcode": "0",
          "message": "\"Der Dienst \"TacticalRMM Agent Service\" wurde unerwartet beendet. Dies ist bereits 1 Mal vorgekommen. Folgende Korrekturmaßnahmen werden in 12000 Millisekunden durchgeführt: Neustart des Diensts.\"",
          "version": "0",
          "systemTime": "2026-05-26T06:25:16.8645621Z",
          "eventRecordID": "119019",
          "threadID": "17632",
          "computer": "SWE-11.arzw.local",
          "task": "0",
          "processID": "888",
          "severityValue": "ERROR",
          "providerName": "Service Control Manager"
        }
      }
    },
    "rule": {
      "firedtimes": 66,
      "mail": false,
      "level": 5,
      "description": "TacticalRMM Agent Service terminated unexpectedly",
      "groups": [
        "windows",
        "windows_system"
      ],
      "id": "61107"
    },
    "location": "EventChannel",
    "decoder": {
      "name": "windows_eventchannel"
    },
    "id": "1779776717.12286552",
    "timestamp": "2026-05-26T06:25:17.486+0000"
  },
  {
    "input": {
      "type": "log"
    },
    "agent": {
      "ip": "172.25.107.70",
      "name": "SWE-11",
      "id": "044"
    },
    "manager": {
      "name": "wazuh.manager"
    },
    "data": {
      "win": {
        "eventdata": {
          "param5": "Neustart des Diensts",
          "binary": "74006100630074006900630061006C0072006D006D000000",
          "param3": "12000",
          "param4": "1",
          "param1": "TacticalRMM Agent Service",
          "param2": "1"
        },
        "system": {
          "eventID": "7031",
          "eventSourceName": "Service Control Manager",
          "keywords": "0x8080000000000000",
          "providerGuid": "{555908d1-a6d7-4695-8e1e-26931d2012f4}",
          "level": "2",
          "channel": "System",
          "opcode": "0",
          "message": "\"Der Dienst \"TacticalRMM Agent Service\" wurde unerwartet beendet. Dies ist bereits 1 Mal vorgekommen. Folgende Korrekturmaßnahmen werden in 12000 Millisekunden durchgeführt: Neustart des Diensts.\"",
          "version": "0",
          "systemTime": "2026-05-26T06:24:54.7755233Z",
          "eventRecordID": "119015",
          "threadID": "19720",
          "computer": "SWE-11.arzw.local",
          "task": "0",
          "processID": "888",
          "severityValue": "ERROR",
          "providerName": "Service Control Manager"
        }
      }
    },
    "rule": {
      "firedtimes": 65,
      "mail": false,
      "level": 5,
      "description": "TacticalRMM Agent Service terminated unexpectedly",
      "groups": [
        "windows",
        "windows_system"
      ],
      "id": "61107"
    },
    "location": "EventChannel",
    "decoder": {
      "name": "windows_eventchannel"
    },
    "id": "1779776695.12280179",
    "timestamp": "2026-05-26T06:24:55.069+0000"
  },
