  {
    "input": {
      "type": "log"
    },
    "agent": {
      "ip": "172.25.107.70",
      "name": "SWE-11",
      "id": "044"
    },
    "manager": {
      "name": "wazuh.manager"
    },
    "data": {
      "win": {
        "eventdata": {
          "param5": "Neustart des Diensts",
          "binary": "74006100630074006900630061006C0072006D006D000000",
          "param3": "12000",
          "param4": "1",
          "param1": "TacticalRMM Agent Service",
          "param2": "1"
        },
        "system": {
          "eventID": "7031",
          "eventSourceName": "Service Control Manager",
          "keywords": "0x8080000000000000",
          "providerGuid": "{555908d1-a6d7-4695-8e1e-26931d2012f4}",
          "level": "2",
          "channel": "System",
          "opcode": "0",
          "message": "\"Der Dienst \"TacticalRMM Agent Service\" wurde unerwartet beendet. Dies ist bereits 1 Mal vorgekommen. Folgende Korrekturmaßnahmen werden in 12000 Millisekunden durchgeführt: Neustart des Diensts.\"",
          "version": "0",
          "systemTime": "2026-05-26T08:44:24.0385083Z",
          "eventRecordID": "120104",
          "threadID": "21340",
          "computer": "SWE-11.arzw.local",
          "task": "0",
          "processID": "888",
          "severityValue": "ERROR",
          "providerName": "Service Control Manager"
        }
      }
    },
    "rule": {
      "firedtimes": 117,
      "mail": false,
      "level": 5,
      "description": "TacticalRMM Agent Service terminated unexpectedly",
      "groups": [
        "windows",
        "windows_system"
      ],
      "id": "61107"
    },
    "location": "EventChannel",
    "decoder": {
      "name": "windows_eventchannel"
    },
    "id": "1779785064.19280755",
    "timestamp": "2026-05-26T08:44:24.771+0000"
  },
  {
    "input": {
      "type": "log"
    },
    "agent": {
      "ip": "172.25.107.70",
      "name": "SWE-11",
      "id": "044"
    },
    "manager": {
      "name": "wazuh.manager"
    },
    "data": {
      "win": {
        "eventdata": {
          "param5": "Neustart des Diensts",
          "binary": "74006100630074006900630061006C0072006D006D000000",
          "param3": "12000",
          "param4": "1",
          "param1": "TacticalRMM Agent Service",
          "param2": "1"
        },
        "system": {
          "eventID": "7031",
          "eventSourceName": "Service Control Manager",
          "keywords": "0x8080000000000000",
          "providerGuid": "{555908d1-a6d7-4695-8e1e-26931d2012f4}",
          "level": "2",
          "channel": "System",
          "opcode": "0",
          "message": "\"Der Dienst \"TacticalRMM Agent Service\" wurde unerwartet beendet. Dies ist bereits 1 Mal vorgekommen. Folgende Korrekturmaßnahmen werden in 12000 Millisekunden durchgeführt: Neustart des Diensts.\"",
          "version": "0",
          "systemTime": "2026-05-26T08:44:01.9108081Z",
          "eventRecordID": "120102",
          "threadID": "21340",
          "computer": "SWE-11.arzw.local",
          "task": "0",
          "processID": "888",
          "severityValue": "ERROR",
          "providerName": "Service Control Manager"
        }
      }
    },
    "rule": {
      "firedtimes": 116,
      "mail": false,
      "level": 5,
      "description": "TacticalRMM Agent Service terminated unexpectedly",
      "groups": [
        "windows",
        "windows_system"
      ],
      "id": "61107"
    },
    "location": "EventChannel",
    "decoder": {
      "name": "windows_eventchannel"
    },
    "id": "1779785042.19275999",
    "timestamp": "2026-05-26T08:44:02.177+0000"
  },
  {
    "input": {
      "type": "log"
    },
    "agent": {
      "ip": "172.25.107.70",
      "name": "SWE-11",
      "id": "044"
    },
    "manager": {
      "name": "wazuh.manager"
    },
    "data": {
      "win": {
        "eventdata": {
          "param5": "Neustart des Diensts",
          "binary": "74006100630074006900630061006C0072006D006D000000",
          "param3": "12000",
          "param4": "1",
          "param1": "TacticalRMM Agent Service",
          "param2": "1"
        },
        "system": {
          "eventID": "7031",
          "eventSourceName": "Service Control Manager",
          "keywords": "0x8080000000000000",
          "providerGuid": "{555908d1-a6d7-4695-8e1e-26931d2012f4}",
          "level": "2",
          "channel": "System",
          "opcode": "0",
          "message": "\"Der Dienst \"TacticalRMM Agent Service\" wurde unerwartet beendet. Dies ist bereits 1 Mal vorgekommen. Folgende Korrekturmaßnahmen werden in 12000 Millisekunden durchgeführt: Neustart des Diensts.\"",
          "version": "0",
          "systemTime": "2026-05-26T08:43:39.6820013Z",
          "eventRecordID": "120098",
          "threadID": "9756",
          "computer": "SWE-11.arzw.local",
          "task": "0",
          "processID": "888",
          "severityValue": "ERROR",
          "providerName": "Service Control Manager"
        }
      }
    },
    "rule": {
      "firedtimes": 115,
      "mail": false,
      "level": 5,
      "description": "TacticalRMM Agent Service terminated unexpectedly",
      "groups": [
        "windows",
        "windows_system"
      ],
      "id": "61107"
    },
    "location": "EventChannel",
    "decoder": {
      "name": "windows_eventchannel"
    },
    "id": "1779785020.19267114",
    "timestamp": "2026-05-26T08:43:40.627+0000"
  },
  {
    "input": {
      "type": "log"
    },
    "agent": {
      "ip": "172.25.107.70",
      "name": "SWE-11",
      "id": "044"
    },
    "manager": {
      "name": "wazuh.manager"
    },
    "data": {
      "win": {
        "eventdata": {
          "param5": "Neustart des Diensts",
          "binary": "74006100630074006900630061006C0072006D006D000000",
          "param3": "12000",
          "param4": "1",
          "param1": "TacticalRMM Agent Service",
          "param2": "1"
        },
        "system": {
          "eventID": "7031",
          "eventSourceName": "Service Control Manager",
          "keywords": "0x8080000000000000",
          "providerGuid": "{555908d1-a6d7-4695-8e1e-26931d2012f4}",
          "level": "2",
          "channel": "System",
          "opcode": "0",
          "message": "\"Der Dienst \"TacticalRMM Agent Service\" wurde unerwartet beendet. Dies ist bereits 1 Mal vorgekommen. Folgende Korrekturmaßnahmen werden in 12000 Millisekunden durchgeführt: Neustart des Diensts.\"",
          "version": "0",
          "systemTime": "2026-05-26T08:43:01.0300876Z",
          "eventRecordID": "120097",
          "threadID": "9756",
          "computer": "SWE-11.arzw.local",
          "task": "0",
          "processID": "888",
          "severityValue": "ERROR",
          "providerName": "Service Control Manager"
        }
      }
    },
    "rule": {
      "firedtimes": 114,
      "mail": false,
      "level": 5,
      "description": "TacticalRMM Agent Service terminated unexpectedly",
      "groups": [
        "windows",
        "windows_system"
      ],
      "id": "61107"
    },
    "location": "EventChannel",
    "decoder": {
      "name": "windows_eventchannel"
    },
    "id": "1779784981.19245320",
    "timestamp": "2026-05-26T08:43:01.195+0000"
  },
  {
    "input": {
      "type": "log"
    },
    "agent": {
      "ip": "172.25.107.70",
      "name": "SWE-11",
      "id": "044"
    },
    "manager": {
      "name": "wazuh.manager"
    },
    "data": {
      "win": {
        "eventdata": {
          "param5": "Neustart des Diensts",
          "binary": "74006100630074006900630061006C0072006D006D000000",
          "param3": "12000",
          "param4": "1",
          "param1": "TacticalRMM Agent Service",
          "param2": "1"
        },
        "system": {
          "eventID": "7031",
          "eventSourceName": "Service Control Manager",
          "keywords": "0x8080000000000000",
          "providerGuid": "{555908d1-a6d7-4695-8e1e-26931d2012f4}",
          "level": "2",
          "channel": "System",
          "opcode": "0",
          "message": "\"Der Dienst \"TacticalRMM Agent Service\" wurde unerwartet beendet. Dies ist bereits 1 Mal vorgekommen. Folgende Korrekturmaßnahmen werden in 12000 Millisekunden durchgeführt: Neustart des Diensts.\"",
          "version": "0",
          "systemTime": "2026-05-26T08:42:38.9337630Z",
          "eventRecordID": "120093",
          "threadID": "20256",
          "computer": "SWE-11.arzw.local",
          "task": "0",
          "processID": "888",
          "severityValue": "ERROR",
          "providerName": "Service Control Manager"
        }
      }
    },
    "rule": {
      "firedtimes": 113,
      "mail": false,
      "level": 5,
      "description": "TacticalRMM Agent Service terminated unexpectedly",
      "groups": [
        "windows",
        "windows_system"
      ],
      "id": "61107"
    },
    "location": "EventChannel",
    "decoder": {
      "name": "windows_eventchannel"
    },
    "id": "1779784959.19240573",
    "timestamp": "2026-05-26T08:42:39.687+0000"
  },
  {
    "input": {
      "type": "log"
    },
    "agent": {
      "ip": "172.25.107.70",
      "name": "SWE-11",
      "id": "044"
    },
    "manager": {
      "name": "wazuh.manager"
    },
    "data": {
      "win": {
        "eventdata": {
          "data": "IPv4, 9",
          "binary": "0000000003003000000000006F1000C002000000070001C000000000000000000000000000000000"
        },
        "system": {
          "eventID": "4207",
          "keywords": "0x80000000000000",
          "level": "2",
          "channel": "System",
          "opcode": "0",
          "message": "\"Die IPv4 TCP/IP-Schnittstelle mit dem Index 9 konnte nicht an den Anbieter gebunden werden.\"",
          "version": "0",
          "systemTime": "2026-05-26T08:42:23.8901477Z",
          "eventRecordID": "120089",
          "threadID": "19776",
          "computer": "SWE-11.arzw.local",
          "task": "0",
          "processID": "4",
          "severityValue": "ERROR",
          "providerName": "Tcpip"
        }
      }
    },
    "rule": {
      "firedtimes": 12,
      "mail": false,
      "level": 5,
      "description": "Windows System error event",
      "groups": [
        "windows",
        "windows_system",
        "system_error"
      ],
      "id": "61102",
      "gpg13": [
        "4.3"
      ],
      "gdpr": [
        "IV_35.7.d"
      ]
    },
    "location": "EventChannel",
    "decoder": {
      "name": "windows_eventchannel"
    },
    "id": "1779784944.19210167",
    "timestamp": "2026-05-26T08:42:24.845+0000"
  },
  {
    "input": {
      "type": "log"
    },
    "agent": {
      "ip": "172.25.107.70",
      "name": "SWE-11",
      "id": "044"
    },
    "manager": {
      "name": "wazuh.manager"
    },
    "data": {
      "win": {
        "eventdata": {
          "param5": "Neustart des Diensts",
          "binary": "74006100630074006900630061006C0072006D006D000000",
          "param3": "12000",
          "param4": "1",
          "param1": "TacticalRMM Agent Service",
          "param2": "1"
        },
        "system": {
          "eventID": "7031",
          "eventSourceName": "Service Control Manager",
          "keywords": "0x8080000000000000",
          "providerGuid": "{555908d1-a6d7-4695-8e1e-26931d2012f4}",
          "level": "2",
          "channel": "System",
          "opcode": "0",
          "message": "\"Der Dienst \"TacticalRMM Agent Service\" wurde unerwartet beendet. Dies ist bereits 1 Mal vorgekommen. Folgende Korrekturmaßnahmen werden in 12000 Millisekunden durchgeführt: Neustart des Diensts.\"",
          "version": "0",
          "systemTime": "2026-05-26T08:42:16.8328539Z",
          "eventRecordID": "120088",
          "threadID": "21340",
          "computer": "SWE-11.arzw.local",
          "task": "0",
          "processID": "888",
          "severityValue": "ERROR",
          "providerName": "Service Control Manager"
        }
      }
    },
    "rule": {
      "firedtimes": 112,
      "mail": false,
      "level": 5,
      "description": "TacticalRMM Agent Service terminated unexpectedly",
      "groups": [
        "windows",
        "windows_system"
      ],
      "id": "61107"
    },
    "location": "EventChannel",
    "decoder": {
      "name": "windows_eventchannel"
    },
    "id": "1779784937.19206514",
    "timestamp": "2026-05-26T08:42:17.318+0000"
  },
  {
    "input": {
      "type": "log"
    },
    "agent": {
      "ip": "172.25.107.70",
      "name": "SWE-11",
      "id": "044"
    },
    "manager": {
      "name": "wazuh.manager"
    },
    "data": {
      "win": {
        "eventdata": {
          "param5": "Neustart des Diensts",
          "binary": "74006100630074006900630061006C0072006D006D000000",
          "param3": "12000",
          "param4": "1",
          "param1": "TacticalRMM Agent Service",
          "param2": "1"
        },
        "system": {
          "eventID": "7031",
          "eventSourceName": "Service Control Manager",
          "keywords": "0x8080000000000000",
          "providerGuid": "{555908d1-a6d7-4695-8e1e-26931d2012f4}",
          "level": "2",
          "channel": "System",
          "opcode": "0",
          "message": "\"Der Dienst \"TacticalRMM Agent Service\" wurde unerwartet beendet. Dies ist bereits 1 Mal vorgekommen. Folgende Korrekturmaßnahmen werden in 12000 Millisekunden durchgeführt: Neustart des Diensts.\"",
          "version": "0",
          "systemTime": "2026-05-26T08:41:54.7162105Z",
          "eventRecordID": "120087",
          "threadID": "21340",
          "computer": "SWE-11.arzw.local",
          "task": "0",
          "processID": "888",
          "severityValue": "ERROR",
          "providerName": "Service Control Manager"
        }
      }
    },
    "rule": {
      "firedtimes": 111,
      "mail": false,
      "level": 5,
      "description": "TacticalRMM Agent Service terminated unexpectedly",
      "groups": [
        "windows",
        "windows_system"
      ],
      "id": "61107"
    },
    "location": "EventChannel",
    "decoder": {
      "name": "windows_eventchannel"
    },
    "id": "1779784914.19196791",
    "timestamp": "2026-05-26T08:41:54.918+0000"
  },
  {
    "input": {
      "type": "log"
    },
    "agent": {
      "ip": "172.25.107.70",
      "name": "SWE-11",
      "id": "044"
    },
    "manager": {
      "name": "wazuh.manager"
    },
    "data": {
      "win": {
        "eventdata": {
          "param5": "Neustart des Diensts",
          "binary": "74006100630074006900630061006C0072006D006D000000",
          "param3": "12000",
          "param4": "1",
          "param1": "TacticalRMM Agent Service",
          "param2": "1"
        },
        "system": {
          "eventID": "7031",
          "eventSourceName": "Service Control Manager",
          "keywords": "0x8080000000000000",
          "providerGuid": "{555908d1-a6d7-4695-8e1e-26931d2012f4}",
          "level": "2",
          "channel": "System",
          "opcode": "0",
          "message": "\"Der Dienst \"TacticalRMM Agent Service\" wurde unerwartet beendet. Dies ist bereits 1 Mal vorgekommen. Folgende Korrekturmaßnahmen werden in 12000 Millisekunden durchgeführt: Neustart des Diensts.\"",
          "version": "0",
          "systemTime": "2026-05-26T08:41:32.5894024Z",
          "eventRecordID": "120085",
          "threadID": "20256",
          "computer": "SWE-11.arzw.local",
          "task": "0",
          "processID": "888",
          "severityValue": "ERROR",
          "providerName": "Service Control Manager"
        }
      }
    },
    "rule": {
      "firedtimes": 110,
      "mail": false,
      "level": 5,
      "description": "TacticalRMM Agent Service terminated unexpectedly",
      "groups": [
        "windows",
        "windows_system"
      ],
      "id": "61107"
    },
    "location": "EventChannel",
    "decoder": {
      "name": "windows_eventchannel"
    },
    "id": "1779784892.19167634",
    "timestamp": "2026-05-26T08:41:32.584+0000"
  },
  {
    "input": {
      "type": "log"
    },
    "agent": {
      "ip": "172.25.107.70",
      "name": "SWE-11",
      "id": "044"
    },
    "manager": {
      "name": "wazuh.manager"
    },
    "data": {
      "win": {
        "eventdata": {
          "param5": "Neustart des Diensts",
          "binary": "74006100630074006900630061006C0072006D006D000000",
          "param3": "12000",
          "param4": "1",
          "param1": "TacticalRMM Agent Service",
          "param2": "1"
        },
        "system": {
          "eventID": "7031",
          "eventSourceName": "Service Control Manager",
          "keywords": "0x8080000000000000",
          "providerGuid": "{555908d1-a6d7-4695-8e1e-26931d2012f4}",
          "level": "2",
          "channel": "System",
          "opcode": "0",
          "message": "\"Der Dienst \"TacticalRMM Agent Service\" wurde unerwartet beendet. Dies ist bereits 1 Mal vorgekommen. Folgende Korrekturmaßnahmen werden in 12000 Millisekunden durchgeführt: Neustart des Diensts.\"",
          "version": "0",
          "systemTime": "2026-05-26T08:41:10.4991597Z",
          "eventRecordID": "120082",
          "threadID": "14128",
          "computer": "SWE-11.arzw.local",
          "task": "0",
          "processID": "888",
          "severityValue": "ERROR",
          "providerName": "Service Control Manager"
        }
      }
    },
    "rule": {
      "firedtimes": 109,
      "mail": false,
      "level": 5,
      "description": "TacticalRMM Agent Service terminated unexpectedly",
      "groups": [
        "windows",
        "windows_system"
      ],
      "id": "61107"
    },
    "location": "EventChannel",
    "decoder": {
      "name": "windows_eventchannel"
    },
    "id": "1779784871.19148335",
    "timestamp": "2026-05-26T08:41:11.448+0000"
  },
  {
    "input": {
      "type": "log"
    },
    "agent": {
      "ip": "172.25.107.70",
      "name": "SWE-11",
      "id": "044"
    },
    "manager": {
      "name": "wazuh.manager"
    },
    "data": {
      "win": {
        "eventdata": {
          "param5": "Neustart des Diensts",
          "binary": "74006100630074006900630061006C0072006D006D000000",
          "param3": "12000",
          "param4": "1",
          "param1": "TacticalRMM Agent Service",
          "param2": "1"
        },
        "system": {
          "eventID": "7031",
          "eventSourceName": "Service Control Manager",
          "keywords": "0x8080000000000000",
          "providerGuid": "{555908d1-a6d7-4695-8e1e-26931d2012f4}",
          "level": "2",
          "channel": "System",
          "opcode": "0",
          "message": "\"Der Dienst \"TacticalRMM Agent Service\" wurde unerwartet beendet. Dies ist bereits 1 Mal vorgekommen. Folgende Korrekturmaßnahmen werden in 12000 Millisekunden durchgeführt: Neustart des Diensts.\"",
          "version": "0",
          "systemTime": "2026-05-26T08:40:48.4067000Z",
          "eventRecordID": "120080",
          "threadID": "21340",
          "computer": "SWE-11.arzw.local",
          "task": "0",
          "processID": "888",
          "severityValue": "ERROR",
          "providerName": "Service Control Manager"
        }
      }
    },
    "rule": {
      "firedtimes": 108,
      "mail": false,
      "level": 5,
      "description": "TacticalRMM Agent Service terminated unexpectedly",
      "groups": [
        "windows",
        "windows_system"
      ],
      "id": "61107"
    },
    "location": "EventChannel",
    "decoder": {
      "name": "windows_eventchannel"
    },
    "id": "1779784849.19141699",
    "timestamp": "2026-05-26T08:40:49.352+0000"
  },
  {
    "input": {
      "type": "log"
    },
    "agent": {
      "ip": "172.25.107.70",
      "name": "SWE-11",
      "id": "044"
    },
    "manager": {
      "name": "wazuh.manager"
    },
    "data": {
      "win": {
        "eventdata": {
          "param5": "Neustart des Diensts",
          "binary": "74006100630074006900630061006C0072006D006D000000",
          "param3": "12000",
          "param4": "1",
          "param1": "TacticalRMM Agent Service",
          "param2": "1"
        },
        "system": {
          "eventID": "7031",
          "eventSourceName": "Service Control Manager",
          "keywords": "0x8080000000000000",
          "providerGuid": "{555908d1-a6d7-4695-8e1e-26931d2012f4}",
          "level": "2",
          "channel": "System",
          "opcode": "0",
          "message": "\"Der Dienst \"TacticalRMM Agent Service\" wurde unerwartet beendet. Dies ist bereits 1 Mal vorgekommen. Folgende Korrekturmaßnahmen werden in 12000 Millisekunden durchgeführt: Neustart des Diensts.\"",
          "version": "0",
          "systemTime": "2026-05-26T08:40:08.3971223Z",
          "eventRecordID": "120074",
          "threadID": "5544",
          "computer": "SWE-11.arzw.local",
          "task": "0",
          "processID": "888",
          "severityValue": "ERROR",
          "providerName": "Service Control Manager"
        }
      }
    },
    "rule": {
      "firedtimes": 107,
      "mail": false,
      "level": 5,
      "description": "TacticalRMM Agent Service terminated unexpectedly",
      "groups": [
        "windows",
        "windows_system"
      ],
      "id": "61107"
    },
    "location": "EventChannel",
    "decoder": {
      "name": "windows_eventchannel"
    },
    "id": "1779784809.19133123",
    "timestamp": "2026-05-26T08:40:09.041+0000"
  },
  {
    "input": {
      "type": "log"
    },
    "agent": {
      "ip": "172.25.107.70",
      "name": "SWE-11",
      "id": "044"
    },
    "manager": {
      "name": "wazuh.manager"
    },
    "data": {
      "win": {
        "eventdata": {
          "param5": "Neustart des Diensts",
          "binary": "74006100630074006900630061006C0072006D006D000000",
          "param3": "12000",
          "param4": "1",
          "param1": "TacticalRMM Agent Service",
          "param2": "1"
        },
        "system": {
          "eventID": "7031",
          "eventSourceName": "Service Control Manager",
          "keywords": "0x8080000000000000",
          "providerGuid": "{555908d1-a6d7-4695-8e1e-26931d2012f4}",
          "level": "2",
          "channel": "System",
          "opcode": "0",
          "message": "\"Der Dienst \"TacticalRMM Agent Service\" wurde unerwartet beendet. Dies ist bereits 1 Mal vorgekommen. Folgende Korrekturmaßnahmen werden in 12000 Millisekunden durchgeführt: Neustart des Diensts.\"",
          "version": "0",
          "systemTime": "2026-05-26T08:39:46.3146528Z",
          "eventRecordID": "120072",
          "threadID": "5544",
          "computer": "SWE-11.arzw.local",
          "task": "0",
          "processID": "888",
          "severityValue": "ERROR",
          "providerName": "Service Control Manager"
        }
      }
    },
    "rule": {
      "firedtimes": 106,
      "mail": false,
      "level": 5,
      "description": "TacticalRMM Agent Service terminated unexpectedly",
      "groups": [
        "windows",
        "windows_system"
      ],
      "id": "61107"
    },
    "location": "EventChannel",
    "decoder": {
      "name": "windows_eventchannel"
    },
    "id": "1779784787.19128354",
    "timestamp": "2026-05-26T08:39:47.257+0000"
  },
  {
    "input": {
      "type": "log"
    },
    "agent": {
      "ip": "172.25.107.70",
      "name": "SWE-11",
      "id": "044"
    },
    "manager": {
      "name": "wazuh.manager"
    },
    "data": {
      "win": {
        "eventdata": {
          "param5": "Neustart des Diensts",
          "binary": "74006100630074006900630061006C0072006D006D000000",
          "param3": "12000",
          "param4": "1",
          "param1": "TacticalRMM Agent Service",
          "param2": "1"
        },
        "system": {
          "eventID": "7031",
          "eventSourceName": "Service Control Manager",
          "keywords": "0x8080000000000000",
          "providerGuid": "{555908d1-a6d7-4695-8e1e-26931d2012f4}",
          "level": "2",
          "channel": "System",
          "opcode": "0",
          "message": "\"Der Dienst \"TacticalRMM Agent Service\" wurde unerwartet beendet. Dies ist bereits 1 Mal vorgekommen. Folgende Korrekturmaßnahmen werden in 12000 Millisekunden durchgeführt: Neustart des Diensts.\"",
          "version": "0",
          "systemTime": "2026-05-26T08:39:24.2183759Z",
          "eventRecordID": "120067",
          "threadID": "21340",
          "computer": "SWE-11.arzw.local",
          "task": "0",
          "processID": "888",
          "severityValue": "ERROR",
          "providerName": "Service Control Manager"
        }
      }
    },
    "rule": {
      "firedtimes": 105,
      "mail": false,
      "level": 5,
      "description": "TacticalRMM Agent Service terminated unexpectedly",
      "groups": [
        "windows",
        "windows_system"
      ],
      "id": "61107"
    },
    "location": "EventChannel",
    "decoder": {
      "name": "windows_eventchannel"
    },
    "id": "1779784765.19125221",
    "timestamp": "2026-05-26T08:39:25.170+0000"
  },
  {
    "input": {
      "type": "log"
    },
    "agent": {
      "ip": "172.25.107.70",
      "name": "SWE-11",
      "id": "044"
    },
    "manager": {
      "name": "wazuh.manager"
    },
    "data": {
      "win": {
        "eventdata": {
          "param5": "Neustart des Diensts",
          "binary": "74006100630074006900630061006C0072006D006D000000",
          "param3": "12000",
          "param4": "1",
          "param1": "TacticalRMM Agent Service",
          "param2": "1"
        },
        "system": {
          "eventID": "7031",
          "eventSourceName": "Service Control Manager",
          "keywords": "0x8080000000000000",
          "providerGuid": "{555908d1-a6d7-4695-8e1e-26931d2012f4}",
          "level": "2",
          "channel": "System",
          "opcode": "0",
          "message": "\"Der Dienst \"TacticalRMM Agent Service\" wurde unerwartet beendet. Dies ist bereits 1 Mal vorgekommen. Folgende Korrekturmaßnahmen werden in 12000 Millisekunden durchgeführt: Neustart des Diensts.\"",
          "version": "0",
          "systemTime": "2026-05-26T08:39:02.1119866Z",
          "eventRecordID": "120065",
          "threadID": "20256",
          "computer": "SWE-11.arzw.local",
          "task": "0",
          "processID": "888",
          "severityValue": "ERROR",
          "providerName": "Service Control Manager"
        }
      }
    },
    "rule": {
      "firedtimes": 104,
      "mail": false,
      "level": 5,
      "description": "TacticalRMM Agent Service terminated unexpectedly",
      "groups": [
        "windows",
        "windows_system"
      ],
      "id": "61107"
    },
    "location": "EventChannel",
    "decoder": {
      "name": "windows_eventchannel"
    },
    "id": "1779784743.19116078",
    "timestamp": "2026-05-26T08:39:03.062+0000"
  },
  {
    "input": {
      "type": "log"
    },
    "agent": {
      "ip": "172.25.107.70",
      "name": "SWE-11",
      "id": "044"
    },
    "manager": {
      "name": "wazuh.manager"
    },
    "data": {
      "win": {
        "eventdata": {
          "param5": "Neustart des Diensts",
          "binary": "74006100630074006900630061006C0072006D006D000000",
          "param3": "12000",
          "param4": "1",
          "param1": "TacticalRMM Agent Service",
          "param2": "1"
        },
        "system": {
          "eventID": "7031",
          "eventSourceName": "Service Control Manager",
          "keywords": "0x8080000000000000",
          "providerGuid": "{555908d1-a6d7-4695-8e1e-26931d2012f4}",
          "level": "2",
          "channel": "System",
          "opcode": "0",
          "message": "\"Der Dienst \"TacticalRMM Agent Service\" wurde unerwartet beendet. Dies ist bereits 1 Mal vorgekommen. Folgende Korrekturmaßnahmen werden in 12000 Millisekunden durchgeführt: Neustart des Diensts.\"",
          "version": "0",
          "systemTime": "2026-05-26T08:38:40.0300633Z",
          "eventRecordID": "120061",
          "threadID": "9308",
          "computer": "SWE-11.arzw.local",
          "task": "0",
          "processID": "888",
          "severityValue": "ERROR",
          "providerName": "Service Control Manager"
        }
      }
    },
    "rule": {
      "firedtimes": 103,
      "mail": false,
      "level": 5,
      "description": "TacticalRMM Agent Service terminated unexpectedly",
      "groups": [
        "windows",
        "windows_system"
      ],
      "id": "61107"
    },
    "location": "EventChannel",
    "decoder": {
      "name": "windows_eventchannel"
    },
    "id": "1779784720.19109141",
    "timestamp": "2026-05-26T08:38:40.985+0000"
  },
  {
    "input": {
      "type": "log"
    },
    "agent": {
      "ip": "172.25.107.70",
      "name": "SWE-11",
      "id": "044"
    },
    "manager": {
      "name": "wazuh.manager"
    },
    "data": {
      "win": {
        "eventdata": {
          "param5": "Neustart des Diensts",
          "binary": "74006100630074006900630061006C0072006D006D000000",
          "param3": "12000",
          "param4": "1",
          "param1": "TacticalRMM Agent Service",
          "param2": "1"
        },
        "system": {
          "eventID": "7031",
          "eventSourceName": "Service Control Manager",
          "keywords": "0x8080000000000000",
          "providerGuid": "{555908d1-a6d7-4695-8e1e-26931d2012f4}",
          "level": "2",
          "channel": "System",
          "opcode": "0",
          "message": "\"Der Dienst \"TacticalRMM Agent Service\" wurde unerwartet beendet. Dies ist bereits 1 Mal vorgekommen. Folgende Korrekturmaßnahmen werden in 12000 Millisekunden durchgeführt: Neustart des Diensts.\"",
          "version": "0",
          "systemTime": "2026-05-26T08:38:17.9269384Z",
          "eventRecordID": "120060",
          "threadID": "14128",
          "computer": "SWE-11.arzw.local",
          "task": "0",
          "processID": "888",
          "severityValue": "ERROR",
          "providerName": "Service Control Manager"
        }
      }
    },
    "rule": {
      "firedtimes": 102,
      "mail": false,
      "level": 5,
      "description": "TacticalRMM Agent Service terminated unexpectedly",
      "groups": [
        "windows",
        "windows_system"
      ],
      "id": "61107"
    },
    "location": "EventChannel",
    "decoder": {
      "name": "windows_eventchannel"
    },
    "id": "1779784698.19079756",
    "timestamp": "2026-05-26T08:38:18.879+0000"
  },
  {
    "input": {
      "type": "log"
    },
    "agent": {
      "ip": "172.25.107.70",
      "name": "SWE-11",
      "id": "044"
    },
    "manager": {
      "name": "wazuh.manager"
    },
    "data": {
      "win": {
        "eventdata": {
          "param5": "Neustart des Diensts",
          "binary": "74006100630074006900630061006C0072006D006D000000",
          "param3": "12000",
          "param4": "1",
          "param1": "TacticalRMM Agent Service",
          "param2": "1"
        },
        "system": {
          "eventID": "7031",
          "eventSourceName": "Service Control Manager",
          "keywords": "0x8080000000000000",
          "providerGuid": "{555908d1-a6d7-4695-8e1e-26931d2012f4}",
          "level": "2",
          "channel": "System",
          "opcode": "0",
          "message": "\"Der Dienst \"TacticalRMM Agent Service\" wurde unerwartet beendet. Dies ist bereits 1 Mal vorgekommen. Folgende Korrekturmaßnahmen werden in 12000 Millisekunden durchgeführt: Neustart des Diensts.\"",
          "version": "0",
          "systemTime": "2026-05-26T08:37:55.8409146Z",
          "eventRecordID": "120056",
          "threadID": "21340",
          "computer": "SWE-11.arzw.local",
          "task": "0",
          "processID": "888",
          "severityValue": "ERROR",
          "providerName": "Service Control Manager"
        }
      }
    },
    "rule": {
      "firedtimes": 101,
      "mail": false,
      "level": 5,
      "description": "TacticalRMM Agent Service terminated unexpectedly",
      "groups": [
        "windows",
        "windows_system"
      ],
      "id": "61107"
    },
    "location": "EventChannel",
    "decoder": {
      "name": "windows_eventchannel"
    },
    "id": "1779784676.19071010",
    "timestamp": "2026-05-26T08:37:56.700+0000"
  },
  {
    "input": {
      "type": "log"
    },
    "agent": {
      "ip": "172.25.107.70",
      "name": "SWE-11",
      "id": "044"
    },
    "manager": {
      "name": "wazuh.manager"
    },
    "data": {
      "win": {
        "eventdata": {
          "param5": "Neustart des Diensts",
          "binary": "74006100630074006900630061006C0072006D006D000000",
          "param3": "12000",
          "param4": "1",
          "param1": "TacticalRMM Agent Service",
          "param2": "1"
        },
        "system": {
          "eventID": "7031",
          "eventSourceName": "Service Control Manager",
          "keywords": "0x8080000000000000",
          "providerGuid": "{555908d1-a6d7-4695-8e1e-26931d2012f4}",
          "level": "2",
          "channel": "System",
          "opcode": "0",
          "message": "\"Der Dienst \"TacticalRMM Agent Service\" wurde unerwartet beendet. Dies ist bereits 1 Mal vorgekommen. Folgende Korrekturmaßnahmen werden in 12000 Millisekunden durchgeführt: Neustart des Diensts.\"",
          "version": "0",
          "systemTime": "2026-05-26T08:37:33.7485485Z",
          "eventRecordID": "120052",
          "threadID": "9308",
          "computer": "SWE-11.arzw.local",
          "task": "0",
          "processID": "888",
          "severityValue": "ERROR",
          "providerName": "Service Control Manager"
        }
      }
    },
    "rule": {
      "firedtimes": 100,
      "mail": false,
      "level": 5,
      "description": "TacticalRMM Agent Service terminated unexpectedly",
      "groups": [
        "windows",
        "windows_system"
      ],
      "id": "61107"
    },
    "location": "EventChannel",
    "decoder": {
      "name": "windows_eventchannel"
    },
    "id": "1779784654.19034594",
    "timestamp": "2026-05-26T08:37:34.269+0000"
  },
  {
    "input": {
      "type": "log"
    },
    "agent": {
      "ip": "172.25.107.70",
      "name": "SWE-11",
      "id": "044"
    },
    "manager": {
      "name": "wazuh.manager"
    },
    "data": {
      "win": {
        "eventdata": {
          "param5": "Neustart des Diensts",
          "binary": "74006100630074006900630061006C0072006D006D000000",
          "param3": "12000",
          "param4": "1",
          "param1": "TacticalRMM Agent Service",
          "param2": "1"
        },
        "system": {
          "eventID": "7031",
          "eventSourceName": "Service Control Manager",
          "keywords": "0x8080000000000000",
          "providerGuid": "{555908d1-a6d7-4695-8e1e-26931d2012f4}",
          "level": "2",
          "channel": "System",
          "opcode": "0",
          "message": "\"Der Dienst \"TacticalRMM Agent Service\" wurde unerwartet beendet. Dies ist bereits 1 Mal vorgekommen. Folgende Korrekturmaßnahmen werden in 12000 Millisekunden durchgeführt: Neustart des Diensts.\"",
          "version": "0",
          "systemTime": "2026-05-26T08:37:11.6246546Z",
          "eventRecordID": "120050",
          "threadID": "20256",
          "computer": "SWE-11.arzw.local",
          "task": "0",
          "processID": "888",
          "severityValue": "ERROR",
          "providerName": "Service Control Manager"
        }
      }
    },
    "rule": {
      "firedtimes": 99,
      "mail": false,
      "level": 5,
      "description": "TacticalRMM Agent Service terminated unexpectedly",
      "groups": [
        "windows",
        "windows_system"
      ],
      "id": "61107"
    },
    "location": "EventChannel",
    "decoder": {
      "name": "windows_eventchannel"
    },
    "id": "1779784631.19028199",
    "timestamp": "2026-05-26T08:37:11.875+0000"
  },
  {
    "input": {
      "type": "log"
    },
    "agent": {
      "ip": "172.25.107.70",
      "name": "SWE-11",
      "id": "044"
    },
    "manager": {
      "name": "wazuh.manager"
    },
    "data": {
      "win": {
        "eventdata": {
          "param5": "Neustart des Diensts",
          "binary": "74006100630074006900630061006C0072006D006D000000",
          "param3": "12000",
          "param4": "1",
          "param1": "TacticalRMM Agent Service",
          "param2": "1"
        },
        "system": {
          "eventID": "7031",
          "eventSourceName": "Service Control Manager",
          "keywords": "0x8080000000000000",
          "providerGuid": "{555908d1-a6d7-4695-8e1e-26931d2012f4}",
          "level": "2",
          "channel": "System",
          "opcode": "0",
          "message": "\"Der Dienst \"TacticalRMM Agent Service\" wurde unerwartet beendet. Dies ist bereits 1 Mal vorgekommen. Folgende Korrekturmaßnahmen werden in 12000 Millisekunden durchgeführt: Neustart des Diensts.\"",
          "version": "0",
          "systemTime": "2026-05-26T08:36:49.5306300Z",
          "eventRecordID": "120047",
          "threadID": "17372",
          "computer": "SWE-11.arzw.local",
          "task": "0",
          "processID": "888",
          "severityValue": "ERROR",
          "providerName": "Service Control Manager"
        }
      }
    },
    "rule": {
      "firedtimes": 98,
      "mail": false,
      "level": 5,
      "description": "TacticalRMM Agent Service terminated unexpectedly",
      "groups": [
        "windows",
        "windows_system"
      ],
      "id": "61107"
    },
    "location": "EventChannel",
    "decoder": {
      "name": "windows_eventchannel"
    },
    "id": "1779784609.19018291",
    "timestamp": "2026-05-26T08:36:49.484+0000"
  },
  {
    "input": {
      "type": "log"
    },
    "agent": {
      "ip": "172.25.107.70",
      "name": "SWE-11",
      "id": "044"
    },
    "manager": {
      "name": "wazuh.manager"
    },
    "data": {
      "win": {
        "eventdata": {
          "param5": "Neustart des Diensts",
          "binary": "74006100630074006900630061006C0072006D006D000000",
          "param3": "12000",
          "param4": "1",
          "param1": "TacticalRMM Agent Service",
          "param2": "1"
        },
        "system": {
          "eventID": "7031",
          "eventSourceName": "Service Control Manager",
          "keywords": "0x8080000000000000",
          "providerGuid": "{555908d1-a6d7-4695-8e1e-26931d2012f4}",
          "level": "2",
          "channel": "System",
          "opcode": "0",
          "message": "\"Der Dienst \"TacticalRMM Agent Service\" wurde unerwartet beendet. Dies ist bereits 1 Mal vorgekommen. Folgende Korrekturmaßnahmen werden in 12000 Millisekunden durchgeführt: Neustart des Diensts.\"",
          "version": "0",
          "systemTime": "2026-05-26T08:36:27.4475988Z",
          "eventRecordID": "120046",
          "threadID": "17372",
          "computer": "SWE-11.arzw.local",
          "task": "0",
          "processID": "888",
          "severityValue": "ERROR",
          "providerName": "Service Control Manager"
        }
      }
    },
    "rule": {
      "firedtimes": 97,
      "mail": false,
      "level": 5,
      "description": "TacticalRMM Agent Service terminated unexpectedly",
      "groups": [
        "windows",
        "windows_system"
      ],
      "id": "61107"
    },
    "location": "EventChannel",
    "decoder": {
      "name": "windows_eventchannel"
    },
    "id": "1779784588.19013526",
    "timestamp": "2026-05-26T08:36:28.390+0000"
  },
  {
    "input": {
      "type": "log"
    },
    "agent": {
      "ip": "172.25.107.70",
      "name": "SWE-11",
      "id": "044"
    },
    "manager": {
      "name": "wazuh.manager"
    },
    "data": {
      "win": {
        "eventdata": {
          "param5": "Neustart des Diensts",
          "binary": "74006100630074006900630061006C0072006D006D000000",
          "param3": "12000",
          "param4": "1",
          "param1": "TacticalRMM Agent Service",
          "param2": "1"
        },
        "system": {
          "eventID": "7031",
          "eventSourceName": "Service Control Manager",
          "keywords": "0x8080000000000000",
          "providerGuid": "{555908d1-a6d7-4695-8e1e-26931d2012f4}",
          "level": "2",
          "channel": "System",
          "opcode": "0",
          "message": "\"Der Dienst \"TacticalRMM Agent Service\" wurde unerwartet beendet. Dies ist bereits 1 Mal vorgekommen. Folgende Korrekturmaßnahmen werden in 12000 Millisekunden durchgeführt: Neustart des Diensts.\"",
          "version": "0",
          "systemTime": "2026-05-26T08:36:05.3747751Z",
          "eventRecordID": "120042",
          "threadID": "20256",
          "computer": "SWE-11.arzw.local",
          "task": "0",
          "processID": "888",
          "severityValue": "ERROR",
          "providerName": "Service Control Manager"
        }
      }
    },
    "rule": {
      "firedtimes": 96,
      "mail": false,
      "level": 5,
      "description": "TacticalRMM Agent Service terminated unexpectedly",
      "groups": [
        "windows",
        "windows_system"
      ],
      "id": "61107"
    },
    "location": "EventChannel",
    "decoder": {
      "name": "windows_eventchannel"
    },
    "id": "1779784566.18981439",
    "timestamp": "2026-05-26T08:36:06.327+0000"
  },
  {
    "input": {
      "type": "log"
    },
    "agent": {
      "ip": "172.25.107.70",
      "name": "SWE-11",
      "id": "044"
    },
    "manager": {
      "name": "wazuh.manager"
    },
    "data": {
      "win": {
        "eventdata": {
          "param5": "Neustart des Diensts",
          "binary": "74006100630074006900630061006C0072006D006D000000",
          "param3": "12000",
          "param4": "1",
          "param1": "TacticalRMM Agent Service",
          "param2": "1"
        },
        "system": {
          "eventID": "7031",
          "eventSourceName": "Service Control Manager",
          "keywords": "0x8080000000000000",
          "providerGuid": "{555908d1-a6d7-4695-8e1e-26931d2012f4}",
          "level": "2",
          "channel": "System",
          "opcode": "0",
          "message": "\"Der Dienst \"TacticalRMM Agent Service\" wurde unerwartet beendet. Dies ist bereits 1 Mal vorgekommen. Folgende Korrekturmaßnahmen werden in 12000 Millisekunden durchgeführt: Neustart des Diensts.\"",
          "version": "0",
          "systemTime": "2026-05-26T08:35:43.2731118Z",
          "eventRecordID": "120041",
          "threadID": "14128",
          "computer": "SWE-11.arzw.local",
          "task": "0",
          "processID": "888",
          "severityValue": "ERROR",
          "providerName": "Service Control Manager"
        }
      }
    },
    "rule": {
      "firedtimes": 95,
      "mail": false,
      "level": 5,
      "description": "TacticalRMM Agent Service terminated unexpectedly",
      "groups": [
        "windows",
        "windows_system"
      ],
      "id": "61107"
    },
    "location": "EventChannel",
    "decoder": {
      "name": "windows_eventchannel"
    },
    "id": "1779784544.18961549",
    "timestamp": "2026-05-26T08:35:44.227+0000"
  },
  {
    "input": {
      "type": "log"
    },
    "agent": {
      "ip": "172.25.107.70",
      "name": "SWE-11",
      "id": "044"
    },
    "manager": {
      "name": "wazuh.manager"
    },
    "data": {
      "win": {
        "eventdata": {
          "param5": "Neustart des Diensts",
          "binary": "74006100630074006900630061006C0072006D006D000000",
          "param3": "12000",
          "param4": "1",
          "param1": "TacticalRMM Agent Service",
          "param2": "1"
        },
        "system": {
          "eventID": "7031",
          "eventSourceName": "Service Control Manager",
          "keywords": "0x8080000000000000",
          "providerGuid": "{555908d1-a6d7-4695-8e1e-26931d2012f4}",
          "level": "2",
          "channel": "System",
          "opcode": "0",
          "message": "\"Der Dienst \"TacticalRMM Agent Service\" wurde unerwartet beendet. Dies ist bereits 1 Mal vorgekommen. Folgende Korrekturmaßnahmen werden in 12000 Millisekunden durchgeführt: Neustart des Diensts.\"",
          "version": "0",
          "systemTime": "2026-05-26T08:35:21.1711759Z",
          "eventRecordID": "120037",
          "threadID": "9308",
          "computer": "SWE-11.arzw.local",
          "task": "0",
          "processID": "888",
          "severityValue": "ERROR",
          "providerName": "Service Control Manager"
        }
      }
    },
    "rule": {
      "firedtimes": 94,
      "mail": false,
      "level": 5,
      "description": "TacticalRMM Agent Service terminated unexpectedly",
      "groups": [
        "windows",
        "windows_system"
      ],
      "id": "61107"
    },
    "location": "EventChannel",
    "decoder": {
      "name": "windows_eventchannel"
    },
    "id": "1779784521.18901173",
    "timestamp": "2026-05-26T08:35:21.957+0000"
  },
  {
    "input": {
      "type": "log"
    },
    "agent": {
      "ip": "172.25.107.70",
      "name": "SWE-11",
      "id": "044"
    },
    "manager": {
      "name": "wazuh.manager"
    },
    "data": {
      "win": {
        "eventdata": {
          "param5": "Neustart des Diensts",
          "binary": "74006100630074006900630061006C0072006D006D000000",
          "param3": "12000",
          "param4": "1",
          "param1": "TacticalRMM Agent Service",
          "param2": "1"
        },
        "system": {
          "eventID": "7031",
          "eventSourceName": "Service Control Manager",
          "keywords": "0x8080000000000000",
          "providerGuid": "{555908d1-a6d7-4695-8e1e-26931d2012f4}",
          "level": "2",
          "channel": "System",
          "opcode": "0",
          "message": "\"Der Dienst \"TacticalRMM Agent Service\" wurde unerwartet beendet. Dies ist bereits 1 Mal vorgekommen. Folgende Korrekturmaßnahmen werden in 12000 Millisekunden durchgeführt: Neustart des Diensts.\"",
          "version": "0",
          "systemTime": "2026-05-26T08:34:59.0845464Z",
          "eventRecordID": "120036",
          "threadID": "14128",
          "computer": "SWE-11.arzw.local",
          "task": "0",
          "processID": "888",
          "severityValue": "ERROR",
          "providerName": "Service Control Manager"
        }
      }
    },
    "rule": {
      "firedtimes": 93,
      "mail": false,
      "level": 5,
      "description": "TacticalRMM Agent Service terminated unexpectedly",
      "groups": [
        "windows",
        "windows_system"
      ],
      "id": "61107"
    },
    "location": "EventChannel",
    "decoder": {
      "name": "windows_eventchannel"
    },
    "id": "1779784499.18890491",
    "timestamp": "2026-05-26T08:34:59.556+0000"
  },
  {
    "input": {
      "type": "log"
    },
    "agent": {
      "ip": "172.25.107.70",
      "name": "SWE-11",
      "id": "044"
    },
    "manager": {
      "name": "wazuh.manager"
    },
    "data": {
      "win": {
        "eventdata": {
          "param5": "Neustart des Diensts",
          "binary": "74006100630074006900630061006C0072006D006D000000",
          "param3": "12000",
          "param4": "1",
          "param1": "TacticalRMM Agent Service",
          "param2": "1"
        },
        "system": {
          "eventID": "7031",
          "eventSourceName": "Service Control Manager",
          "keywords": "0x8080000000000000",
          "providerGuid": "{555908d1-a6d7-4695-8e1e-26931d2012f4}",
          "level": "2",
          "channel": "System",
          "opcode": "0",
          "message": "\"Der Dienst \"TacticalRMM Agent Service\" wurde unerwartet beendet. Dies ist bereits 1 Mal vorgekommen. Folgende Korrekturmaßnahmen werden in 12000 Millisekunden durchgeführt: Neustart des Diensts.\"",
          "version": "0",
          "systemTime": "2026-05-26T08:34:36.6809235Z",
          "eventRecordID": "120032",
          "threadID": "20256",
          "computer": "SWE-11.arzw.local",
          "task": "0",
          "processID": "888",
          "severityValue": "ERROR",
          "providerName": "Service Control Manager"
        }
      }
    },
    "rule": {
      "firedtimes": 92,
      "mail": false,
      "level": 5,
      "description": "TacticalRMM Agent Service terminated unexpectedly",
      "groups": [
        "windows",
        "windows_system"
      ],
      "id": "61107"
    },
    "location": "EventChannel",
    "decoder": {
      "name": "windows_eventchannel"
    },
    "id": "1779784477.18874454",
    "timestamp": "2026-05-26T08:34:37.135+0000"
  },
