  {
    "input": {
      "type": "log"
    },
    "agent": {
      "ip": "10.0.139.142",
      "name": "SWE-13",
      "id": "077"
    },
    "manager": {
      "name": "wazuh.manager"
    },
    "data": {
      "win": {
        "eventdata": {
          "data": "mDNSCoreReceiveResponse: Received from 2003:0104:1F12:7F00:6821:076D:98E6:7A12:5353   14 7.4.1.A.4.3.0.A.2.2.E.C.D.F.8.F.0.0.0.0.6.E.5.2.3.9.0.5.9.1.D.F.ip6.arpa. PTR SWE-13.local."
        },
        "system": {
          "eventID": "100",
          "keywords": "0x80000000000000",
          "level": "2",
          "channel": "Application",
          "opcode": "0",
          "version": "0",
          "systemTime": "2026-05-26T10:57:55.9814791Z",
          "eventRecordID": "35222",
          "threadID": "0",
          "computer": "SWE-13.arzw.local",
          "task": "0",
          "processID": "6084",
          "severityValue": "ERROR",
          "providerName": "niZeroconfService"
        }
      }
    },
    "rule": {
      "firedtimes": 19,
      "mail": false,
      "level": 9,
      "description": "Windows application error event.",
      "groups": [
        "windows",
        "windows_application",
        "system_error"
      ],
      "id": "60602",
      "gdpr": [
        "IV_35.7.d"
      ],
      "gpg13": [
        "4.3"
      ]
    },
    "location": "EventChannel",
    "decoder": {
      "name": "windows_eventchannel"
    },
    "id": "1779793185.22864248",
    "timestamp": "2026-05-26T10:59:45.918+0000"
  },
  {
    "input": {
      "type": "log"
    },
    "agent": {
      "ip": "10.0.139.142",
      "name": "SWE-13",
      "id": "077"
    },
    "manager": {
      "name": "wazuh.manager"
    },
    "data": {
      "win": {
        "eventdata": {
          "data": "mDNSCoreReceiveResponse: Unexpected conflict discarding   14 7.4.1.A.4.3.0.A.2.2.E.C.D.F.8.F.0.0.F.7.2.1.F.1.4.0.1.0.3.0.0.2.ip6.arpa. PTR SWE-89.local."
        },
        "system": {
          "eventID": "100",
          "keywords": "0x80000000000000",
          "level": "2",
          "channel": "Application",
          "opcode": "0",
          "version": "0",
          "systemTime": "2026-05-26T10:57:55.9810181Z",
          "eventRecordID": "35221",
          "threadID": "0",
          "computer": "SWE-13.arzw.local",
          "task": "0",
          "processID": "6084",
          "severityValue": "ERROR",
          "providerName": "niZeroconfService"
        }
      }
    },
    "rule": {
      "firedtimes": 18,
      "mail": false,
      "level": 9,
      "description": "Windows application error event.",
      "groups": [
        "windows",
        "windows_application",
        "system_error"
      ],
      "id": "60602",
      "gdpr": [
        "IV_35.7.d"
      ],
      "gpg13": [
        "4.3"
      ]
    },
    "location": "EventChannel",
    "decoder": {
      "name": "windows_eventchannel"
    },
    "id": "1779793185.22862934",
    "timestamp": "2026-05-26T10:59:45.879+0000"
  },
  {
    "input": {
      "type": "log"
    },
    "agent": {
      "ip": "10.0.139.142",
      "name": "SWE-13",
      "id": "077"
    },
    "manager": {
      "name": "wazuh.manager"
    },
    "data": {
      "win": {
        "eventdata": {
          "data": "mDNSCoreReceiveResponse: Received from 2003:0104:1F12:7F00:6821:076D:98E6:7A12:5353   14 7.4.1.A.4.3.0.A.2.2.E.C.D.F.8.F.0.0.F.7.2.1.F.1.4.0.1.0.3.0.0.2.ip6.arpa. PTR SWE-13.local."
        },
        "system": {
          "eventID": "100",
          "keywords": "0x80000000000000",
          "level": "2",
          "channel": "Application",
          "opcode": "0",
          "version": "0",
          "systemTime": "2026-05-26T10:57:55.9807993Z",
          "eventRecordID": "35220",
          "threadID": "0",
          "computer": "SWE-13.arzw.local",
          "task": "0",
          "processID": "6084",
          "severityValue": "ERROR",
          "providerName": "niZeroconfService"
        }
      }
    },
    "rule": {
      "firedtimes": 17,
      "mail": false,
      "level": 9,
      "description": "Windows application error event.",
      "groups": [
        "windows",
        "windows_application",
        "system_error"
      ],
      "id": "60602",
      "gdpr": [
        "IV_35.7.d"
      ],
      "gpg13": [
        "4.3"
      ]
    },
    "location": "EventChannel",
    "decoder": {
      "name": "windows_eventchannel"
    },
    "id": "1779793185.22861564",
    "timestamp": "2026-05-26T10:59:45.838+0000"
  },
  {
    "input": {
      "type": "log"
    },
    "agent": {
      "ip": "10.0.139.142",
      "name": "SWE-13",
      "id": "077"
    },
    "manager": {
      "name": "wazuh.manager"
    },
    "data": {
      "win": {
        "eventdata": {
          "data": "mDNSCoreReceiveResponse: Unexpected conflict discarding   14 4.C.F.7.A.1.3.F.1.8.4.A.0.B.7.6.0.0.0.0.6.E.5.2.3.9.0.5.9.1.D.F.ip6.arpa. PTR SWE-89.local."
        },
        "system": {
          "eventID": "100",
          "keywords": "0x80000000000000",
          "level": "2",
          "channel": "Application",
          "opcode": "0",
          "version": "0",
          "systemTime": "2026-05-26T10:57:55.9805013Z",
          "eventRecordID": "35219",
          "threadID": "0",
          "computer": "SWE-13.arzw.local",
          "task": "0",
          "processID": "6084",
          "severityValue": "ERROR",
          "providerName": "niZeroconfService"
        }
      }
    },
    "rule": {
      "firedtimes": 16,
      "mail": false,
      "level": 9,
      "description": "Windows application error event.",
      "groups": [
        "windows",
        "windows_application",
        "system_error"
      ],
      "id": "60602",
      "gdpr": [
        "IV_35.7.d"
      ],
      "gpg13": [
        "4.3"
      ]
    },
    "location": "EventChannel",
    "decoder": {
      "name": "windows_eventchannel"
    },
    "id": "1779793185.22860250",
    "timestamp": "2026-05-26T10:59:45.798+0000"
  },
  {
    "input": {
      "type": "log"
    },
    "agent": {
      "ip": "10.0.139.142",
      "name": "SWE-13",
      "id": "077"
    },
    "previous_output": "{\"win\":{\"system\":{\"providerName\":\"niZeroconfService\",\"eventID\":\"100\",\"version\":\"0\",\"level\":\"2\",\"task\":\"0\",\"opcode\":\"0\",\"keywords\":\"0x80000000000000\",\"systemTime\":\"2026-05-26T10:57:55.9800134Z\",\"eventRecordID\":\"35217\",\"processID\":\"6084\",\"threadID\":\"0\",\"channel\":\"Application\",\"computer\":\"SWE-13.arzw.local\",\"severityValue\":\"ERROR\"},\"eventdata\":{\"data\":\"mDNSCoreReceiveResponse: Unexpected conflict discarding   14 2.1.A.7.6.E.8.9.D.6.7.0.1.2.8.6.0.0.F.7.2.1.F.1.4.0.1.0.3.0.0.2.ip6.arpa. PTR SWE-89.local.\"}}}\n{\"win\":{\"system\":{\"providerName\":\"niZeroconfService\",\"eventID\":\"100\",\"version\":\"0\",\"level\":\"2\",\"task\":\"0\",\"opcode\":\"0\",\"keywords\":\"0x80000000000000\",\"systemTime\":\"2026-05-26T10:57:55.9797533Z\",\"eventRecordID\":\"35216\",\"processID\":\"6084\",\"threadID\":\"0\",\"channel\":\"Application\",\"computer\":\"SWE-13.arzw.local\",\"severityValue\":\"ERROR\"},\"eventdata\":{\"data\":\"mDNSCoreReceiveResponse: Received from 2003:0104:1F12:7F00:6821:076D:98E6:7A12:5353   14 2.1.A.7.6.E.8.9.D.6.7.0.1.2.8.6.0.0.F.7.2.1.F.1.4.0.1.0.3.0.0.2.ip6.arpa. PTR SWE-13.local.\"}}}\n{\"win\":{\"system\":{\"providerName\":\"niZeroconfService\",\"eventID\":\"100\",\"version\":\"0\",\"level\":\"2\",\"task\":\"0\",\"opcode\":\"0\",\"keywords\":\"0x80000000000000\",\"systemTime\":\"2026-05-26T10:57:55.9793988Z\",\"eventRecordID\":\"35215\",\"processID\":\"6084\",\"threadID\":\"0\",\"channel\":\"Application\",\"computer\":\"SWE-13.arzw.local\",\"severityValue\":\"ERROR\"},\"eventdata\":{\"data\":\"ResolveSimultaneousProbe: 00000000 Our Record 3 won:  58E2ACC8   20 SWE-13._ni-logos._tcp.local. SRV 0 0 2343 SWE-89.local.\"}}}\n{\"win\":{\"system\":{\"providerName\":\"niZeroconfService\",\"eventID\":\"100\",\"version\":\"0\",\"level\":\"2\",\"task\":\"0\",\"opcode\":\"0\",\"keywords\":\"0x80000000000000\",\"systemTime\":\"2026-05-26T10:57:55.9791208Z\",\"eventRecordID\":\"35214\",\"processID\":\"6084\",\"threadID\":\"0\",\"channel\":\"Application\",\"computer\":\"SWE-13.arzw.local\",\"severityValue\":\"ERROR\"},\"eventdata\":{\"data\":\"ResolveSimultaneousProbe: 0103A258 Pkt Record:        58D63CC8   20 SWE-13._ni-logos._tcp.local. SRV 0 0 2343 SWE-13.local.\"}}}\n{\"win\":{\"system\":{\"providerName\":\"niZeroconfService\",\"eventID\":\"100\",\"version\":\"0\",\"level\":\"2\",\"task\":\"0\",\"opcode\":\"0\",\"keywords\":\"0x80000000000000\",\"systemTime\":\"2026-05-26T10:57:55.9783337Z\",\"eventRecordID\":\"35213\",\"processID\":\"6084\",\"threadID\":\"0\",\"channel\":\"Application\",\"computer\":\"SWE-13.arzw.local\",\"severityValue\":\"ERROR\"},\"eventdata\":{\"data\":\"Local Hostname SWE-13.local already in use; will try SWE-89.local instead\"}}}\n{\"win\":{\"system\":{\"providerName\":\"niZeroconfService\",\"eventID\":\"100\",\"version\":\"0\",\"level\":\"2\",\"task\":\"0\",\"opcode\":\"0\",\"keywords\":\"0x80000000000000\",\"systemTime\":\"2026-05-26T10:57:55.9780190Z\",\"eventRecordID\":\"35212\",\"processID\":\"6084\",\"threadID\":\"0\",\"channel\":\"Application\",\"computer\":\"SWE-13.arzw.local\",\"severityValue\":\"ERROR\"},\"eventdata\":{\"data\":\"mDNSCoreReceiveResponse: ProbeCount 0; will deregister   16 SWE-13.local. AAAA 2003:0104:1F12:7F00:6821:076D:98E6:7A12\"}}}\n{\"win\":{\"system\":{\"providerName\":\"niZeroconfService\",\"eventID\":\"100\",\"version\":\"0\",\"level\":\"2\",\"task\":\"0\",\"opcode\":\"0\",\"keywords\":\"0x80000000000000\",\"systemTime\":\"2026-05-26T10:57:55.9774917Z\",\"eventRecordID\":\"35211\",\"processID\":\"6084\",\"threadID\":\"0\",\"channel\":\"Application\",\"computer\":\"SWE-13.arzw.local\",\"severityValue\":\"ERROR\"},\"eventdata\":{\"data\":\"mDNSCoreReceiveResponse: Received from FE80:0000:0000:0000:1215:A0ED:F720:2351:5353    4 SWE-13.local. Addr 192.168.178.34\"}}}",
    "manager": {
      "name": "wazuh.manager"
    },
    "data": {
      "win": {
        "eventdata": {
          "data": "mDNSCoreReceiveResponse: Received from 2003:0104:1F12:7F00:6821:076D:98E6:7A12:5353   14 4.C.F.7.A.1.3.F.1.8.4.A.0.B.7.6.0.0.0.0.6.E.5.2.3.9.0.5.9.1.D.F.ip6.arpa. PTR SWE-13.local."
        },
        "system": {
          "eventID": "100",
          "keywords": "0x80000000000000",
          "level": "2",
          "channel": "Application",
          "opcode": "0",
          "version": "0",
          "systemTime": "2026-05-26T10:57:55.9802708Z",
          "eventRecordID": "35218",
          "threadID": "0",
          "computer": "SWE-13.arzw.local",
          "task": "0",
          "processID": "6084",
          "severityValue": "ERROR",
          "providerName": "niZeroconfService"
        }
      }
    },
    "rule": {
      "firedtimes": 1,
      "mail": false,
      "level": 10,
      "description": "Multiple Windows error application events.",
      "groups": [
        "windows",
        "windows_application"
      ],
      "id": "61061",
      "frequency": 8
    },
    "location": "EventChannel",
    "decoder": {
      "name": "windows_eventchannel"
    },
    "id": "1779793185.22855517",
    "timestamp": "2026-05-26T10:59:45.755+0000"
  },
  {
    "input": {
      "type": "log"
    },
    "agent": {
      "ip": "10.0.139.142",
      "name": "SWE-13",
      "id": "077"
    },
    "manager": {
      "name": "wazuh.manager"
    },
    "data": {
      "win": {
        "eventdata": {
          "data": "mDNSCoreReceiveResponse: Unexpected conflict discarding   14 2.1.A.7.6.E.8.9.D.6.7.0.1.2.8.6.0.0.F.7.2.1.F.1.4.0.1.0.3.0.0.2.ip6.arpa. PTR SWE-89.local."
        },
        "system": {
          "eventID": "100",
          "keywords": "0x80000000000000",
          "level": "2",
          "channel": "Application",
          "opcode": "0",
          "version": "0",
          "systemTime": "2026-05-26T10:57:55.9800134Z",
          "eventRecordID": "35217",
          "threadID": "0",
          "computer": "SWE-13.arzw.local",
          "task": "0",
          "processID": "6084",
          "severityValue": "ERROR",
          "providerName": "niZeroconfService"
        }
      }
    },
    "rule": {
      "firedtimes": 15,
      "mail": false,
      "level": 9,
      "description": "Windows application error event.",
      "groups": [
        "windows",
        "windows_application",
        "system_error"
      ],
      "id": "60602",
      "gdpr": [
        "IV_35.7.d"
      ],
      "gpg13": [
        "4.3"
      ]
    },
    "location": "EventChannel",
    "decoder": {
      "name": "windows_eventchannel"
    },
    "id": "1779793185.22854203",
    "timestamp": "2026-05-26T10:59:45.711+0000"
  },
  {
    "input": {
      "type": "log"
    },
    "agent": {
      "ip": "10.0.139.142",
      "name": "SWE-13",
      "id": "077"
    },
    "manager": {
      "name": "wazuh.manager"
    },
    "data": {
      "win": {
        "eventdata": {
          "data": "mDNSCoreReceiveResponse: Received from 2003:0104:1F12:7F00:6821:076D:98E6:7A12:5353   14 2.1.A.7.6.E.8.9.D.6.7.0.1.2.8.6.0.0.F.7.2.1.F.1.4.0.1.0.3.0.0.2.ip6.arpa. PTR SWE-13.local."
        },
        "system": {
          "eventID": "100",
          "keywords": "0x80000000000000",
          "level": "2",
          "channel": "Application",
          "opcode": "0",
          "version": "0",
          "systemTime": "2026-05-26T10:57:55.9797533Z",
          "eventRecordID": "35216",
          "threadID": "0",
          "computer": "SWE-13.arzw.local",
          "task": "0",
          "processID": "6084",
          "severityValue": "ERROR",
          "providerName": "niZeroconfService"
        }
      }
    },
    "rule": {
      "firedtimes": 14,
      "mail": false,
      "level": 9,
      "description": "Windows application error event.",
      "groups": [
        "windows",
        "windows_application",
        "system_error"
      ],
      "id": "60602",
      "gdpr": [
        "IV_35.7.d"
      ],
      "gpg13": [
        "4.3"
      ]
    },
    "location": "EventChannel",
    "decoder": {
      "name": "windows_eventchannel"
    },
    "id": "1779793185.22852833",
    "timestamp": "2026-05-26T10:59:45.667+0000"
  },
  {
    "input": {
      "type": "log"
    },
    "agent": {
      "ip": "10.0.139.142",
      "name": "SWE-13",
      "id": "077"
    },
    "manager": {
      "name": "wazuh.manager"
    },
    "data": {
      "win": {
        "eventdata": {
          "data": "ResolveSimultaneousProbe: 00000000 Our Record 3 won:  58E2ACC8   20 SWE-13._ni-logos._tcp.local. SRV 0 0 2343 SWE-89.local."
        },
        "system": {
          "eventID": "100",
          "keywords": "0x80000000000000",
          "level": "2",
          "channel": "Application",
          "opcode": "0",
          "version": "0",
          "systemTime": "2026-05-26T10:57:55.9793988Z",
          "eventRecordID": "35215",
          "threadID": "0",
          "computer": "SWE-13.arzw.local",
          "task": "0",
          "processID": "6084",
          "severityValue": "ERROR",
          "providerName": "niZeroconfService"
        }
      }
    },
    "rule": {
      "firedtimes": 13,
      "mail": false,
      "level": 9,
      "description": "Windows application error event.",
      "groups": [
        "windows",
        "windows_application",
        "system_error"
      ],
      "id": "60602",
      "gdpr": [
        "IV_35.7.d"
      ],
      "gpg13": [
        "4.3"
      ]
    },
    "location": "EventChannel",
    "decoder": {
      "name": "windows_eventchannel"
    },
    "id": "1779793185.22851577",
    "timestamp": "2026-05-26T10:59:45.627+0000"
  },
  {
    "input": {
      "type": "log"
    },
    "agent": {
      "ip": "10.0.139.142",
      "name": "SWE-13",
      "id": "077"
    },
    "manager": {
      "name": "wazuh.manager"
    },
    "data": {
      "win": {
        "eventdata": {
          "data": "ResolveSimultaneousProbe: 0103A258 Pkt Record:        58D63CC8   20 SWE-13._ni-logos._tcp.local. SRV 0 0 2343 SWE-13.local."
        },
        "system": {
          "eventID": "100",
          "keywords": "0x80000000000000",
          "level": "2",
          "channel": "Application",
          "opcode": "0",
          "version": "0",
          "systemTime": "2026-05-26T10:57:55.9791208Z",
          "eventRecordID": "35214",
          "threadID": "0",
          "computer": "SWE-13.arzw.local",
          "task": "0",
          "processID": "6084",
          "severityValue": "ERROR",
          "providerName": "niZeroconfService"
        }
      }
    },
    "rule": {
      "firedtimes": 12,
      "mail": false,
      "level": 9,
      "description": "Windows application error event.",
      "groups": [
        "windows",
        "windows_application",
        "system_error"
      ],
      "id": "60602",
      "gdpr": [
        "IV_35.7.d"
      ],
      "gpg13": [
        "4.3"
      ]
    },
    "location": "EventChannel",
    "decoder": {
      "name": "windows_eventchannel"
    },
    "id": "1779793185.22850321",
    "timestamp": "2026-05-26T10:59:45.587+0000"
  },
  {
    "input": {
      "type": "log"
    },
    "agent": {
      "ip": "10.0.139.142",
      "name": "SWE-13",
      "id": "077"
    },
    "manager": {
      "name": "wazuh.manager"
    },
    "data": {
      "win": {
        "eventdata": {
          "data": "Local Hostname SWE-13.local already in use; will try SWE-89.local instead"
        },
        "system": {
          "eventID": "100",
          "keywords": "0x80000000000000",
          "level": "2",
          "channel": "Application",
          "opcode": "0",
          "version": "0",
          "systemTime": "2026-05-26T10:57:55.9783337Z",
          "eventRecordID": "35213",
          "threadID": "0",
          "computer": "SWE-13.arzw.local",
          "task": "0",
          "processID": "6084",
          "severityValue": "ERROR",
          "providerName": "niZeroconfService"
        }
      }
    },
    "rule": {
      "firedtimes": 11,
      "mail": false,
      "level": 9,
      "description": "Windows application error event.",
      "groups": [
        "windows",
        "windows_application",
        "system_error"
      ],
      "id": "60602",
      "gdpr": [
        "IV_35.7.d"
      ],
      "gpg13": [
        "4.3"
      ]
    },
    "location": "EventChannel",
    "decoder": {
      "name": "windows_eventchannel"
    },
    "id": "1779793185.22849165",
    "timestamp": "2026-05-26T10:59:45.548+0000"
  },
  {
    "input": {
      "type": "log"
    },
    "agent": {
      "ip": "10.0.139.142",
      "name": "SWE-13",
      "id": "077"
    },
    "manager": {
      "name": "wazuh.manager"
    },
    "data": {
      "win": {
        "eventdata": {
          "data": "mDNSCoreReceiveResponse: ProbeCount 0; will deregister   16 SWE-13.local. AAAA 2003:0104:1F12:7F00:6821:076D:98E6:7A12"
        },
        "system": {
          "eventID": "100",
          "keywords": "0x80000000000000",
          "level": "2",
          "channel": "Application",
          "opcode": "0",
          "version": "0",
          "systemTime": "2026-05-26T10:57:55.9780190Z",
          "eventRecordID": "35212",
          "threadID": "0",
          "computer": "SWE-13.arzw.local",
          "task": "0",
          "processID": "6084",
          "severityValue": "ERROR",
          "providerName": "niZeroconfService"
        }
      }
    },
    "rule": {
      "firedtimes": 10,
      "mail": false,
      "level": 9,
      "description": "Windows application error event.",
      "groups": [
        "windows",
        "windows_application",
        "system_error"
      ],
      "id": "60602",
      "gdpr": [
        "IV_35.7.d"
      ],
      "gpg13": [
        "4.3"
      ]
    },
    "location": "EventChannel",
    "decoder": {
      "name": "windows_eventchannel"
    },
    "id": "1779793185.22847919",
    "timestamp": "2026-05-26T10:59:45.505+0000"
  },
  {
    "input": {
      "type": "log"
    },
    "agent": {
      "ip": "10.0.139.142",
      "name": "SWE-13",
      "id": "077"
    },
    "manager": {
      "name": "wazuh.manager"
    },
    "data": {
      "win": {
        "eventdata": {
          "data": "mDNSCoreReceiveResponse: Received from FE80:0000:0000:0000:1215:A0ED:F720:2351:5353    4 SWE-13.local. Addr 192.168.178.34"
        },
        "system": {
          "eventID": "100",
          "keywords": "0x80000000000000",
          "level": "2",
          "channel": "Application",
          "opcode": "0",
          "version": "0",
          "systemTime": "2026-05-26T10:57:55.9774917Z",
          "eventRecordID": "35211",
          "threadID": "0",
          "computer": "SWE-13.arzw.local",
          "task": "0",
          "processID": "6084",
          "severityValue": "ERROR",
          "providerName": "niZeroconfService"
        }
      }
    },
    "rule": {
      "firedtimes": 9,
      "mail": false,
      "level": 9,
      "description": "Windows application error event.",
      "groups": [
        "windows",
        "windows_application",
        "system_error"
      ],
      "id": "60602",
      "gdpr": [
        "IV_35.7.d"
      ],
      "gpg13": [
        "4.3"
      ]
    },
    "location": "EventChannel",
    "decoder": {
      "name": "windows_eventchannel"
    },
    "id": "1779793185.22846665",
    "timestamp": "2026-05-26T10:59:45.463+0000"
  },
  {
    "input": {
      "type": "log"
    },
    "agent": {
      "ip": "10.0.139.142",
      "name": "SWE-13",
      "id": "077"
    },
    "manager": {
      "name": "wazuh.manager"
    },
    "data": {
      "win": {
        "eventdata": {
          "errorDescription": "Das Netzwerk ist nicht vorhanden oder wurde nicht gestartet.",
          "processingTimeInMilliseconds": "15422",
          "errorCode": "1222",
          "supportInfo1": "1",
          "supportInfo2": "2266",
          "processingMode": "0"
        },
        "system": {
          "eventID": "1129",
          "keywords": "0x8000000000000000",
          "providerGuid": "{aea1b4fa-97d1-45f2-a64c-4d69fffd92c9}",
          "level": "2",
          "channel": "System",
          "opcode": "0",
          "message": "\"Bei der Verarbeitung der Gruppenrichtlinie ist aufgrund fehlender Netzwerkkonnektivität mit einem Domänencontroller ein Fehler aufgetreten. Dies kann eine vorübergehende Bedingung sein. Es wird eine Erfolgsmeldung generiert, wenn die Verbindung des Computers mit dem Domänencontroller wiederhergestellt wurde und wenn die Gruppenrichtlinie erfolgreich verarbeitet wurde. Falls für mehrere Stunden keine Erfolgsmeldung angezeigt wird, wenden Sie sich an den Administrator.\"",
          "version": "0",
          "systemTime": "2026-05-26T10:57:46.3723027Z",
          "eventRecordID": "73927",
          "threadID": "24588",
          "computer": "SWE-13.arzw.local",
          "task": "0",
          "processID": "26320",
          "severityValue": "ERROR",
          "providerName": "Microsoft-Windows-GroupPolicy"
        }
      }
    },
    "rule": {
      "firedtimes": 23,
      "mail": false,
      "level": 5,
      "description": "Windows System error event",
      "groups": [
        "windows",
        "windows_system",
        "system_error"
      ],
      "id": "61102",
      "gpg13": [
        "4.3"
      ],
      "gdpr": [
        "IV_35.7.d"
      ]
    },
    "location": "EventChannel",
    "decoder": {
      "name": "windows_eventchannel"
    },
    "id": "1779793184.22844085",
    "timestamp": "2026-05-26T10:59:44.329+0000"
  },
  {
    "input": {
      "type": "log"
    },
    "agent": {
      "ip": "10.0.139.142",
      "name": "SWE-13",
      "id": "077"
    },
    "manager": {
      "name": "wazuh.manager"
    },
    "data": {
      "win": {
        "eventdata": {
          "data": "ARZW, %%1311",
          "binary": "5E0000C0"
        },
        "system": {
          "eventID": "5719",
          "keywords": "0x80000000000000",
          "level": "2",
          "channel": "System",
          "opcode": "0",
          "message": "\"Der Computer konnte eine sichere Sitzung mit einem Domänencontroller in der Domäne ARZW aufgrund der folgenden Ursache nicht einrichten: \r\nSie können mit diesen Anmeldeinformationen nicht angemeldet werden, weil Ihre Domäne nicht verfügbar ist. Stellen Sie sicher, dass Ihr Gerät mit dem Netzwerk Ihrer Organisation verbunden ist, und versuchen Sie es erneut. Wenn Sie sich auf diesem Gerät zuvor mit anderen Anmeldeinformationen angemeldet haben, können Sie sich mit diesen Anmeldeinformationen anmelden. \r\nDies kann zu Authentifizierungsproblemen führen. Stellen Sie sicher, dass der Computer mit dem Netzwerk verbunden ist. Wenden Sie sich an den Domänenadministrator, wenn das Problem weiterhin besteht.  \r\n\r\nZUSÄTZLICHE INFORMATIONEN \r\nWenn dieser Computer ein Domänencontroller der bestimmten Domäne ist, wird eine sichere Sitzung zum primären Domänencontrolleremulator in der bestimmten Domäne eingerichtet. Andernfalls richtet dieser Computer eine sichere Sitzung zu einem beliebigen Domänencontroller in der bestimmten Domäne ein.\"",
          "version": "0",
          "systemTime": "2026-05-26T10:57:46.3412537Z",
          "eventRecordID": "73925",
          "threadID": "0",
          "computer": "SWE-13.arzw.local",
          "task": "0",
          "processID": "1352",
          "severityValue": "ERROR",
          "providerName": "NETLOGON"
        }
      }
    },
    "rule": {
      "firedtimes": 22,
      "mail": false,
      "level": 5,
      "description": "Windows System error event",
      "groups": [
        "windows",
        "windows_system",
        "system_error"
      ],
      "id": "61102",
      "gpg13": [
        "4.3"
      ],
      "gdpr": [
        "IV_35.7.d"
      ]
    },
    "location": "EventChannel",
    "decoder": {
      "name": "windows_eventchannel"
    },
    "id": "1779793184.22840873",
    "timestamp": "2026-05-26T10:59:44.301+0000"
  },
  {
    "input": {
      "type": "log"
    },
    "agent": {
      "ip": "172.21.4.227",
      "name": "SWE-13",
      "id": "077"
    },
    "manager": {
      "name": "wazuh.manager"
    },
    "data": {
      "win": {
        "eventdata": {
          "subjectLogonId": "0x3e5",
          "previousTime": "2026-05-26T10:51:34.5908710Z",
          "subjectUserSid": "S-1-5-19",
          "processId": "0x784",
          "processName": "C:\\\\Windows\\\\System32\\\\svchost.exe",
          "subjectDomainName": "NT-AUTORITÄT",
          "newTime": "2026-05-26T10:51:34.5913038Z",
          "subjectUserName": "Lokaler Dienst"
        },
        "system": {
          "eventID": "4616",
          "keywords": "0x8020000000000000",
          "providerGuid": "{54849625-5478-4994-a5ba-3e3b0328c30d}",
          "level": "0",
          "channel": "Security",
          "opcode": "0",
          "message": "\"Die Systemzeit wurde geändert.\r\n\t\r\nAntragsteller:\r\n\tSicherheits-ID:\t\tS-1-5-19\r\n\tKontoname:\t\tLokaler Dienst\r\n\tKontodomäne:\t\tNT-AUTORITÄT\r\n\tAnmelde-ID:\t\t0x3E5\r\n\r\nProzessinformationen:\r\n\tProzess-ID:\t0x784\r\n\tName:\t\tC:\\Windows\\System32\\svchost.exe\r\n\r\nVorherige Zeit:\t\t‎2026‎-‎05‎-‎26T10:51:34.590871000Z\r\nNeue Zeit:\t\t‎2026‎-‎05‎-‎26T10:51:34.591303800Z\r\n\r\nDieses Ereignis wird generiert, wenn die Systemzeit geändert wird. Es ist normal, dass der mit Systemberechtigung ausgeführte Windows-Zeitdienst die Systemzeit regelmäßig ändert. Andere Änderungen der Systemzeit können darauf hinweisen, dass der Computer manipuliert wird.\"",
          "version": "1",
          "systemTime": "2026-05-26T10:51:34.5965538Z",
          "eventRecordID": "2596952",
          "threadID": "29172",
          "computer": "SWE-13.arzw.local",
          "task": "12288",
          "processID": "4",
          "severityValue": "AUDIT_SUCCESS",
          "providerName": "Microsoft-Windows-Security-Auditing"
        }
      }
    },
    "rule": {
      "firedtimes": 1,
      "mail": false,
      "level": 5,
      "pci_dss": [
        "10.6.1"
      ],
      "hipaa": [
        "164.312.b"
      ],
      "tsc": [
        "CC7.2",
        "CC7.3"
      ],
      "description": "System time changed",
      "groups": [
        "windows",
        "windows_security",
        "time_changed"
      ],
      "id": "60132",
      "nist_800_53": [
        "AU.6"
      ],
      "gpg13": [
        "1.3",
        "4.13"
      ],
      "gdpr": [
        "IV_35.7.d"
      ]
    },
    "location": "EventChannel",
    "decoder": {
      "name": "windows_eventchannel"
    },
    "id": "1779792695.22674400",
    "timestamp": "2026-05-26T10:51:35.615+0000"
  },
  {
    "input": {
      "type": "log"
    },
    "agent": {
      "ip": "172.21.5.111",
      "name": "SWE-13",
      "id": "077"
    },
    "manager": {
      "name": "wazuh.manager"
    },
    "data": {
      "win": {
        "eventdata": {
          "targetLogonId": "0x96cef59",
          "targetUserName": "SWE-13$",
          "targetDomainName": "ARZW",
          "targetUserSid": "S-1-5-18",
          "logonType": "3"
        },
        "system": {
          "eventID": "4634",
          "keywords": "0x8020000000000000",
          "providerGuid": "{54849625-5478-4994-a5ba-3e3b0328c30d}",
          "level": "0",
          "channel": "Security",
          "opcode": "0",
          "message": "\"Ein Konto wurde abgemeldet.\r\n\r\nAntragsteller:\r\n\tSicherheits-ID:\t\tS-1-5-18\r\n\tKontoname:\t\tSWE-13$\r\n\tKontodomäne:\t\tARZW\r\n\tAnmelde-ID:\t\t0x96CEF59\r\n\r\nAnmeldetyp:\t\t\t3\r\n\r\nDieses Ereignis wird generiert, wenn eine Anmeldesitzung zerstört wird. Es kann anhand des Wertes der Anmelde-ID positiv mit einem Anmeldeereignis korreliert werden. Anmelde-IDs sind nur zwischen Neustarts auf demselben Computer eindeutig.\"",
          "version": "0",
          "systemTime": "2026-05-26T10:48:36.4230022Z",
          "eventRecordID": "2596871",
          "threadID": "4372",
          "computer": "SWE-13.arzw.local",
          "task": "12545",
          "processID": "1352",
          "severityValue": "AUDIT_SUCCESS",
          "providerName": "Microsoft-Windows-Security-Auditing"
        }
      }
    },
    "rule": {
      "firedtimes": 33,
      "mail": false,
      "level": 3,
      "pci_dss": [
        "10.2.5"
      ],
      "hipaa": [
        "164.312.b"
      ],
      "tsc": [
        "CC6.8",
        "CC7.2",
        "CC7.3"
      ],
      "description": "Windows User Logoff",
      "groups": [
        "windows",
        "windows_security"
      ],
      "id": "60137",
      "nist_800_53": [
        "AU.14",
        "AC.7"
      ],
      "gdpr": [
        "IV_32.2"
      ]
    },
    "location": "EventChannel",
    "decoder": {
      "name": "windows_eventchannel"
    },
    "id": "1779792517.22493381",
    "timestamp": "2026-05-26T10:48:37.142+0000"
  },
  {
    "input": {
      "type": "log"
    },
    "agent": {
      "ip": "172.21.5.111",
      "name": "SWE-13",
      "id": "077"
    },
    "manager": {
      "name": "wazuh.manager"
    },
    "data": {
      "win": {
        "eventdata": {
          "subjectLogonId": "0x0",
          "targetLinkedLogonId": "0x0",
          "impersonationLevel": "%%1833",
          "ipAddress": "::1",
          "authenticationPackageName": "Kerberos",
          "targetLogonId": "0x96cef59",
          "logonProcessName": "Kerberos",
          "logonGuid": "{6c284fc5-4095-c3e9-96d8-1d5510dea47d}",
          "targetUserName": "SWE-13$",
          "keyLength": "0",
          "elevatedToken": "%%1842",
          "subjectUserSid": "S-1-0-0",
          "processId": "0x0",
          "ipPort": "0",
          "targetDomainName": "ARZW.LOCAL",
          "targetUserSid": "S-1-5-18",
          "virtualAccount": "%%1843",
          "logonType": "3"
        },
        "system": {
          "eventID": "4624",
          "keywords": "0x8020000000000000",
          "providerGuid": "{54849625-5478-4994-a5ba-3e3b0328c30d}",
          "level": "0",
          "channel": "Security",
          "opcode": "0",
          "message": "\"Ein Konto wurde erfolgreich angemeldet.\r\n\r\nAntragsteller:\r\n\tSicherheits-ID:\t\tS-1-0-0\r\n\tKontoname:\t\t-\r\n\tKontodomäne:\t\t-\r\n\tAnmelde-ID:\t\t0x0\r\n\r\nAnmeldeinformationen:\r\n\tAnmeldetyp:\t\t3\r\n\tEingeschränkter Administratormodus:\t-\r\n\tRemote Credential Guard:\t-\r\n\tVirtuelles Konto:\t\tNein\r\n\tToken mit erhöhten Rechten:\t\tJa\r\n\r\nIdentitätswechselebene:\t\tIdentitätswechsel\r\n\r\nNeue Anmeldung:\r\n\tSicherheits-ID:\t\tS-1-5-18\r\n\tKontoname:\t\tSWE-13$\r\n\tKontodomäne:\t\tARZW.LOCAL\r\n\tAnmelde-ID:\t\t0x96CEF59\r\n\tVerknüpfte Anmelde-ID:\t\t0x0\r\n\tNetzwerk-Kontoname:\t-\r\n\tNetzwerk-Kontodomäne:\t-\r\n\tAnmelde-GUID:\t\t{6c284fc5-4095-c3e9-96d8-1d5510dea47d}\r\n\r\nProzessinformationen:\r\n\tProzess-ID:\t\t0x0\r\n\tProzessname:\t\t-\r\n\r\nNetzwerkinformationen:\r\n\tArbeitsstationsname:\t-\r\n\tQuellnetzwerkadresse:\t::1\r\n\tQuellport:\t\t0\r\n\r\nDetaillierte Authentifizierungsinformationen:\r\n\tAnmeldeprozess:\t\tKerberos\r\n\tAuthentifizierungspaket:\tKerberos\r\n\tÜbertragene Dienste:\t-\r\n\tPaketname (nur NTLM):\t-\r\n\tSchlüssellänge:\t\t0\r\n\r\nDieses Ereignis wird beim Erstellen einer Anmeldesitzung generiert. Es wird auf dem Computer generiert, auf den zugegriffen wurde.\r\n\r\nDie Antragstellerfelder geben das Konto auf dem lokalen System an, von dem die Anmeldung angefordert wurde. Dies ist meistens ein Dienst wie der Serverdienst oder ein lokaler Prozess wie Winlogon.exe oder Services.exe.\r\n\r\nDas Anmeldetypfeld gibt den jeweiligen Anmeldetyp an. Die häufigsten Typen sind 2 (interaktiv) und 3 (Netzwerk).\r\n\r\nDie Felder für die neue Anmeldung geben das Konto an, für das die neue Anmeldung erstellt wurde, d. h. das angemeldete Konto.\r\n\r\nDie Netzwerkfelder geben den Ursprung einer Remoteanmeldeanforderung an. Der Arbeitsstationsname ist nicht immer verfügbar und kann in manchen Fällen leer bleiben.\r\n\r\nDas Feld für die Identitätswechselebene gibt an, in welchem Umfang ein Prozess in der Anmeldesitzung einen Identitätswechsel vornehmen kann.\r\n\r\nDie Felder für die Authentifizierungsinformationen enthalten detaillierte Informationen zu dieser spezifische Anmeldeanforderung.\r\n\t– Die Anmelde-GUID ist ein eindeutiger Bezeichner, der verwendet werden kann, um dieses Ereignis mit einem KDC-Ereignis zu korrelieren.\r\n\t– Die übertragenen Dienste geben an, welche Zwischendienste an der Anmeldeanforderung beteiligt waren.\r\n\t– Der Paketname gibt das in den NTLM-Protokollen verwendete Unterprotokoll an.\r\n\t– Die Schlüssellänge gibt die Länge des generierten Sitzungsschlüssels an. Wenn kein Sitzungsschlüssel angefordert wurde, ist dieser Wert 0.\"",
          "version": "3",
          "systemTime": "2026-05-26T10:48:36.4224336Z",
          "eventRecordID": "2596870",
          "threadID": "4372",
          "computer": "SWE-13.arzw.local",
          "task": "12544",
          "processID": "1352",
          "severityValue": "AUDIT_SUCCESS",
          "providerName": "Microsoft-Windows-Security-Auditing"
        }
      }
    },
    "rule": {
      "mail": false,
      "level": 3,
      "pci_dss": [
        "10.2.5"
      ],
      "hipaa": [
        "164.312.b"
      ],
      "tsc": [
        "CC6.8",
        "CC7.2",
        "CC7.3"
      ],
      "description": "Windows Logon Success",
      "groups": [
        "windows",
        "windows_security",
        "authentication_success"
      ],
      "nist_800_53": [
        "AU.14",
        "AC.9"
      ],
      "gdpr": [
        "IV_32.2"
      ],
      "firedtimes": 31,
      "mitre": {
        "technique": [
          "Valid Accounts"
        ],
        "id": [
          "T1078"
        ],
        "tactic": [
          "Defense Evasion",
          "Persistence",
          "Privilege Escalation",
          "Initial Access"
        ]
      },
      "id": "60106",
      "gpg13": [
        "7.1",
        "7.2"
      ]
    },
    "location": "EventChannel",
    "decoder": {
      "name": "windows_eventchannel"
    },
    "id": "1779792517.22485726",
    "timestamp": "2026-05-26T10:48:37.137+0000"
  },
  {
    "input": {
      "type": "log"
    },
    "agent": {
      "ip": "172.21.5.111",
      "name": "SWE-13",
      "id": "077"
    },
    "manager": {
      "name": "wazuh.manager"
    },
    "data": {
      "win": {
        "eventdata": {
          "targetLogonId": "0x96caf0a",
          "targetUserName": "SWE-13$",
          "targetDomainName": "ARZW",
          "targetUserSid": "S-1-5-18",
          "logonType": "3"
        },
        "system": {
          "eventID": "4634",
          "keywords": "0x8020000000000000",
          "providerGuid": "{54849625-5478-4994-a5ba-3e3b0328c30d}",
          "level": "0",
          "channel": "Security",
          "opcode": "0",
          "message": "\"Ein Konto wurde abgemeldet.\r\n\r\nAntragsteller:\r\n\tSicherheits-ID:\t\tS-1-5-18\r\n\tKontoname:\t\tSWE-13$\r\n\tKontodomäne:\t\tARZW\r\n\tAnmelde-ID:\t\t0x96CAF0A\r\n\r\nAnmeldetyp:\t\t\t3\r\n\r\nDieses Ereignis wird generiert, wenn eine Anmeldesitzung zerstört wird. Es kann anhand des Wertes der Anmelde-ID positiv mit einem Anmeldeereignis korreliert werden. Anmelde-IDs sind nur zwischen Neustarts auf demselben Computer eindeutig.\"",
          "version": "0",
          "systemTime": "2026-05-26T10:48:36.4205872Z",
          "eventRecordID": "2596868",
          "threadID": "26832",
          "computer": "SWE-13.arzw.local",
          "task": "12545",
          "processID": "1352",
          "severityValue": "AUDIT_SUCCESS",
          "providerName": "Microsoft-Windows-Security-Auditing"
        }
      }
    },
    "rule": {
      "firedtimes": 32,
      "mail": false,
      "level": 3,
      "pci_dss": [
        "10.2.5"
      ],
      "hipaa": [
        "164.312.b"
      ],
      "tsc": [
        "CC6.8",
        "CC7.2",
        "CC7.3"
      ],
      "description": "Windows User Logoff",
      "groups": [
        "windows",
        "windows_security"
      ],
      "id": "60137",
      "nist_800_53": [
        "AU.14",
        "AC.7"
      ],
      "gdpr": [
        "IV_32.2"
      ]
    },
    "location": "EventChannel",
    "decoder": {
      "name": "windows_eventchannel"
    },
    "id": "1779792517.22483312",
    "timestamp": "2026-05-26T10:48:37.126+0000"
  },
  {
    "input": {
      "type": "log"
    },
    "agent": {
      "ip": "172.21.5.111",
      "name": "SWE-13",
      "id": "077"
    },
    "manager": {
      "name": "wazuh.manager"
    },
    "data": {
      "win": {
        "eventdata": {
          "subjectLogonId": "0x0",
          "targetLinkedLogonId": "0x0",
          "impersonationLevel": "%%1833",
          "ipAddress": "::1",
          "authenticationPackageName": "Kerberos",
          "targetLogonId": "0x96caf0a",
          "logonProcessName": "Kerberos",
          "logonGuid": "{6c284fc5-4095-c3e9-96d8-1d5510dea47d}",
          "targetUserName": "SWE-13$",
          "keyLength": "0",
          "elevatedToken": "%%1842",
          "subjectUserSid": "S-1-0-0",
          "processId": "0x0",
          "ipPort": "0",
          "targetDomainName": "ARZW.LOCAL",
          "targetUserSid": "S-1-5-18",
          "virtualAccount": "%%1843",
          "logonType": "3"
        },
        "system": {
          "eventID": "4624",
          "keywords": "0x8020000000000000",
          "providerGuid": "{54849625-5478-4994-a5ba-3e3b0328c30d}",
          "level": "0",
          "channel": "Security",
          "opcode": "0",
          "message": "\"Ein Konto wurde erfolgreich angemeldet.\r\n\r\nAntragsteller:\r\n\tSicherheits-ID:\t\tS-1-0-0\r\n\tKontoname:\t\t-\r\n\tKontodomäne:\t\t-\r\n\tAnmelde-ID:\t\t0x0\r\n\r\nAnmeldeinformationen:\r\n\tAnmeldetyp:\t\t3\r\n\tEingeschränkter Administratormodus:\t-\r\n\tRemote Credential Guard:\t-\r\n\tVirtuelles Konto:\t\tNein\r\n\tToken mit erhöhten Rechten:\t\tJa\r\n\r\nIdentitätswechselebene:\t\tIdentitätswechsel\r\n\r\nNeue Anmeldung:\r\n\tSicherheits-ID:\t\tS-1-5-18\r\n\tKontoname:\t\tSWE-13$\r\n\tKontodomäne:\t\tARZW.LOCAL\r\n\tAnmelde-ID:\t\t0x96CAF0A\r\n\tVerknüpfte Anmelde-ID:\t\t0x0\r\n\tNetzwerk-Kontoname:\t-\r\n\tNetzwerk-Kontodomäne:\t-\r\n\tAnmelde-GUID:\t\t{6c284fc5-4095-c3e9-96d8-1d5510dea47d}\r\n\r\nProzessinformationen:\r\n\tProzess-ID:\t\t0x0\r\n\tProzessname:\t\t-\r\n\r\nNetzwerkinformationen:\r\n\tArbeitsstationsname:\t-\r\n\tQuellnetzwerkadresse:\t::1\r\n\tQuellport:\t\t0\r\n\r\nDetaillierte Authentifizierungsinformationen:\r\n\tAnmeldeprozess:\t\tKerberos\r\n\tAuthentifizierungspaket:\tKerberos\r\n\tÜbertragene Dienste:\t-\r\n\tPaketname (nur NTLM):\t-\r\n\tSchlüssellänge:\t\t0\r\n\r\nDieses Ereignis wird beim Erstellen einer Anmeldesitzung generiert. Es wird auf dem Computer generiert, auf den zugegriffen wurde.\r\n\r\nDie Antragstellerfelder geben das Konto auf dem lokalen System an, von dem die Anmeldung angefordert wurde. Dies ist meistens ein Dienst wie der Serverdienst oder ein lokaler Prozess wie Winlogon.exe oder Services.exe.\r\n\r\nDas Anmeldetypfeld gibt den jeweiligen Anmeldetyp an. Die häufigsten Typen sind 2 (interaktiv) und 3 (Netzwerk).\r\n\r\nDie Felder für die neue Anmeldung geben das Konto an, für das die neue Anmeldung erstellt wurde, d. h. das angemeldete Konto.\r\n\r\nDie Netzwerkfelder geben den Ursprung einer Remoteanmeldeanforderung an. Der Arbeitsstationsname ist nicht immer verfügbar und kann in manchen Fällen leer bleiben.\r\n\r\nDas Feld für die Identitätswechselebene gibt an, in welchem Umfang ein Prozess in der Anmeldesitzung einen Identitätswechsel vornehmen kann.\r\n\r\nDie Felder für die Authentifizierungsinformationen enthalten detaillierte Informationen zu dieser spezifische Anmeldeanforderung.\r\n\t– Die Anmelde-GUID ist ein eindeutiger Bezeichner, der verwendet werden kann, um dieses Ereignis mit einem KDC-Ereignis zu korrelieren.\r\n\t– Die übertragenen Dienste geben an, welche Zwischendienste an der Anmeldeanforderung beteiligt waren.\r\n\t– Der Paketname gibt das in den NTLM-Protokollen verwendete Unterprotokoll an.\r\n\t– Die Schlüssellänge gibt die Länge des generierten Sitzungsschlüssels an. Wenn kein Sitzungsschlüssel angefordert wurde, ist dieser Wert 0.\"",
          "version": "3",
          "systemTime": "2026-05-26T10:48:36.1484413Z",
          "eventRecordID": "2596867",
          "threadID": "4372",
          "computer": "SWE-13.arzw.local",
          "task": "12544",
          "processID": "1352",
          "severityValue": "AUDIT_SUCCESS",
          "providerName": "Microsoft-Windows-Security-Auditing"
        }
      }
    },
    "rule": {
      "mail": false,
      "level": 3,
      "pci_dss": [
        "10.2.5"
      ],
      "hipaa": [
        "164.312.b"
      ],
      "tsc": [
        "CC6.8",
        "CC7.2",
        "CC7.3"
      ],
      "description": "Windows Logon Success",
      "groups": [
        "windows",
        "windows_security",
        "authentication_success"
      ],
      "nist_800_53": [
        "AU.14",
        "AC.9"
      ],
      "gdpr": [
        "IV_32.2"
      ],
      "firedtimes": 30,
      "mitre": {
        "technique": [
          "Valid Accounts"
        ],
        "id": [
          "T1078"
        ],
        "tactic": [
          "Defense Evasion",
          "Persistence",
          "Privilege Escalation",
          "Initial Access"
        ]
      },
      "id": "60106",
      "gpg13": [
        "7.1",
        "7.2"
      ]
    },
    "location": "EventChannel",
    "decoder": {
      "name": "windows_eventchannel"
    },
    "id": "1779792517.22475657",
    "timestamp": "2026-05-26T10:48:37.120+0000"
  },
  {
    "input": {
      "type": "log"
    },
    "agent": {
      "ip": "172.21.5.111",
      "name": "SWE-13",
      "id": "077"
    },
    "manager": {
      "name": "wazuh.manager"
    },
    "data": {
      "win": {
        "eventdata": {
          "data": "2126-05-02T10:45:10Z, RulesEngine"
        },
        "system": {
          "eventID": "16384",
          "eventSourceName": "Software Protection Platform Service",
          "keywords": "0x80000000000000",
          "providerGuid": "{E23B33B0-C8C9-472C-A5F9-F2BDFEA0F156}",
          "level": "4",
          "channel": "Application",
          "opcode": "0",
          "message": "\"Der Softwareschutzdienst wurde erfolgreich für den erneuten Start bei 2126-05-02T10:45:10Z geplant. Grund: RulesEngine.\"",
          "version": "0",
          "systemTime": "2026-05-26T10:45:10.7073370Z",
          "eventRecordID": "35204",
          "threadID": "0",
          "computer": "SWE-13.arzw.local",
          "task": "0",
          "processID": "28820",
          "severityValue": "INFORMATION",
          "providerName": "Microsoft-Windows-Security-SPP"
        }
      }
    },
    "rule": {
      "firedtimes": 119,
      "mail": false,
      "level": 3,
      "description": "Software protection service scheduled successfully.",
      "groups": [
        "windows",
        "windows_application"
      ],
      "id": "60642"
    },
    "location": "EventChannel",
    "decoder": {
      "name": "windows_eventchannel"
    },
    "id": "1779792310.22366092",
    "timestamp": "2026-05-26T10:45:10.716+0000"
  },
  {
    "input": {
      "type": "log"
    },
    "agent": {
      "ip": "172.21.5.111",
      "name": "SWE-13",
      "id": "077"
    },
    "manager": {
      "name": "wazuh.manager"
    },
    "data": {
      "win": {
        "eventdata": {
          "data": "2126-05-02T10:44:19Z, RulesEngine"
        },
        "system": {
          "eventID": "16384",
          "eventSourceName": "Software Protection Platform Service",
          "keywords": "0x80000000000000",
          "providerGuid": "{E23B33B0-C8C9-472C-A5F9-F2BDFEA0F156}",
          "level": "4",
          "channel": "Application",
          "opcode": "0",
          "message": "\"Der Softwareschutzdienst wurde erfolgreich für den erneuten Start bei 2126-05-02T10:44:19Z geplant. Grund: RulesEngine.\"",
          "version": "0",
          "systemTime": "2026-05-26T10:44:19.1360627Z",
          "eventRecordID": "35202",
          "threadID": "0",
          "computer": "SWE-13.arzw.local",
          "task": "0",
          "processID": "26896",
          "severityValue": "INFORMATION",
          "providerName": "Microsoft-Windows-Security-SPP"
        }
      }
    },
    "rule": {
      "firedtimes": 116,
      "mail": false,
      "level": 3,
      "description": "Software protection service scheduled successfully.",
      "groups": [
        "windows",
        "windows_application"
      ],
      "id": "60642"
    },
    "location": "EventChannel",
    "decoder": {
      "name": "windows_eventchannel"
    },
    "id": "1779792259.22361219",
    "timestamp": "2026-05-26T10:44:19.146+0000"
  },
  {
    "input": {
      "type": "log"
    },
    "agent": {
      "ip": "172.21.5.111",
      "name": "SWE-13",
      "id": "077"
    },
    "manager": {
      "name": "wazuh.manager"
    },
    "data": {
      "win": {
        "eventdata": {
          "data": "2126-05-02T10:33:10Z, RulesEngine"
        },
        "system": {
          "eventID": "16384",
          "eventSourceName": "Software Protection Platform Service",
          "keywords": "0x80000000000000",
          "providerGuid": "{E23B33B0-C8C9-472C-A5F9-F2BDFEA0F156}",
          "level": "4",
          "channel": "Application",
          "opcode": "0",
          "message": "\"Der Softwareschutzdienst wurde erfolgreich für den erneuten Start bei 2126-05-02T10:33:10Z geplant. Grund: RulesEngine.\"",
          "version": "0",
          "systemTime": "2026-05-26T10:33:10.7285696Z",
          "eventRecordID": "35200",
          "threadID": "0",
          "computer": "SWE-13.arzw.local",
          "task": "0",
          "processID": "25312",
          "severityValue": "INFORMATION",
          "providerName": "Microsoft-Windows-Security-SPP"
        }
      }
    },
    "rule": {
      "firedtimes": 86,
      "mail": false,
      "level": 3,
      "description": "Software protection service scheduled successfully.",
      "groups": [
        "windows",
        "windows_application"
      ],
      "id": "60642"
    },
    "location": "EventChannel",
    "decoder": {
      "name": "windows_eventchannel"
    },
    "id": "1779791590.22167626",
    "timestamp": "2026-05-26T10:33:10.746+0000"
  },
