  {
    "input": {
      "type": "log"
    },
    "agent": {
      "ip": "172.25.107.70",
      "name": "SWE-11",
      "id": "044"
    },
    "manager": {
      "name": "wazuh.manager"
    },
    "data": {
      "win": {
        "eventdata": {
          "subjectLogonId": "0x3e7",
          "restrictedAdminMode": "%%1843",
          "subjectDomainName": "ARZW",
          "targetLinkedLogonId": "0x2f79568",
          "impersonationLevel": "%%1833",
          "ipAddress": "0.0.0.0",
          "authenticationPackageName": "Negotiate",
          "workstationName": "SWE-11",
          "targetLogonId": "0x2f793a7",
          "logonProcessName": "User32",
          "logonGuid": "{5b641d4f-d066-b24f-545b-8b16a5299466}",
          "targetUserName": "c.koellner",
          "keyLength": "0",
          "elevatedToken": "%%1842",
          "subjectUserSid": "S-1-5-18",
          "processId": "0x9a0",
          "processName": "C:\\\\Windows\\\\System32\\\\svchost.exe",
          "ipPort": "0",
          "remoteCredentialGuard": "%%1843",
          "targetDomainName": "ARZW",
          "targetUserSid": "S-1-5-21-228770904-35461013-1130905197-2742",
          "virtualAccount": "%%1843",
          "logonType": "10",
          "subjectUserName": "SWE-11$"
        },
        "system": {
          "eventID": "4624",
          "keywords": "0x8020000000000000",
          "providerGuid": "{54849625-5478-4994-a5ba-3e3b0328c30d}",
          "level": "0",
          "channel": "Security",
          "opcode": "0",
          "message": "\"Ein Konto wurde erfolgreich angemeldet.\r\n\r\nAntragsteller:\r\n\tSicherheits-ID:\t\tS-1-5-18\r\n\tKontoname:\t\tSWE-11$\r\n\tKontodomäne:\t\tARZW\r\n\tAnmelde-ID:\t\t0x3E7\r\n\r\nAnmeldeinformationen:\r\n\tAnmeldetyp:\t\t10\r\n\tEingeschränkter Administratormodus:\tNein\r\n\tRemote Credential Guard:\tNein\r\n\tVirtuelles Konto:\t\tNein\r\n\tToken mit erhöhten Rechten:\t\tJa\r\n\r\nIdentitätswechselebene:\t\tIdentitätswechsel\r\n\r\nNeue Anmeldung:\r\n\tSicherheits-ID:\t\tS-1-5-21-228770904-35461013-1130905197-2742\r\n\tKontoname:\t\tc.koellner\r\n\tKontodomäne:\t\tARZW\r\n\tAnmelde-ID:\t\t0x2F793A7\r\n\tVerknüpfte Anmelde-ID:\t\t0x2F79568\r\n\tNetzwerk-Kontoname:\t-\r\n\tNetzwerk-Kontodomäne:\t-\r\n\tAnmelde-GUID:\t\t{5b641d4f-d066-b24f-545b-8b16a5299466}\r\n\r\nProzessinformationen:\r\n\tProzess-ID:\t\t0x9a0\r\n\tProzessname:\t\tC:\\Windows\\System32\\svchost.exe\r\n\r\nNetzwerkinformationen:\r\n\tArbeitsstationsname:\tSWE-11\r\n\tQuellnetzwerkadresse:\t0.0.0.0\r\n\tQuellport:\t\t0\r\n\r\nDetaillierte Authentifizierungsinformationen:\r\n\tAnmeldeprozess:\t\tUser32 \r\n\tAuthentifizierungspaket:\tNegotiate\r\n\tÜbertragene Dienste:\t-\r\n\tPaketname (nur NTLM):\t-\r\n\tSchlüssellänge:\t\t0\r\n\r\nDieses Ereignis wird beim Erstellen einer Anmeldesitzung generiert. Es wird auf dem Computer generiert, auf den zugegriffen wurde.\r\n\r\nDie Antragstellerfelder geben das Konto auf dem lokalen System an, von dem die Anmeldung angefordert wurde. Dies ist meistens ein Dienst wie der Serverdienst oder ein lokaler Prozess wie Winlogon.exe oder Services.exe.\r\n\r\nDas Anmeldetypfeld gibt den jeweiligen Anmeldetyp an. Die häufigsten Typen sind 2 (interaktiv) und 3 (Netzwerk).\r\n\r\nDie Felder für die neue Anmeldung geben das Konto an, für das die neue Anmeldung erstellt wurde, d. h. das angemeldete Konto.\r\n\r\nDie Netzwerkfelder geben den Ursprung einer Remoteanmeldeanforderung an. Der Arbeitsstationsname ist nicht immer verfügbar und kann in manchen Fällen leer bleiben.\r\n\r\nDas Feld für die Identitätswechselebene gibt an, in welchem Umfang ein Prozess in der Anmeldesitzung einen Identitätswechsel vornehmen kann.\r\n\r\nDie Felder für die Authentifizierungsinformationen enthalten detaillierte Informationen zu dieser spezifische Anmeldeanforderung.\r\n\t– Die Anmelde-GUID ist ein eindeutiger Bezeichner, der verwendet werden kann, um dieses Ereignis mit einem KDC-Ereignis zu korrelieren.\r\n\t– Die übertragenen Dienste geben an, welche Zwischendienste an der Anmeldeanforderung beteiligt waren.\r\n\t– Der Paketname gibt das in den NTLM-Protokollen verwendete Unterprotokoll an.\r\n\t– Die Schlüssellänge gibt die Länge des generierten Sitzungsschlüssels an. Wenn kein Sitzungsschlüssel angefordert wurde, ist dieser Wert 0.\"",
          "version": "3",
          "systemTime": "2026-05-26T05:36:48.8249721Z",
          "eventRecordID": "605548",
          "threadID": "1176",
          "computer": "SWE-11.arzw.local",
          "task": "12544",
          "processID": "1040",
          "severityValue": "AUDIT_SUCCESS",
          "providerName": "Microsoft-Windows-Security-Auditing"
        }
      }
    },
    "rule": {
      "firedtimes": 1,
      "mail": false,
      "level": 3,
      "description": "User: ARZW\\c.koellner logged using Remote Desktop Connection (RDP) from ip:0.0.0.0.",
      "groups": [
        "win_evt_channel",
        "windows"
      ],
      "mitre": {
        "technique": [
          "Remote Desktop Protocol",
          "Domain Accounts"
        ],
        "id": [
          "T1021.001",
          "T1078.002"
        ],
        "tactic": [
          "Lateral Movement",
          "Defense Evasion",
          "Persistence",
          "Privilege Escalation",
          "Initial Access"
        ]
      },
      "id": "92653"
    },
    "location": "EventChannel",
    "decoder": {
      "name": "windows_eventchannel"
    },
    "id": "1779773809.10193885",
    "full_log": "{\"win\":{\"system\":{\"providerName\":\"Microsoft-Windows-Security-Auditing\",\"providerGuid\":\"{54849625-5478-4994-a5ba-3e3b0328c30d}\",\"eventID\":\"4624\",\"version\":\"3\",\"level\":\"0\",\"task\":\"12544\",\"opcode\":\"0\",\"keywords\":\"0x8020000000000000\",\"systemTime\":\"2026-05-26T05:36:48.8249721Z\",\"eventRecordID\":\"605548\",\"processID\":\"1040\",\"threadID\":\"1176\",\"channel\":\"Security\",\"computer\":\"SWE-11.arzw.local\",\"severityValue\":\"AUDIT_SUCCESS\",\"message\":\"\\\"Ein Konto wurde erfolgreich angemeldet.\\r\\n\\r\\nAntragsteller:\\r\\n\\tSicherheits-ID:\\t\\tS-1-5-18\\r\\n\\tKontoname:\\t\\tSWE-11$\\r\\n\\tKontodomäne:\\t\\tARZW\\r\\n\\tAnmelde-ID:\\t\\t0x3E7\\r\\n\\r\\nAnmeldeinformationen:\\r\\n\\tAnmeldetyp:\\t\\t10\\r\\n\\tEingeschränkter Administratormodus:\\tNein\\r\\n\\tRemote Credential Guard:\\tNein\\r\\n\\tVirtuelles Konto:\\t\\tNein\\r\\n\\tToken mit erhöhten Rechten:\\t\\tJa\\r\\n\\r\\nIdentitätswechselebene:\\t\\tIdentitätswechsel\\r\\n\\r\\nNeue Anmeldung:\\r\\n\\tSicherheits-ID:\\t\\tS-1-5-21-228770904-35461013-1130905197-2742\\r\\n\\tKontoname:\\t\\tc.koellner\\r\\n\\tKontodomäne:\\t\\tARZW\\r\\n\\tAnmelde-ID:\\t\\t0x2F793A7\\r\\n\\tVerknüpfte Anmelde-ID:\\t\\t0x2F79568\\r\\n\\tNetzwerk-Kontoname:\\t-\\r\\n\\tNetzwerk-Kontodomäne:\\t-\\r\\n\\tAnmelde-GUID:\\t\\t{5b641d4f-d066-b24f-545b-8b16a5299466}\\r\\n\\r\\nProzessinformationen:\\r\\n\\tProzess-ID:\\t\\t0x9a0\\r\\n\\tProzessname:\\t\\tC:\\\\Windows\\\\System32\\\\svchost.exe\\r\\n\\r\\nNetzwerkinformationen:\\r\\n\\tArbeitsstationsname:\\tSWE-11\\r\\n\\tQuellnetzwerkadresse:\\t0.0.0.0\\r\\n\\tQuellport:\\t\\t0\\r\\n\\r\\nDetaillierte Authentifizierungsinformationen:\\r\\n\\tAnmeldeprozess:\\t\\tUser32 \\r\\n\\tAuthentifizierungspaket:\\tNegotiate\\r\\n\\tÜbertragene Dienste:\\t-\\r\\n\\tPaketname (nur NTLM):\\t-\\r\\n\\tSchlüssellänge:\\t\\t0\\r\\n\\r\\nDieses Ereignis wird beim Erstellen einer Anmeldesitzung generiert. Es wird auf dem Computer generiert, auf den zugegriffen wurde.\\r\\n\\r\\nDie Antragstellerfelder geben das Konto auf dem lokalen System an, von dem die Anmeldung angefordert wurde. Dies ist meistens ein Dienst wie der Serverdienst oder ein lokaler Prozess wie Winlogon.exe oder Services.exe.\\r\\n\\r\\nDas Anmeldetypfeld gibt den jeweiligen Anmeldetyp an. Die häufigsten Typen sind 2 (interaktiv) und 3 (Netzwerk).\\r\\n\\r\\nDie Felder für die neue Anmeldung geben das Konto an, für das die neue Anmeldung erstellt wurde, d. h. das angemeldete Konto.\\r\\n\\r\\nDie Netzwerkfelder geben den Ursprung einer Remoteanmeldeanforderung an. Der Arbeitsstationsname ist nicht immer verfügbar und kann in manchen Fällen leer bleiben.\\r\\n\\r\\nDas Feld für die Identitätswechselebene gibt an, in welchem Umfang ein Prozess in der Anmeldesitzung einen Identitätswechsel vornehmen kann.\\r\\n\\r\\nDie Felder für die Authentifizierungsinformationen enthalten detaillierte Informationen zu dieser spezifische Anmeldeanforderung.\\r\\n\\t– Die Anmelde-GUID ist ein eindeutiger Bezeichner, der verwendet werden kann, um dieses Ereignis mit einem KDC-Ereignis zu korrelieren.\\r\\n\\t– Die übertragenen Dienste geben an, welche Zwischendienste an der Anmeldeanforderung beteiligt waren.\\r\\n\\t– Der Paketname gibt das in den NTLM-Protokollen verwendete Unterprotokoll an.\\r\\n\\t– Die Schlüssellänge gibt die Länge des generierten Sitzungsschlüssels an. Wenn kein Sitzungsschlüssel angefordert wurde, ist dieser Wert 0.\\\"\"},\"eventdata\":{\"subjectUserSid\":\"S-1-5-18\",\"subjectUserName\":\"SWE-11$\",\"subjectDomainName\":\"ARZW\",\"subjectLogonId\":\"0x3e7\",\"targetUserSid\":\"S-1-5-21-228770904-35461013-1130905197-2742\",\"targetUserName\":\"c.koellner\",\"targetDomainName\":\"ARZW\",\"targetLogonId\":\"0x2f793a7\",\"logonType\":\"10\",\"logonProcessName\":\"User32\",\"authenticationPackageName\":\"Negotiate\",\"workstationName\":\"SWE-11\",\"logonGuid\":\"{5b641d4f-d066-b24f-545b-8b16a5299466}\",\"keyLength\":\"0\",\"processId\":\"0x9a0\",\"processName\":\"C:\\\\\\\\Windows\\\\\\\\System32\\\\\\\\svchost.exe\",\"ipAddress\":\"0.0.0.0\",\"ipPort\":\"0\",\"impersonationLevel\":\"%%1833\",\"restrictedAdminMode\":\"%%1843\",\"remoteCredentialGuard\":\"%%1843\",\"virtualAccount\":\"%%1843\",\"targetLinkedLogonId\":\"0x2f79568\",\"elevatedToken\":\"%%1842\"}}}",
    "timestamp": "2026-05-26T05:36:49.853+0000"
  },
  {
    "input": {
      "type": "log"
    },
    "agent": {
      "ip": "172.25.107.70",
      "name": "SWE-11",
      "id": "044"
    },
    "manager": {
      "name": "wazuh.manager"
    },
    "data": {
      "win": {
        "eventdata": {
          "subjectLogonId": "0x2f2adab",
          "subjectUserSid": "S-1-5-90-0-2",
          "subjectDomainName": "Window Manager",
          "privilegeList": "SeAssignPrimaryTokenPrivilege     SeAuditPrivilege     SeImpersonatePrivilege",
          "subjectUserName": "DWM-2"
        },
        "system": {
          "eventID": "4672",
          "keywords": "0x8020000000000000",
          "providerGuid": "{54849625-5478-4994-a5ba-3e3b0328c30d}",
          "level": "0",
          "channel": "Security",
          "opcode": "0",
          "message": "\"Einer neuen Anmeldung wurden besondere Rechte zugewiesen.\r\n\r\nAntragsteller:\r\n\tSicherheits-ID:\t\tS-1-5-90-0-2\r\n\tKontoname:\t\tDWM-2\r\n\tKontodomäne:\t\tWindow Manager\r\n\tAnmelde-ID:\t\t0x2F2ADAB\r\n\r\nBerechtigungen:\t\tSeAssignPrimaryTokenPrivilege\r\n\t\t\tSeAuditPrivilege\r\n\t\t\tSeImpersonatePrivilege\"",
          "version": "0",
          "systemTime": "2026-05-26T05:36:38.4211227Z",
          "eventRecordID": "605541",
          "threadID": "11648",
          "computer": "SWE-11.arzw.local",
          "task": "12548",
          "processID": "1040",
          "severityValue": "AUDIT_SUCCESS",
          "providerName": "Microsoft-Windows-Security-Auditing"
        }
      }
    },
    "rule": {
      "firedtimes": 14,
      "mail": false,
      "level": 3,
      "description": "Special privileges assigned to new logon.",
      "groups": [
        "windows",
        " WEF"
      ],
      "mitre": {
        "technique": [
          "Domain Policy Modification"
        ],
        "id": [
          "T1484"
        ],
        "tactic": [
          "Defense Evasion",
          "Privilege Escalation"
        ]
      },
      "id": "67028"
    },
    "location": "EventChannel",
    "decoder": {
      "name": "windows_eventchannel"
    },
    "id": "1779773799.10189472",
    "timestamp": "2026-05-26T05:36:39.454+0000"
  }
]