  {
    "input": {
      "type": "log"
    },
    "agent": {
      "ip": "172.21.6.5",
      "name": "SWE03",
      "id": "030"
    },
    "manager": {
      "name": "wazuh.manager"
    },
    "data": {
      "win": {
        "eventdata": {
          "data": "0, StoreAgentDownloadFailure1, Nicht verfügbar, 0, Update;ScanForUpdates, 80248007, 19045, 6093, Windows.Desktop, S, \\\\\\\\?\\\\C:\\\\ProgramData\\\\Microsoft\\\\Windows\\\\WER\\\\ReportQueue\\\\NonCritical_Update;ScanForUp_80c9f957905c3643a5da270e1e8163c870e63f_00000000_8bc81eae-1df1-4782-9c0e-d70835a6caaf, 0, 8bc81eae-1df1-4782-9c0e-d70835a6caaf, 4, 0"
        },
        "system": {
          "eventID": "1001",
          "keywords": "0x80000000000000",
          "level": "4",
          "channel": "Application",
          "opcode": "0",
          "message": "\"Fehlerbucket , Typ 0\r\nEreignisname: StoreAgentDownloadFailure1\r\nAntwort: Nicht verfügbar\r\nCAB-Datei-ID: 0\r\n\r\nProblemsignatur:\r\nP1: Update;ScanForUpdates\r\nP2: 80248007\r\nP3: 19045\r\nP4: 6093\r\nP5: Windows.Desktop\r\nP6: S\r\nP7: \r\nP8: \r\nP9: \r\nP10: \r\n\r\nAngefügte Dateien:\r\n\r\nDiese Dateien befinden sich möglicherweise hier:\r\n\\\\?\\C:\\ProgramData\\Microsoft\\Windows\\WER\\ReportQueue\\NonCritical_Update;ScanForUp_80c9f957905c3643a5da270e1e8163c870e63f_00000000_8bc81eae-1df1-4782-9c0e-d70835a6caaf\r\n\r\nAnalysesymbol: \r\nEs wird erneut nach einer Lösung gesucht: 0\r\nBerichts-ID: 8bc81eae-1df1-4782-9c0e-d70835a6caaf\r\nBerichtstatus: 4\r\nBucket mit Hash: \r\nCAB-Datei-Guid: 0\"",
          "version": "0",
          "systemTime": "2026-05-26T05:13:00.6187135Z",
          "eventRecordID": "250895",
          "threadID": "0",
          "computer": "SWE03.arzw.local",
          "task": "0",
          "processID": "0",
          "severityValue": "INFORMATION",
          "providerName": "Windows Error Reporting"
        }
      }
    },
    "rule": {
      "firedtimes": 6,
      "mail": false,
      "level": 4,
      "description": "Summary event of the report's signatures.",
      "groups": [
        "windows",
        "windows_application"
      ],
      "id": "60608"
    },
    "location": "EventChannel",
    "decoder": {
      "name": "windows_eventchannel"
    },
    "id": "1779772380.7870297",
    "timestamp": "2026-05-26T05:13:00.441+0000"
  },
  {
    "input": {
      "type": "log"
    },
    "agent": {
      "ip": "172.21.6.5",
      "name": "SWE03",
      "id": "030"
    },
    "manager": {
      "name": "wazuh.manager"
    },
    "data": {
      "win": {
        "eventdata": {
          "data": "2048557460030380206, 5, StoreAgentDownloadFailure1, Nicht verfügbar, 0, Update;ScanForUpdates, 80248007, 19045, 6093, Windows.Desktop, C,   \\\\\\\\?\\\\C:\\\\ProgramData\\\\Microsoft\\\\Windows\\\\WER\\\\Temp\\\\WER8F37.tmp.WERInternalMetadata.xml, \\\\\\\\?\\\\C:\\\\ProgramData\\\\Microsoft\\\\Windows\\\\WER\\\\ReportArchive\\\\NonCritical_Update;ScanForUp_9634a751afe5999f845a30686ef740aa9fc5f46_00000000_d46959a0-9103-4688-874d-923ac8bab366, 0, d46959a0-9103-4688-874d-923ac8bab366, 268435456, 248a0f257b76468adc6df027fb1658ae, 0"
        },
        "system": {
          "eventID": "1001",
          "keywords": "0x80000000000000",
          "level": "4",
          "channel": "Application",
          "opcode": "0",
          "message": "\"Fehlerbucket 2048557460030380206, Typ 5\r\nEreignisname: StoreAgentDownloadFailure1\r\nAntwort: Nicht verfügbar\r\nCAB-Datei-ID: 0\r\n\r\nProblemsignatur:\r\nP1: Update;ScanForUpdates\r\nP2: 80248007\r\nP3: 19045\r\nP4: 6093\r\nP5: Windows.Desktop\r\nP6: C\r\nP7: \r\nP8: \r\nP9: \r\nP10: \r\n\r\nAngefügte Dateien:\r\n\\\\?\\C:\\ProgramData\\Microsoft\\Windows\\WER\\Temp\\WER8F37.tmp.WERInternalMetadata.xml\r\n\r\nDiese Dateien befinden sich möglicherweise hier:\r\n\\\\?\\C:\\ProgramData\\Microsoft\\Windows\\WER\\ReportArchive\\NonCritical_Update;ScanForUp_9634a751afe5999f845a30686ef740aa9fc5f46_00000000_d46959a0-9103-4688-874d-923ac8bab366\r\n\r\nAnalysesymbol: \r\nEs wird erneut nach einer Lösung gesucht: 0\r\nBerichts-ID: d46959a0-9103-4688-874d-923ac8bab366\r\nBerichtstatus: 268435456\r\nBucket mit Hash: 248a0f257b76468adc6df027fb1658ae\r\nCAB-Datei-Guid: 0\"",
          "version": "0",
          "systemTime": "2026-05-26T05:12:34.4332432Z",
          "eventRecordID": "250894",
          "threadID": "0",
          "computer": "SWE03.arzw.local",
          "task": "0",
          "processID": "0",
          "severityValue": "INFORMATION",
          "providerName": "Windows Error Reporting"
        }
      }
    },
    "rule": {
      "firedtimes": 5,
      "mail": false,
      "level": 4,
      "description": "Summary event of the report's signatures.",
      "groups": [
        "windows",
        "windows_application"
      ],
      "id": "60608"
    },
    "location": "EventChannel",
    "decoder": {
      "name": "windows_eventchannel"
    },
    "id": "1779772354.7816755",
    "timestamp": "2026-05-26T05:12:34.252+0000"
  },
  {
    "input": {
      "type": "log"
    },
    "agent": {
      "ip": "172.21.6.5",
      "name": "SWE03",
      "id": "030"
    },
    "manager": {
      "name": "wazuh.manager"
    },
    "data": {
      "win": {
        "eventdata": {
          "data": "1514818938484499822, 5, StoreAgentDownloadFailure1, Nicht verfügbar, 0, Update;ScanForUpdates, 80248007, 19045, 6093, Windows.Desktop, 6,   \\\\\\\\?\\\\C:\\\\ProgramData\\\\Microsoft\\\\Windows\\\\WER\\\\Temp\\\\WER891D.tmp.WERInternalMetadata.xml, \\\\\\\\?\\\\C:\\\\ProgramData\\\\Microsoft\\\\Windows\\\\WER\\\\ReportArchive\\\\NonCritical_Update;ScanForUp_25b0771487a246fd3d98c38f35eef5c83895cc4b_00000000_43d46f80-4874-4d8c-9aea-bbfdfc951a6d, 0, 43d46f80-4874-4d8c-9aea-bbfdfc951a6d, 268435456, bdae03a36ebd81492505b7cc7767256e, 0"
        },
        "system": {
          "eventID": "1001",
          "keywords": "0x80000000000000",
          "level": "4",
          "channel": "Application",
          "opcode": "0",
          "message": "\"Fehlerbucket 1514818938484499822, Typ 5\r\nEreignisname: StoreAgentDownloadFailure1\r\nAntwort: Nicht verfügbar\r\nCAB-Datei-ID: 0\r\n\r\nProblemsignatur:\r\nP1: Update;ScanForUpdates\r\nP2: 80248007\r\nP3: 19045\r\nP4: 6093\r\nP5: Windows.Desktop\r\nP6: 6\r\nP7: \r\nP8: \r\nP9: \r\nP10: \r\n\r\nAngefügte Dateien:\r\n\\\\?\\C:\\ProgramData\\Microsoft\\Windows\\WER\\Temp\\WER891D.tmp.WERInternalMetadata.xml\r\n\r\nDiese Dateien befinden sich möglicherweise hier:\r\n\\\\?\\C:\\ProgramData\\Microsoft\\Windows\\WER\\ReportArchive\\NonCritical_Update;ScanForUp_25b0771487a246fd3d98c38f35eef5c83895cc4b_00000000_43d46f80-4874-4d8c-9aea-bbfdfc951a6d\r\n\r\nAnalysesymbol: \r\nEs wird erneut nach einer Lösung gesucht: 0\r\nBerichts-ID: 43d46f80-4874-4d8c-9aea-bbfdfc951a6d\r\nBerichtstatus: 268435456\r\nBucket mit Hash: bdae03a36ebd81492505b7cc7767256e\r\nCAB-Datei-Guid: 0\"",
          "version": "0",
          "systemTime": "2026-05-26T05:12:33.2453926Z",
          "eventRecordID": "250893",
          "threadID": "0",
          "computer": "SWE03.arzw.local",
          "task": "0",
          "processID": "0",
          "severityValue": "INFORMATION",
          "providerName": "Windows Error Reporting"
        }
      }
    },
    "rule": {
      "firedtimes": 4,
      "mail": false,
      "level": 4,
      "description": "Summary event of the report's signatures.",
      "groups": [
        "windows",
        "windows_application"
      ],
      "id": "60608"
    },
    "location": "EventChannel",
    "decoder": {
      "name": "windows_eventchannel"
    },
    "id": "1779772353.7812998",
    "timestamp": "2026-05-26T05:12:33.077+0000"
  },
  {
    "input": {
      "type": "log"
    },
    "agent": {
      "ip": "172.21.6.5",
      "name": "SWE03",
      "id": "030"
    },
    "manager": {
      "name": "wazuh.manager"
    },
    "data": {
      "win": {
        "eventdata": {
          "data": "0, StoreAgentDownloadFailure1, Nicht verfügbar, 0, Update;ScanForUpdates, 80248007, 19045, 6093, Windows.Desktop, C, \\\\\\\\?\\\\C:\\\\ProgramData\\\\Microsoft\\\\Windows\\\\WER\\\\ReportQueue\\\\NonCritical_Update;ScanForUp_9634a751afe5999f845a30686ef740aa9fc5f46_00000000_d46959a0-9103-4688-874d-923ac8bab366, 0, d46959a0-9103-4688-874d-923ac8bab366, 4, 0"
        },
        "system": {
          "eventID": "1001",
          "keywords": "0x80000000000000",
          "level": "4",
          "channel": "Application",
          "opcode": "0",
          "message": "\"Fehlerbucket , Typ 0\r\nEreignisname: StoreAgentDownloadFailure1\r\nAntwort: Nicht verfügbar\r\nCAB-Datei-ID: 0\r\n\r\nProblemsignatur:\r\nP1: Update;ScanForUpdates\r\nP2: 80248007\r\nP3: 19045\r\nP4: 6093\r\nP5: Windows.Desktop\r\nP6: C\r\nP7: \r\nP8: \r\nP9: \r\nP10: \r\n\r\nAngefügte Dateien:\r\n\r\nDiese Dateien befinden sich möglicherweise hier:\r\n\\\\?\\C:\\ProgramData\\Microsoft\\Windows\\WER\\ReportQueue\\NonCritical_Update;ScanForUp_9634a751afe5999f845a30686ef740aa9fc5f46_00000000_d46959a0-9103-4688-874d-923ac8bab366\r\n\r\nAnalysesymbol: \r\nEs wird erneut nach einer Lösung gesucht: 0\r\nBerichts-ID: d46959a0-9103-4688-874d-923ac8bab366\r\nBerichtstatus: 4\r\nBucket mit Hash: \r\nCAB-Datei-Guid: 0\"",
          "version": "0",
          "systemTime": "2026-05-26T05:12:32.3549258Z",
          "eventRecordID": "250892",
          "threadID": "0",
          "computer": "SWE03.arzw.local",
          "task": "0",
          "processID": "0",
          "severityValue": "INFORMATION",
          "providerName": "Windows Error Reporting"
        }
      }
    },
    "rule": {
      "firedtimes": 3,
      "mail": false,
      "level": 4,
      "description": "Summary event of the report's signatures.",
      "groups": [
        "windows",
        "windows_application"
      ],
      "id": "60608"
    },
    "location": "EventChannel",
    "decoder": {
      "name": "windows_eventchannel"
    },
    "id": "1779772352.7809880",
    "timestamp": "2026-05-26T05:12:32.177+0000"
  },
  {
    "input": {
      "type": "log"
    },
    "agent": {
      "ip": "172.21.6.5",
      "name": "SWE03",
      "id": "030"
    },
    "manager": {
      "name": "wazuh.manager"
    },
    "data": {
      "win": {
        "eventdata": {
          "data": "0, StoreAgentDownloadFailure1, Nicht verfügbar, 0, Update;ScanForUpdates, 80248007, 19045, 6093, Windows.Desktop, 6, \\\\\\\\?\\\\C:\\\\ProgramData\\\\Microsoft\\\\Windows\\\\WER\\\\ReportQueue\\\\NonCritical_Update;ScanForUp_25b0771487a246fd3d98c38f35eef5c83895cc4b_00000000_43d46f80-4874-4d8c-9aea-bbfdfc951a6d, 0, 43d46f80-4874-4d8c-9aea-bbfdfc951a6d, 4, 0"
        },
        "system": {
          "eventID": "1001",
          "keywords": "0x80000000000000",
          "level": "4",
          "channel": "Application",
          "opcode": "0",
          "message": "\"Fehlerbucket , Typ 0\r\nEreignisname: StoreAgentDownloadFailure1\r\nAntwort: Nicht verfügbar\r\nCAB-Datei-ID: 0\r\n\r\nProblemsignatur:\r\nP1: Update;ScanForUpdates\r\nP2: 80248007\r\nP3: 19045\r\nP4: 6093\r\nP5: Windows.Desktop\r\nP6: 6\r\nP7: \r\nP8: \r\nP9: \r\nP10: \r\n\r\nAngefügte Dateien:\r\n\r\nDiese Dateien befinden sich möglicherweise hier:\r\n\\\\?\\C:\\ProgramData\\Microsoft\\Windows\\WER\\ReportQueue\\NonCritical_Update;ScanForUp_25b0771487a246fd3d98c38f35eef5c83895cc4b_00000000_43d46f80-4874-4d8c-9aea-bbfdfc951a6d\r\n\r\nAnalysesymbol: \r\nEs wird erneut nach einer Lösung gesucht: 0\r\nBerichts-ID: 43d46f80-4874-4d8c-9aea-bbfdfc951a6d\r\nBerichtstatus: 4\r\nBucket mit Hash: \r\nCAB-Datei-Guid: 0\"",
          "version": "0",
          "systemTime": "2026-05-26T05:12:31.6519264Z",
          "eventRecordID": "250891",
          "threadID": "0",
          "computer": "SWE03.arzw.local",
          "task": "0",
          "processID": "0",
          "severityValue": "INFORMATION",
          "providerName": "Windows Error Reporting"
        }
      }
    },
    "rule": {
      "firedtimes": 2,
      "mail": false,
      "level": 4,
      "description": "Summary event of the report's signatures.",
      "groups": [
        "windows",
        "windows_application"
      ],
      "id": "60608"
    },
    "location": "EventChannel",
    "decoder": {
      "name": "windows_eventchannel"
    },
    "id": "1779772351.7806758",
    "timestamp": "2026-05-26T05:12:31.541+0000"
  },
  {
    "input": {
      "type": "log"
    },
    "agent": {
      "ip": "172.21.6.5",
      "name": "SWE03",
      "id": "030"
    },
    "manager": {
      "name": "wazuh.manager"
    },
    "data": {
      "win": {
        "eventdata": {
          "data": "erneut optimieren, Volume (D:), Der angeforderte Vorgang wird von der Hardware des Volumes nicht unterstützt. (0x8900002A)",
          "binary": "2A000089800200008D0000009000000022B63823DBB1BD381B0700000000000000000000"
        },
        "system": {
          "eventID": "264",
          "keywords": "0x80000000000000",
          "level": "2",
          "channel": "Application",
          "opcode": "0",
          "message": "\"Die Speicheroptimierung konnte erneut optimieren auf Volume (D:) nicht abschließen. Grund: Der angeforderte Vorgang wird von der Hardware des Volumes nicht unterstützt. (0x8900002A)\"",
          "version": "0",
          "systemTime": "2026-05-26T05:12:21.0288175Z",
          "eventRecordID": "250889",
          "threadID": "0",
          "computer": "SWE03.arzw.local",
          "task": "0",
          "processID": "0",
          "severityValue": "ERROR",
          "providerName": "Microsoft-Windows-Defrag"
        }
      }
    },
    "rule": {
      "firedtimes": 8,
      "mail": false,
      "level": 9,
      "description": "Windows application error event.",
      "groups": [
        "windows",
        "windows_application",
        "system_error"
      ],
      "id": "60602",
      "gdpr": [
        "IV_35.7.d"
      ],
      "gpg13": [
        "4.3"
      ]
    },
    "location": "EventChannel",
    "decoder": {
      "name": "windows_eventchannel"
    },
    "id": "1779772340.7804911",
    "timestamp": "2026-05-26T05:12:20.892+0000"
  },
  {
    "input": {
      "type": "log"
    },
    "agent": {
      "ip": "172.21.6.5",
      "name": "SWE03",
      "id": "030"
    },
    "manager": {
      "name": "wazuh.manager"
    },
    "data": {
      "vulnerability": {
        "severity": "Medium",
        "package": {
          "name": "Microsoft Edge WebView2-Laufzeit",
          "version": "148.0.3967.54",
          "architecture": "i686"
        },
        "published": "2026-05-12T18:17:26Z",
        "classification": "CVSS",
        "title": "CVE-2026-42838 affecting Microsoft Edge WebView2-Laufzeit was solved",
        "type": "Packages",
        "reference": "https://msrc.microsoft.com/update-guide/vulnerability/CVE-2026-42838",
        "score": {
          "version": "3.1",
          "base": "5.400000"
        },
        "cve": "CVE-2026-42838",
        "scanner": {
          "reference": "https://cti.wazuh.com/vulnerabilities/cves/CVE-2026-42838"
        },
        "enumeration": "CVE",
        "cvss": {
          "cvss3": {
            "base_score": "5.400000"
          }
        },
        "updated": "2026-05-14T14:26:37Z",
        "status": "Solved"
      }
    },
    "rule": {
      "firedtimes": 12,
      "mail": false,
      "level": 3,
      "pci_dss": [
        "11.2.1",
        "11.2.3"
      ],
      "tsc": [
        "CC7.1",
        "CC7.2"
      ],
      "description": "The CVE-2026-42838 that affected Microsoft Edge WebView2-Laufzeit was solved due to an update in the agent or feed.",
      "groups": [
        "vulnerability-detector"
      ],
      "id": "23502",
      "gdpr": [
        "IV_35.7.d"
      ]
    },
    "location": "vulnerability-detector",
    "decoder": {
      "name": "json"
    },
    "id": "1779772266.7172618",
    "timestamp": "2026-05-26T05:11:06.442+0000"
  },
  {
    "input": {
      "type": "log"
    },
    "agent": {
      "ip": "172.21.6.5",
      "name": "SWE03",
      "id": "030"
    },
    "manager": {
      "name": "wazuh.manager"
    },
    "data": {
      "vulnerability": {
        "severity": "Medium",
        "package": {
          "name": "Microsoft Edge WebView2-Laufzeit",
          "version": "148.0.3967.54",
          "architecture": "i686"
        },
        "published": "2026-05-12T18:17:19Z",
        "classification": "CVSS",
        "title": "CVE-2026-40416 affecting Microsoft Edge WebView2-Laufzeit was solved",
        "type": "Packages",
        "reference": "https://msrc.microsoft.com/update-guide/vulnerability/CVE-2026-40416",
        "score": {
          "version": "3.1",
          "base": "4.300000"
        },
        "cve": "CVE-2026-40416",
        "scanner": {
          "reference": "https://cti.wazuh.com/vulnerabilities/cves/CVE-2026-40416"
        },
        "enumeration": "CVE",
        "cvss": {
          "cvss3": {
            "base_score": "4.300000"
          }
        },
        "updated": "2026-05-18T13:26:23Z",
        "status": "Solved"
      }
    },
    "rule": {
      "firedtimes": 11,
      "mail": false,
      "level": 3,
      "pci_dss": [
        "11.2.1",
        "11.2.3"
      ],
      "tsc": [
        "CC7.1",
        "CC7.2"
      ],
      "description": "The CVE-2026-40416 that affected Microsoft Edge WebView2-Laufzeit was solved due to an update in the agent or feed.",
      "groups": [
        "vulnerability-detector"
      ],
      "id": "23502",
      "gdpr": [
        "IV_35.7.d"
      ]
    },
    "location": "vulnerability-detector",
    "decoder": {
      "name": "json"
    },
    "id": "1779772266.7170850",
    "timestamp": "2026-05-26T05:11:06.432+0000"
  },
  {
    "input": {
      "type": "log"
    },
    "agent": {
      "ip": "172.21.6.5",
      "name": "SWE03",
      "id": "030"
    },
    "manager": {
      "name": "wazuh.manager"
    },
    "data": {
      "vulnerability": {
        "severity": "High",
        "package": {
          "name": "Microsoft Edge WebView2-Laufzeit",
          "version": "148.0.3967.54",
          "architecture": "i686"
        },
        "published": "2026-05-12T18:17:22Z",
        "classification": "CVSS",
        "title": "CVE-2026-41107 affecting Microsoft Edge WebView2-Laufzeit was solved",
        "type": "Packages",
        "reference": "https://msrc.microsoft.com/update-guide/vulnerability/CVE-2026-41107",
        "score": {
          "version": "3.1",
          "base": "7.400000"
        },
        "cve": "CVE-2026-41107",
        "scanner": {
          "reference": "https://cti.wazuh.com/vulnerabilities/cves/CVE-2026-41107"
        },
        "enumeration": "CVE",
        "cvss": {
          "cvss3": {
            "base_score": "7.400000"
          }
        },
        "updated": "2026-05-15T15:28:52Z",
        "status": "Solved"
      }
    },
    "rule": {
      "firedtimes": 10,
      "mail": false,
      "level": 3,
      "pci_dss": [
        "11.2.1",
        "11.2.3"
      ],
      "tsc": [
        "CC7.1",
        "CC7.2"
      ],
      "description": "The CVE-2026-41107 that affected Microsoft Edge WebView2-Laufzeit was solved due to an update in the agent or feed.",
      "groups": [
        "vulnerability-detector"
      ],
      "id": "23502",
      "gdpr": [
        "IV_35.7.d"
      ]
    },
    "location": "vulnerability-detector",
    "decoder": {
      "name": "json"
    },
    "id": "1779772266.7169086",
    "timestamp": "2026-05-26T05:11:06.422+0000"
  },
  {
    "input": {
      "type": "log"
    },
    "agent": {
      "ip": "172.21.6.5",
      "name": "SWE03",
      "id": "030"
    },
    "manager": {
      "name": "wazuh.manager"
    },
    "data": {
      "vulnerability": {
        "severity": "Medium",
        "package": {
          "name": "Microsoft Edge WebView2-Laufzeit",
          "version": "148.0.3967.54",
          "architecture": "i686"
        },
        "published": "2026-05-18T18:17:37Z",
        "classification": "CVSS",
        "title": "CVE-2026-45492 affecting Microsoft Edge WebView2-Laufzeit was solved",
        "type": "Packages",
        "reference": "https://msrc.microsoft.com/update-guide/vulnerability/CVE-2026-45492",
        "score": {
          "version": "3.1",
          "base": "5.400000"
        },
        "cve": "CVE-2026-45492",
        "scanner": {
          "reference": "https://cti.wazuh.com/vulnerabilities/cves/CVE-2026-45492"
        },
        "enumeration": "CVE",
        "cvss": {
          "cvss3": {
            "base_score": "5.400000"
          }
        },
        "updated": "2026-05-19T15:03:24Z",
        "status": "Solved"
      }
    },
    "rule": {
      "firedtimes": 9,
      "mail": false,
      "level": 3,
      "pci_dss": [
        "11.2.1",
        "11.2.3"
      ],
      "tsc": [
        "CC7.1",
        "CC7.2"
      ],
      "description": "The CVE-2026-45492 that affected Microsoft Edge WebView2-Laufzeit was solved due to an update in the agent or feed.",
      "groups": [
        "vulnerability-detector"
      ],
      "id": "23502",
      "gdpr": [
        "IV_35.7.d"
      ]
    },
    "location": "vulnerability-detector",
    "decoder": {
      "name": "json"
    },
    "id": "1779772266.7167318",
    "timestamp": "2026-05-26T05:11:06.412+0000"
  },
  {
    "input": {
      "type": "log"
    },
    "agent": {
      "ip": "172.21.6.5",
      "name": "SWE03",
      "id": "030"
    },
    "manager": {
      "name": "wazuh.manager"
    },
    "data": {
      "vulnerability": {
        "severity": "High",
        "package": {
          "name": "Microsoft Edge WebView2-Laufzeit",
          "version": "148.0.3967.54",
          "architecture": "i686"
        },
        "published": "2026-05-18T18:17:38Z",
        "classification": "CVSS",
        "title": "CVE-2026-45495 affecting Microsoft Edge WebView2-Laufzeit was solved",
        "type": "Packages",
        "reference": "https://msrc.microsoft.com/update-guide/vulnerability/CVE-2026-45495",
        "score": {
          "version": "3.1",
          "base": "8.800000"
        },
        "cve": "CVE-2026-45495",
        "scanner": {
          "reference": "https://cti.wazuh.com/vulnerabilities/cves/CVE-2026-45495"
        },
        "enumeration": "CVE",
        "cvss": {
          "cvss3": {
            "base_score": "8.800000"
          }
        },
        "updated": "2026-05-19T15:35:18Z",
        "status": "Solved"
      }
    },
    "rule": {
      "firedtimes": 8,
      "mail": false,
      "level": 3,
      "pci_dss": [
        "11.2.1",
        "11.2.3"
      ],
      "tsc": [
        "CC7.1",
        "CC7.2"
      ],
      "description": "The CVE-2026-45495 that affected Microsoft Edge WebView2-Laufzeit was solved due to an update in the agent or feed.",
      "groups": [
        "vulnerability-detector"
      ],
      "id": "23502",
      "gdpr": [
        "IV_35.7.d"
      ]
    },
    "location": "vulnerability-detector",
    "decoder": {
      "name": "json"
    },
    "id": "1779772266.7165554",
    "timestamp": "2026-05-26T05:11:06.402+0000"
  },
  {
    "input": {
      "type": "log"
    },
    "agent": {
      "ip": "172.21.6.5",
      "name": "SWE03",
      "id": "030"
    },
    "manager": {
      "name": "wazuh.manager"
    },
    "data": {
      "vulnerability": {
        "severity": "Medium",
        "package": {
          "name": "Microsoft Edge WebView2-Laufzeit",
          "version": "148.0.3967.54",
          "architecture": "i686"
        },
        "published": "2026-05-18T18:17:38Z",
        "classification": "CVSS",
        "title": "CVE-2026-45494 affecting Microsoft Edge WebView2-Laufzeit was solved",
        "type": "Packages",
        "reference": "https://msrc.microsoft.com/update-guide/vulnerability/CVE-2026-45494",
        "score": {
          "version": "3.1",
          "base": "5.400000"
        },
        "cve": "CVE-2026-45494",
        "scanner": {
          "reference": "https://cti.wazuh.com/vulnerabilities/cves/CVE-2026-45494"
        },
        "enumeration": "CVE",
        "cvss": {
          "cvss3": {
            "base_score": "5.400000"
          }
        },
        "updated": "2026-05-19T15:06:38Z",
        "status": "Solved"
      }
    },
    "rule": {
      "firedtimes": 7,
      "mail": false,
      "level": 3,
      "pci_dss": [
        "11.2.1",
        "11.2.3"
      ],
      "tsc": [
        "CC7.1",
        "CC7.2"
      ],
      "description": "The CVE-2026-45494 that affected Microsoft Edge WebView2-Laufzeit was solved due to an update in the agent or feed.",
      "groups": [
        "vulnerability-detector"
      ],
      "id": "23502",
      "gdpr": [
        "IV_35.7.d"
      ]
    },
    "location": "vulnerability-detector",
    "decoder": {
      "name": "json"
    },
    "id": "1779772266.7163786",
    "timestamp": "2026-05-26T05:11:06.392+0000"
  },
  {
    "input": {
      "type": "log"
    },
    "agent": {
      "ip": "172.21.6.5",
      "name": "SWE03",
      "id": "030"
    },
    "manager": {
      "name": "wazuh.manager"
    },
    "data": {
      "vulnerability": {
        "severity": "Medium",
        "package": {
          "name": "Microsoft Edge",
          "version": "148.0.3967.54",
          "architecture": "i686"
        },
        "published": "2026-05-12T18:17:26Z",
        "classification": "CVSS",
        "title": "CVE-2026-42838 affecting Microsoft Edge was solved",
        "type": "Packages",
        "reference": "https://msrc.microsoft.com/update-guide/vulnerability/CVE-2026-42838",
        "score": {
          "version": "3.1",
          "base": "5.400000"
        },
        "cve": "CVE-2026-42838",
        "scanner": {
          "reference": "https://cti.wazuh.com/vulnerabilities/cves/CVE-2026-42838"
        },
        "enumeration": "CVE",
        "cvss": {
          "cvss3": {
            "base_score": "5.400000"
          }
        },
        "updated": "2026-05-14T14:26:37Z",
        "status": "Solved"
      }
    },
    "rule": {
      "firedtimes": 6,
      "mail": false,
      "level": 3,
      "pci_dss": [
        "11.2.1",
        "11.2.3"
      ],
      "tsc": [
        "CC7.1",
        "CC7.2"
      ],
      "description": "The CVE-2026-42838 that affected Microsoft Edge was solved due to an update in the agent or feed.",
      "groups": [
        "vulnerability-detector"
      ],
      "id": "23502",
      "gdpr": [
        "IV_35.7.d"
      ]
    },
    "location": "vulnerability-detector",
    "decoder": {
      "name": "json"
    },
    "id": "1779772266.7162108",
    "timestamp": "2026-05-26T05:11:06.333+0000"
  },
  {
    "input": {
      "type": "log"
    },
    "agent": {
      "ip": "172.21.6.5",
      "name": "SWE03",
      "id": "030"
    },
    "manager": {
      "name": "wazuh.manager"
    },
    "data": {
      "vulnerability": {
        "severity": "Medium",
        "package": {
          "name": "Microsoft Edge",
          "version": "148.0.3967.54",
          "architecture": "i686"
        },
        "published": "2026-05-12T18:17:19Z",
        "classification": "CVSS",
        "title": "CVE-2026-40416 affecting Microsoft Edge was solved",
        "type": "Packages",
        "reference": "https://msrc.microsoft.com/update-guide/vulnerability/CVE-2026-40416",
        "score": {
          "version": "3.1",
          "base": "4.300000"
        },
        "cve": "CVE-2026-40416",
        "scanner": {
          "reference": "https://cti.wazuh.com/vulnerabilities/cves/CVE-2026-40416"
        },
        "enumeration": "CVE",
        "cvss": {
          "cvss3": {
            "base_score": "4.300000"
          }
        },
        "updated": "2026-05-18T13:26:23Z",
        "status": "Solved"
      }
    },
    "rule": {
      "firedtimes": 5,
      "mail": false,
      "level": 3,
      "pci_dss": [
        "11.2.1",
        "11.2.3"
      ],
      "tsc": [
        "CC7.1",
        "CC7.2"
      ],
      "description": "The CVE-2026-40416 that affected Microsoft Edge was solved due to an update in the agent or feed.",
      "groups": [
        "vulnerability-detector"
      ],
      "id": "23502",
      "gdpr": [
        "IV_35.7.d"
      ]
    },
    "location": "vulnerability-detector",
    "decoder": {
      "name": "json"
    },
    "id": "1779772266.7160430",
    "timestamp": "2026-05-26T05:11:06.323+0000"
  },
  {
    "input": {
      "type": "log"
    },
    "agent": {
      "ip": "172.21.6.5",
      "name": "SWE03",
      "id": "030"
    },
    "manager": {
      "name": "wazuh.manager"
    },
    "data": {
      "vulnerability": {
        "severity": "High",
        "package": {
          "name": "Microsoft Edge",
          "version": "148.0.3967.54",
          "architecture": "i686"
        },
        "published": "2026-05-12T18:17:22Z",
        "classification": "CVSS",
        "title": "CVE-2026-41107 affecting Microsoft Edge was solved",
        "type": "Packages",
        "reference": "https://msrc.microsoft.com/update-guide/vulnerability/CVE-2026-41107",
        "score": {
          "version": "3.1",
          "base": "7.400000"
        },
        "cve": "CVE-2026-41107",
        "scanner": {
          "reference": "https://cti.wazuh.com/vulnerabilities/cves/CVE-2026-41107"
        },
        "enumeration": "CVE",
        "cvss": {
          "cvss3": {
            "base_score": "7.400000"
          }
        },
        "updated": "2026-05-15T15:28:52Z",
        "status": "Solved"
      }
    },
    "rule": {
      "firedtimes": 4,
      "mail": false,
      "level": 3,
      "pci_dss": [
        "11.2.1",
        "11.2.3"
      ],
      "tsc": [
        "CC7.1",
        "CC7.2"
      ],
      "description": "The CVE-2026-41107 that affected Microsoft Edge was solved due to an update in the agent or feed.",
      "groups": [
        "vulnerability-detector"
      ],
      "id": "23502",
      "gdpr": [
        "IV_35.7.d"
      ]
    },
    "location": "vulnerability-detector",
    "decoder": {
      "name": "json"
    },
    "id": "1779772266.7158756",
    "timestamp": "2026-05-26T05:11:06.313+0000"
  },
  {
    "input": {
      "type": "log"
    },
    "agent": {
      "ip": "172.21.6.5",
      "name": "SWE03",
      "id": "030"
    },
    "manager": {
      "name": "wazuh.manager"
    },
    "data": {
      "vulnerability": {
        "severity": "Medium",
        "package": {
          "name": "Microsoft Edge",
          "version": "148.0.3967.54",
          "architecture": "i686"
        },
        "published": "2026-05-18T18:17:37Z",
        "classification": "CVSS",
        "title": "CVE-2026-45492 affecting Microsoft Edge was solved",
        "type": "Packages",
        "reference": "https://msrc.microsoft.com/update-guide/vulnerability/CVE-2026-45492",
        "score": {
          "version": "3.1",
          "base": "5.400000"
        },
        "cve": "CVE-2026-45492",
        "scanner": {
          "reference": "https://cti.wazuh.com/vulnerabilities/cves/CVE-2026-45492"
        },
        "enumeration": "CVE",
        "cvss": {
          "cvss3": {
            "base_score": "5.400000"
          }
        },
        "updated": "2026-05-19T15:03:24Z",
        "status": "Solved"
      }
    },
    "rule": {
      "firedtimes": 3,
      "mail": false,
      "level": 3,
      "pci_dss": [
        "11.2.1",
        "11.2.3"
      ],
      "tsc": [
        "CC7.1",
        "CC7.2"
      ],
      "description": "The CVE-2026-45492 that affected Microsoft Edge was solved due to an update in the agent or feed.",
      "groups": [
        "vulnerability-detector"
      ],
      "id": "23502",
      "gdpr": [
        "IV_35.7.d"
      ]
    },
    "location": "vulnerability-detector",
    "decoder": {
      "name": "json"
    },
    "id": "1779772266.7157078",
    "timestamp": "2026-05-26T05:11:06.303+0000"
  },
  {
    "input": {
      "type": "log"
    },
    "agent": {
      "ip": "172.21.6.5",
      "name": "SWE03",
      "id": "030"
    },
    "manager": {
      "name": "wazuh.manager"
    },
    "data": {
      "vulnerability": {
        "severity": "High",
        "package": {
          "name": "Microsoft Edge",
          "version": "148.0.3967.54",
          "architecture": "i686"
        },
        "published": "2026-05-18T18:17:38Z",
        "classification": "CVSS",
        "title": "CVE-2026-45495 affecting Microsoft Edge was solved",
        "type": "Packages",
        "reference": "https://msrc.microsoft.com/update-guide/vulnerability/CVE-2026-45495",
        "score": {
          "version": "3.1",
          "base": "8.800000"
        },
        "cve": "CVE-2026-45495",
        "scanner": {
          "reference": "https://cti.wazuh.com/vulnerabilities/cves/CVE-2026-45495"
        },
        "enumeration": "CVE",
        "cvss": {
          "cvss3": {
            "base_score": "8.800000"
          }
        },
        "updated": "2026-05-19T15:35:18Z",
        "status": "Solved"
      }
    },
    "rule": {
      "firedtimes": 2,
      "mail": false,
      "level": 3,
      "pci_dss": [
        "11.2.1",
        "11.2.3"
      ],
      "tsc": [
        "CC7.1",
        "CC7.2"
      ],
      "description": "The CVE-2026-45495 that affected Microsoft Edge was solved due to an update in the agent or feed.",
      "groups": [
        "vulnerability-detector"
      ],
      "id": "23502",
      "gdpr": [
        "IV_35.7.d"
      ]
    },
    "location": "vulnerability-detector",
    "decoder": {
      "name": "json"
    },
    "id": "1779772266.7155404",
    "timestamp": "2026-05-26T05:11:06.293+0000"
  },
  {
    "input": {
      "type": "log"
    },
    "agent": {
      "ip": "172.21.6.5",
      "name": "SWE03",
      "id": "030"
    },
    "manager": {
      "name": "wazuh.manager"
    },
    "data": {
      "vulnerability": {
        "severity": "Medium",
        "package": {
          "name": "Microsoft Edge",
          "version": "148.0.3967.54",
          "architecture": "i686"
        },
        "published": "2026-05-18T18:17:38Z",
        "classification": "CVSS",
        "title": "CVE-2026-45494 affecting Microsoft Edge was solved",
        "type": "Packages",
        "reference": "https://msrc.microsoft.com/update-guide/vulnerability/CVE-2026-45494",
        "score": {
          "version": "3.1",
          "base": "5.400000"
        },
        "cve": "CVE-2026-45494",
        "scanner": {
          "reference": "https://cti.wazuh.com/vulnerabilities/cves/CVE-2026-45494"
        },
        "enumeration": "CVE",
        "cvss": {
          "cvss3": {
            "base_score": "5.400000"
          }
        },
        "updated": "2026-05-19T15:06:38Z",
        "status": "Solved"
      }
    },
    "rule": {
      "firedtimes": 1,
      "mail": false,
      "level": 3,
      "pci_dss": [
        "11.2.1",
        "11.2.3"
      ],
      "tsc": [
        "CC7.1",
        "CC7.2"
      ],
      "description": "The CVE-2026-45494 that affected Microsoft Edge was solved due to an update in the agent or feed.",
      "groups": [
        "vulnerability-detector"
      ],
      "id": "23502",
      "gdpr": [
        "IV_35.7.d"
      ]
    },
    "location": "vulnerability-detector",
    "decoder": {
      "name": "json"
    },
    "id": "1779772266.7153726",
    "timestamp": "2026-05-26T05:11:06.283+0000"
  },
  {
    "input": {
      "type": "log"
    },
    "agent": {
      "ip": "172.21.6.5",
      "name": "SWE03",
      "id": "030"
    },
    "manager": {
      "name": "wazuh.manager"
    },
    "data": {
      "win": {
        "eventdata": {
          "targetLogonId": "0x8d9648b",
          "targetUserName": "SWE03$",
          "targetDomainName": "ARZW",
          "targetUserSid": "S-1-5-18",
          "logonType": "3"
        },
        "system": {
          "eventID": "4634",
          "keywords": "0x8020000000000000",
          "providerGuid": "{54849625-5478-4994-a5ba-3e3b0328c30d}",
          "level": "0",
          "channel": "Security",
          "opcode": "0",
          "message": "\"Ein Konto wurde abgemeldet.\r\n\r\nAntragsteller:\r\n\tSicherheits-ID:\t\tS-1-5-18\r\n\tKontoname:\t\tSWE03$\r\n\tKontodomäne:\t\tARZW\r\n\tAnmelde-ID:\t\t0x8D9648B\r\n\r\nAnmeldetyp:\t\t\t3\r\n\r\nDieses Ereignis wird generiert, wenn eine Anmeldesitzung zerstört wird. Es kann anhand des Wertes der Anmelde-ID positiv mit einem Anmeldeereignis korreliert werden. Anmelde-IDs sind nur zwischen Neustarts auf demselben Computer eindeutig.\"",
          "version": "0",
          "systemTime": "2026-05-26T05:00:46.7685701Z",
          "eventRecordID": "5353503",
          "threadID": "4988",
          "computer": "SWE03.arzw.local",
          "task": "12545",
          "processID": "904",
          "severityValue": "AUDIT_SUCCESS",
          "providerName": "Microsoft-Windows-Security-Auditing"
        }
      }
    },
    "rule": {
      "firedtimes": 2,
      "mail": false,
      "level": 3,
      "pci_dss": [
        "10.2.5"
      ],
      "hipaa": [
        "164.312.b"
      ],
      "tsc": [
        "CC6.8",
        "CC7.2",
        "CC7.3"
      ],
      "description": "Windows User Logoff",
      "groups": [
        "windows",
        "windows_security"
      ],
      "id": "60137",
      "nist_800_53": [
        "AU.14",
        "AC.7"
      ],
      "gdpr": [
        "IV_32.2"
      ]
    },
    "location": "EventChannel",
    "decoder": {
      "name": "windows_eventchannel"
    },
    "id": "1779771640.6795754",
    "timestamp": "2026-05-26T05:00:40.091+0000"
  },
  {
    "input": {
      "type": "log"
    },
    "agent": {
      "ip": "172.21.6.5",
      "name": "SWE03",
      "id": "030"
    },
    "manager": {
      "name": "wazuh.manager"
    },
    "data": {
      "win": {
        "eventdata": {
          "subjectLogonId": "0x0",
          "targetLinkedLogonId": "0x0",
          "impersonationLevel": "%%1833",
          "ipAddress": "::1",
          "authenticationPackageName": "Kerberos",
          "targetLogonId": "0x8d9648b",
          "logonProcessName": "Kerberos",
          "logonGuid": "{22360c92-047c-30b1-3316-a5a3874d3fc1}",
          "targetUserName": "SWE03$",
          "keyLength": "0",
          "elevatedToken": "%%1842",
          "subjectUserSid": "S-1-0-0",
          "processId": "0x0",
          "ipPort": "0",
          "targetDomainName": "ARZW.LOCAL",
          "targetUserSid": "S-1-5-18",
          "virtualAccount": "%%1843",
          "logonType": "3"
        },
        "system": {
          "eventID": "4624",
          "keywords": "0x8020000000000000",
          "providerGuid": "{54849625-5478-4994-a5ba-3e3b0328c30d}",
          "level": "0",
          "channel": "Security",
          "opcode": "0",
          "message": "\"Ein Konto wurde erfolgreich angemeldet.\r\n\r\nAntragsteller:\r\n\tSicherheits-ID:\t\tS-1-0-0\r\n\tKontoname:\t\t-\r\n\tKontodomäne:\t\t-\r\n\tAnmelde-ID:\t\t0x0\r\n\r\nAnmeldeinformationen:\r\n\tAnmeldetyp:\t\t3\r\n\tEingeschränkter Administratormodus:\t-\r\n\tVirtuelles Konto:\t\tNein\r\n\tToken mit erhöhten Rechten:\t\tJa\r\n\r\nIdentitätswechselebene:\t\tIdentitätswechsel\r\n\r\nNeue Anmeldung:\r\n\tSicherheits-ID:\t\tS-1-5-18\r\n\tKontoname:\t\tSWE03$\r\n\tKontodomäne:\t\tARZW.LOCAL\r\n\tAnmelde-ID:\t\t0x8D9648B\r\n\tVerknüpfte Anmelde-ID:\t\t0x0\r\n\tNetzwerk-Kontoname:\t-\r\n\tNetzwerk-Kontodomäne:\t-\r\n\tAnmelde-GUID:\t\t{22360c92-047c-30b1-3316-a5a3874d3fc1}\r\n\r\nProzessinformationen:\r\n\tProzess-ID:\t\t0x0\r\n\tProzessname:\t\t-\r\n\r\nNetzwerkinformationen:\r\n\tArbeitsstationsname:\t-\r\n\tQuellnetzwerkadresse:\t::1\r\n\tQuellport:\t\t0\r\n\r\nDetaillierte Authentifizierungsinformationen:\r\n\tAnmeldeprozess:\t\tKerberos\r\n\tAuthentifizierungspaket:\tKerberos\r\n\tÜbertragene Dienste:\t-\r\n\tPaketname (nur NTLM):\t-\r\n\tSchlüssellänge:\t\t0\r\n\r\nDieses Ereignis wird beim Erstellen einer Anmeldesitzung generiert. Es wird auf dem Computer generiert, auf den zugegriffen wurde.\r\n\r\nDie Antragstellerfelder geben das Konto auf dem lokalen System an, von dem die Anmeldung angefordert wurde. Dies ist meistens ein Dienst wie der Serverdienst oder ein lokaler Prozess wie \"Winlogon.exe\" oder \"Services.exe\".\r\n\r\nDas Anmeldetypfeld gibt den jeweiligen Anmeldetyp an. Die häufigsten Typen sind 2 (interaktiv) und 3 (Netzwerk).\r\n\r\nDie Felder für die neue Anmeldung geben das Konto an, für das die neue Anmeldung erstellt wurde, d. h. das angemeldete Konto.\r\n\r\nDie Netzwerkfelder geben die Quelle einer Remoteanmeldeanforderung an. Der Arbeitsstationsname ist nicht immer verfügbar und kann in manchen Fällen leer bleiben.\r\n\r\nDas Feld für die Identitätswechselebene gibt an, in welchem Umfang ein Prozess in der Anmeldesitzung einen Identitätswechsel vornehmen kann.\r\n\r\nDie Felder für die Authentifizierungsinformationen enthalten detaillierte Informationen zu dieser speziellen Anmeldeanforderung.\r\n\t- Die Anmelde-GUID ist ein eindeutiger Bezeichner, der verwendet werden kann, um dieses Ereignis mit einem KDC-Ereignis zu korrelieren.\r\n\t- Die übertragenen Dienste geben an, welche Zwischendienste an der Anmeldeanforderung beteiligt waren.\r\n\t- Der Paketname gibt das in den NTLM-Protokollen verwendete Unterprotokoll an.\r\n\t- Die Schlüssellänge gibt die Länge des generierten Sitzungsschlüssels an. Wenn kein Sitzungsschlüssel angefordert wurde, ist dieser Wert 0.\"",
          "version": "2",
          "systemTime": "2026-05-26T05:00:46.7681612Z",
          "eventRecordID": "5353502",
          "threadID": "4988",
          "computer": "SWE03.arzw.local",
          "task": "12544",
          "processID": "904",
          "severityValue": "AUDIT_SUCCESS",
          "providerName": "Microsoft-Windows-Security-Auditing"
        }
      }
    },
    "rule": {
      "mail": false,
      "level": 3,
      "pci_dss": [
        "10.2.5"
      ],
      "hipaa": [
        "164.312.b"
      ],
      "tsc": [
        "CC6.8",
        "CC7.2",
        "CC7.3"
      ],
      "description": "Windows Logon Success",
      "groups": [
        "windows",
        "windows_security",
        "authentication_success"
      ],
      "nist_800_53": [
        "AU.14",
        "AC.9"
      ],
      "gdpr": [
        "IV_32.2"
      ],
      "firedtimes": 2,
      "mitre": {
        "technique": [
          "Valid Accounts"
        ],
        "id": [
          "T1078"
        ],
        "tactic": [
          "Defense Evasion",
          "Persistence",
          "Privilege Escalation",
          "Initial Access"
        ]
      },
      "id": "60106",
      "gpg13": [
        "7.1",
        "7.2"
      ]
    },
    "location": "EventChannel",
    "decoder": {
      "name": "windows_eventchannel"
    },
    "id": "1779771640.6788181",
    "timestamp": "2026-05-26T05:00:40.075+0000"
  },
  {
    "input": {
      "type": "log"
    },
    "agent": {
      "ip": "172.21.6.5",
      "name": "SWE03",
      "id": "030"
    },
    "manager": {
      "name": "wazuh.manager"
    },
    "data": {
      "win": {
        "eventdata": {
          "targetLogonId": "0x8d95bd8",
          "targetUserName": "SWE03$",
          "targetDomainName": "ARZW",
          "targetUserSid": "S-1-5-18",
          "logonType": "3"
        },
        "system": {
          "eventID": "4634",
          "keywords": "0x8020000000000000",
          "providerGuid": "{54849625-5478-4994-a5ba-3e3b0328c30d}",
          "level": "0",
          "channel": "Security",
          "opcode": "0",
          "message": "\"Ein Konto wurde abgemeldet.\r\n\r\nAntragsteller:\r\n\tSicherheits-ID:\t\tS-1-5-18\r\n\tKontoname:\t\tSWE03$\r\n\tKontodomäne:\t\tARZW\r\n\tAnmelde-ID:\t\t0x8D95BD8\r\n\r\nAnmeldetyp:\t\t\t3\r\n\r\nDieses Ereignis wird generiert, wenn eine Anmeldesitzung zerstört wird. Es kann anhand des Wertes der Anmelde-ID positiv mit einem Anmeldeereignis korreliert werden. Anmelde-IDs sind nur zwischen Neustarts auf demselben Computer eindeutig.\"",
          "version": "0",
          "systemTime": "2026-05-26T05:00:46.7657709Z",
          "eventRecordID": "5353500",
          "threadID": "8204",
          "computer": "SWE03.arzw.local",
          "task": "12545",
          "processID": "904",
          "severityValue": "AUDIT_SUCCESS",
          "providerName": "Microsoft-Windows-Security-Auditing"
        }
      }
    },
    "rule": {
      "firedtimes": 1,
      "mail": false,
      "level": 3,
      "pci_dss": [
        "10.2.5"
      ],
      "hipaa": [
        "164.312.b"
      ],
      "tsc": [
        "CC6.8",
        "CC7.2",
        "CC7.3"
      ],
      "description": "Windows User Logoff",
      "groups": [
        "windows",
        "windows_security"
      ],
      "id": "60137",
      "nist_800_53": [
        "AU.14",
        "AC.7"
      ],
      "gdpr": [
        "IV_32.2"
      ]
    },
    "location": "EventChannel",
    "decoder": {
      "name": "windows_eventchannel"
    },
    "id": "1779771640.6785779",
    "timestamp": "2026-05-26T05:00:40.045+0000"
  },
