  {
    "input": {
      "type": "log"
    },
    "agent": {
      "ip": "172.21.4.217",
      "name": "SWE09",
      "id": "080"
    },
    "manager": {
      "name": "wazuh.manager"
    },
    "data": {
      "win": {
        "eventdata": {
          "data": "ARZW_ABRECH_SOFT.exe, 1.0.0.0, 69d651cc, clr.dll, 4.8.9310.0, 67db4f32, c0000006, 00000000000843f2, 50c8, 01dced008ffc35d2, K:\\\\__PROGR_USER\\\\c#\\\\ARZW_ABRECH\\\\ARZW_ABRECH_SOFT.exe, C:\\\\Windows\\\\Microsoft.NET\\\\Framework64\\\\v4.0.30319\\\\clr.dll, 897ba652-9507-491b-87e9-692aa781116b"
        },
        "system": {
          "eventID": "1000",
          "keywords": "0x80000000000000",
          "level": "2",
          "channel": "Application",
          "opcode": "0",
          "message": "\"Name der fehlerhaften Anwendung: ARZW_ABRECH_SOFT.exe, Version: 1.0.0.0, Zeitstempel: 0x69d651cc\r\nName des fehlerhaften Moduls: clr.dll, Version: 4.8.9310.0, Zeitstempel: 0x67db4f32\r\nAusnahmecode: 0xc0000006\r\nFehleroffset: 0x00000000000843f2\r\nID des fehlerhaften Prozesses: 0x50c8\r\nStartzeit der fehlerhaften Anwendung: 0x01dced008ffc35d2\r\nPfad der fehlerhaften Anwendung: K:\\__PROGR_USER\\c#\\ARZW_ABRECH\\ARZW_ABRECH_SOFT.exe\r\nPfad des fehlerhaften Moduls: C:\\Windows\\Microsoft.NET\\Framework64\\v4.0.30319\\clr.dll\r\nBerichtskennung: 897ba652-9507-491b-87e9-692aa781116b\r\nVollständiger Name des fehlerhaften Pakets: \r\nAnwendungs-ID, die relativ zum fehlerhaften Paket ist: \"",
          "version": "0",
          "systemTime": "2026-05-26T11:12:55.2525994Z",
          "eventRecordID": "497527",
          "threadID": "0",
          "computer": "SWE09.arzw.local",
          "task": "100",
          "processID": "0",
          "severityValue": "ERROR",
          "providerName": "Application Error"
        }
      }
    },
    "rule": {
      "firedtimes": 4,
      "mail": false,
      "level": 9,
      "description": "Windows application error event.",
      "groups": [
        "windows",
        "windows_application",
        "system_error"
      ],
      "id": "60602",
      "gdpr": [
        "IV_35.7.d"
      ],
      "gpg13": [
        "4.3"
      ]
    },
    "location": "EventChannel",
    "decoder": {
      "name": "windows_eventchannel"
    },
    "id": "1779793975.23486486",
    "timestamp": "2026-05-26T11:12:55.412+0000"
  },
  {
    "input": {
      "type": "log"
    },
    "agent": {
      "ip": "172.21.4.217",
      "name": "SWE09",
      "id": "080"
    },
    "manager": {
      "name": "wazuh.manager"
    },
    "data": {
      "win": {
        "eventdata": {
          "data": "Anwendung: ARZW_ABRECH_SOFT.exe Frameworkversion: v4.0.30319 Beschreibung: Der Prozess wurde aufgrund einer unbehandelten Ausnahme beendet. Ausnahmeinformationen: System.Runtime.InteropServices.SEHException    bei ARZW_ABRECH_SOFT.frm_105_main.InitializeComponent()    bei ARZW_ABRECH_SOFT.frm_ARZW_ABRECH_NEW.ts_DTA_105_Click(System.Object, System.EventArgs)    bei System.Windows.Forms.ToolStripItem.RaiseEvent(System.Object, System.EventArgs)    bei System.Windows.Forms.ToolStripMenuItem.OnClick(System.EventArgs)    bei System.Windows.Forms.ToolStripItem.HandleClick(System.EventArgs)    bei System.Windows.Forms.ToolStripItem.HandleMouseUp(System.Windows.Forms.MouseEventArgs)    bei System.Windows.Forms.ToolStrip.OnMouseUp(System.Windows.Forms.MouseEventArgs)    bei System.Windows.Forms.ToolStripDropDown.OnMouseUp(System.Windows.Forms.MouseEventArgs)    bei System.Windows.Forms.Control.WmMouseUp(System.Windows.Forms.Message ByRef, System.Windows.Forms.MouseButtons, Int32)    bei System.Windows.Forms.Control.WndProc(System.Windows.Forms.Message ByRef)    bei System.Windows.Forms.ToolStrip.WndProc(System.Windows.Forms.Message ByRef)    bei System.Windows.Forms.ToolStripDropDown.WndProc(System.Windows.Forms.Message ByRef)    bei System.Windows.Forms.NativeWindow.Callback(IntPtr, Int32, IntPtr, IntPtr)    bei System.Windows.Forms.UnsafeNativeMethods.DispatchMessageW(MSG ByRef)    bei System.Windows.Forms.Application+ComponentManager.System.Windows.Forms.UnsafeNativeMethods.IMsoComponentManager.FPushMessageLoop(IntPtr, Int32, Int32)    bei System.Windows.Forms.Application+ThreadContext.RunMessageLoopInner(Int32, System.Windows.Forms.ApplicationContext)    bei System.Windows.Forms.Application+ThreadContext.RunMessageLoop(Int32, System.Windows.Forms.ApplicationContext)    bei ARZW_ABRECH_SOFT.Program.Main(System.String[])"
        },
        "system": {
          "eventID": "1026",
          "keywords": "0x80000000000000",
          "level": "2",
          "channel": "Application",
          "opcode": "0",
          "message": "\"Anwendung: ARZW_ABRECH_SOFT.exe\nFrameworkversion: v4.0.30319\nBeschreibung: Der Prozess wurde aufgrund einer unbehandelten Ausnahme beendet.\nAusnahmeinformationen: System.Runtime.InteropServices.SEHException\n   bei ARZW_ABRECH_SOFT.frm_105_main.InitializeComponent()\n   bei ARZW_ABRECH_SOFT.frm_ARZW_ABRECH_NEW.ts_DTA_105_Click(System.Object, System.EventArgs)\n   bei System.Windows.Forms.ToolStripItem.RaiseEvent(System.Object, System.EventArgs)\n   bei System.Windows.Forms.ToolStripMenuItem.OnClick(System.EventArgs)\n   bei System.Windows.Forms.ToolStripItem.HandleClick(System.EventArgs)\n   bei System.Windows.Forms.ToolStripItem.HandleMouseUp(System.Windows.Forms.MouseEventArgs)\n   bei System.Windows.Forms.ToolStrip.OnMouseUp(System.Windows.Forms.MouseEventArgs)\n   bei System.Windows.Forms.ToolStripDropDown.OnMouseUp(System.Windows.Forms.MouseEventArgs)\n   bei System.Windows.Forms.Control.WmMouseUp(System.Windows.Forms.Message ByRef, System.Windows.Forms.MouseButtons, Int32)\n   bei System.Windows.Forms.Control.WndProc(System.Windows.Forms.Message ByRef)\n   bei System.Windows.Forms.ToolStrip.WndProc(System.Windows.Forms.Message ByRef)\n   bei System.Windows.Forms.ToolStripDropDown.WndProc(System.Windows.Forms.Message ByRef)\n   bei System.Windows.Forms.NativeWindow.Callback(IntPtr, Int32, IntPtr, IntPtr)\n   bei System.Windows.Forms.UnsafeNativeMethods.DispatchMessageW(MSG ByRef)\n   bei System.Windows.Forms.Application+ComponentManager.System.Windows.Forms.UnsafeNativeMethods.IMsoComponentManager.FPushMessageLoop(IntPtr, Int32, Int32)\n   bei System.Windows.Forms.Application+ThreadContext.RunMessageLoopInner(Int32, System.Windows.Forms.ApplicationContext)\n   bei System.Windows.Forms.Application+ThreadContext.RunMessageLoop(Int32, System.Windows.Forms.ApplicationContext)\n   bei ARZW_ABRECH_SOFT.Program.Main(System.String[])\n\n\"",
          "version": "0",
          "systemTime": "2026-05-26T11:12:55.0526398Z",
          "eventRecordID": "497526",
          "threadID": "0",
          "computer": "SWE09.arzw.local",
          "task": "0",
          "processID": "0",
          "severityValue": "ERROR",
          "providerName": ".NET Runtime"
        }
      }
    },
    "rule": {
      "firedtimes": 1,
      "mail": false,
      "level": 9,
      "description": "The process was terminated due to an unhandled exception.",
      "groups": [
        "windows",
        "windows_application"
      ],
      "mitre": {
        "technique": [
          "Service Stop"
        ],
        "id": [
          "T1489"
        ],
        "tactic": [
          "Impact"
        ]
      },
      "id": "61017"
    },
    "location": "EventChannel",
    "decoder": {
      "name": "windows_eventchannel"
    },
    "id": "1779793975.23478061",
    "timestamp": "2026-05-26T11:12:55.197+0000"
  },
  {
    "input": {
      "type": "log"
    },
    "agent": {
      "ip": "172.21.4.217",
      "name": "SWE09",
      "id": "080"
    },
    "manager": {
      "name": "wazuh.manager"
    },
    "data": {
      "win": {
        "eventdata": {
          "targetLogonId": "0x200bfd8",
          "targetUserName": "aznord",
          "targetDomainName": "ARZW",
          "targetUserSid": "S-1-5-21-228770904-35461013-1130905197-2721",
          "logonType": "7"
        },
        "system": {
          "eventID": "4634",
          "keywords": "0x8020000000000000",
          "providerGuid": "{54849625-5478-4994-a5ba-3e3b0328c30d}",
          "level": "0",
          "channel": "Security",
          "opcode": "0",
          "message": "\"Ein Konto wurde abgemeldet.\r\n\r\nAntragsteller:\r\n\tSicherheits-ID:\t\tS-1-5-21-228770904-35461013-1130905197-2721\r\n\tKontoname:\t\taznord\r\n\tKontodomäne:\t\tARZW\r\n\tAnmelde-ID:\t\t0x200BFD8\r\n\r\nAnmeldetyp:\t\t\t7\r\n\r\nDieses Ereignis wird generiert, wenn eine Anmeldesitzung zerstört wird. Es kann anhand des Wertes der Anmelde-ID positiv mit einem Anmeldeereignis korreliert werden. Anmelde-IDs sind nur zwischen Neustarts auf demselben Computer eindeutig.\"",
          "version": "0",
          "systemTime": "2026-05-26T11:12:32.4507019Z",
          "eventRecordID": "5759994",
          "threadID": "14088",
          "computer": "SWE09.arzw.local",
          "task": "12545",
          "processID": "924",
          "severityValue": "AUDIT_SUCCESS",
          "providerName": "Microsoft-Windows-Security-Auditing"
        }
      }
    },
    "rule": {
      "firedtimes": 5,
      "mail": false,
      "level": 3,
      "description": "Non service account logged off.",
      "groups": [
        "windows",
        " WEF"
      ],
      "id": "67023"
    },
    "location": "EventChannel",
    "decoder": {
      "name": "windows_eventchannel"
    },
    "id": "1779793953.23464501",
    "timestamp": "2026-05-26T11:12:33.575+0000"
  },
  {
    "input": {
      "type": "log"
    },
    "agent": {
      "ip": "172.21.4.217",
      "name": "SWE09",
      "id": "080"
    },
    "manager": {
      "name": "wazuh.manager"
    },
    "data": {
      "win": {
        "eventdata": {
          "subjectLogonId": "0x3e7",
          "subjectDomainName": "ARZW",
          "targetLinkedLogonId": "0x0",
          "impersonationLevel": "%%1833",
          "authenticationPackageName": "Negotiate",
          "workstationName": "SWE09",
          "targetLogonId": "0x200bfd8",
          "logonProcessName": "Negotiat",
          "logonGuid": "{cc1f00d4-8406-69ed-f2c5-84a38b8f034e}",
          "targetUserName": "aznord",
          "keyLength": "0",
          "elevatedToken": "%%1843",
          "subjectUserSid": "S-1-5-18",
          "processId": "0x39c",
          "processName": "C:\\\\Windows\\\\System32\\\\lsass.exe",
          "targetDomainName": "ARZW",
          "targetUserSid": "S-1-5-21-228770904-35461013-1130905197-2721",
          "virtualAccount": "%%1843",
          "logonType": "7",
          "subjectUserName": "SWE09$"
        },
        "system": {
          "eventID": "4624",
          "keywords": "0x8020000000000000",
          "providerGuid": "{54849625-5478-4994-a5ba-3e3b0328c30d}",
          "level": "0",
          "channel": "Security",
          "opcode": "0",
          "message": "\"Ein Konto wurde erfolgreich angemeldet.\r\n\r\nAntragsteller:\r\n\tSicherheits-ID:\t\tS-1-5-18\r\n\tKontoname:\t\tSWE09$\r\n\tKontodomäne:\t\tARZW\r\n\tAnmelde-ID:\t\t0x3E7\r\n\r\nAnmeldeinformationen:\r\n\tAnmeldetyp:\t\t7\r\n\tEingeschränkter Administratormodus:\t-\r\n\tVirtuelles Konto:\t\tNein\r\n\tToken mit erhöhten Rechten:\t\tNein\r\n\r\nIdentitätswechselebene:\t\tIdentitätswechsel\r\n\r\nNeue Anmeldung:\r\n\tSicherheits-ID:\t\tS-1-5-21-228770904-35461013-1130905197-2721\r\n\tKontoname:\t\taznord\r\n\tKontodomäne:\t\tARZW\r\n\tAnmelde-ID:\t\t0x200BFD8\r\n\tVerknüpfte Anmelde-ID:\t\t0x0\r\n\tNetzwerk-Kontoname:\t-\r\n\tNetzwerk-Kontodomäne:\t-\r\n\tAnmelde-GUID:\t\t{cc1f00d4-8406-69ed-f2c5-84a38b8f034e}\r\n\r\nProzessinformationen:\r\n\tProzess-ID:\t\t0x39c\r\n\tProzessname:\t\tC:\\Windows\\System32\\lsass.exe\r\n\r\nNetzwerkinformationen:\r\n\tArbeitsstationsname:\tSWE09\r\n\tQuellnetzwerkadresse:\t-\r\n\tQuellport:\t\t-\r\n\r\nDetaillierte Authentifizierungsinformationen:\r\n\tAnmeldeprozess:\t\tNegotiat\r\n\tAuthentifizierungspaket:\tNegotiate\r\n\tÜbertragene Dienste:\t-\r\n\tPaketname (nur NTLM):\t-\r\n\tSchlüssellänge:\t\t0\r\n\r\nDieses Ereignis wird beim Erstellen einer Anmeldesitzung generiert. Es wird auf dem Computer generiert, auf den zugegriffen wurde.\r\n\r\nDie Antragstellerfelder geben das Konto auf dem lokalen System an, von dem die Anmeldung angefordert wurde. Dies ist meistens ein Dienst wie der Serverdienst oder ein lokaler Prozess wie \"Winlogon.exe\" oder \"Services.exe\".\r\n\r\nDas Anmeldetypfeld gibt den jeweiligen Anmeldetyp an. Die häufigsten Typen sind 2 (interaktiv) und 3 (Netzwerk).\r\n\r\nDie Felder für die neue Anmeldung geben das Konto an, für das die neue Anmeldung erstellt wurde, d. h. das angemeldete Konto.\r\n\r\nDie Netzwerkfelder geben die Quelle einer Remoteanmeldeanforderung an. Der Arbeitsstationsname ist nicht immer verfügbar und kann in manchen Fällen leer bleiben.\r\n\r\nDas Feld für die Identitätswechselebene gibt an, in welchem Umfang ein Prozess in der Anmeldesitzung einen Identitätswechsel vornehmen kann.\r\n\r\nDie Felder für die Authentifizierungsinformationen enthalten detaillierte Informationen zu dieser speziellen Anmeldeanforderung.\r\n\t- Die Anmelde-GUID ist ein eindeutiger Bezeichner, der verwendet werden kann, um dieses Ereignis mit einem KDC-Ereignis zu korrelieren.\r\n\t- Die übertragenen Dienste geben an, welche Zwischendienste an der Anmeldeanforderung beteiligt waren.\r\n\t- Der Paketname gibt das in den NTLM-Protokollen verwendete Unterprotokoll an.\r\n\t- Die Schlüssellänge gibt die Länge des generierten Sitzungsschlüssels an. Wenn kein Sitzungsschlüssel angefordert wurde, ist dieser Wert 0.\"",
          "version": "2",
          "systemTime": "2026-05-26T11:12:32.4258475Z",
          "eventRecordID": "5759993",
          "threadID": "18032",
          "computer": "SWE09.arzw.local",
          "task": "12544",
          "processID": "924",
          "severityValue": "AUDIT_SUCCESS",
          "providerName": "Microsoft-Windows-Security-Auditing"
        }
      }
    },
    "rule": {
      "firedtimes": 11,
      "mail": false,
      "level": 3,
      "description": "Non network or service local logon.",
      "groups": [
        "windows",
        " WEF"
      ],
      "id": "67022"
    },
    "location": "EventChannel",
    "decoder": {
      "name": "windows_eventchannel"
    },
    "id": "1779793953.23456629",
    "timestamp": "2026-05-26T11:12:33.560+0000"
  },
  {
    "input": {
      "type": "log"
    },
    "agent": {
      "ip": "172.21.4.217",
      "name": "SWE09",
      "id": "080"
    },
    "manager": {
      "name": "wazuh.manager"
    },
    "data": {
      "win": {
        "eventdata": {
          "subjectLogonId": "0x3e7",
          "subjectDomainName": "ARZW",
          "targetLinkedLogonId": "0x0",
          "impersonationLevel": "%%1833",
          "ipAddress": "127.0.0.1",
          "authenticationPackageName": "Negotiate",
          "workstationName": "SWE09",
          "targetLogonId": "0x200bf81",
          "logonProcessName": "User32",
          "logonGuid": "{00000000-0000-0000-0000-000000000000}",
          "targetUserName": "aznord",
          "keyLength": "0",
          "elevatedToken": "%%1843",
          "subjectUserSid": "S-1-5-18",
          "processId": "0x8a4",
          "processName": "C:\\\\Windows\\\\System32\\\\svchost.exe",
          "ipPort": "0",
          "targetDomainName": "ARZW",
          "targetUserSid": "S-1-5-21-228770904-35461013-1130905197-2721",
          "virtualAccount": "%%1843",
          "logonType": "11",
          "subjectUserName": "SWE09$"
        },
        "system": {
          "eventID": "4624",
          "keywords": "0x8020000000000000",
          "providerGuid": "{54849625-5478-4994-a5ba-3e3b0328c30d}",
          "level": "0",
          "channel": "Security",
          "opcode": "0",
          "message": "\"Ein Konto wurde erfolgreich angemeldet.\r\n\r\nAntragsteller:\r\n\tSicherheits-ID:\t\tS-1-5-18\r\n\tKontoname:\t\tSWE09$\r\n\tKontodomäne:\t\tARZW\r\n\tAnmelde-ID:\t\t0x3E7\r\n\r\nAnmeldeinformationen:\r\n\tAnmeldetyp:\t\t11\r\n\tEingeschränkter Administratormodus:\t-\r\n\tVirtuelles Konto:\t\tNein\r\n\tToken mit erhöhten Rechten:\t\tNein\r\n\r\nIdentitätswechselebene:\t\tIdentitätswechsel\r\n\r\nNeue Anmeldung:\r\n\tSicherheits-ID:\t\tS-1-5-21-228770904-35461013-1130905197-2721\r\n\tKontoname:\t\taznord\r\n\tKontodomäne:\t\tARZW\r\n\tAnmelde-ID:\t\t0x200BF81\r\n\tVerknüpfte Anmelde-ID:\t\t0x0\r\n\tNetzwerk-Kontoname:\t-\r\n\tNetzwerk-Kontodomäne:\t-\r\n\tAnmelde-GUID:\t\t{00000000-0000-0000-0000-000000000000}\r\n\r\nProzessinformationen:\r\n\tProzess-ID:\t\t0x8a4\r\n\tProzessname:\t\tC:\\Windows\\System32\\svchost.exe\r\n\r\nNetzwerkinformationen:\r\n\tArbeitsstationsname:\tSWE09\r\n\tQuellnetzwerkadresse:\t127.0.0.1\r\n\tQuellport:\t\t0\r\n\r\nDetaillierte Authentifizierungsinformationen:\r\n\tAnmeldeprozess:\t\tUser32 \r\n\tAuthentifizierungspaket:\tNegotiate\r\n\tÜbertragene Dienste:\t-\r\n\tPaketname (nur NTLM):\t-\r\n\tSchlüssellänge:\t\t0\r\n\r\nDieses Ereignis wird beim Erstellen einer Anmeldesitzung generiert. Es wird auf dem Computer generiert, auf den zugegriffen wurde.\r\n\r\nDie Antragstellerfelder geben das Konto auf dem lokalen System an, von dem die Anmeldung angefordert wurde. Dies ist meistens ein Dienst wie der Serverdienst oder ein lokaler Prozess wie \"Winlogon.exe\" oder \"Services.exe\".\r\n\r\nDas Anmeldetypfeld gibt den jeweiligen Anmeldetyp an. Die häufigsten Typen sind 2 (interaktiv) und 3 (Netzwerk).\r\n\r\nDie Felder für die neue Anmeldung geben das Konto an, für das die neue Anmeldung erstellt wurde, d. h. das angemeldete Konto.\r\n\r\nDie Netzwerkfelder geben die Quelle einer Remoteanmeldeanforderung an. Der Arbeitsstationsname ist nicht immer verfügbar und kann in manchen Fällen leer bleiben.\r\n\r\nDas Feld für die Identitätswechselebene gibt an, in welchem Umfang ein Prozess in der Anmeldesitzung einen Identitätswechsel vornehmen kann.\r\n\r\nDie Felder für die Authentifizierungsinformationen enthalten detaillierte Informationen zu dieser speziellen Anmeldeanforderung.\r\n\t- Die Anmelde-GUID ist ein eindeutiger Bezeichner, der verwendet werden kann, um dieses Ereignis mit einem KDC-Ereignis zu korrelieren.\r\n\t- Die übertragenen Dienste geben an, welche Zwischendienste an der Anmeldeanforderung beteiligt waren.\r\n\t- Der Paketname gibt das in den NTLM-Protokollen verwendete Unterprotokoll an.\r\n\t- Die Schlüssellänge gibt die Länge des generierten Sitzungsschlüssels an. Wenn kein Sitzungsschlüssel angefordert wurde, ist dieser Wert 0.\"",
          "version": "2",
          "systemTime": "2026-05-26T11:12:32.3719890Z",
          "eventRecordID": "5759991",
          "threadID": "4620",
          "computer": "SWE09.arzw.local",
          "task": "12544",
          "processID": "924",
          "severityValue": "AUDIT_SUCCESS",
          "providerName": "Microsoft-Windows-Security-Auditing"
        }
      }
    },
    "rule": {
      "firedtimes": 10,
      "mail": false,
      "level": 3,
      "description": "Non network or service local logon.",
      "groups": [
        "windows",
        " WEF"
      ],
      "id": "67022"
    },
    "location": "EventChannel",
    "decoder": {
      "name": "windows_eventchannel"
    },
    "id": "1779793953.23448641",
    "timestamp": "2026-05-26T11:12:33.522+0000"
  },
  {
    "input": {
      "type": "log"
    },
    "agent": {
      "ip": "172.21.4.217",
      "name": "SWE09",
      "id": "080"
    },
    "manager": {
      "name": "wazuh.manager"
    },
    "data": {
      "win": {
        "eventdata": {
          "subjectLogonId": "0x3e7",
          "subjectDomainName": "ARZW",
          "ipAddress": "127.0.0.1",
          "authenticationPackageName": "Negotiate",
          "workstationName": "SWE09",
          "subStatus": "0xc000006a",
          "logonProcessName": "User32",
          "targetUserName": "aznord",
          "keyLength": "0",
          "subjectUserSid": "S-1-5-18",
          "processId": "0x8a4",
          "processName": "C:\\\\Windows\\\\System32\\\\svchost.exe",
          "ipPort": "0",
          "failureReason": "%%2313",
          "targetDomainName": "ARZW",
          "targetUserSid": "S-1-0-0",
          "logonType": "2",
          "subjectUserName": "SWE09$",
          "status": "0xc000006d"
        },
        "system": {
          "eventID": "4625",
          "keywords": "0x8010000000000000",
          "providerGuid": "{54849625-5478-4994-a5ba-3e3b0328c30d}",
          "level": "0",
          "channel": "Security",
          "opcode": "0",
          "message": "\"Fehler beim Anmelden eines Kontos.\r\n\r\nAntragsteller:\r\n\tSicherheits-ID:\t\tS-1-5-18\r\n\tKontoname:\t\tSWE09$\r\n\tKontodomäne:\t\tARZW\r\n\tAnmelde-ID:\t\t0x3E7\r\n\r\nAnmeldetyp:\t\t\t2\r\n\r\nKonto, für das die Anmeldung fehlgeschlagen ist:\r\n\tSicherheits-ID:\t\tS-1-0-0\r\n\tKontoname:\t\taznord\r\n\tKontodomäne:\t\tARZW\r\n\r\nFehlerinformationen:\r\n\tFehlerursache:\t\tUnbekannter Benutzername oder ungültiges Kennwort.\r\n\tStatus:\t\t\t0xC000006D\r\n\tUnterstatus::\t\t0xC000006A\r\n\r\nProzessinformationen:\r\n\tAufrufprozess-ID:\t0x8a4\r\n\tAufrufprozessname:\tC:\\Windows\\System32\\svchost.exe\r\n\r\nNetzwerkinformationen:\r\n\tArbeitsstationsname:\tSWE09\r\n\tQuellnetzwerkadresse:\t127.0.0.1\r\n\tQuellport:\t\t0\r\n\r\nDetaillierte Authentifizierungsinformationen:\r\n\tAnmeldeprozess:\t\tUser32 \r\n\tAuthentifizierungspaket:\tNegotiate\r\n\tÜbertragene Dienste:\t-\r\n\tPaketname (nur NTLM):\t-\r\n\tSchlüssellänge:\t\t0\r\n\r\nDieses Ereignis wird beim Erstellen einer Anmeldesitzung generiert. Es wird auf dem Computer generiert, auf den zugegriffen wurde.\r\n\r\nDie Antragstellerfelder geben das Konto auf dem lokalen System an, von dem die Anmeldung angefordert wurde. Dies ist meistens ein Dienst wie der Serverdienst oder ein lokaler Prozess wie \"Winlogon.exe\" oder \"Services.exe\".\r\n\r\nDas Anmeldetypfeld gibt den jeweiligen Anmeldetyp an. Die häufigsten Typen sind 2 (interaktiv) und 3 (Netzwerk).\r\n\r\nDie Felder für die Prozessinformationen geben den Prozess und das Konto an, für die die Anmeldung angefordert wurde.\r\n\r\nDie Netzwerkfelder geben die Quelle einer Remoteanmeldeanforderung an.  Der Arbeitsstationsname ist nicht immer verfügbar und kann in manchen Fällen leer bleiben.\r\n\r\nDie Felder für die Authentifizierungsinformationen enthalten detaillierte Informationen zu dieser speziellen Anmeldeanforderung.\r\n\t- Die übertragenen Dienste geben an, welche Zwischendienste an der Anmeldeanforderung beteiligt waren.\r\n\t- Der Paketname gibt das in den NTLM-Protokollen verwendete Unterprotokoll an.\r\n\t- Die Schlüssellänge gibt die Länge des generierten Sitzungsschlüssels an. Wenn kein Sitzungsschlüssel angefordert wurde, ist dieser Wert 0.\"",
          "version": "0",
          "systemTime": "2026-05-26T11:12:26.7499161Z",
          "eventRecordID": "5759989",
          "threadID": "14088",
          "computer": "SWE09.arzw.local",
          "task": "12544",
          "processID": "924",
          "severityValue": "AUDIT_FAILURE",
          "providerName": "Microsoft-Windows-Security-Auditing"
        }
      }
    },
    "rule": {
      "mail": false,
      "level": 5,
      "pci_dss": [
        "10.2.4",
        "10.2.5"
      ],
      "hipaa": [
        "164.312.b"
      ],
      "tsc": [
        "CC6.1",
        "CC6.8",
        "CC7.2",
        "CC7.3"
      ],
      "description": "Logon Failure - Unknown user or bad password",
      "groups": [
        "windows",
        "windows_security",
        "authentication_failed"
      ],
      "nist_800_53": [
        "AU.14",
        "AC.7"
      ],
      "gdpr": [
        "IV_35.7.d",
        "IV_32.2"
      ],
      "firedtimes": 2,
      "mitre": {
        "technique": [
          "Account Access Removal"
        ],
        "id": [
          "T1531"
        ],
        "tactic": [
          "Impact"
        ]
      },
      "id": "60122",
      "gpg13": [
        "7.1"
      ]
    },
    "location": "EventChannel",
    "decoder": {
      "name": "windows_eventchannel"
    },
    "id": "1779793947.23441795",
    "timestamp": "2026-05-26T11:12:27.898+0000"
  },
  {
    "input": {
      "type": "log"
    },
    "agent": {
      "ip": "172.21.4.217",
      "name": "SWE09",
      "id": "080"
    },
    "manager": {
      "name": "wazuh.manager"
    },
    "data": {
      "win": {
        "eventdata": {
          "subjectLogonId": "0x1fe8817",
          "subjectUserSid": "S-1-5-90-0-2",
          "subjectDomainName": "Window Manager",
          "privilegeList": "SeAssignPrimaryTokenPrivilege     SeAuditPrivilege",
          "subjectUserName": "DWM-2"
        },
        "system": {
          "eventID": "4672",
          "keywords": "0x8020000000000000",
          "providerGuid": "{54849625-5478-4994-a5ba-3e3b0328c30d}",
          "level": "0",
          "channel": "Security",
          "opcode": "0",
          "message": "\"Einer neuen Anmeldung wurden besondere Rechte zugewiesen.\r\n\r\nAntragsteller:\r\n\tSicherheits-ID:\t\tS-1-5-90-0-2\r\n\tKontoname:\t\tDWM-2\r\n\tKontodomäne:\t\tWindow Manager\r\n\tAnmelde-ID:\t\t0x1FE8817\r\n\r\nBerechtigungen:\t\tSeAssignPrimaryTokenPrivilege\r\n\t\t\tSeAuditPrivilege\"",
          "version": "0",
          "systemTime": "2026-05-26T11:12:19.3449622Z",
          "eventRecordID": "5759981",
          "threadID": "492",
          "computer": "SWE09.arzw.local",
          "task": "12548",
          "processID": "924",
          "severityValue": "AUDIT_SUCCESS",
          "providerName": "Microsoft-Windows-Security-Auditing"
        }
      }
    },
    "rule": {
      "firedtimes": 3,
      "mail": false,
      "level": 3,
      "description": "Special privileges assigned to new logon.",
      "groups": [
        "windows",
        " WEF"
      ],
      "mitre": {
        "technique": [
          "Domain Policy Modification"
        ],
        "id": [
          "T1484"
        ],
        "tactic": [
          "Defense Evasion",
          "Privilege Escalation"
        ]
      },
      "id": "67028"
    },
    "location": "EventChannel",
    "decoder": {
      "name": "windows_eventchannel"
    },
    "id": "1779793940.23439652",
    "timestamp": "2026-05-26T11:12:20.483+0000"
  },
  {
    "input": {
      "type": "log"
    },
    "agent": {
      "ip": "172.21.4.217",
      "name": "SWE09",
      "id": "080"
    },
    "manager": {
      "name": "wazuh.manager"
    },
    "data": {
      "win": {
        "eventdata": {
          "subjectLogonId": "0x1fe87f3",
          "subjectUserSid": "S-1-5-90-0-2",
          "subjectDomainName": "Window Manager",
          "privilegeList": "SeAssignPrimaryTokenPrivilege     SeAuditPrivilege     SeImpersonatePrivilege",
          "subjectUserName": "DWM-2"
        },
        "system": {
          "eventID": "4672",
          "keywords": "0x8020000000000000",
          "providerGuid": "{54849625-5478-4994-a5ba-3e3b0328c30d}",
          "level": "0",
          "channel": "Security",
          "opcode": "0",
          "message": "\"Einer neuen Anmeldung wurden besondere Rechte zugewiesen.\r\n\r\nAntragsteller:\r\n\tSicherheits-ID:\t\tS-1-5-90-0-2\r\n\tKontoname:\t\tDWM-2\r\n\tKontodomäne:\t\tWindow Manager\r\n\tAnmelde-ID:\t\t0x1FE87F3\r\n\r\nBerechtigungen:\t\tSeAssignPrimaryTokenPrivilege\r\n\t\t\tSeAuditPrivilege\r\n\t\t\tSeImpersonatePrivilege\"",
          "version": "0",
          "systemTime": "2026-05-26T11:12:19.3449600Z",
          "eventRecordID": "5759980",
          "threadID": "492",
          "computer": "SWE09.arzw.local",
          "task": "12548",
          "processID": "924",
          "severityValue": "AUDIT_SUCCESS",
          "providerName": "Microsoft-Windows-Security-Auditing"
        }
      }
    },
    "rule": {
      "firedtimes": 2,
      "mail": false,
      "level": 3,
      "description": "Special privileges assigned to new logon.",
      "groups": [
        "windows",
        " WEF"
      ],
      "mitre": {
        "technique": [
          "Domain Policy Modification"
        ],
        "id": [
          "T1484"
        ],
        "tactic": [
          "Defense Evasion",
          "Privilege Escalation"
        ]
      },
      "id": "67028"
    },
    "location": "EventChannel",
    "decoder": {
      "name": "windows_eventchannel"
    },
    "id": "1779793940.23437396",
    "timestamp": "2026-05-26T11:12:20.461+0000"
  },
  {
    "input": {
      "type": "log"
    },
    "agent": {
      "ip": "172.21.4.217",
      "name": "SWE09",
      "id": "080"
    },
    "manager": {
      "name": "wazuh.manager"
    },
    "data": {
      "win": {
        "eventdata": {
          "subjectLogonId": "0x3e7",
          "subjectDomainName": "ARZW",
          "targetLinkedLogonId": "0x1fe87f3",
          "impersonationLevel": "%%1833",
          "authenticationPackageName": "Negotiate",
          "targetLogonId": "0x1fe8817",
          "logonProcessName": "Advapi",
          "logonGuid": "{00000000-0000-0000-0000-000000000000}",
          "targetUserName": "DWM-2",
          "keyLength": "0",
          "elevatedToken": "%%1843",
          "subjectUserSid": "S-1-5-18",
          "processId": "0x37c4",
          "processName": "C:\\\\Windows\\\\System32\\\\winlogon.exe",
          "targetDomainName": "Window Manager",
          "targetUserSid": "S-1-5-90-0-2",
          "virtualAccount": "%%1842",
          "logonType": "2",
          "subjectUserName": "SWE09$"
        },
        "system": {
          "eventID": "4624",
          "keywords": "0x8020000000000000",
          "providerGuid": "{54849625-5478-4994-a5ba-3e3b0328c30d}",
          "level": "0",
          "channel": "Security",
          "opcode": "0",
          "message": "\"Ein Konto wurde erfolgreich angemeldet.\r\n\r\nAntragsteller:\r\n\tSicherheits-ID:\t\tS-1-5-18\r\n\tKontoname:\t\tSWE09$\r\n\tKontodomäne:\t\tARZW\r\n\tAnmelde-ID:\t\t0x3E7\r\n\r\nAnmeldeinformationen:\r\n\tAnmeldetyp:\t\t2\r\n\tEingeschränkter Administratormodus:\t-\r\n\tVirtuelles Konto:\t\tJa\r\n\tToken mit erhöhten Rechten:\t\tNein\r\n\r\nIdentitätswechselebene:\t\tIdentitätswechsel\r\n\r\nNeue Anmeldung:\r\n\tSicherheits-ID:\t\tS-1-5-90-0-2\r\n\tKontoname:\t\tDWM-2\r\n\tKontodomäne:\t\tWindow Manager\r\n\tAnmelde-ID:\t\t0x1FE8817\r\n\tVerknüpfte Anmelde-ID:\t\t0x1FE87F3\r\n\tNetzwerk-Kontoname:\t-\r\n\tNetzwerk-Kontodomäne:\t-\r\n\tAnmelde-GUID:\t\t{00000000-0000-0000-0000-000000000000}\r\n\r\nProzessinformationen:\r\n\tProzess-ID:\t\t0x37c4\r\n\tProzessname:\t\tC:\\Windows\\System32\\winlogon.exe\r\n\r\nNetzwerkinformationen:\r\n\tArbeitsstationsname:\t-\r\n\tQuellnetzwerkadresse:\t-\r\n\tQuellport:\t\t-\r\n\r\nDetaillierte Authentifizierungsinformationen:\r\n\tAnmeldeprozess:\t\tAdvapi  \r\n\tAuthentifizierungspaket:\tNegotiate\r\n\tÜbertragene Dienste:\t-\r\n\tPaketname (nur NTLM):\t-\r\n\tSchlüssellänge:\t\t0\r\n\r\nDieses Ereignis wird beim Erstellen einer Anmeldesitzung generiert. Es wird auf dem Computer generiert, auf den zugegriffen wurde.\r\n\r\nDie Antragstellerfelder geben das Konto auf dem lokalen System an, von dem die Anmeldung angefordert wurde. Dies ist meistens ein Dienst wie der Serverdienst oder ein lokaler Prozess wie \"Winlogon.exe\" oder \"Services.exe\".\r\n\r\nDas Anmeldetypfeld gibt den jeweiligen Anmeldetyp an. Die häufigsten Typen sind 2 (interaktiv) und 3 (Netzwerk).\r\n\r\nDie Felder für die neue Anmeldung geben das Konto an, für das die neue Anmeldung erstellt wurde, d. h. das angemeldete Konto.\r\n\r\nDie Netzwerkfelder geben die Quelle einer Remoteanmeldeanforderung an. Der Arbeitsstationsname ist nicht immer verfügbar und kann in manchen Fällen leer bleiben.\r\n\r\nDas Feld für die Identitätswechselebene gibt an, in welchem Umfang ein Prozess in der Anmeldesitzung einen Identitätswechsel vornehmen kann.\r\n\r\nDie Felder für die Authentifizierungsinformationen enthalten detaillierte Informationen zu dieser speziellen Anmeldeanforderung.\r\n\t- Die Anmelde-GUID ist ein eindeutiger Bezeichner, der verwendet werden kann, um dieses Ereignis mit einem KDC-Ereignis zu korrelieren.\r\n\t- Die übertragenen Dienste geben an, welche Zwischendienste an der Anmeldeanforderung beteiligt waren.\r\n\t- Der Paketname gibt das in den NTLM-Protokollen verwendete Unterprotokoll an.\r\n\t- Die Schlüssellänge gibt die Länge des generierten Sitzungsschlüssels an. Wenn kein Sitzungsschlüssel angefordert wurde, ist dieser Wert 0.\"",
          "version": "2",
          "systemTime": "2026-05-26T11:12:19.3449543Z",
          "eventRecordID": "5759979",
          "threadID": "492",
          "computer": "SWE09.arzw.local",
          "task": "12544",
          "processID": "924",
          "severityValue": "AUDIT_SUCCESS",
          "providerName": "Microsoft-Windows-Security-Auditing"
        }
      }
    },
    "rule": {
      "firedtimes": 9,
      "mail": false,
      "level": 3,
      "description": "Non network or service local logon.",
      "groups": [
        "windows",
        " WEF"
      ],
      "id": "67022"
    },
    "location": "EventChannel",
    "decoder": {
      "name": "windows_eventchannel"
    },
    "id": "1779793940.23429655",
    "timestamp": "2026-05-26T11:12:20.446+0000"
  },
  {
    "input": {
      "type": "log"
    },
    "agent": {
      "ip": "172.21.4.217",
      "name": "SWE09",
      "id": "080"
    },
    "manager": {
      "name": "wazuh.manager"
    },
    "data": {
      "win": {
        "eventdata": {
          "subjectLogonId": "0x3e7",
          "subjectDomainName": "ARZW",
          "targetLinkedLogonId": "0x1fe8817",
          "impersonationLevel": "%%1833",
          "authenticationPackageName": "Negotiate",
          "targetLogonId": "0x1fe87f3",
          "logonProcessName": "Advapi",
          "logonGuid": "{00000000-0000-0000-0000-000000000000}",
          "targetUserName": "DWM-2",
          "keyLength": "0",
          "elevatedToken": "%%1842",
          "subjectUserSid": "S-1-5-18",
          "processId": "0x37c4",
          "processName": "C:\\\\Windows\\\\System32\\\\winlogon.exe",
          "targetDomainName": "Window Manager",
          "targetUserSid": "S-1-5-90-0-2",
          "virtualAccount": "%%1842",
          "logonType": "2",
          "subjectUserName": "SWE09$"
        },
        "system": {
          "eventID": "4624",
          "keywords": "0x8020000000000000",
          "providerGuid": "{54849625-5478-4994-a5ba-3e3b0328c30d}",
          "level": "0",
          "channel": "Security",
          "opcode": "0",
          "message": "\"Ein Konto wurde erfolgreich angemeldet.\r\n\r\nAntragsteller:\r\n\tSicherheits-ID:\t\tS-1-5-18\r\n\tKontoname:\t\tSWE09$\r\n\tKontodomäne:\t\tARZW\r\n\tAnmelde-ID:\t\t0x3E7\r\n\r\nAnmeldeinformationen:\r\n\tAnmeldetyp:\t\t2\r\n\tEingeschränkter Administratormodus:\t-\r\n\tVirtuelles Konto:\t\tJa\r\n\tToken mit erhöhten Rechten:\t\tJa\r\n\r\nIdentitätswechselebene:\t\tIdentitätswechsel\r\n\r\nNeue Anmeldung:\r\n\tSicherheits-ID:\t\tS-1-5-90-0-2\r\n\tKontoname:\t\tDWM-2\r\n\tKontodomäne:\t\tWindow Manager\r\n\tAnmelde-ID:\t\t0x1FE87F3\r\n\tVerknüpfte Anmelde-ID:\t\t0x1FE8817\r\n\tNetzwerk-Kontoname:\t-\r\n\tNetzwerk-Kontodomäne:\t-\r\n\tAnmelde-GUID:\t\t{00000000-0000-0000-0000-000000000000}\r\n\r\nProzessinformationen:\r\n\tProzess-ID:\t\t0x37c4\r\n\tProzessname:\t\tC:\\Windows\\System32\\winlogon.exe\r\n\r\nNetzwerkinformationen:\r\n\tArbeitsstationsname:\t-\r\n\tQuellnetzwerkadresse:\t-\r\n\tQuellport:\t\t-\r\n\r\nDetaillierte Authentifizierungsinformationen:\r\n\tAnmeldeprozess:\t\tAdvapi  \r\n\tAuthentifizierungspaket:\tNegotiate\r\n\tÜbertragene Dienste:\t-\r\n\tPaketname (nur NTLM):\t-\r\n\tSchlüssellänge:\t\t0\r\n\r\nDieses Ereignis wird beim Erstellen einer Anmeldesitzung generiert. Es wird auf dem Computer generiert, auf den zugegriffen wurde.\r\n\r\nDie Antragstellerfelder geben das Konto auf dem lokalen System an, von dem die Anmeldung angefordert wurde. Dies ist meistens ein Dienst wie der Serverdienst oder ein lokaler Prozess wie \"Winlogon.exe\" oder \"Services.exe\".\r\n\r\nDas Anmeldetypfeld gibt den jeweiligen Anmeldetyp an. Die häufigsten Typen sind 2 (interaktiv) und 3 (Netzwerk).\r\n\r\nDie Felder für die neue Anmeldung geben das Konto an, für das die neue Anmeldung erstellt wurde, d. h. das angemeldete Konto.\r\n\r\nDie Netzwerkfelder geben die Quelle einer Remoteanmeldeanforderung an. Der Arbeitsstationsname ist nicht immer verfügbar und kann in manchen Fällen leer bleiben.\r\n\r\nDas Feld für die Identitätswechselebene gibt an, in welchem Umfang ein Prozess in der Anmeldesitzung einen Identitätswechsel vornehmen kann.\r\n\r\nDie Felder für die Authentifizierungsinformationen enthalten detaillierte Informationen zu dieser speziellen Anmeldeanforderung.\r\n\t- Die Anmelde-GUID ist ein eindeutiger Bezeichner, der verwendet werden kann, um dieses Ereignis mit einem KDC-Ereignis zu korrelieren.\r\n\t- Die übertragenen Dienste geben an, welche Zwischendienste an der Anmeldeanforderung beteiligt waren.\r\n\t- Der Paketname gibt das in den NTLM-Protokollen verwendete Unterprotokoll an.\r\n\t- Die Schlüssellänge gibt die Länge des generierten Sitzungsschlüssels an. Wenn kein Sitzungsschlüssel angefordert wurde, ist dieser Wert 0.\"",
          "version": "2",
          "systemTime": "2026-05-26T11:12:19.3449358Z",
          "eventRecordID": "5759978",
          "threadID": "492",
          "computer": "SWE09.arzw.local",
          "task": "12544",
          "processID": "924",
          "severityValue": "AUDIT_SUCCESS",
          "providerName": "Microsoft-Windows-Security-Auditing"
        }
      }
    },
    "rule": {
      "firedtimes": 8,
      "mail": false,
      "level": 3,
      "description": "Non network or service local logon.",
      "groups": [
        "windows",
        " WEF"
      ],
      "id": "67022"
    },
    "location": "EventChannel",
    "decoder": {
      "name": "windows_eventchannel"
    },
    "id": "1779793940.23421918",
    "timestamp": "2026-05-26T11:12:20.430+0000"
  },
  {
    "input": {
      "type": "log"
    },
    "agent": {
      "ip": "172.21.4.217",
      "name": "SWE09",
      "id": "080"
    },
    "manager": {
      "name": "wazuh.manager"
    },
    "data": {
      "win": {
        "eventdata": {
          "subjectLogonId": "0x3e7",
          "subjectDomainName": "ARZW",
          "targetLinkedLogonId": "0x0",
          "impersonationLevel": "%%1833",
          "authenticationPackageName": "Negotiate",
          "targetLogonId": "0x1fe6eb1",
          "logonProcessName": "Advapi",
          "logonGuid": "{00000000-0000-0000-0000-000000000000}",
          "targetUserName": "UMFD-2",
          "keyLength": "0",
          "elevatedToken": "%%1843",
          "subjectUserSid": "S-1-5-18",
          "processId": "0x37c4",
          "processName": "C:\\\\Windows\\\\System32\\\\winlogon.exe",
          "targetDomainName": "Font Driver Host",
          "targetUserSid": "S-1-5-96-0-2",
          "virtualAccount": "%%1842",
          "logonType": "2",
          "subjectUserName": "SWE09$"
        },
        "system": {
          "eventID": "4624",
          "keywords": "0x8020000000000000",
          "providerGuid": "{54849625-5478-4994-a5ba-3e3b0328c30d}",
          "level": "0",
          "channel": "Security",
          "opcode": "0",
          "message": "\"Ein Konto wurde erfolgreich angemeldet.\r\n\r\nAntragsteller:\r\n\tSicherheits-ID:\t\tS-1-5-18\r\n\tKontoname:\t\tSWE09$\r\n\tKontodomäne:\t\tARZW\r\n\tAnmelde-ID:\t\t0x3E7\r\n\r\nAnmeldeinformationen:\r\n\tAnmeldetyp:\t\t2\r\n\tEingeschränkter Administratormodus:\t-\r\n\tVirtuelles Konto:\t\tJa\r\n\tToken mit erhöhten Rechten:\t\tNein\r\n\r\nIdentitätswechselebene:\t\tIdentitätswechsel\r\n\r\nNeue Anmeldung:\r\n\tSicherheits-ID:\t\tS-1-5-96-0-2\r\n\tKontoname:\t\tUMFD-2\r\n\tKontodomäne:\t\tFont Driver Host\r\n\tAnmelde-ID:\t\t0x1FE6EB1\r\n\tVerknüpfte Anmelde-ID:\t\t0x0\r\n\tNetzwerk-Kontoname:\t-\r\n\tNetzwerk-Kontodomäne:\t-\r\n\tAnmelde-GUID:\t\t{00000000-0000-0000-0000-000000000000}\r\n\r\nProzessinformationen:\r\n\tProzess-ID:\t\t0x37c4\r\n\tProzessname:\t\tC:\\Windows\\System32\\winlogon.exe\r\n\r\nNetzwerkinformationen:\r\n\tArbeitsstationsname:\t-\r\n\tQuellnetzwerkadresse:\t-\r\n\tQuellport:\t\t-\r\n\r\nDetaillierte Authentifizierungsinformationen:\r\n\tAnmeldeprozess:\t\tAdvapi  \r\n\tAuthentifizierungspaket:\tNegotiate\r\n\tÜbertragene Dienste:\t-\r\n\tPaketname (nur NTLM):\t-\r\n\tSchlüssellänge:\t\t0\r\n\r\nDieses Ereignis wird beim Erstellen einer Anmeldesitzung generiert. Es wird auf dem Computer generiert, auf den zugegriffen wurde.\r\n\r\nDie Antragstellerfelder geben das Konto auf dem lokalen System an, von dem die Anmeldung angefordert wurde. Dies ist meistens ein Dienst wie der Serverdienst oder ein lokaler Prozess wie \"Winlogon.exe\" oder \"Services.exe\".\r\n\r\nDas Anmeldetypfeld gibt den jeweiligen Anmeldetyp an. Die häufigsten Typen sind 2 (interaktiv) und 3 (Netzwerk).\r\n\r\nDie Felder für die neue Anmeldung geben das Konto an, für das die neue Anmeldung erstellt wurde, d. h. das angemeldete Konto.\r\n\r\nDie Netzwerkfelder geben die Quelle einer Remoteanmeldeanforderung an. Der Arbeitsstationsname ist nicht immer verfügbar und kann in manchen Fällen leer bleiben.\r\n\r\nDas Feld für die Identitätswechselebene gibt an, in welchem Umfang ein Prozess in der Anmeldesitzung einen Identitätswechsel vornehmen kann.\r\n\r\nDie Felder für die Authentifizierungsinformationen enthalten detaillierte Informationen zu dieser speziellen Anmeldeanforderung.\r\n\t- Die Anmelde-GUID ist ein eindeutiger Bezeichner, der verwendet werden kann, um dieses Ereignis mit einem KDC-Ereignis zu korrelieren.\r\n\t- Die übertragenen Dienste geben an, welche Zwischendienste an der Anmeldeanforderung beteiligt waren.\r\n\t- Der Paketname gibt das in den NTLM-Protokollen verwendete Unterprotokoll an.\r\n\t- Die Schlüssellänge gibt die Länge des generierten Sitzungsschlüssels an. Wenn kein Sitzungsschlüssel angefordert wurde, ist dieser Wert 0.\"",
          "version": "2",
          "systemTime": "2026-05-26T11:12:19.2554020Z",
          "eventRecordID": "5759976",
          "threadID": "14088",
          "computer": "SWE09.arzw.local",
          "task": "12544",
          "processID": "924",
          "severityValue": "AUDIT_SUCCESS",
          "providerName": "Microsoft-Windows-Security-Auditing"
        }
      }
    },
    "rule": {
      "firedtimes": 7,
      "mail": false,
      "level": 3,
      "description": "Non network or service local logon.",
      "groups": [
        "windows",
        " WEF"
      ],
      "id": "67022"
    },
    "location": "EventChannel",
    "decoder": {
      "name": "windows_eventchannel"
    },
    "id": "1779793940.23414185",
    "timestamp": "2026-05-26T11:12:20.405+0000"
  },
  {
    "input": {
      "type": "log"
    },
    "agent": {
      "ip": "172.21.4.217",
      "name": "SWE09",
      "id": "080"
    },
    "manager": {
      "name": "wazuh.manager"
    },
    "data": {
      "win": {
        "eventdata": {
          "targetLogonId": "0x1fb3d7b",
          "targetUserName": "SWE09$",
          "targetDomainName": "ARZW",
          "targetUserSid": "S-1-5-18",
          "logonType": "3"
        },
        "system": {
          "eventID": "4634",
          "keywords": "0x8020000000000000",
          "providerGuid": "{54849625-5478-4994-a5ba-3e3b0328c30d}",
          "level": "0",
          "channel": "Security",
          "opcode": "0",
          "message": "\"Ein Konto wurde abgemeldet.\r\n\r\nAntragsteller:\r\n\tSicherheits-ID:\t\tS-1-5-18\r\n\tKontoname:\t\tSWE09$\r\n\tKontodomäne:\t\tARZW\r\n\tAnmelde-ID:\t\t0x1FB3D7B\r\n\r\nAnmeldetyp:\t\t\t3\r\n\r\nDieses Ereignis wird generiert, wenn eine Anmeldesitzung zerstört wird. Es kann anhand des Wertes der Anmelde-ID positiv mit einem Anmeldeereignis korreliert werden. Anmelde-IDs sind nur zwischen Neustarts auf demselben Computer eindeutig.\"",
          "version": "0",
          "systemTime": "2026-05-26T11:10:43.9659951Z",
          "eventRecordID": "5759963",
          "threadID": "14008",
          "computer": "SWE09.arzw.local",
          "task": "12545",
          "processID": "924",
          "severityValue": "AUDIT_SUCCESS",
          "providerName": "Microsoft-Windows-Security-Auditing"
        }
      }
    },
    "rule": {
      "firedtimes": 11,
      "mail": false,
      "level": 3,
      "pci_dss": [
        "10.2.5"
      ],
      "hipaa": [
        "164.312.b"
      ],
      "tsc": [
        "CC6.8",
        "CC7.2",
        "CC7.3"
      ],
      "description": "Windows User Logoff",
      "groups": [
        "windows",
        "windows_security"
      ],
      "id": "60137",
      "nist_800_53": [
        "AU.14",
        "AC.7"
      ],
      "gdpr": [
        "IV_32.2"
      ]
    },
    "location": "EventChannel",
    "decoder": {
      "name": "windows_eventchannel"
    },
    "id": "1779793844.23397235",
    "timestamp": "2026-05-26T11:10:44.645+0000"
  },
