  {
    "input": {
      "type": "log"
    },
    "agent": {
      "ip": "172.21.4.217",
      "name": "SWE09",
      "id": "080"
    },
    "manager": {
      "name": "wazuh.manager"
    },
    "data": {
      "win": {
        "eventdata": {
          "data": "Video.UI, 1296,R,98, {9A91D63C-F74C-442C-A273-C96EE0F7C3C1}:, C:\\\\Users\\\\swuser\\\\AppData\\\\Local\\\\Packages\\\\Microsoft.ZuneVideo_8wekyb3d8bbwe\\\\LocalState\\\\Database\\\\anonymous\\\\edb.log,  [1] 0.060294 -0.013482 (4) WT +J(CM:0, PgRf:0, Rd:0/0, Dy:0/0, Lg:1999608/1315) +M(C:0K, Fs:3316, WS:1368K # 1368K, PF:356K # 352K, P:356K)., AttachDB, 165"
        },
        "system": {
          "eventID": "301",
          "keywords": "0x80000000000000",
          "level": "4",
          "channel": "Application",
          "opcode": "0",
          "message": "\"Video.UI (1296,R,98) {9A91D63C-F74C-442C-A273-C96EE0F7C3C1}: The database engine has finished replaying logfile C:\\Users\\swuser\\AppData\\Local\\Packages\\Microsoft.ZuneVideo_8wekyb3d8bbwe\\LocalState\\Database\\anonymous\\edb.log. \r\n \r\nProcessing Stats: \n[1] 0.060294 -0.013482 (4) WT +J(CM:0, PgRf:0, Rd:0/0, Dy:0/0, Lg:1999608/1315) +M(C:0K, Fs:3316, WS:1368K # 1368K, PF:356K # 352K, P:356K). \r\nLog record of type 'AttachDB ' was seen most frequently (165 times)\"",
          "version": "0",
          "systemTime": "2026-05-26T05:50:01.1188913Z",
          "eventRecordID": "497433",
          "threadID": "0",
          "computer": "SWE09.arzw.local",
          "task": "3",
          "processID": "0",
          "severityValue": "INFORMATION",
          "providerName": "ESENT"
        }
      }
    },
    "rule": {
      "firedtimes": 8,
      "mail": false,
      "level": 3,
      "description": "The database engine is replaying log file C:\\Winnt\\system32\\wins\\j50.log.",
      "groups": [
        "windows",
        "windows_application"
      ],
      "id": "60808"
    },
    "location": "EventChannel",
    "decoder": {
      "name": "windows_eventchannel"
    },
    "id": "1779774601.10647114",
    "timestamp": "2026-05-26T05:50:01.135+0000"
  },
  {
    "input": {
      "type": "log"
    },
    "agent": {
      "ip": "172.21.4.217",
      "name": "SWE09",
      "id": "080"
    },
    "manager": {
      "name": "wazuh.manager"
    },
    "data": {
      "win": {
        "eventdata": {
          "data": "Video.UI, 1296,R,98, {9A91D63C-F74C-442C-A273-C96EE0F7C3C1}:"
        },
        "system": {
          "eventID": "300",
          "keywords": "0x80000000000000",
          "level": "4",
          "channel": "Application",
          "opcode": "0",
          "message": "\"Video.UI (1296,R,98) {9A91D63C-F74C-442C-A273-C96EE0F7C3C1}: Das Datenbankmodul initiiert Schritte zur Wiederherstellung.\"",
          "version": "0",
          "systemTime": "2026-05-26T05:50:01.0564352Z",
          "eventRecordID": "497431",
          "threadID": "0",
          "computer": "SWE09.arzw.local",
          "task": "3",
          "processID": "0",
          "severityValue": "INFORMATION",
          "providerName": "ESENT"
        }
      }
    },
    "rule": {
      "firedtimes": 6,
      "mail": false,
      "level": 3,
      "description": "The database engine is initiating recovery steps.",
      "groups": [
        "windows",
        "windows_application"
      ],
      "id": "60807"
    },
    "location": "EventChannel",
    "decoder": {
      "name": "windows_eventchannel"
    },
    "id": "1779774601.10645742",
    "timestamp": "2026-05-26T05:50:01.074+0000"
  },
  {
    "input": {
      "type": "log"
    },
    "agent": {
      "ip": "172.21.4.217",
      "name": "SWE09",
      "id": "080"
    },
    "manager": {
      "name": "wazuh.manager"
    },
    "data": {
      "win": {
        "eventdata": {
          "data": "Video.UI, 1296,P,98, {9A91D63C-F74C-442C-A273-C96EE0F7C3C1}:, 0, 10, 00, 19045, 0000"
        },
        "system": {
          "eventID": "102",
          "keywords": "0x80000000000000",
          "level": "4",
          "channel": "Application",
          "opcode": "0",
          "message": "\"Video.UI (1296,P,98) {9A91D63C-F74C-442C-A273-C96EE0F7C3C1}: Das Datenbankmodul (10.00.19045.0000) startet eine neue Instanz (0).\"",
          "version": "0",
          "systemTime": "2026-05-26T05:50:00.9470566Z",
          "eventRecordID": "497430",
          "threadID": "0",
          "computer": "SWE09.arzw.local",
          "task": "1",
          "processID": "0",
          "severityValue": "INFORMATION",
          "providerName": "ESENT"
        }
      }
    },
    "rule": {
      "firedtimes": 8,
      "mail": false,
      "level": 3,
      "description": "The database engine is starting a new instance.",
      "groups": [
        "windows",
        "windows_application"
      ],
      "id": "60805"
    },
    "location": "EventChannel",
    "decoder": {
      "name": "windows_eventchannel"
    },
    "id": "1779774600.10644308",
    "timestamp": "2026-05-26T05:50:00.971+0000"
  },
  {
    "input": {
      "type": "log"
    },
    "agent": {
      "ip": "172.21.4.217",
      "name": "SWE09",
      "id": "080"
    },
    "manager": {
      "name": "wazuh.manager"
    },
    "data": {
      "win": {
        "eventdata": {
          "data": "2126-05-02T05:45:11Z, RulesEngine"
        },
        "system": {
          "eventID": "16384",
          "eventSourceName": "Software Protection Platform Service",
          "keywords": "0x80000000000000",
          "providerGuid": "{E23B33B0-C8C9-472C-A5F9-F2BDFEA0F156}",
          "level": "4",
          "channel": "Application",
          "opcode": "0",
          "message": "\"Der Softwareschutzdienst wurde erfolgreich für den erneuten Start bei 2126-05-02T05:45:11Z geplant. Grund: RulesEngine.\"",
          "version": "0",
          "systemTime": "2026-05-26T05:45:11.7377812Z",
          "eventRecordID": "497429",
          "threadID": "0",
          "computer": "SWE09.arzw.local",
          "task": "0",
          "processID": "0",
          "severityValue": "INFORMATION",
          "providerName": "Microsoft-Windows-Security-SPP"
        }
      }
    },
    "rule": {
      "firedtimes": 104,
      "mail": false,
      "level": 3,
      "description": "Software protection service scheduled successfully.",
      "groups": [
        "windows",
        "windows_application"
      ],
      "id": "60642"
    },
    "location": "EventChannel",
    "decoder": {
      "name": "windows_eventchannel"
    },
    "id": "1779774311.10536813",
    "timestamp": "2026-05-26T05:45:11.756+0000"
  },
  {
    "input": {
      "type": "log"
    },
    "agent": {
      "ip": "172.21.4.217",
      "name": "SWE09",
      "id": "080"
    },
    "manager": {
      "name": "wazuh.manager"
    },
    "data": {
      "win": {
        "eventdata": {
          "data": "2126-05-02T05:40:36Z, RulesEngine"
        },
        "system": {
          "eventID": "16384",
          "eventSourceName": "Software Protection Platform Service",
          "keywords": "0x80000000000000",
          "providerGuid": "{E23B33B0-C8C9-472C-A5F9-F2BDFEA0F156}",
          "level": "4",
          "channel": "Application",
          "opcode": "0",
          "message": "\"Der Softwareschutzdienst wurde erfolgreich für den erneuten Start bei 2126-05-02T05:40:36Z geplant. Grund: RulesEngine.\"",
          "version": "0",
          "systemTime": "2026-05-26T05:40:36.7325066Z",
          "eventRecordID": "497427",
          "threadID": "0",
          "computer": "SWE09.arzw.local",
          "task": "0",
          "processID": "0",
          "severityValue": "INFORMATION",
          "providerName": "Microsoft-Windows-Security-SPP"
        }
      }
    },
    "rule": {
      "firedtimes": 94,
      "mail": false,
      "level": 3,
      "description": "Software protection service scheduled successfully.",
      "groups": [
        "windows",
        "windows_application"
      ],
      "id": "60642"
    },
    "location": "EventChannel",
    "decoder": {
      "name": "windows_eventchannel"
    },
    "id": "1779774036.10356667",
    "timestamp": "2026-05-26T05:40:36.762+0000"
  },
  {
    "input": {
      "type": "log"
    },
    "agent": {
      "ip": "172.21.4.217",
      "name": "SWE09",
      "id": "080"
    },
    "manager": {
      "name": "wazuh.manager"
    },
    "data": {
      "win": {
        "eventdata": {
          "binary": "2D20436F64653A2020434F525356434330303030303737342D2043616C6C3A2020434F525356434330303030303735362D205049443A202030303030313836302D205449443A202030303030363531362D20434D443A2020433A5C57494E444F57535C73797374656D33325C76737376632E6578652020202D20557365723A204E616D653A204E542D4155544F524954C4545C53595354454D2C205349443A532D312D352D313820"
        },
        "system": {
          "eventID": "8224",
          "keywords": "0x80000000000000",
          "level": "4",
          "channel": "Application",
          "opcode": "0",
          "message": "\"Der VSS-Dienst wird aufgrund eines Leerlaufzeitlimits heruntergefahren. \"",
          "version": "0",
          "systemTime": "2026-05-26T05:36:19.8768170Z",
          "eventRecordID": "497425",
          "threadID": "0",
          "computer": "SWE09.arzw.local",
          "task": "0",
          "processID": "0",
          "severityValue": "INFORMATION",
          "providerName": "VSS"
        }
      }
    },
    "rule": {
      "firedtimes": 4,
      "mail": false,
      "level": 5,
      "description": "The VSS service is shutting down due to idle timeout.",
      "groups": [
        "windows",
        "windows_application"
      ],
      "id": "60702"
    },
    "location": "EventChannel",
    "decoder": {
      "name": "windows_eventchannel"
    },
    "id": "1779773779.10155636",
    "timestamp": "2026-05-26T05:36:19.944+0000"
  },
  {
    "input": {
      "type": "log"
    },
    "agent": {
      "ip": "172.21.4.217",
      "name": "SWE09",
      "id": "080"
    },
    "manager": {
      "name": "wazuh.manager"
    },
    "data": {
      "win": {
        "eventdata": {
          "data": "2126-05-02T05:35:09Z, RulesEngine"
        },
        "system": {
          "eventID": "16384",
          "eventSourceName": "Software Protection Platform Service",
          "keywords": "0x80000000000000",
          "providerGuid": "{E23B33B0-C8C9-472C-A5F9-F2BDFEA0F156}",
          "level": "4",
          "channel": "Application",
          "opcode": "0",
          "message": "\"Der Softwareschutzdienst wurde erfolgreich für den erneuten Start bei 2126-05-02T05:35:09Z geplant. Grund: RulesEngine.\"",
          "version": "0",
          "systemTime": "2026-05-26T05:35:09.7714041Z",
          "eventRecordID": "497424",
          "threadID": "0",
          "computer": "SWE09.arzw.local",
          "task": "0",
          "processID": "0",
          "severityValue": "INFORMATION",
          "providerName": "Microsoft-Windows-Security-SPP"
        }
      }
    },
    "rule": {
      "firedtimes": 81,
      "mail": false,
      "level": 3,
      "description": "Software protection service scheduled successfully.",
      "groups": [
        "windows",
        "windows_application"
      ],
      "id": "60642"
    },
    "location": "EventChannel",
    "decoder": {
      "name": "windows_eventchannel"
    },
    "id": "1779773709.10070225",
    "timestamp": "2026-05-26T05:35:09.822+0000"
  },
  {
    "input": {
      "type": "log"
    },
    "agent": {
      "ip": "172.21.4.217",
      "name": "SWE09",
      "id": "080"
    },
    "manager": {
      "name": "wazuh.manager"
    },
    "data": {
      "win": {
        "eventdata": {
          "data": "C:\\\\WINDOWS\\\\system32\\\\srtasks.exe ExecuteScheduledSPPCreation, Geplanter Prüfpunkt, 0x80070422",
          "binary": "220407805F020000490200005702000022CE28677C6DDA79E28C1C000000000000000000"
        },
        "system": {
          "eventID": "8193",
          "keywords": "0x80000000000000",
          "level": "2",
          "channel": "Application",
          "opcode": "0",
          "message": "\"Fehler beim Erstellen des Wiederherstellungspunkts (Prozess = C:\\WINDOWS\\system32\\srtasks.exe ExecuteScheduledSPPCreation; Beschreibung = Geplanter Prüfpunkt; Fehler = 0x80070422).\"",
          "version": "0",
          "systemTime": "2026-05-26T05:33:19.8456499Z",
          "eventRecordID": "497417",
          "threadID": "0",
          "computer": "SWE09.arzw.local",
          "task": "0",
          "processID": "0",
          "severityValue": "ERROR",
          "providerName": "System Restore"
        }
      }
    },
    "rule": {
      "firedtimes": 59,
      "mail": false,
      "level": 9,
      "description": "Windows application error event.",
      "groups": [
        "windows",
        "windows_application",
        "system_error"
      ],
      "id": "60602",
      "gdpr": [
        "IV_35.7.d"
      ],
      "gpg13": [
        "4.3"
      ]
    },
    "location": "EventChannel",
    "decoder": {
      "name": "windows_eventchannel"
    },
    "id": "1779773599.9968837",
    "timestamp": "2026-05-26T05:33:19.917+0000"
  },
  {
    "input": {
      "type": "log"
    },
    "agent": {
      "ip": "172.21.4.217",
      "name": "SWE09",
      "id": "080"
    },
    "manager": {
      "name": "wazuh.manager"
    },
    "data": {
      "win": {
        "eventdata": {
          "data": "2126-05-02T05:32:45Z, RulesEngine"
        },
        "system": {
          "eventID": "16384",
          "eventSourceName": "Software Protection Platform Service",
          "keywords": "0x80000000000000",
          "providerGuid": "{E23B33B0-C8C9-472C-A5F9-F2BDFEA0F156}",
          "level": "4",
          "channel": "Application",
          "opcode": "0",
          "message": "\"Der Softwareschutzdienst wurde erfolgreich für den erneuten Start bei 2126-05-02T05:32:45Z geplant. Grund: RulesEngine.\"",
          "version": "0",
          "systemTime": "2026-05-26T05:32:45.4135491Z",
          "eventRecordID": "497413",
          "threadID": "0",
          "computer": "SWE09.arzw.local",
          "task": "0",
          "processID": "0",
          "severityValue": "INFORMATION",
          "providerName": "Microsoft-Windows-Security-SPP"
        }
      }
    },
    "rule": {
      "firedtimes": 74,
      "mail": false,
      "level": 3,
      "description": "Software protection service scheduled successfully.",
      "groups": [
        "windows",
        "windows_application"
      ],
      "id": "60642"
    },
    "location": "EventChannel",
    "decoder": {
      "name": "windows_eventchannel"
    },
    "id": "1779773565.9940528",
    "timestamp": "2026-05-26T05:32:45.477+0000"
  },
  {
    "input": {
      "type": "log"
    },
    "agent": {
      "ip": "172.21.4.217",
      "name": "SWE09",
      "id": "080"
    },
    "manager": {
      "name": "wazuh.manager"
    },
    "data": {
      "win": {
        "eventdata": {
          "param3": "Manuell starten",
          "param4": "BITS",
          "param1": "Background Intelligent Transfer Service",
          "param2": "Automatisch starten"
        },
        "system": {
          "eventID": "7040",
          "eventSourceName": "Service Control Manager",
          "keywords": "0x8080000000000000",
          "providerGuid": "{555908d1-a6d7-4695-8e1e-26931d2012f4}",
          "level": "4",
          "channel": "System",
          "opcode": "0",
          "message": "\"Der Starttyp des Diensts \"Background Intelligent Transfer Service\" wurde von Automatisch starten in Manuell starten geändert.\"",
          "version": "0",
          "systemTime": "2026-05-26T05:32:03.3435868Z",
          "eventRecordID": "306144",
          "threadID": "7536",
          "computer": "SWE09.arzw.local",
          "task": "0",
          "processID": "856",
          "severityValue": "INFORMATION",
          "providerName": "Service Control Manager"
        }
      }
    },
    "rule": {
      "firedtimes": 47,
      "mail": false,
      "level": 3,
      "pci_dss": [
        "10.6"
      ],
      "hipaa": [
        "164.312.b"
      ],
      "tsc": [
        "CC6.1",
        "CC6.8",
        "CC7.2",
        "CC7.3"
      ],
      "description": "Service startup type was changed",
      "groups": [
        "windows",
        "windows_system",
        "policy_changed"
      ],
      "id": "61104",
      "nist_800_53": [
        "AU.6"
      ],
      "info": "This does not appear to be logged on Windows 2000",
      "gdpr": [
        "IV_35.7.d"
      ]
    },
    "location": "EventChannel",
    "decoder": {
      "name": "windows_eventchannel"
    },
    "id": "1779773523.9909560",
    "timestamp": "2026-05-26T05:32:03.799+0000"
  },
  {
    "input": {
      "type": "log"
    },
    "agent": {
      "ip": "172.21.4.217",
      "name": "SWE09",
      "id": "080"
    },
    "manager": {
      "name": "wazuh.manager"
    },
    "data": {
      "win": {
        "eventdata": {
          "param3": "Manuell starten",
          "param4": "TrustedInstaller",
          "param1": "Windows Modules Installer",
          "param2": "Automatisch starten"
        },
        "system": {
          "eventID": "7040",
          "eventSourceName": "Service Control Manager",
          "keywords": "0x8080000000000000",
          "providerGuid": "{555908d1-a6d7-4695-8e1e-26931d2012f4}",
          "level": "4",
          "channel": "System",
          "opcode": "0",
          "message": "\"Der Starttyp des Diensts \"Windows Modules Installer\" wurde von Automatisch starten in Manuell starten geändert.\"",
          "version": "0",
          "systemTime": "2026-05-26T05:31:33.9571628Z",
          "eventRecordID": "306078",
          "threadID": "9780",
          "computer": "SWE09.arzw.local",
          "task": "0",
          "processID": "856",
          "severityValue": "INFORMATION",
          "providerName": "Service Control Manager"
        }
      }
    },
    "rule": {
      "firedtimes": 46,
      "mail": false,
      "level": 3,
      "pci_dss": [
        "10.6"
      ],
      "hipaa": [
        "164.312.b"
      ],
      "tsc": [
        "CC6.1",
        "CC6.8",
        "CC7.2",
        "CC7.3"
      ],
      "description": "Service startup type was changed",
      "groups": [
        "windows",
        "windows_system",
        "policy_changed"
      ],
      "id": "61104",
      "nist_800_53": [
        "AU.6"
      ],
      "info": "This does not appear to be logged on Windows 2000",
      "gdpr": [
        "IV_35.7.d"
      ]
    },
    "location": "EventChannel",
    "decoder": {
      "name": "windows_eventchannel"
    },
    "id": "1779773494.9835060",
    "timestamp": "2026-05-26T05:31:34.286+0000"
  },
  {
    "input": {
      "type": "log"
    },
    "agent": {
      "ip": "172.21.4.217",
      "name": "SWE09",
      "id": "080"
    },
    "manager": {
      "name": "wazuh.manager"
    },
    "data": {
      "win": {
        "eventdata": {
          "param3": "Automatisch starten",
          "param4": "TrustedInstaller",
          "param1": "Windows Modules Installer",
          "param2": "Manuell starten"
        },
        "system": {
          "eventID": "7040",
          "eventSourceName": "Service Control Manager",
          "keywords": "0x8080000000000000",
          "providerGuid": "{555908d1-a6d7-4695-8e1e-26931d2012f4}",
          "level": "4",
          "channel": "System",
          "opcode": "0",
          "message": "\"Der Starttyp des Diensts \"Windows Modules Installer\" wurde von Manuell starten in Automatisch starten geändert.\"",
          "version": "0",
          "systemTime": "2026-05-26T05:31:33.5739416Z",
          "eventRecordID": "306076",
          "threadID": "9780",
          "computer": "SWE09.arzw.local",
          "task": "0",
          "processID": "856",
          "severityValue": "INFORMATION",
          "providerName": "Service Control Manager"
        }
      }
    },
    "rule": {
      "firedtimes": 45,
      "mail": false,
      "level": 3,
      "pci_dss": [
        "10.6"
      ],
      "hipaa": [
        "164.312.b"
      ],
      "tsc": [
        "CC6.1",
        "CC6.8",
        "CC7.2",
        "CC7.3"
      ],
      "description": "Service startup type was changed",
      "groups": [
        "windows",
        "windows_system",
        "policy_changed"
      ],
      "id": "61104",
      "nist_800_53": [
        "AU.6"
      ],
      "info": "This does not appear to be logged on Windows 2000",
      "gdpr": [
        "IV_35.7.d"
      ]
    },
    "location": "EventChannel",
    "decoder": {
      "name": "windows_eventchannel"
    },
    "id": "1779773494.9833214",
    "timestamp": "2026-05-26T05:31:34.286+0000"
  },
  {
    "input": {
      "type": "log"
    },
    "agent": {
      "ip": "172.21.4.217",
      "name": "SWE09",
      "id": "080"
    },
    "manager": {
      "name": "wazuh.manager"
    },
    "data": {
      "win": {
        "eventdata": {
          "param3": "Manuell starten",
          "param4": "TrustedInstaller",
          "param1": "Windows Modules Installer",
          "param2": "Automatisch starten"
        },
        "system": {
          "eventID": "7040",
          "eventSourceName": "Service Control Manager",
          "keywords": "0x8080000000000000",
          "providerGuid": "{555908d1-a6d7-4695-8e1e-26931d2012f4}",
          "level": "4",
          "channel": "System",
          "opcode": "0",
          "message": "\"Der Starttyp des Diensts \"Windows Modules Installer\" wurde von Automatisch starten in Manuell starten geändert.\"",
          "version": "0",
          "systemTime": "2026-05-26T05:31:33.1990288Z",
          "eventRecordID": "306075",
          "threadID": "9780",
          "computer": "SWE09.arzw.local",
          "task": "0",
          "processID": "856",
          "severityValue": "INFORMATION",
          "providerName": "Service Control Manager"
        }
      }
    },
    "rule": {
      "firedtimes": 44,
      "mail": false,
      "level": 3,
      "pci_dss": [
        "10.6"
      ],
      "hipaa": [
        "164.312.b"
      ],
      "tsc": [
        "CC6.1",
        "CC6.8",
        "CC7.2",
        "CC7.3"
      ],
      "description": "Service startup type was changed",
      "groups": [
        "windows",
        "windows_system",
        "policy_changed"
      ],
      "id": "61104",
      "nist_800_53": [
        "AU.6"
      ],
      "info": "This does not appear to be logged on Windows 2000",
      "gdpr": [
        "IV_35.7.d"
      ]
    },
    "location": "EventChannel",
    "decoder": {
      "name": "windows_eventchannel"
    },
    "id": "1779773494.9831368",
    "timestamp": "2026-05-26T05:31:34.255+0000"
  },
  {
    "input": {
      "type": "log"
    },
    "agent": {
      "ip": "172.21.4.217",
      "name": "SWE09",
      "id": "080"
    },
    "manager": {
      "name": "wazuh.manager"
    },
    "data": {
      "win": {
        "eventdata": {
          "param3": "Automatisch starten",
          "param4": "TrustedInstaller",
          "param1": "Windows Modules Installer",
          "param2": "Manuell starten"
        },
        "system": {
          "eventID": "7040",
          "eventSourceName": "Service Control Manager",
          "keywords": "0x8080000000000000",
          "providerGuid": "{555908d1-a6d7-4695-8e1e-26931d2012f4}",
          "level": "4",
          "channel": "System",
          "opcode": "0",
          "message": "\"Der Starttyp des Diensts \"Windows Modules Installer\" wurde von Manuell starten in Automatisch starten geändert.\"",
          "version": "0",
          "systemTime": "2026-05-26T05:31:31.9905072Z",
          "eventRecordID": "306074",
          "threadID": "10780",
          "computer": "SWE09.arzw.local",
          "task": "0",
          "processID": "856",
          "severityValue": "INFORMATION",
          "providerName": "Service Control Manager"
        }
      }
    },
    "rule": {
      "firedtimes": 43,
      "mail": false,
      "level": 3,
      "pci_dss": [
        "10.6"
      ],
      "hipaa": [
        "164.312.b"
      ],
      "tsc": [
        "CC6.1",
        "CC6.8",
        "CC7.2",
        "CC7.3"
      ],
      "description": "Service startup type was changed",
      "groups": [
        "windows",
        "windows_system",
        "policy_changed"
      ],
      "id": "61104",
      "nist_800_53": [
        "AU.6"
      ],
      "info": "This does not appear to be logged on Windows 2000",
      "gdpr": [
        "IV_35.7.d"
      ]
    },
    "location": "EventChannel",
    "decoder": {
      "name": "windows_eventchannel"
    },
    "id": "1779773493.9826965",
    "timestamp": "2026-05-26T05:31:33.052+0000"
  },
  {
    "input": {
      "type": "log"
    },
    "agent": {
      "ip": "172.21.4.217",
      "name": "SWE09",
      "id": "080"
    },
    "manager": {
      "name": "wazuh.manager"
    },
    "data": {
      "win": {
        "eventdata": {
          "data": "svchost, 13680,D,50, DS_Token_DB:, 1, C:\\\\WINDOWS\\\\system32\\\\config\\\\systemprofile\\\\AppData\\\\Local\\\\DataSharing\\\\Storage\\\\DSTokenDB2.dat, 0,  [1] 0.000003 +J(0) [2] 0.000593 -0.000351 (1) WT +J(0) +M(C:0K, Fs:17, WS:4K # 12K, PF:4K # 0K, P:4K) [3] 0.014318 -0.000363 (6) WT +J(CM:0, PgRf:0, Rd:0/0, Dy:0/0, Lg:3480/2) +M(C:0K, Fs:11, WS:40K # 0K, PF:36K # 0K, P:36K) [4] 0.003181 +J(0) [5] - [6] - [7] - [8] 0.000471 -0.000343 (2) CM -0.000250 (2) WT +J(CM:2, PgRf:2, Rd:4/2, Dy:0/0, Lg:54/1) +M(C:8K, Fs:4, WS:16K # 0K, PF:28K # 0K, P:28K) [9] 0.000784 -0.000593 (3) CM -0.000487 (3) WT +J(CM:3, PgRf:23, Rd:0/3, Dy:0/0, Lg:0/0) +M(C:0K, Fs:27, WS:100K # 96K, PF:196K # 204K, P:196K) [10] 0.000332 -0.000238 (2) CM -0.000188 (2) WT +J(CM:2, PgRf:40, Rd:0/2, Dy:0/0, Lg:0/0) +M(C:0K, Fs:1, WS:4K # 0K, PF:64K # 56K, P:64K) [11] 0.000011 +J(CM:0, PgRf:1, Rd:0/0, Dy:0/0, Lg:0/0) +M(C:0K, Fs:2, WS:8K # 8K, PF:0K # 0K, P:0K) [12] 0.000041 +J(CM:0, PgRf:42, Rd:0/0, Dy:0/0, Lg:0/0) +M(C:0K, Fs:6, WS:24K # 24K, PF:0K # 0K, P:0K) [13] 0.0 +J(0) [14] 0.0 +J(0) [15] 0.000005 +J(CM:0, PgRf:1, Rd:0/0, Dy:0/0, Lg:0/0)., 1 0, lgposAttach = 00000039:0005:0268, dbv = 1568.110.240"
        },
        "system": {
          "eventID": "326",
          "keywords": "0x80000000000000",
          "level": "4",
          "channel": "Application",
          "opcode": "0",
          "message": "\"svchost (13680,D,50) DS_Token_DB: The database engine attached a database (1, C:\\WINDOWS\\system32\\config\\systemprofile\\AppData\\Local\\DataSharing\\Storage\\DSTokenDB2.dat). (Time=0 seconds) \r\n \r\nSaved Cache: 1 0 \r\nAdditional Data: lgposAttach = 00000039:0005:0268,\ndbv = 1568.110.240 \r\n \r\nInternal Timing Sequence: \n[1] 0.000003 +J(0)\n[2] 0.000593 -0.000351 (1) WT +J(0) +M(C:0K, Fs:17, WS:4K # 12K, PF:4K # 0K, P:4K)\n[3] 0.014318 -0.000363 (6) WT +J(CM:0, PgRf:0, Rd:0/0, Dy:0/0, Lg:3480/2) +M(C:0K, Fs:11, WS:40K # 0K, PF:36K # 0K, P:36K)\n[4] 0.003181 +J(0)\n[5] -\n[6] -\n[7] -\n[8] 0.000471 -0.000343 (2) CM -0.000250 (2) WT +J(CM:2, PgRf:2, Rd:4/2, Dy:0/0, Lg:54/1) +M(C:8K, Fs:4, WS:16K # 0K, PF:28K # 0K, P:28K)\n[9] 0.000784 -0.000593 (3) CM -0.000487 (3) WT +J(CM:3, PgRf:23, Rd:0/3, Dy:0/0, Lg:0/0) +M(C:0K, Fs:27, WS:100K # 96K, PF:196K # 204K, P:196K)\n[10] 0.000332 -0.000238 (2) CM -0.000188 (2) WT +J(CM:2, PgRf:40, Rd:0/2, Dy:0/0, Lg:0/0) +M(C:0K, Fs:1, WS:4K # 0K, PF:64K # 56K, P:64K)\n[11] 0.000011 +J(CM:0, PgRf:1, Rd:0/0, Dy:0/0, Lg:0/0) +M(C:0K, Fs:2, WS:8K # 8K, PF:0K # 0K, P:0K)\n[12] 0.000041 +J(CM:0, PgRf:42, Rd:0/0, Dy:0/0, Lg:0/0) +M(C:0K, Fs:6, WS:24K # 24K, PF:0K # 0K, P:0K)\n[13] 0.0 +J(0)\n[14] 0.0 +J(0)\n[15] 0.000005 +J(CM:0, PgRf:1, Rd:0/0, Dy:0/0, Lg:0/0).\"",
          "version": "0",
          "systemTime": "2026-05-26T05:31:32.2716900Z",
          "eventRecordID": "497412",
          "threadID": "0",
          "computer": "SWE09.arzw.local",
          "task": "1",
          "processID": "0",
          "severityValue": "INFORMATION",
          "providerName": "ESENT"
        }
      }
    },
    "rule": {
      "firedtimes": 6,
      "mail": false,
      "level": 3,
      "description": "The database engine attached a database.",
      "groups": [
        "windows",
        "windows_application"
      ],
      "id": "60798"
    },
    "location": "EventChannel",
    "decoder": {
      "name": "windows_eventchannel"
    },
    "id": "1779773492.9821008",
    "timestamp": "2026-05-26T05:31:32.335+0000"
  },
  {
    "input": {
      "type": "log"
    },
    "agent": {
      "ip": "172.21.4.217",
      "name": "SWE09",
      "id": "080"
    },
    "manager": {
      "name": "wazuh.manager"
    },
    "data": {
      "win": {
        "eventdata": {
          "data": "svchost, 13680,U,98, DS_Token_DB:"
        },
        "system": {
          "eventID": "302",
          "keywords": "0x80000000000000",
          "level": "4",
          "channel": "Application",
          "opcode": "0",
          "message": "\"svchost (13680,U,98) DS_Token_DB: Das Datenbankmodul hat erfolgreich die Schritte zur Wiederherstellung abgeschlossen.\"",
          "version": "0",
          "systemTime": "2026-05-26T05:31:32.1935835Z",
          "eventRecordID": "497410",
          "threadID": "0",
          "computer": "SWE09.arzw.local",
          "task": "3",
          "processID": "0",
          "severityValue": "INFORMATION",
          "providerName": "ESENT"
        }
      }
    },
    "rule": {
      "firedtimes": 4,
      "mail": false,
      "level": 3,
      "description": "The database engine has completed recovery steps.",
      "groups": [
        "windows",
        "windows_application"
      ],
      "id": "60809"
    },
    "location": "EventChannel",
    "decoder": {
      "name": "windows_eventchannel"
    },
    "id": "1779773492.9819697",
    "timestamp": "2026-05-26T05:31:32.252+0000"
  },
  {
    "input": {
      "type": "log"
    },
    "agent": {
      "ip": "172.21.4.217",
      "name": "SWE09",
      "id": "080"
    },
    "manager": {
      "name": "wazuh.manager"
    },
    "data": {
      "win": {
        "eventdata": {
          "data": "svchost, 13680,R,98, DS_Token_DB:, C:\\\\WINDOWS\\\\system32\\\\config\\\\systemprofile\\\\AppData\\\\Local\\\\DataSharing\\\\Storage\\\\DSS00038.log,  [1] 0.005238 -0.001353 (4) WT +J(CM:0, PgRf:0, Rd:0/0, Dy:0/0, Lg:52754/37) +M(C:0K, Fs:74, WS:92K # 104K, PF:4K # 4K, P:4K)., ShutDown, 4"
        },
        "system": {
          "eventID": "301",
          "keywords": "0x80000000000000",
          "level": "4",
          "channel": "Application",
          "opcode": "0",
          "message": "\"svchost (13680,R,98) DS_Token_DB: The database engine has finished replaying logfile C:\\WINDOWS\\system32\\config\\systemprofile\\AppData\\Local\\DataSharing\\Storage\\DSS00038.log. \r\n \r\nProcessing Stats: \n[1] 0.005238 -0.001353 (4) WT +J(CM:0, PgRf:0, Rd:0/0, Dy:0/0, Lg:52754/37) +M(C:0K, Fs:74, WS:92K # 104K, PF:4K # 4K, P:4K). \r\nLog record of type 'ShutDown ' was seen most frequently (4 times)\"",
          "version": "0",
          "systemTime": "2026-05-26T05:31:32.1310987Z",
          "eventRecordID": "497408",
          "threadID": "0",
          "computer": "SWE09.arzw.local",
          "task": "3",
          "processID": "0",
          "severityValue": "INFORMATION",
          "providerName": "ESENT"
        }
      }
    },
    "rule": {
      "firedtimes": 5,
      "mail": false,
      "level": 3,
      "description": "The database engine is replaying log file C:\\Winnt\\system32\\wins\\j50.log.",
      "groups": [
        "windows",
        "windows_application"
      ],
      "id": "60808"
    },
    "location": "EventChannel",
    "decoder": {
      "name": "windows_eventchannel"
    },
    "id": "1779773492.9814915",
    "timestamp": "2026-05-26T05:31:32.211+0000"
  },
  {
    "input": {
      "type": "log"
    },
    "agent": {
      "ip": "172.21.4.217",
      "name": "SWE09",
      "id": "080"
    },
    "manager": {
      "name": "wazuh.manager"
    },
    "data": {
      "win": {
        "eventdata": {
          "data": "svchost, 13680,R,98, DS_Token_DB:"
        },
        "system": {
          "eventID": "300",
          "keywords": "0x80000000000000",
          "level": "4",
          "channel": "Application",
          "opcode": "0",
          "message": "\"svchost (13680,R,98) DS_Token_DB: Das Datenbankmodul initiiert Schritte zur Wiederherstellung.\"",
          "version": "0",
          "systemTime": "2026-05-26T05:31:32.1310987Z",
          "eventRecordID": "497407",
          "threadID": "0",
          "computer": "SWE09.arzw.local",
          "task": "3",
          "processID": "0",
          "severityValue": "INFORMATION",
          "providerName": "ESENT"
        }
      }
    },
    "rule": {
      "firedtimes": 4,
      "mail": false,
      "level": 3,
      "description": "The database engine is initiating recovery steps.",
      "groups": [
        "windows",
        "windows_application"
      ],
      "id": "60807"
    },
    "location": "EventChannel",
    "decoder": {
      "name": "windows_eventchannel"
    },
    "id": "1779773492.9813652",
    "timestamp": "2026-05-26T05:31:32.211+0000"
  },
  {
    "input": {
      "type": "log"
    },
    "agent": {
      "ip": "172.21.4.217",
      "name": "SWE09",
      "id": "080"
    },
    "manager": {
      "name": "wazuh.manager"
    },
    "data": {
      "win": {
        "eventdata": {
          "data": "svchost, 13680,R,98, DS_Token_DB:, C:\\\\WINDOWS\\\\system32\\\\config\\\\systemprofile\\\\AppData\\\\Local\\\\DataSharing\\\\Storage\\\\DSS.log,  [1] 0.012120 -0.000904 (6) WT +J(CM:0, PgRf:0, Rd:0/0, Dy:0/0, Lg:8112/6) +M(C:0K, Fs:51, WS:124K # 100K, PF:156K # 92K, P:156K)., AttachDB, 1"
        },
        "system": {
          "eventID": "301",
          "keywords": "0x80000000000000",
          "level": "4",
          "channel": "Application",
          "opcode": "0",
          "message": "\"svchost (13680,R,98) DS_Token_DB: The database engine has finished replaying logfile C:\\WINDOWS\\system32\\config\\systemprofile\\AppData\\Local\\DataSharing\\Storage\\DSS.log. \r\n \r\nProcessing Stats: \n[1] 0.012120 -0.000904 (6) WT +J(CM:0, PgRf:0, Rd:0/0, Dy:0/0, Lg:8112/6) +M(C:0K, Fs:51, WS:124K # 100K, PF:156K # 92K, P:156K). \r\nLog record of type 'AttachDB ' was seen most frequently (1 times)\"",
          "version": "0",
          "systemTime": "2026-05-26T05:31:32.1623404Z",
          "eventRecordID": "497409",
          "threadID": "0",
          "computer": "SWE09.arzw.local",
          "task": "3",
          "processID": "0",
          "severityValue": "INFORMATION",
          "providerName": "ESENT"
        }
      }
    },
    "rule": {
      "firedtimes": 6,
      "mail": false,
      "level": 3,
      "description": "The database engine is replaying log file C:\\Winnt\\system32\\wins\\j50.log.",
      "groups": [
        "windows",
        "windows_application"
      ],
      "id": "60808"
    },
    "location": "EventChannel",
    "decoder": {
      "name": "windows_eventchannel"
    },
    "id": "1779773492.9817308",
    "timestamp": "2026-05-26T05:31:32.211+0000"
  },
  {
    "input": {
      "type": "log"
    },
    "agent": {
      "ip": "172.21.4.217",
      "name": "SWE09",
      "id": "080"
    },
    "manager": {
      "name": "wazuh.manager"
    },
    "data": {
      "win": {
        "eventdata": {
          "data": "svchost, 13680,P,98, DS_Token_DB:, 0, 10, 00, 19045, 0000"
        },
        "system": {
          "eventID": "102",
          "keywords": "0x80000000000000",
          "level": "4",
          "channel": "Application",
          "opcode": "0",
          "message": "\"svchost (13680,P,98) DS_Token_DB: Das Datenbankmodul (10.00.19045.0000) startet eine neue Instanz (0).\"",
          "version": "0",
          "systemTime": "2026-05-26T05:31:32.1154769Z",
          "eventRecordID": "497406",
          "threadID": "0",
          "computer": "SWE09.arzw.local",
          "task": "1",
          "processID": "0",
          "severityValue": "INFORMATION",
          "providerName": "ESENT"
        }
      }
    },
    "rule": {
      "firedtimes": 6,
      "mail": false,
      "level": 3,
      "description": "The database engine is starting a new instance.",
      "groups": [
        "windows",
        "windows_application"
      ],
      "id": "60805"
    },
    "location": "EventChannel",
    "decoder": {
      "name": "windows_eventchannel"
    },
    "id": "1779773492.9812327",
    "timestamp": "2026-05-26T05:31:32.177+0000"
  },
  {
    "input": {
      "type": "log"
    },
    "agent": {
      "ip": "172.21.4.217",
      "name": "SWE09",
      "id": "080"
    },
    "manager": {
      "name": "wazuh.manager"
    },
    "data": {
      "win": {
        "eventdata": {
          "data": "2126-05-02T05:30:39Z, RulesEngine"
        },
        "system": {
          "eventID": "16384",
          "eventSourceName": "Software Protection Platform Service",
          "keywords": "0x80000000000000",
          "providerGuid": "{E23B33B0-C8C9-472C-A5F9-F2BDFEA0F156}",
          "level": "4",
          "channel": "Application",
          "opcode": "0",
          "message": "\"Der Softwareschutzdienst wurde erfolgreich für den erneuten Start bei 2126-05-02T05:30:39Z geplant. Grund: RulesEngine.\"",
          "version": "0",
          "systemTime": "2026-05-26T05:30:39.8771580Z",
          "eventRecordID": "497404",
          "threadID": "0",
          "computer": "SWE09.arzw.local",
          "task": "0",
          "processID": "0",
          "severityValue": "INFORMATION",
          "providerName": "Microsoft-Windows-Security-SPP"
        }
      }
    },
    "rule": {
      "firedtimes": 72,
      "mail": false,
      "level": 3,
      "description": "Software protection service scheduled successfully.",
      "groups": [
        "windows",
        "windows_application"
      ],
      "id": "60642"
    },
    "location": "EventChannel",
    "decoder": {
      "name": "windows_eventchannel"
    },
    "id": "1779773439.9748609",
    "timestamp": "2026-05-26T05:30:39.929+0000"
  },
  {
    "input": {
      "type": "log"
    },
    "agent": {
      "ip": "172.21.4.217",
      "name": "SWE09",
      "id": "080"
    },
    "manager": {
      "name": "wazuh.manager"
    },
    "data": {
      "win": {
        "eventdata": {
          "param3": "Automatisch starten",
          "param4": "BITS",
          "param1": "Background Intelligent Transfer Service",
          "param2": "Manuell starten"
        },
        "system": {
          "eventID": "7040",
          "eventSourceName": "Service Control Manager",
          "keywords": "0x8080000000000000",
          "providerGuid": "{555908d1-a6d7-4695-8e1e-26931d2012f4}",
          "level": "4",
          "channel": "System",
          "opcode": "0",
          "message": "\"Der Starttyp des Diensts \"Background Intelligent Transfer Service\" wurde von Manuell starten in Automatisch starten geändert.\"",
          "version": "0",
          "systemTime": "2026-05-26T05:29:58.6129028Z",
          "eventRecordID": "306072",
          "threadID": "10780",
          "computer": "SWE09.arzw.local",
          "task": "0",
          "processID": "856",
          "severityValue": "INFORMATION",
          "providerName": "Service Control Manager"
        }
      }
    },
    "rule": {
      "firedtimes": 42,
      "mail": false,
      "level": 3,
      "pci_dss": [
        "10.6"
      ],
      "hipaa": [
        "164.312.b"
      ],
      "tsc": [
        "CC6.1",
        "CC6.8",
        "CC7.2",
        "CC7.3"
      ],
      "description": "Service startup type was changed",
      "groups": [
        "windows",
        "windows_system",
        "policy_changed"
      ],
      "id": "61104",
      "nist_800_53": [
        "AU.6"
      ],
      "info": "This does not appear to be logged on Windows 2000",
      "gdpr": [
        "IV_35.7.d"
      ]
    },
    "location": "EventChannel",
    "decoder": {
      "name": "windows_eventchannel"
    },
    "id": "1779773399.9704584",
    "timestamp": "2026-05-26T05:29:59.764+0000"
  },
  {
    "input": {
      "type": "log"
    },
    "agent": {
      "ip": "172.21.4.217",
      "name": "SWE09",
      "id": "080"
    },
    "manager": {
      "name": "wazuh.manager"
    },
    "data": {
      "win": {
        "eventdata": {
          "data": "2126-05-02T05:28:31Z, RulesEngine"
        },
        "system": {
          "eventID": "16384",
          "eventSourceName": "Software Protection Platform Service",
          "keywords": "0x80000000000000",
          "providerGuid": "{E23B33B0-C8C9-472C-A5F9-F2BDFEA0F156}",
          "level": "4",
          "channel": "Application",
          "opcode": "0",
          "message": "\"Der Softwareschutzdienst wurde erfolgreich für den erneuten Start bei 2126-05-02T05:28:31Z geplant. Grund: RulesEngine.\"",
          "version": "0",
          "systemTime": "2026-05-26T05:28:31.5768972Z",
          "eventRecordID": "497402",
          "threadID": "0",
          "computer": "SWE09.arzw.local",
          "task": "0",
          "processID": "0",
          "severityValue": "INFORMATION",
          "providerName": "Microsoft-Windows-Security-SPP"
        }
      }
    },
    "rule": {
      "firedtimes": 66,
      "mail": false,
      "level": 3,
      "description": "Software protection service scheduled successfully.",
      "groups": [
        "windows",
        "windows_application"
      ],
      "id": "60642"
    },
    "location": "EventChannel",
    "decoder": {
      "name": "windows_eventchannel"
    },
    "id": "1779773312.9653960",
    "timestamp": "2026-05-26T05:28:32.534+0000"
  },
  {
    "input": {
      "type": "log"
    },
    "agent": {
      "ip": "172.21.4.217",
      "name": "SWE09",
      "id": "080"
    },
    "manager": {
      "name": "wazuh.manager"
    },
    "data": {
      "win": {
        "eventdata": {
          "param3": "Manuell starten",
          "param4": "BITS",
          "param1": "Background Intelligent Transfer Service",
          "param2": "Automatisch starten"
        },
        "system": {
          "eventID": "7040",
          "eventSourceName": "Service Control Manager",
          "keywords": "0x8080000000000000",
          "providerGuid": "{555908d1-a6d7-4695-8e1e-26931d2012f4}",
          "level": "4",
          "channel": "System",
          "opcode": "0",
          "message": "\"Der Starttyp des Diensts \"Background Intelligent Transfer Service\" wurde von Automatisch starten in Manuell starten geändert.\"",
          "version": "0",
          "systemTime": "2026-05-26T05:27:09.7414680Z",
          "eventRecordID": "306069",
          "threadID": "9780",
          "computer": "SWE09.arzw.local",
          "task": "0",
          "processID": "856",
          "severityValue": "INFORMATION",
          "providerName": "Service Control Manager"
        }
      }
    },
    "rule": {
      "firedtimes": 37,
      "mail": false,
      "level": 3,
      "pci_dss": [
        "10.6"
      ],
      "hipaa": [
        "164.312.b"
      ],
      "tsc": [
        "CC6.1",
        "CC6.8",
        "CC7.2",
        "CC7.3"
      ],
      "description": "Service startup type was changed",
      "groups": [
        "windows",
        "windows_system",
        "policy_changed"
      ],
      "id": "61104",
      "nist_800_53": [
        "AU.6"
      ],
      "info": "This does not appear to be logged on Windows 2000",
      "gdpr": [
        "IV_35.7.d"
      ]
    },
    "location": "EventChannel",
    "decoder": {
      "name": "windows_eventchannel"
    },
    "id": "1779773232.9038426",
    "timestamp": "2026-05-26T05:27:12.429+0000"
  },
  {
    "input": {
      "type": "log"
    },
    "agent": {
      "ip": "172.21.4.217",
      "name": "SWE09",
      "id": "080"
    },
    "manager": {
      "name": "wazuh.manager"
    },
    "data": {
      "win": {
        "eventdata": {
          "bucketId": "4c11834726f2fe5e6325e7ab6241e936135d324e91545abab1f9672edb0361f1",
          "deviceAttributes": "BaseBoardManufacturer:Gigabyte Technology Co., Ltd.;FirmwareManufacturer:American Megatrends International, LLC.;FirmwareVersion:F6;OEMModelNumber:H510M S2H V2;OEMModelBaseBoard:H510M S2H V2;OEMModelSystemFamily:H510 MB;OEMManufacturerName:Gigabyte Technology Co., Ltd.;OEMModelSKU:Default string;OSArchitecture:amd64;",
          "updateType": "0",
          "hResult": "0"
        },
        "system": {
          "eventID": "1801",
          "keywords": "0x8000000000000000",
          "providerGuid": "{7d5387b0-cbe0-11da-a94d-0800200c9a66}",
          "level": "2",
          "channel": "System",
          "opcode": "0",
          "message": "\"Die Zertifizierungsstelle/Schlüssel für den sicheren Start müssen aktualisiert werden. Diese Gerätesignaturinformationen sind hier enthalten.\r\nDeviceAttributes: BaseBoardManufacturer:Gigabyte Technology Co., Ltd.;FirmwareManufacturer:American Megatrends International, LLC.;FirmwareVersion:F6;OEMModelNumber:H510M S2H V2;OEMModelBaseBoard:H510M S2H V2;OEMModelSystemFamily:H510 MB;OEMManufacturerName:Gigabyte Technology Co., Ltd.;OEMModelSKU:Default string;OSArchitecture:amd64;\r\nBucketId: 4c11834726f2fe5e6325e7ab6241e936135d324e91545abab1f9672edb0361f1\r\nBucketConfidenceLevel: \r\nUpdateType: 0\r\nHResult: Der Vorgang wurde erfolgreich beendet.\"",
          "version": "0",
          "systemTime": "2026-05-26T05:24:38.9533517Z",
          "eventRecordID": "306029",
          "threadID": "6516",
          "computer": "SWE09.arzw.local",
          "task": "0",
          "processID": "2128",
          "severityValue": "ERROR",
          "providerName": "Microsoft-Windows-TPM-WMI"
        }
      }
    },
    "rule": {
      "firedtimes": 35,
      "mail": false,
      "level": 5,
      "description": "Windows System error event",
      "groups": [
        "windows",
        "windows_system",
        "system_error"
      ],
      "id": "61102",
      "gpg13": [
        "4.3"
      ],
      "gdpr": [
        "IV_35.7.d"
      ]
    },
    "location": "EventChannel",
    "decoder": {
      "name": "windows_eventchannel"
    },
    "id": "1779773082.8873365",
    "timestamp": "2026-05-26T05:24:42.528+0000"
  },
  {
    "input": {
      "type": "log"
    },
    "agent": {
      "ip": "172.21.4.217",
      "name": "SWE09",
      "id": "080"
    },
    "manager": {
      "name": "wazuh.manager"
    },
    "data": {
      "win": {
        "eventdata": {
          "param3": "Automatisch starten",
          "param4": "BITS",
          "param1": "Background Intelligent Transfer Service",
          "param2": "Manuell starten"
        },
        "system": {
          "eventID": "7040",
          "eventSourceName": "Service Control Manager",
          "keywords": "0x8080000000000000",
          "providerGuid": "{555908d1-a6d7-4695-8e1e-26931d2012f4}",
          "level": "4",
          "channel": "System",
          "opcode": "0",
          "message": "\"Der Starttyp des Diensts \"Background Intelligent Transfer Service\" wurde von Manuell starten in Automatisch starten geändert.\"",
          "version": "0",
          "systemTime": "2026-05-26T05:24:38.6266887Z",
          "eventRecordID": "306028",
          "threadID": "10780",
          "computer": "SWE09.arzw.local",
          "task": "0",
          "processID": "856",
          "severityValue": "INFORMATION",
          "providerName": "Service Control Manager"
        }
      }
    },
    "rule": {
      "firedtimes": 33,
      "mail": false,
      "level": 3,
      "pci_dss": [
        "10.6"
      ],
      "hipaa": [
        "164.312.b"
      ],
      "tsc": [
        "CC6.1",
        "CC6.8",
        "CC7.2",
        "CC7.3"
      ],
      "description": "Service startup type was changed",
      "groups": [
        "windows",
        "windows_system",
        "policy_changed"
      ],
      "id": "61104",
      "nist_800_53": [
        "AU.6"
      ],
      "info": "This does not appear to be logged on Windows 2000",
      "gdpr": [
        "IV_35.7.d"
      ]
    },
    "location": "EventChannel",
    "decoder": {
      "name": "windows_eventchannel"
    },
    "id": "1779773082.8871485",
    "timestamp": "2026-05-26T05:24:42.512+0000"
  },
