  {
    "input": {
      "type": "log"
    },
    "agent": {
      "ip": "172.21.4.214",
      "name": "SWEMelanie",
      "id": "035"
    },
    "manager": {
      "name": "wazuh.manager"
    },
    "data": {
      "win": {
        "eventdata": {
          "param3": "Automatisch starten",
          "param4": "BITS",
          "param1": "Background Intelligent Transfer Service",
          "param2": "Manuell starten"
        },
        "system": {
          "eventID": "7040",
          "eventSourceName": "Service Control Manager",
          "keywords": "0x8080000000000000",
          "providerGuid": "{555908d1-a6d7-4695-8e1e-26931d2012f4}",
          "level": "4",
          "channel": "System",
          "opcode": "0",
          "message": "\"Der Starttyp des Diensts \"Background Intelligent Transfer Service\" wurde von Manuell starten in Automatisch starten geändert.\"",
          "version": "0",
          "systemTime": "2026-05-26T05:38:43.7175040Z",
          "eventRecordID": "26031",
          "threadID": "6988",
          "computer": "SWEMelanie.arzw.local",
          "task": "0",
          "processID": "940",
          "severityValue": "INFORMATION",
          "providerName": "Service Control Manager"
        }
      }
    },
    "rule": {
      "firedtimes": 60,
      "mail": false,
      "level": 3,
      "pci_dss": [
        "10.6"
      ],
      "hipaa": [
        "164.312.b"
      ],
      "tsc": [
        "CC6.1",
        "CC6.8",
        "CC7.2",
        "CC7.3"
      ],
      "description": "Service startup type was changed",
      "groups": [
        "windows",
        "windows_system",
        "policy_changed"
      ],
      "id": "61104",
      "nist_800_53": [
        "AU.6"
      ],
      "info": "This does not appear to be logged on Windows 2000",
      "gdpr": [
        "IV_35.7.d"
      ]
    },
    "location": "EventChannel",
    "decoder": {
      "name": "windows_eventchannel"
    },
    "id": "1779773924.10279211",
    "timestamp": "2026-05-26T05:38:44.750+0000"
  },
  {
    "input": {
      "type": "log"
    },
    "agent": {
      "ip": "172.21.4.214",
      "name": "SWEMelanie",
      "id": "035"
    },
    "manager": {
      "name": "wazuh.manager"
    },
    "data": {
      "vulnerability": {
        "severity": "High",
        "package": {
          "condition": "Package less than 1.6.00.18681",
          "name": "Microsoft Teams",
          "source": " ",
          "version": "1.4.00.19572",
          "architecture": " "
        },
        "assigner": "microsoft",
        "cwe_reference": "CWE-416",
        "published": "2023-08-08T18:15:11Z",
        "classification": "CVSS",
        "title": "CVE-2023-29330 affects Microsoft Teams",
        "type": "Packages",
        "rationale": "Microsoft Teams Remote Code Execution Vulnerability",
        "reference": "https://msrc.microsoft.com/update-guide/vulnerability/CVE-2023-29330",
        "score": {
          "version": "3.1",
          "base": "8.800000"
        },
        "cve": "CVE-2023-29330",
        "scanner": {
          "reference": "https://cti.wazuh.com/vulnerabilities/cves/CVE-2023-29330"
        },
        "enumeration": "CVE",
        "cvss": {
          "cvss3": {
            "base_score": "8.800000",
            "vector": {
              "user_interaction": "REQUIRED",
              "integrity_impact": "HIGH",
              "scope": "UNCHANGED",
              "availability": "HIGH",
              "confidentiality_impact": "HIGH",
              "attack_vector": "NETWORK",
              "privileges_required": "NONE"
            }
          }
        },
        "updated": "2024-11-21T07:56:52Z",
        "status": "Active"
      }
    },
    "rule": {
      "firedtimes": 5,
      "mail": false,
      "level": 10,
      "pci_dss": [
        "11.2.1",
        "11.2.3"
      ],
      "tsc": [
        "CC7.1",
        "CC7.2"
      ],
      "description": "CVE-2023-29330 affects Microsoft Teams",
      "groups": [
        "vulnerability-detector"
      ],
      "id": "23505",
      "gdpr": [
        "IV_35.7.d"
      ]
    },
    "location": "vulnerability-detector",
    "decoder": {
      "name": "json"
    },
    "id": "1779773690.10046414",
    "timestamp": "2026-05-26T05:34:50.670+0000"
  },
  {
    "input": {
      "type": "log"
    },
    "agent": {
      "ip": "172.21.4.214",
      "name": "SWEMelanie",
      "id": "035"
    },
    "manager": {
      "name": "wazuh.manager"
    },
    "data": {
      "vulnerability": {
        "severity": "High",
        "package": {
          "condition": "Package less than 25122.1415.3698.6812",
          "name": "Microsoft Teams",
          "source": " ",
          "version": "1.4.00.19572",
          "architecture": " "
        },
        "assigner": "microsoft",
        "cwe_reference": "CWE-122",
        "published": "2025-08-12T18:15:46Z",
        "classification": "CVSS",
        "title": "CVE-2025-53783 affects Microsoft Teams",
        "type": "Packages",
        "rationale": "Heap-based buffer overflow in Microsoft Teams allows an unauthorized attacker to execute code over a network.",
        "reference": "https://msrc.microsoft.com/update-guide/vulnerability/CVE-2025-53783",
        "score": {
          "version": "3.1",
          "base": "7.500000"
        },
        "cve": "CVE-2025-53783",
        "scanner": {
          "reference": "https://cti.wazuh.com/vulnerabilities/cves/CVE-2025-53783"
        },
        "enumeration": "CVE",
        "cvss": {
          "cvss3": {
            "base_score": "7.500000",
            "vector": {
              "user_interaction": "REQUIRED",
              "integrity_impact": "HIGH",
              "scope": "UNCHANGED",
              "availability": "HIGH",
              "confidentiality_impact": "HIGH",
              "attack_vector": "NETWORK",
              "privileges_required": "NONE"
            }
          }
        },
        "updated": "2025-09-03T14:48:23Z",
        "status": "Active"
      }
    },
    "rule": {
      "firedtimes": 4,
      "mail": false,
      "level": 10,
      "pci_dss": [
        "11.2.1",
        "11.2.3"
      ],
      "tsc": [
        "CC7.1",
        "CC7.2"
      ],
      "description": "CVE-2025-53783 affects Microsoft Teams",
      "groups": [
        "vulnerability-detector"
      ],
      "id": "23505",
      "gdpr": [
        "IV_35.7.d"
      ]
    },
    "location": "vulnerability-detector",
    "decoder": {
      "name": "json"
    },
    "id": "1779773690.10043689",
    "timestamp": "2026-05-26T05:34:50.660+0000"
  },
  {
    "input": {
      "type": "log"
    },
    "agent": {
      "ip": "172.21.4.214",
      "name": "SWEMelanie",
      "id": "035"
    },
    "manager": {
      "name": "wazuh.manager"
    },
    "data": {
      "vulnerability": {
        "severity": "High",
        "package": {
          "condition": "Package less than 1.6.00.26474",
          "name": "Microsoft Teams",
          "source": " ",
          "version": "1.4.00.19572",
          "architecture": " "
        },
        "assigner": "Chrome",
        "cwe_reference": "CWE-787",
        "published": "2023-09-12T15:15:24Z",
        "classification": "CVSS",
        "title": "CVE-2023-4863 affects Microsoft Teams",
        "type": "Packages",
        "rationale": "Heap buffer overflow in libwebp in Google Chrome prior to 116.0.5845.187 and libwebp 1.3.2 allowed a remote attacker to perform an out of bounds memory write via a crafted HTML page. (Chromium security severity: Critical)",
        "reference": "https://sethmlarson.dev/security-developer-in-residence-weekly-report-16, https://blog.isosceles.com/the-webp-0day/, https://news.ycombinator.com/item?id=37478403, https://stackdiary.com/critical-vulnerability-in-webp-codec-cve-2023-4863/, https://www.vicarius.io/vsociety/posts/zero-day-webp-vulnerability-cve-2023-4863, https://bugzilla.suse.com/show_bug.cgi?id=1215231, https://security-tracker.debian.org/tracker/CVE-2023-4863, https://crbug.com/1479274, http://www.openwall.com/lists/oss-security/2023/09/21/4, http://www.openwall.com/lists/oss-security/2023/09/22/1, http://www.openwall.com/lists/oss-security/2023/09/22/3, http://www.openwall.com/lists/oss-security/2023/09/22/4, http://www.openwall.com/lists/oss-security/2023/09/22/5, http://www.openwall.com/lists/oss-security/2023/09/22/6, http://www.openwall.com/lists/oss-security/2023/09/22/7, http://www.openwall.com/lists/oss-security/2023/09/22/8, http://www.openwall.com/lists/oss-security/2023/09/26/1, http://www.openwall.com/lists/oss-security/2023/09/26/7, http://www.openwall.com/lists/oss-security/2023/09/28/1, http://www.openwall.com/lists/oss-security/2023/09/28/2, http://www.openwall.com/lists/oss-security/2023/09/28/4, https://lists.fedoraproject.org/archives/list/package-announce@lists.fedoraproject.org/message/6T655QF7CQ3DYAMPFV7IECQYGDEUIVVT/, https://lists.fedoraproject.org/archives/list/package-announce@lists.fedoraproject.org/message/FYYKLG6CRGEDTNRBSU26EEWAO6D6U645/, https://lists.fedoraproject.org/archives/list/package-announce@lists.fedoraproject.org/message/KUQ7CTX3W372X3UY56VVNAHCH6H2F4X3/, https://lists.fedoraproject.org/archives/list/package-announce@lists.fedoraproject.org/message/OZDGWWMJREPAGKWCJKSCM4WYLANSKIFX/, https://lists.fedoraproject.org/archives/list/package-announce@lists.fedoraproject.org/message/PYZV7TMKF4QHZ54SFJX54BDN52VHGGCX/, https://lists.fedoraproject.org/archives/list/package-announce@lists.fedoraproject.org/message/WHOLML7N2G5KCAZXFWC5IDFFHSQS5SDB/, https://lists.fedoraproject.org/archives/list/package-announce@lists.fedoraproject.org/message/WTRUIS3564P7ZLM2S2IH4Y4KZ327LI4I/, https://www.debian.org/security/2023/dsa-5496, https://www.debian.org/security/2023/dsa-5497, https://lists.debian.org/debian-lts-announce/2023/09/msg00015.html, https://lists.debian.org/debian-lts-announce/2023/09/msg00016.html, https://lists.debian.org/debian-lts-announce/2023/09/msg00017.html, https://www.debian.org/security/2023/dsa-5498, https://github.com/webmproject/libwebp/commit/902bc9190331343b2017211debcec8d2ab87e17a, https://msrc.microsoft.com/update-guide/vulnerability/CVE-2023-4863, https://en.bandisoft.com/honeyview/history/, https://github.com/webmproject/libwebp/releases/tag/v1.3.2, https://adamcaudill.com/2023/09/14/whose-cve-is-it-anyway/, https://security.gentoo.org/glsa/202309-05, https://security.gentoo.org/glsa/202401-10, https://security.netapp.com/advisory/ntap-20230929-0011/, https://www.bentley.com/advisories/be-2023-0001/, https://www.bleepingcomputer.com/news/google/google-fixes-another-chrome-zero-day-bug-exploited-in-attacks/, https://www.mozilla.org/en-US/security/advisories/mfsa2023-40/, https://chromereleases.googleblog.com/2023/09/stable-channel-update-for-desktop_11.html, https://www.cisa.gov/known-exploited-vulnerabilities-catalog?field_cve=CVE-2023-4863",
        "score": {
          "version": "3.1",
          "base": "8.800000"
        },
        "cve": "CVE-2023-4863",
        "scanner": {
          "reference": "https://cti.wazuh.com/vulnerabilities/cves/CVE-2023-4863"
        },
        "enumeration": "CVE",
        "cvss": {
          "cvss3": {
            "base_score": "8.800000",
            "vector": {
              "user_interaction": "REQUIRED",
              "integrity_impact": "HIGH",
              "scope": "UNCHANGED",
              "availability": "HIGH",
              "confidentiality_impact": "HIGH",
              "attack_vector": "NETWORK",
              "privileges_required": "NONE"
            }
          }
        },
        "updated": "2025-10-24T14:07:28Z",
        "status": "Active"
      }
    },
    "rule": {
      "firedtimes": 3,
      "mail": false,
      "level": 10,
      "pci_dss": [
        "11.2.1",
        "11.2.3"
      ],
      "tsc": [
        "CC7.1",
        "CC7.2"
      ],
      "description": "CVE-2023-4863 affects Microsoft Teams",
      "groups": [
        "vulnerability-detector"
      ],
      "id": "23505",
      "gdpr": [
        "IV_35.7.d"
      ]
    },
    "location": "vulnerability-detector",
    "decoder": {
      "name": "json"
    },
    "id": "1779773690.10034267",
    "timestamp": "2026-05-26T05:34:50.650+0000"
  },
  {
    "input": {
      "type": "log"
    },
    "agent": {
      "ip": "172.21.4.214",
      "name": "SWEMelanie",
      "id": "035"
    },
    "manager": {
      "name": "wazuh.manager"
    },
    "data": {
      "vulnerability": {
        "severity": "Medium",
        "package": {
          "condition": "Package less than 2.10.1",
          "name": "Microsoft Teams",
          "source": " ",
          "version": "1.4.00.19572",
          "architecture": " "
        },
        "assigner": "microsoft",
        "cwe_reference": "CWE-200",
        "published": "2023-07-11T17:15:12Z",
        "classification": "CVSS",
        "title": "CVE-2023-24881 affects Microsoft Teams",
        "type": "Packages",
        "rationale": "Microsoft Teams Information Disclosure Vulnerability",
        "reference": "https://msrc.microsoft.com/update-guide/vulnerability/CVE-2023-24881",
        "score": {
          "version": "3.1",
          "base": "6.500000"
        },
        "cve": "CVE-2023-24881",
        "scanner": {
          "reference": "https://cti.wazuh.com/vulnerabilities/cves/CVE-2023-24881"
        },
        "enumeration": "CVE",
        "cvss": {
          "cvss3": {
            "base_score": "6.500000",
            "vector": {
              "user_interaction": "REQUIRED",
              "integrity_impact": "NONE",
              "scope": "UNCHANGED",
              "availability": "NONE",
              "confidentiality_impact": "HIGH",
              "attack_vector": "NETWORK",
              "privileges_required": "NONE"
            }
          }
        },
        "updated": "2024-11-21T07:48:42Z",
        "status": "Active"
      }
    },
    "rule": {
      "firedtimes": 2,
      "mail": false,
      "level": 7,
      "pci_dss": [
        "11.2.1",
        "11.2.3"
      ],
      "tsc": [
        "CC7.1",
        "CC7.2"
      ],
      "description": "CVE-2023-24881 affects Microsoft Teams",
      "groups": [
        "vulnerability-detector"
      ],
      "id": "23504",
      "gdpr": [
        "IV_35.7.d"
      ]
    },
    "location": "vulnerability-detector",
    "decoder": {
      "name": "json"
    },
    "id": "1779773690.10031681",
    "timestamp": "2026-05-26T05:34:50.640+0000"
  },
  {
    "input": {
      "type": "log"
    },
    "agent": {
      "ip": "172.21.4.214",
      "name": "SWEMelanie",
      "id": "035"
    },
    "manager": {
      "name": "wazuh.manager"
    },
    "data": {
      "vulnerability": {
        "severity": "High",
        "package": {
          "condition": "Package less than 1.6.00.18681",
          "name": "Microsoft Teams",
          "source": " ",
          "version": "1.4.00.19572",
          "architecture": " "
        },
        "assigner": "microsoft",
        "cwe_reference": "CWE-416",
        "published": "2023-08-08T18:15:11Z",
        "classification": "CVSS",
        "title": "CVE-2023-29328 affects Microsoft Teams",
        "type": "Packages",
        "rationale": "Microsoft Teams Remote Code Execution Vulnerability",
        "reference": "https://msrc.microsoft.com/update-guide/vulnerability/CVE-2023-29328",
        "score": {
          "version": "3.1",
          "base": "8.800000"
        },
        "cve": "CVE-2023-29328",
        "scanner": {
          "reference": "https://cti.wazuh.com/vulnerabilities/cves/CVE-2023-29328"
        },
        "enumeration": "CVE",
        "cvss": {
          "cvss3": {
            "base_score": "8.800000",
            "vector": {
              "user_interaction": "REQUIRED",
              "integrity_impact": "HIGH",
              "scope": "UNCHANGED",
              "availability": "HIGH",
              "confidentiality_impact": "HIGH",
              "attack_vector": "NETWORK",
              "privileges_required": "NONE"
            }
          }
        },
        "updated": "2024-11-21T07:56:52Z",
        "status": "Active"
      }
    },
    "rule": {
      "firedtimes": 2,
      "mail": false,
      "level": 10,
      "pci_dss": [
        "11.2.1",
        "11.2.3"
      ],
      "tsc": [
        "CC7.1",
        "CC7.2"
      ],
      "description": "CVE-2023-29328 affects Microsoft Teams",
      "groups": [
        "vulnerability-detector"
      ],
      "id": "23505",
      "gdpr": [
        "IV_35.7.d"
      ]
    },
    "location": "vulnerability-detector",
    "decoder": {
      "name": "json"
    },
    "id": "1779773690.10029088",
    "timestamp": "2026-05-26T05:34:50.630+0000"
  },
  {
    "input": {
      "type": "log"
    },
    "agent": {
      "ip": "172.21.4.214",
      "name": "SWEMelanie",
      "id": "035"
    },
    "manager": {
      "name": "wazuh.manager"
    },
    "data": {
      "win": {
        "eventdata": {
          "data": "2126-05-02T05:25:17Z, RulesEngine"
        },
        "system": {
          "eventID": "16384",
          "eventSourceName": "Software Protection Platform Service",
          "keywords": "0x80000000000000",
          "providerGuid": "{E23B33B0-C8C9-472C-A5F9-F2BDFEA0F156}",
          "level": "4",
          "channel": "Application",
          "opcode": "0",
          "message": "\"Der Softwareschutzdienst wurde erfolgreich für den erneuten Start bei 2126-05-02T05:25:17Z geplant. Grund: RulesEngine.\"",
          "version": "0",
          "systemTime": "2026-05-26T05:25:17.7313730Z",
          "eventRecordID": "35478",
          "threadID": "0",
          "computer": "SWEMelanie.arzw.local",
          "task": "0",
          "processID": "20216",
          "severityValue": "INFORMATION",
          "providerName": "Microsoft-Windows-Security-SPP"
        }
      }
    },
    "rule": {
      "firedtimes": 59,
      "mail": false,
      "level": 3,
      "description": "Software protection service scheduled successfully.",
      "groups": [
        "windows",
        "windows_application"
      ],
      "id": "60642"
    },
    "location": "EventChannel",
    "decoder": {
      "name": "windows_eventchannel"
    },
    "id": "1779773117.8907747",
    "timestamp": "2026-05-26T05:25:17.750+0000"
  },
  {
    "input": {
      "type": "log"
    },
    "agent": {
      "ip": "172.21.4.214",
      "name": "SWEMelanie",
      "id": "035"
    },
    "manager": {
      "name": "wazuh.manager"
    },
    "data": {
      "win": {
        "eventdata": {
          "data": "2126-05-02T05:16:13Z, RulesEngine"
        },
        "system": {
          "eventID": "16384",
          "eventSourceName": "Software Protection Platform Service",
          "keywords": "0x80000000000000",
          "providerGuid": "{E23B33B0-C8C9-472C-A5F9-F2BDFEA0F156}",
          "level": "4",
          "channel": "Application",
          "opcode": "0",
          "message": "\"Der Softwareschutzdienst wurde erfolgreich für den erneuten Start bei 2126-05-02T05:16:13Z geplant. Grund: RulesEngine.\"",
          "version": "0",
          "systemTime": "2026-05-26T05:16:13.1478467Z",
          "eventRecordID": "35475",
          "threadID": "0",
          "computer": "SWEMelanie.arzw.local",
          "task": "0",
          "processID": "20148",
          "severityValue": "INFORMATION",
          "providerName": "Microsoft-Windows-Security-SPP"
        }
      }
    },
    "rule": {
      "firedtimes": 33,
      "mail": false,
      "level": 3,
      "description": "Software protection service scheduled successfully.",
      "groups": [
        "windows",
        "windows_application"
      ],
      "id": "60642"
    },
    "location": "EventChannel",
    "decoder": {
      "name": "windows_eventchannel"
    },
    "id": "1779772573.8225235",
    "timestamp": "2026-05-26T05:16:13.168+0000"
  },
  {
    "input": {
      "type": "log"
    },
    "agent": {
      "ip": "172.21.4.214",
      "name": "SWEMelanie",
      "id": "035"
    },
    "manager": {
      "name": "wazuh.manager"
    },
    "data": {
      "win": {
        "eventdata": {
          "data": "2126-05-02T05:11:05Z, RulesEngine"
        },
        "system": {
          "eventID": "16384",
          "eventSourceName": "Software Protection Platform Service",
          "keywords": "0x80000000000000",
          "providerGuid": "{E23B33B0-C8C9-472C-A5F9-F2BDFEA0F156}",
          "level": "4",
          "channel": "Application",
          "opcode": "0",
          "message": "\"Der Softwareschutzdienst wurde erfolgreich für den erneuten Start bei 2126-05-02T05:11:05Z geplant. Grund: RulesEngine.\"",
          "version": "0",
          "systemTime": "2026-05-26T05:11:05.0439148Z",
          "eventRecordID": "35473",
          "threadID": "0",
          "computer": "SWEMelanie.arzw.local",
          "task": "0",
          "processID": "7660",
          "severityValue": "INFORMATION",
          "providerName": "Microsoft-Windows-Security-SPP"
        }
      }
    },
    "rule": {
      "firedtimes": 27,
      "mail": false,
      "level": 3,
      "description": "Software protection service scheduled successfully.",
      "groups": [
        "windows",
        "windows_application"
      ],
      "id": "60642"
    },
    "location": "EventChannel",
    "decoder": {
      "name": "windows_eventchannel"
    },
    "id": "1779772265.7152094",
    "timestamp": "2026-05-26T05:11:05.072+0000"
  },
  {
    "input": {
      "type": "log"
    },
    "agent": {
      "ip": "172.21.4.214",
      "name": "SWEMelanie",
      "id": "035"
    },
    "manager": {
      "name": "wazuh.manager"
    },
    "data": {
      "win": {
        "eventdata": {
          "data": "2126-05-02T04:59:43Z, RulesEngine"
        },
        "system": {
          "eventID": "16384",
          "eventSourceName": "Software Protection Platform Service",
          "keywords": "0x80000000000000",
          "providerGuid": "{E23B33B0-C8C9-472C-A5F9-F2BDFEA0F156}",
          "level": "4",
          "channel": "Application",
          "opcode": "0",
          "message": "\"Der Softwareschutzdienst wurde erfolgreich für den erneuten Start bei 2126-05-02T04:59:43Z geplant. Grund: RulesEngine.\"",
          "version": "0",
          "systemTime": "2026-05-26T04:59:43.3002327Z",
          "eventRecordID": "35471",
          "threadID": "0",
          "computer": "SWEMelanie.arzw.local",
          "task": "0",
          "processID": "16912",
          "severityValue": "INFORMATION",
          "providerName": "Microsoft-Windows-Security-SPP"
        }
      }
    },
    "rule": {
      "firedtimes": 94,
      "mail": false,
      "level": 3,
      "description": "Software protection service scheduled successfully.",
      "groups": [
        "windows",
        "windows_application"
      ],
      "id": "60642"
    },
    "location": "EventChannel",
    "decoder": {
      "name": "windows_eventchannel"
    },
    "id": "1779771583.6761504",
    "timestamp": "2026-05-26T04:59:43.335+0000"
  },
  {
    "input": {
      "type": "log"
    },
    "agent": {
      "ip": "172.21.4.214",
      "name": "SWEMelanie",
      "id": "035"
    },
    "manager": {
      "name": "wazuh.manager"
    },
    "data": {
      "win": {
        "eventdata": {
          "binary": "2D20436F64653A2020434F525356434330303030303737322D2043616C6C3A2020434F525356434330303030303735342D205049443A202030303031343332342D205449443A202030303031303031362D20434D443A2020433A5C57494E444F57535C73797374656D33325C76737376632E6578652020202D20557365723A204E616D653A204E542D4155544F524954C4545C53595354454D2C205349443A532D312D352D313820"
        },
        "system": {
          "eventID": "8224",
          "keywords": "0x80000000000000",
          "level": "4",
          "channel": "Application",
          "opcode": "0",
          "message": "\"Der VSS-Dienst wird aufgrund eines Leerlaufzeitlimits heruntergefahren. \"",
          "version": "0",
          "systemTime": "2026-05-26T04:54:34.1509129Z",
          "eventRecordID": "35469",
          "threadID": "0",
          "computer": "SWEMelanie.arzw.local",
          "task": "0",
          "processID": "14324",
          "severityValue": "INFORMATION",
          "providerName": "VSS"
        }
      }
    },
    "rule": {
      "firedtimes": 9,
      "mail": false,
      "level": 5,
      "description": "The VSS service is shutting down due to idle timeout.",
      "groups": [
        "windows",
        "windows_application"
      ],
      "id": "60702"
    },
    "location": "EventChannel",
    "decoder": {
      "name": "windows_eventchannel"
    },
    "id": "1779771274.5663251",
    "timestamp": "2026-05-26T04:54:34.219+0000"
  },
  {
    "input": {
      "type": "log"
    },
    "agent": {
      "ip": "172.21.4.214",
      "name": "SWEMelanie",
      "id": "035"
    },
    "manager": {
      "name": "wazuh.manager"
    },
    "data": {
      "win": {
        "eventdata": {
          "param3": "Manuell starten",
          "param4": "BITS",
          "param1": "Background Intelligent Transfer Service",
          "param2": "Automatisch starten"
        },
        "system": {
          "eventID": "7040",
          "eventSourceName": "Service Control Manager",
          "keywords": "0x8080000000000000",
          "providerGuid": "{555908d1-a6d7-4695-8e1e-26931d2012f4}",
          "level": "4",
          "channel": "System",
          "opcode": "0",
          "message": "\"Der Starttyp des Diensts \"Background Intelligent Transfer Service\" wurde von Automatisch starten in Manuell starten geändert.\"",
          "version": "0",
          "systemTime": "2026-05-26T04:52:59.2596330Z",
          "eventRecordID": "25992",
          "threadID": "3820",
          "computer": "SWEMelanie.arzw.local",
          "task": "0",
          "processID": "940",
          "severityValue": "INFORMATION",
          "providerName": "Service Control Manager"
        }
      }
    },
    "rule": {
      "firedtimes": 53,
      "mail": false,
      "level": 3,
      "pci_dss": [
        "10.6"
      ],
      "hipaa": [
        "164.312.b"
      ],
      "tsc": [
        "CC6.1",
        "CC6.8",
        "CC7.2",
        "CC7.3"
      ],
      "description": "Service startup type was changed",
      "groups": [
        "windows",
        "windows_system",
        "policy_changed"
      ],
      "id": "61104",
      "nist_800_53": [
        "AU.6"
      ],
      "info": "This does not appear to be logged on Windows 2000",
      "gdpr": [
        "IV_35.7.d"
      ]
    },
    "location": "EventChannel",
    "decoder": {
      "name": "windows_eventchannel"
    },
    "id": "1779771180.5513278",
    "timestamp": "2026-05-26T04:53:00.313+0000"
  },
  {
    "input": {
      "type": "log"
    },
    "agent": {
      "ip": "172.21.4.214",
      "name": "SWEMelanie",
      "id": "035"
    },
    "manager": {
      "name": "wazuh.manager"
    },
    "data": {
      "win": {
        "eventdata": {
          "data": "C:\\\\WINDOWS\\\\system32\\\\svchost.exe -k netsvcs -p -s wuauserv, Windows Update",
          "binary": "0000000067020000590200000000000022CE28677C6DDA79E28C1C000000000000000000"
        },
        "system": {
          "eventID": "8194",
          "keywords": "0x80000000000000",
          "level": "4",
          "channel": "Application",
          "opcode": "0",
          "message": "\"Der Wiederherstellungspunkt wurde erfolgreich erstellt (Prozess = C:\\WINDOWS\\system32\\svchost.exe -k netsvcs -p -s wuauserv; Beschreibung = Windows Update).\"",
          "version": "0",
          "systemTime": "2026-05-26T04:51:23.9313189Z",
          "eventRecordID": "35461",
          "threadID": "0",
          "computer": "SWEMelanie.arzw.local",
          "task": "0",
          "processID": "8980",
          "severityValue": "INFORMATION",
          "providerName": "System Restore"
        }
      }
    },
    "rule": {
      "firedtimes": 4,
      "mail": false,
      "level": 3,
      "description": "Restore point successfully created.",
      "groups": [
        "windows",
        "windows_application"
      ],
      "id": "60718"
    },
    "location": "EventChannel",
    "decoder": {
      "name": "windows_eventchannel"
    },
    "id": "1779771087.5444024",
    "timestamp": "2026-05-26T04:51:27.076+0000"
  },
  {
    "input": {
      "type": "log"
    },
    "agent": {
      "ip": "172.21.4.214",
      "name": "SWEMelanie",
      "id": "035"
    },
    "manager": {
      "name": "wazuh.manager"
    },
    "data": {
      "win": {
        "eventdata": {
          "param3": "Automatisch starten",
          "param4": "BITS",
          "param1": "Background Intelligent Transfer Service",
          "param2": "Manuell starten"
        },
        "system": {
          "eventID": "7040",
          "eventSourceName": "Service Control Manager",
          "keywords": "0x8080000000000000",
          "providerGuid": "{555908d1-a6d7-4695-8e1e-26931d2012f4}",
          "level": "4",
          "channel": "System",
          "opcode": "0",
          "message": "\"Der Starttyp des Diensts \"Background Intelligent Transfer Service\" wurde von Manuell starten in Automatisch starten geändert.\"",
          "version": "0",
          "systemTime": "2026-05-26T04:50:34.6602196Z",
          "eventRecordID": "25985",
          "threadID": "11856",
          "computer": "SWEMelanie.arzw.local",
          "task": "0",
          "processID": "940",
          "severityValue": "INFORMATION",
          "providerName": "Service Control Manager"
        }
      }
    },
    "rule": {
      "firedtimes": 51,
      "mail": false,
      "level": 3,
      "pci_dss": [
        "10.6"
      ],
      "hipaa": [
        "164.312.b"
      ],
      "tsc": [
        "CC6.1",
        "CC6.8",
        "CC7.2",
        "CC7.3"
      ],
      "description": "Service startup type was changed",
      "groups": [
        "windows",
        "windows_system",
        "policy_changed"
      ],
      "id": "61104",
      "nist_800_53": [
        "AU.6"
      ],
      "info": "This does not appear to be logged on Windows 2000",
      "gdpr": [
        "IV_35.7.d"
      ]
    },
    "location": "EventChannel",
    "decoder": {
      "name": "windows_eventchannel"
    },
    "id": "1779771035.5305859",
    "timestamp": "2026-05-26T04:50:35.784+0000"
  },
  {
    "input": {
      "type": "log"
    },
    "agent": {
      "ip": "172.21.4.214",
      "name": "SWEMelanie",
      "id": "035"
    },
    "manager": {
      "name": "wazuh.manager"
    },
    "data": {
      "win": {
        "eventdata": {
          "data": "2126-05-02T04:50:18Z, RulesEngine"
        },
        "system": {
          "eventID": "16384",
          "eventSourceName": "Software Protection Platform Service",
          "keywords": "0x80000000000000",
          "providerGuid": "{E23B33B0-C8C9-472C-A5F9-F2BDFEA0F156}",
          "level": "4",
          "channel": "Application",
          "opcode": "0",
          "message": "\"Der Softwareschutzdienst wurde erfolgreich für den erneuten Start bei 2126-05-02T04:50:18Z geplant. Grund: RulesEngine.\"",
          "version": "0",
          "systemTime": "2026-05-26T04:50:18.3093980Z",
          "eventRecordID": "35460",
          "threadID": "0",
          "computer": "SWEMelanie.arzw.local",
          "task": "0",
          "processID": "8656",
          "severityValue": "INFORMATION",
          "providerName": "Microsoft-Windows-Security-SPP"
        }
      }
    },
    "rule": {
      "firedtimes": 78,
      "mail": false,
      "level": 3,
      "description": "Software protection service scheduled successfully.",
      "groups": [
        "windows",
        "windows_application"
      ],
      "id": "60642"
    },
    "location": "EventChannel",
    "decoder": {
      "name": "windows_eventchannel"
    },
    "id": "1779771018.5300264",
    "timestamp": "2026-05-26T04:50:18.359+0000"
  },
  {
    "input": {
      "type": "log"
    },
    "agent": {
      "ip": "172.21.4.214",
      "name": "SWEMelanie",
      "id": "035"
    },
    "manager": {
      "name": "wazuh.manager"
    },
    "data": {
      "win": {
        "eventdata": {
          "data": "2126-05-02T04:46:21Z, RulesEngine"
        },
        "system": {
          "eventID": "16384",
          "eventSourceName": "Software Protection Platform Service",
          "keywords": "0x80000000000000",
          "providerGuid": "{E23B33B0-C8C9-472C-A5F9-F2BDFEA0F156}",
          "level": "4",
          "channel": "Application",
          "opcode": "0",
          "message": "\"Der Softwareschutzdienst wurde erfolgreich für den erneuten Start bei 2126-05-02T04:46:21Z geplant. Grund: RulesEngine.\"",
          "version": "0",
          "systemTime": "2026-05-26T04:46:21.1965168Z",
          "eventRecordID": "35457",
          "threadID": "0",
          "computer": "SWEMelanie.arzw.local",
          "task": "0",
          "processID": "15560",
          "severityValue": "INFORMATION",
          "providerName": "Microsoft-Windows-Security-SPP"
        }
      }
    },
    "rule": {
      "firedtimes": 72,
      "mail": false,
      "level": 3,
      "description": "Software protection service scheduled successfully.",
      "groups": [
        "windows",
        "windows_application"
      ],
      "id": "60642"
    },
    "location": "EventChannel",
    "decoder": {
      "name": "windows_eventchannel"
    },
    "id": "1779770781.5270885",
    "timestamp": "2026-05-26T04:46:21.257+0000"
  },
  {
    "input": {
      "type": "log"
    },
    "agent": {
      "ip": "172.21.4.214",
      "name": "SWEMelanie",
      "id": "035"
    },
    "manager": {
      "name": "wazuh.manager"
    },
    "data": {
      "win": {
        "eventdata": {
          "param3": "Manuell starten",
          "param4": "BITS",
          "param1": "Background Intelligent Transfer Service",
          "param2": "Automatisch starten"
        },
        "system": {
          "eventID": "7040",
          "eventSourceName": "Service Control Manager",
          "keywords": "0x8080000000000000",
          "providerGuid": "{555908d1-a6d7-4695-8e1e-26931d2012f4}",
          "level": "4",
          "channel": "System",
          "opcode": "0",
          "message": "\"Der Starttyp des Diensts \"Background Intelligent Transfer Service\" wurde von Automatisch starten in Manuell starten geändert.\"",
          "version": "0",
          "systemTime": "2026-05-26T04:40:54.5813295Z",
          "eventRecordID": "25971",
          "threadID": "1588",
          "computer": "SWEMelanie.arzw.local",
          "task": "0",
          "processID": "940",
          "severityValue": "INFORMATION",
          "providerName": "Service Control Manager"
        }
      }
    },
    "rule": {
      "firedtimes": 45,
      "mail": false,
      "level": 3,
      "pci_dss": [
        "10.6"
      ],
      "hipaa": [
        "164.312.b"
      ],
      "tsc": [
        "CC6.1",
        "CC6.8",
        "CC7.2",
        "CC7.3"
      ],
      "description": "Service startup type was changed",
      "groups": [
        "windows",
        "windows_system",
        "policy_changed"
      ],
      "id": "61104",
      "nist_800_53": [
        "AU.6"
      ],
      "info": "This does not appear to be logged on Windows 2000",
      "gdpr": [
        "IV_35.7.d"
      ]
    },
    "location": "EventChannel",
    "decoder": {
      "name": "windows_eventchannel"
    },
    "id": "1779770456.4527936",
    "timestamp": "2026-05-26T04:40:56.475+0000"
  },
  {
    "input": {
      "type": "log"
    },
    "agent": {
      "ip": "172.21.4.214",
      "name": "SWEMelanie",
      "id": "035"
    },
    "manager": {
      "name": "wazuh.manager"
    },
    "data": {
      "win": {
        "eventdata": {
          "hResult": "-2147020471"
        },
        "system": {
          "eventID": "1796",
          "keywords": "0x8000000000000000",
          "providerGuid": "{7d5387b0-cbe0-11da-a94d-0800200c9a66}",
          "level": "2",
          "channel": "System",
          "opcode": "0",
          "message": "\"Beim Update für den sicheren Start konnte eine Variable für den sicheren Start nicht aktualisiert werden. Fehler: Sicheres Starten ist auf diesem Computer nicht aktiviert.. Weitere Informationen finden Sie unter https://go.microsoft.com/fwlink/?linkid=2169931\"",
          "version": "0",
          "systemTime": "2026-05-26T04:39:28.7378946Z",
          "eventRecordID": "25970",
          "threadID": "11824",
          "computer": "SWEMelanie.arzw.local",
          "task": "0",
          "processID": "10632",
          "severityValue": "ERROR",
          "providerName": "Microsoft-Windows-TPM-WMI"
        }
      }
    },
    "rule": {
      "firedtimes": 44,
      "mail": false,
      "level": 5,
      "description": "Windows System error event",
      "groups": [
        "windows",
        "windows_system",
        "system_error"
      ],
      "id": "61102",
      "gpg13": [
        "4.3"
      ],
      "gdpr": [
        "IV_35.7.d"
      ]
    },
    "location": "EventChannel",
    "decoder": {
      "name": "windows_eventchannel"
    },
    "id": "1779770370.4508272",
    "timestamp": "2026-05-26T04:39:30.823+0000"
  },
  {
    "input": {
      "type": "log"
    },
    "agent": {
      "ip": "172.21.4.214",
      "name": "SWEMelanie",
      "id": "035"
    },
    "manager": {
      "name": "wazuh.manager"
    },
    "data": {
      "win": {
        "eventdata": {
          "hResult": "-2147020471"
        },
        "system": {
          "eventID": "1796",
          "keywords": "0x8000000000000000",
          "providerGuid": "{7d5387b0-cbe0-11da-a94d-0800200c9a66}",
          "level": "2",
          "channel": "System",
          "opcode": "0",
          "message": "\"Beim Update für den sicheren Start konnte eine Variable für den sicheren Start nicht aktualisiert werden. Fehler: Sicheres Starten ist auf diesem Computer nicht aktiviert.. Weitere Informationen finden Sie unter https://go.microsoft.com/fwlink/?linkid=2169931\"",
          "version": "0",
          "systemTime": "2026-05-26T04:39:28.7378755Z",
          "eventRecordID": "25969",
          "threadID": "11824",
          "computer": "SWEMelanie.arzw.local",
          "task": "0",
          "processID": "10632",
          "severityValue": "ERROR",
          "providerName": "Microsoft-Windows-TPM-WMI"
        }
      }
    },
    "rule": {
      "firedtimes": 43,
      "mail": false,
      "level": 5,
      "description": "Windows System error event",
      "groups": [
        "windows",
        "windows_system",
        "system_error"
      ],
      "id": "61102",
      "gpg13": [
        "4.3"
      ],
      "gdpr": [
        "IV_35.7.d"
      ]
    },
    "location": "EventChannel",
    "decoder": {
      "name": "windows_eventchannel"
    },
    "id": "1779770370.4506530",
    "timestamp": "2026-05-26T04:39:30.821+0000"
  },
  {
    "input": {
      "type": "log"
    },
    "agent": {
      "ip": "172.21.4.214",
      "name": "SWEMelanie",
      "id": "035"
    },
    "manager": {
      "name": "wazuh.manager"
    },
    "data": {
      "win": {
        "eventdata": {
          "data": "2126-05-02T04:39:16Z, RulesEngine"
        },
        "system": {
          "eventID": "16384",
          "eventSourceName": "Software Protection Platform Service",
          "keywords": "0x80000000000000",
          "providerGuid": "{E23B33B0-C8C9-472C-A5F9-F2BDFEA0F156}",
          "level": "4",
          "channel": "Application",
          "opcode": "0",
          "message": "\"Der Softwareschutzdienst wurde erfolgreich für den erneuten Start bei 2126-05-02T04:39:16Z geplant. Grund: RulesEngine.\"",
          "version": "0",
          "systemTime": "2026-05-26T04:39:16.5543848Z",
          "eventRecordID": "35454",
          "threadID": "0",
          "computer": "SWEMelanie.arzw.local",
          "task": "0",
          "processID": "5904",
          "severityValue": "INFORMATION",
          "providerName": "Microsoft-Windows-Security-SPP"
        }
      }
    },
    "rule": {
      "firedtimes": 65,
      "mail": false,
      "level": 3,
      "description": "Software protection service scheduled successfully.",
      "groups": [
        "windows",
        "windows_application"
      ],
      "id": "60642"
    },
    "location": "EventChannel",
    "decoder": {
      "name": "windows_eventchannel"
    },
    "id": "1779770357.4504898",
    "timestamp": "2026-05-26T04:39:17.650+0000"
  },
  {
    "input": {
      "type": "log"
    },
    "agent": {
      "ip": "172.21.4.214",
      "name": "SWEMelanie",
      "id": "035"
    },
    "manager": {
      "name": "wazuh.manager"
    },
    "data": {
      "win": {
        "eventdata": {
          "storePath": "\\\\\\\\?\\\\C:\\\\ProgramData\\\\Microsoft\\\\Windows\\\\WER\\\\ReportQueue\\\\Kernel_0_0_00000000_e73a651d-b85e-4fd8-8f0b-688b78dbe729",
          "rechecking": "0",
          "bucketType": "0",
          "attachedFiles": "  \\\\\\\\?\\\\C:\\\\Windows\\\\SystemTemp\\\\WER.6099c51e-39dc-4dfc-a5e7-b3f6ce932b36.tmpatk.kdmp  \\\\\\\\?\\\\C:\\\\Windows\\\\SystemTemp\\\\WER.58226622-e45d-4ecc-b4a7-f0cce0d947be.tmp.appcompat.txt  \\\\\\\\?\\\\C:\\\\ProgramData\\\\Microsoft\\\\Windows\\\\WER\\\\Temp\\\\WER.6387aba4-9ac0-4fd8-90b1-80708062052e.tmp.WERInternalMetadata.xml  \\\\\\\\?\\\\C:\\\\ProgramData\\\\Microsoft\\\\Windows\\\\WER\\\\Temp\\\\WER.108680a5-919a-442a-aee8-7c1895472d76.tmp.csv  \\\\\\\\?\\\\C:\\\\ProgramData\\\\Microsoft\\\\Windows\\\\WER\\\\Temp\\\\WER.583d1c92-1549-4f50-a28b-1927fa2c3a00.tmp.txt  \\\\\\\\?\\\\C:\\\\ProgramData\\\\Microsoft\\\\Windows\\\\WER\\\\Temp\\\\WER.328fcfd5-925e-4668-b882-05b9915dce6c.tmp.xml",
          "reportId": "e8597e83-1f60-4721-a6ee-8a0715bde863",
          "response": "Nicht verfügbar",
          "eventName": "AppTermFailureEvent",
          "reportStatus": "2049",
          "cabGuid": "0",
          "cabId": "0"
        },
        "system": {
          "eventID": "1001",
          "keywords": "0x8000000000000000",
          "providerGuid": "{0ead09bd-2157-539a-8d6d-c87f95b64d70}",
          "level": "4",
          "channel": "Application",
          "opcode": "0",
          "message": "\"Fehlerbucket , Typ 0\r\nEreignisname: AppTermFailureEvent\r\nAntwort: Nicht verfügbar\r\nCAB-Datei-ID: 0\r\n\r\nProblemsignatur:\r\nP1: \r\nP2: \r\nP3: \r\nP4: \r\nP5: \r\nP6: \r\nP7: \r\nP8: \r\nP9: \r\nP10: \r\n\r\nAngefügte Dateien:\r\n\\\\?\\C:\\Windows\\SystemTemp\\WER.6099c51e-39dc-4dfc-a5e7-b3f6ce932b36.tmpatk.kdmp\r\n\\\\?\\C:\\Windows\\SystemTemp\\WER.58226622-e45d-4ecc-b4a7-f0cce0d947be.tmp.appcompat.txt\r\n\\\\?\\C:\\ProgramData\\Microsoft\\Windows\\WER\\Temp\\WER.6387aba4-9ac0-4fd8-90b1-80708062052e.tmp.WERInternalMetadata.xml\r\n\\\\?\\C:\\ProgramData\\Microsoft\\Windows\\WER\\Temp\\WER.108680a5-919a-442a-aee8-7c1895472d76.tmp.csv\r\n\\\\?\\C:\\ProgramData\\Microsoft\\Windows\\WER\\Temp\\WER.583d1c92-1549-4f50-a28b-1927fa2c3a00.tmp.txt\r\n\\\\?\\C:\\ProgramData\\Microsoft\\Windows\\WER\\Temp\\WER.328fcfd5-925e-4668-b882-05b9915dce6c.tmp.xml\r\n\r\nDiese Dateien befinden sich möglicherweise hier:\r\n\\\\?\\C:\\ProgramData\\Microsoft\\Windows\\WER\\ReportQueue\\Kernel_0_0_00000000_e73a651d-b85e-4fd8-8f0b-688b78dbe729\r\n\r\nAnalysesymbol: \r\nEs wird erneut nach einer Lösung gesucht: 0\r\nBerichts-ID: e8597e83-1f60-4721-a6ee-8a0715bde863\r\nBerichtstatus: 2049\r\nBucket mit Hash: \r\nCAB-Datei-Guid: 0\"",
          "version": "0",
          "systemTime": "2026-05-26T04:38:25.9305415Z",
          "eventRecordID": "35452",
          "threadID": "13204",
          "computer": "SWEMelanie.arzw.local",
          "task": "0",
          "processID": "11012",
          "severityValue": "INFORMATION",
          "providerName": "Windows Error Reporting"
        }
      }
    },
    "rule": {
      "firedtimes": 30,
      "mail": false,
      "level": 4,
      "description": "Summary event of the report's signatures.",
      "groups": [
        "windows",
        "windows_application"
      ],
      "id": "60608"
    },
    "location": "EventChannel",
    "decoder": {
      "name": "windows_eventchannel"
    },
    "id": "1779770307.4427138",
    "timestamp": "2026-05-26T04:38:27.894+0000"
  },
  {
    "input": {
      "type": "log"
    },
    "agent": {
      "ip": "172.21.4.214",
      "name": "SWEMelanie",
      "id": "035"
    },
    "manager": {
      "name": "wazuh.manager"
    },
    "data": {
      "win": {
        "eventdata": {
          "storePath": "\\\\\\\\?\\\\C:\\\\ProgramData\\\\Microsoft\\\\Windows\\\\WER\\\\ReportQueue\\\\Kernel_0_0_00000000_e73a651d-b85e-4fd8-8f0b-688b78dbe729",
          "rechecking": "0",
          "bucketType": "0",
          "attachedFiles": "  \\\\\\\\?\\\\C:\\\\Windows\\\\SystemTemp\\\\WER.6099c51e-39dc-4dfc-a5e7-b3f6ce932b36.tmpatk.kdmp  \\\\\\\\?\\\\C:\\\\Windows\\\\SystemTemp\\\\WER.58226622-e45d-4ecc-b4a7-f0cce0d947be.tmp.appcompat.txt  \\\\\\\\?\\\\C:\\\\ProgramData\\\\Microsoft\\\\Windows\\\\WER\\\\Temp\\\\WER.6387aba4-9ac0-4fd8-90b1-80708062052e.tmp.WERInternalMetadata.xml  \\\\\\\\?\\\\C:\\\\ProgramData\\\\Microsoft\\\\Windows\\\\WER\\\\Temp\\\\WER.108680a5-919a-442a-aee8-7c1895472d76.tmp.csv  \\\\\\\\?\\\\C:\\\\ProgramData\\\\Microsoft\\\\Windows\\\\WER\\\\Temp\\\\WER.583d1c92-1549-4f50-a28b-1927fa2c3a00.tmp.txt  \\\\\\\\?\\\\C:\\\\ProgramData\\\\Microsoft\\\\Windows\\\\WER\\\\Temp\\\\WER.328fcfd5-925e-4668-b882-05b9915dce6c.tmp.xml",
          "reportId": "e8597e83-1f60-4721-a6ee-8a0715bde863",
          "response": "Nicht verfügbar",
          "eventName": "AppTermFailureEvent",
          "reportStatus": "2049",
          "cabGuid": "0",
          "cabId": "0"
        },
        "system": {
          "eventID": "1001",
          "keywords": "0x8000000000000000",
          "providerGuid": "{0ead09bd-2157-539a-8d6d-c87f95b64d70}",
          "level": "4",
          "channel": "Application",
          "opcode": "0",
          "message": "\"Fehlerbucket , Typ 0\r\nEreignisname: AppTermFailureEvent\r\nAntwort: Nicht verfügbar\r\nCAB-Datei-ID: 0\r\n\r\nProblemsignatur:\r\nP1: \r\nP2: \r\nP3: \r\nP4: \r\nP5: \r\nP6: \r\nP7: \r\nP8: \r\nP9: \r\nP10: \r\n\r\nAngefügte Dateien:\r\n\\\\?\\C:\\Windows\\SystemTemp\\WER.6099c51e-39dc-4dfc-a5e7-b3f6ce932b36.tmpatk.kdmp\r\n\\\\?\\C:\\Windows\\SystemTemp\\WER.58226622-e45d-4ecc-b4a7-f0cce0d947be.tmp.appcompat.txt\r\n\\\\?\\C:\\ProgramData\\Microsoft\\Windows\\WER\\Temp\\WER.6387aba4-9ac0-4fd8-90b1-80708062052e.tmp.WERInternalMetadata.xml\r\n\\\\?\\C:\\ProgramData\\Microsoft\\Windows\\WER\\Temp\\WER.108680a5-919a-442a-aee8-7c1895472d76.tmp.csv\r\n\\\\?\\C:\\ProgramData\\Microsoft\\Windows\\WER\\Temp\\WER.583d1c92-1549-4f50-a28b-1927fa2c3a00.tmp.txt\r\n\\\\?\\C:\\ProgramData\\Microsoft\\Windows\\WER\\Temp\\WER.328fcfd5-925e-4668-b882-05b9915dce6c.tmp.xml\r\n\r\nDiese Dateien befinden sich möglicherweise hier:\r\n\\\\?\\C:\\ProgramData\\Microsoft\\Windows\\WER\\ReportQueue\\Kernel_0_0_00000000_e73a651d-b85e-4fd8-8f0b-688b78dbe729\r\n\r\nAnalysesymbol: \r\nEs wird erneut nach einer Lösung gesucht: 0\r\nBerichts-ID: e8597e83-1f60-4721-a6ee-8a0715bde863\r\nBerichtstatus: 2049\r\nBucket mit Hash: \r\nCAB-Datei-Guid: 0\"",
          "version": "0",
          "systemTime": "2026-05-26T04:37:28.5978503Z",
          "eventRecordID": "35451",
          "threadID": "10328",
          "computer": "SWEMelanie.arzw.local",
          "task": "0",
          "processID": "9112",
          "severityValue": "INFORMATION",
          "providerName": "Windows Error Reporting"
        }
      }
    },
    "rule": {
      "firedtimes": 29,
      "mail": false,
      "level": 4,
      "description": "Summary event of the report's signatures.",
      "groups": [
        "windows",
        "windows_application"
      ],
      "id": "60608"
    },
    "location": "EventChannel",
    "decoder": {
      "name": "windows_eventchannel"
    },
    "id": "1779770250.4402565",
    "timestamp": "2026-05-26T04:37:30.633+0000"
  },
  {
    "input": {
      "type": "log"
    },
    "agent": {
      "ip": "172.21.4.214",
      "name": "SWEMelanie",
      "id": "035"
    },
    "manager": {
      "name": "wazuh.manager"
    },
    "data": {
      "win": {
        "eventdata": {
          "data": "2126-05-02T04:37:10Z, RulesEngine"
        },
        "system": {
          "eventID": "16384",
          "eventSourceName": "Software Protection Platform Service",
          "keywords": "0x80000000000000",
          "providerGuid": "{E23B33B0-C8C9-472C-A5F9-F2BDFEA0F156}",
          "level": "4",
          "channel": "Application",
          "opcode": "0",
          "message": "\"Der Softwareschutzdienst wurde erfolgreich für den erneuten Start bei 2126-05-02T04:37:10Z geplant. Grund: RulesEngine.\"",
          "version": "0",
          "systemTime": "2026-05-26T04:37:10.2447340Z",
          "eventRecordID": "35450",
          "threadID": "0",
          "computer": "SWEMelanie.arzw.local",
          "task": "0",
          "processID": "18384",
          "severityValue": "INFORMATION",
          "providerName": "Microsoft-Windows-Security-SPP"
        }
      }
    },
    "rule": {
      "firedtimes": 62,
      "mail": false,
      "level": 3,
      "description": "Software protection service scheduled successfully.",
      "groups": [
        "windows",
        "windows_application"
      ],
      "id": "60642"
    },
    "location": "EventChannel",
    "decoder": {
      "name": "windows_eventchannel"
    },
    "id": "1779770231.4400931",
    "timestamp": "2026-05-26T04:37:11.354+0000"
  },
