  {
    "input": {
      "type": "log"
    },
    "agent": {
      "ip": "172.21.5.96",
      "name": "vm-miniservices",
      "id": "113"
    },
    "manager": {
      "name": "wazuh.manager"
    },
    "data": {
      "win": {
        "eventdata": {
          "subjectLogonId": "0x3e7",
          "parentProcessName": "C:\\\\Windows\\\\System32\\\\svchost.exe",
          "subjectDomainName": "ARZW",
          "tokenElevationType": "%%1936",
          "newProcessId": "0x3834",
          "mandatoryLabel": "S-1-16-4096",
          "newProcessName": "C:\\\\Windows\\\\System32\\\\backgroundTaskHost.exe",
          "targetLogonId": "0x2b839d",
          "targetUserName": "administrator",
          "subjectUserSid": "S-1-5-18",
          "processId": "0x2f0",
          "targetDomainName": "ARZW",
          "commandLine": "\\\"C:\\\\WINDOWS\\\\system32\\\\backgroundTaskHost.exe\\\" -ServerName:Global.DesktopSpotlight.AppXz2j21w56bgxkgsjhtn7zkjsepq96erz2.mca",
          "targetUserSid": "S-1-5-21-228770904-35461013-1130905197-500",
          "subjectUserName": "VM-MINISERVICES$"
        },
        "system": {
          "eventID": "4688",
          "keywords": "0x8020000000000000",
          "providerGuid": "{54849625-5478-4994-a5ba-3e3b0328c30d}",
          "level": "0",
          "channel": "Security",
          "opcode": "0",
          "message": "\"A new process has been created.\r\n\r\nCreator Subject:\r\n\tSecurity ID:\t\tS-1-5-18\r\n\tAccount Name:\t\tVM-MINISERVICES$\r\n\tAccount Domain:\t\tARZW\r\n\tLogon ID:\t\t0x3E7\r\n\r\nTarget Subject:\r\n\tSecurity ID:\t\tS-1-5-21-228770904-35461013-1130905197-500\r\n\tAccount Name:\t\tadministrator\r\n\tAccount Domain:\t\tARZW\r\n\tLogon ID:\t\t0x2B839D\r\n\r\nProcess Information:\r\n\tNew Process ID:\t\t0x3834\r\n\tNew Process Name:\tC:\\Windows\\System32\\backgroundTaskHost.exe\r\n\tToken Elevation Type:\tTokenElevationTypeDefault (1)\r\n\tMandatory Label:\t\tS-1-16-4096\r\n\tCreator Process ID:\t0x2f0\r\n\tCreator Process Name:\tC:\\Windows\\System32\\svchost.exe\r\n\tProcess Command Line:\t\"C:\\WINDOWS\\system32\\backgroundTaskHost.exe\" -ServerName:Global.DesktopSpotlight.AppXz2j21w56bgxkgsjhtn7zkjsepq96erz2.mca\r\n\r\nToken Elevation Type indicates the type of token that was assigned to the new process in accordance with User Account Control policy.\r\n\r\nType 1 is a full token with no privileges removed or groups disabled.  A full token is only used if User Account Control is disabled or if the user is the built-in Administrator account or a service account.\r\n\r\nType 2 is an elevated token with no privileges removed or groups disabled.  An elevated token is used when User Account Control is enabled and the user chooses to start the program using Run as administrator.  An elevated token is also used when an application is configured to always require administrative privilege or to always require maximum privilege, and the user is a member of the Administrators group.\r\n\r\nType 3 is a limited token with administrative privileges removed and administrative groups disabled.  The limited token is used when User Account Control is enabled, the application does not require administrative privilege, and the user does not choose to start the program using Run as administrator.\"",
          "version": "2",
          "systemTime": "2026-05-26T06:13:14.3766105Z",
          "eventRecordID": "974915",
          "threadID": "13200",
          "computer": "vm-miniservices.arzw.local",
          "task": "13312",
          "processID": "4",
          "severityValue": "AUDIT_SUCCESS",
          "providerName": "Microsoft-Windows-Security-Auditing"
        }
      }
    },
    "rule": {
      "firedtimes": 51,
      "mail": false,
      "level": 3,
      "description": "A process was created.",
      "groups": [
        "windows",
        " WEF"
      ],
      "id": "67027"
    },
    "location": "EventChannel",
    "decoder": {
      "name": "windows_eventchannel"
    },
    "id": "1779775995.11810161",
    "timestamp": "2026-05-26T06:13:15.455+0000"
  },
  {
    "input": {
      "type": "log"
    },
    "agent": {
      "ip": "172.21.5.96",
      "name": "vm-miniservices",
      "id": "113"
    },
    "manager": {
      "name": "wazuh.manager"
    },
    "data": {
      "win": {
        "eventdata": {
          "subjectLogonId": "0x3e5",
          "parentProcessName": "C:\\\\Windows\\\\System32\\\\appidcertstorecheck.exe",
          "subjectDomainName": "NT AUTHORITY",
          "tokenElevationType": "%%1936",
          "newProcessId": "0x3980",
          "mandatoryLabel": "S-1-16-16384",
          "newProcessName": "C:\\\\Windows\\\\System32\\\\conhost.exe",
          "targetLogonId": "0x0",
          "subjectUserSid": "S-1-5-19",
          "processId": "0x2c1c",
          "commandLine": "\\\\??\\\\C:\\\\WINDOWS\\\\system32\\\\conhost.exe 0xffffffff -ForceV1",
          "targetUserSid": "S-1-0-0",
          "subjectUserName": "LOCAL SERVICE"
        },
        "system": {
          "eventID": "4688",
          "keywords": "0x8020000000000000",
          "providerGuid": "{54849625-5478-4994-a5ba-3e3b0328c30d}",
          "level": "0",
          "channel": "Security",
          "opcode": "0",
          "message": "\"A new process has been created.\r\n\r\nCreator Subject:\r\n\tSecurity ID:\t\tS-1-5-19\r\n\tAccount Name:\t\tLOCAL SERVICE\r\n\tAccount Domain:\t\tNT AUTHORITY\r\n\tLogon ID:\t\t0x3E5\r\n\r\nTarget Subject:\r\n\tSecurity ID:\t\tS-1-0-0\r\n\tAccount Name:\t\t-\r\n\tAccount Domain:\t\t-\r\n\tLogon ID:\t\t0x0\r\n\r\nProcess Information:\r\n\tNew Process ID:\t\t0x3980\r\n\tNew Process Name:\tC:\\Windows\\System32\\conhost.exe\r\n\tToken Elevation Type:\tTokenElevationTypeDefault (1)\r\n\tMandatory Label:\t\tS-1-16-16384\r\n\tCreator Process ID:\t0x2c1c\r\n\tCreator Process Name:\tC:\\Windows\\System32\\appidcertstorecheck.exe\r\n\tProcess Command Line:\t\\??\\C:\\WINDOWS\\system32\\conhost.exe 0xffffffff -ForceV1\r\n\r\nToken Elevation Type indicates the type of token that was assigned to the new process in accordance with User Account Control policy.\r\n\r\nType 1 is a full token with no privileges removed or groups disabled.  A full token is only used if User Account Control is disabled or if the user is the built-in Administrator account or a service account.\r\n\r\nType 2 is an elevated token with no privileges removed or groups disabled.  An elevated token is used when User Account Control is enabled and the user chooses to start the program using Run as administrator.  An elevated token is also used when an application is configured to always require administrative privilege or to always require maximum privilege, and the user is a member of the Administrators group.\r\n\r\nType 3 is a limited token with administrative privileges removed and administrative groups disabled.  The limited token is used when User Account Control is enabled, the application does not require administrative privilege, and the user does not choose to start the program using Run as administrator.\"",
          "version": "2",
          "systemTime": "2026-05-26T06:13:11.7526483Z",
          "eventRecordID": "974914",
          "threadID": "9512",
          "computer": "vm-miniservices.arzw.local",
          "task": "13312",
          "processID": "4",
          "severityValue": "AUDIT_SUCCESS",
          "providerName": "Microsoft-Windows-Security-Auditing"
        }
      }
    },
    "rule": {
      "firedtimes": 50,
      "mail": false,
      "level": 3,
      "description": "A process was created.",
      "groups": [
        "windows",
        " WEF"
      ],
      "id": "67027"
    },
    "location": "EventChannel",
    "decoder": {
      "name": "windows_eventchannel"
    },
    "id": "1779775992.11804383",
    "timestamp": "2026-05-26T06:13:12.858+0000"
  },
  {
    "input": {
      "type": "log"
    },
    "agent": {
      "ip": "172.21.5.96",
      "name": "vm-miniservices",
      "id": "113"
    },
    "manager": {
      "name": "wazuh.manager"
    },
    "data": {
      "win": {
        "eventdata": {
          "subjectLogonId": "0x3e7",
          "parentProcessName": "C:\\\\Windows\\\\System32\\\\svchost.exe",
          "subjectDomainName": "ARZW",
          "tokenElevationType": "%%1936",
          "newProcessId": "0x2c1c",
          "mandatoryLabel": "S-1-16-16384",
          "newProcessName": "C:\\\\Windows\\\\System32\\\\appidcertstorecheck.exe",
          "targetLogonId": "0x3e5",
          "targetUserName": "LOCAL SERVICE",
          "subjectUserSid": "S-1-5-18",
          "processId": "0x724",
          "targetDomainName": "NT AUTHORITY",
          "commandLine": "\\\"C:\\\\WINDOWS\\\\system32\\\\appidcertstorecheck.exe\\\"",
          "targetUserSid": "S-1-5-19",
          "subjectUserName": "VM-MINISERVICES$"
        },
        "system": {
          "eventID": "4688",
          "keywords": "0x8020000000000000",
          "providerGuid": "{54849625-5478-4994-a5ba-3e3b0328c30d}",
          "level": "0",
          "channel": "Security",
          "opcode": "0",
          "message": "\"A new process has been created.\r\n\r\nCreator Subject:\r\n\tSecurity ID:\t\tS-1-5-18\r\n\tAccount Name:\t\tVM-MINISERVICES$\r\n\tAccount Domain:\t\tARZW\r\n\tLogon ID:\t\t0x3E7\r\n\r\nTarget Subject:\r\n\tSecurity ID:\t\tS-1-5-19\r\n\tAccount Name:\t\tLOCAL SERVICE\r\n\tAccount Domain:\t\tNT AUTHORITY\r\n\tLogon ID:\t\t0x3E5\r\n\r\nProcess Information:\r\n\tNew Process ID:\t\t0x2c1c\r\n\tNew Process Name:\tC:\\Windows\\System32\\appidcertstorecheck.exe\r\n\tToken Elevation Type:\tTokenElevationTypeDefault (1)\r\n\tMandatory Label:\t\tS-1-16-16384\r\n\tCreator Process ID:\t0x724\r\n\tCreator Process Name:\tC:\\Windows\\System32\\svchost.exe\r\n\tProcess Command Line:\t\"C:\\WINDOWS\\system32\\appidcertstorecheck.exe\"\r\n\r\nToken Elevation Type indicates the type of token that was assigned to the new process in accordance with User Account Control policy.\r\n\r\nType 1 is a full token with no privileges removed or groups disabled.  A full token is only used if User Account Control is disabled or if the user is the built-in Administrator account or a service account.\r\n\r\nType 2 is an elevated token with no privileges removed or groups disabled.  An elevated token is used when User Account Control is enabled and the user chooses to start the program using Run as administrator.  An elevated token is also used when an application is configured to always require administrative privilege or to always require maximum privilege, and the user is a member of the Administrators group.\r\n\r\nType 3 is a limited token with administrative privileges removed and administrative groups disabled.  The limited token is used when User Account Control is enabled, the application does not require administrative privilege, and the user does not choose to start the program using Run as administrator.\"",
          "version": "2",
          "systemTime": "2026-05-26T06:13:11.7478006Z",
          "eventRecordID": "974913",
          "threadID": "9512",
          "computer": "vm-miniservices.arzw.local",
          "task": "13312",
          "processID": "4",
          "severityValue": "AUDIT_SUCCESS",
          "providerName": "Microsoft-Windows-Security-Auditing"
        }
      }
    },
    "rule": {
      "firedtimes": 49,
      "mail": false,
      "level": 3,
      "description": "A process was created.",
      "groups": [
        "windows",
        " WEF"
      ],
      "id": "67027"
    },
    "location": "EventChannel",
    "decoder": {
      "name": "windows_eventchannel"
    },
    "id": "1779775992.11798455",
    "timestamp": "2026-05-26T06:13:12.817+0000"
  },
  {
    "input": {
      "type": "log"
    },
    "agent": {
      "ip": "172.21.5.96",
      "name": "vm-miniservices",
      "id": "113"
    },
    "manager": {
      "name": "wazuh.manager"
    },
    "data": {
      "win": {
        "eventdata": {
          "subjectLogonId": "0x3e7",
          "parentProcessName": "C:\\\\Windows\\\\System32\\\\svchost.exe",
          "subjectDomainName": "ARZW",
          "tokenElevationType": "%%1936",
          "newProcessId": "0x2264",
          "mandatoryLabel": "S-1-16-8192",
          "newProcessName": "C:\\\\Windows\\\\System32\\\\taskhostw.exe",
          "targetLogonId": "0xf9af2",
          "targetUserName": "swuser",
          "subjectUserSid": "S-1-5-18",
          "processId": "0x724",
          "targetDomainName": "ARZW",
          "commandLine": "taskhostw.exe -flow showtoast -checkup recoverability",
          "targetUserSid": "S-1-5-21-228770904-35461013-1130905197-2636",
          "subjectUserName": "VM-MINISERVICES$"
        },
        "system": {
          "eventID": "4688",
          "keywords": "0x8020000000000000",
          "providerGuid": "{54849625-5478-4994-a5ba-3e3b0328c30d}",
          "level": "0",
          "channel": "Security",
          "opcode": "0",
          "message": "\"A new process has been created.\r\n\r\nCreator Subject:\r\n\tSecurity ID:\t\tS-1-5-18\r\n\tAccount Name:\t\tVM-MINISERVICES$\r\n\tAccount Domain:\t\tARZW\r\n\tLogon ID:\t\t0x3E7\r\n\r\nTarget Subject:\r\n\tSecurity ID:\t\tS-1-5-21-228770904-35461013-1130905197-2636\r\n\tAccount Name:\t\tswuser\r\n\tAccount Domain:\t\tARZW\r\n\tLogon ID:\t\t0xF9AF2\r\n\r\nProcess Information:\r\n\tNew Process ID:\t\t0x2264\r\n\tNew Process Name:\tC:\\Windows\\System32\\taskhostw.exe\r\n\tToken Elevation Type:\tTokenElevationTypeDefault (1)\r\n\tMandatory Label:\t\tS-1-16-8192\r\n\tCreator Process ID:\t0x724\r\n\tCreator Process Name:\tC:\\Windows\\System32\\svchost.exe\r\n\tProcess Command Line:\ttaskhostw.exe -flow showtoast -checkup recoverability\r\n\r\nToken Elevation Type indicates the type of token that was assigned to the new process in accordance with User Account Control policy.\r\n\r\nType 1 is a full token with no privileges removed or groups disabled.  A full token is only used if User Account Control is disabled or if the user is the built-in Administrator account or a service account.\r\n\r\nType 2 is an elevated token with no privileges removed or groups disabled.  An elevated token is used when User Account Control is enabled and the user chooses to start the program using Run as administrator.  An elevated token is also used when an application is configured to always require administrative privilege or to always require maximum privilege, and the user is a member of the Administrators group.\r\n\r\nType 3 is a limited token with administrative privileges removed and administrative groups disabled.  The limited token is used when User Account Control is enabled, the application does not require administrative privilege, and the user does not choose to start the program using Run as administrator.\"",
          "version": "2",
          "systemTime": "2026-05-26T06:12:02.5043041Z",
          "eventRecordID": "974912",
          "threadID": "13196",
          "computer": "vm-miniservices.arzw.local",
          "task": "13312",
          "processID": "4",
          "severityValue": "AUDIT_SUCCESS",
          "providerName": "Microsoft-Windows-Security-Auditing"
        }
      }
    },
    "rule": {
      "firedtimes": 48,
      "mail": false,
      "level": 3,
      "description": "A process was created.",
      "groups": [
        "windows",
        " WEF"
      ],
      "id": "67027"
    },
    "location": "EventChannel",
    "decoder": {
      "name": "windows_eventchannel"
    },
    "id": "1779775923.11778722",
    "timestamp": "2026-05-26T06:12:03.578+0000"
  },
  {
    "input": {
      "type": "log"
    },
    "agent": {
      "ip": "172.21.5.96",
      "name": "vm-miniservices",
      "id": "113"
    },
    "manager": {
      "name": "wazuh.manager"
    },
    "data": {
      "win": {
        "eventdata": {
          "subjectLogonId": "0x3e7",
          "parentProcessName": "C:\\\\Windows\\\\System32\\\\svchost.exe",
          "subjectDomainName": "ARZW",
          "tokenElevationType": "%%1936",
          "newProcessId": "0xef8",
          "mandatoryLabel": "S-1-16-8192",
          "newProcessName": "C:\\\\Windows\\\\System32\\\\dllhost.exe",
          "targetLogonId": "0xf9af2",
          "targetUserName": "swuser",
          "subjectUserSid": "S-1-5-18",
          "processId": "0x2f0",
          "targetDomainName": "ARZW",
          "commandLine": "C:\\\\WINDOWS\\\\system32\\\\DllHost.exe /Processid:{AB8902B4-09CA-4BB6-B78D-A8F59079A8D5}",
          "targetUserSid": "S-1-5-21-228770904-35461013-1130905197-2636",
          "subjectUserName": "VM-MINISERVICES$"
        },
        "system": {
          "eventID": "4688",
          "keywords": "0x8020000000000000",
          "providerGuid": "{54849625-5478-4994-a5ba-3e3b0328c30d}",
          "level": "0",
          "channel": "Security",
          "opcode": "0",
          "message": "\"A new process has been created.\r\n\r\nCreator Subject:\r\n\tSecurity ID:\t\tS-1-5-18\r\n\tAccount Name:\t\tVM-MINISERVICES$\r\n\tAccount Domain:\t\tARZW\r\n\tLogon ID:\t\t0x3E7\r\n\r\nTarget Subject:\r\n\tSecurity ID:\t\tS-1-5-21-228770904-35461013-1130905197-2636\r\n\tAccount Name:\t\tswuser\r\n\tAccount Domain:\t\tARZW\r\n\tLogon ID:\t\t0xF9AF2\r\n\r\nProcess Information:\r\n\tNew Process ID:\t\t0xef8\r\n\tNew Process Name:\tC:\\Windows\\System32\\dllhost.exe\r\n\tToken Elevation Type:\tTokenElevationTypeDefault (1)\r\n\tMandatory Label:\t\tS-1-16-8192\r\n\tCreator Process ID:\t0x2f0\r\n\tCreator Process Name:\tC:\\Windows\\System32\\svchost.exe\r\n\tProcess Command Line:\tC:\\WINDOWS\\system32\\DllHost.exe /Processid:{AB8902B4-09CA-4BB6-B78D-A8F59079A8D5}\r\n\r\nToken Elevation Type indicates the type of token that was assigned to the new process in accordance with User Account Control policy.\r\n\r\nType 1 is a full token with no privileges removed or groups disabled.  A full token is only used if User Account Control is disabled or if the user is the built-in Administrator account or a service account.\r\n\r\nType 2 is an elevated token with no privileges removed or groups disabled.  An elevated token is used when User Account Control is enabled and the user chooses to start the program using Run as administrator.  An elevated token is also used when an application is configured to always require administrative privilege or to always require maximum privilege, and the user is a member of the Administrators group.\r\n\r\nType 3 is a limited token with administrative privileges removed and administrative groups disabled.  The limited token is used when User Account Control is enabled, the application does not require administrative privilege, and the user does not choose to start the program using Run as administrator.\"",
          "version": "2",
          "systemTime": "2026-05-26T06:11:52.2379713Z",
          "eventRecordID": "974911",
          "threadID": "10980",
          "computer": "vm-miniservices.arzw.local",
          "task": "13312",
          "processID": "4",
          "severityValue": "AUDIT_SUCCESS",
          "providerName": "Microsoft-Windows-Security-Auditing"
        }
      }
    },
    "rule": {
      "firedtimes": 47,
      "mail": false,
      "level": 3,
      "description": "A process was created.",
      "groups": [
        "windows",
        " WEF"
      ],
      "id": "67027"
    },
    "location": "EventChannel",
    "decoder": {
      "name": "windows_eventchannel"
    },
    "id": "1779775913.11770445",
    "timestamp": "2026-05-26T06:11:53.319+0000"
  },
  {
    "input": {
      "type": "log"
    },
    "agent": {
      "ip": "172.21.5.96",
      "name": "vm-miniservices",
      "id": "113"
    },
    "manager": {
      "name": "wazuh.manager"
    },
    "data": {
      "win": {
        "eventdata": {
          "subjectLogonId": "0x3e7",
          "parentProcessName": "C:\\\\Windows\\\\System32\\\\svchost.exe",
          "subjectDomainName": "ARZW",
          "tokenElevationType": "%%1936",
          "newProcessId": "0x1d0c",
          "mandatoryLabel": "S-1-16-8192",
          "newProcessName": "C:\\\\Windows\\\\System32\\\\taskhostw.exe",
          "targetLogonId": "0xf9af2",
          "targetUserName": "swuser",
          "subjectUserSid": "S-1-5-18",
          "processId": "0x724",
          "targetDomainName": "ARZW",
          "commandLine": "taskhostw.exe KEYROAMING",
          "targetUserSid": "S-1-5-21-228770904-35461013-1130905197-2636",
          "subjectUserName": "VM-MINISERVICES$"
        },
        "system": {
          "eventID": "4688",
          "keywords": "0x8020000000000000",
          "providerGuid": "{54849625-5478-4994-a5ba-3e3b0328c30d}",
          "level": "0",
          "channel": "Security",
          "opcode": "0",
          "message": "\"A new process has been created.\r\n\r\nCreator Subject:\r\n\tSecurity ID:\t\tS-1-5-18\r\n\tAccount Name:\t\tVM-MINISERVICES$\r\n\tAccount Domain:\t\tARZW\r\n\tLogon ID:\t\t0x3E7\r\n\r\nTarget Subject:\r\n\tSecurity ID:\t\tS-1-5-21-228770904-35461013-1130905197-2636\r\n\tAccount Name:\t\tswuser\r\n\tAccount Domain:\t\tARZW\r\n\tLogon ID:\t\t0xF9AF2\r\n\r\nProcess Information:\r\n\tNew Process ID:\t\t0x1d0c\r\n\tNew Process Name:\tC:\\Windows\\System32\\taskhostw.exe\r\n\tToken Elevation Type:\tTokenElevationTypeDefault (1)\r\n\tMandatory Label:\t\tS-1-16-8192\r\n\tCreator Process ID:\t0x724\r\n\tCreator Process Name:\tC:\\Windows\\System32\\svchost.exe\r\n\tProcess Command Line:\ttaskhostw.exe KEYROAMING\r\n\r\nToken Elevation Type indicates the type of token that was assigned to the new process in accordance with User Account Control policy.\r\n\r\nType 1 is a full token with no privileges removed or groups disabled.  A full token is only used if User Account Control is disabled or if the user is the built-in Administrator account or a service account.\r\n\r\nType 2 is an elevated token with no privileges removed or groups disabled.  An elevated token is used when User Account Control is enabled and the user chooses to start the program using Run as administrator.  An elevated token is also used when an application is configured to always require administrative privilege or to always require maximum privilege, and the user is a member of the Administrators group.\r\n\r\nType 3 is a limited token with administrative privileges removed and administrative groups disabled.  The limited token is used when User Account Control is enabled, the application does not require administrative privilege, and the user does not choose to start the program using Run as administrator.\"",
          "version": "2",
          "systemTime": "2026-05-26T06:11:51.5838990Z",
          "eventRecordID": "974910",
          "threadID": "10980",
          "computer": "vm-miniservices.arzw.local",
          "task": "13312",
          "processID": "4",
          "severityValue": "AUDIT_SUCCESS",
          "providerName": "Microsoft-Windows-Security-Auditing"
        }
      }
    },
    "rule": {
      "firedtimes": 46,
      "mail": false,
      "level": 3,
      "description": "A process was created.",
      "groups": [
        "windows",
        " WEF"
      ],
      "id": "67027"
    },
    "location": "EventChannel",
    "decoder": {
      "name": "windows_eventchannel"
    },
    "id": "1779775912.11764580",
    "timestamp": "2026-05-26T06:11:52.192+0000"
  },
  {
    "input": {
      "type": "log"
    },
    "agent": {
      "ip": "172.21.5.96",
      "name": "vm-miniservices",
      "id": "113"
    },
    "manager": {
      "name": "wazuh.manager"
    },
    "data": {
      "win": {
        "eventdata": {
          "subjectLogonId": "0x3e7",
          "parentProcessName": "C:\\\\Windows\\\\System32\\\\winlogon.exe",
          "subjectDomainName": "ARZW",
          "tokenElevationType": "%%1936",
          "newProcessId": "0x1c6c",
          "mandatoryLabel": "S-1-16-16384",
          "newProcessName": "C:\\\\Windows\\\\System32\\\\LogonUI.exe",
          "targetLogonId": "0x0",
          "subjectUserSid": "S-1-5-18",
          "processId": "0x5a4",
          "commandLine": "\\\"LogonUI.exe\\\" /flags:0x0 /state0:0xab2cf055 /state1:0x41c64e6d",
          "targetUserSid": "S-1-0-0",
          "subjectUserName": "VM-MINISERVICES$"
        },
        "system": {
          "eventID": "4688",
          "keywords": "0x8020000000000000",
          "providerGuid": "{54849625-5478-4994-a5ba-3e3b0328c30d}",
          "level": "0",
          "channel": "Security",
          "opcode": "0",
          "message": "\"A new process has been created.\r\n\r\nCreator Subject:\r\n\tSecurity ID:\t\tS-1-5-18\r\n\tAccount Name:\t\tVM-MINISERVICES$\r\n\tAccount Domain:\t\tARZW\r\n\tLogon ID:\t\t0x3E7\r\n\r\nTarget Subject:\r\n\tSecurity ID:\t\tS-1-0-0\r\n\tAccount Name:\t\t-\r\n\tAccount Domain:\t\t-\r\n\tLogon ID:\t\t0x0\r\n\r\nProcess Information:\r\n\tNew Process ID:\t\t0x1c6c\r\n\tNew Process Name:\tC:\\Windows\\System32\\LogonUI.exe\r\n\tToken Elevation Type:\tTokenElevationTypeDefault (1)\r\n\tMandatory Label:\t\tS-1-16-16384\r\n\tCreator Process ID:\t0x5a4\r\n\tCreator Process Name:\tC:\\Windows\\System32\\winlogon.exe\r\n\tProcess Command Line:\t\"LogonUI.exe\" /flags:0x0 /state0:0xab2cf055 /state1:0x41c64e6d\r\n\r\nToken Elevation Type indicates the type of token that was assigned to the new process in accordance with User Account Control policy.\r\n\r\nType 1 is a full token with no privileges removed or groups disabled.  A full token is only used if User Account Control is disabled or if the user is the built-in Administrator account or a service account.\r\n\r\nType 2 is an elevated token with no privileges removed or groups disabled.  An elevated token is used when User Account Control is enabled and the user chooses to start the program using Run as administrator.  An elevated token is also used when an application is configured to always require administrative privilege or to always require maximum privilege, and the user is a member of the Administrators group.\r\n\r\nType 3 is a limited token with administrative privileges removed and administrative groups disabled.  The limited token is used when User Account Control is enabled, the application does not require administrative privilege, and the user does not choose to start the program using Run as administrator.\"",
          "version": "2",
          "systemTime": "2026-05-26T06:11:51.4006834Z",
          "eventRecordID": "974908",
          "threadID": "13200",
          "computer": "vm-miniservices.arzw.local",
          "task": "13312",
          "processID": "4",
          "severityValue": "AUDIT_SUCCESS",
          "providerName": "Microsoft-Windows-Security-Auditing"
        }
      }
    },
    "rule": {
      "firedtimes": 44,
      "mail": false,
      "level": 3,
      "description": "A process was created.",
      "groups": [
        "windows",
        " WEF"
      ],
      "id": "67027"
    },
    "location": "EventChannel",
    "decoder": {
      "name": "windows_eventchannel"
    },
    "id": "1779775912.11752911",
    "timestamp": "2026-05-26T06:11:52.191+0000"
  },
  {
    "input": {
      "type": "log"
    },
    "agent": {
      "ip": "172.21.5.96",
      "name": "vm-miniservices",
      "id": "113"
    },
    "manager": {
      "name": "wazuh.manager"
    },
    "data": {
      "win": {
        "eventdata": {
          "subjectLogonId": "0x3e7",
          "parentProcessName": "C:\\\\Windows\\\\System32\\\\svchost.exe",
          "subjectDomainName": "ARZW",
          "tokenElevationType": "%%1936",
          "newProcessId": "0x1d20",
          "mandatoryLabel": "S-1-16-8192",
          "newProcessName": "C:\\\\Windows\\\\System32\\\\TSTheme.exe",
          "targetLogonId": "0xf9af2",
          "targetUserName": "swuser",
          "subjectUserSid": "S-1-5-18",
          "processId": "0x2f0",
          "targetDomainName": "ARZW",
          "commandLine": "C:\\\\WINDOWS\\\\system32\\\\TSTheme.exe -Embedding",
          "targetUserSid": "S-1-5-21-228770904-35461013-1130905197-2636",
          "subjectUserName": "VM-MINISERVICES$"
        },
        "system": {
          "eventID": "4688",
          "keywords": "0x8020000000000000",
          "providerGuid": "{54849625-5478-4994-a5ba-3e3b0328c30d}",
          "level": "0",
          "channel": "Security",
          "opcode": "0",
          "message": "\"A new process has been created.\r\n\r\nCreator Subject:\r\n\tSecurity ID:\t\tS-1-5-18\r\n\tAccount Name:\t\tVM-MINISERVICES$\r\n\tAccount Domain:\t\tARZW\r\n\tLogon ID:\t\t0x3E7\r\n\r\nTarget Subject:\r\n\tSecurity ID:\t\tS-1-5-21-228770904-35461013-1130905197-2636\r\n\tAccount Name:\t\tswuser\r\n\tAccount Domain:\t\tARZW\r\n\tLogon ID:\t\t0xF9AF2\r\n\r\nProcess Information:\r\n\tNew Process ID:\t\t0x1d20\r\n\tNew Process Name:\tC:\\Windows\\System32\\TSTheme.exe\r\n\tToken Elevation Type:\tTokenElevationTypeDefault (1)\r\n\tMandatory Label:\t\tS-1-16-8192\r\n\tCreator Process ID:\t0x2f0\r\n\tCreator Process Name:\tC:\\Windows\\System32\\svchost.exe\r\n\tProcess Command Line:\tC:\\WINDOWS\\system32\\TSTheme.exe -Embedding\r\n\r\nToken Elevation Type indicates the type of token that was assigned to the new process in accordance with User Account Control policy.\r\n\r\nType 1 is a full token with no privileges removed or groups disabled.  A full token is only used if User Account Control is disabled or if the user is the built-in Administrator account or a service account.\r\n\r\nType 2 is an elevated token with no privileges removed or groups disabled.  An elevated token is used when User Account Control is enabled and the user chooses to start the program using Run as administrator.  An elevated token is also used when an application is configured to always require administrative privilege or to always require maximum privilege, and the user is a member of the Administrators group.\r\n\r\nType 3 is a limited token with administrative privileges removed and administrative groups disabled.  The limited token is used when User Account Control is enabled, the application does not require administrative privilege, and the user does not choose to start the program using Run as administrator.\"",
          "version": "2",
          "systemTime": "2026-05-26T06:11:51.4143900Z",
          "eventRecordID": "974909",
          "threadID": "13200",
          "computer": "vm-miniservices.arzw.local",
          "task": "13312",
          "processID": "4",
          "severityValue": "AUDIT_SUCCESS",
          "providerName": "Microsoft-Windows-Security-Auditing"
        }
      }
    },
    "rule": {
      "firedtimes": 45,
      "mail": false,
      "level": 3,
      "description": "A process was created.",
      "groups": [
        "windows",
        " WEF"
      ],
      "id": "67027"
    },
    "location": "EventChannel",
    "decoder": {
      "name": "windows_eventchannel"
    },
    "id": "1779775912.11758636",
    "timestamp": "2026-05-26T06:11:52.191+0000"
  },
  {
    "input": {
      "type": "log"
    },
    "agent": {
      "ip": "172.21.5.96",
      "name": "vm-miniservices",
      "id": "113"
    },
    "manager": {
      "name": "wazuh.manager"
    },
    "data": {
      "win": {
        "eventdata": {
          "targetLogonId": "0x1a650f30",
          "targetUserName": "swUser",
          "targetDomainName": "ARZW",
          "targetUserSid": "S-1-5-21-228770904-35461013-1130905197-2636",
          "logonType": "3"
        },
        "system": {
          "eventID": "4634",
          "keywords": "0x8020000000000000",
          "providerGuid": "{54849625-5478-4994-a5ba-3e3b0328c30d}",
          "level": "0",
          "channel": "Security",
          "opcode": "0",
          "message": "\"An account was logged off.\r\n\r\nSubject:\r\n\tSecurity ID:\t\tS-1-5-21-228770904-35461013-1130905197-2636\r\n\tAccount Name:\t\tswUser\r\n\tAccount Domain:\t\tARZW\r\n\tLogon ID:\t\t0x1A650F30\r\n\r\nLogon Type:\t\t\t3\r\n\r\nThis event is generated when a logon session is destroyed. It may be positively correlated with a logon event using the Logon ID value. Logon IDs are only unique between reboots on the same computer.\"",
          "version": "0",
          "systemTime": "2026-05-26T06:11:51.1047273Z",
          "eventRecordID": "974907",
          "threadID": "508",
          "computer": "vm-miniservices.arzw.local",
          "task": "12545",
          "processID": "444",
          "severityValue": "AUDIT_SUCCESS",
          "providerName": "Microsoft-Windows-Security-Auditing"
        }
      }
    },
    "rule": {
      "firedtimes": 9,
      "mail": false,
      "level": 3,
      "pci_dss": [
        "10.2.5"
      ],
      "hipaa": [
        "164.312.b"
      ],
      "tsc": [
        "CC6.8",
        "CC7.2",
        "CC7.3"
      ],
      "description": "Windows User Logoff",
      "groups": [
        "windows",
        "windows_security"
      ],
      "id": "60137",
      "nist_800_53": [
        "AU.14",
        "AC.7"
      ],
      "gdpr": [
        "IV_32.2"
      ]
    },
    "location": "EventChannel",
    "decoder": {
      "name": "windows_eventchannel"
    },
    "id": "1779775912.11750434",
    "timestamp": "2026-05-26T06:11:52.188+0000"
  },
  {
    "input": {
      "type": "log"
    },
    "agent": {
      "ip": "172.21.5.96",
      "name": "vm-miniservices",
      "id": "113"
    },
    "manager": {
      "name": "wazuh.manager"
    },
    "data": {
      "win": {
        "eventdata": {
          "subjectLogonId": "0x3e7",
          "parentProcessName": "C:\\\\Windows\\\\System32\\\\svchost.exe",
          "subjectDomainName": "ARZW",
          "tokenElevationType": "%%1936",
          "newProcessId": "0x2614",
          "mandatoryLabel": "S-1-16-8192",
          "newProcessName": "C:\\\\Windows\\\\System32\\\\SecurityHealth\\\\10.0.29573.1002-0\\\\SecurityHealthHost.exe",
          "targetLogonId": "0xf9af2",
          "targetUserName": "swuser",
          "subjectUserSid": "S-1-5-18",
          "processId": "0x2f0",
          "targetDomainName": "ARZW",
          "commandLine": "\\\\\\\\?\\\\C:\\\\Windows\\\\System32\\\\SecurityHealth\\\\10.0.29573.1002-0\\\\SecurityHealthHost.exe {08728914-3F57-4D52-9E31-49DAECA5A80A} -Embedding",
          "targetUserSid": "S-1-5-21-228770904-35461013-1130905197-2636",
          "subjectUserName": "VM-MINISERVICES$"
        },
        "system": {
          "eventID": "4688",
          "keywords": "0x8020000000000000",
          "providerGuid": "{54849625-5478-4994-a5ba-3e3b0328c30d}",
          "level": "0",
          "channel": "Security",
          "opcode": "0",
          "message": "\"A new process has been created.\r\n\r\nCreator Subject:\r\n\tSecurity ID:\t\tS-1-5-18\r\n\tAccount Name:\t\tVM-MINISERVICES$\r\n\tAccount Domain:\t\tARZW\r\n\tLogon ID:\t\t0x3E7\r\n\r\nTarget Subject:\r\n\tSecurity ID:\t\tS-1-5-21-228770904-35461013-1130905197-2636\r\n\tAccount Name:\t\tswuser\r\n\tAccount Domain:\t\tARZW\r\n\tLogon ID:\t\t0xF9AF2\r\n\r\nProcess Information:\r\n\tNew Process ID:\t\t0x2614\r\n\tNew Process Name:\tC:\\Windows\\System32\\SecurityHealth\\10.0.29573.1002-0\\SecurityHealthHost.exe\r\n\tToken Elevation Type:\tTokenElevationTypeDefault (1)\r\n\tMandatory Label:\t\tS-1-16-8192\r\n\tCreator Process ID:\t0x2f0\r\n\tCreator Process Name:\tC:\\Windows\\System32\\svchost.exe\r\n\tProcess Command Line:\t\\\\?\\C:\\Windows\\System32\\SecurityHealth\\10.0.29573.1002-0\\SecurityHealthHost.exe {08728914-3F57-4D52-9E31-49DAECA5A80A} -Embedding\r\n\r\nToken Elevation Type indicates the type of token that was assigned to the new process in accordance with User Account Control policy.\r\n\r\nType 1 is a full token with no privileges removed or groups disabled.  A full token is only used if User Account Control is disabled or if the user is the built-in Administrator account or a service account.\r\n\r\nType 2 is an elevated token with no privileges removed or groups disabled.  An elevated token is used when User Account Control is enabled and the user chooses to start the program using Run as administrator.  An elevated token is also used when an application is configured to always require administrative privilege or to always require maximum privilege, and the user is a member of the Administrators group.\r\n\r\nType 3 is a limited token with administrative privileges removed and administrative groups disabled.  The limited token is used when User Account Control is enabled, the application does not require administrative privilege, and the user does not choose to start the program using Run as administrator.\"",
          "version": "2",
          "systemTime": "2026-05-26T06:11:42.0899106Z",
          "eventRecordID": "974906",
          "threadID": "13200",
          "computer": "vm-miniservices.arzw.local",
          "task": "13312",
          "processID": "4",
          "severityValue": "AUDIT_SUCCESS",
          "providerName": "Microsoft-Windows-Security-Auditing"
        }
      }
    },
    "rule": {
      "firedtimes": 43,
      "mail": false,
      "level": 3,
      "description": "A process was created.",
      "groups": [
        "windows",
        " WEF"
      ],
      "id": "67027"
    },
    "location": "EventChannel",
    "decoder": {
      "name": "windows_eventchannel"
    },
    "id": "1779775903.11701704",
    "timestamp": "2026-05-26T06:11:43.165+0000"
  },
  {
    "input": {
      "type": "log"
    },
    "agent": {
      "ip": "172.21.5.96",
      "name": "vm-miniservices",
      "id": "113"
    },
    "manager": {
      "name": "wazuh.manager"
    },
    "data": {
      "win": {
        "eventdata": {
          "subjectLogonId": "0x3e7",
          "parentProcessName": "C:\\\\Windows\\\\System32\\\\svchost.exe",
          "subjectDomainName": "ARZW",
          "tokenElevationType": "%%1936",
          "newProcessId": "0x18d4",
          "mandatoryLabel": "S-1-16-8192",
          "newProcessName": "C:\\\\Windows\\\\System32\\\\dllhost.exe",
          "targetLogonId": "0xf9af2",
          "targetUserName": "swuser",
          "subjectUserSid": "S-1-5-18",
          "processId": "0x2f0",
          "targetDomainName": "ARZW",
          "commandLine": "C:\\\\WINDOWS\\\\system32\\\\DllHost.exe /Processid:{AB8902B4-09CA-4BB6-B78D-A8F59079A8D5}",
          "targetUserSid": "S-1-5-21-228770904-35461013-1130905197-2636",
          "subjectUserName": "VM-MINISERVICES$"
        },
        "system": {
          "eventID": "4688",
          "keywords": "0x8020000000000000",
          "providerGuid": "{54849625-5478-4994-a5ba-3e3b0328c30d}",
          "level": "0",
          "channel": "Security",
          "opcode": "0",
          "message": "\"A new process has been created.\r\n\r\nCreator Subject:\r\n\tSecurity ID:\t\tS-1-5-18\r\n\tAccount Name:\t\tVM-MINISERVICES$\r\n\tAccount Domain:\t\tARZW\r\n\tLogon ID:\t\t0x3E7\r\n\r\nTarget Subject:\r\n\tSecurity ID:\t\tS-1-5-21-228770904-35461013-1130905197-2636\r\n\tAccount Name:\t\tswuser\r\n\tAccount Domain:\t\tARZW\r\n\tLogon ID:\t\t0xF9AF2\r\n\r\nProcess Information:\r\n\tNew Process ID:\t\t0x18d4\r\n\tNew Process Name:\tC:\\Windows\\System32\\dllhost.exe\r\n\tToken Elevation Type:\tTokenElevationTypeDefault (1)\r\n\tMandatory Label:\t\tS-1-16-8192\r\n\tCreator Process ID:\t0x2f0\r\n\tCreator Process Name:\tC:\\Windows\\System32\\svchost.exe\r\n\tProcess Command Line:\tC:\\WINDOWS\\system32\\DllHost.exe /Processid:{AB8902B4-09CA-4BB6-B78D-A8F59079A8D5}\r\n\r\nToken Elevation Type indicates the type of token that was assigned to the new process in accordance with User Account Control policy.\r\n\r\nType 1 is a full token with no privileges removed or groups disabled.  A full token is only used if User Account Control is disabled or if the user is the built-in Administrator account or a service account.\r\n\r\nType 2 is an elevated token with no privileges removed or groups disabled.  An elevated token is used when User Account Control is enabled and the user chooses to start the program using Run as administrator.  An elevated token is also used when an application is configured to always require administrative privilege or to always require maximum privilege, and the user is a member of the Administrators group.\r\n\r\nType 3 is a limited token with administrative privileges removed and administrative groups disabled.  The limited token is used when User Account Control is enabled, the application does not require administrative privilege, and the user does not choose to start the program using Run as administrator.\"",
          "version": "2",
          "systemTime": "2026-05-26T06:11:32.5198232Z",
          "eventRecordID": "974903",
          "threadID": "12988",
          "computer": "vm-miniservices.arzw.local",
          "task": "13312",
          "processID": "4",
          "severityValue": "AUDIT_SUCCESS",
          "providerName": "Microsoft-Windows-Security-Auditing"
        }
      }
    },
    "rule": {
      "firedtimes": 42,
      "mail": false,
      "level": 3,
      "description": "A process was created.",
      "groups": [
        "windows",
        " WEF"
      ],
      "id": "67027"
    },
    "location": "EventChannel",
    "decoder": {
      "name": "windows_eventchannel"
    },
    "id": "1779775893.11681337",
    "timestamp": "2026-05-26T06:11:33.275+0000"
  },
  {
    "input": {
      "type": "log"
    },
    "agent": {
      "ip": "172.21.5.96",
      "name": "vm-miniservices",
      "id": "113"
    },
    "manager": {
      "name": "wazuh.manager"
    },
    "data": {
      "win": {
        "eventdata": {
          "subjectLogonId": "0x3e7",
          "parentProcessName": "C:\\\\Windows\\\\System32\\\\svchost.exe",
          "subjectDomainName": "ARZW",
          "tokenElevationType": "%%1936",
          "newProcessId": "0x31f8",
          "mandatoryLabel": "S-1-16-16384",
          "newProcessName": "C:\\\\Windows\\\\System32\\\\dllhost.exe",
          "targetLogonId": "0x0",
          "subjectUserSid": "S-1-5-18",
          "processId": "0x2f0",
          "commandLine": "C:\\\\WINDOWS\\\\system32\\\\DllHost.exe /Processid:{133EAC4F-5891-4D04-BADA-D84870380A80}",
          "targetUserSid": "S-1-0-0",
          "subjectUserName": "VM-MINISERVICES$"
        },
        "system": {
          "eventID": "4688",
          "keywords": "0x8020000000000000",
          "providerGuid": "{54849625-5478-4994-a5ba-3e3b0328c30d}",
          "level": "0",
          "channel": "Security",
          "opcode": "0",
          "message": "\"A new process has been created.\r\n\r\nCreator Subject:\r\n\tSecurity ID:\t\tS-1-5-18\r\n\tAccount Name:\t\tVM-MINISERVICES$\r\n\tAccount Domain:\t\tARZW\r\n\tLogon ID:\t\t0x3E7\r\n\r\nTarget Subject:\r\n\tSecurity ID:\t\tS-1-0-0\r\n\tAccount Name:\t\t-\r\n\tAccount Domain:\t\t-\r\n\tLogon ID:\t\t0x0\r\n\r\nProcess Information:\r\n\tNew Process ID:\t\t0x31f8\r\n\tNew Process Name:\tC:\\Windows\\System32\\dllhost.exe\r\n\tToken Elevation Type:\tTokenElevationTypeDefault (1)\r\n\tMandatory Label:\t\tS-1-16-16384\r\n\tCreator Process ID:\t0x2f0\r\n\tCreator Process Name:\tC:\\Windows\\System32\\svchost.exe\r\n\tProcess Command Line:\tC:\\WINDOWS\\system32\\DllHost.exe /Processid:{133EAC4F-5891-4D04-BADA-D84870380A80}\r\n\r\nToken Elevation Type indicates the type of token that was assigned to the new process in accordance with User Account Control policy.\r\n\r\nType 1 is a full token with no privileges removed or groups disabled.  A full token is only used if User Account Control is disabled or if the user is the built-in Administrator account or a service account.\r\n\r\nType 2 is an elevated token with no privileges removed or groups disabled.  An elevated token is used when User Account Control is enabled and the user chooses to start the program using Run as administrator.  An elevated token is also used when an application is configured to always require administrative privilege or to always require maximum privilege, and the user is a member of the Administrators group.\r\n\r\nType 3 is a limited token with administrative privileges removed and administrative groups disabled.  The limited token is used when User Account Control is enabled, the application does not require administrative privilege, and the user does not choose to start the program using Run as administrator.\"",
          "version": "2",
          "systemTime": "2026-05-26T06:11:32.5124260Z",
          "eventRecordID": "974902",
          "threadID": "7068",
          "computer": "vm-miniservices.arzw.local",
          "task": "13312",
          "processID": "4",
          "severityValue": "AUDIT_SUCCESS",
          "providerName": "Microsoft-Windows-Security-Auditing"
        }
      }
    },
    "rule": {
      "firedtimes": 41,
      "mail": false,
      "level": 3,
      "description": "A process was created.",
      "groups": [
        "windows",
        " WEF"
      ],
      "id": "67027"
    },
    "location": "EventChannel",
    "decoder": {
      "name": "windows_eventchannel"
    },
    "id": "1779775893.11675537",
    "timestamp": "2026-05-26T06:11:33.275+0000"
  },
  {
    "input": {
      "type": "log"
    },
    "agent": {
      "ip": "172.21.5.96",
      "name": "vm-miniservices",
      "id": "113"
    },
    "manager": {
      "name": "wazuh.manager"
    },
    "data": {
      "win": {
        "eventdata": {
          "subjectLogonId": "0x3e7",
          "parentProcessName": "C:\\\\Windows\\\\System32\\\\svchost.exe",
          "subjectDomainName": "ARZW",
          "tokenElevationType": "%%1936",
          "newProcessId": "0x1ef4",
          "mandatoryLabel": "S-1-16-16384",
          "newProcessName": "C:\\\\Windows\\\\System32\\\\taskhostw.exe",
          "targetLogonId": "0x0",
          "subjectUserSid": "S-1-5-18",
          "processId": "0x724",
          "commandLine": "taskhostw.exe",
          "targetUserSid": "S-1-0-0",
          "subjectUserName": "VM-MINISERVICES$"
        },
        "system": {
          "eventID": "4688",
          "keywords": "0x8020000000000000",
          "providerGuid": "{54849625-5478-4994-a5ba-3e3b0328c30d}",
          "level": "0",
          "channel": "Security",
          "opcode": "0",
          "message": "\"A new process has been created.\r\n\r\nCreator Subject:\r\n\tSecurity ID:\t\tS-1-5-18\r\n\tAccount Name:\t\tVM-MINISERVICES$\r\n\tAccount Domain:\t\tARZW\r\n\tLogon ID:\t\t0x3E7\r\n\r\nTarget Subject:\r\n\tSecurity ID:\t\tS-1-0-0\r\n\tAccount Name:\t\t-\r\n\tAccount Domain:\t\t-\r\n\tLogon ID:\t\t0x0\r\n\r\nProcess Information:\r\n\tNew Process ID:\t\t0x1ef4\r\n\tNew Process Name:\tC:\\Windows\\System32\\taskhostw.exe\r\n\tToken Elevation Type:\tTokenElevationTypeDefault (1)\r\n\tMandatory Label:\t\tS-1-16-16384\r\n\tCreator Process ID:\t0x724\r\n\tCreator Process Name:\tC:\\Windows\\System32\\svchost.exe\r\n\tProcess Command Line:\ttaskhostw.exe\r\n\r\nToken Elevation Type indicates the type of token that was assigned to the new process in accordance with User Account Control policy.\r\n\r\nType 1 is a full token with no privileges removed or groups disabled.  A full token is only used if User Account Control is disabled or if the user is the built-in Administrator account or a service account.\r\n\r\nType 2 is an elevated token with no privileges removed or groups disabled.  An elevated token is used when User Account Control is enabled and the user chooses to start the program using Run as administrator.  An elevated token is also used when an application is configured to always require administrative privilege or to always require maximum privilege, and the user is a member of the Administrators group.\r\n\r\nType 3 is a limited token with administrative privileges removed and administrative groups disabled.  The limited token is used when User Account Control is enabled, the application does not require administrative privilege, and the user does not choose to start the program using Run as administrator.\"",
          "version": "2",
          "systemTime": "2026-05-26T06:11:32.4856089Z",
          "eventRecordID": "974901",
          "threadID": "7068",
          "computer": "vm-miniservices.arzw.local",
          "task": "13312",
          "processID": "4",
          "severityValue": "AUDIT_SUCCESS",
          "providerName": "Microsoft-Windows-Security-Auditing"
        }
      }
    },
    "rule": {
      "firedtimes": 40,
      "mail": false,
      "level": 3,
      "description": "A process was created.",
      "groups": [
        "windows",
        " WEF"
      ],
      "id": "67027"
    },
    "location": "EventChannel",
    "decoder": {
      "name": "windows_eventchannel"
    },
    "id": "1779775893.11670016",
    "timestamp": "2026-05-26T06:11:33.244+0000"
  },
