  {
    "input": {
      "type": "log"
    },
    "agent": {
      "ip": "172.21.5.96",
      "name": "vm-miniservices",
      "id": "113"
    },
    "manager": {
      "name": "wazuh.manager"
    },
    "data": {
      "win": {
        "eventdata": {
          "subjectLogonId": "0x3e7",
          "parentProcessName": "C:\\\\Windows\\\\System32\\\\svchost.exe",
          "subjectDomainName": "ARZW",
          "tokenElevationType": "%%1936",
          "newProcessId": "0x1a8c",
          "mandatoryLabel": "S-1-16-4096",
          "newProcessName": "C:\\\\Windows\\\\System32\\\\backgroundTaskHost.exe",
          "targetLogonId": "0xf9af2",
          "targetUserName": "swuser",
          "subjectUserSid": "S-1-5-18",
          "processId": "0x2f0",
          "targetDomainName": "ARZW",
          "commandLine": "\\\"C:\\\\WINDOWS\\\\system32\\\\backgroundTaskHost.exe\\\" -ServerName:Global.DesktopSpotlight.AppXz2j21w56bgxkgsjhtn7zkjsepq96erz2.mca",
          "targetUserSid": "S-1-5-21-228770904-35461013-1130905197-2636",
          "subjectUserName": "VM-MINISERVICES$"
        },
        "system": {
          "eventID": "4688",
          "keywords": "0x8020000000000000",
          "providerGuid": "{54849625-5478-4994-a5ba-3e3b0328c30d}",
          "level": "0",
          "channel": "Security",
          "opcode": "0",
          "message": "\"A new process has been created.\r\n\r\nCreator Subject:\r\n\tSecurity ID:\t\tS-1-5-18\r\n\tAccount Name:\t\tVM-MINISERVICES$\r\n\tAccount Domain:\t\tARZW\r\n\tLogon ID:\t\t0x3E7\r\n\r\nTarget Subject:\r\n\tSecurity ID:\t\tS-1-5-21-228770904-35461013-1130905197-2636\r\n\tAccount Name:\t\tswuser\r\n\tAccount Domain:\t\tARZW\r\n\tLogon ID:\t\t0xF9AF2\r\n\r\nProcess Information:\r\n\tNew Process ID:\t\t0x1a8c\r\n\tNew Process Name:\tC:\\Windows\\System32\\backgroundTaskHost.exe\r\n\tToken Elevation Type:\tTokenElevationTypeDefault (1)\r\n\tMandatory Label:\t\tS-1-16-4096\r\n\tCreator Process ID:\t0x2f0\r\n\tCreator Process Name:\tC:\\Windows\\System32\\svchost.exe\r\n\tProcess Command Line:\t\"C:\\WINDOWS\\system32\\backgroundTaskHost.exe\" -ServerName:Global.DesktopSpotlight.AppXz2j21w56bgxkgsjhtn7zkjsepq96erz2.mca\r\n\r\nToken Elevation Type indicates the type of token that was assigned to the new process in accordance with User Account Control policy.\r\n\r\nType 1 is a full token with no privileges removed or groups disabled.  A full token is only used if User Account Control is disabled or if the user is the built-in Administrator account or a service account.\r\n\r\nType 2 is an elevated token with no privileges removed or groups disabled.  An elevated token is used when User Account Control is enabled and the user chooses to start the program using Run as administrator.  An elevated token is also used when an application is configured to always require administrative privilege or to always require maximum privilege, and the user is a member of the Administrators group.\r\n\r\nType 3 is a limited token with administrative privileges removed and administrative groups disabled.  The limited token is used when User Account Control is enabled, the application does not require administrative privilege, and the user does not choose to start the program using Run as administrator.\"",
          "version": "2",
          "systemTime": "2026-05-26T10:43:14.4307003Z",
          "eventRecordID": "975519",
          "threadID": "7600",
          "computer": "vm-miniservices.arzw.local",
          "task": "13312",
          "processID": "4",
          "severityValue": "AUDIT_SUCCESS",
          "providerName": "Microsoft-Windows-Security-Auditing"
        }
      }
    },
    "rule": {
      "firedtimes": 57,
      "mail": false,
      "level": 3,
      "description": "A process was created.",
      "groups": [
        "windows",
        " WEF"
      ],
      "id": "67027"
    },
    "location": "EventChannel",
    "decoder": {
      "name": "windows_eventchannel"
    },
    "id": "1779792195.22329606",
    "timestamp": "2026-05-26T10:43:15.445+0000"
  },
  {
    "input": {
      "type": "log"
    },
    "agent": {
      "ip": "172.21.5.96",
      "name": "vm-miniservices",
      "id": "113"
    },
    "manager": {
      "name": "wazuh.manager"
    },
    "data": {
      "win": {
        "eventdata": {
          "subjectLogonId": "0x3e7",
          "parentProcessName": "C:\\\\Windows\\\\System32\\\\svchost.exe",
          "subjectDomainName": "ARZW",
          "tokenElevationType": "%%1936",
          "newProcessId": "0x2908",
          "mandatoryLabel": "S-1-16-4096",
          "newProcessName": "C:\\\\Windows\\\\System32\\\\backgroundTaskHost.exe",
          "targetLogonId": "0x2b839d",
          "targetUserName": "administrator",
          "subjectUserSid": "S-1-5-18",
          "processId": "0x2f0",
          "targetDomainName": "ARZW",
          "commandLine": "\\\"C:\\\\WINDOWS\\\\system32\\\\backgroundTaskHost.exe\\\" -ServerName:Global.DesktopSpotlight.AppXz2j21w56bgxkgsjhtn7zkjsepq96erz2.mca",
          "targetUserSid": "S-1-5-21-228770904-35461013-1130905197-500",
          "subjectUserName": "VM-MINISERVICES$"
        },
        "system": {
          "eventID": "4688",
          "keywords": "0x8020000000000000",
          "providerGuid": "{54849625-5478-4994-a5ba-3e3b0328c30d}",
          "level": "0",
          "channel": "Security",
          "opcode": "0",
          "message": "\"A new process has been created.\r\n\r\nCreator Subject:\r\n\tSecurity ID:\t\tS-1-5-18\r\n\tAccount Name:\t\tVM-MINISERVICES$\r\n\tAccount Domain:\t\tARZW\r\n\tLogon ID:\t\t0x3E7\r\n\r\nTarget Subject:\r\n\tSecurity ID:\t\tS-1-5-21-228770904-35461013-1130905197-500\r\n\tAccount Name:\t\tadministrator\r\n\tAccount Domain:\t\tARZW\r\n\tLogon ID:\t\t0x2B839D\r\n\r\nProcess Information:\r\n\tNew Process ID:\t\t0x2908\r\n\tNew Process Name:\tC:\\Windows\\System32\\backgroundTaskHost.exe\r\n\tToken Elevation Type:\tTokenElevationTypeDefault (1)\r\n\tMandatory Label:\t\tS-1-16-4096\r\n\tCreator Process ID:\t0x2f0\r\n\tCreator Process Name:\tC:\\Windows\\System32\\svchost.exe\r\n\tProcess Command Line:\t\"C:\\WINDOWS\\system32\\backgroundTaskHost.exe\" -ServerName:Global.DesktopSpotlight.AppXz2j21w56bgxkgsjhtn7zkjsepq96erz2.mca\r\n\r\nToken Elevation Type indicates the type of token that was assigned to the new process in accordance with User Account Control policy.\r\n\r\nType 1 is a full token with no privileges removed or groups disabled.  A full token is only used if User Account Control is disabled or if the user is the built-in Administrator account or a service account.\r\n\r\nType 2 is an elevated token with no privileges removed or groups disabled.  An elevated token is used when User Account Control is enabled and the user chooses to start the program using Run as administrator.  An elevated token is also used when an application is configured to always require administrative privilege or to always require maximum privilege, and the user is a member of the Administrators group.\r\n\r\nType 3 is a limited token with administrative privileges removed and administrative groups disabled.  The limited token is used when User Account Control is enabled, the application does not require administrative privilege, and the user does not choose to start the program using Run as administrator.\"",
          "version": "2",
          "systemTime": "2026-05-26T10:43:14.4023828Z",
          "eventRecordID": "975518",
          "threadID": "8368",
          "computer": "vm-miniservices.arzw.local",
          "task": "13312",
          "processID": "4",
          "severityValue": "AUDIT_SUCCESS",
          "providerName": "Microsoft-Windows-Security-Auditing"
        }
      }
    },
    "rule": {
      "firedtimes": 56,
      "mail": false,
      "level": 3,
      "description": "A process was created.",
      "groups": [
        "windows",
        " WEF"
      ],
      "id": "67027"
    },
    "location": "EventChannel",
    "decoder": {
      "name": "windows_eventchannel"
    },
    "id": "1779792195.22323266",
    "timestamp": "2026-05-26T10:43:15.404+0000"
  },
  {
    "input": {
      "type": "log"
    },
    "agent": {
      "ip": "172.21.5.96",
      "name": "vm-miniservices",
      "id": "113"
    },
    "manager": {
      "name": "wazuh.manager"
    },
    "data": {
      "win": {
        "eventdata": {
          "param3": "demand start",
          "param4": "BITS",
          "param1": "Background Intelligent Transfer Service",
          "param2": "auto start"
        },
        "system": {
          "eventID": "7040",
          "eventSourceName": "Service Control Manager",
          "keywords": "0x8080000000000000",
          "providerGuid": "{555908d1-a6d7-4695-8e1e-26931d2012f4}",
          "level": "4",
          "channel": "System",
          "opcode": "0",
          "message": "\"The start type of the Background Intelligent Transfer Service service was changed from auto start to demand start.\"",
          "version": "0",
          "systemTime": "2026-05-26T10:40:26.9292965Z",
          "eventRecordID": "79159",
          "threadID": "2868",
          "computer": "vm-miniservices.arzw.local",
          "task": "0",
          "processID": "1008",
          "severityValue": "INFORMATION",
          "providerName": "Service Control Manager"
        }
      }
    },
    "rule": {
      "firedtimes": 15,
      "mail": false,
      "level": 3,
      "pci_dss": [
        "10.6"
      ],
      "hipaa": [
        "164.312.b"
      ],
      "tsc": [
        "CC6.1",
        "CC6.8",
        "CC7.2",
        "CC7.3"
      ],
      "description": "Service startup type was changed",
      "groups": [
        "windows",
        "windows_system",
        "policy_changed"
      ],
      "id": "61104",
      "nist_800_53": [
        "AU.6"
      ],
      "info": "This does not appear to be logged on Windows 2000",
      "gdpr": [
        "IV_35.7.d"
      ]
    },
    "location": "EventChannel",
    "decoder": {
      "name": "windows_eventchannel"
    },
    "id": "1779792027.22284888",
    "timestamp": "2026-05-26T10:40:27.929+0000"
  },
  {
    "input": {
      "type": "log"
    },
    "agent": {
      "ip": "172.21.5.96",
      "name": "vm-miniservices",
      "id": "113"
    },
    "manager": {
      "name": "wazuh.manager"
    },
    "data": {
      "win": {
        "eventdata": {
          "data": "2126-05-02T10:39:03Z, RulesEngine"
        },
        "system": {
          "eventID": "16384",
          "eventSourceName": "Software Protection Platform Service",
          "keywords": "0x80000000000000",
          "providerGuid": "{E23B33B0-C8C9-472C-A5F9-F2BDFEA0F156}",
          "level": "4",
          "channel": "Application",
          "opcode": "0",
          "message": "\"Successfully scheduled Software Protection service for re-start at 2126-05-02T10:39:03Z. Reason: RulesEngine.\"",
          "version": "0",
          "systemTime": "2026-05-26T10:39:03.3503247Z",
          "eventRecordID": "53612",
          "threadID": "0",
          "computer": "vm-miniservices.arzw.local",
          "task": "0",
          "processID": "7364",
          "severityValue": "INFORMATION",
          "providerName": "Microsoft-Windows-Security-SPP"
        }
      }
    },
    "rule": {
      "firedtimes": 99,
      "mail": false,
      "level": 3,
      "description": "Software protection service scheduled successfully.",
      "groups": [
        "windows",
        "windows_application"
      ],
      "id": "60642"
    },
    "location": "EventChannel",
    "decoder": {
      "name": "windows_eventchannel"
    },
    "id": "1779791943.22276730",
    "timestamp": "2026-05-26T10:39:03.349+0000"
  },
  {
    "input": {
      "type": "log"
    },
    "agent": {
      "ip": "172.21.5.96",
      "name": "vm-miniservices",
      "id": "113"
    },
    "manager": {
      "name": "wazuh.manager"
    },
    "data": {
      "win": {
        "eventdata": {
          "subjectLogonId": "0x3e7",
          "parentProcessName": "C:\\\\Windows\\\\System32\\\\services.exe",
          "subjectDomainName": "ARZW",
          "tokenElevationType": "%%1936",
          "newProcessId": "0x29cc",
          "mandatoryLabel": "S-1-16-16384",
          "newProcessName": "C:\\\\Windows\\\\System32\\\\svchost.exe",
          "targetLogonId": "0x0",
          "subjectUserSid": "S-1-5-18",
          "processId": "0x3f0",
          "commandLine": "C:\\\\WINDOWS\\\\system32\\\\svchost.exe -k wsappx -p -s AppXSvc",
          "targetUserSid": "S-1-0-0",
          "subjectUserName": "VM-MINISERVICES$"
        },
        "system": {
          "eventID": "4688",
          "keywords": "0x8020000000000000",
          "providerGuid": "{54849625-5478-4994-a5ba-3e3b0328c30d}",
          "level": "0",
          "channel": "Security",
          "opcode": "0",
          "message": "\"A new process has been created.\r\n\r\nCreator Subject:\r\n\tSecurity ID:\t\tS-1-5-18\r\n\tAccount Name:\t\tVM-MINISERVICES$\r\n\tAccount Domain:\t\tARZW\r\n\tLogon ID:\t\t0x3E7\r\n\r\nTarget Subject:\r\n\tSecurity ID:\t\tS-1-0-0\r\n\tAccount Name:\t\t-\r\n\tAccount Domain:\t\t-\r\n\tLogon ID:\t\t0x0\r\n\r\nProcess Information:\r\n\tNew Process ID:\t\t0x29cc\r\n\tNew Process Name:\tC:\\Windows\\System32\\svchost.exe\r\n\tToken Elevation Type:\tTokenElevationTypeDefault (1)\r\n\tMandatory Label:\t\tS-1-16-16384\r\n\tCreator Process ID:\t0x3f0\r\n\tCreator Process Name:\tC:\\Windows\\System32\\services.exe\r\n\tProcess Command Line:\tC:\\WINDOWS\\system32\\svchost.exe -k wsappx -p -s AppXSvc\r\n\r\nToken Elevation Type indicates the type of token that was assigned to the new process in accordance with User Account Control policy.\r\n\r\nType 1 is a full token with no privileges removed or groups disabled.  A full token is only used if User Account Control is disabled or if the user is the built-in Administrator account or a service account.\r\n\r\nType 2 is an elevated token with no privileges removed or groups disabled.  An elevated token is used when User Account Control is enabled and the user chooses to start the program using Run as administrator.  An elevated token is also used when an application is configured to always require administrative privilege or to always require maximum privilege, and the user is a member of the Administrators group.\r\n\r\nType 3 is a limited token with administrative privileges removed and administrative groups disabled.  The limited token is used when User Account Control is enabled, the application does not require administrative privilege, and the user does not choose to start the program using Run as administrator.\"",
          "version": "2",
          "systemTime": "2026-05-26T10:38:33.3788400Z",
          "eventRecordID": "975517",
          "threadID": "7600",
          "computer": "vm-miniservices.arzw.local",
          "task": "13312",
          "processID": "4",
          "severityValue": "AUDIT_SUCCESS",
          "providerName": "Microsoft-Windows-Security-Auditing"
        }
      }
    },
    "rule": {
      "firedtimes": 55,
      "mail": false,
      "level": 3,
      "description": "A process was created.",
      "groups": [
        "windows",
        " WEF"
      ],
      "id": "67027"
    },
    "location": "EventChannel",
    "decoder": {
      "name": "windows_eventchannel"
    },
    "id": "1779791914.22267799",
    "timestamp": "2026-05-26T10:38:34.380+0000"
  },
  {
    "input": {
      "type": "log"
    },
    "agent": {
      "ip": "172.21.5.96",
      "name": "vm-miniservices",
      "id": "113"
    },
    "manager": {
      "name": "wazuh.manager"
    },
    "data": {
      "win": {
        "eventdata": {
          "subjectLogonId": "0x3e7",
          "parentProcessName": "C:\\\\Windows\\\\System32\\\\services.exe",
          "subjectDomainName": "ARZW",
          "tokenElevationType": "%%1936",
          "newProcessId": "0x1cc4",
          "mandatoryLabel": "S-1-16-16384",
          "newProcessName": "C:\\\\Windows\\\\System32\\\\sppsvc.exe",
          "targetLogonId": "0x3e4",
          "targetUserName": "VM-MINISERVICES$",
          "subjectUserSid": "S-1-5-18",
          "processId": "0x3f0",
          "targetDomainName": "ARZW",
          "commandLine": "C:\\\\WINDOWS\\\\system32\\\\sppsvc.exe",
          "targetUserSid": "S-1-0-0",
          "subjectUserName": "VM-MINISERVICES$"
        },
        "system": {
          "eventID": "4688",
          "keywords": "0x8020000000000000",
          "providerGuid": "{54849625-5478-4994-a5ba-3e3b0328c30d}",
          "level": "0",
          "channel": "Security",
          "opcode": "0",
          "message": "\"A new process has been created.\r\n\r\nCreator Subject:\r\n\tSecurity ID:\t\tS-1-5-18\r\n\tAccount Name:\t\tVM-MINISERVICES$\r\n\tAccount Domain:\t\tARZW\r\n\tLogon ID:\t\t0x3E7\r\n\r\nTarget Subject:\r\n\tSecurity ID:\t\tS-1-0-0\r\n\tAccount Name:\t\tVM-MINISERVICES$\r\n\tAccount Domain:\t\tARZW\r\n\tLogon ID:\t\t0x3E4\r\n\r\nProcess Information:\r\n\tNew Process ID:\t\t0x1cc4\r\n\tNew Process Name:\tC:\\Windows\\System32\\sppsvc.exe\r\n\tToken Elevation Type:\tTokenElevationTypeDefault (1)\r\n\tMandatory Label:\t\tS-1-16-16384\r\n\tCreator Process ID:\t0x3f0\r\n\tCreator Process Name:\tC:\\Windows\\System32\\services.exe\r\n\tProcess Command Line:\tC:\\WINDOWS\\system32\\sppsvc.exe\r\n\r\nToken Elevation Type indicates the type of token that was assigned to the new process in accordance with User Account Control policy.\r\n\r\nType 1 is a full token with no privileges removed or groups disabled.  A full token is only used if User Account Control is disabled or if the user is the built-in Administrator account or a service account.\r\n\r\nType 2 is an elevated token with no privileges removed or groups disabled.  An elevated token is used when User Account Control is enabled and the user chooses to start the program using Run as administrator.  An elevated token is also used when an application is configured to always require administrative privilege or to always require maximum privilege, and the user is a member of the Administrators group.\r\n\r\nType 3 is a limited token with administrative privileges removed and administrative groups disabled.  The limited token is used when User Account Control is enabled, the application does not require administrative privilege, and the user does not choose to start the program using Run as administrator.\"",
          "version": "2",
          "systemTime": "2026-05-26T10:38:21.1971978Z",
          "eventRecordID": "975514",
          "threadID": "8384",
          "computer": "vm-miniservices.arzw.local",
          "task": "13312",
          "processID": "4",
          "severityValue": "AUDIT_SUCCESS",
          "providerName": "Microsoft-Windows-Security-Auditing"
        }
      }
    },
    "rule": {
      "firedtimes": 54,
      "mail": false,
      "level": 3,
      "description": "A process was created.",
      "groups": [
        "windows",
        " WEF"
      ],
      "id": "67027"
    },
    "location": "EventChannel",
    "decoder": {
      "name": "windows_eventchannel"
    },
    "id": "1779791901.22260384",
    "timestamp": "2026-05-26T10:38:21.386+0000"
  },
  {
    "input": {
      "type": "log"
    },
    "agent": {
      "ip": "172.21.5.96",
      "name": "vm-miniservices",
      "id": "113"
    },
    "manager": {
      "name": "wazuh.manager"
    },
    "data": {
      "win": {
        "eventdata": {
          "subjectLogonId": "0x3e7",
          "parentProcessName": "C:\\\\Windows\\\\System32\\\\services.exe",
          "subjectDomainName": "ARZW",
          "tokenElevationType": "%%1936",
          "newProcessId": "0x540",
          "mandatoryLabel": "S-1-16-16384",
          "newProcessName": "C:\\\\Windows\\\\System32\\\\svchost.exe",
          "targetLogonId": "0x0",
          "subjectUserSid": "S-1-5-18",
          "processId": "0x3f0",
          "commandLine": "C:\\\\WINDOWS\\\\system32\\\\svchost.exe -k netsvcs -p -s wuauserv",
          "targetUserSid": "S-1-0-0",
          "subjectUserName": "VM-MINISERVICES$"
        },
        "system": {
          "eventID": "4688",
          "keywords": "0x8020000000000000",
          "providerGuid": "{54849625-5478-4994-a5ba-3e3b0328c30d}",
          "level": "0",
          "channel": "Security",
          "opcode": "0",
          "message": "\"A new process has been created.\r\n\r\nCreator Subject:\r\n\tSecurity ID:\t\tS-1-5-18\r\n\tAccount Name:\t\tVM-MINISERVICES$\r\n\tAccount Domain:\t\tARZW\r\n\tLogon ID:\t\t0x3E7\r\n\r\nTarget Subject:\r\n\tSecurity ID:\t\tS-1-0-0\r\n\tAccount Name:\t\t-\r\n\tAccount Domain:\t\t-\r\n\tLogon ID:\t\t0x0\r\n\r\nProcess Information:\r\n\tNew Process ID:\t\t0x540\r\n\tNew Process Name:\tC:\\Windows\\System32\\svchost.exe\r\n\tToken Elevation Type:\tTokenElevationTypeDefault (1)\r\n\tMandatory Label:\t\tS-1-16-16384\r\n\tCreator Process ID:\t0x3f0\r\n\tCreator Process Name:\tC:\\Windows\\System32\\services.exe\r\n\tProcess Command Line:\tC:\\WINDOWS\\system32\\svchost.exe -k netsvcs -p -s wuauserv\r\n\r\nToken Elevation Type indicates the type of token that was assigned to the new process in accordance with User Account Control policy.\r\n\r\nType 1 is a full token with no privileges removed or groups disabled.  A full token is only used if User Account Control is disabled or if the user is the built-in Administrator account or a service account.\r\n\r\nType 2 is an elevated token with no privileges removed or groups disabled.  An elevated token is used when User Account Control is enabled and the user chooses to start the program using Run as administrator.  An elevated token is also used when an application is configured to always require administrative privilege or to always require maximum privilege, and the user is a member of the Administrators group.\r\n\r\nType 3 is a limited token with administrative privileges removed and administrative groups disabled.  The limited token is used when User Account Control is enabled, the application does not require administrative privilege, and the user does not choose to start the program using Run as administrator.\"",
          "version": "2",
          "systemTime": "2026-05-26T10:38:20.3654998Z",
          "eventRecordID": "975513",
          "threadID": "340",
          "computer": "vm-miniservices.arzw.local",
          "task": "13312",
          "processID": "4",
          "severityValue": "AUDIT_SUCCESS",
          "providerName": "Microsoft-Windows-Security-Auditing"
        }
      }
    },
    "rule": {
      "firedtimes": 53,
      "mail": false,
      "level": 3,
      "description": "A process was created.",
      "groups": [
        "windows",
        " WEF"
      ],
      "id": "67027"
    },
    "location": "EventChannel",
    "decoder": {
      "name": "windows_eventchannel"
    },
    "id": "1779791901.22254682",
    "timestamp": "2026-05-26T10:38:21.370+0000"
  },
  {
    "input": {
      "type": "log"
    },
    "agent": {
      "ip": "172.21.5.96",
      "name": "vm-miniservices",
      "id": "113"
    },
    "manager": {
      "name": "wazuh.manager"
    },
    "data": {
      "win": {
        "eventdata": {
          "subjectLogonId": "0x3e7",
          "parentProcessName": "C:\\\\Windows\\\\System32\\\\svchost.exe",
          "subjectDomainName": "ARZW",
          "tokenElevationType": "%%1936",
          "newProcessId": "0x2d4c",
          "mandatoryLabel": "S-1-16-16384",
          "newProcessName": "C:\\\\Windows\\\\System32\\\\dllhost.exe",
          "targetLogonId": "0x0",
          "subjectUserSid": "S-1-5-18",
          "processId": "0x2f0",
          "commandLine": "C:\\\\WINDOWS\\\\system32\\\\DllHost.exe /Processid:{B366DEBE-645B-43A5-B865-DDD82C345492}",
          "targetUserSid": "S-1-0-0",
          "subjectUserName": "VM-MINISERVICES$"
        },
        "system": {
          "eventID": "4688",
          "keywords": "0x8020000000000000",
          "providerGuid": "{54849625-5478-4994-a5ba-3e3b0328c30d}",
          "level": "0",
          "channel": "Security",
          "opcode": "0",
          "message": "\"A new process has been created.\r\n\r\nCreator Subject:\r\n\tSecurity ID:\t\tS-1-5-18\r\n\tAccount Name:\t\tVM-MINISERVICES$\r\n\tAccount Domain:\t\tARZW\r\n\tLogon ID:\t\t0x3E7\r\n\r\nTarget Subject:\r\n\tSecurity ID:\t\tS-1-0-0\r\n\tAccount Name:\t\t-\r\n\tAccount Domain:\t\t-\r\n\tLogon ID:\t\t0x0\r\n\r\nProcess Information:\r\n\tNew Process ID:\t\t0x2d4c\r\n\tNew Process Name:\tC:\\Windows\\System32\\dllhost.exe\r\n\tToken Elevation Type:\tTokenElevationTypeDefault (1)\r\n\tMandatory Label:\t\tS-1-16-16384\r\n\tCreator Process ID:\t0x2f0\r\n\tCreator Process Name:\tC:\\Windows\\System32\\svchost.exe\r\n\tProcess Command Line:\tC:\\WINDOWS\\system32\\DllHost.exe /Processid:{B366DEBE-645B-43A5-B865-DDD82C345492}\r\n\r\nToken Elevation Type indicates the type of token that was assigned to the new process in accordance with User Account Control policy.\r\n\r\nType 1 is a full token with no privileges removed or groups disabled.  A full token is only used if User Account Control is disabled or if the user is the built-in Administrator account or a service account.\r\n\r\nType 2 is an elevated token with no privileges removed or groups disabled.  An elevated token is used when User Account Control is enabled and the user chooses to start the program using Run as administrator.  An elevated token is also used when an application is configured to always require administrative privilege or to always require maximum privilege, and the user is a member of the Administrators group.\r\n\r\nType 3 is a limited token with administrative privileges removed and administrative groups disabled.  The limited token is used when User Account Control is enabled, the application does not require administrative privilege, and the user does not choose to start the program using Run as administrator.\"",
          "version": "2",
          "systemTime": "2026-05-26T10:38:20.3344229Z",
          "eventRecordID": "975510",
          "threadID": "1768",
          "computer": "vm-miniservices.arzw.local",
          "task": "13312",
          "processID": "4",
          "severityValue": "AUDIT_SUCCESS",
          "providerName": "Microsoft-Windows-Security-Auditing"
        }
      }
    },
    "rule": {
      "firedtimes": 52,
      "mail": false,
      "level": 3,
      "description": "A process was created.",
      "groups": [
        "windows",
        " WEF"
      ],
      "id": "67027"
    },
    "location": "EventChannel",
    "decoder": {
      "name": "windows_eventchannel"
    },
    "id": "1779791901.22248882",
    "timestamp": "2026-05-26T10:38:21.341+0000"
  },
  {
    "input": {
      "type": "log"
    },
    "agent": {
      "ip": "172.21.5.96",
      "name": "vm-miniservices",
      "id": "113"
    },
    "manager": {
      "name": "wazuh.manager"
    },
    "data": {
      "win": {
        "eventdata": {
          "subjectLogonId": "0x3e4",
          "parentProcessName": "C:\\\\Windows\\\\System32\\\\gpupdate.exe",
          "subjectDomainName": "ARZW",
          "tokenElevationType": "%%1936",
          "newProcessId": "0x1e04",
          "mandatoryLabel": "S-1-16-16384",
          "newProcessName": "C:\\\\Windows\\\\System32\\\\conhost.exe",
          "targetLogonId": "0x0",
          "subjectUserSid": "S-1-5-20",
          "processId": "0x2b54",
          "commandLine": "\\\\??\\\\C:\\\\WINDOWS\\\\system32\\\\conhost.exe 0xffffffff -ForceV1",
          "targetUserSid": "S-1-0-0",
          "subjectUserName": "VM-MINISERVICES$"
        },
        "system": {
          "eventID": "4688",
          "keywords": "0x8020000000000000",
          "providerGuid": "{54849625-5478-4994-a5ba-3e3b0328c30d}",
          "level": "0",
          "channel": "Security",
          "opcode": "0",
          "message": "\"A new process has been created.\r\n\r\nCreator Subject:\r\n\tSecurity ID:\t\tS-1-5-20\r\n\tAccount Name:\t\tVM-MINISERVICES$\r\n\tAccount Domain:\t\tARZW\r\n\tLogon ID:\t\t0x3E4\r\n\r\nTarget Subject:\r\n\tSecurity ID:\t\tS-1-0-0\r\n\tAccount Name:\t\t-\r\n\tAccount Domain:\t\t-\r\n\tLogon ID:\t\t0x0\r\n\r\nProcess Information:\r\n\tNew Process ID:\t\t0x1e04\r\n\tNew Process Name:\tC:\\Windows\\System32\\conhost.exe\r\n\tToken Elevation Type:\tTokenElevationTypeDefault (1)\r\n\tMandatory Label:\t\tS-1-16-16384\r\n\tCreator Process ID:\t0x2b54\r\n\tCreator Process Name:\tC:\\Windows\\System32\\gpupdate.exe\r\n\tProcess Command Line:\t\\??\\C:\\WINDOWS\\system32\\conhost.exe 0xffffffff -ForceV1\r\n\r\nToken Elevation Type indicates the type of token that was assigned to the new process in accordance with User Account Control policy.\r\n\r\nType 1 is a full token with no privileges removed or groups disabled.  A full token is only used if User Account Control is disabled or if the user is the built-in Administrator account or a service account.\r\n\r\nType 2 is an elevated token with no privileges removed or groups disabled.  An elevated token is used when User Account Control is enabled and the user chooses to start the program using Run as administrator.  An elevated token is also used when an application is configured to always require administrative privilege or to always require maximum privilege, and the user is a member of the Administrators group.\r\n\r\nType 3 is a limited token with administrative privileges removed and administrative groups disabled.  The limited token is used when User Account Control is enabled, the application does not require administrative privilege, and the user does not choose to start the program using Run as administrator.\"",
          "version": "2",
          "systemTime": "2026-05-26T10:35:40.4653515Z",
          "eventRecordID": "975509",
          "threadID": "13272",
          "computer": "vm-miniservices.arzw.local",
          "task": "13312",
          "processID": "4",
          "severityValue": "AUDIT_SUCCESS",
          "providerName": "Microsoft-Windows-Security-Auditing"
        }
      }
    },
    "rule": {
      "firedtimes": 51,
      "mail": false,
      "level": 3,
      "description": "A process was created.",
      "groups": [
        "windows",
        " WEF"
      ],
      "id": "67027"
    },
    "location": "EventChannel",
    "decoder": {
      "name": "windows_eventchannel"
    },
    "id": "1779791741.22213198",
    "timestamp": "2026-05-26T10:35:41.498+0000"
  },
  {
    "input": {
      "type": "log"
    },
    "agent": {
      "ip": "172.21.5.96",
      "name": "vm-miniservices",
      "id": "113"
    },
    "manager": {
      "name": "wazuh.manager"
    },
    "data": {
      "win": {
        "eventdata": {
          "subjectLogonId": "0x3e7",
          "parentProcessName": "C:\\\\Windows\\\\System32\\\\svchost.exe",
          "subjectDomainName": "ARZW",
          "tokenElevationType": "%%1936",
          "newProcessId": "0x2b54",
          "mandatoryLabel": "S-1-16-16384",
          "newProcessName": "C:\\\\Windows\\\\System32\\\\gpupdate.exe",
          "targetLogonId": "0x3e4",
          "targetUserName": "VM-MINISERVICES$",
          "subjectUserSid": "S-1-5-18",
          "processId": "0x724",
          "targetDomainName": "ARZW",
          "commandLine": "\\\"gpupdate.exe\\\" /target:user",
          "targetUserSid": "S-1-0-0",
          "subjectUserName": "VM-MINISERVICES$"
        },
        "system": {
          "eventID": "4688",
          "keywords": "0x8020000000000000",
          "providerGuid": "{54849625-5478-4994-a5ba-3e3b0328c30d}",
          "level": "0",
          "channel": "Security",
          "opcode": "0",
          "message": "\"A new process has been created.\r\n\r\nCreator Subject:\r\n\tSecurity ID:\t\tS-1-5-18\r\n\tAccount Name:\t\tVM-MINISERVICES$\r\n\tAccount Domain:\t\tARZW\r\n\tLogon ID:\t\t0x3E7\r\n\r\nTarget Subject:\r\n\tSecurity ID:\t\tS-1-0-0\r\n\tAccount Name:\t\tVM-MINISERVICES$\r\n\tAccount Domain:\t\tARZW\r\n\tLogon ID:\t\t0x3E4\r\n\r\nProcess Information:\r\n\tNew Process ID:\t\t0x2b54\r\n\tNew Process Name:\tC:\\Windows\\System32\\gpupdate.exe\r\n\tToken Elevation Type:\tTokenElevationTypeDefault (1)\r\n\tMandatory Label:\t\tS-1-16-16384\r\n\tCreator Process ID:\t0x724\r\n\tCreator Process Name:\tC:\\Windows\\System32\\svchost.exe\r\n\tProcess Command Line:\t\"gpupdate.exe\" /target:user\r\n\r\nToken Elevation Type indicates the type of token that was assigned to the new process in accordance with User Account Control policy.\r\n\r\nType 1 is a full token with no privileges removed or groups disabled.  A full token is only used if User Account Control is disabled or if the user is the built-in Administrator account or a service account.\r\n\r\nType 2 is an elevated token with no privileges removed or groups disabled.  An elevated token is used when User Account Control is enabled and the user chooses to start the program using Run as administrator.  An elevated token is also used when an application is configured to always require administrative privilege or to always require maximum privilege, and the user is a member of the Administrators group.\r\n\r\nType 3 is a limited token with administrative privileges removed and administrative groups disabled.  The limited token is used when User Account Control is enabled, the application does not require administrative privilege, and the user does not choose to start the program using Run as administrator.\"",
          "version": "2",
          "systemTime": "2026-05-26T10:35:40.4597661Z",
          "eventRecordID": "975508",
          "threadID": "8368",
          "computer": "vm-miniservices.arzw.local",
          "task": "13312",
          "processID": "4",
          "severityValue": "AUDIT_SUCCESS",
          "providerName": "Microsoft-Windows-Security-Auditing"
        }
      }
    },
    "rule": {
      "firedtimes": 50,
      "mail": false,
      "level": 3,
      "description": "A process was created.",
      "groups": [
        "windows",
        " WEF"
      ],
      "id": "67027"
    },
    "location": "EventChannel",
    "decoder": {
      "name": "windows_eventchannel"
    },
    "id": "1779791741.22207425",
    "timestamp": "2026-05-26T10:35:41.465+0000"
  },
  {
    "input": {
      "type": "log"
    },
    "agent": {
      "ip": "172.21.5.96",
      "name": "vm-miniservices",
      "id": "113"
    },
    "manager": {
      "name": "wazuh.manager"
    },
    "data": {
      "win": {
        "eventdata": {
          "subjectLogonId": "0x3e7",
          "parentProcessName": "C:\\\\Windows\\\\System32\\\\services.exe",
          "subjectDomainName": "ARZW",
          "tokenElevationType": "%%1936",
          "newProcessId": "0x17ac",
          "mandatoryLabel": "S-1-16-16384",
          "newProcessName": "C:\\\\Windows\\\\System32\\\\wbem\\\\WmiApSrv.exe",
          "targetLogonId": "0x0",
          "subjectUserSid": "S-1-5-18",
          "processId": "0x3f0",
          "commandLine": "C:\\\\WINDOWS\\\\system32\\\\wbem\\\\WmiApSrv.exe",
          "targetUserSid": "S-1-0-0",
          "subjectUserName": "VM-MINISERVICES$"
        },
        "system": {
          "eventID": "4688",
          "keywords": "0x8020000000000000",
          "providerGuid": "{54849625-5478-4994-a5ba-3e3b0328c30d}",
          "level": "0",
          "channel": "Security",
          "opcode": "0",
          "message": "\"A new process has been created.\r\n\r\nCreator Subject:\r\n\tSecurity ID:\t\tS-1-5-18\r\n\tAccount Name:\t\tVM-MINISERVICES$\r\n\tAccount Domain:\t\tARZW\r\n\tLogon ID:\t\t0x3E7\r\n\r\nTarget Subject:\r\n\tSecurity ID:\t\tS-1-0-0\r\n\tAccount Name:\t\t-\r\n\tAccount Domain:\t\t-\r\n\tLogon ID:\t\t0x0\r\n\r\nProcess Information:\r\n\tNew Process ID:\t\t0x17ac\r\n\tNew Process Name:\tC:\\Windows\\System32\\wbem\\WmiApSrv.exe\r\n\tToken Elevation Type:\tTokenElevationTypeDefault (1)\r\n\tMandatory Label:\t\tS-1-16-16384\r\n\tCreator Process ID:\t0x3f0\r\n\tCreator Process Name:\tC:\\Windows\\System32\\services.exe\r\n\tProcess Command Line:\tC:\\WINDOWS\\system32\\wbem\\WmiApSrv.exe\r\n\r\nToken Elevation Type indicates the type of token that was assigned to the new process in accordance with User Account Control policy.\r\n\r\nType 1 is a full token with no privileges removed or groups disabled.  A full token is only used if User Account Control is disabled or if the user is the built-in Administrator account or a service account.\r\n\r\nType 2 is an elevated token with no privileges removed or groups disabled.  An elevated token is used when User Account Control is enabled and the user chooses to start the program using Run as administrator.  An elevated token is also used when an application is configured to always require administrative privilege or to always require maximum privilege, and the user is a member of the Administrators group.\r\n\r\nType 3 is a limited token with administrative privileges removed and administrative groups disabled.  The limited token is used when User Account Control is enabled, the application does not require administrative privilege, and the user does not choose to start the program using Run as administrator.\"",
          "version": "2",
          "systemTime": "2026-05-26T10:34:54.2673552Z",
          "eventRecordID": "975507",
          "threadID": "12164",
          "computer": "vm-miniservices.arzw.local",
          "task": "13312",
          "processID": "4",
          "severityValue": "AUDIT_SUCCESS",
          "providerName": "Microsoft-Windows-Security-Auditing"
        }
      }
    },
    "rule": {
      "firedtimes": 49,
      "mail": false,
      "level": 3,
      "description": "A process was created.",
      "groups": [
        "windows",
        " WEF"
      ],
      "id": "67027"
    },
    "location": "EventChannel",
    "decoder": {
      "name": "windows_eventchannel"
    },
    "id": "1779791695.22180057",
    "timestamp": "2026-05-26T10:34:55.234+0000"
  },
  {
    "input": {
      "type": "log"
    },
    "agent": {
      "ip": "172.21.5.96",
      "name": "vm-miniservices",
      "id": "113"
    },
    "manager": {
      "name": "wazuh.manager"
    },
    "data": {
      "win": {
        "eventdata": {
          "subjectLogonId": "0x3e7",
          "parentProcessName": "C:\\\\Windows\\\\System32\\\\services.exe",
          "subjectDomainName": "ARZW",
          "tokenElevationType": "%%1936",
          "newProcessId": "0x128c",
          "mandatoryLabel": "S-1-16-16384",
          "newProcessName": "C:\\\\Windows\\\\System32\\\\svchost.exe",
          "targetLogonId": "0x0",
          "subjectUserSid": "S-1-5-18",
          "processId": "0x3f0",
          "commandLine": "C:\\\\WINDOWS\\\\System32\\\\svchost.exe -k netsvcs -p -s BITS",
          "targetUserSid": "S-1-0-0",
          "subjectUserName": "VM-MINISERVICES$"
        },
        "system": {
          "eventID": "4688",
          "keywords": "0x8020000000000000",
          "providerGuid": "{54849625-5478-4994-a5ba-3e3b0328c30d}",
          "level": "0",
          "channel": "Security",
          "opcode": "0",
          "message": "\"A new process has been created.\r\n\r\nCreator Subject:\r\n\tSecurity ID:\t\tS-1-5-18\r\n\tAccount Name:\t\tVM-MINISERVICES$\r\n\tAccount Domain:\t\tARZW\r\n\tLogon ID:\t\t0x3E7\r\n\r\nTarget Subject:\r\n\tSecurity ID:\t\tS-1-0-0\r\n\tAccount Name:\t\t-\r\n\tAccount Domain:\t\t-\r\n\tLogon ID:\t\t0x0\r\n\r\nProcess Information:\r\n\tNew Process ID:\t\t0x128c\r\n\tNew Process Name:\tC:\\Windows\\System32\\svchost.exe\r\n\tToken Elevation Type:\tTokenElevationTypeDefault (1)\r\n\tMandatory Label:\t\tS-1-16-16384\r\n\tCreator Process ID:\t0x3f0\r\n\tCreator Process Name:\tC:\\Windows\\System32\\services.exe\r\n\tProcess Command Line:\tC:\\WINDOWS\\System32\\svchost.exe -k netsvcs -p -s BITS\r\n\r\nToken Elevation Type indicates the type of token that was assigned to the new process in accordance with User Account Control policy.\r\n\r\nType 1 is a full token with no privileges removed or groups disabled.  A full token is only used if User Account Control is disabled or if the user is the built-in Administrator account or a service account.\r\n\r\nType 2 is an elevated token with no privileges removed or groups disabled.  An elevated token is used when User Account Control is enabled and the user chooses to start the program using Run as administrator.  An elevated token is also used when an application is configured to always require administrative privilege or to always require maximum privilege, and the user is a member of the Administrators group.\r\n\r\nType 3 is a limited token with administrative privileges removed and administrative groups disabled.  The limited token is used when User Account Control is enabled, the application does not require administrative privilege, and the user does not choose to start the program using Run as administrator.\"",
          "version": "2",
          "systemTime": "2026-05-26T10:34:50.0888772Z",
          "eventRecordID": "975502",
          "threadID": "12164",
          "computer": "vm-miniservices.arzw.local",
          "task": "13312",
          "processID": "4",
          "severityValue": "AUDIT_SUCCESS",
          "providerName": "Microsoft-Windows-Security-Auditing"
        }
      }
    },
    "rule": {
      "firedtimes": 48,
      "mail": false,
      "level": 3,
      "description": "A process was created.",
      "groups": [
        "windows",
        " WEF"
      ],
      "id": "67027"
    },
    "location": "EventChannel",
    "decoder": {
      "name": "windows_eventchannel"
    },
    "id": "1779791691.22172737",
    "timestamp": "2026-05-26T10:34:51.114+0000"
  },
  {
    "input": {
      "type": "log"
    },
    "agent": {
      "ip": "172.21.5.96",
      "name": "vm-miniservices",
      "id": "113"
    },
    "manager": {
      "name": "wazuh.manager"
    },
    "data": {
      "win": {
        "eventdata": {
          "param3": "auto start",
          "param4": "BITS",
          "param1": "Background Intelligent Transfer Service",
          "param2": "demand start"
        },
        "system": {
          "eventID": "7040",
          "eventSourceName": "Service Control Manager",
          "keywords": "0x8080000000000000",
          "providerGuid": "{555908d1-a6d7-4695-8e1e-26931d2012f4}",
          "level": "4",
          "channel": "System",
          "opcode": "0",
          "message": "\"The start type of the Background Intelligent Transfer Service service was changed from demand start to auto start.\"",
          "version": "0",
          "systemTime": "2026-05-26T10:34:50.1168578Z",
          "eventRecordID": "79156",
          "threadID": "2932",
          "computer": "vm-miniservices.arzw.local",
          "task": "0",
          "processID": "1008",
          "severityValue": "INFORMATION",
          "providerName": "Service Control Manager"
        }
      }
    },
    "rule": {
      "firedtimes": 13,
      "mail": false,
      "level": 3,
      "pci_dss": [
        "10.6"
      ],
      "hipaa": [
        "164.312.b"
      ],
      "tsc": [
        "CC6.1",
        "CC6.8",
        "CC7.2",
        "CC7.3"
      ],
      "description": "Service startup type was changed",
      "groups": [
        "windows",
        "windows_system",
        "policy_changed"
      ],
      "id": "61104",
      "nist_800_53": [
        "AU.6"
      ],
      "info": "This does not appear to be logged on Windows 2000",
      "gdpr": [
        "IV_35.7.d"
      ]
    },
    "location": "EventChannel",
    "decoder": {
      "name": "windows_eventchannel"
    },
    "id": "1779791690.22170878",
    "timestamp": "2026-05-26T10:34:50.800+0000"
  },
  {
    "input": {
      "type": "log"
    },
    "agent": {
      "ip": "172.21.5.96",
      "name": "vm-miniservices",
      "id": "113"
    },
    "manager": {
      "name": "wazuh.manager"
    },
    "data": {
      "win": {
        "eventdata": {
          "subjectLogonId": "0x3e7",
          "parentProcessName": "C:\\\\Windows\\\\System32\\\\sdbinst.exe",
          "subjectDomainName": "ARZW",
          "tokenElevationType": "%%1936",
          "newProcessId": "0x2e84",
          "mandatoryLabel": "S-1-16-16384",
          "newProcessName": "C:\\\\Windows\\\\System32\\\\conhost.exe",
          "targetLogonId": "0x0",
          "subjectUserSid": "S-1-5-18",
          "processId": "0x1fac",
          "commandLine": "\\\\??\\\\C:\\\\WINDOWS\\\\system32\\\\conhost.exe 0xffffffff -ForceV1",
          "targetUserSid": "S-1-0-0",
          "subjectUserName": "VM-MINISERVICES$"
        },
        "system": {
          "eventID": "4688",
          "keywords": "0x8020000000000000",
          "providerGuid": "{54849625-5478-4994-a5ba-3e3b0328c30d}",
          "level": "0",
          "channel": "Security",
          "opcode": "0",
          "message": "\"A new process has been created.\r\n\r\nCreator Subject:\r\n\tSecurity ID:\t\tS-1-5-18\r\n\tAccount Name:\t\tVM-MINISERVICES$\r\n\tAccount Domain:\t\tARZW\r\n\tLogon ID:\t\t0x3E7\r\n\r\nTarget Subject:\r\n\tSecurity ID:\t\tS-1-0-0\r\n\tAccount Name:\t\t-\r\n\tAccount Domain:\t\t-\r\n\tLogon ID:\t\t0x0\r\n\r\nProcess Information:\r\n\tNew Process ID:\t\t0x2e84\r\n\tNew Process Name:\tC:\\Windows\\System32\\conhost.exe\r\n\tToken Elevation Type:\tTokenElevationTypeDefault (1)\r\n\tMandatory Label:\t\tS-1-16-16384\r\n\tCreator Process ID:\t0x1fac\r\n\tCreator Process Name:\tC:\\Windows\\System32\\sdbinst.exe\r\n\tProcess Command Line:\t\\??\\C:\\WINDOWS\\system32\\conhost.exe 0xffffffff -ForceV1\r\n\r\nToken Elevation Type indicates the type of token that was assigned to the new process in accordance with User Account Control policy.\r\n\r\nType 1 is a full token with no privileges removed or groups disabled.  A full token is only used if User Account Control is disabled or if the user is the built-in Administrator account or a service account.\r\n\r\nType 2 is an elevated token with no privileges removed or groups disabled.  An elevated token is used when User Account Control is enabled and the user chooses to start the program using Run as administrator.  An elevated token is also used when an application is configured to always require administrative privilege or to always require maximum privilege, and the user is a member of the Administrators group.\r\n\r\nType 3 is a limited token with administrative privileges removed and administrative groups disabled.  The limited token is used when User Account Control is enabled, the application does not require administrative privilege, and the user does not choose to start the program using Run as administrator.\"",
          "version": "2",
          "systemTime": "2026-05-26T10:30:40.3703139Z",
          "eventRecordID": "975499",
          "threadID": "340",
          "computer": "vm-miniservices.arzw.local",
          "task": "13312",
          "processID": "4",
          "severityValue": "AUDIT_SUCCESS",
          "providerName": "Microsoft-Windows-Security-Auditing"
        }
      }
    },
    "rule": {
      "firedtimes": 47,
      "mail": false,
      "level": 3,
      "description": "A process was created.",
      "groups": [
        "windows",
        " WEF"
      ],
      "id": "67027"
    },
    "location": "EventChannel",
    "decoder": {
      "name": "windows_eventchannel"
    },
    "id": "1779791441.22153540",
    "timestamp": "2026-05-26T10:30:41.321+0000"
  },
